[2026-03-23T08:27:30.609+0000] {local_task_job_runner.py:120} INFO - ::group::Pre task execution logs
[2026-03-23T08:27:30.629+0000] {taskinstance.py:2073} INFO - Dependencies all met for dep_context=non-requeueable deps ti=<TaskInstance: football_medallion_pipeline.run_silver_transformation manual__2026-03-23T08:13:48.463703+00:00 [queued]>
[2026-03-23T08:27:30.636+0000] {taskinstance.py:2073} INFO - Dependencies all met for dep_context=requeueable deps ti=<TaskInstance: football_medallion_pipeline.run_silver_transformation manual__2026-03-23T08:13:48.463703+00:00 [queued]>
[2026-03-23T08:27:30.637+0000] {taskinstance.py:2303} INFO - Starting attempt 1 of 2
[2026-03-23T08:27:30.680+0000] {taskinstance.py:2327} INFO - Executing <Task(BashOperator): run_silver_transformation> on 2026-03-23 08:13:48.463703+00:00
[2026-03-23T08:27:30.686+0000] {warnings.py:110} WARNING - /home/***/.local/lib/python3.12/site-packages/***/task/task_runner/standard_task_runner.py:61: DeprecationWarning: This process (pid=1087) is multi-threaded, use of fork() may lead to deadlocks in the child.
  pid = os.fork()

[2026-03-23T08:27:30.687+0000] {standard_task_runner.py:63} INFO - Started process 1089 to run task
[2026-03-23T08:27:30.687+0000] {standard_task_runner.py:90} INFO - Running: ['***', 'tasks', 'run', 'football_medallion_pipeline', 'run_silver_transformation', 'manual__2026-03-23T08:13:48.463703+00:00', '--job-id', '15', '--raw', '--subdir', 'DAGS_FOLDER/football_master_dag.py', '--cfg-path', '/tmp/tmpfv1tzcml']
[2026-03-23T08:27:30.690+0000] {standard_task_runner.py:91} INFO - Job 15: Subtask run_silver_transformation
[2026-03-23T08:27:30.753+0000] {task_command.py:426} INFO - Running <TaskInstance: football_medallion_pipeline.run_silver_transformation manual__2026-03-23T08:13:48.463703+00:00 [running]> on host 96c1c57b3a15
[2026-03-23T08:27:30.879+0000] {taskinstance.py:2644} INFO - Exporting env vars: AIRFLOW_CTX_DAG_OWNER='data_engineer' AIRFLOW_CTX_DAG_ID='football_medallion_pipeline' AIRFLOW_CTX_TASK_ID='run_silver_transformation' AIRFLOW_CTX_EXECUTION_DATE='2026-03-23T08:13:48.463703+00:00' AIRFLOW_CTX_TRY_NUMBER='1' AIRFLOW_CTX_DAG_RUN_ID='manual__2026-03-23T08:13:48.463703+00:00'
[2026-03-23T08:27:30.881+0000] {taskinstance.py:430} INFO - ::endgroup::
[2026-03-23T08:27:30.882+0000] {subprocess.py:63} INFO - Tmp dir root location: /tmp
[2026-03-23T08:27:30.883+0000] {subprocess.py:75} INFO - Running command: ['/usr/bin/bash', '-c', 'python /opt/***/dags/silver_pipeline.py ']
[2026-03-23T08:27:30.893+0000] {subprocess.py:86} INFO - Output:
[2026-03-23T08:27:32.760+0000] {subprocess.py:93} INFO - :: loading settings :: url = jar:file:/home/***/.local/lib/python3.12/site-packages/pyspark/jars/ivy-2.5.1.jar!/org/apache/ivy/core/settings/ivysettings.xml
[2026-03-23T08:27:32.831+0000] {subprocess.py:93} INFO - Ivy Default Cache set to: /root/.ivy2/cache
[2026-03-23T08:27:32.832+0000] {subprocess.py:93} INFO - The jars for the packages stored in: /root/.ivy2/jars
[2026-03-23T08:27:32.835+0000] {subprocess.py:93} INFO - io.delta#delta-spark_2.12 added as a dependency
[2026-03-23T08:27:32.836+0000] {subprocess.py:93} INFO - :: resolving dependencies :: org.apache.spark#spark-submit-parent-21ccba85-c48c-4460-bffa-49be3ebd7d1b;1.0
[2026-03-23T08:27:32.837+0000] {subprocess.py:93} INFO - 	confs: [default]
[2026-03-23T08:27:33.413+0000] {subprocess.py:93} INFO - 	found io.delta#delta-spark_2.12;3.1.0 in central
[2026-03-23T08:27:33.582+0000] {subprocess.py:93} INFO - 	found io.delta#delta-storage;3.1.0 in central
[2026-03-23T08:27:34.807+0000] {subprocess.py:93} INFO - 	found org.antlr#antlr4-runtime;4.9.3 in central
[2026-03-23T08:27:34.848+0000] {subprocess.py:93} INFO - downloading https://repo1.maven.org/maven2/io/delta/delta-spark_2.12/3.1.0/delta-spark_2.12-3.1.0.jar ...
[2026-03-23T08:27:35.134+0000] {subprocess.py:93} INFO - 	[SUCCESSFUL ] io.delta#delta-spark_2.12;3.1.0!delta-spark_2.12.jar (319ms)
[2026-03-23T08:27:35.184+0000] {subprocess.py:93} INFO - downloading https://repo1.maven.org/maven2/io/delta/delta-storage/3.1.0/delta-storage-3.1.0.jar ...
[2026-03-23T08:27:35.228+0000] {subprocess.py:93} INFO - 	[SUCCESSFUL ] io.delta#delta-storage;3.1.0!delta-storage.jar (90ms)
[2026-03-23T08:27:35.271+0000] {subprocess.py:93} INFO - downloading https://repo1.maven.org/maven2/org/antlr/antlr4-runtime/4.9.3/antlr4-runtime-4.9.3.jar ...
[2026-03-23T08:27:35.333+0000] {subprocess.py:93} INFO - 	[SUCCESSFUL ] org.antlr#antlr4-runtime;4.9.3!antlr4-runtime.jar (93ms)
[2026-03-23T08:27:35.334+0000] {subprocess.py:93} INFO - :: resolution report :: resolve 1977ms :: artifacts dl 520ms
[2026-03-23T08:27:35.335+0000] {subprocess.py:93} INFO - 	:: modules in use:
[2026-03-23T08:27:35.336+0000] {subprocess.py:93} INFO - 	io.delta#delta-spark_2.12;3.1.0 from central in [default]
[2026-03-23T08:27:35.337+0000] {subprocess.py:93} INFO - 	io.delta#delta-storage;3.1.0 from central in [default]
[2026-03-23T08:27:35.338+0000] {subprocess.py:93} INFO - 	org.antlr#antlr4-runtime;4.9.3 from central in [default]
[2026-03-23T08:27:35.338+0000] {subprocess.py:93} INFO - 	---------------------------------------------------------------------
[2026-03-23T08:27:35.339+0000] {subprocess.py:93} INFO - 	|                  |            modules            ||   artifacts   |
[2026-03-23T08:27:35.340+0000] {subprocess.py:93} INFO - 	|       conf       | number| search|dwnlded|evicted|| number|dwnlded|
[2026-03-23T08:27:35.341+0000] {subprocess.py:93} INFO - 	---------------------------------------------------------------------
[2026-03-23T08:27:35.342+0000] {subprocess.py:93} INFO - 	|      default     |   3   |   3   |   3   |   0   ||   3   |   3   |
[2026-03-23T08:27:35.343+0000] {subprocess.py:93} INFO - 	---------------------------------------------------------------------
[2026-03-23T08:27:35.343+0000] {subprocess.py:93} INFO - :: retrieving :: org.apache.spark#spark-submit-parent-21ccba85-c48c-4460-bffa-49be3ebd7d1b
[2026-03-23T08:27:35.344+0000] {subprocess.py:93} INFO - 	confs: [default]
[2026-03-23T08:27:35.353+0000] {subprocess.py:93} INFO - 	3 artifacts copied, 0 already retrieved (5727kB/14ms)
[2026-03-23T08:27:35.519+0000] {subprocess.py:93} INFO - 26/03/23 08:27:35 WARN NativeCodeLoader: Unable to load native-hadoop library for your platform... using builtin-java classes where applicable
[2026-03-23T08:27:35.751+0000] {subprocess.py:93} INFO - Setting default log level to "WARN".
[2026-03-23T08:27:35.752+0000] {subprocess.py:93} INFO - To adjust logging level use sc.setLogLevel(newLevel). For SparkR, use setLogLevel(newLevel).
[2026-03-23T08:27:38.798+0000] {subprocess.py:93} INFO - Spark Session Started.
[2026-03-23T08:27:38.799+0000] {subprocess.py:93} INFO - Reading from: data_lake/bronze/league/
[2026-03-23T08:27:38.799+0000] {subprocess.py:93} INFO - Error occurred: [PATH_NOT_FOUND] Path does not exist: file:/tmp/***tmpimvk3g97/data_lake/bronze/league.
[2026-03-23T08:27:38.800+0000] {subprocess.py:93} INFO - Spark Session Closed.
[2026-03-23T08:27:39.212+0000] {subprocess.py:97} INFO - Command exited with return code 0
[2026-03-23T08:27:39.213+0000] {taskinstance.py:441} INFO - ::group::Post task execution logs
[2026-03-23T08:27:39.317+0000] {taskinstance.py:1205} INFO - Marking task as SUCCESS. dag_id=football_medallion_pipeline, task_id=run_silver_transformation, execution_date=20260323T081348, start_date=20260323T082730, end_date=20260323T082739
[2026-03-23T08:27:39.389+0000] {local_task_job_runner.py:240} INFO - Task exited with return code 0
[2026-03-23T08:27:39.436+0000] {taskinstance.py:3482} INFO - 0 downstream tasks scheduled from follow-on schedule check
[2026-03-23T08:27:39.468+0000] {local_task_job_runner.py:222} INFO - ::endgroup::
