[2026-03-23T07:08:47.316+0000] {local_task_job_runner.py:120} INFO - ::group::Pre task execution logs
[2026-03-23T07:08:47.334+0000] {taskinstance.py:2073} INFO - Dependencies all met for dep_context=non-requeueable deps ti=<TaskInstance: football_medallion_pipeline.run_bronze_scraper manual__2026-03-23T07:08:43.090237+00:00 [queued]>
[2026-03-23T07:08:47.341+0000] {taskinstance.py:2073} INFO - Dependencies all met for dep_context=requeueable deps ti=<TaskInstance: football_medallion_pipeline.run_bronze_scraper manual__2026-03-23T07:08:43.090237+00:00 [queued]>
[2026-03-23T07:08:47.341+0000] {taskinstance.py:2303} INFO - Starting attempt 1 of 2
[2026-03-23T07:08:47.384+0000] {taskinstance.py:2327} INFO - Executing <Task(BashOperator): run_bronze_scraper> on 2026-03-23 07:08:43.090237+00:00
[2026-03-23T07:08:47.389+0000] {warnings.py:110} WARNING - /home/***/.local/lib/python3.12/site-packages/***/task/task_runner/standard_task_runner.py:61: DeprecationWarning: This process (pid=132) is multi-threaded, use of fork() may lead to deadlocks in the child.
  pid = os.fork()

[2026-03-23T07:08:47.391+0000] {standard_task_runner.py:63} INFO - Started process 134 to run task
[2026-03-23T07:08:47.391+0000] {standard_task_runner.py:90} INFO - Running: ['***', 'tasks', 'run', 'football_medallion_pipeline', 'run_bronze_scraper', 'manual__2026-03-23T07:08:43.090237+00:00', '--job-id', '7', '--raw', '--subdir', 'DAGS_FOLDER/football_master_dag.py', '--cfg-path', '/tmp/tmpqyg6xkra']
[2026-03-23T07:08:47.393+0000] {standard_task_runner.py:91} INFO - Job 7: Subtask run_bronze_scraper
[2026-03-23T07:08:47.466+0000] {task_command.py:426} INFO - Running <TaskInstance: football_medallion_pipeline.run_bronze_scraper manual__2026-03-23T07:08:43.090237+00:00 [running]> on host a662f91437e8
[2026-03-23T07:08:47.591+0000] {taskinstance.py:2644} INFO - Exporting env vars: AIRFLOW_CTX_DAG_OWNER='data_engineer' AIRFLOW_CTX_DAG_ID='football_medallion_pipeline' AIRFLOW_CTX_TASK_ID='run_bronze_scraper' AIRFLOW_CTX_EXECUTION_DATE='2026-03-23T07:08:43.090237+00:00' AIRFLOW_CTX_TRY_NUMBER='1' AIRFLOW_CTX_DAG_RUN_ID='manual__2026-03-23T07:08:43.090237+00:00'
[2026-03-23T07:08:47.593+0000] {taskinstance.py:430} INFO - ::endgroup::
[2026-03-23T07:08:47.594+0000] {subprocess.py:63} INFO - Tmp dir root location: /tmp
[2026-03-23T07:08:47.595+0000] {subprocess.py:75} INFO - Running command: ['/usr/bin/bash', '-c', 'python /opt/***/dags/bronze_scraper.py ']
[2026-03-23T07:08:47.604+0000] {subprocess.py:86} INFO - Output:
[2026-03-23T07:08:47.638+0000] {subprocess.py:93} INFO - Traceback (most recent call last):
[2026-03-23T07:08:47.638+0000] {subprocess.py:93} INFO -   File "/opt/***/dags/bronze_scraper.py", line 1, in <module>
[2026-03-23T07:08:47.639+0000] {subprocess.py:93} INFO -     from selenium import webdriver
[2026-03-23T07:08:47.640+0000] {subprocess.py:93} INFO - ModuleNotFoundError: No module named 'selenium'
[2026-03-23T07:08:47.642+0000] {subprocess.py:97} INFO - Command exited with return code 1
[2026-03-23T07:08:47.642+0000] {taskinstance.py:441} INFO - ::group::Post task execution logs
[2026-03-23T07:08:47.652+0000] {taskinstance.py:2890} ERROR - Task failed with exception
Traceback (most recent call last):
  File "/home/airflow/.local/lib/python3.12/site-packages/airflow/models/taskinstance.py", line 465, in _execute_task
    result = _execute_callable(context=context, **execute_callable_kwargs)
             ^^^^^^^^^^^^^^^^^^^^^^^^^^^^^^^^^^^^^^^^^^^^^^^^^^^^^^^^^^^^^
  File "/home/airflow/.local/lib/python3.12/site-packages/airflow/models/taskinstance.py", line 432, in _execute_callable
    return execute_callable(context=context, **execute_callable_kwargs)
           ^^^^^^^^^^^^^^^^^^^^^^^^^^^^^^^^^^^^^^^^^^^^^^^^^^^^^^^^^^^^
  File "/home/airflow/.local/lib/python3.12/site-packages/airflow/models/baseoperator.py", line 400, in wrapper
    return func(self, *args, **kwargs)
           ^^^^^^^^^^^^^^^^^^^^^^^^^^^
  File "/home/airflow/.local/lib/python3.12/site-packages/airflow/operators/bash.py", line 243, in execute
    raise AirflowException(
airflow.exceptions.AirflowException: Bash command failed. The command returned a non-zero exit code 1.
[2026-03-23T07:08:47.656+0000] {taskinstance.py:1205} INFO - Marking task as UP_FOR_RETRY. dag_id=football_medallion_pipeline, task_id=run_bronze_scraper, execution_date=20260323T070843, start_date=20260323T070847, end_date=20260323T070847
[2026-03-23T07:08:47.692+0000] {standard_task_runner.py:110} ERROR - Failed to execute job 7 for task run_bronze_scraper (Bash command failed. The command returned a non-zero exit code 1.; 134)
[2026-03-23T07:08:47.725+0000] {local_task_job_runner.py:240} INFO - Task exited with return code 1
[2026-03-23T07:08:47.746+0000] {taskinstance.py:3482} INFO - 0 downstream tasks scheduled from follow-on schedule check
[2026-03-23T07:08:47.772+0000] {local_task_job_runner.py:222} INFO - ::endgroup::
