[2026-03-25T11:15:31.214+0000] {processor.py:161} INFO - Started process (PID=79) to work on /home/airflow/.local/lib/python3.12/site-packages/airflow/example_dags/example_latest_only_with_trigger.py
[2026-03-25T11:15:31.216+0000] {processor.py:830} INFO - Processing file /home/airflow/.local/lib/python3.12/site-packages/airflow/example_dags/example_latest_only_with_trigger.py for tasks to queue
[2026-03-25T11:15:31.218+0000] {logging_mixin.py:188} INFO - [2026-03-25T11:15:31.218+0000] {dagbag.py:540} INFO - Filling up the DagBag from /home/airflow/.local/lib/python3.12/site-packages/airflow/example_dags/example_latest_only_with_trigger.py
[2026-03-25T11:15:31.229+0000] {processor.py:840} INFO - DAG(s) 'latest_only_with_trigger' retrieved from /home/airflow/.local/lib/python3.12/site-packages/airflow/example_dags/example_latest_only_with_trigger.py
[2026-03-25T11:15:31.387+0000] {logging_mixin.py:188} INFO - [2026-03-25T11:15:31.387+0000] {dag.py:3096} INFO - Sync 1 DAGs
[2026-03-25T11:15:31.411+0000] {logging_mixin.py:188} INFO - [2026-03-25T11:15:31.411+0000] {dag.py:3954} INFO - Setting next_dagrun for latest_only_with_trigger to 2026-03-25 04:00:00+00:00, run_after=2026-03-25 08:00:00+00:00
[2026-03-25T11:15:31.491+0000] {processor.py:183} INFO - Processing /home/airflow/.local/lib/python3.12/site-packages/airflow/example_dags/example_latest_only_with_trigger.py took 0.286 seconds
[2026-03-25T11:16:01.598+0000] {processor.py:161} INFO - Started process (PID=138) to work on /home/airflow/.local/lib/python3.12/site-packages/airflow/example_dags/example_latest_only_with_trigger.py
[2026-03-25T11:16:01.599+0000] {processor.py:830} INFO - Processing file /home/airflow/.local/lib/python3.12/site-packages/airflow/example_dags/example_latest_only_with_trigger.py for tasks to queue
[2026-03-25T11:16:01.601+0000] {logging_mixin.py:188} INFO - [2026-03-25T11:16:01.600+0000] {dagbag.py:540} INFO - Filling up the DagBag from /home/airflow/.local/lib/python3.12/site-packages/airflow/example_dags/example_latest_only_with_trigger.py
[2026-03-25T11:16:01.607+0000] {processor.py:840} INFO - DAG(s) 'latest_only_with_trigger' retrieved from /home/airflow/.local/lib/python3.12/site-packages/airflow/example_dags/example_latest_only_with_trigger.py
[2026-03-25T11:16:01.629+0000] {logging_mixin.py:188} INFO - [2026-03-25T11:16:01.629+0000] {dag.py:3096} INFO - Sync 1 DAGs
[2026-03-25T11:16:01.654+0000] {logging_mixin.py:188} INFO - [2026-03-25T11:16:01.654+0000] {dag.py:3954} INFO - Setting next_dagrun for latest_only_with_trigger to 2026-03-25 04:00:00+00:00, run_after=2026-03-25 08:00:00+00:00
[2026-03-25T11:16:01.732+0000] {processor.py:183} INFO - Processing /home/airflow/.local/lib/python3.12/site-packages/airflow/example_dags/example_latest_only_with_trigger.py took 0.140 seconds
[2026-03-25T11:16:34.845+0000] {processor.py:161} INFO - Started process (PID=197) to work on /home/airflow/.local/lib/python3.12/site-packages/airflow/example_dags/example_latest_only_with_trigger.py
[2026-03-25T11:16:34.847+0000] {processor.py:830} INFO - Processing file /home/airflow/.local/lib/python3.12/site-packages/airflow/example_dags/example_latest_only_with_trigger.py for tasks to queue
[2026-03-25T11:16:34.849+0000] {logging_mixin.py:188} INFO - [2026-03-25T11:16:34.849+0000] {dagbag.py:540} INFO - Filling up the DagBag from /home/airflow/.local/lib/python3.12/site-packages/airflow/example_dags/example_latest_only_with_trigger.py
[2026-03-25T11:16:34.863+0000] {processor.py:840} INFO - DAG(s) 'latest_only_with_trigger' retrieved from /home/airflow/.local/lib/python3.12/site-packages/airflow/example_dags/example_latest_only_with_trigger.py
[2026-03-25T11:16:34.907+0000] {logging_mixin.py:188} INFO - [2026-03-25T11:16:34.906+0000] {dag.py:3096} INFO - Sync 1 DAGs
[2026-03-25T11:16:34.956+0000] {logging_mixin.py:188} INFO - [2026-03-25T11:16:34.956+0000] {dag.py:3954} INFO - Setting next_dagrun for latest_only_with_trigger to 2026-03-25 04:00:00+00:00, run_after=2026-03-25 08:00:00+00:00
[2026-03-25T11:16:35.017+0000] {processor.py:183} INFO - Processing /home/airflow/.local/lib/python3.12/site-packages/airflow/example_dags/example_latest_only_with_trigger.py took 0.184 seconds
[2026-03-25T11:17:08.797+0000] {processor.py:161} INFO - Started process (PID=256) to work on /home/airflow/.local/lib/python3.12/site-packages/airflow/example_dags/example_latest_only_with_trigger.py
[2026-03-25T11:17:08.801+0000] {processor.py:830} INFO - Processing file /home/airflow/.local/lib/python3.12/site-packages/airflow/example_dags/example_latest_only_with_trigger.py for tasks to queue
[2026-03-25T11:17:08.805+0000] {logging_mixin.py:188} INFO - [2026-03-25T11:17:08.805+0000] {dagbag.py:540} INFO - Filling up the DagBag from /home/airflow/.local/lib/python3.12/site-packages/airflow/example_dags/example_latest_only_with_trigger.py
[2026-03-25T11:17:09.094+0000] {processor.py:840} INFO - DAG(s) 'latest_only_with_trigger' retrieved from /home/airflow/.local/lib/python3.12/site-packages/airflow/example_dags/example_latest_only_with_trigger.py
[2026-03-25T11:17:09.112+0000] {logging_mixin.py:188} INFO - [2026-03-25T11:17:09.111+0000] {dag.py:3096} INFO - Sync 1 DAGs
[2026-03-25T11:17:09.139+0000] {logging_mixin.py:188} INFO - [2026-03-25T11:17:09.138+0000] {dag.py:3954} INFO - Setting next_dagrun for latest_only_with_trigger to 2026-03-25 04:00:00+00:00, run_after=2026-03-25 08:00:00+00:00
[2026-03-25T11:17:09.200+0000] {processor.py:183} INFO - Processing /home/airflow/.local/lib/python3.12/site-packages/airflow/example_dags/example_latest_only_with_trigger.py took 0.416 seconds
[2026-03-25T11:17:39.512+0000] {processor.py:161} INFO - Started process (PID=315) to work on /home/airflow/.local/lib/python3.12/site-packages/airflow/example_dags/example_latest_only_with_trigger.py
[2026-03-25T11:17:39.513+0000] {processor.py:830} INFO - Processing file /home/airflow/.local/lib/python3.12/site-packages/airflow/example_dags/example_latest_only_with_trigger.py for tasks to queue
[2026-03-25T11:17:39.515+0000] {logging_mixin.py:188} INFO - [2026-03-25T11:17:39.515+0000] {dagbag.py:540} INFO - Filling up the DagBag from /home/airflow/.local/lib/python3.12/site-packages/airflow/example_dags/example_latest_only_with_trigger.py
[2026-03-25T11:17:39.522+0000] {processor.py:840} INFO - DAG(s) 'latest_only_with_trigger' retrieved from /home/airflow/.local/lib/python3.12/site-packages/airflow/example_dags/example_latest_only_with_trigger.py
[2026-03-25T11:17:39.543+0000] {logging_mixin.py:188} INFO - [2026-03-25T11:17:39.543+0000] {dag.py:3096} INFO - Sync 1 DAGs
[2026-03-25T11:17:39.567+0000] {logging_mixin.py:188} INFO - [2026-03-25T11:17:39.567+0000] {dag.py:3954} INFO - Setting next_dagrun for latest_only_with_trigger to 2026-03-25 04:00:00+00:00, run_after=2026-03-25 08:00:00+00:00
[2026-03-25T11:17:39.608+0000] {processor.py:183} INFO - Processing /home/airflow/.local/lib/python3.12/site-packages/airflow/example_dags/example_latest_only_with_trigger.py took 0.102 seconds
[2026-03-25T11:18:11.536+0000] {processor.py:161} INFO - Started process (PID=374) to work on /home/airflow/.local/lib/python3.12/site-packages/airflow/example_dags/example_latest_only_with_trigger.py
[2026-03-25T11:18:11.537+0000] {processor.py:830} INFO - Processing file /home/airflow/.local/lib/python3.12/site-packages/airflow/example_dags/example_latest_only_with_trigger.py for tasks to queue
[2026-03-25T11:18:11.539+0000] {logging_mixin.py:188} INFO - [2026-03-25T11:18:11.539+0000] {dagbag.py:540} INFO - Filling up the DagBag from /home/airflow/.local/lib/python3.12/site-packages/airflow/example_dags/example_latest_only_with_trigger.py
[2026-03-25T11:18:11.545+0000] {processor.py:840} INFO - DAG(s) 'latest_only_with_trigger' retrieved from /home/airflow/.local/lib/python3.12/site-packages/airflow/example_dags/example_latest_only_with_trigger.py
[2026-03-25T11:18:11.565+0000] {logging_mixin.py:188} INFO - [2026-03-25T11:18:11.565+0000] {dag.py:3096} INFO - Sync 1 DAGs
[2026-03-25T11:18:11.589+0000] {logging_mixin.py:188} INFO - [2026-03-25T11:18:11.589+0000] {dag.py:3954} INFO - Setting next_dagrun for latest_only_with_trigger to 2026-03-25 04:00:00+00:00, run_after=2026-03-25 08:00:00+00:00
[2026-03-25T11:18:11.631+0000] {processor.py:183} INFO - Processing /home/airflow/.local/lib/python3.12/site-packages/airflow/example_dags/example_latest_only_with_trigger.py took 0.100 seconds
[2026-03-25T11:18:44.285+0000] {processor.py:161} INFO - Started process (PID=433) to work on /home/airflow/.local/lib/python3.12/site-packages/airflow/example_dags/example_latest_only_with_trigger.py
[2026-03-25T11:18:44.286+0000] {processor.py:830} INFO - Processing file /home/airflow/.local/lib/python3.12/site-packages/airflow/example_dags/example_latest_only_with_trigger.py for tasks to queue
[2026-03-25T11:18:44.288+0000] {logging_mixin.py:188} INFO - [2026-03-25T11:18:44.288+0000] {dagbag.py:540} INFO - Filling up the DagBag from /home/airflow/.local/lib/python3.12/site-packages/airflow/example_dags/example_latest_only_with_trigger.py
[2026-03-25T11:18:44.294+0000] {processor.py:840} INFO - DAG(s) 'latest_only_with_trigger' retrieved from /home/airflow/.local/lib/python3.12/site-packages/airflow/example_dags/example_latest_only_with_trigger.py
[2026-03-25T11:18:44.314+0000] {logging_mixin.py:188} INFO - [2026-03-25T11:18:44.314+0000] {dag.py:3096} INFO - Sync 1 DAGs
[2026-03-25T11:18:44.335+0000] {logging_mixin.py:188} INFO - [2026-03-25T11:18:44.335+0000] {dag.py:3954} INFO - Setting next_dagrun for latest_only_with_trigger to 2026-03-25 04:00:00+00:00, run_after=2026-03-25 08:00:00+00:00
[2026-03-25T11:18:44.379+0000] {processor.py:183} INFO - Processing /home/airflow/.local/lib/python3.12/site-packages/airflow/example_dags/example_latest_only_with_trigger.py took 0.099 seconds
[2026-03-25T11:19:16.935+0000] {processor.py:161} INFO - Started process (PID=492) to work on /home/airflow/.local/lib/python3.12/site-packages/airflow/example_dags/example_latest_only_with_trigger.py
[2026-03-25T11:19:16.937+0000] {processor.py:830} INFO - Processing file /home/airflow/.local/lib/python3.12/site-packages/airflow/example_dags/example_latest_only_with_trigger.py for tasks to queue
[2026-03-25T11:19:16.939+0000] {logging_mixin.py:188} INFO - [2026-03-25T11:19:16.939+0000] {dagbag.py:540} INFO - Filling up the DagBag from /home/airflow/.local/lib/python3.12/site-packages/airflow/example_dags/example_latest_only_with_trigger.py
[2026-03-25T11:19:16.947+0000] {processor.py:840} INFO - DAG(s) 'latest_only_with_trigger' retrieved from /home/airflow/.local/lib/python3.12/site-packages/airflow/example_dags/example_latest_only_with_trigger.py
[2026-03-25T11:19:16.971+0000] {logging_mixin.py:188} INFO - [2026-03-25T11:19:16.971+0000] {dag.py:3096} INFO - Sync 1 DAGs
[2026-03-25T11:19:16.995+0000] {logging_mixin.py:188} INFO - [2026-03-25T11:19:16.994+0000] {dag.py:3954} INFO - Setting next_dagrun for latest_only_with_trigger to 2026-03-25 04:00:00+00:00, run_after=2026-03-25 08:00:00+00:00
[2026-03-25T11:19:17.043+0000] {processor.py:183} INFO - Processing /home/airflow/.local/lib/python3.12/site-packages/airflow/example_dags/example_latest_only_with_trigger.py took 0.117 seconds
[2026-03-25T11:19:50.383+0000] {processor.py:161} INFO - Started process (PID=551) to work on /home/airflow/.local/lib/python3.12/site-packages/airflow/example_dags/example_latest_only_with_trigger.py
[2026-03-25T11:19:50.384+0000] {processor.py:830} INFO - Processing file /home/airflow/.local/lib/python3.12/site-packages/airflow/example_dags/example_latest_only_with_trigger.py for tasks to queue
[2026-03-25T11:19:50.385+0000] {logging_mixin.py:188} INFO - [2026-03-25T11:19:50.385+0000] {dagbag.py:540} INFO - Filling up the DagBag from /home/airflow/.local/lib/python3.12/site-packages/airflow/example_dags/example_latest_only_with_trigger.py
[2026-03-25T11:19:50.391+0000] {processor.py:840} INFO - DAG(s) 'latest_only_with_trigger' retrieved from /home/airflow/.local/lib/python3.12/site-packages/airflow/example_dags/example_latest_only_with_trigger.py
[2026-03-25T11:19:50.412+0000] {logging_mixin.py:188} INFO - [2026-03-25T11:19:50.412+0000] {dag.py:3096} INFO - Sync 1 DAGs
[2026-03-25T11:19:50.440+0000] {logging_mixin.py:188} INFO - [2026-03-25T11:19:50.440+0000] {dag.py:3954} INFO - Setting next_dagrun for latest_only_with_trigger to 2026-03-25 04:00:00+00:00, run_after=2026-03-25 08:00:00+00:00
[2026-03-25T11:19:50.611+0000] {processor.py:183} INFO - Processing /home/airflow/.local/lib/python3.12/site-packages/airflow/example_dags/example_latest_only_with_trigger.py took 0.237 seconds
[2026-03-25T11:20:22.690+0000] {processor.py:161} INFO - Started process (PID=610) to work on /home/airflow/.local/lib/python3.12/site-packages/airflow/example_dags/example_latest_only_with_trigger.py
[2026-03-25T11:20:22.691+0000] {processor.py:830} INFO - Processing file /home/airflow/.local/lib/python3.12/site-packages/airflow/example_dags/example_latest_only_with_trigger.py for tasks to queue
[2026-03-25T11:20:22.693+0000] {logging_mixin.py:188} INFO - [2026-03-25T11:20:22.693+0000] {dagbag.py:540} INFO - Filling up the DagBag from /home/airflow/.local/lib/python3.12/site-packages/airflow/example_dags/example_latest_only_with_trigger.py
[2026-03-25T11:20:22.698+0000] {processor.py:840} INFO - DAG(s) 'latest_only_with_trigger' retrieved from /home/airflow/.local/lib/python3.12/site-packages/airflow/example_dags/example_latest_only_with_trigger.py
[2026-03-25T11:20:22.719+0000] {logging_mixin.py:188} INFO - [2026-03-25T11:20:22.718+0000] {dag.py:3096} INFO - Sync 1 DAGs
[2026-03-25T11:20:22.741+0000] {logging_mixin.py:188} INFO - [2026-03-25T11:20:22.741+0000] {dag.py:3954} INFO - Setting next_dagrun for latest_only_with_trigger to 2026-03-25 04:00:00+00:00, run_after=2026-03-25 08:00:00+00:00
[2026-03-25T11:20:22.783+0000] {processor.py:183} INFO - Processing /home/airflow/.local/lib/python3.12/site-packages/airflow/example_dags/example_latest_only_with_trigger.py took 0.099 seconds
[2026-03-25T11:20:55.243+0000] {processor.py:161} INFO - Started process (PID=669) to work on /home/airflow/.local/lib/python3.12/site-packages/airflow/example_dags/example_latest_only_with_trigger.py
[2026-03-25T11:20:55.244+0000] {processor.py:830} INFO - Processing file /home/airflow/.local/lib/python3.12/site-packages/airflow/example_dags/example_latest_only_with_trigger.py for tasks to queue
[2026-03-25T11:20:55.246+0000] {logging_mixin.py:188} INFO - [2026-03-25T11:20:55.246+0000] {dagbag.py:540} INFO - Filling up the DagBag from /home/airflow/.local/lib/python3.12/site-packages/airflow/example_dags/example_latest_only_with_trigger.py
[2026-03-25T11:20:55.252+0000] {processor.py:840} INFO - DAG(s) 'latest_only_with_trigger' retrieved from /home/airflow/.local/lib/python3.12/site-packages/airflow/example_dags/example_latest_only_with_trigger.py
[2026-03-25T11:20:55.274+0000] {logging_mixin.py:188} INFO - [2026-03-25T11:20:55.274+0000] {dag.py:3096} INFO - Sync 1 DAGs
[2026-03-25T11:20:55.297+0000] {logging_mixin.py:188} INFO - [2026-03-25T11:20:55.297+0000] {dag.py:3954} INFO - Setting next_dagrun for latest_only_with_trigger to 2026-03-25 04:00:00+00:00, run_after=2026-03-25 08:00:00+00:00
[2026-03-25T11:20:55.341+0000] {processor.py:183} INFO - Processing /home/airflow/.local/lib/python3.12/site-packages/airflow/example_dags/example_latest_only_with_trigger.py took 0.106 seconds
[2026-03-25T11:21:27.999+0000] {processor.py:161} INFO - Started process (PID=728) to work on /home/airflow/.local/lib/python3.12/site-packages/airflow/example_dags/example_latest_only_with_trigger.py
[2026-03-25T11:21:28.000+0000] {processor.py:830} INFO - Processing file /home/airflow/.local/lib/python3.12/site-packages/airflow/example_dags/example_latest_only_with_trigger.py for tasks to queue
[2026-03-25T11:21:28.002+0000] {logging_mixin.py:188} INFO - [2026-03-25T11:21:28.002+0000] {dagbag.py:540} INFO - Filling up the DagBag from /home/airflow/.local/lib/python3.12/site-packages/airflow/example_dags/example_latest_only_with_trigger.py
[2026-03-25T11:21:28.007+0000] {processor.py:840} INFO - DAG(s) 'latest_only_with_trigger' retrieved from /home/airflow/.local/lib/python3.12/site-packages/airflow/example_dags/example_latest_only_with_trigger.py
[2026-03-25T11:21:28.028+0000] {logging_mixin.py:188} INFO - [2026-03-25T11:21:28.028+0000] {dag.py:3096} INFO - Sync 1 DAGs
[2026-03-25T11:21:28.050+0000] {logging_mixin.py:188} INFO - [2026-03-25T11:21:28.050+0000] {dag.py:3954} INFO - Setting next_dagrun for latest_only_with_trigger to 2026-03-25 04:00:00+00:00, run_after=2026-03-25 08:00:00+00:00
[2026-03-25T11:21:28.100+0000] {processor.py:183} INFO - Processing /home/airflow/.local/lib/python3.12/site-packages/airflow/example_dags/example_latest_only_with_trigger.py took 0.106 seconds
[2026-03-25T11:22:00.936+0000] {processor.py:161} INFO - Started process (PID=787) to work on /home/airflow/.local/lib/python3.12/site-packages/airflow/example_dags/example_latest_only_with_trigger.py
[2026-03-25T11:22:00.937+0000] {processor.py:830} INFO - Processing file /home/airflow/.local/lib/python3.12/site-packages/airflow/example_dags/example_latest_only_with_trigger.py for tasks to queue
[2026-03-25T11:22:00.939+0000] {logging_mixin.py:188} INFO - [2026-03-25T11:22:00.938+0000] {dagbag.py:540} INFO - Filling up the DagBag from /home/airflow/.local/lib/python3.12/site-packages/airflow/example_dags/example_latest_only_with_trigger.py
[2026-03-25T11:22:00.944+0000] {processor.py:840} INFO - DAG(s) 'latest_only_with_trigger' retrieved from /home/airflow/.local/lib/python3.12/site-packages/airflow/example_dags/example_latest_only_with_trigger.py
[2026-03-25T11:22:00.970+0000] {logging_mixin.py:188} INFO - [2026-03-25T11:22:00.969+0000] {dag.py:3096} INFO - Sync 1 DAGs
[2026-03-25T11:22:01.002+0000] {logging_mixin.py:188} INFO - [2026-03-25T11:22:01.002+0000] {dag.py:3954} INFO - Setting next_dagrun for latest_only_with_trigger to 2026-03-25 04:00:00+00:00, run_after=2026-03-25 08:00:00+00:00
[2026-03-25T11:22:01.071+0000] {processor.py:183} INFO - Processing /home/airflow/.local/lib/python3.12/site-packages/airflow/example_dags/example_latest_only_with_trigger.py took 0.142 seconds
[2026-03-25T11:22:33.533+0000] {processor.py:161} INFO - Started process (PID=846) to work on /home/airflow/.local/lib/python3.12/site-packages/airflow/example_dags/example_latest_only_with_trigger.py
[2026-03-25T11:22:33.534+0000] {processor.py:830} INFO - Processing file /home/airflow/.local/lib/python3.12/site-packages/airflow/example_dags/example_latest_only_with_trigger.py for tasks to queue
[2026-03-25T11:22:33.536+0000] {logging_mixin.py:188} INFO - [2026-03-25T11:22:33.536+0000] {dagbag.py:540} INFO - Filling up the DagBag from /home/airflow/.local/lib/python3.12/site-packages/airflow/example_dags/example_latest_only_with_trigger.py
[2026-03-25T11:22:33.543+0000] {processor.py:840} INFO - DAG(s) 'latest_only_with_trigger' retrieved from /home/airflow/.local/lib/python3.12/site-packages/airflow/example_dags/example_latest_only_with_trigger.py
[2026-03-25T11:22:33.564+0000] {logging_mixin.py:188} INFO - [2026-03-25T11:22:33.564+0000] {dag.py:3096} INFO - Sync 1 DAGs
[2026-03-25T11:22:33.585+0000] {logging_mixin.py:188} INFO - [2026-03-25T11:22:33.585+0000] {dag.py:3954} INFO - Setting next_dagrun for latest_only_with_trigger to 2026-03-25 04:00:00+00:00, run_after=2026-03-25 08:00:00+00:00
[2026-03-25T11:22:33.620+0000] {processor.py:183} INFO - Processing /home/airflow/.local/lib/python3.12/site-packages/airflow/example_dags/example_latest_only_with_trigger.py took 0.092 seconds
[2026-03-25T11:23:06.329+0000] {processor.py:161} INFO - Started process (PID=905) to work on /home/airflow/.local/lib/python3.12/site-packages/airflow/example_dags/example_latest_only_with_trigger.py
[2026-03-25T11:23:06.331+0000] {processor.py:830} INFO - Processing file /home/airflow/.local/lib/python3.12/site-packages/airflow/example_dags/example_latest_only_with_trigger.py for tasks to queue
[2026-03-25T11:23:06.333+0000] {logging_mixin.py:188} INFO - [2026-03-25T11:23:06.333+0000] {dagbag.py:540} INFO - Filling up the DagBag from /home/airflow/.local/lib/python3.12/site-packages/airflow/example_dags/example_latest_only_with_trigger.py
[2026-03-25T11:23:06.340+0000] {processor.py:840} INFO - DAG(s) 'latest_only_with_trigger' retrieved from /home/airflow/.local/lib/python3.12/site-packages/airflow/example_dags/example_latest_only_with_trigger.py
[2026-03-25T11:23:06.366+0000] {logging_mixin.py:188} INFO - [2026-03-25T11:23:06.366+0000] {dag.py:3096} INFO - Sync 1 DAGs
[2026-03-25T11:23:06.393+0000] {logging_mixin.py:188} INFO - [2026-03-25T11:23:06.393+0000] {dag.py:3954} INFO - Setting next_dagrun for latest_only_with_trigger to 2026-03-25 04:00:00+00:00, run_after=2026-03-25 08:00:00+00:00
[2026-03-25T11:23:06.497+0000] {processor.py:183} INFO - Processing /home/airflow/.local/lib/python3.12/site-packages/airflow/example_dags/example_latest_only_with_trigger.py took 0.174 seconds
[2026-03-25T11:23:39.161+0000] {processor.py:161} INFO - Started process (PID=964) to work on /home/airflow/.local/lib/python3.12/site-packages/airflow/example_dags/example_latest_only_with_trigger.py
[2026-03-25T11:23:39.162+0000] {processor.py:830} INFO - Processing file /home/airflow/.local/lib/python3.12/site-packages/airflow/example_dags/example_latest_only_with_trigger.py for tasks to queue
[2026-03-25T11:23:39.165+0000] {logging_mixin.py:188} INFO - [2026-03-25T11:23:39.164+0000] {dagbag.py:540} INFO - Filling up the DagBag from /home/airflow/.local/lib/python3.12/site-packages/airflow/example_dags/example_latest_only_with_trigger.py
[2026-03-25T11:23:39.170+0000] {processor.py:840} INFO - DAG(s) 'latest_only_with_trigger' retrieved from /home/airflow/.local/lib/python3.12/site-packages/airflow/example_dags/example_latest_only_with_trigger.py
[2026-03-25T11:23:39.190+0000] {logging_mixin.py:188} INFO - [2026-03-25T11:23:39.190+0000] {dag.py:3096} INFO - Sync 1 DAGs
[2026-03-25T11:23:39.212+0000] {logging_mixin.py:188} INFO - [2026-03-25T11:23:39.211+0000] {dag.py:3954} INFO - Setting next_dagrun for latest_only_with_trigger to 2026-03-25 04:00:00+00:00, run_after=2026-03-25 08:00:00+00:00
[2026-03-25T11:23:39.274+0000] {processor.py:183} INFO - Processing /home/airflow/.local/lib/python3.12/site-packages/airflow/example_dags/example_latest_only_with_trigger.py took 0.119 seconds
[2026-03-25T11:24:11.307+0000] {processor.py:161} INFO - Started process (PID=1017) to work on /home/airflow/.local/lib/python3.12/site-packages/airflow/example_dags/example_latest_only_with_trigger.py
[2026-03-25T11:24:11.308+0000] {processor.py:830} INFO - Processing file /home/airflow/.local/lib/python3.12/site-packages/airflow/example_dags/example_latest_only_with_trigger.py for tasks to queue
[2026-03-25T11:24:11.312+0000] {logging_mixin.py:188} INFO - [2026-03-25T11:24:11.311+0000] {dagbag.py:540} INFO - Filling up the DagBag from /home/airflow/.local/lib/python3.12/site-packages/airflow/example_dags/example_latest_only_with_trigger.py
[2026-03-25T11:24:11.321+0000] {processor.py:840} INFO - DAG(s) 'latest_only_with_trigger' retrieved from /home/airflow/.local/lib/python3.12/site-packages/airflow/example_dags/example_latest_only_with_trigger.py
[2026-03-25T11:24:11.348+0000] {logging_mixin.py:188} INFO - [2026-03-25T11:24:11.348+0000] {dag.py:3096} INFO - Sync 1 DAGs
[2026-03-25T11:24:11.371+0000] {logging_mixin.py:188} INFO - [2026-03-25T11:24:11.371+0000] {dag.py:3954} INFO - Setting next_dagrun for latest_only_with_trigger to 2026-03-25 04:00:00+00:00, run_after=2026-03-25 08:00:00+00:00
[2026-03-25T11:24:11.415+0000] {processor.py:183} INFO - Processing /home/airflow/.local/lib/python3.12/site-packages/airflow/example_dags/example_latest_only_with_trigger.py took 0.117 seconds
[2026-03-25T11:24:44.688+0000] {processor.py:161} INFO - Started process (PID=1083) to work on /home/airflow/.local/lib/python3.12/site-packages/airflow/example_dags/example_latest_only_with_trigger.py
[2026-03-25T11:24:44.690+0000] {processor.py:830} INFO - Processing file /home/airflow/.local/lib/python3.12/site-packages/airflow/example_dags/example_latest_only_with_trigger.py for tasks to queue
[2026-03-25T11:24:44.693+0000] {logging_mixin.py:188} INFO - [2026-03-25T11:24:44.692+0000] {dagbag.py:540} INFO - Filling up the DagBag from /home/airflow/.local/lib/python3.12/site-packages/airflow/example_dags/example_latest_only_with_trigger.py
[2026-03-25T11:24:44.703+0000] {processor.py:840} INFO - DAG(s) 'latest_only_with_trigger' retrieved from /home/airflow/.local/lib/python3.12/site-packages/airflow/example_dags/example_latest_only_with_trigger.py
[2026-03-25T11:24:44.738+0000] {logging_mixin.py:188} INFO - [2026-03-25T11:24:44.737+0000] {dag.py:3096} INFO - Sync 1 DAGs
[2026-03-25T11:24:44.775+0000] {logging_mixin.py:188} INFO - [2026-03-25T11:24:44.775+0000] {dag.py:3954} INFO - Setting next_dagrun for latest_only_with_trigger to 2026-03-25 04:00:00+00:00, run_after=2026-03-25 08:00:00+00:00
[2026-03-25T11:24:44.856+0000] {processor.py:183} INFO - Processing /home/airflow/.local/lib/python3.12/site-packages/airflow/example_dags/example_latest_only_with_trigger.py took 0.176 seconds
[2026-03-25T11:25:16.904+0000] {processor.py:161} INFO - Started process (PID=1136) to work on /home/airflow/.local/lib/python3.12/site-packages/airflow/example_dags/example_latest_only_with_trigger.py
[2026-03-25T11:25:16.905+0000] {processor.py:830} INFO - Processing file /home/airflow/.local/lib/python3.12/site-packages/airflow/example_dags/example_latest_only_with_trigger.py for tasks to queue
[2026-03-25T11:25:16.907+0000] {logging_mixin.py:188} INFO - [2026-03-25T11:25:16.907+0000] {dagbag.py:540} INFO - Filling up the DagBag from /home/airflow/.local/lib/python3.12/site-packages/airflow/example_dags/example_latest_only_with_trigger.py
[2026-03-25T11:25:16.912+0000] {processor.py:840} INFO - DAG(s) 'latest_only_with_trigger' retrieved from /home/airflow/.local/lib/python3.12/site-packages/airflow/example_dags/example_latest_only_with_trigger.py
[2026-03-25T11:25:16.932+0000] {logging_mixin.py:188} INFO - [2026-03-25T11:25:16.932+0000] {dag.py:3096} INFO - Sync 1 DAGs
[2026-03-25T11:25:16.953+0000] {logging_mixin.py:188} INFO - [2026-03-25T11:25:16.952+0000] {dag.py:3954} INFO - Setting next_dagrun for latest_only_with_trigger to 2026-03-25 04:00:00+00:00, run_after=2026-03-25 08:00:00+00:00
[2026-03-25T11:25:16.996+0000] {processor.py:183} INFO - Processing /home/airflow/.local/lib/python3.12/site-packages/airflow/example_dags/example_latest_only_with_trigger.py took 0.098 seconds
[2026-03-25T11:25:50.117+0000] {processor.py:161} INFO - Started process (PID=1195) to work on /home/airflow/.local/lib/python3.12/site-packages/airflow/example_dags/example_latest_only_with_trigger.py
[2026-03-25T11:25:50.118+0000] {processor.py:830} INFO - Processing file /home/airflow/.local/lib/python3.12/site-packages/airflow/example_dags/example_latest_only_with_trigger.py for tasks to queue
[2026-03-25T11:25:50.120+0000] {logging_mixin.py:188} INFO - [2026-03-25T11:25:50.119+0000] {dagbag.py:540} INFO - Filling up the DagBag from /home/airflow/.local/lib/python3.12/site-packages/airflow/example_dags/example_latest_only_with_trigger.py
[2026-03-25T11:25:50.125+0000] {processor.py:840} INFO - DAG(s) 'latest_only_with_trigger' retrieved from /home/airflow/.local/lib/python3.12/site-packages/airflow/example_dags/example_latest_only_with_trigger.py
[2026-03-25T11:25:50.145+0000] {logging_mixin.py:188} INFO - [2026-03-25T11:25:50.145+0000] {dag.py:3096} INFO - Sync 1 DAGs
[2026-03-25T11:25:50.166+0000] {logging_mixin.py:188} INFO - [2026-03-25T11:25:50.166+0000] {dag.py:3954} INFO - Setting next_dagrun for latest_only_with_trigger to 2026-03-25 04:00:00+00:00, run_after=2026-03-25 08:00:00+00:00
[2026-03-25T11:25:50.216+0000] {processor.py:183} INFO - Processing /home/airflow/.local/lib/python3.12/site-packages/airflow/example_dags/example_latest_only_with_trigger.py took 0.106 seconds
[2026-03-25T11:26:22.943+0000] {processor.py:161} INFO - Started process (PID=1255) to work on /home/airflow/.local/lib/python3.12/site-packages/airflow/example_dags/example_latest_only_with_trigger.py
[2026-03-25T11:26:22.944+0000] {processor.py:830} INFO - Processing file /home/airflow/.local/lib/python3.12/site-packages/airflow/example_dags/example_latest_only_with_trigger.py for tasks to queue
[2026-03-25T11:26:22.946+0000] {logging_mixin.py:188} INFO - [2026-03-25T11:26:22.945+0000] {dagbag.py:540} INFO - Filling up the DagBag from /home/airflow/.local/lib/python3.12/site-packages/airflow/example_dags/example_latest_only_with_trigger.py
[2026-03-25T11:26:22.952+0000] {processor.py:840} INFO - DAG(s) 'latest_only_with_trigger' retrieved from /home/airflow/.local/lib/python3.12/site-packages/airflow/example_dags/example_latest_only_with_trigger.py
[2026-03-25T11:26:22.981+0000] {logging_mixin.py:188} INFO - [2026-03-25T11:26:22.981+0000] {dag.py:3096} INFO - Sync 1 DAGs
[2026-03-25T11:26:23.029+0000] {logging_mixin.py:188} INFO - [2026-03-25T11:26:23.029+0000] {dag.py:3954} INFO - Setting next_dagrun for latest_only_with_trigger to 2026-03-25 04:00:00+00:00, run_after=2026-03-25 08:00:00+00:00
[2026-03-25T11:26:23.071+0000] {processor.py:183} INFO - Processing /home/airflow/.local/lib/python3.12/site-packages/airflow/example_dags/example_latest_only_with_trigger.py took 0.134 seconds
[2026-03-25T11:26:55.702+0000] {processor.py:161} INFO - Started process (PID=1314) to work on /home/airflow/.local/lib/python3.12/site-packages/airflow/example_dags/example_latest_only_with_trigger.py
[2026-03-25T11:26:55.703+0000] {processor.py:830} INFO - Processing file /home/airflow/.local/lib/python3.12/site-packages/airflow/example_dags/example_latest_only_with_trigger.py for tasks to queue
[2026-03-25T11:26:55.706+0000] {logging_mixin.py:188} INFO - [2026-03-25T11:26:55.705+0000] {dagbag.py:540} INFO - Filling up the DagBag from /home/airflow/.local/lib/python3.12/site-packages/airflow/example_dags/example_latest_only_with_trigger.py
[2026-03-25T11:26:55.713+0000] {processor.py:840} INFO - DAG(s) 'latest_only_with_trigger' retrieved from /home/airflow/.local/lib/python3.12/site-packages/airflow/example_dags/example_latest_only_with_trigger.py
[2026-03-25T11:26:55.734+0000] {logging_mixin.py:188} INFO - [2026-03-25T11:26:55.734+0000] {dag.py:3096} INFO - Sync 1 DAGs
[2026-03-25T11:26:55.763+0000] {logging_mixin.py:188} INFO - [2026-03-25T11:26:55.763+0000] {dag.py:3954} INFO - Setting next_dagrun for latest_only_with_trigger to 2026-03-25 04:00:00+00:00, run_after=2026-03-25 08:00:00+00:00
[2026-03-25T11:26:55.808+0000] {processor.py:183} INFO - Processing /home/airflow/.local/lib/python3.12/site-packages/airflow/example_dags/example_latest_only_with_trigger.py took 0.114 seconds
[2026-03-25T11:27:28.293+0000] {processor.py:161} INFO - Started process (PID=1373) to work on /home/airflow/.local/lib/python3.12/site-packages/airflow/example_dags/example_latest_only_with_trigger.py
[2026-03-25T11:27:28.295+0000] {processor.py:830} INFO - Processing file /home/airflow/.local/lib/python3.12/site-packages/airflow/example_dags/example_latest_only_with_trigger.py for tasks to queue
[2026-03-25T11:27:28.299+0000] {logging_mixin.py:188} INFO - [2026-03-25T11:27:28.298+0000] {dagbag.py:540} INFO - Filling up the DagBag from /home/airflow/.local/lib/python3.12/site-packages/airflow/example_dags/example_latest_only_with_trigger.py
[2026-03-25T11:27:28.313+0000] {processor.py:840} INFO - DAG(s) 'latest_only_with_trigger' retrieved from /home/airflow/.local/lib/python3.12/site-packages/airflow/example_dags/example_latest_only_with_trigger.py
[2026-03-25T11:27:28.361+0000] {logging_mixin.py:188} INFO - [2026-03-25T11:27:28.360+0000] {dag.py:3096} INFO - Sync 1 DAGs
[2026-03-25T11:27:28.424+0000] {logging_mixin.py:188} INFO - [2026-03-25T11:27:28.424+0000] {dag.py:3954} INFO - Setting next_dagrun for latest_only_with_trigger to 2026-03-25 04:00:00+00:00, run_after=2026-03-25 08:00:00+00:00
[2026-03-25T11:27:28.487+0000] {processor.py:183} INFO - Processing /home/airflow/.local/lib/python3.12/site-packages/airflow/example_dags/example_latest_only_with_trigger.py took 0.206 seconds
[2026-03-25T11:28:00.797+0000] {processor.py:161} INFO - Started process (PID=1432) to work on /home/airflow/.local/lib/python3.12/site-packages/airflow/example_dags/example_latest_only_with_trigger.py
[2026-03-25T11:28:00.798+0000] {processor.py:830} INFO - Processing file /home/airflow/.local/lib/python3.12/site-packages/airflow/example_dags/example_latest_only_with_trigger.py for tasks to queue
[2026-03-25T11:28:00.800+0000] {logging_mixin.py:188} INFO - [2026-03-25T11:28:00.800+0000] {dagbag.py:540} INFO - Filling up the DagBag from /home/airflow/.local/lib/python3.12/site-packages/airflow/example_dags/example_latest_only_with_trigger.py
[2026-03-25T11:28:00.806+0000] {processor.py:840} INFO - DAG(s) 'latest_only_with_trigger' retrieved from /home/airflow/.local/lib/python3.12/site-packages/airflow/example_dags/example_latest_only_with_trigger.py
[2026-03-25T11:28:00.827+0000] {logging_mixin.py:188} INFO - [2026-03-25T11:28:00.826+0000] {dag.py:3096} INFO - Sync 1 DAGs
[2026-03-25T11:28:00.849+0000] {logging_mixin.py:188} INFO - [2026-03-25T11:28:00.849+0000] {dag.py:3954} INFO - Setting next_dagrun for latest_only_with_trigger to 2026-03-25 04:00:00+00:00, run_after=2026-03-25 08:00:00+00:00
[2026-03-25T11:28:00.942+0000] {processor.py:183} INFO - Processing /home/airflow/.local/lib/python3.12/site-packages/airflow/example_dags/example_latest_only_with_trigger.py took 0.150 seconds
[2026-03-25T11:28:35.269+0000] {processor.py:161} INFO - Started process (PID=1507) to work on /home/airflow/.local/lib/python3.12/site-packages/airflow/example_dags/example_latest_only_with_trigger.py
[2026-03-25T11:28:35.270+0000] {processor.py:830} INFO - Processing file /home/airflow/.local/lib/python3.12/site-packages/airflow/example_dags/example_latest_only_with_trigger.py for tasks to queue
[2026-03-25T11:28:35.273+0000] {logging_mixin.py:188} INFO - [2026-03-25T11:28:35.273+0000] {dagbag.py:540} INFO - Filling up the DagBag from /home/airflow/.local/lib/python3.12/site-packages/airflow/example_dags/example_latest_only_with_trigger.py
[2026-03-25T11:28:35.282+0000] {processor.py:840} INFO - DAG(s) 'latest_only_with_trigger' retrieved from /home/airflow/.local/lib/python3.12/site-packages/airflow/example_dags/example_latest_only_with_trigger.py
[2026-03-25T11:28:35.312+0000] {logging_mixin.py:188} INFO - [2026-03-25T11:28:35.311+0000] {dag.py:3096} INFO - Sync 1 DAGs
[2026-03-25T11:28:35.351+0000] {logging_mixin.py:188} INFO - [2026-03-25T11:28:35.351+0000] {dag.py:3954} INFO - Setting next_dagrun for latest_only_with_trigger to 2026-03-25 04:00:00+00:00, run_after=2026-03-25 08:00:00+00:00
[2026-03-25T11:28:35.432+0000] {processor.py:183} INFO - Processing /home/airflow/.local/lib/python3.12/site-packages/airflow/example_dags/example_latest_only_with_trigger.py took 0.172 seconds
[2026-03-25T11:29:06.891+0000] {processor.py:161} INFO - Started process (PID=1560) to work on /home/airflow/.local/lib/python3.12/site-packages/airflow/example_dags/example_latest_only_with_trigger.py
[2026-03-25T11:29:06.892+0000] {processor.py:830} INFO - Processing file /home/airflow/.local/lib/python3.12/site-packages/airflow/example_dags/example_latest_only_with_trigger.py for tasks to queue
[2026-03-25T11:29:06.894+0000] {logging_mixin.py:188} INFO - [2026-03-25T11:29:06.893+0000] {dagbag.py:540} INFO - Filling up the DagBag from /home/airflow/.local/lib/python3.12/site-packages/airflow/example_dags/example_latest_only_with_trigger.py
[2026-03-25T11:29:06.899+0000] {processor.py:840} INFO - DAG(s) 'latest_only_with_trigger' retrieved from /home/airflow/.local/lib/python3.12/site-packages/airflow/example_dags/example_latest_only_with_trigger.py
[2026-03-25T11:29:06.920+0000] {logging_mixin.py:188} INFO - [2026-03-25T11:29:06.920+0000] {dag.py:3096} INFO - Sync 1 DAGs
[2026-03-25T11:29:06.941+0000] {logging_mixin.py:188} INFO - [2026-03-25T11:29:06.941+0000] {dag.py:3954} INFO - Setting next_dagrun for latest_only_with_trigger to 2026-03-25 04:00:00+00:00, run_after=2026-03-25 08:00:00+00:00
[2026-03-25T11:29:07.000+0000] {processor.py:183} INFO - Processing /home/airflow/.local/lib/python3.12/site-packages/airflow/example_dags/example_latest_only_with_trigger.py took 0.115 seconds
[2026-03-25T11:29:37.801+0000] {processor.py:161} INFO - Started process (PID=1625) to work on /home/airflow/.local/lib/python3.12/site-packages/airflow/example_dags/example_latest_only_with_trigger.py
[2026-03-25T11:29:37.803+0000] {processor.py:830} INFO - Processing file /home/airflow/.local/lib/python3.12/site-packages/airflow/example_dags/example_latest_only_with_trigger.py for tasks to queue
[2026-03-25T11:29:37.807+0000] {logging_mixin.py:188} INFO - [2026-03-25T11:29:37.806+0000] {dagbag.py:540} INFO - Filling up the DagBag from /home/airflow/.local/lib/python3.12/site-packages/airflow/example_dags/example_latest_only_with_trigger.py
[2026-03-25T11:29:37.821+0000] {processor.py:840} INFO - DAG(s) 'latest_only_with_trigger' retrieved from /home/airflow/.local/lib/python3.12/site-packages/airflow/example_dags/example_latest_only_with_trigger.py
[2026-03-25T11:29:37.870+0000] {logging_mixin.py:188} INFO - [2026-03-25T11:29:37.870+0000] {dag.py:3096} INFO - Sync 1 DAGs
[2026-03-25T11:29:37.930+0000] {logging_mixin.py:188} INFO - [2026-03-25T11:29:37.929+0000] {dag.py:3954} INFO - Setting next_dagrun for latest_only_with_trigger to 2026-03-25 04:00:00+00:00, run_after=2026-03-25 08:00:00+00:00
[2026-03-25T11:29:37.989+0000] {processor.py:183} INFO - Processing /home/airflow/.local/lib/python3.12/site-packages/airflow/example_dags/example_latest_only_with_trigger.py took 0.201 seconds
[2026-03-25T11:30:08.582+0000] {processor.py:161} INFO - Started process (PID=1678) to work on /home/airflow/.local/lib/python3.12/site-packages/airflow/example_dags/example_latest_only_with_trigger.py
[2026-03-25T11:30:08.584+0000] {processor.py:830} INFO - Processing file /home/airflow/.local/lib/python3.12/site-packages/airflow/example_dags/example_latest_only_with_trigger.py for tasks to queue
[2026-03-25T11:30:08.590+0000] {logging_mixin.py:188} INFO - [2026-03-25T11:30:08.589+0000] {dagbag.py:540} INFO - Filling up the DagBag from /home/airflow/.local/lib/python3.12/site-packages/airflow/example_dags/example_latest_only_with_trigger.py
[2026-03-25T11:30:08.603+0000] {processor.py:840} INFO - DAG(s) 'latest_only_with_trigger' retrieved from /home/airflow/.local/lib/python3.12/site-packages/airflow/example_dags/example_latest_only_with_trigger.py
[2026-03-25T11:30:08.660+0000] {logging_mixin.py:188} INFO - [2026-03-25T11:30:08.660+0000] {dag.py:3096} INFO - Sync 1 DAGs
[2026-03-25T11:30:08.713+0000] {logging_mixin.py:188} INFO - [2026-03-25T11:30:08.712+0000] {dag.py:3954} INFO - Setting next_dagrun for latest_only_with_trigger to 2026-03-25 04:00:00+00:00, run_after=2026-03-25 08:00:00+00:00
[2026-03-25T11:30:08.791+0000] {processor.py:183} INFO - Processing /home/airflow/.local/lib/python3.12/site-packages/airflow/example_dags/example_latest_only_with_trigger.py took 0.226 seconds
[2026-03-25T11:30:39.017+0000] {processor.py:161} INFO - Started process (PID=1737) to work on /home/airflow/.local/lib/python3.12/site-packages/airflow/example_dags/example_latest_only_with_trigger.py
[2026-03-25T11:30:39.018+0000] {processor.py:830} INFO - Processing file /home/airflow/.local/lib/python3.12/site-packages/airflow/example_dags/example_latest_only_with_trigger.py for tasks to queue
[2026-03-25T11:30:39.020+0000] {logging_mixin.py:188} INFO - [2026-03-25T11:30:39.020+0000] {dagbag.py:540} INFO - Filling up the DagBag from /home/airflow/.local/lib/python3.12/site-packages/airflow/example_dags/example_latest_only_with_trigger.py
[2026-03-25T11:30:39.026+0000] {processor.py:840} INFO - DAG(s) 'latest_only_with_trigger' retrieved from /home/airflow/.local/lib/python3.12/site-packages/airflow/example_dags/example_latest_only_with_trigger.py
[2026-03-25T11:30:39.047+0000] {logging_mixin.py:188} INFO - [2026-03-25T11:30:39.046+0000] {dag.py:3096} INFO - Sync 1 DAGs
[2026-03-25T11:30:39.068+0000] {logging_mixin.py:188} INFO - [2026-03-25T11:30:39.067+0000] {dag.py:3954} INFO - Setting next_dagrun for latest_only_with_trigger to 2026-03-25 04:00:00+00:00, run_after=2026-03-25 08:00:00+00:00
[2026-03-25T11:30:39.114+0000] {processor.py:183} INFO - Processing /home/airflow/.local/lib/python3.12/site-packages/airflow/example_dags/example_latest_only_with_trigger.py took 0.102 seconds
[2026-03-25T11:31:09.952+0000] {processor.py:161} INFO - Started process (PID=1796) to work on /home/airflow/.local/lib/python3.12/site-packages/airflow/example_dags/example_latest_only_with_trigger.py
[2026-03-25T11:31:09.953+0000] {processor.py:830} INFO - Processing file /home/airflow/.local/lib/python3.12/site-packages/airflow/example_dags/example_latest_only_with_trigger.py for tasks to queue
[2026-03-25T11:31:09.954+0000] {logging_mixin.py:188} INFO - [2026-03-25T11:31:09.954+0000] {dagbag.py:540} INFO - Filling up the DagBag from /home/airflow/.local/lib/python3.12/site-packages/airflow/example_dags/example_latest_only_with_trigger.py
[2026-03-25T11:31:09.960+0000] {processor.py:840} INFO - DAG(s) 'latest_only_with_trigger' retrieved from /home/airflow/.local/lib/python3.12/site-packages/airflow/example_dags/example_latest_only_with_trigger.py
[2026-03-25T11:31:09.981+0000] {logging_mixin.py:188} INFO - [2026-03-25T11:31:09.981+0000] {dag.py:3096} INFO - Sync 1 DAGs
[2026-03-25T11:31:10.004+0000] {logging_mixin.py:188} INFO - [2026-03-25T11:31:10.004+0000] {dag.py:3954} INFO - Setting next_dagrun for latest_only_with_trigger to 2026-03-25 04:00:00+00:00, run_after=2026-03-25 08:00:00+00:00
[2026-03-25T11:31:10.102+0000] {processor.py:183} INFO - Processing /home/airflow/.local/lib/python3.12/site-packages/airflow/example_dags/example_latest_only_with_trigger.py took 0.155 seconds
[2026-03-25T11:31:40.188+0000] {processor.py:161} INFO - Started process (PID=1855) to work on /home/airflow/.local/lib/python3.12/site-packages/airflow/example_dags/example_latest_only_with_trigger.py
[2026-03-25T11:31:40.189+0000] {processor.py:830} INFO - Processing file /home/airflow/.local/lib/python3.12/site-packages/airflow/example_dags/example_latest_only_with_trigger.py for tasks to queue
[2026-03-25T11:31:40.191+0000] {logging_mixin.py:188} INFO - [2026-03-25T11:31:40.190+0000] {dagbag.py:540} INFO - Filling up the DagBag from /home/airflow/.local/lib/python3.12/site-packages/airflow/example_dags/example_latest_only_with_trigger.py
[2026-03-25T11:31:40.197+0000] {processor.py:840} INFO - DAG(s) 'latest_only_with_trigger' retrieved from /home/airflow/.local/lib/python3.12/site-packages/airflow/example_dags/example_latest_only_with_trigger.py
[2026-03-25T11:31:40.218+0000] {logging_mixin.py:188} INFO - [2026-03-25T11:31:40.217+0000] {dag.py:3096} INFO - Sync 1 DAGs
[2026-03-25T11:31:40.238+0000] {logging_mixin.py:188} INFO - [2026-03-25T11:31:40.238+0000] {dag.py:3954} INFO - Setting next_dagrun for latest_only_with_trigger to 2026-03-25 04:00:00+00:00, run_after=2026-03-25 08:00:00+00:00
[2026-03-25T11:31:40.288+0000] {processor.py:183} INFO - Processing /home/airflow/.local/lib/python3.12/site-packages/airflow/example_dags/example_latest_only_with_trigger.py took 0.105 seconds
[2026-03-25T11:32:10.947+0000] {processor.py:161} INFO - Started process (PID=1914) to work on /home/airflow/.local/lib/python3.12/site-packages/airflow/example_dags/example_latest_only_with_trigger.py
[2026-03-25T11:32:10.949+0000] {processor.py:830} INFO - Processing file /home/airflow/.local/lib/python3.12/site-packages/airflow/example_dags/example_latest_only_with_trigger.py for tasks to queue
[2026-03-25T11:32:10.951+0000] {logging_mixin.py:188} INFO - [2026-03-25T11:32:10.950+0000] {dagbag.py:540} INFO - Filling up the DagBag from /home/airflow/.local/lib/python3.12/site-packages/airflow/example_dags/example_latest_only_with_trigger.py
[2026-03-25T11:32:10.956+0000] {processor.py:840} INFO - DAG(s) 'latest_only_with_trigger' retrieved from /home/airflow/.local/lib/python3.12/site-packages/airflow/example_dags/example_latest_only_with_trigger.py
[2026-03-25T11:32:10.978+0000] {logging_mixin.py:188} INFO - [2026-03-25T11:32:10.978+0000] {dag.py:3096} INFO - Sync 1 DAGs
[2026-03-25T11:32:10.999+0000] {logging_mixin.py:188} INFO - [2026-03-25T11:32:10.998+0000] {dag.py:3954} INFO - Setting next_dagrun for latest_only_with_trigger to 2026-03-25 04:00:00+00:00, run_after=2026-03-25 08:00:00+00:00
[2026-03-25T11:32:11.070+0000] {processor.py:183} INFO - Processing /home/airflow/.local/lib/python3.12/site-packages/airflow/example_dags/example_latest_only_with_trigger.py took 0.127 seconds
[2026-03-25T11:34:37.305+0000] {processor.py:161} INFO - Started process (PID=84) to work on /home/airflow/.local/lib/python3.12/site-packages/airflow/example_dags/example_latest_only_with_trigger.py
[2026-03-25T11:34:37.307+0000] {processor.py:830} INFO - Processing file /home/airflow/.local/lib/python3.12/site-packages/airflow/example_dags/example_latest_only_with_trigger.py for tasks to queue
[2026-03-25T11:34:37.309+0000] {logging_mixin.py:188} INFO - [2026-03-25T11:34:37.309+0000] {dagbag.py:540} INFO - Filling up the DagBag from /home/airflow/.local/lib/python3.12/site-packages/airflow/example_dags/example_latest_only_with_trigger.py
[2026-03-25T11:34:37.319+0000] {processor.py:840} INFO - DAG(s) 'latest_only_with_trigger' retrieved from /home/airflow/.local/lib/python3.12/site-packages/airflow/example_dags/example_latest_only_with_trigger.py
[2026-03-25T11:34:37.508+0000] {logging_mixin.py:188} INFO - [2026-03-25T11:34:37.508+0000] {dag.py:3096} INFO - Sync 1 DAGs
[2026-03-25T11:34:37.543+0000] {logging_mixin.py:188} INFO - [2026-03-25T11:34:37.543+0000] {dag.py:3954} INFO - Setting next_dagrun for latest_only_with_trigger to 2026-03-25 04:00:00+00:00, run_after=2026-03-25 08:00:00+00:00
[2026-03-25T11:34:37.630+0000] {processor.py:183} INFO - Processing /home/airflow/.local/lib/python3.12/site-packages/airflow/example_dags/example_latest_only_with_trigger.py took 0.333 seconds
[2026-03-25T11:35:07.867+0000] {processor.py:161} INFO - Started process (PID=143) to work on /home/airflow/.local/lib/python3.12/site-packages/airflow/example_dags/example_latest_only_with_trigger.py
[2026-03-25T11:35:07.868+0000] {processor.py:830} INFO - Processing file /home/airflow/.local/lib/python3.12/site-packages/airflow/example_dags/example_latest_only_with_trigger.py for tasks to queue
[2026-03-25T11:35:07.870+0000] {logging_mixin.py:188} INFO - [2026-03-25T11:35:07.870+0000] {dagbag.py:540} INFO - Filling up the DagBag from /home/airflow/.local/lib/python3.12/site-packages/airflow/example_dags/example_latest_only_with_trigger.py
[2026-03-25T11:35:07.876+0000] {processor.py:840} INFO - DAG(s) 'latest_only_with_trigger' retrieved from /home/airflow/.local/lib/python3.12/site-packages/airflow/example_dags/example_latest_only_with_trigger.py
[2026-03-25T11:35:07.896+0000] {logging_mixin.py:188} INFO - [2026-03-25T11:35:07.896+0000] {dag.py:3096} INFO - Sync 1 DAGs
[2026-03-25T11:35:07.918+0000] {logging_mixin.py:188} INFO - [2026-03-25T11:35:07.918+0000] {dag.py:3954} INFO - Setting next_dagrun for latest_only_with_trigger to 2026-03-25 04:00:00+00:00, run_after=2026-03-25 08:00:00+00:00
[2026-03-25T11:35:07.955+0000] {processor.py:183} INFO - Processing /home/airflow/.local/lib/python3.12/site-packages/airflow/example_dags/example_latest_only_with_trigger.py took 0.094 seconds
[2026-03-25T11:35:38.793+0000] {processor.py:161} INFO - Started process (PID=196) to work on /home/airflow/.local/lib/python3.12/site-packages/airflow/example_dags/example_latest_only_with_trigger.py
[2026-03-25T11:35:38.795+0000] {processor.py:830} INFO - Processing file /home/airflow/.local/lib/python3.12/site-packages/airflow/example_dags/example_latest_only_with_trigger.py for tasks to queue
[2026-03-25T11:35:38.797+0000] {logging_mixin.py:188} INFO - [2026-03-25T11:35:38.797+0000] {dagbag.py:540} INFO - Filling up the DagBag from /home/airflow/.local/lib/python3.12/site-packages/airflow/example_dags/example_latest_only_with_trigger.py
[2026-03-25T11:35:38.804+0000] {processor.py:840} INFO - DAG(s) 'latest_only_with_trigger' retrieved from /home/airflow/.local/lib/python3.12/site-packages/airflow/example_dags/example_latest_only_with_trigger.py
[2026-03-25T11:35:38.832+0000] {logging_mixin.py:188} INFO - [2026-03-25T11:35:38.831+0000] {dag.py:3096} INFO - Sync 1 DAGs
[2026-03-25T11:35:38.861+0000] {logging_mixin.py:188} INFO - [2026-03-25T11:35:38.861+0000] {dag.py:3954} INFO - Setting next_dagrun for latest_only_with_trigger to 2026-03-25 04:00:00+00:00, run_after=2026-03-25 08:00:00+00:00
[2026-03-25T11:35:38.945+0000] {processor.py:183} INFO - Processing /home/airflow/.local/lib/python3.12/site-packages/airflow/example_dags/example_latest_only_with_trigger.py took 0.159 seconds
[2026-03-25T11:36:12.887+0000] {processor.py:161} INFO - Started process (PID=256) to work on /home/airflow/.local/lib/python3.12/site-packages/airflow/example_dags/example_latest_only_with_trigger.py
[2026-03-25T11:36:12.888+0000] {processor.py:830} INFO - Processing file /home/airflow/.local/lib/python3.12/site-packages/airflow/example_dags/example_latest_only_with_trigger.py for tasks to queue
[2026-03-25T11:36:12.890+0000] {logging_mixin.py:188} INFO - [2026-03-25T11:36:12.889+0000] {dagbag.py:540} INFO - Filling up the DagBag from /home/airflow/.local/lib/python3.12/site-packages/airflow/example_dags/example_latest_only_with_trigger.py
[2026-03-25T11:36:12.895+0000] {processor.py:840} INFO - DAG(s) 'latest_only_with_trigger' retrieved from /home/airflow/.local/lib/python3.12/site-packages/airflow/example_dags/example_latest_only_with_trigger.py
[2026-03-25T11:36:13.029+0000] {logging_mixin.py:188} INFO - [2026-03-25T11:36:13.029+0000] {dag.py:3096} INFO - Sync 1 DAGs
[2026-03-25T11:36:13.050+0000] {logging_mixin.py:188} INFO - [2026-03-25T11:36:13.050+0000] {dag.py:3954} INFO - Setting next_dagrun for latest_only_with_trigger to 2026-03-25 04:00:00+00:00, run_after=2026-03-25 08:00:00+00:00
[2026-03-25T11:36:13.089+0000] {processor.py:183} INFO - Processing /home/airflow/.local/lib/python3.12/site-packages/airflow/example_dags/example_latest_only_with_trigger.py took 0.208 seconds
[2026-03-25T11:36:45.703+0000] {processor.py:161} INFO - Started process (PID=315) to work on /home/airflow/.local/lib/python3.12/site-packages/airflow/example_dags/example_latest_only_with_trigger.py
[2026-03-25T11:36:45.705+0000] {processor.py:830} INFO - Processing file /home/airflow/.local/lib/python3.12/site-packages/airflow/example_dags/example_latest_only_with_trigger.py for tasks to queue
[2026-03-25T11:36:45.708+0000] {logging_mixin.py:188} INFO - [2026-03-25T11:36:45.707+0000] {dagbag.py:540} INFO - Filling up the DagBag from /home/airflow/.local/lib/python3.12/site-packages/airflow/example_dags/example_latest_only_with_trigger.py
[2026-03-25T11:36:45.717+0000] {processor.py:840} INFO - DAG(s) 'latest_only_with_trigger' retrieved from /home/airflow/.local/lib/python3.12/site-packages/airflow/example_dags/example_latest_only_with_trigger.py
[2026-03-25T11:36:45.751+0000] {logging_mixin.py:188} INFO - [2026-03-25T11:36:45.750+0000] {dag.py:3096} INFO - Sync 1 DAGs
[2026-03-25T11:36:45.790+0000] {logging_mixin.py:188} INFO - [2026-03-25T11:36:45.790+0000] {dag.py:3954} INFO - Setting next_dagrun for latest_only_with_trigger to 2026-03-25 04:00:00+00:00, run_after=2026-03-25 08:00:00+00:00
[2026-03-25T11:36:45.852+0000] {processor.py:183} INFO - Processing /home/airflow/.local/lib/python3.12/site-packages/airflow/example_dags/example_latest_only_with_trigger.py took 0.158 seconds
[2026-03-25T11:37:17.979+0000] {processor.py:161} INFO - Started process (PID=374) to work on /home/airflow/.local/lib/python3.12/site-packages/airflow/example_dags/example_latest_only_with_trigger.py
[2026-03-25T11:37:17.980+0000] {processor.py:830} INFO - Processing file /home/airflow/.local/lib/python3.12/site-packages/airflow/example_dags/example_latest_only_with_trigger.py for tasks to queue
[2026-03-25T11:37:17.984+0000] {logging_mixin.py:188} INFO - [2026-03-25T11:37:17.984+0000] {dagbag.py:540} INFO - Filling up the DagBag from /home/airflow/.local/lib/python3.12/site-packages/airflow/example_dags/example_latest_only_with_trigger.py
[2026-03-25T11:37:17.996+0000] {processor.py:840} INFO - DAG(s) 'latest_only_with_trigger' retrieved from /home/airflow/.local/lib/python3.12/site-packages/airflow/example_dags/example_latest_only_with_trigger.py
[2026-03-25T11:37:18.041+0000] {logging_mixin.py:188} INFO - [2026-03-25T11:37:18.041+0000] {dag.py:3096} INFO - Sync 1 DAGs
[2026-03-25T11:37:18.097+0000] {logging_mixin.py:188} INFO - [2026-03-25T11:37:18.097+0000] {dag.py:3954} INFO - Setting next_dagrun for latest_only_with_trigger to 2026-03-25 04:00:00+00:00, run_after=2026-03-25 08:00:00+00:00
[2026-03-25T11:37:18.174+0000] {processor.py:183} INFO - Processing /home/airflow/.local/lib/python3.12/site-packages/airflow/example_dags/example_latest_only_with_trigger.py took 0.206 seconds
[2026-03-25T11:37:50.617+0000] {processor.py:161} INFO - Started process (PID=433) to work on /home/airflow/.local/lib/python3.12/site-packages/airflow/example_dags/example_latest_only_with_trigger.py
[2026-03-25T11:37:50.619+0000] {processor.py:830} INFO - Processing file /home/airflow/.local/lib/python3.12/site-packages/airflow/example_dags/example_latest_only_with_trigger.py for tasks to queue
[2026-03-25T11:37:50.621+0000] {logging_mixin.py:188} INFO - [2026-03-25T11:37:50.620+0000] {dagbag.py:540} INFO - Filling up the DagBag from /home/airflow/.local/lib/python3.12/site-packages/airflow/example_dags/example_latest_only_with_trigger.py
[2026-03-25T11:37:50.626+0000] {processor.py:840} INFO - DAG(s) 'latest_only_with_trigger' retrieved from /home/airflow/.local/lib/python3.12/site-packages/airflow/example_dags/example_latest_only_with_trigger.py
[2026-03-25T11:37:50.650+0000] {logging_mixin.py:188} INFO - [2026-03-25T11:37:50.650+0000] {dag.py:3096} INFO - Sync 1 DAGs
[2026-03-25T11:37:50.672+0000] {logging_mixin.py:188} INFO - [2026-03-25T11:37:50.672+0000] {dag.py:3954} INFO - Setting next_dagrun for latest_only_with_trigger to 2026-03-25 04:00:00+00:00, run_after=2026-03-25 08:00:00+00:00
[2026-03-25T11:37:50.713+0000] {processor.py:183} INFO - Processing /home/airflow/.local/lib/python3.12/site-packages/airflow/example_dags/example_latest_only_with_trigger.py took 0.102 seconds
[2026-03-25T11:38:22.634+0000] {processor.py:161} INFO - Started process (PID=492) to work on /home/airflow/.local/lib/python3.12/site-packages/airflow/example_dags/example_latest_only_with_trigger.py
[2026-03-25T11:38:22.635+0000] {processor.py:830} INFO - Processing file /home/airflow/.local/lib/python3.12/site-packages/airflow/example_dags/example_latest_only_with_trigger.py for tasks to queue
[2026-03-25T11:38:22.637+0000] {logging_mixin.py:188} INFO - [2026-03-25T11:38:22.637+0000] {dagbag.py:540} INFO - Filling up the DagBag from /home/airflow/.local/lib/python3.12/site-packages/airflow/example_dags/example_latest_only_with_trigger.py
[2026-03-25T11:38:22.643+0000] {processor.py:840} INFO - DAG(s) 'latest_only_with_trigger' retrieved from /home/airflow/.local/lib/python3.12/site-packages/airflow/example_dags/example_latest_only_with_trigger.py
[2026-03-25T11:38:22.664+0000] {logging_mixin.py:188} INFO - [2026-03-25T11:38:22.664+0000] {dag.py:3096} INFO - Sync 1 DAGs
[2026-03-25T11:38:22.686+0000] {logging_mixin.py:188} INFO - [2026-03-25T11:38:22.686+0000] {dag.py:3954} INFO - Setting next_dagrun for latest_only_with_trigger to 2026-03-25 04:00:00+00:00, run_after=2026-03-25 08:00:00+00:00
[2026-03-25T11:38:22.731+0000] {processor.py:183} INFO - Processing /home/airflow/.local/lib/python3.12/site-packages/airflow/example_dags/example_latest_only_with_trigger.py took 0.102 seconds
[2026-03-25T11:38:55.369+0000] {processor.py:161} INFO - Started process (PID=551) to work on /home/airflow/.local/lib/python3.12/site-packages/airflow/example_dags/example_latest_only_with_trigger.py
[2026-03-25T11:38:55.370+0000] {processor.py:830} INFO - Processing file /home/airflow/.local/lib/python3.12/site-packages/airflow/example_dags/example_latest_only_with_trigger.py for tasks to queue
[2026-03-25T11:38:55.372+0000] {logging_mixin.py:188} INFO - [2026-03-25T11:38:55.372+0000] {dagbag.py:540} INFO - Filling up the DagBag from /home/airflow/.local/lib/python3.12/site-packages/airflow/example_dags/example_latest_only_with_trigger.py
[2026-03-25T11:38:55.378+0000] {processor.py:840} INFO - DAG(s) 'latest_only_with_trigger' retrieved from /home/airflow/.local/lib/python3.12/site-packages/airflow/example_dags/example_latest_only_with_trigger.py
[2026-03-25T11:38:55.399+0000] {logging_mixin.py:188} INFO - [2026-03-25T11:38:55.399+0000] {dag.py:3096} INFO - Sync 1 DAGs
[2026-03-25T11:38:55.421+0000] {logging_mixin.py:188} INFO - [2026-03-25T11:38:55.421+0000] {dag.py:3954} INFO - Setting next_dagrun for latest_only_with_trigger to 2026-03-25 04:00:00+00:00, run_after=2026-03-25 08:00:00+00:00
[2026-03-25T11:38:55.460+0000] {processor.py:183} INFO - Processing /home/airflow/.local/lib/python3.12/site-packages/airflow/example_dags/example_latest_only_with_trigger.py took 0.097 seconds
[2026-03-25T11:39:28.059+0000] {processor.py:161} INFO - Started process (PID=610) to work on /home/airflow/.local/lib/python3.12/site-packages/airflow/example_dags/example_latest_only_with_trigger.py
[2026-03-25T11:39:28.060+0000] {processor.py:830} INFO - Processing file /home/airflow/.local/lib/python3.12/site-packages/airflow/example_dags/example_latest_only_with_trigger.py for tasks to queue
[2026-03-25T11:39:28.062+0000] {logging_mixin.py:188} INFO - [2026-03-25T11:39:28.062+0000] {dagbag.py:540} INFO - Filling up the DagBag from /home/airflow/.local/lib/python3.12/site-packages/airflow/example_dags/example_latest_only_with_trigger.py
[2026-03-25T11:39:28.068+0000] {processor.py:840} INFO - DAG(s) 'latest_only_with_trigger' retrieved from /home/airflow/.local/lib/python3.12/site-packages/airflow/example_dags/example_latest_only_with_trigger.py
[2026-03-25T11:39:28.088+0000] {logging_mixin.py:188} INFO - [2026-03-25T11:39:28.088+0000] {dag.py:3096} INFO - Sync 1 DAGs
[2026-03-25T11:39:28.111+0000] {logging_mixin.py:188} INFO - [2026-03-25T11:39:28.110+0000] {dag.py:3954} INFO - Setting next_dagrun for latest_only_with_trigger to 2026-03-25 04:00:00+00:00, run_after=2026-03-25 08:00:00+00:00
[2026-03-25T11:39:28.154+0000] {processor.py:183} INFO - Processing /home/airflow/.local/lib/python3.12/site-packages/airflow/example_dags/example_latest_only_with_trigger.py took 0.100 seconds
[2026-03-25T11:40:01.128+0000] {processor.py:161} INFO - Started process (PID=669) to work on /home/airflow/.local/lib/python3.12/site-packages/airflow/example_dags/example_latest_only_with_trigger.py
[2026-03-25T11:40:01.130+0000] {processor.py:830} INFO - Processing file /home/airflow/.local/lib/python3.12/site-packages/airflow/example_dags/example_latest_only_with_trigger.py for tasks to queue
[2026-03-25T11:40:01.131+0000] {logging_mixin.py:188} INFO - [2026-03-25T11:40:01.131+0000] {dagbag.py:540} INFO - Filling up the DagBag from /home/airflow/.local/lib/python3.12/site-packages/airflow/example_dags/example_latest_only_with_trigger.py
[2026-03-25T11:40:01.137+0000] {processor.py:840} INFO - DAG(s) 'latest_only_with_trigger' retrieved from /home/airflow/.local/lib/python3.12/site-packages/airflow/example_dags/example_latest_only_with_trigger.py
[2026-03-25T11:40:01.159+0000] {logging_mixin.py:188} INFO - [2026-03-25T11:40:01.158+0000] {dag.py:3096} INFO - Sync 1 DAGs
[2026-03-25T11:40:01.180+0000] {logging_mixin.py:188} INFO - [2026-03-25T11:40:01.180+0000] {dag.py:3954} INFO - Setting next_dagrun for latest_only_with_trigger to 2026-03-25 04:00:00+00:00, run_after=2026-03-25 08:00:00+00:00
[2026-03-25T11:40:01.229+0000] {processor.py:183} INFO - Processing /home/airflow/.local/lib/python3.12/site-packages/airflow/example_dags/example_latest_only_with_trigger.py took 0.106 seconds
[2026-03-25T11:40:33.371+0000] {processor.py:161} INFO - Started process (PID=728) to work on /home/airflow/.local/lib/python3.12/site-packages/airflow/example_dags/example_latest_only_with_trigger.py
[2026-03-25T11:40:33.372+0000] {processor.py:830} INFO - Processing file /home/airflow/.local/lib/python3.12/site-packages/airflow/example_dags/example_latest_only_with_trigger.py for tasks to queue
[2026-03-25T11:40:33.374+0000] {logging_mixin.py:188} INFO - [2026-03-25T11:40:33.374+0000] {dagbag.py:540} INFO - Filling up the DagBag from /home/airflow/.local/lib/python3.12/site-packages/airflow/example_dags/example_latest_only_with_trigger.py
[2026-03-25T11:40:33.380+0000] {processor.py:840} INFO - DAG(s) 'latest_only_with_trigger' retrieved from /home/airflow/.local/lib/python3.12/site-packages/airflow/example_dags/example_latest_only_with_trigger.py
[2026-03-25T11:40:33.399+0000] {logging_mixin.py:188} INFO - [2026-03-25T11:40:33.399+0000] {dag.py:3096} INFO - Sync 1 DAGs
[2026-03-25T11:40:33.420+0000] {logging_mixin.py:188} INFO - [2026-03-25T11:40:33.420+0000] {dag.py:3954} INFO - Setting next_dagrun for latest_only_with_trigger to 2026-03-25 04:00:00+00:00, run_after=2026-03-25 08:00:00+00:00
[2026-03-25T11:40:33.458+0000] {processor.py:183} INFO - Processing /home/airflow/.local/lib/python3.12/site-packages/airflow/example_dags/example_latest_only_with_trigger.py took 0.094 seconds
[2026-03-25T11:41:06.411+0000] {processor.py:161} INFO - Started process (PID=787) to work on /home/airflow/.local/lib/python3.12/site-packages/airflow/example_dags/example_latest_only_with_trigger.py
[2026-03-25T11:41:06.413+0000] {processor.py:830} INFO - Processing file /home/airflow/.local/lib/python3.12/site-packages/airflow/example_dags/example_latest_only_with_trigger.py for tasks to queue
[2026-03-25T11:41:06.415+0000] {logging_mixin.py:188} INFO - [2026-03-25T11:41:06.415+0000] {dagbag.py:540} INFO - Filling up the DagBag from /home/airflow/.local/lib/python3.12/site-packages/airflow/example_dags/example_latest_only_with_trigger.py
[2026-03-25T11:41:06.421+0000] {processor.py:840} INFO - DAG(s) 'latest_only_with_trigger' retrieved from /home/airflow/.local/lib/python3.12/site-packages/airflow/example_dags/example_latest_only_with_trigger.py
[2026-03-25T11:41:06.441+0000] {logging_mixin.py:188} INFO - [2026-03-25T11:41:06.441+0000] {dag.py:3096} INFO - Sync 1 DAGs
[2026-03-25T11:41:06.467+0000] {logging_mixin.py:188} INFO - [2026-03-25T11:41:06.466+0000] {dag.py:3954} INFO - Setting next_dagrun for latest_only_with_trigger to 2026-03-25 04:00:00+00:00, run_after=2026-03-25 08:00:00+00:00
[2026-03-25T11:41:06.506+0000] {processor.py:183} INFO - Processing /home/airflow/.local/lib/python3.12/site-packages/airflow/example_dags/example_latest_only_with_trigger.py took 0.101 seconds
[2026-03-25T11:41:40.521+0000] {processor.py:161} INFO - Started process (PID=846) to work on /home/airflow/.local/lib/python3.12/site-packages/airflow/example_dags/example_latest_only_with_trigger.py
[2026-03-25T11:41:40.522+0000] {processor.py:830} INFO - Processing file /home/airflow/.local/lib/python3.12/site-packages/airflow/example_dags/example_latest_only_with_trigger.py for tasks to queue
[2026-03-25T11:41:40.524+0000] {logging_mixin.py:188} INFO - [2026-03-25T11:41:40.523+0000] {dagbag.py:540} INFO - Filling up the DagBag from /home/airflow/.local/lib/python3.12/site-packages/airflow/example_dags/example_latest_only_with_trigger.py
[2026-03-25T11:41:40.531+0000] {processor.py:840} INFO - DAG(s) 'latest_only_with_trigger' retrieved from /home/airflow/.local/lib/python3.12/site-packages/airflow/example_dags/example_latest_only_with_trigger.py
[2026-03-25T11:41:40.553+0000] {logging_mixin.py:188} INFO - [2026-03-25T11:41:40.553+0000] {dag.py:3096} INFO - Sync 1 DAGs
[2026-03-25T11:41:40.577+0000] {logging_mixin.py:188} INFO - [2026-03-25T11:41:40.577+0000] {dag.py:3954} INFO - Setting next_dagrun for latest_only_with_trigger to 2026-03-25 04:00:00+00:00, run_after=2026-03-25 08:00:00+00:00
[2026-03-25T11:41:40.612+0000] {processor.py:183} INFO - Processing /home/airflow/.local/lib/python3.12/site-packages/airflow/example_dags/example_latest_only_with_trigger.py took 0.097 seconds
[2026-03-25T11:42:11.562+0000] {processor.py:161} INFO - Started process (PID=905) to work on /home/airflow/.local/lib/python3.12/site-packages/airflow/example_dags/example_latest_only_with_trigger.py
[2026-03-25T11:42:11.564+0000] {processor.py:830} INFO - Processing file /home/airflow/.local/lib/python3.12/site-packages/airflow/example_dags/example_latest_only_with_trigger.py for tasks to queue
[2026-03-25T11:42:11.567+0000] {logging_mixin.py:188} INFO - [2026-03-25T11:42:11.567+0000] {dagbag.py:540} INFO - Filling up the DagBag from /home/airflow/.local/lib/python3.12/site-packages/airflow/example_dags/example_latest_only_with_trigger.py
[2026-03-25T11:42:11.576+0000] {processor.py:840} INFO - DAG(s) 'latest_only_with_trigger' retrieved from /home/airflow/.local/lib/python3.12/site-packages/airflow/example_dags/example_latest_only_with_trigger.py
[2026-03-25T11:42:11.613+0000] {logging_mixin.py:188} INFO - [2026-03-25T11:42:11.613+0000] {dag.py:3096} INFO - Sync 1 DAGs
[2026-03-25T11:42:11.682+0000] {logging_mixin.py:188} INFO - [2026-03-25T11:42:11.682+0000] {dag.py:3954} INFO - Setting next_dagrun for latest_only_with_trigger to 2026-03-25 04:00:00+00:00, run_after=2026-03-25 08:00:00+00:00
[2026-03-25T11:42:11.722+0000] {processor.py:183} INFO - Processing /home/airflow/.local/lib/python3.12/site-packages/airflow/example_dags/example_latest_only_with_trigger.py took 0.171 seconds
[2026-03-25T11:42:44.485+0000] {processor.py:161} INFO - Started process (PID=964) to work on /home/airflow/.local/lib/python3.12/site-packages/airflow/example_dags/example_latest_only_with_trigger.py
[2026-03-25T11:42:44.486+0000] {processor.py:830} INFO - Processing file /home/airflow/.local/lib/python3.12/site-packages/airflow/example_dags/example_latest_only_with_trigger.py for tasks to queue
[2026-03-25T11:42:44.489+0000] {logging_mixin.py:188} INFO - [2026-03-25T11:42:44.488+0000] {dagbag.py:540} INFO - Filling up the DagBag from /home/airflow/.local/lib/python3.12/site-packages/airflow/example_dags/example_latest_only_with_trigger.py
[2026-03-25T11:42:44.495+0000] {processor.py:840} INFO - DAG(s) 'latest_only_with_trigger' retrieved from /home/airflow/.local/lib/python3.12/site-packages/airflow/example_dags/example_latest_only_with_trigger.py
[2026-03-25T11:42:44.518+0000] {logging_mixin.py:188} INFO - [2026-03-25T11:42:44.517+0000] {dag.py:3096} INFO - Sync 1 DAGs
[2026-03-25T11:42:44.542+0000] {logging_mixin.py:188} INFO - [2026-03-25T11:42:44.541+0000] {dag.py:3954} INFO - Setting next_dagrun for latest_only_with_trigger to 2026-03-25 04:00:00+00:00, run_after=2026-03-25 08:00:00+00:00
[2026-03-25T11:42:44.580+0000] {processor.py:183} INFO - Processing /home/airflow/.local/lib/python3.12/site-packages/airflow/example_dags/example_latest_only_with_trigger.py took 0.101 seconds
[2026-03-25T11:43:17.952+0000] {processor.py:161} INFO - Started process (PID=1023) to work on /home/airflow/.local/lib/python3.12/site-packages/airflow/example_dags/example_latest_only_with_trigger.py
[2026-03-25T11:43:17.953+0000] {processor.py:830} INFO - Processing file /home/airflow/.local/lib/python3.12/site-packages/airflow/example_dags/example_latest_only_with_trigger.py for tasks to queue
[2026-03-25T11:43:17.955+0000] {logging_mixin.py:188} INFO - [2026-03-25T11:43:17.955+0000] {dagbag.py:540} INFO - Filling up the DagBag from /home/airflow/.local/lib/python3.12/site-packages/airflow/example_dags/example_latest_only_with_trigger.py
[2026-03-25T11:43:17.961+0000] {processor.py:840} INFO - DAG(s) 'latest_only_with_trigger' retrieved from /home/airflow/.local/lib/python3.12/site-packages/airflow/example_dags/example_latest_only_with_trigger.py
[2026-03-25T11:43:17.983+0000] {logging_mixin.py:188} INFO - [2026-03-25T11:43:17.982+0000] {dag.py:3096} INFO - Sync 1 DAGs
[2026-03-25T11:43:18.008+0000] {logging_mixin.py:188} INFO - [2026-03-25T11:43:18.007+0000] {dag.py:3954} INFO - Setting next_dagrun for latest_only_with_trigger to 2026-03-25 04:00:00+00:00, run_after=2026-03-25 08:00:00+00:00
[2026-03-25T11:43:18.054+0000] {processor.py:183} INFO - Processing /home/airflow/.local/lib/python3.12/site-packages/airflow/example_dags/example_latest_only_with_trigger.py took 0.108 seconds
[2026-03-25T11:43:50.079+0000] {processor.py:161} INFO - Started process (PID=1082) to work on /home/airflow/.local/lib/python3.12/site-packages/airflow/example_dags/example_latest_only_with_trigger.py
[2026-03-25T11:43:50.080+0000] {processor.py:830} INFO - Processing file /home/airflow/.local/lib/python3.12/site-packages/airflow/example_dags/example_latest_only_with_trigger.py for tasks to queue
[2026-03-25T11:43:50.082+0000] {logging_mixin.py:188} INFO - [2026-03-25T11:43:50.082+0000] {dagbag.py:540} INFO - Filling up the DagBag from /home/airflow/.local/lib/python3.12/site-packages/airflow/example_dags/example_latest_only_with_trigger.py
[2026-03-25T11:43:50.088+0000] {processor.py:840} INFO - DAG(s) 'latest_only_with_trigger' retrieved from /home/airflow/.local/lib/python3.12/site-packages/airflow/example_dags/example_latest_only_with_trigger.py
[2026-03-25T11:43:50.108+0000] {logging_mixin.py:188} INFO - [2026-03-25T11:43:50.108+0000] {dag.py:3096} INFO - Sync 1 DAGs
[2026-03-25T11:43:50.130+0000] {logging_mixin.py:188} INFO - [2026-03-25T11:43:50.129+0000] {dag.py:3954} INFO - Setting next_dagrun for latest_only_with_trigger to 2026-03-25 04:00:00+00:00, run_after=2026-03-25 08:00:00+00:00
[2026-03-25T11:43:50.179+0000] {processor.py:183} INFO - Processing /home/airflow/.local/lib/python3.12/site-packages/airflow/example_dags/example_latest_only_with_trigger.py took 0.105 seconds
[2026-03-25T11:44:22.694+0000] {processor.py:161} INFO - Started process (PID=1141) to work on /home/airflow/.local/lib/python3.12/site-packages/airflow/example_dags/example_latest_only_with_trigger.py
[2026-03-25T11:44:22.695+0000] {processor.py:830} INFO - Processing file /home/airflow/.local/lib/python3.12/site-packages/airflow/example_dags/example_latest_only_with_trigger.py for tasks to queue
[2026-03-25T11:44:22.696+0000] {logging_mixin.py:188} INFO - [2026-03-25T11:44:22.696+0000] {dagbag.py:540} INFO - Filling up the DagBag from /home/airflow/.local/lib/python3.12/site-packages/airflow/example_dags/example_latest_only_with_trigger.py
[2026-03-25T11:44:22.702+0000] {processor.py:840} INFO - DAG(s) 'latest_only_with_trigger' retrieved from /home/airflow/.local/lib/python3.12/site-packages/airflow/example_dags/example_latest_only_with_trigger.py
[2026-03-25T11:44:22.722+0000] {logging_mixin.py:188} INFO - [2026-03-25T11:44:22.722+0000] {dag.py:3096} INFO - Sync 1 DAGs
[2026-03-25T11:44:22.745+0000] {logging_mixin.py:188} INFO - [2026-03-25T11:44:22.745+0000] {dag.py:3954} INFO - Setting next_dagrun for latest_only_with_trigger to 2026-03-25 04:00:00+00:00, run_after=2026-03-25 08:00:00+00:00
[2026-03-25T11:44:22.782+0000] {processor.py:183} INFO - Processing /home/airflow/.local/lib/python3.12/site-packages/airflow/example_dags/example_latest_only_with_trigger.py took 0.094 seconds
[2026-03-25T11:44:55.621+0000] {processor.py:161} INFO - Started process (PID=1200) to work on /home/airflow/.local/lib/python3.12/site-packages/airflow/example_dags/example_latest_only_with_trigger.py
[2026-03-25T11:44:55.623+0000] {processor.py:830} INFO - Processing file /home/airflow/.local/lib/python3.12/site-packages/airflow/example_dags/example_latest_only_with_trigger.py for tasks to queue
[2026-03-25T11:44:55.625+0000] {logging_mixin.py:188} INFO - [2026-03-25T11:44:55.625+0000] {dagbag.py:540} INFO - Filling up the DagBag from /home/airflow/.local/lib/python3.12/site-packages/airflow/example_dags/example_latest_only_with_trigger.py
[2026-03-25T11:44:55.631+0000] {processor.py:840} INFO - DAG(s) 'latest_only_with_trigger' retrieved from /home/airflow/.local/lib/python3.12/site-packages/airflow/example_dags/example_latest_only_with_trigger.py
[2026-03-25T11:44:55.662+0000] {logging_mixin.py:188} INFO - [2026-03-25T11:44:55.661+0000] {dag.py:3096} INFO - Sync 1 DAGs
[2026-03-25T11:44:55.696+0000] {logging_mixin.py:188} INFO - [2026-03-25T11:44:55.696+0000] {dag.py:3954} INFO - Setting next_dagrun for latest_only_with_trigger to 2026-03-25 04:00:00+00:00, run_after=2026-03-25 08:00:00+00:00
[2026-03-25T11:44:55.750+0000] {processor.py:183} INFO - Processing /home/airflow/.local/lib/python3.12/site-packages/airflow/example_dags/example_latest_only_with_trigger.py took 0.135 seconds
[2026-03-25T11:45:28.486+0000] {processor.py:161} INFO - Started process (PID=1259) to work on /home/airflow/.local/lib/python3.12/site-packages/airflow/example_dags/example_latest_only_with_trigger.py
[2026-03-25T11:45:28.487+0000] {processor.py:830} INFO - Processing file /home/airflow/.local/lib/python3.12/site-packages/airflow/example_dags/example_latest_only_with_trigger.py for tasks to queue
[2026-03-25T11:45:28.489+0000] {logging_mixin.py:188} INFO - [2026-03-25T11:45:28.489+0000] {dagbag.py:540} INFO - Filling up the DagBag from /home/airflow/.local/lib/python3.12/site-packages/airflow/example_dags/example_latest_only_with_trigger.py
[2026-03-25T11:45:28.495+0000] {processor.py:840} INFO - DAG(s) 'latest_only_with_trigger' retrieved from /home/airflow/.local/lib/python3.12/site-packages/airflow/example_dags/example_latest_only_with_trigger.py
[2026-03-25T11:45:28.517+0000] {logging_mixin.py:188} INFO - [2026-03-25T11:45:28.516+0000] {dag.py:3096} INFO - Sync 1 DAGs
[2026-03-25T11:45:28.541+0000] {logging_mixin.py:188} INFO - [2026-03-25T11:45:28.541+0000] {dag.py:3954} INFO - Setting next_dagrun for latest_only_with_trigger to 2026-03-25 04:00:00+00:00, run_after=2026-03-25 08:00:00+00:00
[2026-03-25T11:45:28.616+0000] {processor.py:183} INFO - Processing /home/airflow/.local/lib/python3.12/site-packages/airflow/example_dags/example_latest_only_with_trigger.py took 0.135 seconds
[2026-03-25T11:46:00.800+0000] {processor.py:161} INFO - Started process (PID=1318) to work on /home/airflow/.local/lib/python3.12/site-packages/airflow/example_dags/example_latest_only_with_trigger.py
[2026-03-25T11:46:00.801+0000] {processor.py:830} INFO - Processing file /home/airflow/.local/lib/python3.12/site-packages/airflow/example_dags/example_latest_only_with_trigger.py for tasks to queue
[2026-03-25T11:46:00.803+0000] {logging_mixin.py:188} INFO - [2026-03-25T11:46:00.803+0000] {dagbag.py:540} INFO - Filling up the DagBag from /home/airflow/.local/lib/python3.12/site-packages/airflow/example_dags/example_latest_only_with_trigger.py
[2026-03-25T11:46:00.809+0000] {processor.py:840} INFO - DAG(s) 'latest_only_with_trigger' retrieved from /home/airflow/.local/lib/python3.12/site-packages/airflow/example_dags/example_latest_only_with_trigger.py
[2026-03-25T11:46:00.829+0000] {logging_mixin.py:188} INFO - [2026-03-25T11:46:00.829+0000] {dag.py:3096} INFO - Sync 1 DAGs
[2026-03-25T11:46:00.851+0000] {logging_mixin.py:188} INFO - [2026-03-25T11:46:00.850+0000] {dag.py:3954} INFO - Setting next_dagrun for latest_only_with_trigger to 2026-03-25 04:00:00+00:00, run_after=2026-03-25 08:00:00+00:00
[2026-03-25T11:46:00.885+0000] {processor.py:183} INFO - Processing /home/airflow/.local/lib/python3.12/site-packages/airflow/example_dags/example_latest_only_with_trigger.py took 0.090 seconds
[2026-03-25T11:46:33.835+0000] {processor.py:161} INFO - Started process (PID=1377) to work on /home/airflow/.local/lib/python3.12/site-packages/airflow/example_dags/example_latest_only_with_trigger.py
[2026-03-25T11:46:33.836+0000] {processor.py:830} INFO - Processing file /home/airflow/.local/lib/python3.12/site-packages/airflow/example_dags/example_latest_only_with_trigger.py for tasks to queue
[2026-03-25T11:46:33.839+0000] {logging_mixin.py:188} INFO - [2026-03-25T11:46:33.839+0000] {dagbag.py:540} INFO - Filling up the DagBag from /home/airflow/.local/lib/python3.12/site-packages/airflow/example_dags/example_latest_only_with_trigger.py
[2026-03-25T11:46:33.847+0000] {processor.py:840} INFO - DAG(s) 'latest_only_with_trigger' retrieved from /home/airflow/.local/lib/python3.12/site-packages/airflow/example_dags/example_latest_only_with_trigger.py
[2026-03-25T11:46:33.872+0000] {logging_mixin.py:188} INFO - [2026-03-25T11:46:33.872+0000] {dag.py:3096} INFO - Sync 1 DAGs
[2026-03-25T11:46:33.903+0000] {logging_mixin.py:188} INFO - [2026-03-25T11:46:33.903+0000] {dag.py:3954} INFO - Setting next_dagrun for latest_only_with_trigger to 2026-03-25 04:00:00+00:00, run_after=2026-03-25 08:00:00+00:00
[2026-03-25T11:46:33.970+0000] {processor.py:183} INFO - Processing /home/airflow/.local/lib/python3.12/site-packages/airflow/example_dags/example_latest_only_with_trigger.py took 0.142 seconds
[2026-03-25T11:47:07.456+0000] {processor.py:161} INFO - Started process (PID=1436) to work on /home/airflow/.local/lib/python3.12/site-packages/airflow/example_dags/example_latest_only_with_trigger.py
[2026-03-25T11:47:07.458+0000] {processor.py:830} INFO - Processing file /home/airflow/.local/lib/python3.12/site-packages/airflow/example_dags/example_latest_only_with_trigger.py for tasks to queue
[2026-03-25T11:47:07.461+0000] {logging_mixin.py:188} INFO - [2026-03-25T11:47:07.461+0000] {dagbag.py:540} INFO - Filling up the DagBag from /home/airflow/.local/lib/python3.12/site-packages/airflow/example_dags/example_latest_only_with_trigger.py
[2026-03-25T11:47:07.470+0000] {processor.py:840} INFO - DAG(s) 'latest_only_with_trigger' retrieved from /home/airflow/.local/lib/python3.12/site-packages/airflow/example_dags/example_latest_only_with_trigger.py
[2026-03-25T11:47:07.501+0000] {logging_mixin.py:188} INFO - [2026-03-25T11:47:07.501+0000] {dag.py:3096} INFO - Sync 1 DAGs
[2026-03-25T11:47:07.536+0000] {logging_mixin.py:188} INFO - [2026-03-25T11:47:07.536+0000] {dag.py:3954} INFO - Setting next_dagrun for latest_only_with_trigger to 2026-03-25 04:00:00+00:00, run_after=2026-03-25 08:00:00+00:00
[2026-03-25T11:47:07.589+0000] {processor.py:183} INFO - Processing /home/airflow/.local/lib/python3.12/site-packages/airflow/example_dags/example_latest_only_with_trigger.py took 0.141 seconds
[2026-03-25T11:47:41.971+0000] {processor.py:161} INFO - Started process (PID=1496) to work on /home/airflow/.local/lib/python3.12/site-packages/airflow/example_dags/example_latest_only_with_trigger.py
[2026-03-25T11:47:41.972+0000] {processor.py:830} INFO - Processing file /home/airflow/.local/lib/python3.12/site-packages/airflow/example_dags/example_latest_only_with_trigger.py for tasks to queue
[2026-03-25T11:47:41.974+0000] {logging_mixin.py:188} INFO - [2026-03-25T11:47:41.973+0000] {dagbag.py:540} INFO - Filling up the DagBag from /home/airflow/.local/lib/python3.12/site-packages/airflow/example_dags/example_latest_only_with_trigger.py
[2026-03-25T11:47:41.981+0000] {processor.py:840} INFO - DAG(s) 'latest_only_with_trigger' retrieved from /home/airflow/.local/lib/python3.12/site-packages/airflow/example_dags/example_latest_only_with_trigger.py
[2026-03-25T11:47:42.011+0000] {logging_mixin.py:188} INFO - [2026-03-25T11:47:42.010+0000] {dag.py:3096} INFO - Sync 1 DAGs
[2026-03-25T11:47:42.041+0000] {logging_mixin.py:188} INFO - [2026-03-25T11:47:42.041+0000] {dag.py:3954} INFO - Setting next_dagrun for latest_only_with_trigger to 2026-03-25 04:00:00+00:00, run_after=2026-03-25 08:00:00+00:00
[2026-03-25T11:47:42.106+0000] {processor.py:183} INFO - Processing /home/airflow/.local/lib/python3.12/site-packages/airflow/example_dags/example_latest_only_with_trigger.py took 0.143 seconds
[2026-03-25T11:48:12.360+0000] {processor.py:161} INFO - Started process (PID=1555) to work on /home/airflow/.local/lib/python3.12/site-packages/airflow/example_dags/example_latest_only_with_trigger.py
[2026-03-25T11:48:12.361+0000] {processor.py:830} INFO - Processing file /home/airflow/.local/lib/python3.12/site-packages/airflow/example_dags/example_latest_only_with_trigger.py for tasks to queue
[2026-03-25T11:48:12.364+0000] {logging_mixin.py:188} INFO - [2026-03-25T11:48:12.363+0000] {dagbag.py:540} INFO - Filling up the DagBag from /home/airflow/.local/lib/python3.12/site-packages/airflow/example_dags/example_latest_only_with_trigger.py
[2026-03-25T11:48:12.370+0000] {processor.py:840} INFO - DAG(s) 'latest_only_with_trigger' retrieved from /home/airflow/.local/lib/python3.12/site-packages/airflow/example_dags/example_latest_only_with_trigger.py
[2026-03-25T11:48:12.394+0000] {logging_mixin.py:188} INFO - [2026-03-25T11:48:12.394+0000] {dag.py:3096} INFO - Sync 1 DAGs
[2026-03-25T11:48:12.424+0000] {logging_mixin.py:188} INFO - [2026-03-25T11:48:12.424+0000] {dag.py:3954} INFO - Setting next_dagrun for latest_only_with_trigger to 2026-03-25 04:00:00+00:00, run_after=2026-03-25 08:00:00+00:00
[2026-03-25T11:48:12.466+0000] {processor.py:183} INFO - Processing /home/airflow/.local/lib/python3.12/site-packages/airflow/example_dags/example_latest_only_with_trigger.py took 0.112 seconds
[2026-03-25T11:48:44.437+0000] {processor.py:161} INFO - Started process (PID=1614) to work on /home/airflow/.local/lib/python3.12/site-packages/airflow/example_dags/example_latest_only_with_trigger.py
[2026-03-25T11:48:44.439+0000] {processor.py:830} INFO - Processing file /home/airflow/.local/lib/python3.12/site-packages/airflow/example_dags/example_latest_only_with_trigger.py for tasks to queue
[2026-03-25T11:48:44.440+0000] {logging_mixin.py:188} INFO - [2026-03-25T11:48:44.440+0000] {dagbag.py:540} INFO - Filling up the DagBag from /home/airflow/.local/lib/python3.12/site-packages/airflow/example_dags/example_latest_only_with_trigger.py
[2026-03-25T11:48:44.446+0000] {processor.py:840} INFO - DAG(s) 'latest_only_with_trigger' retrieved from /home/airflow/.local/lib/python3.12/site-packages/airflow/example_dags/example_latest_only_with_trigger.py
[2026-03-25T11:48:44.469+0000] {logging_mixin.py:188} INFO - [2026-03-25T11:48:44.468+0000] {dag.py:3096} INFO - Sync 1 DAGs
[2026-03-25T11:48:44.490+0000] {logging_mixin.py:188} INFO - [2026-03-25T11:48:44.490+0000] {dag.py:3954} INFO - Setting next_dagrun for latest_only_with_trigger to 2026-03-25 04:00:00+00:00, run_after=2026-03-25 08:00:00+00:00
[2026-03-25T11:48:44.530+0000] {processor.py:183} INFO - Processing /home/airflow/.local/lib/python3.12/site-packages/airflow/example_dags/example_latest_only_with_trigger.py took 0.098 seconds
[2026-03-25T11:49:17.490+0000] {processor.py:161} INFO - Started process (PID=1673) to work on /home/airflow/.local/lib/python3.12/site-packages/airflow/example_dags/example_latest_only_with_trigger.py
[2026-03-25T11:49:17.491+0000] {processor.py:830} INFO - Processing file /home/airflow/.local/lib/python3.12/site-packages/airflow/example_dags/example_latest_only_with_trigger.py for tasks to queue
[2026-03-25T11:49:17.493+0000] {logging_mixin.py:188} INFO - [2026-03-25T11:49:17.493+0000] {dagbag.py:540} INFO - Filling up the DagBag from /home/airflow/.local/lib/python3.12/site-packages/airflow/example_dags/example_latest_only_with_trigger.py
[2026-03-25T11:49:17.500+0000] {processor.py:840} INFO - DAG(s) 'latest_only_with_trigger' retrieved from /home/airflow/.local/lib/python3.12/site-packages/airflow/example_dags/example_latest_only_with_trigger.py
[2026-03-25T11:49:17.525+0000] {logging_mixin.py:188} INFO - [2026-03-25T11:49:17.524+0000] {dag.py:3096} INFO - Sync 1 DAGs
[2026-03-25T11:49:17.551+0000] {logging_mixin.py:188} INFO - [2026-03-25T11:49:17.551+0000] {dag.py:3954} INFO - Setting next_dagrun for latest_only_with_trigger to 2026-03-25 04:00:00+00:00, run_after=2026-03-25 08:00:00+00:00
[2026-03-25T11:49:17.632+0000] {processor.py:183} INFO - Processing /home/airflow/.local/lib/python3.12/site-packages/airflow/example_dags/example_latest_only_with_trigger.py took 0.147 seconds
[2026-03-25T11:49:51.495+0000] {processor.py:161} INFO - Started process (PID=1732) to work on /home/airflow/.local/lib/python3.12/site-packages/airflow/example_dags/example_latest_only_with_trigger.py
[2026-03-25T11:49:51.500+0000] {processor.py:830} INFO - Processing file /home/airflow/.local/lib/python3.12/site-packages/airflow/example_dags/example_latest_only_with_trigger.py for tasks to queue
[2026-03-25T11:49:51.511+0000] {logging_mixin.py:188} INFO - [2026-03-25T11:49:51.509+0000] {dagbag.py:540} INFO - Filling up the DagBag from /home/airflow/.local/lib/python3.12/site-packages/airflow/example_dags/example_latest_only_with_trigger.py
[2026-03-25T11:49:51.544+0000] {processor.py:840} INFO - DAG(s) 'latest_only_with_trigger' retrieved from /home/airflow/.local/lib/python3.12/site-packages/airflow/example_dags/example_latest_only_with_trigger.py
[2026-03-25T11:49:51.662+0000] {logging_mixin.py:188} INFO - [2026-03-25T11:49:51.661+0000] {dag.py:3096} INFO - Sync 1 DAGs
[2026-03-25T11:49:51.815+0000] {logging_mixin.py:188} INFO - [2026-03-25T11:49:51.813+0000] {dag.py:3954} INFO - Setting next_dagrun for latest_only_with_trigger to 2026-03-25 04:00:00+00:00, run_after=2026-03-25 08:00:00+00:00
[2026-03-25T11:49:52.000+0000] {processor.py:183} INFO - Processing /home/airflow/.local/lib/python3.12/site-packages/airflow/example_dags/example_latest_only_with_trigger.py took 0.546 seconds
[2026-03-25T11:50:22.757+0000] {processor.py:161} INFO - Started process (PID=1791) to work on /home/airflow/.local/lib/python3.12/site-packages/airflow/example_dags/example_latest_only_with_trigger.py
[2026-03-25T11:50:22.758+0000] {processor.py:830} INFO - Processing file /home/airflow/.local/lib/python3.12/site-packages/airflow/example_dags/example_latest_only_with_trigger.py for tasks to queue
[2026-03-25T11:50:22.760+0000] {logging_mixin.py:188} INFO - [2026-03-25T11:50:22.759+0000] {dagbag.py:540} INFO - Filling up the DagBag from /home/airflow/.local/lib/python3.12/site-packages/airflow/example_dags/example_latest_only_with_trigger.py
[2026-03-25T11:50:22.765+0000] {processor.py:840} INFO - DAG(s) 'latest_only_with_trigger' retrieved from /home/airflow/.local/lib/python3.12/site-packages/airflow/example_dags/example_latest_only_with_trigger.py
[2026-03-25T11:50:22.787+0000] {logging_mixin.py:188} INFO - [2026-03-25T11:50:22.787+0000] {dag.py:3096} INFO - Sync 1 DAGs
[2026-03-25T11:50:22.811+0000] {logging_mixin.py:188} INFO - [2026-03-25T11:50:22.811+0000] {dag.py:3954} INFO - Setting next_dagrun for latest_only_with_trigger to 2026-03-25 04:00:00+00:00, run_after=2026-03-25 08:00:00+00:00
[2026-03-25T11:50:22.868+0000] {processor.py:183} INFO - Processing /home/airflow/.local/lib/python3.12/site-packages/airflow/example_dags/example_latest_only_with_trigger.py took 0.116 seconds
