[2026-03-25T11:15:28.741+0000] {processor.py:161} INFO - Started process (PID=66) to work on /home/airflow/.local/lib/python3.12/site-packages/airflow/example_dags/example_display_name.py
[2026-03-25T11:15:28.743+0000] {processor.py:830} INFO - Processing file /home/airflow/.local/lib/python3.12/site-packages/airflow/example_dags/example_display_name.py for tasks to queue
[2026-03-25T11:15:28.747+0000] {logging_mixin.py:188} INFO - [2026-03-25T11:15:28.746+0000] {dagbag.py:540} INFO - Filling up the DagBag from /home/airflow/.local/lib/python3.12/site-packages/airflow/example_dags/example_display_name.py
[2026-03-25T11:15:28.758+0000] {processor.py:840} INFO - DAG(s) 'example_display_name' retrieved from /home/airflow/.local/lib/python3.12/site-packages/airflow/example_dags/example_display_name.py
[2026-03-25T11:15:29.090+0000] {logging_mixin.py:188} INFO - [2026-03-25T11:15:29.089+0000] {dag.py:3096} INFO - Sync 1 DAGs
[2026-03-25T11:15:29.130+0000] {logging_mixin.py:188} INFO - [2026-03-25T11:15:29.129+0000] {dag.py:3954} INFO - Setting next_dagrun for example_display_name to None, run_after=None
[2026-03-25T11:15:29.234+0000] {processor.py:183} INFO - Processing /home/airflow/.local/lib/python3.12/site-packages/airflow/example_dags/example_display_name.py took 0.503 seconds
[2026-03-25T11:16:00.434+0000] {processor.py:161} INFO - Started process (PID=125) to work on /home/airflow/.local/lib/python3.12/site-packages/airflow/example_dags/example_display_name.py
[2026-03-25T11:16:00.435+0000] {processor.py:830} INFO - Processing file /home/airflow/.local/lib/python3.12/site-packages/airflow/example_dags/example_display_name.py for tasks to queue
[2026-03-25T11:16:00.438+0000] {logging_mixin.py:188} INFO - [2026-03-25T11:16:00.437+0000] {dagbag.py:540} INFO - Filling up the DagBag from /home/airflow/.local/lib/python3.12/site-packages/airflow/example_dags/example_display_name.py
[2026-03-25T11:16:00.444+0000] {processor.py:840} INFO - DAG(s) 'example_display_name' retrieved from /home/airflow/.local/lib/python3.12/site-packages/airflow/example_dags/example_display_name.py
[2026-03-25T11:16:00.465+0000] {logging_mixin.py:188} INFO - [2026-03-25T11:16:00.465+0000] {dag.py:3096} INFO - Sync 1 DAGs
[2026-03-25T11:16:00.477+0000] {logging_mixin.py:188} INFO - [2026-03-25T11:16:00.477+0000] {dag.py:3954} INFO - Setting next_dagrun for example_display_name to None, run_after=None
[2026-03-25T11:16:00.535+0000] {processor.py:183} INFO - Processing /home/airflow/.local/lib/python3.12/site-packages/airflow/example_dags/example_display_name.py took 0.107 seconds
[2026-03-25T11:16:33.644+0000] {processor.py:161} INFO - Started process (PID=184) to work on /home/airflow/.local/lib/python3.12/site-packages/airflow/example_dags/example_display_name.py
[2026-03-25T11:16:33.645+0000] {processor.py:830} INFO - Processing file /home/airflow/.local/lib/python3.12/site-packages/airflow/example_dags/example_display_name.py for tasks to queue
[2026-03-25T11:16:33.648+0000] {logging_mixin.py:188} INFO - [2026-03-25T11:16:33.648+0000] {dagbag.py:540} INFO - Filling up the DagBag from /home/airflow/.local/lib/python3.12/site-packages/airflow/example_dags/example_display_name.py
[2026-03-25T11:16:33.659+0000] {processor.py:840} INFO - DAG(s) 'example_display_name' retrieved from /home/airflow/.local/lib/python3.12/site-packages/airflow/example_dags/example_display_name.py
[2026-03-25T11:16:33.692+0000] {logging_mixin.py:188} INFO - [2026-03-25T11:16:33.691+0000] {dag.py:3096} INFO - Sync 1 DAGs
[2026-03-25T11:16:33.717+0000] {logging_mixin.py:188} INFO - [2026-03-25T11:16:33.716+0000] {dag.py:3954} INFO - Setting next_dagrun for example_display_name to None, run_after=None
[2026-03-25T11:16:33.772+0000] {processor.py:183} INFO - Processing /home/airflow/.local/lib/python3.12/site-packages/airflow/example_dags/example_display_name.py took 0.137 seconds
[2026-03-25T11:17:06.983+0000] {processor.py:161} INFO - Started process (PID=243) to work on /home/airflow/.local/lib/python3.12/site-packages/airflow/example_dags/example_display_name.py
[2026-03-25T11:17:06.984+0000] {processor.py:830} INFO - Processing file /home/airflow/.local/lib/python3.12/site-packages/airflow/example_dags/example_display_name.py for tasks to queue
[2026-03-25T11:17:06.986+0000] {logging_mixin.py:188} INFO - [2026-03-25T11:17:06.986+0000] {dagbag.py:540} INFO - Filling up the DagBag from /home/airflow/.local/lib/python3.12/site-packages/airflow/example_dags/example_display_name.py
[2026-03-25T11:17:06.992+0000] {processor.py:840} INFO - DAG(s) 'example_display_name' retrieved from /home/airflow/.local/lib/python3.12/site-packages/airflow/example_dags/example_display_name.py
[2026-03-25T11:17:07.140+0000] {logging_mixin.py:188} INFO - [2026-03-25T11:17:07.140+0000] {dag.py:3096} INFO - Sync 1 DAGs
[2026-03-25T11:17:07.152+0000] {logging_mixin.py:188} INFO - [2026-03-25T11:17:07.152+0000] {dag.py:3954} INFO - Setting next_dagrun for example_display_name to None, run_after=None
[2026-03-25T11:17:07.220+0000] {processor.py:183} INFO - Processing /home/airflow/.local/lib/python3.12/site-packages/airflow/example_dags/example_display_name.py took 0.242 seconds
[2026-03-25T11:17:37.627+0000] {processor.py:161} INFO - Started process (PID=302) to work on /home/airflow/.local/lib/python3.12/site-packages/airflow/example_dags/example_display_name.py
[2026-03-25T11:17:37.628+0000] {processor.py:830} INFO - Processing file /home/airflow/.local/lib/python3.12/site-packages/airflow/example_dags/example_display_name.py for tasks to queue
[2026-03-25T11:17:37.630+0000] {logging_mixin.py:188} INFO - [2026-03-25T11:17:37.630+0000] {dagbag.py:540} INFO - Filling up the DagBag from /home/airflow/.local/lib/python3.12/site-packages/airflow/example_dags/example_display_name.py
[2026-03-25T11:17:37.635+0000] {processor.py:840} INFO - DAG(s) 'example_display_name' retrieved from /home/airflow/.local/lib/python3.12/site-packages/airflow/example_dags/example_display_name.py
[2026-03-25T11:17:37.654+0000] {logging_mixin.py:188} INFO - [2026-03-25T11:17:37.654+0000] {dag.py:3096} INFO - Sync 1 DAGs
[2026-03-25T11:17:37.667+0000] {logging_mixin.py:188} INFO - [2026-03-25T11:17:37.667+0000] {dag.py:3954} INFO - Setting next_dagrun for example_display_name to None, run_after=None
[2026-03-25T11:17:37.722+0000] {processor.py:183} INFO - Processing /home/airflow/.local/lib/python3.12/site-packages/airflow/example_dags/example_display_name.py took 0.100 seconds
[2026-03-25T11:18:08.245+0000] {processor.py:161} INFO - Started process (PID=355) to work on /home/airflow/.local/lib/python3.12/site-packages/airflow/example_dags/example_display_name.py
[2026-03-25T11:18:08.247+0000] {processor.py:830} INFO - Processing file /home/airflow/.local/lib/python3.12/site-packages/airflow/example_dags/example_display_name.py for tasks to queue
[2026-03-25T11:18:08.248+0000] {logging_mixin.py:188} INFO - [2026-03-25T11:18:08.248+0000] {dagbag.py:540} INFO - Filling up the DagBag from /home/airflow/.local/lib/python3.12/site-packages/airflow/example_dags/example_display_name.py
[2026-03-25T11:18:08.254+0000] {processor.py:840} INFO - DAG(s) 'example_display_name' retrieved from /home/airflow/.local/lib/python3.12/site-packages/airflow/example_dags/example_display_name.py
[2026-03-25T11:18:08.273+0000] {logging_mixin.py:188} INFO - [2026-03-25T11:18:08.273+0000] {dag.py:3096} INFO - Sync 1 DAGs
[2026-03-25T11:18:08.285+0000] {logging_mixin.py:188} INFO - [2026-03-25T11:18:08.285+0000] {dag.py:3954} INFO - Setting next_dagrun for example_display_name to None, run_after=None
[2026-03-25T11:18:08.354+0000] {processor.py:183} INFO - Processing /home/airflow/.local/lib/python3.12/site-packages/airflow/example_dags/example_display_name.py took 0.114 seconds
[2026-03-25T11:18:38.565+0000] {processor.py:161} INFO - Started process (PID=414) to work on /home/airflow/.local/lib/python3.12/site-packages/airflow/example_dags/example_display_name.py
[2026-03-25T11:18:38.566+0000] {processor.py:830} INFO - Processing file /home/airflow/.local/lib/python3.12/site-packages/airflow/example_dags/example_display_name.py for tasks to queue
[2026-03-25T11:18:38.568+0000] {logging_mixin.py:188} INFO - [2026-03-25T11:18:38.567+0000] {dagbag.py:540} INFO - Filling up the DagBag from /home/airflow/.local/lib/python3.12/site-packages/airflow/example_dags/example_display_name.py
[2026-03-25T11:18:38.573+0000] {processor.py:840} INFO - DAG(s) 'example_display_name' retrieved from /home/airflow/.local/lib/python3.12/site-packages/airflow/example_dags/example_display_name.py
[2026-03-25T11:18:38.591+0000] {logging_mixin.py:188} INFO - [2026-03-25T11:18:38.591+0000] {dag.py:3096} INFO - Sync 1 DAGs
[2026-03-25T11:18:38.604+0000] {logging_mixin.py:188} INFO - [2026-03-25T11:18:38.603+0000] {dag.py:3954} INFO - Setting next_dagrun for example_display_name to None, run_after=None
[2026-03-25T11:18:38.658+0000] {processor.py:183} INFO - Processing /home/airflow/.local/lib/python3.12/site-packages/airflow/example_dags/example_display_name.py took 0.098 seconds
[2026-03-25T11:19:09.151+0000] {processor.py:161} INFO - Started process (PID=473) to work on /home/airflow/.local/lib/python3.12/site-packages/airflow/example_dags/example_display_name.py
[2026-03-25T11:19:09.153+0000] {processor.py:830} INFO - Processing file /home/airflow/.local/lib/python3.12/site-packages/airflow/example_dags/example_display_name.py for tasks to queue
[2026-03-25T11:19:09.156+0000] {logging_mixin.py:188} INFO - [2026-03-25T11:19:09.155+0000] {dagbag.py:540} INFO - Filling up the DagBag from /home/airflow/.local/lib/python3.12/site-packages/airflow/example_dags/example_display_name.py
[2026-03-25T11:19:09.165+0000] {processor.py:840} INFO - DAG(s) 'example_display_name' retrieved from /home/airflow/.local/lib/python3.12/site-packages/airflow/example_dags/example_display_name.py
[2026-03-25T11:19:09.185+0000] {logging_mixin.py:188} INFO - [2026-03-25T11:19:09.184+0000] {dag.py:3096} INFO - Sync 1 DAGs
[2026-03-25T11:19:09.198+0000] {logging_mixin.py:188} INFO - [2026-03-25T11:19:09.197+0000] {dag.py:3954} INFO - Setting next_dagrun for example_display_name to None, run_after=None
[2026-03-25T11:19:09.261+0000] {processor.py:183} INFO - Processing /home/airflow/.local/lib/python3.12/site-packages/airflow/example_dags/example_display_name.py took 0.121 seconds
[2026-03-25T11:19:39.552+0000] {processor.py:161} INFO - Started process (PID=532) to work on /home/airflow/.local/lib/python3.12/site-packages/airflow/example_dags/example_display_name.py
[2026-03-25T11:19:39.554+0000] {processor.py:830} INFO - Processing file /home/airflow/.local/lib/python3.12/site-packages/airflow/example_dags/example_display_name.py for tasks to queue
[2026-03-25T11:19:39.556+0000] {logging_mixin.py:188} INFO - [2026-03-25T11:19:39.556+0000] {dagbag.py:540} INFO - Filling up the DagBag from /home/airflow/.local/lib/python3.12/site-packages/airflow/example_dags/example_display_name.py
[2026-03-25T11:19:39.564+0000] {processor.py:840} INFO - DAG(s) 'example_display_name' retrieved from /home/airflow/.local/lib/python3.12/site-packages/airflow/example_dags/example_display_name.py
[2026-03-25T11:19:39.590+0000] {logging_mixin.py:188} INFO - [2026-03-25T11:19:39.590+0000] {dag.py:3096} INFO - Sync 1 DAGs
[2026-03-25T11:19:39.614+0000] {logging_mixin.py:188} INFO - [2026-03-25T11:19:39.613+0000] {dag.py:3954} INFO - Setting next_dagrun for example_display_name to None, run_after=None
[2026-03-25T11:19:39.682+0000] {processor.py:183} INFO - Processing /home/airflow/.local/lib/python3.12/site-packages/airflow/example_dags/example_display_name.py took 0.138 seconds
[2026-03-25T11:20:09.960+0000] {processor.py:161} INFO - Started process (PID=591) to work on /home/airflow/.local/lib/python3.12/site-packages/airflow/example_dags/example_display_name.py
[2026-03-25T11:20:09.961+0000] {processor.py:830} INFO - Processing file /home/airflow/.local/lib/python3.12/site-packages/airflow/example_dags/example_display_name.py for tasks to queue
[2026-03-25T11:20:09.963+0000] {logging_mixin.py:188} INFO - [2026-03-25T11:20:09.963+0000] {dagbag.py:540} INFO - Filling up the DagBag from /home/airflow/.local/lib/python3.12/site-packages/airflow/example_dags/example_display_name.py
[2026-03-25T11:20:09.970+0000] {processor.py:840} INFO - DAG(s) 'example_display_name' retrieved from /home/airflow/.local/lib/python3.12/site-packages/airflow/example_dags/example_display_name.py
[2026-03-25T11:20:09.993+0000] {logging_mixin.py:188} INFO - [2026-03-25T11:20:09.993+0000] {dag.py:3096} INFO - Sync 1 DAGs
[2026-03-25T11:20:10.007+0000] {logging_mixin.py:188} INFO - [2026-03-25T11:20:10.007+0000] {dag.py:3954} INFO - Setting next_dagrun for example_display_name to None, run_after=None
[2026-03-25T11:20:10.050+0000] {processor.py:183} INFO - Processing /home/airflow/.local/lib/python3.12/site-packages/airflow/example_dags/example_display_name.py took 0.098 seconds
[2026-03-25T11:20:41.248+0000] {processor.py:161} INFO - Started process (PID=650) to work on /home/airflow/.local/lib/python3.12/site-packages/airflow/example_dags/example_display_name.py
[2026-03-25T11:20:41.253+0000] {processor.py:830} INFO - Processing file /home/airflow/.local/lib/python3.12/site-packages/airflow/example_dags/example_display_name.py for tasks to queue
[2026-03-25T11:20:41.261+0000] {logging_mixin.py:188} INFO - [2026-03-25T11:20:41.260+0000] {dagbag.py:540} INFO - Filling up the DagBag from /home/airflow/.local/lib/python3.12/site-packages/airflow/example_dags/example_display_name.py
[2026-03-25T11:20:41.290+0000] {processor.py:840} INFO - DAG(s) 'example_display_name' retrieved from /home/airflow/.local/lib/python3.12/site-packages/airflow/example_dags/example_display_name.py
[2026-03-25T11:20:41.379+0000] {logging_mixin.py:188} INFO - [2026-03-25T11:20:41.378+0000] {dag.py:3096} INFO - Sync 1 DAGs
[2026-03-25T11:20:41.451+0000] {logging_mixin.py:188} INFO - [2026-03-25T11:20:41.451+0000] {dag.py:3954} INFO - Setting next_dagrun for example_display_name to None, run_after=None
[2026-03-25T11:20:41.582+0000] {processor.py:183} INFO - Processing /home/airflow/.local/lib/python3.12/site-packages/airflow/example_dags/example_display_name.py took 0.368 seconds
[2026-03-25T11:21:12.238+0000] {processor.py:161} INFO - Started process (PID=709) to work on /home/airflow/.local/lib/python3.12/site-packages/airflow/example_dags/example_display_name.py
[2026-03-25T11:21:12.239+0000] {processor.py:830} INFO - Processing file /home/airflow/.local/lib/python3.12/site-packages/airflow/example_dags/example_display_name.py for tasks to queue
[2026-03-25T11:21:12.241+0000] {logging_mixin.py:188} INFO - [2026-03-25T11:21:12.241+0000] {dagbag.py:540} INFO - Filling up the DagBag from /home/airflow/.local/lib/python3.12/site-packages/airflow/example_dags/example_display_name.py
[2026-03-25T11:21:12.247+0000] {processor.py:840} INFO - DAG(s) 'example_display_name' retrieved from /home/airflow/.local/lib/python3.12/site-packages/airflow/example_dags/example_display_name.py
[2026-03-25T11:21:12.266+0000] {logging_mixin.py:188} INFO - [2026-03-25T11:21:12.266+0000] {dag.py:3096} INFO - Sync 1 DAGs
[2026-03-25T11:21:12.279+0000] {logging_mixin.py:188} INFO - [2026-03-25T11:21:12.278+0000] {dag.py:3954} INFO - Setting next_dagrun for example_display_name to None, run_after=None
[2026-03-25T11:21:12.325+0000] {processor.py:183} INFO - Processing /home/airflow/.local/lib/python3.12/site-packages/airflow/example_dags/example_display_name.py took 0.092 seconds
[2026-03-25T11:21:42.956+0000] {processor.py:161} INFO - Started process (PID=768) to work on /home/airflow/.local/lib/python3.12/site-packages/airflow/example_dags/example_display_name.py
[2026-03-25T11:21:42.957+0000] {processor.py:830} INFO - Processing file /home/airflow/.local/lib/python3.12/site-packages/airflow/example_dags/example_display_name.py for tasks to queue
[2026-03-25T11:21:42.960+0000] {logging_mixin.py:188} INFO - [2026-03-25T11:21:42.959+0000] {dagbag.py:540} INFO - Filling up the DagBag from /home/airflow/.local/lib/python3.12/site-packages/airflow/example_dags/example_display_name.py
[2026-03-25T11:21:42.967+0000] {processor.py:840} INFO - DAG(s) 'example_display_name' retrieved from /home/airflow/.local/lib/python3.12/site-packages/airflow/example_dags/example_display_name.py
[2026-03-25T11:21:42.987+0000] {logging_mixin.py:188} INFO - [2026-03-25T11:21:42.987+0000] {dag.py:3096} INFO - Sync 1 DAGs
[2026-03-25T11:21:43.002+0000] {logging_mixin.py:188} INFO - [2026-03-25T11:21:43.002+0000] {dag.py:3954} INFO - Setting next_dagrun for example_display_name to None, run_after=None
[2026-03-25T11:21:43.059+0000] {processor.py:183} INFO - Processing /home/airflow/.local/lib/python3.12/site-packages/airflow/example_dags/example_display_name.py took 0.108 seconds
[2026-03-25T11:22:13.606+0000] {processor.py:161} INFO - Started process (PID=827) to work on /home/airflow/.local/lib/python3.12/site-packages/airflow/example_dags/example_display_name.py
[2026-03-25T11:22:13.607+0000] {processor.py:830} INFO - Processing file /home/airflow/.local/lib/python3.12/site-packages/airflow/example_dags/example_display_name.py for tasks to queue
[2026-03-25T11:22:13.610+0000] {logging_mixin.py:188} INFO - [2026-03-25T11:22:13.610+0000] {dagbag.py:540} INFO - Filling up the DagBag from /home/airflow/.local/lib/python3.12/site-packages/airflow/example_dags/example_display_name.py
[2026-03-25T11:22:13.618+0000] {processor.py:840} INFO - DAG(s) 'example_display_name' retrieved from /home/airflow/.local/lib/python3.12/site-packages/airflow/example_dags/example_display_name.py
[2026-03-25T11:22:13.652+0000] {logging_mixin.py:188} INFO - [2026-03-25T11:22:13.651+0000] {dag.py:3096} INFO - Sync 1 DAGs
[2026-03-25T11:22:13.678+0000] {logging_mixin.py:188} INFO - [2026-03-25T11:22:13.678+0000] {dag.py:3954} INFO - Setting next_dagrun for example_display_name to None, run_after=None
[2026-03-25T11:22:13.735+0000] {processor.py:183} INFO - Processing /home/airflow/.local/lib/python3.12/site-packages/airflow/example_dags/example_display_name.py took 0.138 seconds
[2026-03-25T11:22:44.440+0000] {processor.py:161} INFO - Started process (PID=886) to work on /home/airflow/.local/lib/python3.12/site-packages/airflow/example_dags/example_display_name.py
[2026-03-25T11:22:44.441+0000] {processor.py:830} INFO - Processing file /home/airflow/.local/lib/python3.12/site-packages/airflow/example_dags/example_display_name.py for tasks to queue
[2026-03-25T11:22:44.443+0000] {logging_mixin.py:188} INFO - [2026-03-25T11:22:44.443+0000] {dagbag.py:540} INFO - Filling up the DagBag from /home/airflow/.local/lib/python3.12/site-packages/airflow/example_dags/example_display_name.py
[2026-03-25T11:22:44.449+0000] {processor.py:840} INFO - DAG(s) 'example_display_name' retrieved from /home/airflow/.local/lib/python3.12/site-packages/airflow/example_dags/example_display_name.py
[2026-03-25T11:22:44.469+0000] {logging_mixin.py:188} INFO - [2026-03-25T11:22:44.469+0000] {dag.py:3096} INFO - Sync 1 DAGs
[2026-03-25T11:22:44.482+0000] {logging_mixin.py:188} INFO - [2026-03-25T11:22:44.482+0000] {dag.py:3954} INFO - Setting next_dagrun for example_display_name to None, run_after=None
[2026-03-25T11:22:44.550+0000] {processor.py:183} INFO - Processing /home/airflow/.local/lib/python3.12/site-packages/airflow/example_dags/example_display_name.py took 0.115 seconds
[2026-03-25T11:23:15.103+0000] {processor.py:161} INFO - Started process (PID=945) to work on /home/airflow/.local/lib/python3.12/site-packages/airflow/example_dags/example_display_name.py
[2026-03-25T11:23:15.104+0000] {processor.py:830} INFO - Processing file /home/airflow/.local/lib/python3.12/site-packages/airflow/example_dags/example_display_name.py for tasks to queue
[2026-03-25T11:23:15.107+0000] {logging_mixin.py:188} INFO - [2026-03-25T11:23:15.107+0000] {dagbag.py:540} INFO - Filling up the DagBag from /home/airflow/.local/lib/python3.12/site-packages/airflow/example_dags/example_display_name.py
[2026-03-25T11:23:15.112+0000] {processor.py:840} INFO - DAG(s) 'example_display_name' retrieved from /home/airflow/.local/lib/python3.12/site-packages/airflow/example_dags/example_display_name.py
[2026-03-25T11:23:15.132+0000] {logging_mixin.py:188} INFO - [2026-03-25T11:23:15.131+0000] {dag.py:3096} INFO - Sync 1 DAGs
[2026-03-25T11:23:15.159+0000] {logging_mixin.py:188} INFO - [2026-03-25T11:23:15.159+0000] {dag.py:3954} INFO - Setting next_dagrun for example_display_name to None, run_after=None
[2026-03-25T11:23:15.357+0000] {processor.py:183} INFO - Processing /home/airflow/.local/lib/python3.12/site-packages/airflow/example_dags/example_display_name.py took 0.259 seconds
[2026-03-25T11:23:45.434+0000] {processor.py:161} INFO - Started process (PID=1004) to work on /home/airflow/.local/lib/python3.12/site-packages/airflow/example_dags/example_display_name.py
[2026-03-25T11:23:45.435+0000] {processor.py:830} INFO - Processing file /home/airflow/.local/lib/python3.12/site-packages/airflow/example_dags/example_display_name.py for tasks to queue
[2026-03-25T11:23:45.437+0000] {logging_mixin.py:188} INFO - [2026-03-25T11:23:45.437+0000] {dagbag.py:540} INFO - Filling up the DagBag from /home/airflow/.local/lib/python3.12/site-packages/airflow/example_dags/example_display_name.py
[2026-03-25T11:23:45.443+0000] {processor.py:840} INFO - DAG(s) 'example_display_name' retrieved from /home/airflow/.local/lib/python3.12/site-packages/airflow/example_dags/example_display_name.py
[2026-03-25T11:23:45.462+0000] {logging_mixin.py:188} INFO - [2026-03-25T11:23:45.462+0000] {dag.py:3096} INFO - Sync 1 DAGs
[2026-03-25T11:23:45.475+0000] {logging_mixin.py:188} INFO - [2026-03-25T11:23:45.475+0000] {dag.py:3954} INFO - Setting next_dagrun for example_display_name to None, run_after=None
[2026-03-25T11:23:45.515+0000] {processor.py:183} INFO - Processing /home/airflow/.local/lib/python3.12/site-packages/airflow/example_dags/example_display_name.py took 0.086 seconds
[2026-03-25T11:24:16.357+0000] {processor.py:161} INFO - Started process (PID=1063) to work on /home/airflow/.local/lib/python3.12/site-packages/airflow/example_dags/example_display_name.py
[2026-03-25T11:24:16.358+0000] {processor.py:830} INFO - Processing file /home/airflow/.local/lib/python3.12/site-packages/airflow/example_dags/example_display_name.py for tasks to queue
[2026-03-25T11:24:16.362+0000] {logging_mixin.py:188} INFO - [2026-03-25T11:24:16.361+0000] {dagbag.py:540} INFO - Filling up the DagBag from /home/airflow/.local/lib/python3.12/site-packages/airflow/example_dags/example_display_name.py
[2026-03-25T11:24:16.370+0000] {processor.py:840} INFO - DAG(s) 'example_display_name' retrieved from /home/airflow/.local/lib/python3.12/site-packages/airflow/example_dags/example_display_name.py
[2026-03-25T11:24:16.400+0000] {logging_mixin.py:188} INFO - [2026-03-25T11:24:16.400+0000] {dag.py:3096} INFO - Sync 1 DAGs
[2026-03-25T11:24:16.416+0000] {logging_mixin.py:188} INFO - [2026-03-25T11:24:16.416+0000] {dag.py:3954} INFO - Setting next_dagrun for example_display_name to None, run_after=None
[2026-03-25T11:24:16.461+0000] {processor.py:183} INFO - Processing /home/airflow/.local/lib/python3.12/site-packages/airflow/example_dags/example_display_name.py took 0.111 seconds
[2026-03-25T11:24:49.674+0000] {processor.py:161} INFO - Started process (PID=1120) to work on /home/airflow/.local/lib/python3.12/site-packages/airflow/example_dags/example_display_name.py
[2026-03-25T11:24:49.675+0000] {processor.py:830} INFO - Processing file /home/airflow/.local/lib/python3.12/site-packages/airflow/example_dags/example_display_name.py for tasks to queue
[2026-03-25T11:24:49.678+0000] {logging_mixin.py:188} INFO - [2026-03-25T11:24:49.678+0000] {dagbag.py:540} INFO - Filling up the DagBag from /home/airflow/.local/lib/python3.12/site-packages/airflow/example_dags/example_display_name.py
[2026-03-25T11:24:49.689+0000] {processor.py:840} INFO - DAG(s) 'example_display_name' retrieved from /home/airflow/.local/lib/python3.12/site-packages/airflow/example_dags/example_display_name.py
[2026-03-25T11:24:49.721+0000] {logging_mixin.py:188} INFO - [2026-03-25T11:24:49.721+0000] {dag.py:3096} INFO - Sync 1 DAGs
[2026-03-25T11:24:49.742+0000] {logging_mixin.py:188} INFO - [2026-03-25T11:24:49.741+0000] {dag.py:3954} INFO - Setting next_dagrun for example_display_name to None, run_after=None
[2026-03-25T11:24:49.796+0000] {processor.py:183} INFO - Processing /home/airflow/.local/lib/python3.12/site-packages/airflow/example_dags/example_display_name.py took 0.132 seconds
[2026-03-25T11:25:19.963+0000] {processor.py:161} INFO - Started process (PID=1179) to work on /home/airflow/.local/lib/python3.12/site-packages/airflow/example_dags/example_display_name.py
[2026-03-25T11:25:19.964+0000] {processor.py:830} INFO - Processing file /home/airflow/.local/lib/python3.12/site-packages/airflow/example_dags/example_display_name.py for tasks to queue
[2026-03-25T11:25:19.966+0000] {logging_mixin.py:188} INFO - [2026-03-25T11:25:19.966+0000] {dagbag.py:540} INFO - Filling up the DagBag from /home/airflow/.local/lib/python3.12/site-packages/airflow/example_dags/example_display_name.py
[2026-03-25T11:25:19.972+0000] {processor.py:840} INFO - DAG(s) 'example_display_name' retrieved from /home/airflow/.local/lib/python3.12/site-packages/airflow/example_dags/example_display_name.py
[2026-03-25T11:25:19.991+0000] {logging_mixin.py:188} INFO - [2026-03-25T11:25:19.990+0000] {dag.py:3096} INFO - Sync 1 DAGs
[2026-03-25T11:25:20.004+0000] {logging_mixin.py:188} INFO - [2026-03-25T11:25:20.003+0000] {dag.py:3954} INFO - Setting next_dagrun for example_display_name to None, run_after=None
[2026-03-25T11:25:20.052+0000] {processor.py:183} INFO - Processing /home/airflow/.local/lib/python3.12/site-packages/airflow/example_dags/example_display_name.py took 0.095 seconds
[2026-03-25T11:25:52.858+0000] {processor.py:161} INFO - Started process (PID=1236) to work on /home/airflow/.local/lib/python3.12/site-packages/airflow/example_dags/example_display_name.py
[2026-03-25T11:25:52.859+0000] {processor.py:830} INFO - Processing file /home/airflow/.local/lib/python3.12/site-packages/airflow/example_dags/example_display_name.py for tasks to queue
[2026-03-25T11:25:52.861+0000] {logging_mixin.py:188} INFO - [2026-03-25T11:25:52.861+0000] {dagbag.py:540} INFO - Filling up the DagBag from /home/airflow/.local/lib/python3.12/site-packages/airflow/example_dags/example_display_name.py
[2026-03-25T11:25:52.867+0000] {processor.py:840} INFO - DAG(s) 'example_display_name' retrieved from /home/airflow/.local/lib/python3.12/site-packages/airflow/example_dags/example_display_name.py
[2026-03-25T11:25:52.886+0000] {logging_mixin.py:188} INFO - [2026-03-25T11:25:52.886+0000] {dag.py:3096} INFO - Sync 1 DAGs
[2026-03-25T11:25:52.899+0000] {logging_mixin.py:188} INFO - [2026-03-25T11:25:52.899+0000] {dag.py:3954} INFO - Setting next_dagrun for example_display_name to None, run_after=None
[2026-03-25T11:25:52.938+0000] {processor.py:183} INFO - Processing /home/airflow/.local/lib/python3.12/site-packages/airflow/example_dags/example_display_name.py took 0.085 seconds
[2026-03-25T11:26:25.550+0000] {processor.py:161} INFO - Started process (PID=1295) to work on /home/airflow/.local/lib/python3.12/site-packages/airflow/example_dags/example_display_name.py
[2026-03-25T11:26:25.551+0000] {processor.py:830} INFO - Processing file /home/airflow/.local/lib/python3.12/site-packages/airflow/example_dags/example_display_name.py for tasks to queue
[2026-03-25T11:26:25.553+0000] {logging_mixin.py:188} INFO - [2026-03-25T11:26:25.553+0000] {dagbag.py:540} INFO - Filling up the DagBag from /home/airflow/.local/lib/python3.12/site-packages/airflow/example_dags/example_display_name.py
[2026-03-25T11:26:25.559+0000] {processor.py:840} INFO - DAG(s) 'example_display_name' retrieved from /home/airflow/.local/lib/python3.12/site-packages/airflow/example_dags/example_display_name.py
[2026-03-25T11:26:25.580+0000] {logging_mixin.py:188} INFO - [2026-03-25T11:26:25.580+0000] {dag.py:3096} INFO - Sync 1 DAGs
[2026-03-25T11:26:25.595+0000] {logging_mixin.py:188} INFO - [2026-03-25T11:26:25.594+0000] {dag.py:3954} INFO - Setting next_dagrun for example_display_name to None, run_after=None
[2026-03-25T11:26:25.667+0000] {processor.py:183} INFO - Processing /home/airflow/.local/lib/python3.12/site-packages/airflow/example_dags/example_display_name.py took 0.123 seconds
[2026-03-25T11:26:58.441+0000] {processor.py:161} INFO - Started process (PID=1354) to work on /home/airflow/.local/lib/python3.12/site-packages/airflow/example_dags/example_display_name.py
[2026-03-25T11:26:58.442+0000] {processor.py:830} INFO - Processing file /home/airflow/.local/lib/python3.12/site-packages/airflow/example_dags/example_display_name.py for tasks to queue
[2026-03-25T11:26:58.444+0000] {logging_mixin.py:188} INFO - [2026-03-25T11:26:58.444+0000] {dagbag.py:540} INFO - Filling up the DagBag from /home/airflow/.local/lib/python3.12/site-packages/airflow/example_dags/example_display_name.py
[2026-03-25T11:26:58.450+0000] {processor.py:840} INFO - DAG(s) 'example_display_name' retrieved from /home/airflow/.local/lib/python3.12/site-packages/airflow/example_dags/example_display_name.py
[2026-03-25T11:26:58.472+0000] {logging_mixin.py:188} INFO - [2026-03-25T11:26:58.472+0000] {dag.py:3096} INFO - Sync 1 DAGs
[2026-03-25T11:26:58.487+0000] {logging_mixin.py:188} INFO - [2026-03-25T11:26:58.486+0000] {dag.py:3954} INFO - Setting next_dagrun for example_display_name to None, run_after=None
[2026-03-25T11:26:58.546+0000] {processor.py:183} INFO - Processing /home/airflow/.local/lib/python3.12/site-packages/airflow/example_dags/example_display_name.py took 0.110 seconds
[2026-03-25T11:27:32.059+0000] {processor.py:161} INFO - Started process (PID=1403) to work on /home/airflow/.local/lib/python3.12/site-packages/airflow/example_dags/example_display_name.py
[2026-03-25T11:27:32.061+0000] {processor.py:830} INFO - Processing file /home/airflow/.local/lib/python3.12/site-packages/airflow/example_dags/example_display_name.py for tasks to queue
[2026-03-25T11:27:32.064+0000] {logging_mixin.py:188} INFO - [2026-03-25T11:27:32.063+0000] {dagbag.py:540} INFO - Filling up the DagBag from /home/airflow/.local/lib/python3.12/site-packages/airflow/example_dags/example_display_name.py
[2026-03-25T11:27:32.076+0000] {processor.py:840} INFO - DAG(s) 'example_display_name' retrieved from /home/airflow/.local/lib/python3.12/site-packages/airflow/example_dags/example_display_name.py
[2026-03-25T11:27:32.117+0000] {logging_mixin.py:188} INFO - [2026-03-25T11:27:32.116+0000] {dag.py:3096} INFO - Sync 1 DAGs
[2026-03-25T11:27:32.148+0000] {logging_mixin.py:188} INFO - [2026-03-25T11:27:32.148+0000] {dag.py:3954} INFO - Setting next_dagrun for example_display_name to None, run_after=None
[2026-03-25T11:27:32.217+0000] {processor.py:183} INFO - Processing /home/airflow/.local/lib/python3.12/site-packages/airflow/example_dags/example_display_name.py took 0.168 seconds
[2026-03-25T11:28:02.771+0000] {processor.py:161} INFO - Started process (PID=1462) to work on /home/airflow/.local/lib/python3.12/site-packages/airflow/example_dags/example_display_name.py
[2026-03-25T11:28:02.772+0000] {processor.py:830} INFO - Processing file /home/airflow/.local/lib/python3.12/site-packages/airflow/example_dags/example_display_name.py for tasks to queue
[2026-03-25T11:28:02.774+0000] {logging_mixin.py:188} INFO - [2026-03-25T11:28:02.774+0000] {dagbag.py:540} INFO - Filling up the DagBag from /home/airflow/.local/lib/python3.12/site-packages/airflow/example_dags/example_display_name.py
[2026-03-25T11:28:02.781+0000] {processor.py:840} INFO - DAG(s) 'example_display_name' retrieved from /home/airflow/.local/lib/python3.12/site-packages/airflow/example_dags/example_display_name.py
[2026-03-25T11:28:02.803+0000] {logging_mixin.py:188} INFO - [2026-03-25T11:28:02.802+0000] {dag.py:3096} INFO - Sync 1 DAGs
[2026-03-25T11:28:02.818+0000] {logging_mixin.py:188} INFO - [2026-03-25T11:28:02.817+0000] {dag.py:3954} INFO - Setting next_dagrun for example_display_name to None, run_after=None
[2026-03-25T11:28:02.879+0000] {processor.py:183} INFO - Processing /home/airflow/.local/lib/python3.12/site-packages/airflow/example_dags/example_display_name.py took 0.115 seconds
[2026-03-25T11:28:34.061+0000] {processor.py:161} INFO - Started process (PID=1490) to work on /home/airflow/.local/lib/python3.12/site-packages/airflow/example_dags/example_display_name.py
[2026-03-25T11:28:34.063+0000] {processor.py:830} INFO - Processing file /home/airflow/.local/lib/python3.12/site-packages/airflow/example_dags/example_display_name.py for tasks to queue
[2026-03-25T11:28:34.066+0000] {logging_mixin.py:188} INFO - [2026-03-25T11:28:34.066+0000] {dagbag.py:540} INFO - Filling up the DagBag from /home/airflow/.local/lib/python3.12/site-packages/airflow/example_dags/example_display_name.py
[2026-03-25T11:28:34.078+0000] {processor.py:840} INFO - DAG(s) 'example_display_name' retrieved from /home/airflow/.local/lib/python3.12/site-packages/airflow/example_dags/example_display_name.py
[2026-03-25T11:28:34.111+0000] {logging_mixin.py:188} INFO - [2026-03-25T11:28:34.110+0000] {dag.py:3096} INFO - Sync 1 DAGs
[2026-03-25T11:28:34.128+0000] {logging_mixin.py:188} INFO - [2026-03-25T11:28:34.128+0000] {dag.py:3954} INFO - Setting next_dagrun for example_display_name to None, run_after=None
[2026-03-25T11:28:34.215+0000] {processor.py:183} INFO - Processing /home/airflow/.local/lib/python3.12/site-packages/airflow/example_dags/example_display_name.py took 0.166 seconds
[2026-03-25T11:29:06.078+0000] {processor.py:161} INFO - Started process (PID=1549) to work on /home/airflow/.local/lib/python3.12/site-packages/airflow/example_dags/example_display_name.py
[2026-03-25T11:29:06.079+0000] {processor.py:830} INFO - Processing file /home/airflow/.local/lib/python3.12/site-packages/airflow/example_dags/example_display_name.py for tasks to queue
[2026-03-25T11:29:06.081+0000] {logging_mixin.py:188} INFO - [2026-03-25T11:29:06.081+0000] {dagbag.py:540} INFO - Filling up the DagBag from /home/airflow/.local/lib/python3.12/site-packages/airflow/example_dags/example_display_name.py
[2026-03-25T11:29:06.086+0000] {processor.py:840} INFO - DAG(s) 'example_display_name' retrieved from /home/airflow/.local/lib/python3.12/site-packages/airflow/example_dags/example_display_name.py
[2026-03-25T11:29:06.107+0000] {logging_mixin.py:188} INFO - [2026-03-25T11:29:06.107+0000] {dag.py:3096} INFO - Sync 1 DAGs
[2026-03-25T11:29:06.120+0000] {logging_mixin.py:188} INFO - [2026-03-25T11:29:06.120+0000] {dag.py:3954} INFO - Setting next_dagrun for example_display_name to None, run_after=None
[2026-03-25T11:29:06.186+0000] {processor.py:183} INFO - Processing /home/airflow/.local/lib/python3.12/site-packages/airflow/example_dags/example_display_name.py took 0.114 seconds
[2026-03-25T11:29:36.481+0000] {processor.py:161} INFO - Started process (PID=1614) to work on /home/airflow/.local/lib/python3.12/site-packages/airflow/example_dags/example_display_name.py
[2026-03-25T11:29:36.483+0000] {processor.py:830} INFO - Processing file /home/airflow/.local/lib/python3.12/site-packages/airflow/example_dags/example_display_name.py for tasks to queue
[2026-03-25T11:29:36.486+0000] {logging_mixin.py:188} INFO - [2026-03-25T11:29:36.486+0000] {dagbag.py:540} INFO - Filling up the DagBag from /home/airflow/.local/lib/python3.12/site-packages/airflow/example_dags/example_display_name.py
[2026-03-25T11:29:36.495+0000] {processor.py:840} INFO - DAG(s) 'example_display_name' retrieved from /home/airflow/.local/lib/python3.12/site-packages/airflow/example_dags/example_display_name.py
[2026-03-25T11:29:36.522+0000] {logging_mixin.py:188} INFO - [2026-03-25T11:29:36.522+0000] {dag.py:3096} INFO - Sync 1 DAGs
[2026-03-25T11:29:36.549+0000] {logging_mixin.py:188} INFO - [2026-03-25T11:29:36.549+0000] {dag.py:3954} INFO - Setting next_dagrun for example_display_name to None, run_after=None
[2026-03-25T11:29:36.617+0000] {processor.py:183} INFO - Processing /home/airflow/.local/lib/python3.12/site-packages/airflow/example_dags/example_display_name.py took 0.143 seconds
[2026-03-25T11:30:07.454+0000] {processor.py:161} INFO - Started process (PID=1667) to work on /home/airflow/.local/lib/python3.12/site-packages/airflow/example_dags/example_display_name.py
[2026-03-25T11:30:07.455+0000] {processor.py:830} INFO - Processing file /home/airflow/.local/lib/python3.12/site-packages/airflow/example_dags/example_display_name.py for tasks to queue
[2026-03-25T11:30:07.458+0000] {logging_mixin.py:188} INFO - [2026-03-25T11:30:07.458+0000] {dagbag.py:540} INFO - Filling up the DagBag from /home/airflow/.local/lib/python3.12/site-packages/airflow/example_dags/example_display_name.py
[2026-03-25T11:30:07.467+0000] {processor.py:840} INFO - DAG(s) 'example_display_name' retrieved from /home/airflow/.local/lib/python3.12/site-packages/airflow/example_dags/example_display_name.py
[2026-03-25T11:30:07.496+0000] {logging_mixin.py:188} INFO - [2026-03-25T11:30:07.496+0000] {dag.py:3096} INFO - Sync 1 DAGs
[2026-03-25T11:30:07.515+0000] {logging_mixin.py:188} INFO - [2026-03-25T11:30:07.515+0000] {dag.py:3954} INFO - Setting next_dagrun for example_display_name to None, run_after=None
[2026-03-25T11:30:07.626+0000] {processor.py:183} INFO - Processing /home/airflow/.local/lib/python3.12/site-packages/airflow/example_dags/example_display_name.py took 0.181 seconds
[2026-03-25T11:30:37.762+0000] {processor.py:161} INFO - Started process (PID=1726) to work on /home/airflow/.local/lib/python3.12/site-packages/airflow/example_dags/example_display_name.py
[2026-03-25T11:30:37.763+0000] {processor.py:830} INFO - Processing file /home/airflow/.local/lib/python3.12/site-packages/airflow/example_dags/example_display_name.py for tasks to queue
[2026-03-25T11:30:37.765+0000] {logging_mixin.py:188} INFO - [2026-03-25T11:30:37.765+0000] {dagbag.py:540} INFO - Filling up the DagBag from /home/airflow/.local/lib/python3.12/site-packages/airflow/example_dags/example_display_name.py
[2026-03-25T11:30:37.771+0000] {processor.py:840} INFO - DAG(s) 'example_display_name' retrieved from /home/airflow/.local/lib/python3.12/site-packages/airflow/example_dags/example_display_name.py
[2026-03-25T11:30:37.790+0000] {logging_mixin.py:188} INFO - [2026-03-25T11:30:37.790+0000] {dag.py:3096} INFO - Sync 1 DAGs
[2026-03-25T11:30:37.803+0000] {logging_mixin.py:188} INFO - [2026-03-25T11:30:37.803+0000] {dag.py:3954} INFO - Setting next_dagrun for example_display_name to None, run_after=None
[2026-03-25T11:30:37.846+0000] {processor.py:183} INFO - Processing /home/airflow/.local/lib/python3.12/site-packages/airflow/example_dags/example_display_name.py took 0.089 seconds
[2026-03-25T11:31:08.214+0000] {processor.py:161} INFO - Started process (PID=1785) to work on /home/airflow/.local/lib/python3.12/site-packages/airflow/example_dags/example_display_name.py
[2026-03-25T11:31:08.216+0000] {processor.py:830} INFO - Processing file /home/airflow/.local/lib/python3.12/site-packages/airflow/example_dags/example_display_name.py for tasks to queue
[2026-03-25T11:31:08.218+0000] {logging_mixin.py:188} INFO - [2026-03-25T11:31:08.218+0000] {dagbag.py:540} INFO - Filling up the DagBag from /home/airflow/.local/lib/python3.12/site-packages/airflow/example_dags/example_display_name.py
[2026-03-25T11:31:08.226+0000] {processor.py:840} INFO - DAG(s) 'example_display_name' retrieved from /home/airflow/.local/lib/python3.12/site-packages/airflow/example_dags/example_display_name.py
[2026-03-25T11:31:08.250+0000] {logging_mixin.py:188} INFO - [2026-03-25T11:31:08.250+0000] {dag.py:3096} INFO - Sync 1 DAGs
[2026-03-25T11:31:08.267+0000] {logging_mixin.py:188} INFO - [2026-03-25T11:31:08.266+0000] {dag.py:3954} INFO - Setting next_dagrun for example_display_name to None, run_after=None
[2026-03-25T11:31:08.343+0000] {processor.py:183} INFO - Processing /home/airflow/.local/lib/python3.12/site-packages/airflow/example_dags/example_display_name.py took 0.136 seconds
[2026-03-25T11:31:38.485+0000] {processor.py:161} INFO - Started process (PID=1844) to work on /home/airflow/.local/lib/python3.12/site-packages/airflow/example_dags/example_display_name.py
[2026-03-25T11:31:38.486+0000] {processor.py:830} INFO - Processing file /home/airflow/.local/lib/python3.12/site-packages/airflow/example_dags/example_display_name.py for tasks to queue
[2026-03-25T11:31:38.488+0000] {logging_mixin.py:188} INFO - [2026-03-25T11:31:38.488+0000] {dagbag.py:540} INFO - Filling up the DagBag from /home/airflow/.local/lib/python3.12/site-packages/airflow/example_dags/example_display_name.py
[2026-03-25T11:31:38.494+0000] {processor.py:840} INFO - DAG(s) 'example_display_name' retrieved from /home/airflow/.local/lib/python3.12/site-packages/airflow/example_dags/example_display_name.py
[2026-03-25T11:31:38.515+0000] {logging_mixin.py:188} INFO - [2026-03-25T11:31:38.515+0000] {dag.py:3096} INFO - Sync 1 DAGs
[2026-03-25T11:31:38.528+0000] {logging_mixin.py:188} INFO - [2026-03-25T11:31:38.527+0000] {dag.py:3954} INFO - Setting next_dagrun for example_display_name to None, run_after=None
[2026-03-25T11:31:38.594+0000] {processor.py:183} INFO - Processing /home/airflow/.local/lib/python3.12/site-packages/airflow/example_dags/example_display_name.py took 0.114 seconds
[2026-03-25T11:32:09.228+0000] {processor.py:161} INFO - Started process (PID=1903) to work on /home/airflow/.local/lib/python3.12/site-packages/airflow/example_dags/example_display_name.py
[2026-03-25T11:32:09.229+0000] {processor.py:830} INFO - Processing file /home/airflow/.local/lib/python3.12/site-packages/airflow/example_dags/example_display_name.py for tasks to queue
[2026-03-25T11:32:09.231+0000] {logging_mixin.py:188} INFO - [2026-03-25T11:32:09.230+0000] {dagbag.py:540} INFO - Filling up the DagBag from /home/airflow/.local/lib/python3.12/site-packages/airflow/example_dags/example_display_name.py
[2026-03-25T11:32:09.236+0000] {processor.py:840} INFO - DAG(s) 'example_display_name' retrieved from /home/airflow/.local/lib/python3.12/site-packages/airflow/example_dags/example_display_name.py
[2026-03-25T11:32:09.255+0000] {logging_mixin.py:188} INFO - [2026-03-25T11:32:09.255+0000] {dag.py:3096} INFO - Sync 1 DAGs
[2026-03-25T11:32:09.268+0000] {logging_mixin.py:188} INFO - [2026-03-25T11:32:09.268+0000] {dag.py:3954} INFO - Setting next_dagrun for example_display_name to None, run_after=None
[2026-03-25T11:32:09.329+0000] {processor.py:183} INFO - Processing /home/airflow/.local/lib/python3.12/site-packages/airflow/example_dags/example_display_name.py took 0.106 seconds
[2026-03-25T11:34:34.818+0000] {processor.py:161} INFO - Started process (PID=71) to work on /home/airflow/.local/lib/python3.12/site-packages/airflow/example_dags/example_display_name.py
[2026-03-25T11:34:34.820+0000] {processor.py:830} INFO - Processing file /home/airflow/.local/lib/python3.12/site-packages/airflow/example_dags/example_display_name.py for tasks to queue
[2026-03-25T11:34:34.823+0000] {logging_mixin.py:188} INFO - [2026-03-25T11:34:34.823+0000] {dagbag.py:540} INFO - Filling up the DagBag from /home/airflow/.local/lib/python3.12/site-packages/airflow/example_dags/example_display_name.py
[2026-03-25T11:34:34.833+0000] {processor.py:840} INFO - DAG(s) 'example_display_name' retrieved from /home/airflow/.local/lib/python3.12/site-packages/airflow/example_dags/example_display_name.py
[2026-03-25T11:34:35.035+0000] {logging_mixin.py:188} INFO - [2026-03-25T11:34:35.035+0000] {dag.py:3096} INFO - Sync 1 DAGs
[2026-03-25T11:34:35.054+0000] {logging_mixin.py:188} INFO - [2026-03-25T11:34:35.053+0000] {dag.py:3954} INFO - Setting next_dagrun for example_display_name to None, run_after=None
[2026-03-25T11:34:35.125+0000] {processor.py:183} INFO - Processing /home/airflow/.local/lib/python3.12/site-packages/airflow/example_dags/example_display_name.py took 0.317 seconds
[2026-03-25T11:35:05.770+0000] {processor.py:161} INFO - Started process (PID=124) to work on /home/airflow/.local/lib/python3.12/site-packages/airflow/example_dags/example_display_name.py
[2026-03-25T11:35:05.771+0000] {processor.py:830} INFO - Processing file /home/airflow/.local/lib/python3.12/site-packages/airflow/example_dags/example_display_name.py for tasks to queue
[2026-03-25T11:35:05.773+0000] {logging_mixin.py:188} INFO - [2026-03-25T11:35:05.773+0000] {dagbag.py:540} INFO - Filling up the DagBag from /home/airflow/.local/lib/python3.12/site-packages/airflow/example_dags/example_display_name.py
[2026-03-25T11:35:05.779+0000] {processor.py:840} INFO - DAG(s) 'example_display_name' retrieved from /home/airflow/.local/lib/python3.12/site-packages/airflow/example_dags/example_display_name.py
[2026-03-25T11:35:05.800+0000] {logging_mixin.py:188} INFO - [2026-03-25T11:35:05.800+0000] {dag.py:3096} INFO - Sync 1 DAGs
[2026-03-25T11:35:05.813+0000] {logging_mixin.py:188} INFO - [2026-03-25T11:35:05.813+0000] {dag.py:3954} INFO - Setting next_dagrun for example_display_name to None, run_after=None
[2026-03-25T11:35:05.937+0000] {processor.py:183} INFO - Processing /home/airflow/.local/lib/python3.12/site-packages/airflow/example_dags/example_display_name.py took 0.172 seconds
[2026-03-25T11:35:37.859+0000] {processor.py:161} INFO - Started process (PID=183) to work on /home/airflow/.local/lib/python3.12/site-packages/airflow/example_dags/example_display_name.py
[2026-03-25T11:35:37.860+0000] {processor.py:830} INFO - Processing file /home/airflow/.local/lib/python3.12/site-packages/airflow/example_dags/example_display_name.py for tasks to queue
[2026-03-25T11:35:37.862+0000] {logging_mixin.py:188} INFO - [2026-03-25T11:35:37.862+0000] {dagbag.py:540} INFO - Filling up the DagBag from /home/airflow/.local/lib/python3.12/site-packages/airflow/example_dags/example_display_name.py
[2026-03-25T11:35:37.868+0000] {processor.py:840} INFO - DAG(s) 'example_display_name' retrieved from /home/airflow/.local/lib/python3.12/site-packages/airflow/example_dags/example_display_name.py
[2026-03-25T11:35:37.892+0000] {logging_mixin.py:188} INFO - [2026-03-25T11:35:37.892+0000] {dag.py:3096} INFO - Sync 1 DAGs
[2026-03-25T11:35:37.908+0000] {logging_mixin.py:188} INFO - [2026-03-25T11:35:37.908+0000] {dag.py:3954} INFO - Setting next_dagrun for example_display_name to None, run_after=None
[2026-03-25T11:35:37.959+0000] {processor.py:183} INFO - Processing /home/airflow/.local/lib/python3.12/site-packages/airflow/example_dags/example_display_name.py took 0.106 seconds
[2026-03-25T11:36:11.050+0000] {processor.py:161} INFO - Started process (PID=243) to work on /home/airflow/.local/lib/python3.12/site-packages/airflow/example_dags/example_display_name.py
[2026-03-25T11:36:11.051+0000] {processor.py:830} INFO - Processing file /home/airflow/.local/lib/python3.12/site-packages/airflow/example_dags/example_display_name.py for tasks to queue
[2026-03-25T11:36:11.053+0000] {logging_mixin.py:188} INFO - [2026-03-25T11:36:11.053+0000] {dagbag.py:540} INFO - Filling up the DagBag from /home/airflow/.local/lib/python3.12/site-packages/airflow/example_dags/example_display_name.py
[2026-03-25T11:36:11.059+0000] {processor.py:840} INFO - DAG(s) 'example_display_name' retrieved from /home/airflow/.local/lib/python3.12/site-packages/airflow/example_dags/example_display_name.py
[2026-03-25T11:36:11.080+0000] {logging_mixin.py:188} INFO - [2026-03-25T11:36:11.080+0000] {dag.py:3096} INFO - Sync 1 DAGs
[2026-03-25T11:36:11.234+0000] {logging_mixin.py:188} INFO - [2026-03-25T11:36:11.234+0000] {dag.py:3954} INFO - Setting next_dagrun for example_display_name to None, run_after=None
[2026-03-25T11:36:11.292+0000] {processor.py:183} INFO - Processing /home/airflow/.local/lib/python3.12/site-packages/airflow/example_dags/example_display_name.py took 0.247 seconds
[2026-03-25T11:36:44.221+0000] {processor.py:161} INFO - Started process (PID=302) to work on /home/airflow/.local/lib/python3.12/site-packages/airflow/example_dags/example_display_name.py
[2026-03-25T11:36:44.222+0000] {processor.py:830} INFO - Processing file /home/airflow/.local/lib/python3.12/site-packages/airflow/example_dags/example_display_name.py for tasks to queue
[2026-03-25T11:36:44.225+0000] {logging_mixin.py:188} INFO - [2026-03-25T11:36:44.225+0000] {dagbag.py:540} INFO - Filling up the DagBag from /home/airflow/.local/lib/python3.12/site-packages/airflow/example_dags/example_display_name.py
[2026-03-25T11:36:44.234+0000] {processor.py:840} INFO - DAG(s) 'example_display_name' retrieved from /home/airflow/.local/lib/python3.12/site-packages/airflow/example_dags/example_display_name.py
[2026-03-25T11:36:44.263+0000] {logging_mixin.py:188} INFO - [2026-03-25T11:36:44.262+0000] {dag.py:3096} INFO - Sync 1 DAGs
[2026-03-25T11:36:44.288+0000] {logging_mixin.py:188} INFO - [2026-03-25T11:36:44.288+0000] {dag.py:3954} INFO - Setting next_dagrun for example_display_name to None, run_after=None
[2026-03-25T11:36:44.359+0000] {processor.py:183} INFO - Processing /home/airflow/.local/lib/python3.12/site-packages/airflow/example_dags/example_display_name.py took 0.147 seconds
[2026-03-25T11:37:16.435+0000] {processor.py:161} INFO - Started process (PID=361) to work on /home/airflow/.local/lib/python3.12/site-packages/airflow/example_dags/example_display_name.py
[2026-03-25T11:37:16.437+0000] {processor.py:830} INFO - Processing file /home/airflow/.local/lib/python3.12/site-packages/airflow/example_dags/example_display_name.py for tasks to queue
[2026-03-25T11:37:16.440+0000] {logging_mixin.py:188} INFO - [2026-03-25T11:37:16.439+0000] {dagbag.py:540} INFO - Filling up the DagBag from /home/airflow/.local/lib/python3.12/site-packages/airflow/example_dags/example_display_name.py
[2026-03-25T11:37:16.447+0000] {processor.py:840} INFO - DAG(s) 'example_display_name' retrieved from /home/airflow/.local/lib/python3.12/site-packages/airflow/example_dags/example_display_name.py
[2026-03-25T11:37:16.470+0000] {logging_mixin.py:188} INFO - [2026-03-25T11:37:16.470+0000] {dag.py:3096} INFO - Sync 1 DAGs
[2026-03-25T11:37:16.485+0000] {logging_mixin.py:188} INFO - [2026-03-25T11:37:16.484+0000] {dag.py:3954} INFO - Setting next_dagrun for example_display_name to None, run_after=None
[2026-03-25T11:37:16.530+0000] {processor.py:183} INFO - Processing /home/airflow/.local/lib/python3.12/site-packages/airflow/example_dags/example_display_name.py took 0.102 seconds
[2026-03-25T11:37:49.341+0000] {processor.py:161} INFO - Started process (PID=420) to work on /home/airflow/.local/lib/python3.12/site-packages/airflow/example_dags/example_display_name.py
[2026-03-25T11:37:49.342+0000] {processor.py:830} INFO - Processing file /home/airflow/.local/lib/python3.12/site-packages/airflow/example_dags/example_display_name.py for tasks to queue
[2026-03-25T11:37:49.344+0000] {logging_mixin.py:188} INFO - [2026-03-25T11:37:49.344+0000] {dagbag.py:540} INFO - Filling up the DagBag from /home/airflow/.local/lib/python3.12/site-packages/airflow/example_dags/example_display_name.py
[2026-03-25T11:37:49.350+0000] {processor.py:840} INFO - DAG(s) 'example_display_name' retrieved from /home/airflow/.local/lib/python3.12/site-packages/airflow/example_dags/example_display_name.py
[2026-03-25T11:37:49.371+0000] {logging_mixin.py:188} INFO - [2026-03-25T11:37:49.371+0000] {dag.py:3096} INFO - Sync 1 DAGs
[2026-03-25T11:37:49.385+0000] {logging_mixin.py:188} INFO - [2026-03-25T11:37:49.385+0000] {dag.py:3954} INFO - Setting next_dagrun for example_display_name to None, run_after=None
[2026-03-25T11:37:49.427+0000] {processor.py:183} INFO - Processing /home/airflow/.local/lib/python3.12/site-packages/airflow/example_dags/example_display_name.py took 0.092 seconds
[2026-03-25T11:38:21.602+0000] {processor.py:161} INFO - Started process (PID=479) to work on /home/airflow/.local/lib/python3.12/site-packages/airflow/example_dags/example_display_name.py
[2026-03-25T11:38:21.603+0000] {processor.py:830} INFO - Processing file /home/airflow/.local/lib/python3.12/site-packages/airflow/example_dags/example_display_name.py for tasks to queue
[2026-03-25T11:38:21.605+0000] {logging_mixin.py:188} INFO - [2026-03-25T11:38:21.605+0000] {dagbag.py:540} INFO - Filling up the DagBag from /home/airflow/.local/lib/python3.12/site-packages/airflow/example_dags/example_display_name.py
[2026-03-25T11:38:21.611+0000] {processor.py:840} INFO - DAG(s) 'example_display_name' retrieved from /home/airflow/.local/lib/python3.12/site-packages/airflow/example_dags/example_display_name.py
[2026-03-25T11:38:21.632+0000] {logging_mixin.py:188} INFO - [2026-03-25T11:38:21.632+0000] {dag.py:3096} INFO - Sync 1 DAGs
[2026-03-25T11:38:21.645+0000] {logging_mixin.py:188} INFO - [2026-03-25T11:38:21.644+0000] {dag.py:3954} INFO - Setting next_dagrun for example_display_name to None, run_after=None
[2026-03-25T11:38:21.703+0000] {processor.py:183} INFO - Processing /home/airflow/.local/lib/python3.12/site-packages/airflow/example_dags/example_display_name.py took 0.109 seconds
[2026-03-25T11:38:54.361+0000] {processor.py:161} INFO - Started process (PID=538) to work on /home/airflow/.local/lib/python3.12/site-packages/airflow/example_dags/example_display_name.py
[2026-03-25T11:38:54.362+0000] {processor.py:830} INFO - Processing file /home/airflow/.local/lib/python3.12/site-packages/airflow/example_dags/example_display_name.py for tasks to queue
[2026-03-25T11:38:54.364+0000] {logging_mixin.py:188} INFO - [2026-03-25T11:38:54.364+0000] {dagbag.py:540} INFO - Filling up the DagBag from /home/airflow/.local/lib/python3.12/site-packages/airflow/example_dags/example_display_name.py
[2026-03-25T11:38:54.371+0000] {processor.py:840} INFO - DAG(s) 'example_display_name' retrieved from /home/airflow/.local/lib/python3.12/site-packages/airflow/example_dags/example_display_name.py
[2026-03-25T11:38:54.395+0000] {logging_mixin.py:188} INFO - [2026-03-25T11:38:54.395+0000] {dag.py:3096} INFO - Sync 1 DAGs
[2026-03-25T11:38:54.411+0000] {logging_mixin.py:188} INFO - [2026-03-25T11:38:54.411+0000] {dag.py:3954} INFO - Setting next_dagrun for example_display_name to None, run_after=None
[2026-03-25T11:38:54.478+0000] {processor.py:183} INFO - Processing /home/airflow/.local/lib/python3.12/site-packages/airflow/example_dags/example_display_name.py took 0.122 seconds
[2026-03-25T11:39:27.073+0000] {processor.py:161} INFO - Started process (PID=597) to work on /home/airflow/.local/lib/python3.12/site-packages/airflow/example_dags/example_display_name.py
[2026-03-25T11:39:27.074+0000] {processor.py:830} INFO - Processing file /home/airflow/.local/lib/python3.12/site-packages/airflow/example_dags/example_display_name.py for tasks to queue
[2026-03-25T11:39:27.077+0000] {logging_mixin.py:188} INFO - [2026-03-25T11:39:27.076+0000] {dagbag.py:540} INFO - Filling up the DagBag from /home/airflow/.local/lib/python3.12/site-packages/airflow/example_dags/example_display_name.py
[2026-03-25T11:39:27.083+0000] {processor.py:840} INFO - DAG(s) 'example_display_name' retrieved from /home/airflow/.local/lib/python3.12/site-packages/airflow/example_dags/example_display_name.py
[2026-03-25T11:39:27.106+0000] {logging_mixin.py:188} INFO - [2026-03-25T11:39:27.106+0000] {dag.py:3096} INFO - Sync 1 DAGs
[2026-03-25T11:39:27.122+0000] {logging_mixin.py:188} INFO - [2026-03-25T11:39:27.122+0000] {dag.py:3954} INFO - Setting next_dagrun for example_display_name to None, run_after=None
[2026-03-25T11:39:27.188+0000] {processor.py:183} INFO - Processing /home/airflow/.local/lib/python3.12/site-packages/airflow/example_dags/example_display_name.py took 0.122 seconds
[2026-03-25T11:40:00.115+0000] {processor.py:161} INFO - Started process (PID=656) to work on /home/airflow/.local/lib/python3.12/site-packages/airflow/example_dags/example_display_name.py
[2026-03-25T11:40:00.116+0000] {processor.py:830} INFO - Processing file /home/airflow/.local/lib/python3.12/site-packages/airflow/example_dags/example_display_name.py for tasks to queue
[2026-03-25T11:40:00.118+0000] {logging_mixin.py:188} INFO - [2026-03-25T11:40:00.118+0000] {dagbag.py:540} INFO - Filling up the DagBag from /home/airflow/.local/lib/python3.12/site-packages/airflow/example_dags/example_display_name.py
[2026-03-25T11:40:00.124+0000] {processor.py:840} INFO - DAG(s) 'example_display_name' retrieved from /home/airflow/.local/lib/python3.12/site-packages/airflow/example_dags/example_display_name.py
[2026-03-25T11:40:00.144+0000] {logging_mixin.py:188} INFO - [2026-03-25T11:40:00.144+0000] {dag.py:3096} INFO - Sync 1 DAGs
[2026-03-25T11:40:00.158+0000] {logging_mixin.py:188} INFO - [2026-03-25T11:40:00.158+0000] {dag.py:3954} INFO - Setting next_dagrun for example_display_name to None, run_after=None
[2026-03-25T11:40:00.214+0000] {processor.py:183} INFO - Processing /home/airflow/.local/lib/python3.12/site-packages/airflow/example_dags/example_display_name.py took 0.105 seconds
[2026-03-25T11:40:32.445+0000] {processor.py:161} INFO - Started process (PID=715) to work on /home/airflow/.local/lib/python3.12/site-packages/airflow/example_dags/example_display_name.py
[2026-03-25T11:40:32.447+0000] {processor.py:830} INFO - Processing file /home/airflow/.local/lib/python3.12/site-packages/airflow/example_dags/example_display_name.py for tasks to queue
[2026-03-25T11:40:32.449+0000] {logging_mixin.py:188} INFO - [2026-03-25T11:40:32.448+0000] {dagbag.py:540} INFO - Filling up the DagBag from /home/airflow/.local/lib/python3.12/site-packages/airflow/example_dags/example_display_name.py
[2026-03-25T11:40:32.455+0000] {processor.py:840} INFO - DAG(s) 'example_display_name' retrieved from /home/airflow/.local/lib/python3.12/site-packages/airflow/example_dags/example_display_name.py
[2026-03-25T11:40:32.477+0000] {logging_mixin.py:188} INFO - [2026-03-25T11:40:32.476+0000] {dag.py:3096} INFO - Sync 1 DAGs
[2026-03-25T11:40:32.494+0000] {logging_mixin.py:188} INFO - [2026-03-25T11:40:32.493+0000] {dag.py:3954} INFO - Setting next_dagrun for example_display_name to None, run_after=None
[2026-03-25T11:40:32.556+0000] {processor.py:183} INFO - Processing /home/airflow/.local/lib/python3.12/site-packages/airflow/example_dags/example_display_name.py took 0.117 seconds
[2026-03-25T11:41:05.423+0000] {processor.py:161} INFO - Started process (PID=774) to work on /home/airflow/.local/lib/python3.12/site-packages/airflow/example_dags/example_display_name.py
[2026-03-25T11:41:05.424+0000] {processor.py:830} INFO - Processing file /home/airflow/.local/lib/python3.12/site-packages/airflow/example_dags/example_display_name.py for tasks to queue
[2026-03-25T11:41:05.426+0000] {logging_mixin.py:188} INFO - [2026-03-25T11:41:05.426+0000] {dagbag.py:540} INFO - Filling up the DagBag from /home/airflow/.local/lib/python3.12/site-packages/airflow/example_dags/example_display_name.py
[2026-03-25T11:41:05.432+0000] {processor.py:840} INFO - DAG(s) 'example_display_name' retrieved from /home/airflow/.local/lib/python3.12/site-packages/airflow/example_dags/example_display_name.py
[2026-03-25T11:41:05.452+0000] {logging_mixin.py:188} INFO - [2026-03-25T11:41:05.451+0000] {dag.py:3096} INFO - Sync 1 DAGs
[2026-03-25T11:41:05.465+0000] {logging_mixin.py:188} INFO - [2026-03-25T11:41:05.465+0000] {dag.py:3954} INFO - Setting next_dagrun for example_display_name to None, run_after=None
[2026-03-25T11:41:05.523+0000] {processor.py:183} INFO - Processing /home/airflow/.local/lib/python3.12/site-packages/airflow/example_dags/example_display_name.py took 0.105 seconds
[2026-03-25T11:41:39.622+0000] {processor.py:161} INFO - Started process (PID=833) to work on /home/airflow/.local/lib/python3.12/site-packages/airflow/example_dags/example_display_name.py
[2026-03-25T11:41:39.623+0000] {processor.py:830} INFO - Processing file /home/airflow/.local/lib/python3.12/site-packages/airflow/example_dags/example_display_name.py for tasks to queue
[2026-03-25T11:41:39.625+0000] {logging_mixin.py:188} INFO - [2026-03-25T11:41:39.625+0000] {dagbag.py:540} INFO - Filling up the DagBag from /home/airflow/.local/lib/python3.12/site-packages/airflow/example_dags/example_display_name.py
[2026-03-25T11:41:39.631+0000] {processor.py:840} INFO - DAG(s) 'example_display_name' retrieved from /home/airflow/.local/lib/python3.12/site-packages/airflow/example_dags/example_display_name.py
[2026-03-25T11:41:39.651+0000] {logging_mixin.py:188} INFO - [2026-03-25T11:41:39.650+0000] {dag.py:3096} INFO - Sync 1 DAGs
[2026-03-25T11:41:39.664+0000] {logging_mixin.py:188} INFO - [2026-03-25T11:41:39.664+0000] {dag.py:3954} INFO - Setting next_dagrun for example_display_name to None, run_after=None
[2026-03-25T11:41:39.708+0000] {processor.py:183} INFO - Processing /home/airflow/.local/lib/python3.12/site-packages/airflow/example_dags/example_display_name.py took 0.094 seconds
[2026-03-25T11:42:10.604+0000] {processor.py:161} INFO - Started process (PID=892) to work on /home/airflow/.local/lib/python3.12/site-packages/airflow/example_dags/example_display_name.py
[2026-03-25T11:42:10.606+0000] {processor.py:830} INFO - Processing file /home/airflow/.local/lib/python3.12/site-packages/airflow/example_dags/example_display_name.py for tasks to queue
[2026-03-25T11:42:10.608+0000] {logging_mixin.py:188} INFO - [2026-03-25T11:42:10.607+0000] {dagbag.py:540} INFO - Filling up the DagBag from /home/airflow/.local/lib/python3.12/site-packages/airflow/example_dags/example_display_name.py
[2026-03-25T11:42:10.613+0000] {processor.py:840} INFO - DAG(s) 'example_display_name' retrieved from /home/airflow/.local/lib/python3.12/site-packages/airflow/example_dags/example_display_name.py
[2026-03-25T11:42:10.632+0000] {logging_mixin.py:188} INFO - [2026-03-25T11:42:10.632+0000] {dag.py:3096} INFO - Sync 1 DAGs
[2026-03-25T11:42:10.645+0000] {logging_mixin.py:188} INFO - [2026-03-25T11:42:10.644+0000] {dag.py:3954} INFO - Setting next_dagrun for example_display_name to None, run_after=None
[2026-03-25T11:42:10.695+0000] {processor.py:183} INFO - Processing /home/airflow/.local/lib/python3.12/site-packages/airflow/example_dags/example_display_name.py took 0.096 seconds
[2026-03-25T11:42:43.509+0000] {processor.py:161} INFO - Started process (PID=951) to work on /home/airflow/.local/lib/python3.12/site-packages/airflow/example_dags/example_display_name.py
[2026-03-25T11:42:43.511+0000] {processor.py:830} INFO - Processing file /home/airflow/.local/lib/python3.12/site-packages/airflow/example_dags/example_display_name.py for tasks to queue
[2026-03-25T11:42:43.513+0000] {logging_mixin.py:188} INFO - [2026-03-25T11:42:43.513+0000] {dagbag.py:540} INFO - Filling up the DagBag from /home/airflow/.local/lib/python3.12/site-packages/airflow/example_dags/example_display_name.py
[2026-03-25T11:42:43.522+0000] {processor.py:840} INFO - DAG(s) 'example_display_name' retrieved from /home/airflow/.local/lib/python3.12/site-packages/airflow/example_dags/example_display_name.py
[2026-03-25T11:42:43.546+0000] {logging_mixin.py:188} INFO - [2026-03-25T11:42:43.546+0000] {dag.py:3096} INFO - Sync 1 DAGs
[2026-03-25T11:42:43.564+0000] {logging_mixin.py:188} INFO - [2026-03-25T11:42:43.563+0000] {dag.py:3954} INFO - Setting next_dagrun for example_display_name to None, run_after=None
[2026-03-25T11:42:43.626+0000] {processor.py:183} INFO - Processing /home/airflow/.local/lib/python3.12/site-packages/airflow/example_dags/example_display_name.py took 0.124 seconds
[2026-03-25T11:43:16.965+0000] {processor.py:161} INFO - Started process (PID=1010) to work on /home/airflow/.local/lib/python3.12/site-packages/airflow/example_dags/example_display_name.py
[2026-03-25T11:43:16.966+0000] {processor.py:830} INFO - Processing file /home/airflow/.local/lib/python3.12/site-packages/airflow/example_dags/example_display_name.py for tasks to queue
[2026-03-25T11:43:16.969+0000] {logging_mixin.py:188} INFO - [2026-03-25T11:43:16.968+0000] {dagbag.py:540} INFO - Filling up the DagBag from /home/airflow/.local/lib/python3.12/site-packages/airflow/example_dags/example_display_name.py
[2026-03-25T11:43:16.977+0000] {processor.py:840} INFO - DAG(s) 'example_display_name' retrieved from /home/airflow/.local/lib/python3.12/site-packages/airflow/example_dags/example_display_name.py
[2026-03-25T11:43:17.001+0000] {logging_mixin.py:188} INFO - [2026-03-25T11:43:17.000+0000] {dag.py:3096} INFO - Sync 1 DAGs
[2026-03-25T11:43:17.016+0000] {logging_mixin.py:188} INFO - [2026-03-25T11:43:17.016+0000] {dag.py:3954} INFO - Setting next_dagrun for example_display_name to None, run_after=None
[2026-03-25T11:43:17.083+0000] {processor.py:183} INFO - Processing /home/airflow/.local/lib/python3.12/site-packages/airflow/example_dags/example_display_name.py took 0.125 seconds
[2026-03-25T11:43:49.217+0000] {processor.py:161} INFO - Started process (PID=1069) to work on /home/airflow/.local/lib/python3.12/site-packages/airflow/example_dags/example_display_name.py
[2026-03-25T11:43:49.218+0000] {processor.py:830} INFO - Processing file /home/airflow/.local/lib/python3.12/site-packages/airflow/example_dags/example_display_name.py for tasks to queue
[2026-03-25T11:43:49.220+0000] {logging_mixin.py:188} INFO - [2026-03-25T11:43:49.220+0000] {dagbag.py:540} INFO - Filling up the DagBag from /home/airflow/.local/lib/python3.12/site-packages/airflow/example_dags/example_display_name.py
[2026-03-25T11:43:49.226+0000] {processor.py:840} INFO - DAG(s) 'example_display_name' retrieved from /home/airflow/.local/lib/python3.12/site-packages/airflow/example_dags/example_display_name.py
[2026-03-25T11:43:49.245+0000] {logging_mixin.py:188} INFO - [2026-03-25T11:43:49.245+0000] {dag.py:3096} INFO - Sync 1 DAGs
[2026-03-25T11:43:49.258+0000] {logging_mixin.py:188} INFO - [2026-03-25T11:43:49.258+0000] {dag.py:3954} INFO - Setting next_dagrun for example_display_name to None, run_after=None
[2026-03-25T11:43:49.307+0000] {processor.py:183} INFO - Processing /home/airflow/.local/lib/python3.12/site-packages/airflow/example_dags/example_display_name.py took 0.095 seconds
[2026-03-25T11:44:21.604+0000] {processor.py:161} INFO - Started process (PID=1128) to work on /home/airflow/.local/lib/python3.12/site-packages/airflow/example_dags/example_display_name.py
[2026-03-25T11:44:21.605+0000] {processor.py:830} INFO - Processing file /home/airflow/.local/lib/python3.12/site-packages/airflow/example_dags/example_display_name.py for tasks to queue
[2026-03-25T11:44:21.607+0000] {logging_mixin.py:188} INFO - [2026-03-25T11:44:21.607+0000] {dagbag.py:540} INFO - Filling up the DagBag from /home/airflow/.local/lib/python3.12/site-packages/airflow/example_dags/example_display_name.py
[2026-03-25T11:44:21.613+0000] {processor.py:840} INFO - DAG(s) 'example_display_name' retrieved from /home/airflow/.local/lib/python3.12/site-packages/airflow/example_dags/example_display_name.py
[2026-03-25T11:44:21.638+0000] {logging_mixin.py:188} INFO - [2026-03-25T11:44:21.637+0000] {dag.py:3096} INFO - Sync 1 DAGs
[2026-03-25T11:44:21.653+0000] {logging_mixin.py:188} INFO - [2026-03-25T11:44:21.652+0000] {dag.py:3954} INFO - Setting next_dagrun for example_display_name to None, run_after=None
[2026-03-25T11:44:21.713+0000] {processor.py:183} INFO - Processing /home/airflow/.local/lib/python3.12/site-packages/airflow/example_dags/example_display_name.py took 0.115 seconds
[2026-03-25T11:44:54.664+0000] {processor.py:161} INFO - Started process (PID=1187) to work on /home/airflow/.local/lib/python3.12/site-packages/airflow/example_dags/example_display_name.py
[2026-03-25T11:44:54.665+0000] {processor.py:830} INFO - Processing file /home/airflow/.local/lib/python3.12/site-packages/airflow/example_dags/example_display_name.py for tasks to queue
[2026-03-25T11:44:54.667+0000] {logging_mixin.py:188} INFO - [2026-03-25T11:44:54.667+0000] {dagbag.py:540} INFO - Filling up the DagBag from /home/airflow/.local/lib/python3.12/site-packages/airflow/example_dags/example_display_name.py
[2026-03-25T11:44:54.674+0000] {processor.py:840} INFO - DAG(s) 'example_display_name' retrieved from /home/airflow/.local/lib/python3.12/site-packages/airflow/example_dags/example_display_name.py
[2026-03-25T11:44:54.696+0000] {logging_mixin.py:188} INFO - [2026-03-25T11:44:54.695+0000] {dag.py:3096} INFO - Sync 1 DAGs
[2026-03-25T11:44:54.711+0000] {logging_mixin.py:188} INFO - [2026-03-25T11:44:54.711+0000] {dag.py:3954} INFO - Setting next_dagrun for example_display_name to None, run_after=None
[2026-03-25T11:44:54.783+0000] {processor.py:183} INFO - Processing /home/airflow/.local/lib/python3.12/site-packages/airflow/example_dags/example_display_name.py took 0.126 seconds
[2026-03-25T11:45:27.671+0000] {processor.py:161} INFO - Started process (PID=1246) to work on /home/airflow/.local/lib/python3.12/site-packages/airflow/example_dags/example_display_name.py
[2026-03-25T11:45:27.672+0000] {processor.py:830} INFO - Processing file /home/airflow/.local/lib/python3.12/site-packages/airflow/example_dags/example_display_name.py for tasks to queue
[2026-03-25T11:45:27.674+0000] {logging_mixin.py:188} INFO - [2026-03-25T11:45:27.674+0000] {dagbag.py:540} INFO - Filling up the DagBag from /home/airflow/.local/lib/python3.12/site-packages/airflow/example_dags/example_display_name.py
[2026-03-25T11:45:27.680+0000] {processor.py:840} INFO - DAG(s) 'example_display_name' retrieved from /home/airflow/.local/lib/python3.12/site-packages/airflow/example_dags/example_display_name.py
[2026-03-25T11:45:27.699+0000] {logging_mixin.py:188} INFO - [2026-03-25T11:45:27.699+0000] {dag.py:3096} INFO - Sync 1 DAGs
[2026-03-25T11:45:27.713+0000] {logging_mixin.py:188} INFO - [2026-03-25T11:45:27.712+0000] {dag.py:3954} INFO - Setting next_dagrun for example_display_name to None, run_after=None
[2026-03-25T11:45:27.774+0000] {processor.py:183} INFO - Processing /home/airflow/.local/lib/python3.12/site-packages/airflow/example_dags/example_display_name.py took 0.108 seconds
[2026-03-25T11:45:59.862+0000] {processor.py:161} INFO - Started process (PID=1305) to work on /home/airflow/.local/lib/python3.12/site-packages/airflow/example_dags/example_display_name.py
[2026-03-25T11:45:59.863+0000] {processor.py:830} INFO - Processing file /home/airflow/.local/lib/python3.12/site-packages/airflow/example_dags/example_display_name.py for tasks to queue
[2026-03-25T11:45:59.865+0000] {logging_mixin.py:188} INFO - [2026-03-25T11:45:59.865+0000] {dagbag.py:540} INFO - Filling up the DagBag from /home/airflow/.local/lib/python3.12/site-packages/airflow/example_dags/example_display_name.py
[2026-03-25T11:45:59.870+0000] {processor.py:840} INFO - DAG(s) 'example_display_name' retrieved from /home/airflow/.local/lib/python3.12/site-packages/airflow/example_dags/example_display_name.py
[2026-03-25T11:45:59.889+0000] {logging_mixin.py:188} INFO - [2026-03-25T11:45:59.889+0000] {dag.py:3096} INFO - Sync 1 DAGs
[2026-03-25T11:45:59.903+0000] {logging_mixin.py:188} INFO - [2026-03-25T11:45:59.903+0000] {dag.py:3954} INFO - Setting next_dagrun for example_display_name to None, run_after=None
[2026-03-25T11:45:59.962+0000] {processor.py:183} INFO - Processing /home/airflow/.local/lib/python3.12/site-packages/airflow/example_dags/example_display_name.py took 0.106 seconds
[2026-03-25T11:46:32.774+0000] {processor.py:161} INFO - Started process (PID=1364) to work on /home/airflow/.local/lib/python3.12/site-packages/airflow/example_dags/example_display_name.py
[2026-03-25T11:46:32.775+0000] {processor.py:830} INFO - Processing file /home/airflow/.local/lib/python3.12/site-packages/airflow/example_dags/example_display_name.py for tasks to queue
[2026-03-25T11:46:32.777+0000] {logging_mixin.py:188} INFO - [2026-03-25T11:46:32.777+0000] {dagbag.py:540} INFO - Filling up the DagBag from /home/airflow/.local/lib/python3.12/site-packages/airflow/example_dags/example_display_name.py
[2026-03-25T11:46:32.784+0000] {processor.py:840} INFO - DAG(s) 'example_display_name' retrieved from /home/airflow/.local/lib/python3.12/site-packages/airflow/example_dags/example_display_name.py
[2026-03-25T11:46:32.805+0000] {logging_mixin.py:188} INFO - [2026-03-25T11:46:32.805+0000] {dag.py:3096} INFO - Sync 1 DAGs
[2026-03-25T11:46:32.819+0000] {logging_mixin.py:188} INFO - [2026-03-25T11:46:32.819+0000] {dag.py:3954} INFO - Setting next_dagrun for example_display_name to None, run_after=None
[2026-03-25T11:46:32.879+0000] {processor.py:183} INFO - Processing /home/airflow/.local/lib/python3.12/site-packages/airflow/example_dags/example_display_name.py took 0.111 seconds
[2026-03-25T11:47:05.889+0000] {processor.py:161} INFO - Started process (PID=1423) to work on /home/airflow/.local/lib/python3.12/site-packages/airflow/example_dags/example_display_name.py
[2026-03-25T11:47:05.891+0000] {processor.py:830} INFO - Processing file /home/airflow/.local/lib/python3.12/site-packages/airflow/example_dags/example_display_name.py for tasks to queue
[2026-03-25T11:47:05.899+0000] {logging_mixin.py:188} INFO - [2026-03-25T11:47:05.898+0000] {dagbag.py:540} INFO - Filling up the DagBag from /home/airflow/.local/lib/python3.12/site-packages/airflow/example_dags/example_display_name.py
[2026-03-25T11:47:05.913+0000] {processor.py:840} INFO - DAG(s) 'example_display_name' retrieved from /home/airflow/.local/lib/python3.12/site-packages/airflow/example_dags/example_display_name.py
[2026-03-25T11:47:05.963+0000] {logging_mixin.py:188} INFO - [2026-03-25T11:47:05.962+0000] {dag.py:3096} INFO - Sync 1 DAGs
[2026-03-25T11:47:05.993+0000] {logging_mixin.py:188} INFO - [2026-03-25T11:47:05.993+0000] {dag.py:3954} INFO - Setting next_dagrun for example_display_name to None, run_after=None
[2026-03-25T11:47:06.078+0000] {processor.py:183} INFO - Processing /home/airflow/.local/lib/python3.12/site-packages/airflow/example_dags/example_display_name.py took 0.202 seconds
[2026-03-25T11:47:39.599+0000] {processor.py:161} INFO - Started process (PID=1483) to work on /home/airflow/.local/lib/python3.12/site-packages/airflow/example_dags/example_display_name.py
[2026-03-25T11:47:39.616+0000] {processor.py:830} INFO - Processing file /home/airflow/.local/lib/python3.12/site-packages/airflow/example_dags/example_display_name.py for tasks to queue
[2026-03-25T11:47:39.648+0000] {logging_mixin.py:188} INFO - [2026-03-25T11:47:39.644+0000] {dagbag.py:540} INFO - Filling up the DagBag from /home/airflow/.local/lib/python3.12/site-packages/airflow/example_dags/example_display_name.py
[2026-03-25T11:47:39.713+0000] {processor.py:840} INFO - DAG(s) 'example_display_name' retrieved from /home/airflow/.local/lib/python3.12/site-packages/airflow/example_dags/example_display_name.py
[2026-03-25T11:47:39.879+0000] {logging_mixin.py:188} INFO - [2026-03-25T11:47:39.878+0000] {dag.py:3096} INFO - Sync 1 DAGs
[2026-03-25T11:47:40.093+0000] {logging_mixin.py:188} INFO - [2026-03-25T11:47:40.092+0000] {dag.py:3954} INFO - Setting next_dagrun for example_display_name to None, run_after=None
[2026-03-25T11:47:40.302+0000] {processor.py:183} INFO - Processing /home/airflow/.local/lib/python3.12/site-packages/airflow/example_dags/example_display_name.py took 0.758 seconds
[2026-03-25T11:48:10.995+0000] {processor.py:161} INFO - Started process (PID=1542) to work on /home/airflow/.local/lib/python3.12/site-packages/airflow/example_dags/example_display_name.py
[2026-03-25T11:48:10.996+0000] {processor.py:830} INFO - Processing file /home/airflow/.local/lib/python3.12/site-packages/airflow/example_dags/example_display_name.py for tasks to queue
[2026-03-25T11:48:10.998+0000] {logging_mixin.py:188} INFO - [2026-03-25T11:48:10.997+0000] {dagbag.py:540} INFO - Filling up the DagBag from /home/airflow/.local/lib/python3.12/site-packages/airflow/example_dags/example_display_name.py
[2026-03-25T11:48:11.004+0000] {processor.py:840} INFO - DAG(s) 'example_display_name' retrieved from /home/airflow/.local/lib/python3.12/site-packages/airflow/example_dags/example_display_name.py
[2026-03-25T11:48:11.026+0000] {logging_mixin.py:188} INFO - [2026-03-25T11:48:11.026+0000] {dag.py:3096} INFO - Sync 1 DAGs
[2026-03-25T11:48:11.039+0000] {logging_mixin.py:188} INFO - [2026-03-25T11:48:11.039+0000] {dag.py:3954} INFO - Setting next_dagrun for example_display_name to None, run_after=None
[2026-03-25T11:48:11.103+0000] {processor.py:183} INFO - Processing /home/airflow/.local/lib/python3.12/site-packages/airflow/example_dags/example_display_name.py took 0.114 seconds
[2026-03-25T11:48:43.467+0000] {processor.py:161} INFO - Started process (PID=1601) to work on /home/airflow/.local/lib/python3.12/site-packages/airflow/example_dags/example_display_name.py
[2026-03-25T11:48:43.468+0000] {processor.py:830} INFO - Processing file /home/airflow/.local/lib/python3.12/site-packages/airflow/example_dags/example_display_name.py for tasks to queue
[2026-03-25T11:48:43.470+0000] {logging_mixin.py:188} INFO - [2026-03-25T11:48:43.469+0000] {dagbag.py:540} INFO - Filling up the DagBag from /home/airflow/.local/lib/python3.12/site-packages/airflow/example_dags/example_display_name.py
[2026-03-25T11:48:43.476+0000] {processor.py:840} INFO - DAG(s) 'example_display_name' retrieved from /home/airflow/.local/lib/python3.12/site-packages/airflow/example_dags/example_display_name.py
[2026-03-25T11:48:43.496+0000] {logging_mixin.py:188} INFO - [2026-03-25T11:48:43.496+0000] {dag.py:3096} INFO - Sync 1 DAGs
[2026-03-25T11:48:43.509+0000] {logging_mixin.py:188} INFO - [2026-03-25T11:48:43.508+0000] {dag.py:3954} INFO - Setting next_dagrun for example_display_name to None, run_after=None
[2026-03-25T11:48:43.572+0000] {processor.py:183} INFO - Processing /home/airflow/.local/lib/python3.12/site-packages/airflow/example_dags/example_display_name.py took 0.111 seconds
[2026-03-25T11:49:16.349+0000] {processor.py:161} INFO - Started process (PID=1660) to work on /home/airflow/.local/lib/python3.12/site-packages/airflow/example_dags/example_display_name.py
[2026-03-25T11:49:16.351+0000] {processor.py:830} INFO - Processing file /home/airflow/.local/lib/python3.12/site-packages/airflow/example_dags/example_display_name.py for tasks to queue
[2026-03-25T11:49:16.354+0000] {logging_mixin.py:188} INFO - [2026-03-25T11:49:16.354+0000] {dagbag.py:540} INFO - Filling up the DagBag from /home/airflow/.local/lib/python3.12/site-packages/airflow/example_dags/example_display_name.py
[2026-03-25T11:49:16.363+0000] {processor.py:840} INFO - DAG(s) 'example_display_name' retrieved from /home/airflow/.local/lib/python3.12/site-packages/airflow/example_dags/example_display_name.py
[2026-03-25T11:49:16.392+0000] {logging_mixin.py:188} INFO - [2026-03-25T11:49:16.392+0000] {dag.py:3096} INFO - Sync 1 DAGs
[2026-03-25T11:49:16.418+0000] {logging_mixin.py:188} INFO - [2026-03-25T11:49:16.417+0000] {dag.py:3954} INFO - Setting next_dagrun for example_display_name to None, run_after=None
[2026-03-25T11:49:16.490+0000] {processor.py:183} INFO - Processing /home/airflow/.local/lib/python3.12/site-packages/airflow/example_dags/example_display_name.py took 0.148 seconds
[2026-03-25T11:49:49.168+0000] {processor.py:161} INFO - Started process (PID=1719) to work on /home/airflow/.local/lib/python3.12/site-packages/airflow/example_dags/example_display_name.py
[2026-03-25T11:49:49.169+0000] {processor.py:830} INFO - Processing file /home/airflow/.local/lib/python3.12/site-packages/airflow/example_dags/example_display_name.py for tasks to queue
[2026-03-25T11:49:49.172+0000] {logging_mixin.py:188} INFO - [2026-03-25T11:49:49.171+0000] {dagbag.py:540} INFO - Filling up the DagBag from /home/airflow/.local/lib/python3.12/site-packages/airflow/example_dags/example_display_name.py
[2026-03-25T11:49:49.181+0000] {processor.py:840} INFO - DAG(s) 'example_display_name' retrieved from /home/airflow/.local/lib/python3.12/site-packages/airflow/example_dags/example_display_name.py
[2026-03-25T11:49:49.211+0000] {logging_mixin.py:188} INFO - [2026-03-25T11:49:49.211+0000] {dag.py:3096} INFO - Sync 1 DAGs
[2026-03-25T11:49:49.233+0000] {logging_mixin.py:188} INFO - [2026-03-25T11:49:49.232+0000] {dag.py:3954} INFO - Setting next_dagrun for example_display_name to None, run_after=None
[2026-03-25T11:49:49.290+0000] {processor.py:183} INFO - Processing /home/airflow/.local/lib/python3.12/site-packages/airflow/example_dags/example_display_name.py took 0.130 seconds
[2026-03-25T11:50:21.579+0000] {processor.py:161} INFO - Started process (PID=1778) to work on /home/airflow/.local/lib/python3.12/site-packages/airflow/example_dags/example_display_name.py
[2026-03-25T11:50:21.580+0000] {processor.py:830} INFO - Processing file /home/airflow/.local/lib/python3.12/site-packages/airflow/example_dags/example_display_name.py for tasks to queue
[2026-03-25T11:50:21.582+0000] {logging_mixin.py:188} INFO - [2026-03-25T11:50:21.582+0000] {dagbag.py:540} INFO - Filling up the DagBag from /home/airflow/.local/lib/python3.12/site-packages/airflow/example_dags/example_display_name.py
[2026-03-25T11:50:21.588+0000] {processor.py:840} INFO - DAG(s) 'example_display_name' retrieved from /home/airflow/.local/lib/python3.12/site-packages/airflow/example_dags/example_display_name.py
[2026-03-25T11:50:21.607+0000] {logging_mixin.py:188} INFO - [2026-03-25T11:50:21.606+0000] {dag.py:3096} INFO - Sync 1 DAGs
[2026-03-25T11:50:21.619+0000] {logging_mixin.py:188} INFO - [2026-03-25T11:50:21.619+0000] {dag.py:3954} INFO - Setting next_dagrun for example_display_name to None, run_after=None
[2026-03-25T11:50:21.680+0000] {processor.py:183} INFO - Processing /home/airflow/.local/lib/python3.12/site-packages/airflow/example_dags/example_display_name.py took 0.106 seconds
