[2026-03-25T11:15:29.282+0000] {processor.py:161} INFO - Started process (PID=68) to work on /home/airflow/.local/lib/python3.12/site-packages/airflow/example_dags/example_python_operator.py
[2026-03-25T11:15:29.283+0000] {processor.py:830} INFO - Processing file /home/airflow/.local/lib/python3.12/site-packages/airflow/example_dags/example_python_operator.py for tasks to queue
[2026-03-25T11:15:29.287+0000] {logging_mixin.py:188} INFO - [2026-03-25T11:15:29.286+0000] {dagbag.py:540} INFO - Filling up the DagBag from /home/airflow/.local/lib/python3.12/site-packages/airflow/example_dags/example_python_operator.py
[2026-03-25T11:15:29.358+0000] {processor.py:840} INFO - DAG(s) 'example_python_operator' retrieved from /home/airflow/.local/lib/python3.12/site-packages/airflow/example_dags/example_python_operator.py
[2026-03-25T11:15:29.562+0000] {logging_mixin.py:188} INFO - [2026-03-25T11:15:29.562+0000] {dag.py:3096} INFO - Sync 1 DAGs
[2026-03-25T11:15:29.584+0000] {logging_mixin.py:188} INFO - [2026-03-25T11:15:29.583+0000] {dag.py:3954} INFO - Setting next_dagrun for example_python_operator to None, run_after=None
[2026-03-25T11:15:29.681+0000] {processor.py:183} INFO - Processing /home/airflow/.local/lib/python3.12/site-packages/airflow/example_dags/example_python_operator.py took 0.407 seconds
[2026-03-25T11:16:00.565+0000] {processor.py:161} INFO - Started process (PID=127) to work on /home/airflow/.local/lib/python3.12/site-packages/airflow/example_dags/example_python_operator.py
[2026-03-25T11:16:00.566+0000] {processor.py:830} INFO - Processing file /home/airflow/.local/lib/python3.12/site-packages/airflow/example_dags/example_python_operator.py for tasks to queue
[2026-03-25T11:16:00.568+0000] {logging_mixin.py:188} INFO - [2026-03-25T11:16:00.567+0000] {dagbag.py:540} INFO - Filling up the DagBag from /home/airflow/.local/lib/python3.12/site-packages/airflow/example_dags/example_python_operator.py
[2026-03-25T11:16:00.577+0000] {processor.py:840} INFO - DAG(s) 'example_python_operator' retrieved from /home/airflow/.local/lib/python3.12/site-packages/airflow/example_dags/example_python_operator.py
[2026-03-25T11:16:00.599+0000] {logging_mixin.py:188} INFO - [2026-03-25T11:16:00.599+0000] {dag.py:3096} INFO - Sync 1 DAGs
[2026-03-25T11:16:00.612+0000] {logging_mixin.py:188} INFO - [2026-03-25T11:16:00.611+0000] {dag.py:3954} INFO - Setting next_dagrun for example_python_operator to None, run_after=None
[2026-03-25T11:16:00.651+0000] {processor.py:183} INFO - Processing /home/airflow/.local/lib/python3.12/site-packages/airflow/example_dags/example_python_operator.py took 0.092 seconds
[2026-03-25T11:16:33.817+0000] {processor.py:161} INFO - Started process (PID=186) to work on /home/airflow/.local/lib/python3.12/site-packages/airflow/example_dags/example_python_operator.py
[2026-03-25T11:16:33.819+0000] {processor.py:830} INFO - Processing file /home/airflow/.local/lib/python3.12/site-packages/airflow/example_dags/example_python_operator.py for tasks to queue
[2026-03-25T11:16:33.823+0000] {logging_mixin.py:188} INFO - [2026-03-25T11:16:33.822+0000] {dagbag.py:540} INFO - Filling up the DagBag from /home/airflow/.local/lib/python3.12/site-packages/airflow/example_dags/example_python_operator.py
[2026-03-25T11:16:33.842+0000] {processor.py:840} INFO - DAG(s) 'example_python_operator' retrieved from /home/airflow/.local/lib/python3.12/site-packages/airflow/example_dags/example_python_operator.py
[2026-03-25T11:16:33.884+0000] {logging_mixin.py:188} INFO - [2026-03-25T11:16:33.884+0000] {dag.py:3096} INFO - Sync 1 DAGs
[2026-03-25T11:16:33.913+0000] {logging_mixin.py:188} INFO - [2026-03-25T11:16:33.912+0000] {dag.py:3954} INFO - Setting next_dagrun for example_python_operator to None, run_after=None
[2026-03-25T11:16:33.975+0000] {processor.py:183} INFO - Processing /home/airflow/.local/lib/python3.12/site-packages/airflow/example_dags/example_python_operator.py took 0.169 seconds
[2026-03-25T11:17:07.252+0000] {processor.py:161} INFO - Started process (PID=245) to work on /home/airflow/.local/lib/python3.12/site-packages/airflow/example_dags/example_python_operator.py
[2026-03-25T11:17:07.253+0000] {processor.py:830} INFO - Processing file /home/airflow/.local/lib/python3.12/site-packages/airflow/example_dags/example_python_operator.py for tasks to queue
[2026-03-25T11:17:07.255+0000] {logging_mixin.py:188} INFO - [2026-03-25T11:17:07.254+0000] {dagbag.py:540} INFO - Filling up the DagBag from /home/airflow/.local/lib/python3.12/site-packages/airflow/example_dags/example_python_operator.py
[2026-03-25T11:17:07.264+0000] {processor.py:840} INFO - DAG(s) 'example_python_operator' retrieved from /home/airflow/.local/lib/python3.12/site-packages/airflow/example_dags/example_python_operator.py
[2026-03-25T11:17:07.402+0000] {logging_mixin.py:188} INFO - [2026-03-25T11:17:07.402+0000] {dag.py:3096} INFO - Sync 1 DAGs
[2026-03-25T11:17:07.414+0000] {logging_mixin.py:188} INFO - [2026-03-25T11:17:07.413+0000] {dag.py:3954} INFO - Setting next_dagrun for example_python_operator to None, run_after=None
[2026-03-25T11:17:07.453+0000] {processor.py:183} INFO - Processing /home/airflow/.local/lib/python3.12/site-packages/airflow/example_dags/example_python_operator.py took 0.207 seconds
[2026-03-25T11:17:37.757+0000] {processor.py:161} INFO - Started process (PID=304) to work on /home/airflow/.local/lib/python3.12/site-packages/airflow/example_dags/example_python_operator.py
[2026-03-25T11:17:37.758+0000] {processor.py:830} INFO - Processing file /home/airflow/.local/lib/python3.12/site-packages/airflow/example_dags/example_python_operator.py for tasks to queue
[2026-03-25T11:17:37.760+0000] {logging_mixin.py:188} INFO - [2026-03-25T11:17:37.760+0000] {dagbag.py:540} INFO - Filling up the DagBag from /home/airflow/.local/lib/python3.12/site-packages/airflow/example_dags/example_python_operator.py
[2026-03-25T11:17:37.770+0000] {processor.py:840} INFO - DAG(s) 'example_python_operator' retrieved from /home/airflow/.local/lib/python3.12/site-packages/airflow/example_dags/example_python_operator.py
[2026-03-25T11:17:37.793+0000] {logging_mixin.py:188} INFO - [2026-03-25T11:17:37.793+0000] {dag.py:3096} INFO - Sync 1 DAGs
[2026-03-25T11:17:37.808+0000] {logging_mixin.py:188} INFO - [2026-03-25T11:17:37.808+0000] {dag.py:3954} INFO - Setting next_dagrun for example_python_operator to None, run_after=None
[2026-03-25T11:17:37.853+0000] {processor.py:183} INFO - Processing /home/airflow/.local/lib/python3.12/site-packages/airflow/example_dags/example_python_operator.py took 0.101 seconds
[2026-03-25T11:18:08.391+0000] {processor.py:161} INFO - Started process (PID=357) to work on /home/airflow/.local/lib/python3.12/site-packages/airflow/example_dags/example_python_operator.py
[2026-03-25T11:18:08.392+0000] {processor.py:830} INFO - Processing file /home/airflow/.local/lib/python3.12/site-packages/airflow/example_dags/example_python_operator.py for tasks to queue
[2026-03-25T11:18:08.394+0000] {logging_mixin.py:188} INFO - [2026-03-25T11:18:08.393+0000] {dagbag.py:540} INFO - Filling up the DagBag from /home/airflow/.local/lib/python3.12/site-packages/airflow/example_dags/example_python_operator.py
[2026-03-25T11:18:08.403+0000] {processor.py:840} INFO - DAG(s) 'example_python_operator' retrieved from /home/airflow/.local/lib/python3.12/site-packages/airflow/example_dags/example_python_operator.py
[2026-03-25T11:18:08.425+0000] {logging_mixin.py:188} INFO - [2026-03-25T11:18:08.425+0000] {dag.py:3096} INFO - Sync 1 DAGs
[2026-03-25T11:18:08.439+0000] {logging_mixin.py:188} INFO - [2026-03-25T11:18:08.438+0000] {dag.py:3954} INFO - Setting next_dagrun for example_python_operator to None, run_after=None
[2026-03-25T11:18:08.476+0000] {processor.py:183} INFO - Processing /home/airflow/.local/lib/python3.12/site-packages/airflow/example_dags/example_python_operator.py took 0.091 seconds
[2026-03-25T11:18:38.693+0000] {processor.py:161} INFO - Started process (PID=416) to work on /home/airflow/.local/lib/python3.12/site-packages/airflow/example_dags/example_python_operator.py
[2026-03-25T11:18:38.694+0000] {processor.py:830} INFO - Processing file /home/airflow/.local/lib/python3.12/site-packages/airflow/example_dags/example_python_operator.py for tasks to queue
[2026-03-25T11:18:38.696+0000] {logging_mixin.py:188} INFO - [2026-03-25T11:18:38.696+0000] {dagbag.py:540} INFO - Filling up the DagBag from /home/airflow/.local/lib/python3.12/site-packages/airflow/example_dags/example_python_operator.py
[2026-03-25T11:18:38.711+0000] {processor.py:840} INFO - DAG(s) 'example_python_operator' retrieved from /home/airflow/.local/lib/python3.12/site-packages/airflow/example_dags/example_python_operator.py
[2026-03-25T11:18:38.734+0000] {logging_mixin.py:188} INFO - [2026-03-25T11:18:38.734+0000] {dag.py:3096} INFO - Sync 1 DAGs
[2026-03-25T11:18:38.750+0000] {logging_mixin.py:188} INFO - [2026-03-25T11:18:38.750+0000] {dag.py:3954} INFO - Setting next_dagrun for example_python_operator to None, run_after=None
[2026-03-25T11:18:38.802+0000] {processor.py:183} INFO - Processing /home/airflow/.local/lib/python3.12/site-packages/airflow/example_dags/example_python_operator.py took 0.115 seconds
[2026-03-25T11:19:09.294+0000] {processor.py:161} INFO - Started process (PID=475) to work on /home/airflow/.local/lib/python3.12/site-packages/airflow/example_dags/example_python_operator.py
[2026-03-25T11:19:09.295+0000] {processor.py:830} INFO - Processing file /home/airflow/.local/lib/python3.12/site-packages/airflow/example_dags/example_python_operator.py for tasks to queue
[2026-03-25T11:19:09.296+0000] {logging_mixin.py:188} INFO - [2026-03-25T11:19:09.296+0000] {dagbag.py:540} INFO - Filling up the DagBag from /home/airflow/.local/lib/python3.12/site-packages/airflow/example_dags/example_python_operator.py
[2026-03-25T11:19:09.306+0000] {processor.py:840} INFO - DAG(s) 'example_python_operator' retrieved from /home/airflow/.local/lib/python3.12/site-packages/airflow/example_dags/example_python_operator.py
[2026-03-25T11:19:09.328+0000] {logging_mixin.py:188} INFO - [2026-03-25T11:19:09.328+0000] {dag.py:3096} INFO - Sync 1 DAGs
[2026-03-25T11:19:09.341+0000] {logging_mixin.py:188} INFO - [2026-03-25T11:19:09.340+0000] {dag.py:3954} INFO - Setting next_dagrun for example_python_operator to None, run_after=None
[2026-03-25T11:19:09.382+0000] {processor.py:183} INFO - Processing /home/airflow/.local/lib/python3.12/site-packages/airflow/example_dags/example_python_operator.py took 0.094 seconds
[2026-03-25T11:19:39.720+0000] {processor.py:161} INFO - Started process (PID=534) to work on /home/airflow/.local/lib/python3.12/site-packages/airflow/example_dags/example_python_operator.py
[2026-03-25T11:19:39.721+0000] {processor.py:830} INFO - Processing file /home/airflow/.local/lib/python3.12/site-packages/airflow/example_dags/example_python_operator.py for tasks to queue
[2026-03-25T11:19:39.723+0000] {logging_mixin.py:188} INFO - [2026-03-25T11:19:39.723+0000] {dagbag.py:540} INFO - Filling up the DagBag from /home/airflow/.local/lib/python3.12/site-packages/airflow/example_dags/example_python_operator.py
[2026-03-25T11:19:39.734+0000] {processor.py:840} INFO - DAG(s) 'example_python_operator' retrieved from /home/airflow/.local/lib/python3.12/site-packages/airflow/example_dags/example_python_operator.py
[2026-03-25T11:19:39.762+0000] {logging_mixin.py:188} INFO - [2026-03-25T11:19:39.762+0000] {dag.py:3096} INFO - Sync 1 DAGs
[2026-03-25T11:19:39.776+0000] {logging_mixin.py:188} INFO - [2026-03-25T11:19:39.775+0000] {dag.py:3954} INFO - Setting next_dagrun for example_python_operator to None, run_after=None
[2026-03-25T11:19:39.826+0000] {processor.py:183} INFO - Processing /home/airflow/.local/lib/python3.12/site-packages/airflow/example_dags/example_python_operator.py took 0.113 seconds
[2026-03-25T11:20:10.084+0000] {processor.py:161} INFO - Started process (PID=593) to work on /home/airflow/.local/lib/python3.12/site-packages/airflow/example_dags/example_python_operator.py
[2026-03-25T11:20:10.085+0000] {processor.py:830} INFO - Processing file /home/airflow/.local/lib/python3.12/site-packages/airflow/example_dags/example_python_operator.py for tasks to queue
[2026-03-25T11:20:10.087+0000] {logging_mixin.py:188} INFO - [2026-03-25T11:20:10.087+0000] {dagbag.py:540} INFO - Filling up the DagBag from /home/airflow/.local/lib/python3.12/site-packages/airflow/example_dags/example_python_operator.py
[2026-03-25T11:20:10.098+0000] {processor.py:840} INFO - DAG(s) 'example_python_operator' retrieved from /home/airflow/.local/lib/python3.12/site-packages/airflow/example_dags/example_python_operator.py
[2026-03-25T11:20:10.124+0000] {logging_mixin.py:188} INFO - [2026-03-25T11:20:10.124+0000] {dag.py:3096} INFO - Sync 1 DAGs
[2026-03-25T11:20:10.141+0000] {logging_mixin.py:188} INFO - [2026-03-25T11:20:10.140+0000] {dag.py:3954} INFO - Setting next_dagrun for example_python_operator to None, run_after=None
[2026-03-25T11:20:10.183+0000] {processor.py:183} INFO - Processing /home/airflow/.local/lib/python3.12/site-packages/airflow/example_dags/example_python_operator.py took 0.105 seconds
[2026-03-25T11:20:41.724+0000] {processor.py:161} INFO - Started process (PID=652) to work on /home/airflow/.local/lib/python3.12/site-packages/airflow/example_dags/example_python_operator.py
[2026-03-25T11:20:41.729+0000] {processor.py:830} INFO - Processing file /home/airflow/.local/lib/python3.12/site-packages/airflow/example_dags/example_python_operator.py for tasks to queue
[2026-03-25T11:20:41.738+0000] {logging_mixin.py:188} INFO - [2026-03-25T11:20:41.736+0000] {dagbag.py:540} INFO - Filling up the DagBag from /home/airflow/.local/lib/python3.12/site-packages/airflow/example_dags/example_python_operator.py
[2026-03-25T11:20:41.795+0000] {processor.py:840} INFO - DAG(s) 'example_python_operator' retrieved from /home/airflow/.local/lib/python3.12/site-packages/airflow/example_dags/example_python_operator.py
[2026-03-25T11:20:41.909+0000] {logging_mixin.py:188} INFO - [2026-03-25T11:20:41.908+0000] {dag.py:3096} INFO - Sync 1 DAGs
[2026-03-25T11:20:41.977+0000] {logging_mixin.py:188} INFO - [2026-03-25T11:20:41.976+0000] {dag.py:3954} INFO - Setting next_dagrun for example_python_operator to None, run_after=None
[2026-03-25T11:20:42.094+0000] {processor.py:183} INFO - Processing /home/airflow/.local/lib/python3.12/site-packages/airflow/example_dags/example_python_operator.py took 0.398 seconds
[2026-03-25T11:21:12.384+0000] {processor.py:161} INFO - Started process (PID=711) to work on /home/airflow/.local/lib/python3.12/site-packages/airflow/example_dags/example_python_operator.py
[2026-03-25T11:21:12.385+0000] {processor.py:830} INFO - Processing file /home/airflow/.local/lib/python3.12/site-packages/airflow/example_dags/example_python_operator.py for tasks to queue
[2026-03-25T11:21:12.386+0000] {logging_mixin.py:188} INFO - [2026-03-25T11:21:12.386+0000] {dagbag.py:540} INFO - Filling up the DagBag from /home/airflow/.local/lib/python3.12/site-packages/airflow/example_dags/example_python_operator.py
[2026-03-25T11:21:12.396+0000] {processor.py:840} INFO - DAG(s) 'example_python_operator' retrieved from /home/airflow/.local/lib/python3.12/site-packages/airflow/example_dags/example_python_operator.py
[2026-03-25T11:21:12.419+0000] {logging_mixin.py:188} INFO - [2026-03-25T11:21:12.418+0000] {dag.py:3096} INFO - Sync 1 DAGs
[2026-03-25T11:21:12.431+0000] {logging_mixin.py:188} INFO - [2026-03-25T11:21:12.431+0000] {dag.py:3954} INFO - Setting next_dagrun for example_python_operator to None, run_after=None
[2026-03-25T11:21:12.475+0000] {processor.py:183} INFO - Processing /home/airflow/.local/lib/python3.12/site-packages/airflow/example_dags/example_python_operator.py took 0.097 seconds
[2026-03-25T11:21:43.122+0000] {processor.py:161} INFO - Started process (PID=770) to work on /home/airflow/.local/lib/python3.12/site-packages/airflow/example_dags/example_python_operator.py
[2026-03-25T11:21:43.123+0000] {processor.py:830} INFO - Processing file /home/airflow/.local/lib/python3.12/site-packages/airflow/example_dags/example_python_operator.py for tasks to queue
[2026-03-25T11:21:43.125+0000] {logging_mixin.py:188} INFO - [2026-03-25T11:21:43.125+0000] {dagbag.py:540} INFO - Filling up the DagBag from /home/airflow/.local/lib/python3.12/site-packages/airflow/example_dags/example_python_operator.py
[2026-03-25T11:21:43.135+0000] {processor.py:840} INFO - DAG(s) 'example_python_operator' retrieved from /home/airflow/.local/lib/python3.12/site-packages/airflow/example_dags/example_python_operator.py
[2026-03-25T11:21:43.159+0000] {logging_mixin.py:188} INFO - [2026-03-25T11:21:43.158+0000] {dag.py:3096} INFO - Sync 1 DAGs
[2026-03-25T11:21:43.171+0000] {logging_mixin.py:188} INFO - [2026-03-25T11:21:43.171+0000] {dag.py:3954} INFO - Setting next_dagrun for example_python_operator to None, run_after=None
[2026-03-25T11:21:43.212+0000] {processor.py:183} INFO - Processing /home/airflow/.local/lib/python3.12/site-packages/airflow/example_dags/example_python_operator.py took 0.095 seconds
[2026-03-25T11:22:13.805+0000] {processor.py:161} INFO - Started process (PID=829) to work on /home/airflow/.local/lib/python3.12/site-packages/airflow/example_dags/example_python_operator.py
[2026-03-25T11:22:13.806+0000] {processor.py:830} INFO - Processing file /home/airflow/.local/lib/python3.12/site-packages/airflow/example_dags/example_python_operator.py for tasks to queue
[2026-03-25T11:22:13.809+0000] {logging_mixin.py:188} INFO - [2026-03-25T11:22:13.808+0000] {dagbag.py:540} INFO - Filling up the DagBag from /home/airflow/.local/lib/python3.12/site-packages/airflow/example_dags/example_python_operator.py
[2026-03-25T11:22:13.824+0000] {processor.py:840} INFO - DAG(s) 'example_python_operator' retrieved from /home/airflow/.local/lib/python3.12/site-packages/airflow/example_dags/example_python_operator.py
[2026-03-25T11:22:13.857+0000] {logging_mixin.py:188} INFO - [2026-03-25T11:22:13.857+0000] {dag.py:3096} INFO - Sync 1 DAGs
[2026-03-25T11:22:13.881+0000] {logging_mixin.py:188} INFO - [2026-03-25T11:22:13.881+0000] {dag.py:3954} INFO - Setting next_dagrun for example_python_operator to None, run_after=None
[2026-03-25T11:22:13.945+0000] {processor.py:183} INFO - Processing /home/airflow/.local/lib/python3.12/site-packages/airflow/example_dags/example_python_operator.py took 0.148 seconds
[2026-03-25T11:22:44.595+0000] {processor.py:161} INFO - Started process (PID=888) to work on /home/airflow/.local/lib/python3.12/site-packages/airflow/example_dags/example_python_operator.py
[2026-03-25T11:22:44.596+0000] {processor.py:830} INFO - Processing file /home/airflow/.local/lib/python3.12/site-packages/airflow/example_dags/example_python_operator.py for tasks to queue
[2026-03-25T11:22:44.598+0000] {logging_mixin.py:188} INFO - [2026-03-25T11:22:44.598+0000] {dagbag.py:540} INFO - Filling up the DagBag from /home/airflow/.local/lib/python3.12/site-packages/airflow/example_dags/example_python_operator.py
[2026-03-25T11:22:44.611+0000] {processor.py:840} INFO - DAG(s) 'example_python_operator' retrieved from /home/airflow/.local/lib/python3.12/site-packages/airflow/example_dags/example_python_operator.py
[2026-03-25T11:22:44.633+0000] {logging_mixin.py:188} INFO - [2026-03-25T11:22:44.633+0000] {dag.py:3096} INFO - Sync 1 DAGs
[2026-03-25T11:22:44.646+0000] {logging_mixin.py:188} INFO - [2026-03-25T11:22:44.646+0000] {dag.py:3954} INFO - Setting next_dagrun for example_python_operator to None, run_after=None
[2026-03-25T11:22:44.709+0000] {processor.py:183} INFO - Processing /home/airflow/.local/lib/python3.12/site-packages/airflow/example_dags/example_python_operator.py took 0.119 seconds
[2026-03-25T11:23:15.421+0000] {processor.py:161} INFO - Started process (PID=947) to work on /home/airflow/.local/lib/python3.12/site-packages/airflow/example_dags/example_python_operator.py
[2026-03-25T11:23:15.422+0000] {processor.py:830} INFO - Processing file /home/airflow/.local/lib/python3.12/site-packages/airflow/example_dags/example_python_operator.py for tasks to queue
[2026-03-25T11:23:15.424+0000] {logging_mixin.py:188} INFO - [2026-03-25T11:23:15.424+0000] {dagbag.py:540} INFO - Filling up the DagBag from /home/airflow/.local/lib/python3.12/site-packages/airflow/example_dags/example_python_operator.py
[2026-03-25T11:23:15.435+0000] {processor.py:840} INFO - DAG(s) 'example_python_operator' retrieved from /home/airflow/.local/lib/python3.12/site-packages/airflow/example_dags/example_python_operator.py
[2026-03-25T11:23:15.459+0000] {logging_mixin.py:188} INFO - [2026-03-25T11:23:15.459+0000] {dag.py:3096} INFO - Sync 1 DAGs
[2026-03-25T11:23:15.473+0000] {logging_mixin.py:188} INFO - [2026-03-25T11:23:15.473+0000] {dag.py:3954} INFO - Setting next_dagrun for example_python_operator to None, run_after=None
[2026-03-25T11:23:15.517+0000] {processor.py:183} INFO - Processing /home/airflow/.local/lib/python3.12/site-packages/airflow/example_dags/example_python_operator.py took 0.103 seconds
[2026-03-25T11:23:45.577+0000] {processor.py:161} INFO - Started process (PID=1006) to work on /home/airflow/.local/lib/python3.12/site-packages/airflow/example_dags/example_python_operator.py
[2026-03-25T11:23:45.579+0000] {processor.py:830} INFO - Processing file /home/airflow/.local/lib/python3.12/site-packages/airflow/example_dags/example_python_operator.py for tasks to queue
[2026-03-25T11:23:45.581+0000] {logging_mixin.py:188} INFO - [2026-03-25T11:23:45.581+0000] {dagbag.py:540} INFO - Filling up the DagBag from /home/airflow/.local/lib/python3.12/site-packages/airflow/example_dags/example_python_operator.py
[2026-03-25T11:23:45.591+0000] {processor.py:840} INFO - DAG(s) 'example_python_operator' retrieved from /home/airflow/.local/lib/python3.12/site-packages/airflow/example_dags/example_python_operator.py
[2026-03-25T11:23:45.614+0000] {logging_mixin.py:188} INFO - [2026-03-25T11:23:45.613+0000] {dag.py:3096} INFO - Sync 1 DAGs
[2026-03-25T11:23:45.626+0000] {logging_mixin.py:188} INFO - [2026-03-25T11:23:45.626+0000] {dag.py:3954} INFO - Setting next_dagrun for example_python_operator to None, run_after=None
[2026-03-25T11:23:45.664+0000] {processor.py:183} INFO - Processing /home/airflow/.local/lib/python3.12/site-packages/airflow/example_dags/example_python_operator.py took 0.092 seconds
[2026-03-25T11:24:16.537+0000] {processor.py:161} INFO - Started process (PID=1065) to work on /home/airflow/.local/lib/python3.12/site-packages/airflow/example_dags/example_python_operator.py
[2026-03-25T11:24:16.538+0000] {processor.py:830} INFO - Processing file /home/airflow/.local/lib/python3.12/site-packages/airflow/example_dags/example_python_operator.py for tasks to queue
[2026-03-25T11:24:16.540+0000] {logging_mixin.py:188} INFO - [2026-03-25T11:24:16.540+0000] {dagbag.py:540} INFO - Filling up the DagBag from /home/airflow/.local/lib/python3.12/site-packages/airflow/example_dags/example_python_operator.py
[2026-03-25T11:24:16.554+0000] {processor.py:840} INFO - DAG(s) 'example_python_operator' retrieved from /home/airflow/.local/lib/python3.12/site-packages/airflow/example_dags/example_python_operator.py
[2026-03-25T11:24:16.589+0000] {logging_mixin.py:188} INFO - [2026-03-25T11:24:16.589+0000] {dag.py:3096} INFO - Sync 1 DAGs
[2026-03-25T11:24:16.610+0000] {logging_mixin.py:188} INFO - [2026-03-25T11:24:16.610+0000] {dag.py:3954} INFO - Setting next_dagrun for example_python_operator to None, run_after=None
[2026-03-25T11:24:16.658+0000] {processor.py:183} INFO - Processing /home/airflow/.local/lib/python3.12/site-packages/airflow/example_dags/example_python_operator.py took 0.130 seconds
[2026-03-25T11:24:49.846+0000] {processor.py:161} INFO - Started process (PID=1122) to work on /home/airflow/.local/lib/python3.12/site-packages/airflow/example_dags/example_python_operator.py
[2026-03-25T11:24:49.848+0000] {processor.py:830} INFO - Processing file /home/airflow/.local/lib/python3.12/site-packages/airflow/example_dags/example_python_operator.py for tasks to queue
[2026-03-25T11:24:49.851+0000] {logging_mixin.py:188} INFO - [2026-03-25T11:24:49.850+0000] {dagbag.py:540} INFO - Filling up the DagBag from /home/airflow/.local/lib/python3.12/site-packages/airflow/example_dags/example_python_operator.py
[2026-03-25T11:24:49.867+0000] {processor.py:840} INFO - DAG(s) 'example_python_operator' retrieved from /home/airflow/.local/lib/python3.12/site-packages/airflow/example_dags/example_python_operator.py
[2026-03-25T11:24:49.903+0000] {logging_mixin.py:188} INFO - [2026-03-25T11:24:49.903+0000] {dag.py:3096} INFO - Sync 1 DAGs
[2026-03-25T11:24:49.923+0000] {logging_mixin.py:188} INFO - [2026-03-25T11:24:49.922+0000] {dag.py:3954} INFO - Setting next_dagrun for example_python_operator to None, run_after=None
[2026-03-25T11:24:49.974+0000] {processor.py:183} INFO - Processing /home/airflow/.local/lib/python3.12/site-packages/airflow/example_dags/example_python_operator.py took 0.137 seconds
[2026-03-25T11:25:20.086+0000] {processor.py:161} INFO - Started process (PID=1181) to work on /home/airflow/.local/lib/python3.12/site-packages/airflow/example_dags/example_python_operator.py
[2026-03-25T11:25:20.088+0000] {processor.py:830} INFO - Processing file /home/airflow/.local/lib/python3.12/site-packages/airflow/example_dags/example_python_operator.py for tasks to queue
[2026-03-25T11:25:20.090+0000] {logging_mixin.py:188} INFO - [2026-03-25T11:25:20.089+0000] {dagbag.py:540} INFO - Filling up the DagBag from /home/airflow/.local/lib/python3.12/site-packages/airflow/example_dags/example_python_operator.py
[2026-03-25T11:25:20.101+0000] {processor.py:840} INFO - DAG(s) 'example_python_operator' retrieved from /home/airflow/.local/lib/python3.12/site-packages/airflow/example_dags/example_python_operator.py
[2026-03-25T11:25:20.129+0000] {logging_mixin.py:188} INFO - [2026-03-25T11:25:20.129+0000] {dag.py:3096} INFO - Sync 1 DAGs
[2026-03-25T11:25:20.143+0000] {logging_mixin.py:188} INFO - [2026-03-25T11:25:20.143+0000] {dag.py:3954} INFO - Setting next_dagrun for example_python_operator to None, run_after=None
[2026-03-25T11:25:20.184+0000] {processor.py:183} INFO - Processing /home/airflow/.local/lib/python3.12/site-packages/airflow/example_dags/example_python_operator.py took 0.103 seconds
[2026-03-25T11:25:52.970+0000] {processor.py:161} INFO - Started process (PID=1238) to work on /home/airflow/.local/lib/python3.12/site-packages/airflow/example_dags/example_python_operator.py
[2026-03-25T11:25:52.971+0000] {processor.py:830} INFO - Processing file /home/airflow/.local/lib/python3.12/site-packages/airflow/example_dags/example_python_operator.py for tasks to queue
[2026-03-25T11:25:52.973+0000] {logging_mixin.py:188} INFO - [2026-03-25T11:25:52.972+0000] {dagbag.py:540} INFO - Filling up the DagBag from /home/airflow/.local/lib/python3.12/site-packages/airflow/example_dags/example_python_operator.py
[2026-03-25T11:25:52.983+0000] {processor.py:840} INFO - DAG(s) 'example_python_operator' retrieved from /home/airflow/.local/lib/python3.12/site-packages/airflow/example_dags/example_python_operator.py
[2026-03-25T11:25:53.005+0000] {logging_mixin.py:188} INFO - [2026-03-25T11:25:53.005+0000] {dag.py:3096} INFO - Sync 1 DAGs
[2026-03-25T11:25:53.017+0000] {logging_mixin.py:188} INFO - [2026-03-25T11:25:53.017+0000] {dag.py:3954} INFO - Setting next_dagrun for example_python_operator to None, run_after=None
[2026-03-25T11:25:53.060+0000] {processor.py:183} INFO - Processing /home/airflow/.local/lib/python3.12/site-packages/airflow/example_dags/example_python_operator.py took 0.096 seconds
[2026-03-25T11:26:25.701+0000] {processor.py:161} INFO - Started process (PID=1297) to work on /home/airflow/.local/lib/python3.12/site-packages/airflow/example_dags/example_python_operator.py
[2026-03-25T11:26:25.702+0000] {processor.py:830} INFO - Processing file /home/airflow/.local/lib/python3.12/site-packages/airflow/example_dags/example_python_operator.py for tasks to queue
[2026-03-25T11:26:25.704+0000] {logging_mixin.py:188} INFO - [2026-03-25T11:26:25.704+0000] {dagbag.py:540} INFO - Filling up the DagBag from /home/airflow/.local/lib/python3.12/site-packages/airflow/example_dags/example_python_operator.py
[2026-03-25T11:26:25.714+0000] {processor.py:840} INFO - DAG(s) 'example_python_operator' retrieved from /home/airflow/.local/lib/python3.12/site-packages/airflow/example_dags/example_python_operator.py
[2026-03-25T11:26:25.737+0000] {logging_mixin.py:188} INFO - [2026-03-25T11:26:25.737+0000] {dag.py:3096} INFO - Sync 1 DAGs
[2026-03-25T11:26:25.751+0000] {logging_mixin.py:188} INFO - [2026-03-25T11:26:25.750+0000] {dag.py:3954} INFO - Setting next_dagrun for example_python_operator to None, run_after=None
[2026-03-25T11:26:25.815+0000] {processor.py:183} INFO - Processing /home/airflow/.local/lib/python3.12/site-packages/airflow/example_dags/example_python_operator.py took 0.120 seconds
[2026-03-25T11:26:58.581+0000] {processor.py:161} INFO - Started process (PID=1356) to work on /home/airflow/.local/lib/python3.12/site-packages/airflow/example_dags/example_python_operator.py
[2026-03-25T11:26:58.582+0000] {processor.py:830} INFO - Processing file /home/airflow/.local/lib/python3.12/site-packages/airflow/example_dags/example_python_operator.py for tasks to queue
[2026-03-25T11:26:58.584+0000] {logging_mixin.py:188} INFO - [2026-03-25T11:26:58.584+0000] {dagbag.py:540} INFO - Filling up the DagBag from /home/airflow/.local/lib/python3.12/site-packages/airflow/example_dags/example_python_operator.py
[2026-03-25T11:26:58.595+0000] {processor.py:840} INFO - DAG(s) 'example_python_operator' retrieved from /home/airflow/.local/lib/python3.12/site-packages/airflow/example_dags/example_python_operator.py
[2026-03-25T11:26:58.621+0000] {logging_mixin.py:188} INFO - [2026-03-25T11:26:58.620+0000] {dag.py:3096} INFO - Sync 1 DAGs
[2026-03-25T11:26:58.636+0000] {logging_mixin.py:188} INFO - [2026-03-25T11:26:58.636+0000] {dag.py:3954} INFO - Setting next_dagrun for example_python_operator to None, run_after=None
[2026-03-25T11:26:58.697+0000] {processor.py:183} INFO - Processing /home/airflow/.local/lib/python3.12/site-packages/airflow/example_dags/example_python_operator.py took 0.122 seconds
[2026-03-25T11:27:32.264+0000] {processor.py:161} INFO - Started process (PID=1405) to work on /home/airflow/.local/lib/python3.12/site-packages/airflow/example_dags/example_python_operator.py
[2026-03-25T11:27:32.266+0000] {processor.py:830} INFO - Processing file /home/airflow/.local/lib/python3.12/site-packages/airflow/example_dags/example_python_operator.py for tasks to queue
[2026-03-25T11:27:32.269+0000] {logging_mixin.py:188} INFO - [2026-03-25T11:27:32.268+0000] {dagbag.py:540} INFO - Filling up the DagBag from /home/airflow/.local/lib/python3.12/site-packages/airflow/example_dags/example_python_operator.py
[2026-03-25T11:27:32.288+0000] {processor.py:840} INFO - DAG(s) 'example_python_operator' retrieved from /home/airflow/.local/lib/python3.12/site-packages/airflow/example_dags/example_python_operator.py
[2026-03-25T11:27:32.324+0000] {logging_mixin.py:188} INFO - [2026-03-25T11:27:32.324+0000] {dag.py:3096} INFO - Sync 1 DAGs
[2026-03-25T11:27:32.344+0000] {logging_mixin.py:188} INFO - [2026-03-25T11:27:32.344+0000] {dag.py:3954} INFO - Setting next_dagrun for example_python_operator to None, run_after=None
[2026-03-25T11:27:32.403+0000] {processor.py:183} INFO - Processing /home/airflow/.local/lib/python3.12/site-packages/airflow/example_dags/example_python_operator.py took 0.152 seconds
[2026-03-25T11:28:02.914+0000] {processor.py:161} INFO - Started process (PID=1464) to work on /home/airflow/.local/lib/python3.12/site-packages/airflow/example_dags/example_python_operator.py
[2026-03-25T11:28:02.915+0000] {processor.py:830} INFO - Processing file /home/airflow/.local/lib/python3.12/site-packages/airflow/example_dags/example_python_operator.py for tasks to queue
[2026-03-25T11:28:02.917+0000] {logging_mixin.py:188} INFO - [2026-03-25T11:28:02.917+0000] {dagbag.py:540} INFO - Filling up the DagBag from /home/airflow/.local/lib/python3.12/site-packages/airflow/example_dags/example_python_operator.py
[2026-03-25T11:28:02.930+0000] {processor.py:840} INFO - DAG(s) 'example_python_operator' retrieved from /home/airflow/.local/lib/python3.12/site-packages/airflow/example_dags/example_python_operator.py
[2026-03-25T11:28:02.957+0000] {logging_mixin.py:188} INFO - [2026-03-25T11:28:02.957+0000] {dag.py:3096} INFO - Sync 1 DAGs
[2026-03-25T11:28:02.973+0000] {logging_mixin.py:188} INFO - [2026-03-25T11:28:02.973+0000] {dag.py:3954} INFO - Setting next_dagrun for example_python_operator to None, run_after=None
[2026-03-25T11:28:03.026+0000] {processor.py:183} INFO - Processing /home/airflow/.local/lib/python3.12/site-packages/airflow/example_dags/example_python_operator.py took 0.118 seconds
[2026-03-25T11:28:34.295+0000] {processor.py:161} INFO - Started process (PID=1498) to work on /home/airflow/.local/lib/python3.12/site-packages/airflow/example_dags/example_python_operator.py
[2026-03-25T11:28:34.296+0000] {processor.py:830} INFO - Processing file /home/airflow/.local/lib/python3.12/site-packages/airflow/example_dags/example_python_operator.py for tasks to queue
[2026-03-25T11:28:34.298+0000] {logging_mixin.py:188} INFO - [2026-03-25T11:28:34.298+0000] {dagbag.py:540} INFO - Filling up the DagBag from /home/airflow/.local/lib/python3.12/site-packages/airflow/example_dags/example_python_operator.py
[2026-03-25T11:28:34.309+0000] {processor.py:840} INFO - DAG(s) 'example_python_operator' retrieved from /home/airflow/.local/lib/python3.12/site-packages/airflow/example_dags/example_python_operator.py
[2026-03-25T11:28:34.334+0000] {logging_mixin.py:188} INFO - [2026-03-25T11:28:34.333+0000] {dag.py:3096} INFO - Sync 1 DAGs
[2026-03-25T11:28:34.348+0000] {logging_mixin.py:188} INFO - [2026-03-25T11:28:34.348+0000] {dag.py:3954} INFO - Setting next_dagrun for example_python_operator to None, run_after=None
[2026-03-25T11:28:34.433+0000] {processor.py:183} INFO - Processing /home/airflow/.local/lib/python3.12/site-packages/airflow/example_dags/example_python_operator.py took 0.145 seconds
[2026-03-25T11:29:06.220+0000] {processor.py:161} INFO - Started process (PID=1551) to work on /home/airflow/.local/lib/python3.12/site-packages/airflow/example_dags/example_python_operator.py
[2026-03-25T11:29:06.221+0000] {processor.py:830} INFO - Processing file /home/airflow/.local/lib/python3.12/site-packages/airflow/example_dags/example_python_operator.py for tasks to queue
[2026-03-25T11:29:06.223+0000] {logging_mixin.py:188} INFO - [2026-03-25T11:29:06.222+0000] {dagbag.py:540} INFO - Filling up the DagBag from /home/airflow/.local/lib/python3.12/site-packages/airflow/example_dags/example_python_operator.py
[2026-03-25T11:29:06.233+0000] {processor.py:840} INFO - DAG(s) 'example_python_operator' retrieved from /home/airflow/.local/lib/python3.12/site-packages/airflow/example_dags/example_python_operator.py
[2026-03-25T11:29:06.257+0000] {logging_mixin.py:188} INFO - [2026-03-25T11:29:06.257+0000] {dag.py:3096} INFO - Sync 1 DAGs
[2026-03-25T11:29:06.270+0000] {logging_mixin.py:188} INFO - [2026-03-25T11:29:06.269+0000] {dag.py:3954} INFO - Setting next_dagrun for example_python_operator to None, run_after=None
[2026-03-25T11:29:06.399+0000] {processor.py:183} INFO - Processing /home/airflow/.local/lib/python3.12/site-packages/airflow/example_dags/example_python_operator.py took 0.185 seconds
[2026-03-25T11:29:36.665+0000] {processor.py:161} INFO - Started process (PID=1616) to work on /home/airflow/.local/lib/python3.12/site-packages/airflow/example_dags/example_python_operator.py
[2026-03-25T11:29:36.666+0000] {processor.py:830} INFO - Processing file /home/airflow/.local/lib/python3.12/site-packages/airflow/example_dags/example_python_operator.py for tasks to queue
[2026-03-25T11:29:36.669+0000] {logging_mixin.py:188} INFO - [2026-03-25T11:29:36.669+0000] {dagbag.py:540} INFO - Filling up the DagBag from /home/airflow/.local/lib/python3.12/site-packages/airflow/example_dags/example_python_operator.py
[2026-03-25T11:29:36.685+0000] {processor.py:840} INFO - DAG(s) 'example_python_operator' retrieved from /home/airflow/.local/lib/python3.12/site-packages/airflow/example_dags/example_python_operator.py
[2026-03-25T11:29:36.709+0000] {logging_mixin.py:188} INFO - [2026-03-25T11:29:36.709+0000] {dag.py:3096} INFO - Sync 1 DAGs
[2026-03-25T11:29:36.723+0000] {logging_mixin.py:188} INFO - [2026-03-25T11:29:36.723+0000] {dag.py:3954} INFO - Setting next_dagrun for example_python_operator to None, run_after=None
[2026-03-25T11:29:36.776+0000] {processor.py:183} INFO - Processing /home/airflow/.local/lib/python3.12/site-packages/airflow/example_dags/example_python_operator.py took 0.119 seconds
[2026-03-25T11:30:07.700+0000] {processor.py:161} INFO - Started process (PID=1669) to work on /home/airflow/.local/lib/python3.12/site-packages/airflow/example_dags/example_python_operator.py
[2026-03-25T11:30:07.702+0000] {processor.py:830} INFO - Processing file /home/airflow/.local/lib/python3.12/site-packages/airflow/example_dags/example_python_operator.py for tasks to queue
[2026-03-25T11:30:07.705+0000] {logging_mixin.py:188} INFO - [2026-03-25T11:30:07.704+0000] {dagbag.py:540} INFO - Filling up the DagBag from /home/airflow/.local/lib/python3.12/site-packages/airflow/example_dags/example_python_operator.py
[2026-03-25T11:30:07.725+0000] {processor.py:840} INFO - DAG(s) 'example_python_operator' retrieved from /home/airflow/.local/lib/python3.12/site-packages/airflow/example_dags/example_python_operator.py
[2026-03-25T11:30:07.764+0000] {logging_mixin.py:188} INFO - [2026-03-25T11:30:07.764+0000] {dag.py:3096} INFO - Sync 1 DAGs
[2026-03-25T11:30:07.785+0000] {logging_mixin.py:188} INFO - [2026-03-25T11:30:07.785+0000] {dag.py:3954} INFO - Setting next_dagrun for example_python_operator to None, run_after=None
[2026-03-25T11:30:07.843+0000] {processor.py:183} INFO - Processing /home/airflow/.local/lib/python3.12/site-packages/airflow/example_dags/example_python_operator.py took 0.151 seconds
[2026-03-25T11:30:37.886+0000] {processor.py:161} INFO - Started process (PID=1728) to work on /home/airflow/.local/lib/python3.12/site-packages/airflow/example_dags/example_python_operator.py
[2026-03-25T11:30:37.887+0000] {processor.py:830} INFO - Processing file /home/airflow/.local/lib/python3.12/site-packages/airflow/example_dags/example_python_operator.py for tasks to queue
[2026-03-25T11:30:37.889+0000] {logging_mixin.py:188} INFO - [2026-03-25T11:30:37.889+0000] {dagbag.py:540} INFO - Filling up the DagBag from /home/airflow/.local/lib/python3.12/site-packages/airflow/example_dags/example_python_operator.py
[2026-03-25T11:30:37.899+0000] {processor.py:840} INFO - DAG(s) 'example_python_operator' retrieved from /home/airflow/.local/lib/python3.12/site-packages/airflow/example_dags/example_python_operator.py
[2026-03-25T11:30:37.922+0000] {logging_mixin.py:188} INFO - [2026-03-25T11:30:37.922+0000] {dag.py:3096} INFO - Sync 1 DAGs
[2026-03-25T11:30:37.936+0000] {logging_mixin.py:188} INFO - [2026-03-25T11:30:37.936+0000] {dag.py:3954} INFO - Setting next_dagrun for example_python_operator to None, run_after=None
[2026-03-25T11:30:38.005+0000] {processor.py:183} INFO - Processing /home/airflow/.local/lib/python3.12/site-packages/airflow/example_dags/example_python_operator.py took 0.124 seconds
[2026-03-25T11:31:08.385+0000] {processor.py:161} INFO - Started process (PID=1787) to work on /home/airflow/.local/lib/python3.12/site-packages/airflow/example_dags/example_python_operator.py
[2026-03-25T11:31:08.386+0000] {processor.py:830} INFO - Processing file /home/airflow/.local/lib/python3.12/site-packages/airflow/example_dags/example_python_operator.py for tasks to queue
[2026-03-25T11:31:08.389+0000] {logging_mixin.py:188} INFO - [2026-03-25T11:31:08.388+0000] {dagbag.py:540} INFO - Filling up the DagBag from /home/airflow/.local/lib/python3.12/site-packages/airflow/example_dags/example_python_operator.py
[2026-03-25T11:31:08.401+0000] {processor.py:840} INFO - DAG(s) 'example_python_operator' retrieved from /home/airflow/.local/lib/python3.12/site-packages/airflow/example_dags/example_python_operator.py
[2026-03-25T11:31:08.426+0000] {logging_mixin.py:188} INFO - [2026-03-25T11:31:08.426+0000] {dag.py:3096} INFO - Sync 1 DAGs
[2026-03-25T11:31:08.439+0000] {logging_mixin.py:188} INFO - [2026-03-25T11:31:08.439+0000] {dag.py:3954} INFO - Setting next_dagrun for example_python_operator to None, run_after=None
[2026-03-25T11:31:08.486+0000] {processor.py:183} INFO - Processing /home/airflow/.local/lib/python3.12/site-packages/airflow/example_dags/example_python_operator.py took 0.107 seconds
[2026-03-25T11:31:38.628+0000] {processor.py:161} INFO - Started process (PID=1846) to work on /home/airflow/.local/lib/python3.12/site-packages/airflow/example_dags/example_python_operator.py
[2026-03-25T11:31:38.629+0000] {processor.py:830} INFO - Processing file /home/airflow/.local/lib/python3.12/site-packages/airflow/example_dags/example_python_operator.py for tasks to queue
[2026-03-25T11:31:38.631+0000] {logging_mixin.py:188} INFO - [2026-03-25T11:31:38.631+0000] {dagbag.py:540} INFO - Filling up the DagBag from /home/airflow/.local/lib/python3.12/site-packages/airflow/example_dags/example_python_operator.py
[2026-03-25T11:31:38.643+0000] {processor.py:840} INFO - DAG(s) 'example_python_operator' retrieved from /home/airflow/.local/lib/python3.12/site-packages/airflow/example_dags/example_python_operator.py
[2026-03-25T11:31:38.665+0000] {logging_mixin.py:188} INFO - [2026-03-25T11:31:38.665+0000] {dag.py:3096} INFO - Sync 1 DAGs
[2026-03-25T11:31:38.679+0000] {logging_mixin.py:188} INFO - [2026-03-25T11:31:38.678+0000] {dag.py:3954} INFO - Setting next_dagrun for example_python_operator to None, run_after=None
[2026-03-25T11:31:38.726+0000] {processor.py:183} INFO - Processing /home/airflow/.local/lib/python3.12/site-packages/airflow/example_dags/example_python_operator.py took 0.104 seconds
[2026-03-25T11:32:09.362+0000] {processor.py:161} INFO - Started process (PID=1905) to work on /home/airflow/.local/lib/python3.12/site-packages/airflow/example_dags/example_python_operator.py
[2026-03-25T11:32:09.363+0000] {processor.py:830} INFO - Processing file /home/airflow/.local/lib/python3.12/site-packages/airflow/example_dags/example_python_operator.py for tasks to queue
[2026-03-25T11:32:09.366+0000] {logging_mixin.py:188} INFO - [2026-03-25T11:32:09.365+0000] {dagbag.py:540} INFO - Filling up the DagBag from /home/airflow/.local/lib/python3.12/site-packages/airflow/example_dags/example_python_operator.py
[2026-03-25T11:32:09.377+0000] {processor.py:840} INFO - DAG(s) 'example_python_operator' retrieved from /home/airflow/.local/lib/python3.12/site-packages/airflow/example_dags/example_python_operator.py
[2026-03-25T11:32:09.399+0000] {logging_mixin.py:188} INFO - [2026-03-25T11:32:09.399+0000] {dag.py:3096} INFO - Sync 1 DAGs
[2026-03-25T11:32:09.411+0000] {logging_mixin.py:188} INFO - [2026-03-25T11:32:09.411+0000] {dag.py:3954} INFO - Setting next_dagrun for example_python_operator to None, run_after=None
[2026-03-25T11:32:09.450+0000] {processor.py:183} INFO - Processing /home/airflow/.local/lib/python3.12/site-packages/airflow/example_dags/example_python_operator.py took 0.093 seconds
[2026-03-25T11:34:35.173+0000] {processor.py:161} INFO - Started process (PID=73) to work on /home/airflow/.local/lib/python3.12/site-packages/airflow/example_dags/example_python_operator.py
[2026-03-25T11:34:35.174+0000] {processor.py:830} INFO - Processing file /home/airflow/.local/lib/python3.12/site-packages/airflow/example_dags/example_python_operator.py for tasks to queue
[2026-03-25T11:34:35.178+0000] {logging_mixin.py:188} INFO - [2026-03-25T11:34:35.177+0000] {dagbag.py:540} INFO - Filling up the DagBag from /home/airflow/.local/lib/python3.12/site-packages/airflow/example_dags/example_python_operator.py
[2026-03-25T11:34:35.212+0000] {processor.py:840} INFO - DAG(s) 'example_python_operator' retrieved from /home/airflow/.local/lib/python3.12/site-packages/airflow/example_dags/example_python_operator.py
[2026-03-25T11:34:35.398+0000] {logging_mixin.py:188} INFO - [2026-03-25T11:34:35.397+0000] {dag.py:3096} INFO - Sync 1 DAGs
[2026-03-25T11:34:35.420+0000] {logging_mixin.py:188} INFO - [2026-03-25T11:34:35.419+0000] {dag.py:3954} INFO - Setting next_dagrun for example_python_operator to None, run_after=None
[2026-03-25T11:34:35.503+0000] {processor.py:183} INFO - Processing /home/airflow/.local/lib/python3.12/site-packages/airflow/example_dags/example_python_operator.py took 0.338 seconds
[2026-03-25T11:35:05.973+0000] {processor.py:161} INFO - Started process (PID=126) to work on /home/airflow/.local/lib/python3.12/site-packages/airflow/example_dags/example_python_operator.py
[2026-03-25T11:35:05.974+0000] {processor.py:830} INFO - Processing file /home/airflow/.local/lib/python3.12/site-packages/airflow/example_dags/example_python_operator.py for tasks to queue
[2026-03-25T11:35:05.976+0000] {logging_mixin.py:188} INFO - [2026-03-25T11:35:05.976+0000] {dagbag.py:540} INFO - Filling up the DagBag from /home/airflow/.local/lib/python3.12/site-packages/airflow/example_dags/example_python_operator.py
[2026-03-25T11:35:05.986+0000] {processor.py:840} INFO - DAG(s) 'example_python_operator' retrieved from /home/airflow/.local/lib/python3.12/site-packages/airflow/example_dags/example_python_operator.py
[2026-03-25T11:35:06.013+0000] {logging_mixin.py:188} INFO - [2026-03-25T11:35:06.013+0000] {dag.py:3096} INFO - Sync 1 DAGs
[2026-03-25T11:35:06.027+0000] {logging_mixin.py:188} INFO - [2026-03-25T11:35:06.027+0000] {dag.py:3954} INFO - Setting next_dagrun for example_python_operator to None, run_after=None
[2026-03-25T11:35:06.116+0000] {processor.py:183} INFO - Processing /home/airflow/.local/lib/python3.12/site-packages/airflow/example_dags/example_python_operator.py took 0.148 seconds
[2026-03-25T11:35:37.992+0000] {processor.py:161} INFO - Started process (PID=185) to work on /home/airflow/.local/lib/python3.12/site-packages/airflow/example_dags/example_python_operator.py
[2026-03-25T11:35:37.993+0000] {processor.py:830} INFO - Processing file /home/airflow/.local/lib/python3.12/site-packages/airflow/example_dags/example_python_operator.py for tasks to queue
[2026-03-25T11:35:37.995+0000] {logging_mixin.py:188} INFO - [2026-03-25T11:35:37.995+0000] {dagbag.py:540} INFO - Filling up the DagBag from /home/airflow/.local/lib/python3.12/site-packages/airflow/example_dags/example_python_operator.py
[2026-03-25T11:35:38.007+0000] {processor.py:840} INFO - DAG(s) 'example_python_operator' retrieved from /home/airflow/.local/lib/python3.12/site-packages/airflow/example_dags/example_python_operator.py
[2026-03-25T11:35:38.034+0000] {logging_mixin.py:188} INFO - [2026-03-25T11:35:38.034+0000] {dag.py:3096} INFO - Sync 1 DAGs
[2026-03-25T11:35:38.051+0000] {logging_mixin.py:188} INFO - [2026-03-25T11:35:38.051+0000] {dag.py:3954} INFO - Setting next_dagrun for example_python_operator to None, run_after=None
[2026-03-25T11:35:38.094+0000] {processor.py:183} INFO - Processing /home/airflow/.local/lib/python3.12/site-packages/airflow/example_dags/example_python_operator.py took 0.107 seconds
[2026-03-25T11:36:11.356+0000] {processor.py:161} INFO - Started process (PID=245) to work on /home/airflow/.local/lib/python3.12/site-packages/airflow/example_dags/example_python_operator.py
[2026-03-25T11:36:11.358+0000] {processor.py:830} INFO - Processing file /home/airflow/.local/lib/python3.12/site-packages/airflow/example_dags/example_python_operator.py for tasks to queue
[2026-03-25T11:36:11.361+0000] {logging_mixin.py:188} INFO - [2026-03-25T11:36:11.361+0000] {dagbag.py:540} INFO - Filling up the DagBag from /home/airflow/.local/lib/python3.12/site-packages/airflow/example_dags/example_python_operator.py
[2026-03-25T11:36:11.389+0000] {processor.py:840} INFO - DAG(s) 'example_python_operator' retrieved from /home/airflow/.local/lib/python3.12/site-packages/airflow/example_dags/example_python_operator.py
[2026-03-25T11:36:11.558+0000] {logging_mixin.py:188} INFO - [2026-03-25T11:36:11.558+0000] {dag.py:3096} INFO - Sync 1 DAGs
[2026-03-25T11:36:11.570+0000] {logging_mixin.py:188} INFO - [2026-03-25T11:36:11.570+0000] {dag.py:3954} INFO - Setting next_dagrun for example_python_operator to None, run_after=None
[2026-03-25T11:36:11.626+0000] {processor.py:183} INFO - Processing /home/airflow/.local/lib/python3.12/site-packages/airflow/example_dags/example_python_operator.py took 0.282 seconds
[2026-03-25T11:36:44.418+0000] {processor.py:161} INFO - Started process (PID=304) to work on /home/airflow/.local/lib/python3.12/site-packages/airflow/example_dags/example_python_operator.py
[2026-03-25T11:36:44.422+0000] {processor.py:830} INFO - Processing file /home/airflow/.local/lib/python3.12/site-packages/airflow/example_dags/example_python_operator.py for tasks to queue
[2026-03-25T11:36:44.426+0000] {logging_mixin.py:188} INFO - [2026-03-25T11:36:44.425+0000] {dagbag.py:540} INFO - Filling up the DagBag from /home/airflow/.local/lib/python3.12/site-packages/airflow/example_dags/example_python_operator.py
[2026-03-25T11:36:44.451+0000] {processor.py:840} INFO - DAG(s) 'example_python_operator' retrieved from /home/airflow/.local/lib/python3.12/site-packages/airflow/example_dags/example_python_operator.py
[2026-03-25T11:36:44.488+0000] {logging_mixin.py:188} INFO - [2026-03-25T11:36:44.488+0000] {dag.py:3096} INFO - Sync 1 DAGs
[2026-03-25T11:36:44.517+0000] {logging_mixin.py:188} INFO - [2026-03-25T11:36:44.516+0000] {dag.py:3954} INFO - Setting next_dagrun for example_python_operator to None, run_after=None
[2026-03-25T11:36:44.572+0000] {processor.py:183} INFO - Processing /home/airflow/.local/lib/python3.12/site-packages/airflow/example_dags/example_python_operator.py took 0.166 seconds
[2026-03-25T11:37:16.601+0000] {processor.py:161} INFO - Started process (PID=363) to work on /home/airflow/.local/lib/python3.12/site-packages/airflow/example_dags/example_python_operator.py
[2026-03-25T11:37:16.603+0000] {processor.py:830} INFO - Processing file /home/airflow/.local/lib/python3.12/site-packages/airflow/example_dags/example_python_operator.py for tasks to queue
[2026-03-25T11:37:16.606+0000] {logging_mixin.py:188} INFO - [2026-03-25T11:37:16.605+0000] {dagbag.py:540} INFO - Filling up the DagBag from /home/airflow/.local/lib/python3.12/site-packages/airflow/example_dags/example_python_operator.py
[2026-03-25T11:37:16.625+0000] {processor.py:840} INFO - DAG(s) 'example_python_operator' retrieved from /home/airflow/.local/lib/python3.12/site-packages/airflow/example_dags/example_python_operator.py
[2026-03-25T11:37:16.688+0000] {logging_mixin.py:188} INFO - [2026-03-25T11:37:16.687+0000] {dag.py:3096} INFO - Sync 1 DAGs
[2026-03-25T11:37:16.723+0000] {logging_mixin.py:188} INFO - [2026-03-25T11:37:16.723+0000] {dag.py:3954} INFO - Setting next_dagrun for example_python_operator to None, run_after=None
[2026-03-25T11:37:16.785+0000] {processor.py:183} INFO - Processing /home/airflow/.local/lib/python3.12/site-packages/airflow/example_dags/example_python_operator.py took 0.193 seconds
[2026-03-25T11:37:49.457+0000] {processor.py:161} INFO - Started process (PID=422) to work on /home/airflow/.local/lib/python3.12/site-packages/airflow/example_dags/example_python_operator.py
[2026-03-25T11:37:49.458+0000] {processor.py:830} INFO - Processing file /home/airflow/.local/lib/python3.12/site-packages/airflow/example_dags/example_python_operator.py for tasks to queue
[2026-03-25T11:37:49.460+0000] {logging_mixin.py:188} INFO - [2026-03-25T11:37:49.460+0000] {dagbag.py:540} INFO - Filling up the DagBag from /home/airflow/.local/lib/python3.12/site-packages/airflow/example_dags/example_python_operator.py
[2026-03-25T11:37:49.472+0000] {processor.py:840} INFO - DAG(s) 'example_python_operator' retrieved from /home/airflow/.local/lib/python3.12/site-packages/airflow/example_dags/example_python_operator.py
[2026-03-25T11:37:49.496+0000] {logging_mixin.py:188} INFO - [2026-03-25T11:37:49.496+0000] {dag.py:3096} INFO - Sync 1 DAGs
[2026-03-25T11:37:49.510+0000] {logging_mixin.py:188} INFO - [2026-03-25T11:37:49.509+0000] {dag.py:3954} INFO - Setting next_dagrun for example_python_operator to None, run_after=None
[2026-03-25T11:37:49.550+0000] {processor.py:183} INFO - Processing /home/airflow/.local/lib/python3.12/site-packages/airflow/example_dags/example_python_operator.py took 0.098 seconds
[2026-03-25T11:38:21.750+0000] {processor.py:161} INFO - Started process (PID=481) to work on /home/airflow/.local/lib/python3.12/site-packages/airflow/example_dags/example_python_operator.py
[2026-03-25T11:38:21.751+0000] {processor.py:830} INFO - Processing file /home/airflow/.local/lib/python3.12/site-packages/airflow/example_dags/example_python_operator.py for tasks to queue
[2026-03-25T11:38:21.753+0000] {logging_mixin.py:188} INFO - [2026-03-25T11:38:21.753+0000] {dagbag.py:540} INFO - Filling up the DagBag from /home/airflow/.local/lib/python3.12/site-packages/airflow/example_dags/example_python_operator.py
[2026-03-25T11:38:21.763+0000] {processor.py:840} INFO - DAG(s) 'example_python_operator' retrieved from /home/airflow/.local/lib/python3.12/site-packages/airflow/example_dags/example_python_operator.py
[2026-03-25T11:38:21.785+0000] {logging_mixin.py:188} INFO - [2026-03-25T11:38:21.785+0000] {dag.py:3096} INFO - Sync 1 DAGs
[2026-03-25T11:38:21.797+0000] {logging_mixin.py:188} INFO - [2026-03-25T11:38:21.797+0000] {dag.py:3954} INFO - Setting next_dagrun for example_python_operator to None, run_after=None
[2026-03-25T11:38:21.854+0000] {processor.py:183} INFO - Processing /home/airflow/.local/lib/python3.12/site-packages/airflow/example_dags/example_python_operator.py took 0.110 seconds
[2026-03-25T11:38:54.511+0000] {processor.py:161} INFO - Started process (PID=540) to work on /home/airflow/.local/lib/python3.12/site-packages/airflow/example_dags/example_python_operator.py
[2026-03-25T11:38:54.512+0000] {processor.py:830} INFO - Processing file /home/airflow/.local/lib/python3.12/site-packages/airflow/example_dags/example_python_operator.py for tasks to queue
[2026-03-25T11:38:54.514+0000] {logging_mixin.py:188} INFO - [2026-03-25T11:38:54.514+0000] {dagbag.py:540} INFO - Filling up the DagBag from /home/airflow/.local/lib/python3.12/site-packages/airflow/example_dags/example_python_operator.py
[2026-03-25T11:38:54.525+0000] {processor.py:840} INFO - DAG(s) 'example_python_operator' retrieved from /home/airflow/.local/lib/python3.12/site-packages/airflow/example_dags/example_python_operator.py
[2026-03-25T11:38:54.549+0000] {logging_mixin.py:188} INFO - [2026-03-25T11:38:54.548+0000] {dag.py:3096} INFO - Sync 1 DAGs
[2026-03-25T11:38:54.562+0000] {logging_mixin.py:188} INFO - [2026-03-25T11:38:54.562+0000] {dag.py:3954} INFO - Setting next_dagrun for example_python_operator to None, run_after=None
[2026-03-25T11:38:54.608+0000] {processor.py:183} INFO - Processing /home/airflow/.local/lib/python3.12/site-packages/airflow/example_dags/example_python_operator.py took 0.103 seconds
[2026-03-25T11:39:27.225+0000] {processor.py:161} INFO - Started process (PID=599) to work on /home/airflow/.local/lib/python3.12/site-packages/airflow/example_dags/example_python_operator.py
[2026-03-25T11:39:27.227+0000] {processor.py:830} INFO - Processing file /home/airflow/.local/lib/python3.12/site-packages/airflow/example_dags/example_python_operator.py for tasks to queue
[2026-03-25T11:39:27.229+0000] {logging_mixin.py:188} INFO - [2026-03-25T11:39:27.229+0000] {dagbag.py:540} INFO - Filling up the DagBag from /home/airflow/.local/lib/python3.12/site-packages/airflow/example_dags/example_python_operator.py
[2026-03-25T11:39:27.243+0000] {processor.py:840} INFO - DAG(s) 'example_python_operator' retrieved from /home/airflow/.local/lib/python3.12/site-packages/airflow/example_dags/example_python_operator.py
[2026-03-25T11:39:27.276+0000] {logging_mixin.py:188} INFO - [2026-03-25T11:39:27.276+0000] {dag.py:3096} INFO - Sync 1 DAGs
[2026-03-25T11:39:27.291+0000] {logging_mixin.py:188} INFO - [2026-03-25T11:39:27.291+0000] {dag.py:3954} INFO - Setting next_dagrun for example_python_operator to None, run_after=None
[2026-03-25T11:39:27.336+0000] {processor.py:183} INFO - Processing /home/airflow/.local/lib/python3.12/site-packages/airflow/example_dags/example_python_operator.py took 0.117 seconds
[2026-03-25T11:40:00.246+0000] {processor.py:161} INFO - Started process (PID=658) to work on /home/airflow/.local/lib/python3.12/site-packages/airflow/example_dags/example_python_operator.py
[2026-03-25T11:40:00.248+0000] {processor.py:830} INFO - Processing file /home/airflow/.local/lib/python3.12/site-packages/airflow/example_dags/example_python_operator.py for tasks to queue
[2026-03-25T11:40:00.249+0000] {logging_mixin.py:188} INFO - [2026-03-25T11:40:00.249+0000] {dagbag.py:540} INFO - Filling up the DagBag from /home/airflow/.local/lib/python3.12/site-packages/airflow/example_dags/example_python_operator.py
[2026-03-25T11:40:00.260+0000] {processor.py:840} INFO - DAG(s) 'example_python_operator' retrieved from /home/airflow/.local/lib/python3.12/site-packages/airflow/example_dags/example_python_operator.py
[2026-03-25T11:40:00.283+0000] {logging_mixin.py:188} INFO - [2026-03-25T11:40:00.283+0000] {dag.py:3096} INFO - Sync 1 DAGs
[2026-03-25T11:40:00.296+0000] {logging_mixin.py:188} INFO - [2026-03-25T11:40:00.296+0000] {dag.py:3954} INFO - Setting next_dagrun for example_python_operator to None, run_after=None
[2026-03-25T11:40:00.337+0000] {processor.py:183} INFO - Processing /home/airflow/.local/lib/python3.12/site-packages/airflow/example_dags/example_python_operator.py took 0.096 seconds
[2026-03-25T11:40:32.589+0000] {processor.py:161} INFO - Started process (PID=717) to work on /home/airflow/.local/lib/python3.12/site-packages/airflow/example_dags/example_python_operator.py
[2026-03-25T11:40:32.590+0000] {processor.py:830} INFO - Processing file /home/airflow/.local/lib/python3.12/site-packages/airflow/example_dags/example_python_operator.py for tasks to queue
[2026-03-25T11:40:32.592+0000] {logging_mixin.py:188} INFO - [2026-03-25T11:40:32.592+0000] {dagbag.py:540} INFO - Filling up the DagBag from /home/airflow/.local/lib/python3.12/site-packages/airflow/example_dags/example_python_operator.py
[2026-03-25T11:40:32.602+0000] {processor.py:840} INFO - DAG(s) 'example_python_operator' retrieved from /home/airflow/.local/lib/python3.12/site-packages/airflow/example_dags/example_python_operator.py
[2026-03-25T11:40:32.626+0000] {logging_mixin.py:188} INFO - [2026-03-25T11:40:32.626+0000] {dag.py:3096} INFO - Sync 1 DAGs
[2026-03-25T11:40:32.640+0000] {logging_mixin.py:188} INFO - [2026-03-25T11:40:32.639+0000] {dag.py:3954} INFO - Setting next_dagrun for example_python_operator to None, run_after=None
[2026-03-25T11:40:32.692+0000] {processor.py:183} INFO - Processing /home/airflow/.local/lib/python3.12/site-packages/airflow/example_dags/example_python_operator.py took 0.108 seconds
[2026-03-25T11:41:05.556+0000] {processor.py:161} INFO - Started process (PID=776) to work on /home/airflow/.local/lib/python3.12/site-packages/airflow/example_dags/example_python_operator.py
[2026-03-25T11:41:05.557+0000] {processor.py:830} INFO - Processing file /home/airflow/.local/lib/python3.12/site-packages/airflow/example_dags/example_python_operator.py for tasks to queue
[2026-03-25T11:41:05.559+0000] {logging_mixin.py:188} INFO - [2026-03-25T11:41:05.559+0000] {dagbag.py:540} INFO - Filling up the DagBag from /home/airflow/.local/lib/python3.12/site-packages/airflow/example_dags/example_python_operator.py
[2026-03-25T11:41:05.570+0000] {processor.py:840} INFO - DAG(s) 'example_python_operator' retrieved from /home/airflow/.local/lib/python3.12/site-packages/airflow/example_dags/example_python_operator.py
[2026-03-25T11:41:05.594+0000] {logging_mixin.py:188} INFO - [2026-03-25T11:41:05.594+0000] {dag.py:3096} INFO - Sync 1 DAGs
[2026-03-25T11:41:05.607+0000] {logging_mixin.py:188} INFO - [2026-03-25T11:41:05.607+0000] {dag.py:3954} INFO - Setting next_dagrun for example_python_operator to None, run_after=None
[2026-03-25T11:41:05.644+0000] {processor.py:183} INFO - Processing /home/airflow/.local/lib/python3.12/site-packages/airflow/example_dags/example_python_operator.py took 0.095 seconds
[2026-03-25T11:41:39.761+0000] {processor.py:161} INFO - Started process (PID=835) to work on /home/airflow/.local/lib/python3.12/site-packages/airflow/example_dags/example_python_operator.py
[2026-03-25T11:41:39.762+0000] {processor.py:830} INFO - Processing file /home/airflow/.local/lib/python3.12/site-packages/airflow/example_dags/example_python_operator.py for tasks to queue
[2026-03-25T11:41:39.764+0000] {logging_mixin.py:188} INFO - [2026-03-25T11:41:39.763+0000] {dagbag.py:540} INFO - Filling up the DagBag from /home/airflow/.local/lib/python3.12/site-packages/airflow/example_dags/example_python_operator.py
[2026-03-25T11:41:39.774+0000] {processor.py:840} INFO - DAG(s) 'example_python_operator' retrieved from /home/airflow/.local/lib/python3.12/site-packages/airflow/example_dags/example_python_operator.py
[2026-03-25T11:41:39.796+0000] {logging_mixin.py:188} INFO - [2026-03-25T11:41:39.796+0000] {dag.py:3096} INFO - Sync 1 DAGs
[2026-03-25T11:41:39.808+0000] {logging_mixin.py:188} INFO - [2026-03-25T11:41:39.808+0000] {dag.py:3954} INFO - Setting next_dagrun for example_python_operator to None, run_after=None
[2026-03-25T11:41:39.851+0000] {processor.py:183} INFO - Processing /home/airflow/.local/lib/python3.12/site-packages/airflow/example_dags/example_python_operator.py took 0.096 seconds
[2026-03-25T11:42:10.728+0000] {processor.py:161} INFO - Started process (PID=894) to work on /home/airflow/.local/lib/python3.12/site-packages/airflow/example_dags/example_python_operator.py
[2026-03-25T11:42:10.729+0000] {processor.py:830} INFO - Processing file /home/airflow/.local/lib/python3.12/site-packages/airflow/example_dags/example_python_operator.py for tasks to queue
[2026-03-25T11:42:10.731+0000] {logging_mixin.py:188} INFO - [2026-03-25T11:42:10.731+0000] {dagbag.py:540} INFO - Filling up the DagBag from /home/airflow/.local/lib/python3.12/site-packages/airflow/example_dags/example_python_operator.py
[2026-03-25T11:42:10.741+0000] {processor.py:840} INFO - DAG(s) 'example_python_operator' retrieved from /home/airflow/.local/lib/python3.12/site-packages/airflow/example_dags/example_python_operator.py
[2026-03-25T11:42:10.765+0000] {logging_mixin.py:188} INFO - [2026-03-25T11:42:10.765+0000] {dag.py:3096} INFO - Sync 1 DAGs
[2026-03-25T11:42:10.777+0000] {logging_mixin.py:188} INFO - [2026-03-25T11:42:10.777+0000] {dag.py:3954} INFO - Setting next_dagrun for example_python_operator to None, run_after=None
[2026-03-25T11:42:10.819+0000] {processor.py:183} INFO - Processing /home/airflow/.local/lib/python3.12/site-packages/airflow/example_dags/example_python_operator.py took 0.097 seconds
[2026-03-25T11:42:43.664+0000] {processor.py:161} INFO - Started process (PID=953) to work on /home/airflow/.local/lib/python3.12/site-packages/airflow/example_dags/example_python_operator.py
[2026-03-25T11:42:43.665+0000] {processor.py:830} INFO - Processing file /home/airflow/.local/lib/python3.12/site-packages/airflow/example_dags/example_python_operator.py for tasks to queue
[2026-03-25T11:42:43.667+0000] {logging_mixin.py:188} INFO - [2026-03-25T11:42:43.666+0000] {dagbag.py:540} INFO - Filling up the DagBag from /home/airflow/.local/lib/python3.12/site-packages/airflow/example_dags/example_python_operator.py
[2026-03-25T11:42:43.679+0000] {processor.py:840} INFO - DAG(s) 'example_python_operator' retrieved from /home/airflow/.local/lib/python3.12/site-packages/airflow/example_dags/example_python_operator.py
[2026-03-25T11:42:43.708+0000] {logging_mixin.py:188} INFO - [2026-03-25T11:42:43.708+0000] {dag.py:3096} INFO - Sync 1 DAGs
[2026-03-25T11:42:43.724+0000] {logging_mixin.py:188} INFO - [2026-03-25T11:42:43.724+0000] {dag.py:3954} INFO - Setting next_dagrun for example_python_operator to None, run_after=None
[2026-03-25T11:42:43.769+0000] {processor.py:183} INFO - Processing /home/airflow/.local/lib/python3.12/site-packages/airflow/example_dags/example_python_operator.py took 0.111 seconds
[2026-03-25T11:43:17.115+0000] {processor.py:161} INFO - Started process (PID=1012) to work on /home/airflow/.local/lib/python3.12/site-packages/airflow/example_dags/example_python_operator.py
[2026-03-25T11:43:17.117+0000] {processor.py:830} INFO - Processing file /home/airflow/.local/lib/python3.12/site-packages/airflow/example_dags/example_python_operator.py for tasks to queue
[2026-03-25T11:43:17.119+0000] {logging_mixin.py:188} INFO - [2026-03-25T11:43:17.118+0000] {dagbag.py:540} INFO - Filling up the DagBag from /home/airflow/.local/lib/python3.12/site-packages/airflow/example_dags/example_python_operator.py
[2026-03-25T11:43:17.129+0000] {processor.py:840} INFO - DAG(s) 'example_python_operator' retrieved from /home/airflow/.local/lib/python3.12/site-packages/airflow/example_dags/example_python_operator.py
[2026-03-25T11:43:17.159+0000] {logging_mixin.py:188} INFO - [2026-03-25T11:43:17.159+0000] {dag.py:3096} INFO - Sync 1 DAGs
[2026-03-25T11:43:17.173+0000] {logging_mixin.py:188} INFO - [2026-03-25T11:43:17.172+0000] {dag.py:3954} INFO - Setting next_dagrun for example_python_operator to None, run_after=None
[2026-03-25T11:43:17.215+0000] {processor.py:183} INFO - Processing /home/airflow/.local/lib/python3.12/site-packages/airflow/example_dags/example_python_operator.py took 0.106 seconds
[2026-03-25T11:43:49.340+0000] {processor.py:161} INFO - Started process (PID=1071) to work on /home/airflow/.local/lib/python3.12/site-packages/airflow/example_dags/example_python_operator.py
[2026-03-25T11:43:49.341+0000] {processor.py:830} INFO - Processing file /home/airflow/.local/lib/python3.12/site-packages/airflow/example_dags/example_python_operator.py for tasks to queue
[2026-03-25T11:43:49.343+0000] {logging_mixin.py:188} INFO - [2026-03-25T11:43:49.343+0000] {dagbag.py:540} INFO - Filling up the DagBag from /home/airflow/.local/lib/python3.12/site-packages/airflow/example_dags/example_python_operator.py
[2026-03-25T11:43:49.353+0000] {processor.py:840} INFO - DAG(s) 'example_python_operator' retrieved from /home/airflow/.local/lib/python3.12/site-packages/airflow/example_dags/example_python_operator.py
[2026-03-25T11:43:49.376+0000] {logging_mixin.py:188} INFO - [2026-03-25T11:43:49.375+0000] {dag.py:3096} INFO - Sync 1 DAGs
[2026-03-25T11:43:49.388+0000] {logging_mixin.py:188} INFO - [2026-03-25T11:43:49.388+0000] {dag.py:3954} INFO - Setting next_dagrun for example_python_operator to None, run_after=None
[2026-03-25T11:43:49.438+0000] {processor.py:183} INFO - Processing /home/airflow/.local/lib/python3.12/site-packages/airflow/example_dags/example_python_operator.py took 0.103 seconds
[2026-03-25T11:44:21.774+0000] {processor.py:161} INFO - Started process (PID=1130) to work on /home/airflow/.local/lib/python3.12/site-packages/airflow/example_dags/example_python_operator.py
[2026-03-25T11:44:21.776+0000] {processor.py:830} INFO - Processing file /home/airflow/.local/lib/python3.12/site-packages/airflow/example_dags/example_python_operator.py for tasks to queue
[2026-03-25T11:44:21.779+0000] {logging_mixin.py:188} INFO - [2026-03-25T11:44:21.778+0000] {dagbag.py:540} INFO - Filling up the DagBag from /home/airflow/.local/lib/python3.12/site-packages/airflow/example_dags/example_python_operator.py
[2026-03-25T11:44:21.812+0000] {processor.py:840} INFO - DAG(s) 'example_python_operator' retrieved from /home/airflow/.local/lib/python3.12/site-packages/airflow/example_dags/example_python_operator.py
[2026-03-25T11:44:21.851+0000] {logging_mixin.py:188} INFO - [2026-03-25T11:44:21.850+0000] {dag.py:3096} INFO - Sync 1 DAGs
[2026-03-25T11:44:21.870+0000] {logging_mixin.py:188} INFO - [2026-03-25T11:44:21.869+0000] {dag.py:3954} INFO - Setting next_dagrun for example_python_operator to None, run_after=None
[2026-03-25T11:44:21.910+0000] {processor.py:183} INFO - Processing /home/airflow/.local/lib/python3.12/site-packages/airflow/example_dags/example_python_operator.py took 0.147 seconds
[2026-03-25T11:44:54.824+0000] {processor.py:161} INFO - Started process (PID=1189) to work on /home/airflow/.local/lib/python3.12/site-packages/airflow/example_dags/example_python_operator.py
[2026-03-25T11:44:54.825+0000] {processor.py:830} INFO - Processing file /home/airflow/.local/lib/python3.12/site-packages/airflow/example_dags/example_python_operator.py for tasks to queue
[2026-03-25T11:44:54.827+0000] {logging_mixin.py:188} INFO - [2026-03-25T11:44:54.827+0000] {dagbag.py:540} INFO - Filling up the DagBag from /home/airflow/.local/lib/python3.12/site-packages/airflow/example_dags/example_python_operator.py
[2026-03-25T11:44:54.837+0000] {processor.py:840} INFO - DAG(s) 'example_python_operator' retrieved from /home/airflow/.local/lib/python3.12/site-packages/airflow/example_dags/example_python_operator.py
[2026-03-25T11:44:54.859+0000] {logging_mixin.py:188} INFO - [2026-03-25T11:44:54.859+0000] {dag.py:3096} INFO - Sync 1 DAGs
[2026-03-25T11:44:54.873+0000] {logging_mixin.py:188} INFO - [2026-03-25T11:44:54.873+0000] {dag.py:3954} INFO - Setting next_dagrun for example_python_operator to None, run_after=None
[2026-03-25T11:44:54.951+0000] {processor.py:183} INFO - Processing /home/airflow/.local/lib/python3.12/site-packages/airflow/example_dags/example_python_operator.py took 0.132 seconds
[2026-03-25T11:45:27.806+0000] {processor.py:161} INFO - Started process (PID=1248) to work on /home/airflow/.local/lib/python3.12/site-packages/airflow/example_dags/example_python_operator.py
[2026-03-25T11:45:27.808+0000] {processor.py:830} INFO - Processing file /home/airflow/.local/lib/python3.12/site-packages/airflow/example_dags/example_python_operator.py for tasks to queue
[2026-03-25T11:45:27.810+0000] {logging_mixin.py:188} INFO - [2026-03-25T11:45:27.810+0000] {dagbag.py:540} INFO - Filling up the DagBag from /home/airflow/.local/lib/python3.12/site-packages/airflow/example_dags/example_python_operator.py
[2026-03-25T11:45:27.821+0000] {processor.py:840} INFO - DAG(s) 'example_python_operator' retrieved from /home/airflow/.local/lib/python3.12/site-packages/airflow/example_dags/example_python_operator.py
[2026-03-25T11:45:27.844+0000] {logging_mixin.py:188} INFO - [2026-03-25T11:45:27.844+0000] {dag.py:3096} INFO - Sync 1 DAGs
[2026-03-25T11:45:27.857+0000] {logging_mixin.py:188} INFO - [2026-03-25T11:45:27.857+0000] {dag.py:3954} INFO - Setting next_dagrun for example_python_operator to None, run_after=None
[2026-03-25T11:45:27.916+0000] {processor.py:183} INFO - Processing /home/airflow/.local/lib/python3.12/site-packages/airflow/example_dags/example_python_operator.py took 0.116 seconds
[2026-03-25T11:45:59.997+0000] {processor.py:161} INFO - Started process (PID=1307) to work on /home/airflow/.local/lib/python3.12/site-packages/airflow/example_dags/example_python_operator.py
[2026-03-25T11:45:59.998+0000] {processor.py:830} INFO - Processing file /home/airflow/.local/lib/python3.12/site-packages/airflow/example_dags/example_python_operator.py for tasks to queue
[2026-03-25T11:46:00.001+0000] {logging_mixin.py:188} INFO - [2026-03-25T11:46:00.001+0000] {dagbag.py:540} INFO - Filling up the DagBag from /home/airflow/.local/lib/python3.12/site-packages/airflow/example_dags/example_python_operator.py
[2026-03-25T11:46:00.022+0000] {processor.py:840} INFO - DAG(s) 'example_python_operator' retrieved from /home/airflow/.local/lib/python3.12/site-packages/airflow/example_dags/example_python_operator.py
[2026-03-25T11:46:00.059+0000] {logging_mixin.py:188} INFO - [2026-03-25T11:46:00.058+0000] {dag.py:3096} INFO - Sync 1 DAGs
[2026-03-25T11:46:00.078+0000] {logging_mixin.py:188} INFO - [2026-03-25T11:46:00.078+0000] {dag.py:3954} INFO - Setting next_dagrun for example_python_operator to None, run_after=None
[2026-03-25T11:46:00.127+0000] {processor.py:183} INFO - Processing /home/airflow/.local/lib/python3.12/site-packages/airflow/example_dags/example_python_operator.py took 0.137 seconds
[2026-03-25T11:46:32.914+0000] {processor.py:161} INFO - Started process (PID=1366) to work on /home/airflow/.local/lib/python3.12/site-packages/airflow/example_dags/example_python_operator.py
[2026-03-25T11:46:32.915+0000] {processor.py:830} INFO - Processing file /home/airflow/.local/lib/python3.12/site-packages/airflow/example_dags/example_python_operator.py for tasks to queue
[2026-03-25T11:46:32.917+0000] {logging_mixin.py:188} INFO - [2026-03-25T11:46:32.916+0000] {dagbag.py:540} INFO - Filling up the DagBag from /home/airflow/.local/lib/python3.12/site-packages/airflow/example_dags/example_python_operator.py
[2026-03-25T11:46:32.927+0000] {processor.py:840} INFO - DAG(s) 'example_python_operator' retrieved from /home/airflow/.local/lib/python3.12/site-packages/airflow/example_dags/example_python_operator.py
[2026-03-25T11:46:32.951+0000] {logging_mixin.py:188} INFO - [2026-03-25T11:46:32.951+0000] {dag.py:3096} INFO - Sync 1 DAGs
[2026-03-25T11:46:32.966+0000] {logging_mixin.py:188} INFO - [2026-03-25T11:46:32.966+0000] {dag.py:3954} INFO - Setting next_dagrun for example_python_operator to None, run_after=None
[2026-03-25T11:46:33.010+0000] {processor.py:183} INFO - Processing /home/airflow/.local/lib/python3.12/site-packages/airflow/example_dags/example_python_operator.py took 0.102 seconds
[2026-03-25T11:47:06.181+0000] {processor.py:161} INFO - Started process (PID=1425) to work on /home/airflow/.local/lib/python3.12/site-packages/airflow/example_dags/example_python_operator.py
[2026-03-25T11:47:06.187+0000] {processor.py:830} INFO - Processing file /home/airflow/.local/lib/python3.12/site-packages/airflow/example_dags/example_python_operator.py for tasks to queue
[2026-03-25T11:47:06.192+0000] {logging_mixin.py:188} INFO - [2026-03-25T11:47:06.192+0000] {dagbag.py:540} INFO - Filling up the DagBag from /home/airflow/.local/lib/python3.12/site-packages/airflow/example_dags/example_python_operator.py
[2026-03-25T11:47:06.224+0000] {processor.py:840} INFO - DAG(s) 'example_python_operator' retrieved from /home/airflow/.local/lib/python3.12/site-packages/airflow/example_dags/example_python_operator.py
[2026-03-25T11:47:06.310+0000] {logging_mixin.py:188} INFO - [2026-03-25T11:47:06.310+0000] {dag.py:3096} INFO - Sync 1 DAGs
[2026-03-25T11:47:06.339+0000] {logging_mixin.py:188} INFO - [2026-03-25T11:47:06.338+0000] {dag.py:3954} INFO - Setting next_dagrun for example_python_operator to None, run_after=None
[2026-03-25T11:47:06.435+0000] {processor.py:183} INFO - Processing /home/airflow/.local/lib/python3.12/site-packages/airflow/example_dags/example_python_operator.py took 0.270 seconds
[2026-03-25T11:47:41.014+0000] {processor.py:161} INFO - Started process (PID=1485) to work on /home/airflow/.local/lib/python3.12/site-packages/airflow/example_dags/example_python_operator.py
[2026-03-25T11:47:41.015+0000] {processor.py:830} INFO - Processing file /home/airflow/.local/lib/python3.12/site-packages/airflow/example_dags/example_python_operator.py for tasks to queue
[2026-03-25T11:47:41.017+0000] {logging_mixin.py:188} INFO - [2026-03-25T11:47:41.017+0000] {dagbag.py:540} INFO - Filling up the DagBag from /home/airflow/.local/lib/python3.12/site-packages/airflow/example_dags/example_python_operator.py
[2026-03-25T11:47:41.032+0000] {processor.py:840} INFO - DAG(s) 'example_python_operator' retrieved from /home/airflow/.local/lib/python3.12/site-packages/airflow/example_dags/example_python_operator.py
[2026-03-25T11:47:41.067+0000] {logging_mixin.py:188} INFO - [2026-03-25T11:47:41.066+0000] {dag.py:3096} INFO - Sync 1 DAGs
[2026-03-25T11:47:41.093+0000] {logging_mixin.py:188} INFO - [2026-03-25T11:47:41.093+0000] {dag.py:3954} INFO - Setting next_dagrun for example_python_operator to None, run_after=None
[2026-03-25T11:47:41.157+0000] {processor.py:183} INFO - Processing /home/airflow/.local/lib/python3.12/site-packages/airflow/example_dags/example_python_operator.py took 0.150 seconds
[2026-03-25T11:48:11.232+0000] {processor.py:161} INFO - Started process (PID=1544) to work on /home/airflow/.local/lib/python3.12/site-packages/airflow/example_dags/example_python_operator.py
[2026-03-25T11:48:11.233+0000] {processor.py:830} INFO - Processing file /home/airflow/.local/lib/python3.12/site-packages/airflow/example_dags/example_python_operator.py for tasks to queue
[2026-03-25T11:48:11.235+0000] {logging_mixin.py:188} INFO - [2026-03-25T11:48:11.235+0000] {dagbag.py:540} INFO - Filling up the DagBag from /home/airflow/.local/lib/python3.12/site-packages/airflow/example_dags/example_python_operator.py
[2026-03-25T11:48:11.245+0000] {processor.py:840} INFO - DAG(s) 'example_python_operator' retrieved from /home/airflow/.local/lib/python3.12/site-packages/airflow/example_dags/example_python_operator.py
[2026-03-25T11:48:11.268+0000] {logging_mixin.py:188} INFO - [2026-03-25T11:48:11.267+0000] {dag.py:3096} INFO - Sync 1 DAGs
[2026-03-25T11:48:11.280+0000] {logging_mixin.py:188} INFO - [2026-03-25T11:48:11.280+0000] {dag.py:3954} INFO - Setting next_dagrun for example_python_operator to None, run_after=None
[2026-03-25T11:48:11.335+0000] {processor.py:183} INFO - Processing /home/airflow/.local/lib/python3.12/site-packages/airflow/example_dags/example_python_operator.py took 0.109 seconds
[2026-03-25T11:48:43.628+0000] {processor.py:161} INFO - Started process (PID=1603) to work on /home/airflow/.local/lib/python3.12/site-packages/airflow/example_dags/example_python_operator.py
[2026-03-25T11:48:43.630+0000] {processor.py:830} INFO - Processing file /home/airflow/.local/lib/python3.12/site-packages/airflow/example_dags/example_python_operator.py for tasks to queue
[2026-03-25T11:48:43.632+0000] {logging_mixin.py:188} INFO - [2026-03-25T11:48:43.632+0000] {dagbag.py:540} INFO - Filling up the DagBag from /home/airflow/.local/lib/python3.12/site-packages/airflow/example_dags/example_python_operator.py
[2026-03-25T11:48:43.648+0000] {processor.py:840} INFO - DAG(s) 'example_python_operator' retrieved from /home/airflow/.local/lib/python3.12/site-packages/airflow/example_dags/example_python_operator.py
[2026-03-25T11:48:43.672+0000] {logging_mixin.py:188} INFO - [2026-03-25T11:48:43.672+0000] {dag.py:3096} INFO - Sync 1 DAGs
[2026-03-25T11:48:43.687+0000] {logging_mixin.py:188} INFO - [2026-03-25T11:48:43.687+0000] {dag.py:3954} INFO - Setting next_dagrun for example_python_operator to None, run_after=None
[2026-03-25T11:48:43.732+0000] {processor.py:183} INFO - Processing /home/airflow/.local/lib/python3.12/site-packages/airflow/example_dags/example_python_operator.py took 0.114 seconds
[2026-03-25T11:49:16.525+0000] {processor.py:161} INFO - Started process (PID=1662) to work on /home/airflow/.local/lib/python3.12/site-packages/airflow/example_dags/example_python_operator.py
[2026-03-25T11:49:16.526+0000] {processor.py:830} INFO - Processing file /home/airflow/.local/lib/python3.12/site-packages/airflow/example_dags/example_python_operator.py for tasks to queue
[2026-03-25T11:49:16.528+0000] {logging_mixin.py:188} INFO - [2026-03-25T11:49:16.528+0000] {dagbag.py:540} INFO - Filling up the DagBag from /home/airflow/.local/lib/python3.12/site-packages/airflow/example_dags/example_python_operator.py
[2026-03-25T11:49:16.539+0000] {processor.py:840} INFO - DAG(s) 'example_python_operator' retrieved from /home/airflow/.local/lib/python3.12/site-packages/airflow/example_dags/example_python_operator.py
[2026-03-25T11:49:16.563+0000] {logging_mixin.py:188} INFO - [2026-03-25T11:49:16.562+0000] {dag.py:3096} INFO - Sync 1 DAGs
[2026-03-25T11:49:16.577+0000] {logging_mixin.py:188} INFO - [2026-03-25T11:49:16.577+0000] {dag.py:3954} INFO - Setting next_dagrun for example_python_operator to None, run_after=None
[2026-03-25T11:49:16.625+0000] {processor.py:183} INFO - Processing /home/airflow/.local/lib/python3.12/site-packages/airflow/example_dags/example_python_operator.py took 0.106 seconds
[2026-03-25T11:49:49.332+0000] {processor.py:161} INFO - Started process (PID=1721) to work on /home/airflow/.local/lib/python3.12/site-packages/airflow/example_dags/example_python_operator.py
[2026-03-25T11:49:49.334+0000] {processor.py:830} INFO - Processing file /home/airflow/.local/lib/python3.12/site-packages/airflow/example_dags/example_python_operator.py for tasks to queue
[2026-03-25T11:49:49.337+0000] {logging_mixin.py:188} INFO - [2026-03-25T11:49:49.337+0000] {dagbag.py:540} INFO - Filling up the DagBag from /home/airflow/.local/lib/python3.12/site-packages/airflow/example_dags/example_python_operator.py
[2026-03-25T11:49:49.351+0000] {processor.py:840} INFO - DAG(s) 'example_python_operator' retrieved from /home/airflow/.local/lib/python3.12/site-packages/airflow/example_dags/example_python_operator.py
[2026-03-25T11:49:49.384+0000] {logging_mixin.py:188} INFO - [2026-03-25T11:49:49.384+0000] {dag.py:3096} INFO - Sync 1 DAGs
[2026-03-25T11:49:49.400+0000] {logging_mixin.py:188} INFO - [2026-03-25T11:49:49.400+0000] {dag.py:3954} INFO - Setting next_dagrun for example_python_operator to None, run_after=None
[2026-03-25T11:49:49.501+0000] {processor.py:183} INFO - Processing /home/airflow/.local/lib/python3.12/site-packages/airflow/example_dags/example_python_operator.py took 0.177 seconds
[2026-03-25T11:50:21.713+0000] {processor.py:161} INFO - Started process (PID=1780) to work on /home/airflow/.local/lib/python3.12/site-packages/airflow/example_dags/example_python_operator.py
[2026-03-25T11:50:21.714+0000] {processor.py:830} INFO - Processing file /home/airflow/.local/lib/python3.12/site-packages/airflow/example_dags/example_python_operator.py for tasks to queue
[2026-03-25T11:50:21.716+0000] {logging_mixin.py:188} INFO - [2026-03-25T11:50:21.716+0000] {dagbag.py:540} INFO - Filling up the DagBag from /home/airflow/.local/lib/python3.12/site-packages/airflow/example_dags/example_python_operator.py
[2026-03-25T11:50:21.727+0000] {processor.py:840} INFO - DAG(s) 'example_python_operator' retrieved from /home/airflow/.local/lib/python3.12/site-packages/airflow/example_dags/example_python_operator.py
[2026-03-25T11:50:21.751+0000] {logging_mixin.py:188} INFO - [2026-03-25T11:50:21.750+0000] {dag.py:3096} INFO - Sync 1 DAGs
[2026-03-25T11:50:21.764+0000] {logging_mixin.py:188} INFO - [2026-03-25T11:50:21.764+0000] {dag.py:3954} INFO - Setting next_dagrun for example_python_operator to None, run_after=None
[2026-03-25T11:50:21.804+0000] {processor.py:183} INFO - Processing /home/airflow/.local/lib/python3.12/site-packages/airflow/example_dags/example_python_operator.py took 0.097 seconds
