[2026-03-25T11:15:35.473+0000] {processor.py:161} INFO - Started process (PID=104) to work on /home/airflow/.local/lib/python3.12/site-packages/airflow/example_dags/example_branch_day_of_week_operator.py
[2026-03-25T11:15:35.477+0000] {processor.py:830} INFO - Processing file /home/airflow/.local/lib/python3.12/site-packages/airflow/example_dags/example_branch_day_of_week_operator.py for tasks to queue
[2026-03-25T11:15:35.487+0000] {logging_mixin.py:188} INFO - [2026-03-25T11:15:35.485+0000] {dagbag.py:540} INFO - Filling up the DagBag from /home/airflow/.local/lib/python3.12/site-packages/airflow/example_dags/example_branch_day_of_week_operator.py
[2026-03-25T11:15:35.526+0000] {processor.py:840} INFO - DAG(s) 'example_weekday_branch_operator' retrieved from /home/airflow/.local/lib/python3.12/site-packages/airflow/example_dags/example_branch_day_of_week_operator.py
[2026-03-25T11:15:36.071+0000] {logging_mixin.py:188} INFO - [2026-03-25T11:15:36.070+0000] {dag.py:3096} INFO - Sync 1 DAGs
[2026-03-25T11:15:36.165+0000] {logging_mixin.py:188} INFO - [2026-03-25T11:15:36.164+0000] {dag.py:3954} INFO - Setting next_dagrun for example_weekday_branch_operator to 2026-03-24 00:00:00+00:00, run_after=2026-03-25 00:00:00+00:00
[2026-03-25T11:15:36.280+0000] {processor.py:183} INFO - Processing /home/airflow/.local/lib/python3.12/site-packages/airflow/example_dags/example_branch_day_of_week_operator.py took 0.832 seconds
[2026-03-25T11:16:06.509+0000] {processor.py:161} INFO - Started process (PID=163) to work on /home/airflow/.local/lib/python3.12/site-packages/airflow/example_dags/example_branch_day_of_week_operator.py
[2026-03-25T11:16:06.510+0000] {processor.py:830} INFO - Processing file /home/airflow/.local/lib/python3.12/site-packages/airflow/example_dags/example_branch_day_of_week_operator.py for tasks to queue
[2026-03-25T11:16:06.512+0000] {logging_mixin.py:188} INFO - [2026-03-25T11:16:06.511+0000] {dagbag.py:540} INFO - Filling up the DagBag from /home/airflow/.local/lib/python3.12/site-packages/airflow/example_dags/example_branch_day_of_week_operator.py
[2026-03-25T11:16:06.520+0000] {processor.py:840} INFO - DAG(s) 'example_weekday_branch_operator' retrieved from /home/airflow/.local/lib/python3.12/site-packages/airflow/example_dags/example_branch_day_of_week_operator.py
[2026-03-25T11:16:06.545+0000] {logging_mixin.py:188} INFO - [2026-03-25T11:16:06.545+0000] {dag.py:3096} INFO - Sync 1 DAGs
[2026-03-25T11:16:06.571+0000] {logging_mixin.py:188} INFO - [2026-03-25T11:16:06.571+0000] {dag.py:3954} INFO - Setting next_dagrun for example_weekday_branch_operator to 2026-03-24 00:00:00+00:00, run_after=2026-03-25 00:00:00+00:00
[2026-03-25T11:16:06.630+0000] {processor.py:183} INFO - Processing /home/airflow/.local/lib/python3.12/site-packages/airflow/example_dags/example_branch_day_of_week_operator.py took 0.126 seconds
[2026-03-25T11:16:38.198+0000] {processor.py:161} INFO - Started process (PID=222) to work on /home/airflow/.local/lib/python3.12/site-packages/airflow/example_dags/example_branch_day_of_week_operator.py
[2026-03-25T11:16:38.199+0000] {processor.py:830} INFO - Processing file /home/airflow/.local/lib/python3.12/site-packages/airflow/example_dags/example_branch_day_of_week_operator.py for tasks to queue
[2026-03-25T11:16:38.201+0000] {logging_mixin.py:188} INFO - [2026-03-25T11:16:38.201+0000] {dagbag.py:540} INFO - Filling up the DagBag from /home/airflow/.local/lib/python3.12/site-packages/airflow/example_dags/example_branch_day_of_week_operator.py
[2026-03-25T11:16:38.209+0000] {processor.py:840} INFO - DAG(s) 'example_weekday_branch_operator' retrieved from /home/airflow/.local/lib/python3.12/site-packages/airflow/example_dags/example_branch_day_of_week_operator.py
[2026-03-25T11:16:38.232+0000] {logging_mixin.py:188} INFO - [2026-03-25T11:16:38.231+0000] {dag.py:3096} INFO - Sync 1 DAGs
[2026-03-25T11:16:38.375+0000] {logging_mixin.py:188} INFO - [2026-03-25T11:16:38.375+0000] {dag.py:3954} INFO - Setting next_dagrun for example_weekday_branch_operator to 2026-03-24 00:00:00+00:00, run_after=2026-03-25 00:00:00+00:00
[2026-03-25T11:16:38.419+0000] {processor.py:183} INFO - Processing /home/airflow/.local/lib/python3.12/site-packages/airflow/example_dags/example_branch_day_of_week_operator.py took 0.226 seconds
[2026-03-25T11:17:13.142+0000] {processor.py:161} INFO - Started process (PID=281) to work on /home/airflow/.local/lib/python3.12/site-packages/airflow/example_dags/example_branch_day_of_week_operator.py
[2026-03-25T11:17:13.147+0000] {processor.py:830} INFO - Processing file /home/airflow/.local/lib/python3.12/site-packages/airflow/example_dags/example_branch_day_of_week_operator.py for tasks to queue
[2026-03-25T11:17:13.160+0000] {logging_mixin.py:188} INFO - [2026-03-25T11:17:13.158+0000] {dagbag.py:540} INFO - Filling up the DagBag from /home/airflow/.local/lib/python3.12/site-packages/airflow/example_dags/example_branch_day_of_week_operator.py
[2026-03-25T11:17:13.198+0000] {processor.py:840} INFO - DAG(s) 'example_weekday_branch_operator' retrieved from /home/airflow/.local/lib/python3.12/site-packages/airflow/example_dags/example_branch_day_of_week_operator.py
[2026-03-25T11:17:13.297+0000] {logging_mixin.py:188} INFO - [2026-03-25T11:17:13.296+0000] {dag.py:3096} INFO - Sync 1 DAGs
[2026-03-25T11:17:13.408+0000] {logging_mixin.py:188} INFO - [2026-03-25T11:17:13.407+0000] {dag.py:3954} INFO - Setting next_dagrun for example_weekday_branch_operator to 2026-03-24 00:00:00+00:00, run_after=2026-03-25 00:00:00+00:00
[2026-03-25T11:17:13.538+0000] {processor.py:183} INFO - Processing /home/airflow/.local/lib/python3.12/site-packages/airflow/example_dags/example_branch_day_of_week_operator.py took 0.431 seconds
[2026-03-25T11:17:44.061+0000] {processor.py:161} INFO - Started process (PID=340) to work on /home/airflow/.local/lib/python3.12/site-packages/airflow/example_dags/example_branch_day_of_week_operator.py
[2026-03-25T11:17:44.062+0000] {processor.py:830} INFO - Processing file /home/airflow/.local/lib/python3.12/site-packages/airflow/example_dags/example_branch_day_of_week_operator.py for tasks to queue
[2026-03-25T11:17:44.064+0000] {logging_mixin.py:188} INFO - [2026-03-25T11:17:44.064+0000] {dagbag.py:540} INFO - Filling up the DagBag from /home/airflow/.local/lib/python3.12/site-packages/airflow/example_dags/example_branch_day_of_week_operator.py
[2026-03-25T11:17:44.072+0000] {processor.py:840} INFO - DAG(s) 'example_weekday_branch_operator' retrieved from /home/airflow/.local/lib/python3.12/site-packages/airflow/example_dags/example_branch_day_of_week_operator.py
[2026-03-25T11:17:44.092+0000] {logging_mixin.py:188} INFO - [2026-03-25T11:17:44.092+0000] {dag.py:3096} INFO - Sync 1 DAGs
[2026-03-25T11:17:44.114+0000] {logging_mixin.py:188} INFO - [2026-03-25T11:17:44.114+0000] {dag.py:3954} INFO - Setting next_dagrun for example_weekday_branch_operator to 2026-03-24 00:00:00+00:00, run_after=2026-03-25 00:00:00+00:00
[2026-03-25T11:17:44.154+0000] {processor.py:183} INFO - Processing /home/airflow/.local/lib/python3.12/site-packages/airflow/example_dags/example_branch_day_of_week_operator.py took 0.098 seconds
[2026-03-25T11:18:14.635+0000] {processor.py:161} INFO - Started process (PID=399) to work on /home/airflow/.local/lib/python3.12/site-packages/airflow/example_dags/example_branch_day_of_week_operator.py
[2026-03-25T11:18:14.636+0000] {processor.py:830} INFO - Processing file /home/airflow/.local/lib/python3.12/site-packages/airflow/example_dags/example_branch_day_of_week_operator.py for tasks to queue
[2026-03-25T11:18:14.638+0000] {logging_mixin.py:188} INFO - [2026-03-25T11:18:14.638+0000] {dagbag.py:540} INFO - Filling up the DagBag from /home/airflow/.local/lib/python3.12/site-packages/airflow/example_dags/example_branch_day_of_week_operator.py
[2026-03-25T11:18:14.645+0000] {processor.py:840} INFO - DAG(s) 'example_weekday_branch_operator' retrieved from /home/airflow/.local/lib/python3.12/site-packages/airflow/example_dags/example_branch_day_of_week_operator.py
[2026-03-25T11:18:14.666+0000] {logging_mixin.py:188} INFO - [2026-03-25T11:18:14.665+0000] {dag.py:3096} INFO - Sync 1 DAGs
[2026-03-25T11:18:14.687+0000] {logging_mixin.py:188} INFO - [2026-03-25T11:18:14.687+0000] {dag.py:3954} INFO - Setting next_dagrun for example_weekday_branch_operator to 2026-03-24 00:00:00+00:00, run_after=2026-03-25 00:00:00+00:00
[2026-03-25T11:18:14.728+0000] {processor.py:183} INFO - Processing /home/airflow/.local/lib/python3.12/site-packages/airflow/example_dags/example_branch_day_of_week_operator.py took 0.099 seconds
[2026-03-25T11:18:46.217+0000] {processor.py:161} INFO - Started process (PID=458) to work on /home/airflow/.local/lib/python3.12/site-packages/airflow/example_dags/example_branch_day_of_week_operator.py
[2026-03-25T11:18:46.218+0000] {processor.py:830} INFO - Processing file /home/airflow/.local/lib/python3.12/site-packages/airflow/example_dags/example_branch_day_of_week_operator.py for tasks to queue
[2026-03-25T11:18:46.220+0000] {logging_mixin.py:188} INFO - [2026-03-25T11:18:46.219+0000] {dagbag.py:540} INFO - Filling up the DagBag from /home/airflow/.local/lib/python3.12/site-packages/airflow/example_dags/example_branch_day_of_week_operator.py
[2026-03-25T11:18:46.227+0000] {processor.py:840} INFO - DAG(s) 'example_weekday_branch_operator' retrieved from /home/airflow/.local/lib/python3.12/site-packages/airflow/example_dags/example_branch_day_of_week_operator.py
[2026-03-25T11:18:46.249+0000] {logging_mixin.py:188} INFO - [2026-03-25T11:18:46.248+0000] {dag.py:3096} INFO - Sync 1 DAGs
[2026-03-25T11:18:46.272+0000] {logging_mixin.py:188} INFO - [2026-03-25T11:18:46.272+0000] {dag.py:3954} INFO - Setting next_dagrun for example_weekday_branch_operator to 2026-03-24 00:00:00+00:00, run_after=2026-03-25 00:00:00+00:00
[2026-03-25T11:18:46.318+0000] {processor.py:183} INFO - Processing /home/airflow/.local/lib/python3.12/site-packages/airflow/example_dags/example_branch_day_of_week_operator.py took 0.106 seconds
[2026-03-25T11:19:22.727+0000] {processor.py:161} INFO - Started process (PID=517) to work on /home/airflow/.local/lib/python3.12/site-packages/airflow/example_dags/example_branch_day_of_week_operator.py
[2026-03-25T11:19:22.733+0000] {processor.py:830} INFO - Processing file /home/airflow/.local/lib/python3.12/site-packages/airflow/example_dags/example_branch_day_of_week_operator.py for tasks to queue
[2026-03-25T11:19:22.743+0000] {logging_mixin.py:188} INFO - [2026-03-25T11:19:22.741+0000] {dagbag.py:540} INFO - Filling up the DagBag from /home/airflow/.local/lib/python3.12/site-packages/airflow/example_dags/example_branch_day_of_week_operator.py
[2026-03-25T11:19:22.779+0000] {processor.py:840} INFO - DAG(s) 'example_weekday_branch_operator' retrieved from /home/airflow/.local/lib/python3.12/site-packages/airflow/example_dags/example_branch_day_of_week_operator.py
[2026-03-25T11:19:22.877+0000] {logging_mixin.py:188} INFO - [2026-03-25T11:19:22.876+0000] {dag.py:3096} INFO - Sync 1 DAGs
[2026-03-25T11:19:23.020+0000] {logging_mixin.py:188} INFO - [2026-03-25T11:19:23.019+0000] {dag.py:3954} INFO - Setting next_dagrun for example_weekday_branch_operator to 2026-03-24 00:00:00+00:00, run_after=2026-03-25 00:00:00+00:00
[2026-03-25T11:19:23.160+0000] {processor.py:183} INFO - Processing /home/airflow/.local/lib/python3.12/site-packages/airflow/example_dags/example_branch_day_of_week_operator.py took 0.478 seconds
[2026-03-25T11:19:53.677+0000] {processor.py:161} INFO - Started process (PID=576) to work on /home/airflow/.local/lib/python3.12/site-packages/airflow/example_dags/example_branch_day_of_week_operator.py
[2026-03-25T11:19:53.678+0000] {processor.py:830} INFO - Processing file /home/airflow/.local/lib/python3.12/site-packages/airflow/example_dags/example_branch_day_of_week_operator.py for tasks to queue
[2026-03-25T11:19:53.681+0000] {logging_mixin.py:188} INFO - [2026-03-25T11:19:53.681+0000] {dagbag.py:540} INFO - Filling up the DagBag from /home/airflow/.local/lib/python3.12/site-packages/airflow/example_dags/example_branch_day_of_week_operator.py
[2026-03-25T11:19:53.690+0000] {processor.py:840} INFO - DAG(s) 'example_weekday_branch_operator' retrieved from /home/airflow/.local/lib/python3.12/site-packages/airflow/example_dags/example_branch_day_of_week_operator.py
[2026-03-25T11:19:53.712+0000] {logging_mixin.py:188} INFO - [2026-03-25T11:19:53.712+0000] {dag.py:3096} INFO - Sync 1 DAGs
[2026-03-25T11:19:53.736+0000] {logging_mixin.py:188} INFO - [2026-03-25T11:19:53.736+0000] {dag.py:3954} INFO - Setting next_dagrun for example_weekday_branch_operator to 2026-03-24 00:00:00+00:00, run_after=2026-03-25 00:00:00+00:00
[2026-03-25T11:19:53.774+0000] {processor.py:183} INFO - Processing /home/airflow/.local/lib/python3.12/site-packages/airflow/example_dags/example_branch_day_of_week_operator.py took 0.104 seconds
[2026-03-25T11:20:24.705+0000] {processor.py:161} INFO - Started process (PID=635) to work on /home/airflow/.local/lib/python3.12/site-packages/airflow/example_dags/example_branch_day_of_week_operator.py
[2026-03-25T11:20:24.706+0000] {processor.py:830} INFO - Processing file /home/airflow/.local/lib/python3.12/site-packages/airflow/example_dags/example_branch_day_of_week_operator.py for tasks to queue
[2026-03-25T11:20:24.708+0000] {logging_mixin.py:188} INFO - [2026-03-25T11:20:24.707+0000] {dagbag.py:540} INFO - Filling up the DagBag from /home/airflow/.local/lib/python3.12/site-packages/airflow/example_dags/example_branch_day_of_week_operator.py
[2026-03-25T11:20:24.715+0000] {processor.py:840} INFO - DAG(s) 'example_weekday_branch_operator' retrieved from /home/airflow/.local/lib/python3.12/site-packages/airflow/example_dags/example_branch_day_of_week_operator.py
[2026-03-25T11:20:24.737+0000] {logging_mixin.py:188} INFO - [2026-03-25T11:20:24.737+0000] {dag.py:3096} INFO - Sync 1 DAGs
[2026-03-25T11:20:24.759+0000] {logging_mixin.py:188} INFO - [2026-03-25T11:20:24.759+0000] {dag.py:3954} INFO - Setting next_dagrun for example_weekday_branch_operator to 2026-03-24 00:00:00+00:00, run_after=2026-03-25 00:00:00+00:00
[2026-03-25T11:20:24.805+0000] {processor.py:183} INFO - Processing /home/airflow/.local/lib/python3.12/site-packages/airflow/example_dags/example_branch_day_of_week_operator.py took 0.106 seconds
[2026-03-25T11:20:57.251+0000] {processor.py:161} INFO - Started process (PID=694) to work on /home/airflow/.local/lib/python3.12/site-packages/airflow/example_dags/example_branch_day_of_week_operator.py
[2026-03-25T11:20:57.253+0000] {processor.py:830} INFO - Processing file /home/airflow/.local/lib/python3.12/site-packages/airflow/example_dags/example_branch_day_of_week_operator.py for tasks to queue
[2026-03-25T11:20:57.256+0000] {logging_mixin.py:188} INFO - [2026-03-25T11:20:57.256+0000] {dagbag.py:540} INFO - Filling up the DagBag from /home/airflow/.local/lib/python3.12/site-packages/airflow/example_dags/example_branch_day_of_week_operator.py
[2026-03-25T11:20:57.267+0000] {processor.py:840} INFO - DAG(s) 'example_weekday_branch_operator' retrieved from /home/airflow/.local/lib/python3.12/site-packages/airflow/example_dags/example_branch_day_of_week_operator.py
[2026-03-25T11:20:57.303+0000] {logging_mixin.py:188} INFO - [2026-03-25T11:20:57.302+0000] {dag.py:3096} INFO - Sync 1 DAGs
[2026-03-25T11:20:57.337+0000] {logging_mixin.py:188} INFO - [2026-03-25T11:20:57.337+0000] {dag.py:3954} INFO - Setting next_dagrun for example_weekday_branch_operator to 2026-03-24 00:00:00+00:00, run_after=2026-03-25 00:00:00+00:00
[2026-03-25T11:20:57.386+0000] {processor.py:183} INFO - Processing /home/airflow/.local/lib/python3.12/site-packages/airflow/example_dags/example_branch_day_of_week_operator.py took 0.144 seconds
[2026-03-25T11:21:30.065+0000] {processor.py:161} INFO - Started process (PID=753) to work on /home/airflow/.local/lib/python3.12/site-packages/airflow/example_dags/example_branch_day_of_week_operator.py
[2026-03-25T11:21:30.066+0000] {processor.py:830} INFO - Processing file /home/airflow/.local/lib/python3.12/site-packages/airflow/example_dags/example_branch_day_of_week_operator.py for tasks to queue
[2026-03-25T11:21:30.068+0000] {logging_mixin.py:188} INFO - [2026-03-25T11:21:30.068+0000] {dagbag.py:540} INFO - Filling up the DagBag from /home/airflow/.local/lib/python3.12/site-packages/airflow/example_dags/example_branch_day_of_week_operator.py
[2026-03-25T11:21:30.076+0000] {processor.py:840} INFO - DAG(s) 'example_weekday_branch_operator' retrieved from /home/airflow/.local/lib/python3.12/site-packages/airflow/example_dags/example_branch_day_of_week_operator.py
[2026-03-25T11:21:30.096+0000] {logging_mixin.py:188} INFO - [2026-03-25T11:21:30.095+0000] {dag.py:3096} INFO - Sync 1 DAGs
[2026-03-25T11:21:30.117+0000] {logging_mixin.py:188} INFO - [2026-03-25T11:21:30.117+0000] {dag.py:3954} INFO - Setting next_dagrun for example_weekday_branch_operator to 2026-03-24 00:00:00+00:00, run_after=2026-03-25 00:00:00+00:00
[2026-03-25T11:21:30.159+0000] {processor.py:183} INFO - Processing /home/airflow/.local/lib/python3.12/site-packages/airflow/example_dags/example_branch_day_of_week_operator.py took 0.100 seconds
[2026-03-25T11:22:03.514+0000] {processor.py:161} INFO - Started process (PID=812) to work on /home/airflow/.local/lib/python3.12/site-packages/airflow/example_dags/example_branch_day_of_week_operator.py
[2026-03-25T11:22:03.515+0000] {processor.py:830} INFO - Processing file /home/airflow/.local/lib/python3.12/site-packages/airflow/example_dags/example_branch_day_of_week_operator.py for tasks to queue
[2026-03-25T11:22:03.517+0000] {logging_mixin.py:188} INFO - [2026-03-25T11:22:03.517+0000] {dagbag.py:540} INFO - Filling up the DagBag from /home/airflow/.local/lib/python3.12/site-packages/airflow/example_dags/example_branch_day_of_week_operator.py
[2026-03-25T11:22:03.525+0000] {processor.py:840} INFO - DAG(s) 'example_weekday_branch_operator' retrieved from /home/airflow/.local/lib/python3.12/site-packages/airflow/example_dags/example_branch_day_of_week_operator.py
[2026-03-25T11:22:03.549+0000] {logging_mixin.py:188} INFO - [2026-03-25T11:22:03.549+0000] {dag.py:3096} INFO - Sync 1 DAGs
[2026-03-25T11:22:03.577+0000] {logging_mixin.py:188} INFO - [2026-03-25T11:22:03.576+0000] {dag.py:3954} INFO - Setting next_dagrun for example_weekday_branch_operator to 2026-03-24 00:00:00+00:00, run_after=2026-03-25 00:00:00+00:00
[2026-03-25T11:22:03.620+0000] {processor.py:183} INFO - Processing /home/airflow/.local/lib/python3.12/site-packages/airflow/example_dags/example_branch_day_of_week_operator.py took 0.113 seconds
[2026-03-25T11:22:35.484+0000] {processor.py:161} INFO - Started process (PID=871) to work on /home/airflow/.local/lib/python3.12/site-packages/airflow/example_dags/example_branch_day_of_week_operator.py
[2026-03-25T11:22:35.485+0000] {processor.py:830} INFO - Processing file /home/airflow/.local/lib/python3.12/site-packages/airflow/example_dags/example_branch_day_of_week_operator.py for tasks to queue
[2026-03-25T11:22:35.487+0000] {logging_mixin.py:188} INFO - [2026-03-25T11:22:35.486+0000] {dagbag.py:540} INFO - Filling up the DagBag from /home/airflow/.local/lib/python3.12/site-packages/airflow/example_dags/example_branch_day_of_week_operator.py
[2026-03-25T11:22:35.494+0000] {processor.py:840} INFO - DAG(s) 'example_weekday_branch_operator' retrieved from /home/airflow/.local/lib/python3.12/site-packages/airflow/example_dags/example_branch_day_of_week_operator.py
[2026-03-25T11:22:35.515+0000] {logging_mixin.py:188} INFO - [2026-03-25T11:22:35.515+0000] {dag.py:3096} INFO - Sync 1 DAGs
[2026-03-25T11:22:35.538+0000] {logging_mixin.py:188} INFO - [2026-03-25T11:22:35.538+0000] {dag.py:3954} INFO - Setting next_dagrun for example_weekday_branch_operator to 2026-03-24 00:00:00+00:00, run_after=2026-03-25 00:00:00+00:00
[2026-03-25T11:22:35.578+0000] {processor.py:183} INFO - Processing /home/airflow/.local/lib/python3.12/site-packages/airflow/example_dags/example_branch_day_of_week_operator.py took 0.099 seconds
[2026-03-25T11:23:09.314+0000] {processor.py:161} INFO - Started process (PID=930) to work on /home/airflow/.local/lib/python3.12/site-packages/airflow/example_dags/example_branch_day_of_week_operator.py
[2026-03-25T11:23:09.316+0000] {processor.py:830} INFO - Processing file /home/airflow/.local/lib/python3.12/site-packages/airflow/example_dags/example_branch_day_of_week_operator.py for tasks to queue
[2026-03-25T11:23:09.319+0000] {logging_mixin.py:188} INFO - [2026-03-25T11:23:09.318+0000] {dagbag.py:540} INFO - Filling up the DagBag from /home/airflow/.local/lib/python3.12/site-packages/airflow/example_dags/example_branch_day_of_week_operator.py
[2026-03-25T11:23:09.329+0000] {processor.py:840} INFO - DAG(s) 'example_weekday_branch_operator' retrieved from /home/airflow/.local/lib/python3.12/site-packages/airflow/example_dags/example_branch_day_of_week_operator.py
[2026-03-25T11:23:09.355+0000] {logging_mixin.py:188} INFO - [2026-03-25T11:23:09.354+0000] {dag.py:3096} INFO - Sync 1 DAGs
[2026-03-25T11:23:09.383+0000] {logging_mixin.py:188} INFO - [2026-03-25T11:23:09.382+0000] {dag.py:3954} INFO - Setting next_dagrun for example_weekday_branch_operator to 2026-03-24 00:00:00+00:00, run_after=2026-03-25 00:00:00+00:00
[2026-03-25T11:23:09.429+0000] {processor.py:183} INFO - Processing /home/airflow/.local/lib/python3.12/site-packages/airflow/example_dags/example_branch_day_of_week_operator.py took 0.124 seconds
[2026-03-25T11:23:41.295+0000] {processor.py:161} INFO - Started process (PID=989) to work on /home/airflow/.local/lib/python3.12/site-packages/airflow/example_dags/example_branch_day_of_week_operator.py
[2026-03-25T11:23:41.296+0000] {processor.py:830} INFO - Processing file /home/airflow/.local/lib/python3.12/site-packages/airflow/example_dags/example_branch_day_of_week_operator.py for tasks to queue
[2026-03-25T11:23:41.298+0000] {logging_mixin.py:188} INFO - [2026-03-25T11:23:41.298+0000] {dagbag.py:540} INFO - Filling up the DagBag from /home/airflow/.local/lib/python3.12/site-packages/airflow/example_dags/example_branch_day_of_week_operator.py
[2026-03-25T11:23:41.306+0000] {processor.py:840} INFO - DAG(s) 'example_weekday_branch_operator' retrieved from /home/airflow/.local/lib/python3.12/site-packages/airflow/example_dags/example_branch_day_of_week_operator.py
[2026-03-25T11:23:41.329+0000] {logging_mixin.py:188} INFO - [2026-03-25T11:23:41.329+0000] {dag.py:3096} INFO - Sync 1 DAGs
[2026-03-25T11:23:41.352+0000] {logging_mixin.py:188} INFO - [2026-03-25T11:23:41.351+0000] {dag.py:3954} INFO - Setting next_dagrun for example_weekday_branch_operator to 2026-03-24 00:00:00+00:00, run_after=2026-03-25 00:00:00+00:00
[2026-03-25T11:23:41.402+0000] {processor.py:183} INFO - Processing /home/airflow/.local/lib/python3.12/site-packages/airflow/example_dags/example_branch_day_of_week_operator.py took 0.113 seconds
[2026-03-25T11:24:13.383+0000] {processor.py:161} INFO - Started process (PID=1048) to work on /home/airflow/.local/lib/python3.12/site-packages/airflow/example_dags/example_branch_day_of_week_operator.py
[2026-03-25T11:24:13.384+0000] {processor.py:830} INFO - Processing file /home/airflow/.local/lib/python3.12/site-packages/airflow/example_dags/example_branch_day_of_week_operator.py for tasks to queue
[2026-03-25T11:24:13.387+0000] {logging_mixin.py:188} INFO - [2026-03-25T11:24:13.386+0000] {dagbag.py:540} INFO - Filling up the DagBag from /home/airflow/.local/lib/python3.12/site-packages/airflow/example_dags/example_branch_day_of_week_operator.py
[2026-03-25T11:24:13.396+0000] {processor.py:840} INFO - DAG(s) 'example_weekday_branch_operator' retrieved from /home/airflow/.local/lib/python3.12/site-packages/airflow/example_dags/example_branch_day_of_week_operator.py
[2026-03-25T11:24:13.421+0000] {logging_mixin.py:188} INFO - [2026-03-25T11:24:13.421+0000] {dag.py:3096} INFO - Sync 1 DAGs
[2026-03-25T11:24:13.454+0000] {logging_mixin.py:188} INFO - [2026-03-25T11:24:13.454+0000] {dag.py:3954} INFO - Setting next_dagrun for example_weekday_branch_operator to 2026-03-24 00:00:00+00:00, run_after=2026-03-25 00:00:00+00:00
[2026-03-25T11:24:13.514+0000] {processor.py:183} INFO - Processing /home/airflow/.local/lib/python3.12/site-packages/airflow/example_dags/example_branch_day_of_week_operator.py took 0.139 seconds
[2026-03-25T11:24:48.287+0000] {processor.py:161} INFO - Started process (PID=1108) to work on /home/airflow/.local/lib/python3.12/site-packages/airflow/example_dags/example_branch_day_of_week_operator.py
[2026-03-25T11:24:48.289+0000] {processor.py:830} INFO - Processing file /home/airflow/.local/lib/python3.12/site-packages/airflow/example_dags/example_branch_day_of_week_operator.py for tasks to queue
[2026-03-25T11:24:48.292+0000] {logging_mixin.py:188} INFO - [2026-03-25T11:24:48.291+0000] {dagbag.py:540} INFO - Filling up the DagBag from /home/airflow/.local/lib/python3.12/site-packages/airflow/example_dags/example_branch_day_of_week_operator.py
[2026-03-25T11:24:48.306+0000] {processor.py:840} INFO - DAG(s) 'example_weekday_branch_operator' retrieved from /home/airflow/.local/lib/python3.12/site-packages/airflow/example_dags/example_branch_day_of_week_operator.py
[2026-03-25T11:24:48.345+0000] {logging_mixin.py:188} INFO - [2026-03-25T11:24:48.344+0000] {dag.py:3096} INFO - Sync 1 DAGs
[2026-03-25T11:24:48.411+0000] {logging_mixin.py:188} INFO - [2026-03-25T11:24:48.411+0000] {dag.py:3954} INFO - Setting next_dagrun for example_weekday_branch_operator to 2026-03-24 00:00:00+00:00, run_after=2026-03-25 00:00:00+00:00
[2026-03-25T11:24:48.501+0000] {processor.py:183} INFO - Processing /home/airflow/.local/lib/python3.12/site-packages/airflow/example_dags/example_branch_day_of_week_operator.py took 0.222 seconds
[2026-03-25T11:25:19.077+0000] {processor.py:161} INFO - Started process (PID=1167) to work on /home/airflow/.local/lib/python3.12/site-packages/airflow/example_dags/example_branch_day_of_week_operator.py
[2026-03-25T11:25:19.078+0000] {processor.py:830} INFO - Processing file /home/airflow/.local/lib/python3.12/site-packages/airflow/example_dags/example_branch_day_of_week_operator.py for tasks to queue
[2026-03-25T11:25:19.080+0000] {logging_mixin.py:188} INFO - [2026-03-25T11:25:19.080+0000] {dagbag.py:540} INFO - Filling up the DagBag from /home/airflow/.local/lib/python3.12/site-packages/airflow/example_dags/example_branch_day_of_week_operator.py
[2026-03-25T11:25:19.088+0000] {processor.py:840} INFO - DAG(s) 'example_weekday_branch_operator' retrieved from /home/airflow/.local/lib/python3.12/site-packages/airflow/example_dags/example_branch_day_of_week_operator.py
[2026-03-25T11:25:19.110+0000] {logging_mixin.py:188} INFO - [2026-03-25T11:25:19.110+0000] {dag.py:3096} INFO - Sync 1 DAGs
[2026-03-25T11:25:19.136+0000] {logging_mixin.py:188} INFO - [2026-03-25T11:25:19.136+0000] {dag.py:3954} INFO - Setting next_dagrun for example_weekday_branch_operator to 2026-03-24 00:00:00+00:00, run_after=2026-03-25 00:00:00+00:00
[2026-03-25T11:25:19.181+0000] {processor.py:183} INFO - Processing /home/airflow/.local/lib/python3.12/site-packages/airflow/example_dags/example_branch_day_of_week_operator.py took 0.110 seconds
[2026-03-25T11:25:52.036+0000] {processor.py:161} INFO - Started process (PID=1226) to work on /home/airflow/.local/lib/python3.12/site-packages/airflow/example_dags/example_branch_day_of_week_operator.py
[2026-03-25T11:25:52.037+0000] {processor.py:830} INFO - Processing file /home/airflow/.local/lib/python3.12/site-packages/airflow/example_dags/example_branch_day_of_week_operator.py for tasks to queue
[2026-03-25T11:25:52.039+0000] {logging_mixin.py:188} INFO - [2026-03-25T11:25:52.038+0000] {dagbag.py:540} INFO - Filling up the DagBag from /home/airflow/.local/lib/python3.12/site-packages/airflow/example_dags/example_branch_day_of_week_operator.py
[2026-03-25T11:25:52.046+0000] {processor.py:840} INFO - DAG(s) 'example_weekday_branch_operator' retrieved from /home/airflow/.local/lib/python3.12/site-packages/airflow/example_dags/example_branch_day_of_week_operator.py
[2026-03-25T11:25:52.066+0000] {logging_mixin.py:188} INFO - [2026-03-25T11:25:52.066+0000] {dag.py:3096} INFO - Sync 1 DAGs
[2026-03-25T11:25:52.089+0000] {logging_mixin.py:188} INFO - [2026-03-25T11:25:52.089+0000] {dag.py:3954} INFO - Setting next_dagrun for example_weekday_branch_operator to 2026-03-24 00:00:00+00:00, run_after=2026-03-25 00:00:00+00:00
[2026-03-25T11:25:52.125+0000] {processor.py:183} INFO - Processing /home/airflow/.local/lib/python3.12/site-packages/airflow/example_dags/example_branch_day_of_week_operator.py took 0.095 seconds
[2026-03-25T11:26:24.883+0000] {processor.py:161} INFO - Started process (PID=1286) to work on /home/airflow/.local/lib/python3.12/site-packages/airflow/example_dags/example_branch_day_of_week_operator.py
[2026-03-25T11:26:24.884+0000] {processor.py:830} INFO - Processing file /home/airflow/.local/lib/python3.12/site-packages/airflow/example_dags/example_branch_day_of_week_operator.py for tasks to queue
[2026-03-25T11:26:24.887+0000] {logging_mixin.py:188} INFO - [2026-03-25T11:26:24.887+0000] {dagbag.py:540} INFO - Filling up the DagBag from /home/airflow/.local/lib/python3.12/site-packages/airflow/example_dags/example_branch_day_of_week_operator.py
[2026-03-25T11:26:24.895+0000] {processor.py:840} INFO - DAG(s) 'example_weekday_branch_operator' retrieved from /home/airflow/.local/lib/python3.12/site-packages/airflow/example_dags/example_branch_day_of_week_operator.py
[2026-03-25T11:26:24.916+0000] {logging_mixin.py:188} INFO - [2026-03-25T11:26:24.915+0000] {dag.py:3096} INFO - Sync 1 DAGs
[2026-03-25T11:26:24.940+0000] {logging_mixin.py:188} INFO - [2026-03-25T11:26:24.939+0000] {dag.py:3954} INFO - Setting next_dagrun for example_weekday_branch_operator to 2026-03-24 00:00:00+00:00, run_after=2026-03-25 00:00:00+00:00
[2026-03-25T11:26:24.982+0000] {processor.py:183} INFO - Processing /home/airflow/.local/lib/python3.12/site-packages/airflow/example_dags/example_branch_day_of_week_operator.py took 0.104 seconds
[2026-03-25T11:26:57.847+0000] {processor.py:161} INFO - Started process (PID=1345) to work on /home/airflow/.local/lib/python3.12/site-packages/airflow/example_dags/example_branch_day_of_week_operator.py
[2026-03-25T11:26:57.848+0000] {processor.py:830} INFO - Processing file /home/airflow/.local/lib/python3.12/site-packages/airflow/example_dags/example_branch_day_of_week_operator.py for tasks to queue
[2026-03-25T11:26:57.850+0000] {logging_mixin.py:188} INFO - [2026-03-25T11:26:57.850+0000] {dagbag.py:540} INFO - Filling up the DagBag from /home/airflow/.local/lib/python3.12/site-packages/airflow/example_dags/example_branch_day_of_week_operator.py
[2026-03-25T11:26:57.860+0000] {processor.py:840} INFO - DAG(s) 'example_weekday_branch_operator' retrieved from /home/airflow/.local/lib/python3.12/site-packages/airflow/example_dags/example_branch_day_of_week_operator.py
[2026-03-25T11:26:57.887+0000] {logging_mixin.py:188} INFO - [2026-03-25T11:26:57.887+0000] {dag.py:3096} INFO - Sync 1 DAGs
[2026-03-25T11:26:57.916+0000] {logging_mixin.py:188} INFO - [2026-03-25T11:26:57.915+0000] {dag.py:3954} INFO - Setting next_dagrun for example_weekday_branch_operator to 2026-03-24 00:00:00+00:00, run_after=2026-03-25 00:00:00+00:00
[2026-03-25T11:26:58.014+0000] {processor.py:183} INFO - Processing /home/airflow/.local/lib/python3.12/site-packages/airflow/example_dags/example_branch_day_of_week_operator.py took 0.176 seconds
[2026-03-25T11:27:33.507+0000] {processor.py:161} INFO - Started process (PID=1416) to work on /home/airflow/.local/lib/python3.12/site-packages/airflow/example_dags/example_branch_day_of_week_operator.py
[2026-03-25T11:27:33.508+0000] {processor.py:830} INFO - Processing file /home/airflow/.local/lib/python3.12/site-packages/airflow/example_dags/example_branch_day_of_week_operator.py for tasks to queue
[2026-03-25T11:27:33.510+0000] {logging_mixin.py:188} INFO - [2026-03-25T11:27:33.510+0000] {dagbag.py:540} INFO - Filling up the DagBag from /home/airflow/.local/lib/python3.12/site-packages/airflow/example_dags/example_branch_day_of_week_operator.py
[2026-03-25T11:27:33.519+0000] {processor.py:840} INFO - DAG(s) 'example_weekday_branch_operator' retrieved from /home/airflow/.local/lib/python3.12/site-packages/airflow/example_dags/example_branch_day_of_week_operator.py
[2026-03-25T11:27:33.549+0000] {logging_mixin.py:188} INFO - [2026-03-25T11:27:33.548+0000] {dag.py:3096} INFO - Sync 1 DAGs
[2026-03-25T11:27:33.589+0000] {logging_mixin.py:188} INFO - [2026-03-25T11:27:33.588+0000] {dag.py:3954} INFO - Setting next_dagrun for example_weekday_branch_operator to 2026-03-24 00:00:00+00:00, run_after=2026-03-25 00:00:00+00:00
[2026-03-25T11:27:33.646+0000] {processor.py:183} INFO - Processing /home/airflow/.local/lib/python3.12/site-packages/airflow/example_dags/example_branch_day_of_week_operator.py took 0.148 seconds
[2026-03-25T11:28:04.155+0000] {processor.py:161} INFO - Started process (PID=1475) to work on /home/airflow/.local/lib/python3.12/site-packages/airflow/example_dags/example_branch_day_of_week_operator.py
[2026-03-25T11:28:04.156+0000] {processor.py:830} INFO - Processing file /home/airflow/.local/lib/python3.12/site-packages/airflow/example_dags/example_branch_day_of_week_operator.py for tasks to queue
[2026-03-25T11:28:04.158+0000] {logging_mixin.py:188} INFO - [2026-03-25T11:28:04.158+0000] {dagbag.py:540} INFO - Filling up the DagBag from /home/airflow/.local/lib/python3.12/site-packages/airflow/example_dags/example_branch_day_of_week_operator.py
[2026-03-25T11:28:04.166+0000] {processor.py:840} INFO - DAG(s) 'example_weekday_branch_operator' retrieved from /home/airflow/.local/lib/python3.12/site-packages/airflow/example_dags/example_branch_day_of_week_operator.py
[2026-03-25T11:28:04.187+0000] {logging_mixin.py:188} INFO - [2026-03-25T11:28:04.187+0000] {dag.py:3096} INFO - Sync 1 DAGs
[2026-03-25T11:28:04.211+0000] {logging_mixin.py:188} INFO - [2026-03-25T11:28:04.211+0000] {dag.py:3954} INFO - Setting next_dagrun for example_weekday_branch_operator to 2026-03-24 00:00:00+00:00, run_after=2026-03-25 00:00:00+00:00
[2026-03-25T11:28:04.258+0000] {processor.py:183} INFO - Processing /home/airflow/.local/lib/python3.12/site-packages/airflow/example_dags/example_branch_day_of_week_operator.py took 0.109 seconds
[2026-03-25T11:28:38.952+0000] {processor.py:161} INFO - Started process (PID=1534) to work on /home/airflow/.local/lib/python3.12/site-packages/airflow/example_dags/example_branch_day_of_week_operator.py
[2026-03-25T11:28:38.953+0000] {processor.py:830} INFO - Processing file /home/airflow/.local/lib/python3.12/site-packages/airflow/example_dags/example_branch_day_of_week_operator.py for tasks to queue
[2026-03-25T11:28:38.956+0000] {logging_mixin.py:188} INFO - [2026-03-25T11:28:38.956+0000] {dagbag.py:540} INFO - Filling up the DagBag from /home/airflow/.local/lib/python3.12/site-packages/airflow/example_dags/example_branch_day_of_week_operator.py
[2026-03-25T11:28:38.970+0000] {processor.py:840} INFO - DAG(s) 'example_weekday_branch_operator' retrieved from /home/airflow/.local/lib/python3.12/site-packages/airflow/example_dags/example_branch_day_of_week_operator.py
[2026-03-25T11:28:39.001+0000] {logging_mixin.py:188} INFO - [2026-03-25T11:28:39.001+0000] {dag.py:3096} INFO - Sync 1 DAGs
[2026-03-25T11:28:39.033+0000] {logging_mixin.py:188} INFO - [2026-03-25T11:28:39.033+0000] {dag.py:3954} INFO - Setting next_dagrun for example_weekday_branch_operator to 2026-03-24 00:00:00+00:00, run_after=2026-03-25 00:00:00+00:00
[2026-03-25T11:28:39.117+0000] {processor.py:183} INFO - Processing /home/airflow/.local/lib/python3.12/site-packages/airflow/example_dags/example_branch_day_of_week_operator.py took 0.173 seconds
[2026-03-25T11:29:11.406+0000] {processor.py:161} INFO - Started process (PID=1593) to work on /home/airflow/.local/lib/python3.12/site-packages/airflow/example_dags/example_branch_day_of_week_operator.py
[2026-03-25T11:29:11.407+0000] {processor.py:830} INFO - Processing file /home/airflow/.local/lib/python3.12/site-packages/airflow/example_dags/example_branch_day_of_week_operator.py for tasks to queue
[2026-03-25T11:29:11.409+0000] {logging_mixin.py:188} INFO - [2026-03-25T11:29:11.409+0000] {dagbag.py:540} INFO - Filling up the DagBag from /home/airflow/.local/lib/python3.12/site-packages/airflow/example_dags/example_branch_day_of_week_operator.py
[2026-03-25T11:29:11.416+0000] {processor.py:840} INFO - DAG(s) 'example_weekday_branch_operator' retrieved from /home/airflow/.local/lib/python3.12/site-packages/airflow/example_dags/example_branch_day_of_week_operator.py
[2026-03-25T11:29:11.439+0000] {logging_mixin.py:188} INFO - [2026-03-25T11:29:11.439+0000] {dag.py:3096} INFO - Sync 1 DAGs
[2026-03-25T11:29:11.462+0000] {logging_mixin.py:188} INFO - [2026-03-25T11:29:11.462+0000] {dag.py:3954} INFO - Setting next_dagrun for example_weekday_branch_operator to 2026-03-24 00:00:00+00:00, run_after=2026-03-25 00:00:00+00:00
[2026-03-25T11:29:11.504+0000] {processor.py:183} INFO - Processing /home/airflow/.local/lib/python3.12/site-packages/airflow/example_dags/example_branch_day_of_week_operator.py took 0.103 seconds
[2026-03-25T11:29:42.216+0000] {processor.py:161} INFO - Started process (PID=1652) to work on /home/airflow/.local/lib/python3.12/site-packages/airflow/example_dags/example_branch_day_of_week_operator.py
[2026-03-25T11:29:42.218+0000] {processor.py:830} INFO - Processing file /home/airflow/.local/lib/python3.12/site-packages/airflow/example_dags/example_branch_day_of_week_operator.py for tasks to queue
[2026-03-25T11:29:42.224+0000] {logging_mixin.py:188} INFO - [2026-03-25T11:29:42.223+0000] {dagbag.py:540} INFO - Filling up the DagBag from /home/airflow/.local/lib/python3.12/site-packages/airflow/example_dags/example_branch_day_of_week_operator.py
[2026-03-25T11:29:42.242+0000] {processor.py:840} INFO - DAG(s) 'example_weekday_branch_operator' retrieved from /home/airflow/.local/lib/python3.12/site-packages/airflow/example_dags/example_branch_day_of_week_operator.py
[2026-03-25T11:29:42.291+0000] {logging_mixin.py:188} INFO - [2026-03-25T11:29:42.291+0000] {dag.py:3096} INFO - Sync 1 DAGs
[2026-03-25T11:29:42.352+0000] {logging_mixin.py:188} INFO - [2026-03-25T11:29:42.352+0000] {dag.py:3954} INFO - Setting next_dagrun for example_weekday_branch_operator to 2026-03-24 00:00:00+00:00, run_after=2026-03-25 00:00:00+00:00
[2026-03-25T11:29:42.423+0000] {processor.py:183} INFO - Processing /home/airflow/.local/lib/python3.12/site-packages/airflow/example_dags/example_branch_day_of_week_operator.py took 0.219 seconds
[2026-03-25T11:30:13.968+0000] {processor.py:161} INFO - Started process (PID=1711) to work on /home/airflow/.local/lib/python3.12/site-packages/airflow/example_dags/example_branch_day_of_week_operator.py
[2026-03-25T11:30:13.970+0000] {processor.py:830} INFO - Processing file /home/airflow/.local/lib/python3.12/site-packages/airflow/example_dags/example_branch_day_of_week_operator.py for tasks to queue
[2026-03-25T11:30:13.973+0000] {logging_mixin.py:188} INFO - [2026-03-25T11:30:13.972+0000] {dagbag.py:540} INFO - Filling up the DagBag from /home/airflow/.local/lib/python3.12/site-packages/airflow/example_dags/example_branch_day_of_week_operator.py
[2026-03-25T11:30:13.983+0000] {processor.py:840} INFO - DAG(s) 'example_weekday_branch_operator' retrieved from /home/airflow/.local/lib/python3.12/site-packages/airflow/example_dags/example_branch_day_of_week_operator.py
[2026-03-25T11:30:14.014+0000] {logging_mixin.py:188} INFO - [2026-03-25T11:30:14.014+0000] {dag.py:3096} INFO - Sync 1 DAGs
[2026-03-25T11:30:14.046+0000] {logging_mixin.py:188} INFO - [2026-03-25T11:30:14.046+0000] {dag.py:3954} INFO - Setting next_dagrun for example_weekday_branch_operator to 2026-03-24 00:00:00+00:00, run_after=2026-03-25 00:00:00+00:00
[2026-03-25T11:30:14.111+0000] {processor.py:183} INFO - Processing /home/airflow/.local/lib/python3.12/site-packages/airflow/example_dags/example_branch_day_of_week_operator.py took 0.150 seconds
[2026-03-25T11:30:44.873+0000] {processor.py:161} INFO - Started process (PID=1770) to work on /home/airflow/.local/lib/python3.12/site-packages/airflow/example_dags/example_branch_day_of_week_operator.py
[2026-03-25T11:30:44.874+0000] {processor.py:830} INFO - Processing file /home/airflow/.local/lib/python3.12/site-packages/airflow/example_dags/example_branch_day_of_week_operator.py for tasks to queue
[2026-03-25T11:30:44.876+0000] {logging_mixin.py:188} INFO - [2026-03-25T11:30:44.876+0000] {dagbag.py:540} INFO - Filling up the DagBag from /home/airflow/.local/lib/python3.12/site-packages/airflow/example_dags/example_branch_day_of_week_operator.py
[2026-03-25T11:30:44.883+0000] {processor.py:840} INFO - DAG(s) 'example_weekday_branch_operator' retrieved from /home/airflow/.local/lib/python3.12/site-packages/airflow/example_dags/example_branch_day_of_week_operator.py
[2026-03-25T11:30:44.908+0000] {logging_mixin.py:188} INFO - [2026-03-25T11:30:44.907+0000] {dag.py:3096} INFO - Sync 1 DAGs
[2026-03-25T11:30:44.931+0000] {logging_mixin.py:188} INFO - [2026-03-25T11:30:44.931+0000] {dag.py:3954} INFO - Setting next_dagrun for example_weekday_branch_operator to 2026-03-24 00:00:00+00:00, run_after=2026-03-25 00:00:00+00:00
[2026-03-25T11:30:44.978+0000] {processor.py:183} INFO - Processing /home/airflow/.local/lib/python3.12/site-packages/airflow/example_dags/example_branch_day_of_week_operator.py took 0.110 seconds
[2026-03-25T11:31:17.059+0000] {processor.py:161} INFO - Started process (PID=1823) to work on /home/airflow/.local/lib/python3.12/site-packages/airflow/example_dags/example_branch_day_of_week_operator.py
[2026-03-25T11:31:17.060+0000] {processor.py:830} INFO - Processing file /home/airflow/.local/lib/python3.12/site-packages/airflow/example_dags/example_branch_day_of_week_operator.py for tasks to queue
[2026-03-25T11:31:17.062+0000] {logging_mixin.py:188} INFO - [2026-03-25T11:31:17.061+0000] {dagbag.py:540} INFO - Filling up the DagBag from /home/airflow/.local/lib/python3.12/site-packages/airflow/example_dags/example_branch_day_of_week_operator.py
[2026-03-25T11:31:17.069+0000] {processor.py:840} INFO - DAG(s) 'example_weekday_branch_operator' retrieved from /home/airflow/.local/lib/python3.12/site-packages/airflow/example_dags/example_branch_day_of_week_operator.py
[2026-03-25T11:31:17.090+0000] {logging_mixin.py:188} INFO - [2026-03-25T11:31:17.089+0000] {dag.py:3096} INFO - Sync 1 DAGs
[2026-03-25T11:31:17.112+0000] {logging_mixin.py:188} INFO - [2026-03-25T11:31:17.112+0000] {dag.py:3954} INFO - Setting next_dagrun for example_weekday_branch_operator to 2026-03-24 00:00:00+00:00, run_after=2026-03-25 00:00:00+00:00
[2026-03-25T11:31:17.197+0000] {processor.py:183} INFO - Processing /home/airflow/.local/lib/python3.12/site-packages/airflow/example_dags/example_branch_day_of_week_operator.py took 0.144 seconds
[2026-03-25T11:31:50.339+0000] {processor.py:161} INFO - Started process (PID=1888) to work on /home/airflow/.local/lib/python3.12/site-packages/airflow/example_dags/example_branch_day_of_week_operator.py
[2026-03-25T11:31:50.340+0000] {processor.py:830} INFO - Processing file /home/airflow/.local/lib/python3.12/site-packages/airflow/example_dags/example_branch_day_of_week_operator.py for tasks to queue
[2026-03-25T11:31:50.342+0000] {logging_mixin.py:188} INFO - [2026-03-25T11:31:50.342+0000] {dagbag.py:540} INFO - Filling up the DagBag from /home/airflow/.local/lib/python3.12/site-packages/airflow/example_dags/example_branch_day_of_week_operator.py
[2026-03-25T11:31:50.352+0000] {processor.py:840} INFO - DAG(s) 'example_weekday_branch_operator' retrieved from /home/airflow/.local/lib/python3.12/site-packages/airflow/example_dags/example_branch_day_of_week_operator.py
[2026-03-25T11:31:50.376+0000] {logging_mixin.py:188} INFO - [2026-03-25T11:31:50.375+0000] {dag.py:3096} INFO - Sync 1 DAGs
[2026-03-25T11:31:50.404+0000] {logging_mixin.py:188} INFO - [2026-03-25T11:31:50.403+0000] {dag.py:3954} INFO - Setting next_dagrun for example_weekday_branch_operator to 2026-03-24 00:00:00+00:00, run_after=2026-03-25 00:00:00+00:00
[2026-03-25T11:31:50.449+0000] {processor.py:183} INFO - Processing /home/airflow/.local/lib/python3.12/site-packages/airflow/example_dags/example_branch_day_of_week_operator.py took 0.118 seconds
[2026-03-25T11:32:23.137+0000] {processor.py:161} INFO - Started process (PID=1947) to work on /home/airflow/.local/lib/python3.12/site-packages/airflow/example_dags/example_branch_day_of_week_operator.py
[2026-03-25T11:32:23.138+0000] {processor.py:830} INFO - Processing file /home/airflow/.local/lib/python3.12/site-packages/airflow/example_dags/example_branch_day_of_week_operator.py for tasks to queue
[2026-03-25T11:32:23.140+0000] {logging_mixin.py:188} INFO - [2026-03-25T11:32:23.140+0000] {dagbag.py:540} INFO - Filling up the DagBag from /home/airflow/.local/lib/python3.12/site-packages/airflow/example_dags/example_branch_day_of_week_operator.py
[2026-03-25T11:32:23.147+0000] {processor.py:840} INFO - DAG(s) 'example_weekday_branch_operator' retrieved from /home/airflow/.local/lib/python3.12/site-packages/airflow/example_dags/example_branch_day_of_week_operator.py
[2026-03-25T11:32:23.169+0000] {logging_mixin.py:188} INFO - [2026-03-25T11:32:23.169+0000] {dag.py:3096} INFO - Sync 1 DAGs
[2026-03-25T11:32:23.191+0000] {logging_mixin.py:188} INFO - [2026-03-25T11:32:23.190+0000] {dag.py:3954} INFO - Setting next_dagrun for example_weekday_branch_operator to 2026-03-24 00:00:00+00:00, run_after=2026-03-25 00:00:00+00:00
[2026-03-25T11:32:23.292+0000] {processor.py:183} INFO - Processing /home/airflow/.local/lib/python3.12/site-packages/airflow/example_dags/example_branch_day_of_week_operator.py took 0.160 seconds
[2026-03-25T11:34:42.080+0000] {processor.py:161} INFO - Started process (PID=109) to work on /home/airflow/.local/lib/python3.12/site-packages/airflow/example_dags/example_branch_day_of_week_operator.py
[2026-03-25T11:34:42.082+0000] {processor.py:830} INFO - Processing file /home/airflow/.local/lib/python3.12/site-packages/airflow/example_dags/example_branch_day_of_week_operator.py for tasks to queue
[2026-03-25T11:34:42.084+0000] {logging_mixin.py:188} INFO - [2026-03-25T11:34:42.083+0000] {dagbag.py:540} INFO - Filling up the DagBag from /home/airflow/.local/lib/python3.12/site-packages/airflow/example_dags/example_branch_day_of_week_operator.py
[2026-03-25T11:34:42.093+0000] {processor.py:840} INFO - DAG(s) 'example_weekday_branch_operator' retrieved from /home/airflow/.local/lib/python3.12/site-packages/airflow/example_dags/example_branch_day_of_week_operator.py
[2026-03-25T11:34:42.232+0000] {logging_mixin.py:188} INFO - [2026-03-25T11:34:42.232+0000] {dag.py:3096} INFO - Sync 1 DAGs
[2026-03-25T11:34:42.257+0000] {logging_mixin.py:188} INFO - [2026-03-25T11:34:42.257+0000] {dag.py:3954} INFO - Setting next_dagrun for example_weekday_branch_operator to 2026-03-24 00:00:00+00:00, run_after=2026-03-25 00:00:00+00:00
[2026-03-25T11:34:42.314+0000] {processor.py:183} INFO - Processing /home/airflow/.local/lib/python3.12/site-packages/airflow/example_dags/example_branch_day_of_week_operator.py took 0.240 seconds
[2026-03-25T11:35:13.158+0000] {processor.py:161} INFO - Started process (PID=168) to work on /home/airflow/.local/lib/python3.12/site-packages/airflow/example_dags/example_branch_day_of_week_operator.py
[2026-03-25T11:35:13.159+0000] {processor.py:830} INFO - Processing file /home/airflow/.local/lib/python3.12/site-packages/airflow/example_dags/example_branch_day_of_week_operator.py for tasks to queue
[2026-03-25T11:35:13.161+0000] {logging_mixin.py:188} INFO - [2026-03-25T11:35:13.161+0000] {dagbag.py:540} INFO - Filling up the DagBag from /home/airflow/.local/lib/python3.12/site-packages/airflow/example_dags/example_branch_day_of_week_operator.py
[2026-03-25T11:35:13.168+0000] {processor.py:840} INFO - DAG(s) 'example_weekday_branch_operator' retrieved from /home/airflow/.local/lib/python3.12/site-packages/airflow/example_dags/example_branch_day_of_week_operator.py
[2026-03-25T11:35:13.188+0000] {logging_mixin.py:188} INFO - [2026-03-25T11:35:13.188+0000] {dag.py:3096} INFO - Sync 1 DAGs
[2026-03-25T11:35:13.210+0000] {logging_mixin.py:188} INFO - [2026-03-25T11:35:13.210+0000] {dag.py:3954} INFO - Setting next_dagrun for example_weekday_branch_operator to 2026-03-24 00:00:00+00:00, run_after=2026-03-25 00:00:00+00:00
[2026-03-25T11:35:13.264+0000] {processor.py:183} INFO - Processing /home/airflow/.local/lib/python3.12/site-packages/airflow/example_dags/example_branch_day_of_week_operator.py took 0.111 seconds
[2026-03-25T11:35:43.880+0000] {processor.py:161} INFO - Started process (PID=228) to work on /home/airflow/.local/lib/python3.12/site-packages/airflow/example_dags/example_branch_day_of_week_operator.py
[2026-03-25T11:35:43.881+0000] {processor.py:830} INFO - Processing file /home/airflow/.local/lib/python3.12/site-packages/airflow/example_dags/example_branch_day_of_week_operator.py for tasks to queue
[2026-03-25T11:35:43.883+0000] {logging_mixin.py:188} INFO - [2026-03-25T11:35:43.883+0000] {dagbag.py:540} INFO - Filling up the DagBag from /home/airflow/.local/lib/python3.12/site-packages/airflow/example_dags/example_branch_day_of_week_operator.py
[2026-03-25T11:35:43.892+0000] {processor.py:840} INFO - DAG(s) 'example_weekday_branch_operator' retrieved from /home/airflow/.local/lib/python3.12/site-packages/airflow/example_dags/example_branch_day_of_week_operator.py
[2026-03-25T11:35:43.913+0000] {logging_mixin.py:188} INFO - [2026-03-25T11:35:43.913+0000] {dag.py:3096} INFO - Sync 1 DAGs
[2026-03-25T11:35:43.936+0000] {logging_mixin.py:188} INFO - [2026-03-25T11:35:43.936+0000] {dag.py:3954} INFO - Setting next_dagrun for example_weekday_branch_operator to 2026-03-24 00:00:00+00:00, run_after=2026-03-25 00:00:00+00:00
[2026-03-25T11:35:44.098+0000] {processor.py:183} INFO - Processing /home/airflow/.local/lib/python3.12/site-packages/airflow/example_dags/example_branch_day_of_week_operator.py took 0.224 seconds
[2026-03-25T11:36:15.420+0000] {processor.py:161} INFO - Started process (PID=287) to work on /home/airflow/.local/lib/python3.12/site-packages/airflow/example_dags/example_branch_day_of_week_operator.py
[2026-03-25T11:36:15.421+0000] {processor.py:830} INFO - Processing file /home/airflow/.local/lib/python3.12/site-packages/airflow/example_dags/example_branch_day_of_week_operator.py for tasks to queue
[2026-03-25T11:36:15.423+0000] {logging_mixin.py:188} INFO - [2026-03-25T11:36:15.423+0000] {dagbag.py:540} INFO - Filling up the DagBag from /home/airflow/.local/lib/python3.12/site-packages/airflow/example_dags/example_branch_day_of_week_operator.py
[2026-03-25T11:36:15.431+0000] {processor.py:840} INFO - DAG(s) 'example_weekday_branch_operator' retrieved from /home/airflow/.local/lib/python3.12/site-packages/airflow/example_dags/example_branch_day_of_week_operator.py
[2026-03-25T11:36:15.453+0000] {logging_mixin.py:188} INFO - [2026-03-25T11:36:15.452+0000] {dag.py:3096} INFO - Sync 1 DAGs
[2026-03-25T11:36:15.478+0000] {logging_mixin.py:188} INFO - [2026-03-25T11:36:15.478+0000] {dag.py:3954} INFO - Setting next_dagrun for example_weekday_branch_operator to 2026-03-24 00:00:00+00:00, run_after=2026-03-25 00:00:00+00:00
[2026-03-25T11:36:15.526+0000] {processor.py:183} INFO - Processing /home/airflow/.local/lib/python3.12/site-packages/airflow/example_dags/example_branch_day_of_week_operator.py took 0.112 seconds
[2026-03-25T11:36:48.774+0000] {processor.py:161} INFO - Started process (PID=346) to work on /home/airflow/.local/lib/python3.12/site-packages/airflow/example_dags/example_branch_day_of_week_operator.py
[2026-03-25T11:36:48.776+0000] {processor.py:830} INFO - Processing file /home/airflow/.local/lib/python3.12/site-packages/airflow/example_dags/example_branch_day_of_week_operator.py for tasks to queue
[2026-03-25T11:36:48.780+0000] {logging_mixin.py:188} INFO - [2026-03-25T11:36:48.780+0000] {dagbag.py:540} INFO - Filling up the DagBag from /home/airflow/.local/lib/python3.12/site-packages/airflow/example_dags/example_branch_day_of_week_operator.py
[2026-03-25T11:36:48.798+0000] {processor.py:840} INFO - DAG(s) 'example_weekday_branch_operator' retrieved from /home/airflow/.local/lib/python3.12/site-packages/airflow/example_dags/example_branch_day_of_week_operator.py
[2026-03-25T11:36:48.846+0000] {logging_mixin.py:188} INFO - [2026-03-25T11:36:48.845+0000] {dag.py:3096} INFO - Sync 1 DAGs
[2026-03-25T11:36:48.900+0000] {logging_mixin.py:188} INFO - [2026-03-25T11:36:48.900+0000] {dag.py:3954} INFO - Setting next_dagrun for example_weekday_branch_operator to 2026-03-24 00:00:00+00:00, run_after=2026-03-25 00:00:00+00:00
[2026-03-25T11:36:48.974+0000] {processor.py:183} INFO - Processing /home/airflow/.local/lib/python3.12/site-packages/airflow/example_dags/example_branch_day_of_week_operator.py took 0.211 seconds
[2026-03-25T11:37:20.942+0000] {processor.py:161} INFO - Started process (PID=405) to work on /home/airflow/.local/lib/python3.12/site-packages/airflow/example_dags/example_branch_day_of_week_operator.py
[2026-03-25T11:37:20.944+0000] {processor.py:830} INFO - Processing file /home/airflow/.local/lib/python3.12/site-packages/airflow/example_dags/example_branch_day_of_week_operator.py for tasks to queue
[2026-03-25T11:37:20.949+0000] {logging_mixin.py:188} INFO - [2026-03-25T11:37:20.948+0000] {dagbag.py:540} INFO - Filling up the DagBag from /home/airflow/.local/lib/python3.12/site-packages/airflow/example_dags/example_branch_day_of_week_operator.py
[2026-03-25T11:37:20.969+0000] {processor.py:840} INFO - DAG(s) 'example_weekday_branch_operator' retrieved from /home/airflow/.local/lib/python3.12/site-packages/airflow/example_dags/example_branch_day_of_week_operator.py
[2026-03-25T11:37:21.024+0000] {logging_mixin.py:188} INFO - [2026-03-25T11:37:21.024+0000] {dag.py:3096} INFO - Sync 1 DAGs
[2026-03-25T11:37:21.086+0000] {logging_mixin.py:188} INFO - [2026-03-25T11:37:21.086+0000] {dag.py:3954} INFO - Setting next_dagrun for example_weekday_branch_operator to 2026-03-24 00:00:00+00:00, run_after=2026-03-25 00:00:00+00:00
[2026-03-25T11:37:21.159+0000] {processor.py:183} INFO - Processing /home/airflow/.local/lib/python3.12/site-packages/airflow/example_dags/example_branch_day_of_week_operator.py took 0.231 seconds
[2026-03-25T11:37:52.576+0000] {processor.py:161} INFO - Started process (PID=464) to work on /home/airflow/.local/lib/python3.12/site-packages/airflow/example_dags/example_branch_day_of_week_operator.py
[2026-03-25T11:37:52.577+0000] {processor.py:830} INFO - Processing file /home/airflow/.local/lib/python3.12/site-packages/airflow/example_dags/example_branch_day_of_week_operator.py for tasks to queue
[2026-03-25T11:37:52.579+0000] {logging_mixin.py:188} INFO - [2026-03-25T11:37:52.578+0000] {dagbag.py:540} INFO - Filling up the DagBag from /home/airflow/.local/lib/python3.12/site-packages/airflow/example_dags/example_branch_day_of_week_operator.py
[2026-03-25T11:37:52.587+0000] {processor.py:840} INFO - DAG(s) 'example_weekday_branch_operator' retrieved from /home/airflow/.local/lib/python3.12/site-packages/airflow/example_dags/example_branch_day_of_week_operator.py
[2026-03-25T11:37:52.608+0000] {logging_mixin.py:188} INFO - [2026-03-25T11:37:52.608+0000] {dag.py:3096} INFO - Sync 1 DAGs
[2026-03-25T11:37:52.630+0000] {logging_mixin.py:188} INFO - [2026-03-25T11:37:52.630+0000] {dag.py:3954} INFO - Setting next_dagrun for example_weekday_branch_operator to 2026-03-24 00:00:00+00:00, run_after=2026-03-25 00:00:00+00:00
[2026-03-25T11:37:52.675+0000] {processor.py:183} INFO - Processing /home/airflow/.local/lib/python3.12/site-packages/airflow/example_dags/example_branch_day_of_week_operator.py took 0.105 seconds
[2026-03-25T11:38:24.680+0000] {processor.py:161} INFO - Started process (PID=523) to work on /home/airflow/.local/lib/python3.12/site-packages/airflow/example_dags/example_branch_day_of_week_operator.py
[2026-03-25T11:38:24.682+0000] {processor.py:830} INFO - Processing file /home/airflow/.local/lib/python3.12/site-packages/airflow/example_dags/example_branch_day_of_week_operator.py for tasks to queue
[2026-03-25T11:38:24.684+0000] {logging_mixin.py:188} INFO - [2026-03-25T11:38:24.683+0000] {dagbag.py:540} INFO - Filling up the DagBag from /home/airflow/.local/lib/python3.12/site-packages/airflow/example_dags/example_branch_day_of_week_operator.py
[2026-03-25T11:38:24.692+0000] {processor.py:840} INFO - DAG(s) 'example_weekday_branch_operator' retrieved from /home/airflow/.local/lib/python3.12/site-packages/airflow/example_dags/example_branch_day_of_week_operator.py
[2026-03-25T11:38:24.722+0000] {logging_mixin.py:188} INFO - [2026-03-25T11:38:24.722+0000] {dag.py:3096} INFO - Sync 1 DAGs
[2026-03-25T11:38:24.751+0000] {logging_mixin.py:188} INFO - [2026-03-25T11:38:24.751+0000] {dag.py:3954} INFO - Setting next_dagrun for example_weekday_branch_operator to 2026-03-24 00:00:00+00:00, run_after=2026-03-25 00:00:00+00:00
[2026-03-25T11:38:24.799+0000] {processor.py:183} INFO - Processing /home/airflow/.local/lib/python3.12/site-packages/airflow/example_dags/example_branch_day_of_week_operator.py took 0.125 seconds
[2026-03-25T11:38:57.375+0000] {processor.py:161} INFO - Started process (PID=582) to work on /home/airflow/.local/lib/python3.12/site-packages/airflow/example_dags/example_branch_day_of_week_operator.py
[2026-03-25T11:38:57.376+0000] {processor.py:830} INFO - Processing file /home/airflow/.local/lib/python3.12/site-packages/airflow/example_dags/example_branch_day_of_week_operator.py for tasks to queue
[2026-03-25T11:38:57.378+0000] {logging_mixin.py:188} INFO - [2026-03-25T11:38:57.378+0000] {dagbag.py:540} INFO - Filling up the DagBag from /home/airflow/.local/lib/python3.12/site-packages/airflow/example_dags/example_branch_day_of_week_operator.py
[2026-03-25T11:38:57.386+0000] {processor.py:840} INFO - DAG(s) 'example_weekday_branch_operator' retrieved from /home/airflow/.local/lib/python3.12/site-packages/airflow/example_dags/example_branch_day_of_week_operator.py
[2026-03-25T11:38:57.409+0000] {logging_mixin.py:188} INFO - [2026-03-25T11:38:57.409+0000] {dag.py:3096} INFO - Sync 1 DAGs
[2026-03-25T11:38:57.431+0000] {logging_mixin.py:188} INFO - [2026-03-25T11:38:57.431+0000] {dag.py:3954} INFO - Setting next_dagrun for example_weekday_branch_operator to 2026-03-24 00:00:00+00:00, run_after=2026-03-25 00:00:00+00:00
[2026-03-25T11:38:57.475+0000] {processor.py:183} INFO - Processing /home/airflow/.local/lib/python3.12/site-packages/airflow/example_dags/example_branch_day_of_week_operator.py took 0.107 seconds
[2026-03-25T11:39:30.003+0000] {processor.py:161} INFO - Started process (PID=641) to work on /home/airflow/.local/lib/python3.12/site-packages/airflow/example_dags/example_branch_day_of_week_operator.py
[2026-03-25T11:39:30.004+0000] {processor.py:830} INFO - Processing file /home/airflow/.local/lib/python3.12/site-packages/airflow/example_dags/example_branch_day_of_week_operator.py for tasks to queue
[2026-03-25T11:39:30.006+0000] {logging_mixin.py:188} INFO - [2026-03-25T11:39:30.006+0000] {dagbag.py:540} INFO - Filling up the DagBag from /home/airflow/.local/lib/python3.12/site-packages/airflow/example_dags/example_branch_day_of_week_operator.py
[2026-03-25T11:39:30.014+0000] {processor.py:840} INFO - DAG(s) 'example_weekday_branch_operator' retrieved from /home/airflow/.local/lib/python3.12/site-packages/airflow/example_dags/example_branch_day_of_week_operator.py
[2026-03-25T11:39:30.035+0000] {logging_mixin.py:188} INFO - [2026-03-25T11:39:30.035+0000] {dag.py:3096} INFO - Sync 1 DAGs
[2026-03-25T11:39:30.057+0000] {logging_mixin.py:188} INFO - [2026-03-25T11:39:30.057+0000] {dag.py:3954} INFO - Setting next_dagrun for example_weekday_branch_operator to 2026-03-24 00:00:00+00:00, run_after=2026-03-25 00:00:00+00:00
[2026-03-25T11:39:30.099+0000] {processor.py:183} INFO - Processing /home/airflow/.local/lib/python3.12/site-packages/airflow/example_dags/example_branch_day_of_week_operator.py took 0.101 seconds
[2026-03-25T11:40:03.663+0000] {processor.py:161} INFO - Started process (PID=700) to work on /home/airflow/.local/lib/python3.12/site-packages/airflow/example_dags/example_branch_day_of_week_operator.py
[2026-03-25T11:40:03.665+0000] {processor.py:830} INFO - Processing file /home/airflow/.local/lib/python3.12/site-packages/airflow/example_dags/example_branch_day_of_week_operator.py for tasks to queue
[2026-03-25T11:40:03.667+0000] {logging_mixin.py:188} INFO - [2026-03-25T11:40:03.666+0000] {dagbag.py:540} INFO - Filling up the DagBag from /home/airflow/.local/lib/python3.12/site-packages/airflow/example_dags/example_branch_day_of_week_operator.py
[2026-03-25T11:40:03.675+0000] {processor.py:840} INFO - DAG(s) 'example_weekday_branch_operator' retrieved from /home/airflow/.local/lib/python3.12/site-packages/airflow/example_dags/example_branch_day_of_week_operator.py
[2026-03-25T11:40:03.703+0000] {logging_mixin.py:188} INFO - [2026-03-25T11:40:03.703+0000] {dag.py:3096} INFO - Sync 1 DAGs
[2026-03-25T11:40:03.729+0000] {logging_mixin.py:188} INFO - [2026-03-25T11:40:03.729+0000] {dag.py:3954} INFO - Setting next_dagrun for example_weekday_branch_operator to 2026-03-24 00:00:00+00:00, run_after=2026-03-25 00:00:00+00:00
[2026-03-25T11:40:03.771+0000] {processor.py:183} INFO - Processing /home/airflow/.local/lib/python3.12/site-packages/airflow/example_dags/example_branch_day_of_week_operator.py took 0.113 seconds
[2026-03-25T11:40:35.407+0000] {processor.py:161} INFO - Started process (PID=753) to work on /home/airflow/.local/lib/python3.12/site-packages/airflow/example_dags/example_branch_day_of_week_operator.py
[2026-03-25T11:40:35.408+0000] {processor.py:830} INFO - Processing file /home/airflow/.local/lib/python3.12/site-packages/airflow/example_dags/example_branch_day_of_week_operator.py for tasks to queue
[2026-03-25T11:40:35.410+0000] {logging_mixin.py:188} INFO - [2026-03-25T11:40:35.410+0000] {dagbag.py:540} INFO - Filling up the DagBag from /home/airflow/.local/lib/python3.12/site-packages/airflow/example_dags/example_branch_day_of_week_operator.py
[2026-03-25T11:40:35.418+0000] {processor.py:840} INFO - DAG(s) 'example_weekday_branch_operator' retrieved from /home/airflow/.local/lib/python3.12/site-packages/airflow/example_dags/example_branch_day_of_week_operator.py
[2026-03-25T11:40:35.444+0000] {logging_mixin.py:188} INFO - [2026-03-25T11:40:35.443+0000] {dag.py:3096} INFO - Sync 1 DAGs
[2026-03-25T11:40:35.475+0000] {logging_mixin.py:188} INFO - [2026-03-25T11:40:35.475+0000] {dag.py:3954} INFO - Setting next_dagrun for example_weekday_branch_operator to 2026-03-24 00:00:00+00:00, run_after=2026-03-25 00:00:00+00:00
[2026-03-25T11:40:35.519+0000] {processor.py:183} INFO - Processing /home/airflow/.local/lib/python3.12/site-packages/airflow/example_dags/example_branch_day_of_week_operator.py took 0.117 seconds
[2026-03-25T11:41:08.506+0000] {processor.py:161} INFO - Started process (PID=818) to work on /home/airflow/.local/lib/python3.12/site-packages/airflow/example_dags/example_branch_day_of_week_operator.py
[2026-03-25T11:41:08.507+0000] {processor.py:830} INFO - Processing file /home/airflow/.local/lib/python3.12/site-packages/airflow/example_dags/example_branch_day_of_week_operator.py for tasks to queue
[2026-03-25T11:41:08.509+0000] {logging_mixin.py:188} INFO - [2026-03-25T11:41:08.509+0000] {dagbag.py:540} INFO - Filling up the DagBag from /home/airflow/.local/lib/python3.12/site-packages/airflow/example_dags/example_branch_day_of_week_operator.py
[2026-03-25T11:41:08.517+0000] {processor.py:840} INFO - DAG(s) 'example_weekday_branch_operator' retrieved from /home/airflow/.local/lib/python3.12/site-packages/airflow/example_dags/example_branch_day_of_week_operator.py
[2026-03-25T11:41:08.539+0000] {logging_mixin.py:188} INFO - [2026-03-25T11:41:08.539+0000] {dag.py:3096} INFO - Sync 1 DAGs
[2026-03-25T11:41:08.561+0000] {logging_mixin.py:188} INFO - [2026-03-25T11:41:08.561+0000] {dag.py:3954} INFO - Setting next_dagrun for example_weekday_branch_operator to 2026-03-24 00:00:00+00:00, run_after=2026-03-25 00:00:00+00:00
[2026-03-25T11:41:08.643+0000] {processor.py:183} INFO - Processing /home/airflow/.local/lib/python3.12/site-packages/airflow/example_dags/example_branch_day_of_week_operator.py took 0.143 seconds
[2026-03-25T11:41:42.601+0000] {processor.py:161} INFO - Started process (PID=877) to work on /home/airflow/.local/lib/python3.12/site-packages/airflow/example_dags/example_branch_day_of_week_operator.py
[2026-03-25T11:41:42.602+0000] {processor.py:830} INFO - Processing file /home/airflow/.local/lib/python3.12/site-packages/airflow/example_dags/example_branch_day_of_week_operator.py for tasks to queue
[2026-03-25T11:41:42.604+0000] {logging_mixin.py:188} INFO - [2026-03-25T11:41:42.604+0000] {dagbag.py:540} INFO - Filling up the DagBag from /home/airflow/.local/lib/python3.12/site-packages/airflow/example_dags/example_branch_day_of_week_operator.py
[2026-03-25T11:41:42.612+0000] {processor.py:840} INFO - DAG(s) 'example_weekday_branch_operator' retrieved from /home/airflow/.local/lib/python3.12/site-packages/airflow/example_dags/example_branch_day_of_week_operator.py
[2026-03-25T11:41:42.634+0000] {logging_mixin.py:188} INFO - [2026-03-25T11:41:42.634+0000] {dag.py:3096} INFO - Sync 1 DAGs
[2026-03-25T11:41:42.656+0000] {logging_mixin.py:188} INFO - [2026-03-25T11:41:42.656+0000] {dag.py:3954} INFO - Setting next_dagrun for example_weekday_branch_operator to 2026-03-24 00:00:00+00:00, run_after=2026-03-25 00:00:00+00:00
[2026-03-25T11:41:42.694+0000] {processor.py:183} INFO - Processing /home/airflow/.local/lib/python3.12/site-packages/airflow/example_dags/example_branch_day_of_week_operator.py took 0.099 seconds
[2026-03-25T11:42:13.666+0000] {processor.py:161} INFO - Started process (PID=930) to work on /home/airflow/.local/lib/python3.12/site-packages/airflow/example_dags/example_branch_day_of_week_operator.py
[2026-03-25T11:42:13.668+0000] {processor.py:830} INFO - Processing file /home/airflow/.local/lib/python3.12/site-packages/airflow/example_dags/example_branch_day_of_week_operator.py for tasks to queue
[2026-03-25T11:42:13.672+0000] {logging_mixin.py:188} INFO - [2026-03-25T11:42:13.671+0000] {dagbag.py:540} INFO - Filling up the DagBag from /home/airflow/.local/lib/python3.12/site-packages/airflow/example_dags/example_branch_day_of_week_operator.py
[2026-03-25T11:42:13.686+0000] {processor.py:840} INFO - DAG(s) 'example_weekday_branch_operator' retrieved from /home/airflow/.local/lib/python3.12/site-packages/airflow/example_dags/example_branch_day_of_week_operator.py
[2026-03-25T11:42:13.713+0000] {logging_mixin.py:188} INFO - [2026-03-25T11:42:13.712+0000] {dag.py:3096} INFO - Sync 1 DAGs
[2026-03-25T11:42:13.745+0000] {logging_mixin.py:188} INFO - [2026-03-25T11:42:13.745+0000] {dag.py:3954} INFO - Setting next_dagrun for example_weekday_branch_operator to 2026-03-24 00:00:00+00:00, run_after=2026-03-25 00:00:00+00:00
[2026-03-25T11:42:13.799+0000] {processor.py:183} INFO - Processing /home/airflow/.local/lib/python3.12/site-packages/airflow/example_dags/example_branch_day_of_week_operator.py took 0.144 seconds
[2026-03-25T11:42:46.777+0000] {processor.py:161} INFO - Started process (PID=995) to work on /home/airflow/.local/lib/python3.12/site-packages/airflow/example_dags/example_branch_day_of_week_operator.py
[2026-03-25T11:42:46.778+0000] {processor.py:830} INFO - Processing file /home/airflow/.local/lib/python3.12/site-packages/airflow/example_dags/example_branch_day_of_week_operator.py for tasks to queue
[2026-03-25T11:42:46.781+0000] {logging_mixin.py:188} INFO - [2026-03-25T11:42:46.781+0000] {dagbag.py:540} INFO - Filling up the DagBag from /home/airflow/.local/lib/python3.12/site-packages/airflow/example_dags/example_branch_day_of_week_operator.py
[2026-03-25T11:42:46.795+0000] {processor.py:840} INFO - DAG(s) 'example_weekday_branch_operator' retrieved from /home/airflow/.local/lib/python3.12/site-packages/airflow/example_dags/example_branch_day_of_week_operator.py
[2026-03-25T11:42:46.824+0000] {logging_mixin.py:188} INFO - [2026-03-25T11:42:46.824+0000] {dag.py:3096} INFO - Sync 1 DAGs
[2026-03-25T11:42:46.850+0000] {logging_mixin.py:188} INFO - [2026-03-25T11:42:46.850+0000] {dag.py:3954} INFO - Setting next_dagrun for example_weekday_branch_operator to 2026-03-24 00:00:00+00:00, run_after=2026-03-25 00:00:00+00:00
[2026-03-25T11:42:46.895+0000] {processor.py:183} INFO - Processing /home/airflow/.local/lib/python3.12/site-packages/airflow/example_dags/example_branch_day_of_week_operator.py took 0.127 seconds
[2026-03-25T11:43:20.588+0000] {processor.py:161} INFO - Started process (PID=1054) to work on /home/airflow/.local/lib/python3.12/site-packages/airflow/example_dags/example_branch_day_of_week_operator.py
[2026-03-25T11:43:20.593+0000] {processor.py:830} INFO - Processing file /home/airflow/.local/lib/python3.12/site-packages/airflow/example_dags/example_branch_day_of_week_operator.py for tasks to queue
[2026-03-25T11:43:20.602+0000] {logging_mixin.py:188} INFO - [2026-03-25T11:43:20.600+0000] {dagbag.py:540} INFO - Filling up the DagBag from /home/airflow/.local/lib/python3.12/site-packages/airflow/example_dags/example_branch_day_of_week_operator.py
[2026-03-25T11:43:20.639+0000] {processor.py:840} INFO - DAG(s) 'example_weekday_branch_operator' retrieved from /home/airflow/.local/lib/python3.12/site-packages/airflow/example_dags/example_branch_day_of_week_operator.py
[2026-03-25T11:43:20.735+0000] {logging_mixin.py:188} INFO - [2026-03-25T11:43:20.735+0000] {dag.py:3096} INFO - Sync 1 DAGs
[2026-03-25T11:43:20.852+0000] {logging_mixin.py:188} INFO - [2026-03-25T11:43:20.850+0000] {dag.py:3954} INFO - Setting next_dagrun for example_weekday_branch_operator to 2026-03-24 00:00:00+00:00, run_after=2026-03-25 00:00:00+00:00
[2026-03-25T11:43:20.955+0000] {processor.py:183} INFO - Processing /home/airflow/.local/lib/python3.12/site-packages/airflow/example_dags/example_branch_day_of_week_operator.py took 0.394 seconds
[2026-03-25T11:43:53.629+0000] {processor.py:161} INFO - Started process (PID=1113) to work on /home/airflow/.local/lib/python3.12/site-packages/airflow/example_dags/example_branch_day_of_week_operator.py
[2026-03-25T11:43:53.630+0000] {processor.py:830} INFO - Processing file /home/airflow/.local/lib/python3.12/site-packages/airflow/example_dags/example_branch_day_of_week_operator.py for tasks to queue
[2026-03-25T11:43:53.632+0000] {logging_mixin.py:188} INFO - [2026-03-25T11:43:53.632+0000] {dagbag.py:540} INFO - Filling up the DagBag from /home/airflow/.local/lib/python3.12/site-packages/airflow/example_dags/example_branch_day_of_week_operator.py
[2026-03-25T11:43:53.642+0000] {processor.py:840} INFO - DAG(s) 'example_weekday_branch_operator' retrieved from /home/airflow/.local/lib/python3.12/site-packages/airflow/example_dags/example_branch_day_of_week_operator.py
[2026-03-25T11:43:53.668+0000] {logging_mixin.py:188} INFO - [2026-03-25T11:43:53.667+0000] {dag.py:3096} INFO - Sync 1 DAGs
[2026-03-25T11:43:53.695+0000] {logging_mixin.py:188} INFO - [2026-03-25T11:43:53.695+0000] {dag.py:3954} INFO - Setting next_dagrun for example_weekday_branch_operator to 2026-03-24 00:00:00+00:00, run_after=2026-03-25 00:00:00+00:00
[2026-03-25T11:43:53.742+0000] {processor.py:183} INFO - Processing /home/airflow/.local/lib/python3.12/site-packages/airflow/example_dags/example_branch_day_of_week_operator.py took 0.121 seconds
[2026-03-25T11:44:24.693+0000] {processor.py:161} INFO - Started process (PID=1166) to work on /home/airflow/.local/lib/python3.12/site-packages/airflow/example_dags/example_branch_day_of_week_operator.py
[2026-03-25T11:44:24.694+0000] {processor.py:830} INFO - Processing file /home/airflow/.local/lib/python3.12/site-packages/airflow/example_dags/example_branch_day_of_week_operator.py for tasks to queue
[2026-03-25T11:44:24.696+0000] {logging_mixin.py:188} INFO - [2026-03-25T11:44:24.696+0000] {dagbag.py:540} INFO - Filling up the DagBag from /home/airflow/.local/lib/python3.12/site-packages/airflow/example_dags/example_branch_day_of_week_operator.py
[2026-03-25T11:44:24.704+0000] {processor.py:840} INFO - DAG(s) 'example_weekday_branch_operator' retrieved from /home/airflow/.local/lib/python3.12/site-packages/airflow/example_dags/example_branch_day_of_week_operator.py
[2026-03-25T11:44:24.727+0000] {logging_mixin.py:188} INFO - [2026-03-25T11:44:24.727+0000] {dag.py:3096} INFO - Sync 1 DAGs
[2026-03-25T11:44:24.756+0000] {logging_mixin.py:188} INFO - [2026-03-25T11:44:24.756+0000] {dag.py:3954} INFO - Setting next_dagrun for example_weekday_branch_operator to 2026-03-24 00:00:00+00:00, run_after=2026-03-25 00:00:00+00:00
[2026-03-25T11:44:24.866+0000] {processor.py:183} INFO - Processing /home/airflow/.local/lib/python3.12/site-packages/airflow/example_dags/example_branch_day_of_week_operator.py took 0.179 seconds
[2026-03-25T11:44:57.810+0000] {processor.py:161} INFO - Started process (PID=1225) to work on /home/airflow/.local/lib/python3.12/site-packages/airflow/example_dags/example_branch_day_of_week_operator.py
[2026-03-25T11:44:57.811+0000] {processor.py:830} INFO - Processing file /home/airflow/.local/lib/python3.12/site-packages/airflow/example_dags/example_branch_day_of_week_operator.py for tasks to queue
[2026-03-25T11:44:57.813+0000] {logging_mixin.py:188} INFO - [2026-03-25T11:44:57.813+0000] {dagbag.py:540} INFO - Filling up the DagBag from /home/airflow/.local/lib/python3.12/site-packages/airflow/example_dags/example_branch_day_of_week_operator.py
[2026-03-25T11:44:57.820+0000] {processor.py:840} INFO - DAG(s) 'example_weekday_branch_operator' retrieved from /home/airflow/.local/lib/python3.12/site-packages/airflow/example_dags/example_branch_day_of_week_operator.py
[2026-03-25T11:44:57.842+0000] {logging_mixin.py:188} INFO - [2026-03-25T11:44:57.842+0000] {dag.py:3096} INFO - Sync 1 DAGs
[2026-03-25T11:44:57.867+0000] {logging_mixin.py:188} INFO - [2026-03-25T11:44:57.867+0000] {dag.py:3954} INFO - Setting next_dagrun for example_weekday_branch_operator to 2026-03-24 00:00:00+00:00, run_after=2026-03-25 00:00:00+00:00
[2026-03-25T11:44:57.933+0000] {processor.py:183} INFO - Processing /home/airflow/.local/lib/python3.12/site-packages/airflow/example_dags/example_branch_day_of_week_operator.py took 0.128 seconds
[2026-03-25T11:45:30.760+0000] {processor.py:161} INFO - Started process (PID=1290) to work on /home/airflow/.local/lib/python3.12/site-packages/airflow/example_dags/example_branch_day_of_week_operator.py
[2026-03-25T11:45:30.761+0000] {processor.py:830} INFO - Processing file /home/airflow/.local/lib/python3.12/site-packages/airflow/example_dags/example_branch_day_of_week_operator.py for tasks to queue
[2026-03-25T11:45:30.764+0000] {logging_mixin.py:188} INFO - [2026-03-25T11:45:30.763+0000] {dagbag.py:540} INFO - Filling up the DagBag from /home/airflow/.local/lib/python3.12/site-packages/airflow/example_dags/example_branch_day_of_week_operator.py
[2026-03-25T11:45:30.777+0000] {processor.py:840} INFO - DAG(s) 'example_weekday_branch_operator' retrieved from /home/airflow/.local/lib/python3.12/site-packages/airflow/example_dags/example_branch_day_of_week_operator.py
[2026-03-25T11:45:30.803+0000] {logging_mixin.py:188} INFO - [2026-03-25T11:45:30.802+0000] {dag.py:3096} INFO - Sync 1 DAGs
[2026-03-25T11:45:30.826+0000] {logging_mixin.py:188} INFO - [2026-03-25T11:45:30.826+0000] {dag.py:3954} INFO - Setting next_dagrun for example_weekday_branch_operator to 2026-03-24 00:00:00+00:00, run_after=2026-03-25 00:00:00+00:00
[2026-03-25T11:45:30.882+0000] {processor.py:183} INFO - Processing /home/airflow/.local/lib/python3.12/site-packages/airflow/example_dags/example_branch_day_of_week_operator.py took 0.133 seconds
[2026-03-25T11:46:02.935+0000] {processor.py:161} INFO - Started process (PID=1343) to work on /home/airflow/.local/lib/python3.12/site-packages/airflow/example_dags/example_branch_day_of_week_operator.py
[2026-03-25T11:46:02.936+0000] {processor.py:830} INFO - Processing file /home/airflow/.local/lib/python3.12/site-packages/airflow/example_dags/example_branch_day_of_week_operator.py for tasks to queue
[2026-03-25T11:46:02.938+0000] {logging_mixin.py:188} INFO - [2026-03-25T11:46:02.937+0000] {dagbag.py:540} INFO - Filling up the DagBag from /home/airflow/.local/lib/python3.12/site-packages/airflow/example_dags/example_branch_day_of_week_operator.py
[2026-03-25T11:46:02.945+0000] {processor.py:840} INFO - DAG(s) 'example_weekday_branch_operator' retrieved from /home/airflow/.local/lib/python3.12/site-packages/airflow/example_dags/example_branch_day_of_week_operator.py
[2026-03-25T11:46:02.966+0000] {logging_mixin.py:188} INFO - [2026-03-25T11:46:02.966+0000] {dag.py:3096} INFO - Sync 1 DAGs
[2026-03-25T11:46:02.989+0000] {logging_mixin.py:188} INFO - [2026-03-25T11:46:02.989+0000] {dag.py:3954} INFO - Setting next_dagrun for example_weekday_branch_operator to 2026-03-24 00:00:00+00:00, run_after=2026-03-25 00:00:00+00:00
[2026-03-25T11:46:03.055+0000] {processor.py:183} INFO - Processing /home/airflow/.local/lib/python3.12/site-packages/airflow/example_dags/example_branch_day_of_week_operator.py took 0.126 seconds
[2026-03-25T11:46:36.724+0000] {processor.py:161} INFO - Started process (PID=1408) to work on /home/airflow/.local/lib/python3.12/site-packages/airflow/example_dags/example_branch_day_of_week_operator.py
[2026-03-25T11:46:36.726+0000] {processor.py:830} INFO - Processing file /home/airflow/.local/lib/python3.12/site-packages/airflow/example_dags/example_branch_day_of_week_operator.py for tasks to queue
[2026-03-25T11:46:36.728+0000] {logging_mixin.py:188} INFO - [2026-03-25T11:46:36.728+0000] {dagbag.py:540} INFO - Filling up the DagBag from /home/airflow/.local/lib/python3.12/site-packages/airflow/example_dags/example_branch_day_of_week_operator.py
[2026-03-25T11:46:36.740+0000] {processor.py:840} INFO - DAG(s) 'example_weekday_branch_operator' retrieved from /home/airflow/.local/lib/python3.12/site-packages/airflow/example_dags/example_branch_day_of_week_operator.py
[2026-03-25T11:46:36.770+0000] {logging_mixin.py:188} INFO - [2026-03-25T11:46:36.770+0000] {dag.py:3096} INFO - Sync 1 DAGs
[2026-03-25T11:46:36.813+0000] {logging_mixin.py:188} INFO - [2026-03-25T11:46:36.813+0000] {dag.py:3954} INFO - Setting next_dagrun for example_weekday_branch_operator to 2026-03-24 00:00:00+00:00, run_after=2026-03-25 00:00:00+00:00
[2026-03-25T11:46:36.865+0000] {processor.py:183} INFO - Processing /home/airflow/.local/lib/python3.12/site-packages/airflow/example_dags/example_branch_day_of_week_operator.py took 0.150 seconds
[2026-03-25T11:47:11.730+0000] {processor.py:161} INFO - Started process (PID=1468) to work on /home/airflow/.local/lib/python3.12/site-packages/airflow/example_dags/example_branch_day_of_week_operator.py
[2026-03-25T11:47:11.732+0000] {processor.py:830} INFO - Processing file /home/airflow/.local/lib/python3.12/site-packages/airflow/example_dags/example_branch_day_of_week_operator.py for tasks to queue
[2026-03-25T11:47:11.736+0000] {logging_mixin.py:188} INFO - [2026-03-25T11:47:11.736+0000] {dagbag.py:540} INFO - Filling up the DagBag from /home/airflow/.local/lib/python3.12/site-packages/airflow/example_dags/example_branch_day_of_week_operator.py
[2026-03-25T11:47:11.753+0000] {processor.py:840} INFO - DAG(s) 'example_weekday_branch_operator' retrieved from /home/airflow/.local/lib/python3.12/site-packages/airflow/example_dags/example_branch_day_of_week_operator.py
[2026-03-25T11:47:11.789+0000] {logging_mixin.py:188} INFO - [2026-03-25T11:47:11.789+0000] {dag.py:3096} INFO - Sync 1 DAGs
[2026-03-25T11:47:11.836+0000] {logging_mixin.py:188} INFO - [2026-03-25T11:47:11.835+0000] {dag.py:3954} INFO - Setting next_dagrun for example_weekday_branch_operator to 2026-03-24 00:00:00+00:00, run_after=2026-03-25 00:00:00+00:00
[2026-03-25T11:47:11.911+0000] {processor.py:183} INFO - Processing /home/airflow/.local/lib/python3.12/site-packages/airflow/example_dags/example_branch_day_of_week_operator.py took 0.192 seconds
[2026-03-25T11:47:44.273+0000] {processor.py:161} INFO - Started process (PID=1527) to work on /home/airflow/.local/lib/python3.12/site-packages/airflow/example_dags/example_branch_day_of_week_operator.py
[2026-03-25T11:47:44.274+0000] {processor.py:830} INFO - Processing file /home/airflow/.local/lib/python3.12/site-packages/airflow/example_dags/example_branch_day_of_week_operator.py for tasks to queue
[2026-03-25T11:47:44.276+0000] {logging_mixin.py:188} INFO - [2026-03-25T11:47:44.276+0000] {dagbag.py:540} INFO - Filling up the DagBag from /home/airflow/.local/lib/python3.12/site-packages/airflow/example_dags/example_branch_day_of_week_operator.py
[2026-03-25T11:47:44.285+0000] {processor.py:840} INFO - DAG(s) 'example_weekday_branch_operator' retrieved from /home/airflow/.local/lib/python3.12/site-packages/airflow/example_dags/example_branch_day_of_week_operator.py
[2026-03-25T11:47:44.309+0000] {logging_mixin.py:188} INFO - [2026-03-25T11:47:44.309+0000] {dag.py:3096} INFO - Sync 1 DAGs
[2026-03-25T11:47:44.336+0000] {logging_mixin.py:188} INFO - [2026-03-25T11:47:44.336+0000] {dag.py:3954} INFO - Setting next_dagrun for example_weekday_branch_operator to 2026-03-24 00:00:00+00:00, run_after=2026-03-25 00:00:00+00:00
[2026-03-25T11:47:44.388+0000] {processor.py:183} INFO - Processing /home/airflow/.local/lib/python3.12/site-packages/airflow/example_dags/example_branch_day_of_week_operator.py took 0.122 seconds
[2026-03-25T11:48:14.512+0000] {processor.py:161} INFO - Started process (PID=1580) to work on /home/airflow/.local/lib/python3.12/site-packages/airflow/example_dags/example_branch_day_of_week_operator.py
[2026-03-25T11:48:14.513+0000] {processor.py:830} INFO - Processing file /home/airflow/.local/lib/python3.12/site-packages/airflow/example_dags/example_branch_day_of_week_operator.py for tasks to queue
[2026-03-25T11:48:14.515+0000] {logging_mixin.py:188} INFO - [2026-03-25T11:48:14.514+0000] {dagbag.py:540} INFO - Filling up the DagBag from /home/airflow/.local/lib/python3.12/site-packages/airflow/example_dags/example_branch_day_of_week_operator.py
[2026-03-25T11:48:14.522+0000] {processor.py:840} INFO - DAG(s) 'example_weekday_branch_operator' retrieved from /home/airflow/.local/lib/python3.12/site-packages/airflow/example_dags/example_branch_day_of_week_operator.py
[2026-03-25T11:48:14.542+0000] {logging_mixin.py:188} INFO - [2026-03-25T11:48:14.542+0000] {dag.py:3096} INFO - Sync 1 DAGs
[2026-03-25T11:48:14.567+0000] {logging_mixin.py:188} INFO - [2026-03-25T11:48:14.567+0000] {dag.py:3954} INFO - Setting next_dagrun for example_weekday_branch_operator to 2026-03-24 00:00:00+00:00, run_after=2026-03-25 00:00:00+00:00
[2026-03-25T11:48:14.618+0000] {processor.py:183} INFO - Processing /home/airflow/.local/lib/python3.12/site-packages/airflow/example_dags/example_branch_day_of_week_operator.py took 0.112 seconds
[2026-03-25T11:48:46.533+0000] {processor.py:161} INFO - Started process (PID=1639) to work on /home/airflow/.local/lib/python3.12/site-packages/airflow/example_dags/example_branch_day_of_week_operator.py
[2026-03-25T11:48:46.534+0000] {processor.py:830} INFO - Processing file /home/airflow/.local/lib/python3.12/site-packages/airflow/example_dags/example_branch_day_of_week_operator.py for tasks to queue
[2026-03-25T11:48:46.536+0000] {logging_mixin.py:188} INFO - [2026-03-25T11:48:46.536+0000] {dagbag.py:540} INFO - Filling up the DagBag from /home/airflow/.local/lib/python3.12/site-packages/airflow/example_dags/example_branch_day_of_week_operator.py
[2026-03-25T11:48:46.545+0000] {processor.py:840} INFO - DAG(s) 'example_weekday_branch_operator' retrieved from /home/airflow/.local/lib/python3.12/site-packages/airflow/example_dags/example_branch_day_of_week_operator.py
[2026-03-25T11:48:46.571+0000] {logging_mixin.py:188} INFO - [2026-03-25T11:48:46.571+0000] {dag.py:3096} INFO - Sync 1 DAGs
[2026-03-25T11:48:46.600+0000] {logging_mixin.py:188} INFO - [2026-03-25T11:48:46.600+0000] {dag.py:3954} INFO - Setting next_dagrun for example_weekday_branch_operator to 2026-03-24 00:00:00+00:00, run_after=2026-03-25 00:00:00+00:00
[2026-03-25T11:48:46.640+0000] {processor.py:183} INFO - Processing /home/airflow/.local/lib/python3.12/site-packages/airflow/example_dags/example_branch_day_of_week_operator.py took 0.113 seconds
[2026-03-25T11:49:21.092+0000] {processor.py:161} INFO - Started process (PID=1704) to work on /home/airflow/.local/lib/python3.12/site-packages/airflow/example_dags/example_branch_day_of_week_operator.py
[2026-03-25T11:49:21.097+0000] {processor.py:830} INFO - Processing file /home/airflow/.local/lib/python3.12/site-packages/airflow/example_dags/example_branch_day_of_week_operator.py for tasks to queue
[2026-03-25T11:49:21.109+0000] {logging_mixin.py:188} INFO - [2026-03-25T11:49:21.107+0000] {dagbag.py:540} INFO - Filling up the DagBag from /home/airflow/.local/lib/python3.12/site-packages/airflow/example_dags/example_branch_day_of_week_operator.py
[2026-03-25T11:49:21.148+0000] {processor.py:840} INFO - DAG(s) 'example_weekday_branch_operator' retrieved from /home/airflow/.local/lib/python3.12/site-packages/airflow/example_dags/example_branch_day_of_week_operator.py
[2026-03-25T11:49:21.238+0000] {logging_mixin.py:188} INFO - [2026-03-25T11:49:21.237+0000] {dag.py:3096} INFO - Sync 1 DAGs
[2026-03-25T11:49:21.263+0000] {logging_mixin.py:188} INFO - [2026-03-25T11:49:21.263+0000] {dag.py:3954} INFO - Setting next_dagrun for example_weekday_branch_operator to 2026-03-24 00:00:00+00:00, run_after=2026-03-25 00:00:00+00:00
[2026-03-25T11:49:21.315+0000] {processor.py:183} INFO - Processing /home/airflow/.local/lib/python3.12/site-packages/airflow/example_dags/example_branch_day_of_week_operator.py took 0.253 seconds
[2026-03-25T11:49:54.426+0000] {processor.py:161} INFO - Started process (PID=1763) to work on /home/airflow/.local/lib/python3.12/site-packages/airflow/example_dags/example_branch_day_of_week_operator.py
[2026-03-25T11:49:54.428+0000] {processor.py:830} INFO - Processing file /home/airflow/.local/lib/python3.12/site-packages/airflow/example_dags/example_branch_day_of_week_operator.py for tasks to queue
[2026-03-25T11:49:54.430+0000] {logging_mixin.py:188} INFO - [2026-03-25T11:49:54.430+0000] {dagbag.py:540} INFO - Filling up the DagBag from /home/airflow/.local/lib/python3.12/site-packages/airflow/example_dags/example_branch_day_of_week_operator.py
[2026-03-25T11:49:54.440+0000] {processor.py:840} INFO - DAG(s) 'example_weekday_branch_operator' retrieved from /home/airflow/.local/lib/python3.12/site-packages/airflow/example_dags/example_branch_day_of_week_operator.py
[2026-03-25T11:49:54.468+0000] {logging_mixin.py:188} INFO - [2026-03-25T11:49:54.467+0000] {dag.py:3096} INFO - Sync 1 DAGs
[2026-03-25T11:49:54.499+0000] {logging_mixin.py:188} INFO - [2026-03-25T11:49:54.498+0000] {dag.py:3954} INFO - Setting next_dagrun for example_weekday_branch_operator to 2026-03-24 00:00:00+00:00, run_after=2026-03-25 00:00:00+00:00
[2026-03-25T11:49:54.622+0000] {processor.py:183} INFO - Processing /home/airflow/.local/lib/python3.12/site-packages/airflow/example_dags/example_branch_day_of_week_operator.py took 0.206 seconds
[2026-03-25T11:50:24.967+0000] {processor.py:161} INFO - Started process (PID=1816) to work on /home/airflow/.local/lib/python3.12/site-packages/airflow/example_dags/example_branch_day_of_week_operator.py
[2026-03-25T11:50:24.969+0000] {processor.py:830} INFO - Processing file /home/airflow/.local/lib/python3.12/site-packages/airflow/example_dags/example_branch_day_of_week_operator.py for tasks to queue
[2026-03-25T11:50:24.971+0000] {logging_mixin.py:188} INFO - [2026-03-25T11:50:24.971+0000] {dagbag.py:540} INFO - Filling up the DagBag from /home/airflow/.local/lib/python3.12/site-packages/airflow/example_dags/example_branch_day_of_week_operator.py
[2026-03-25T11:50:24.981+0000] {processor.py:840} INFO - DAG(s) 'example_weekday_branch_operator' retrieved from /home/airflow/.local/lib/python3.12/site-packages/airflow/example_dags/example_branch_day_of_week_operator.py
[2026-03-25T11:50:25.005+0000] {logging_mixin.py:188} INFO - [2026-03-25T11:50:25.005+0000] {dag.py:3096} INFO - Sync 1 DAGs
[2026-03-25T11:50:25.027+0000] {logging_mixin.py:188} INFO - [2026-03-25T11:50:25.027+0000] {dag.py:3954} INFO - Setting next_dagrun for example_weekday_branch_operator to 2026-03-24 00:00:00+00:00, run_after=2026-03-25 00:00:00+00:00
[2026-03-25T11:50:25.069+0000] {processor.py:183} INFO - Processing /home/airflow/.local/lib/python3.12/site-packages/airflow/example_dags/example_branch_day_of_week_operator.py took 0.109 seconds
