[2026-03-25T11:15:32.283+0000] {processor.py:161} INFO - Started process (PID=86) to work on /home/airflow/.local/lib/python3.12/site-packages/airflow/example_dags/example_params_ui_tutorial.py
[2026-03-25T11:15:32.285+0000] {processor.py:830} INFO - Processing file /home/airflow/.local/lib/python3.12/site-packages/airflow/example_dags/example_params_ui_tutorial.py for tasks to queue
[2026-03-25T11:15:32.287+0000] {logging_mixin.py:188} INFO - [2026-03-25T11:15:32.286+0000] {dagbag.py:540} INFO - Filling up the DagBag from /home/airflow/.local/lib/python3.12/site-packages/airflow/example_dags/example_params_ui_tutorial.py
[2026-03-25T11:15:32.301+0000] {processor.py:840} INFO - DAG(s) 'example_params_ui_tutorial' retrieved from /home/airflow/.local/lib/python3.12/site-packages/airflow/example_dags/example_params_ui_tutorial.py
[2026-03-25T11:15:32.502+0000] {logging_mixin.py:188} INFO - [2026-03-25T11:15:32.502+0000] {dag.py:3096} INFO - Sync 1 DAGs
[2026-03-25T11:15:32.516+0000] {logging_mixin.py:188} INFO - [2026-03-25T11:15:32.516+0000] {dag.py:3954} INFO - Setting next_dagrun for example_params_ui_tutorial to None, run_after=None
[2026-03-25T11:15:32.571+0000] {processor.py:183} INFO - Processing /home/airflow/.local/lib/python3.12/site-packages/airflow/example_dags/example_params_ui_tutorial.py took 0.293 seconds
[2026-03-25T11:16:02.771+0000] {processor.py:161} INFO - Started process (PID=145) to work on /home/airflow/.local/lib/python3.12/site-packages/airflow/example_dags/example_params_ui_tutorial.py
[2026-03-25T11:16:02.772+0000] {processor.py:830} INFO - Processing file /home/airflow/.local/lib/python3.12/site-packages/airflow/example_dags/example_params_ui_tutorial.py for tasks to queue
[2026-03-25T11:16:02.774+0000] {logging_mixin.py:188} INFO - [2026-03-25T11:16:02.773+0000] {dagbag.py:540} INFO - Filling up the DagBag from /home/airflow/.local/lib/python3.12/site-packages/airflow/example_dags/example_params_ui_tutorial.py
[2026-03-25T11:16:02.785+0000] {processor.py:840} INFO - DAG(s) 'example_params_ui_tutorial' retrieved from /home/airflow/.local/lib/python3.12/site-packages/airflow/example_dags/example_params_ui_tutorial.py
[2026-03-25T11:16:02.846+0000] {logging_mixin.py:188} INFO - [2026-03-25T11:16:02.845+0000] {dag.py:3096} INFO - Sync 1 DAGs
[2026-03-25T11:16:02.860+0000] {logging_mixin.py:188} INFO - [2026-03-25T11:16:02.860+0000] {dag.py:3954} INFO - Setting next_dagrun for example_params_ui_tutorial to None, run_after=None
[2026-03-25T11:16:02.935+0000] {processor.py:183} INFO - Processing /home/airflow/.local/lib/python3.12/site-packages/airflow/example_dags/example_params_ui_tutorial.py took 0.171 seconds
[2026-03-25T11:16:35.680+0000] {processor.py:161} INFO - Started process (PID=204) to work on /home/airflow/.local/lib/python3.12/site-packages/airflow/example_dags/example_params_ui_tutorial.py
[2026-03-25T11:16:35.681+0000] {processor.py:830} INFO - Processing file /home/airflow/.local/lib/python3.12/site-packages/airflow/example_dags/example_params_ui_tutorial.py for tasks to queue
[2026-03-25T11:16:35.684+0000] {logging_mixin.py:188} INFO - [2026-03-25T11:16:35.684+0000] {dagbag.py:540} INFO - Filling up the DagBag from /home/airflow/.local/lib/python3.12/site-packages/airflow/example_dags/example_params_ui_tutorial.py
[2026-03-25T11:16:35.702+0000] {processor.py:840} INFO - DAG(s) 'example_params_ui_tutorial' retrieved from /home/airflow/.local/lib/python3.12/site-packages/airflow/example_dags/example_params_ui_tutorial.py
[2026-03-25T11:16:35.785+0000] {logging_mixin.py:188} INFO - [2026-03-25T11:16:35.785+0000] {dag.py:3096} INFO - Sync 1 DAGs
[2026-03-25T11:16:35.802+0000] {logging_mixin.py:188} INFO - [2026-03-25T11:16:35.802+0000] {dag.py:3954} INFO - Setting next_dagrun for example_params_ui_tutorial to None, run_after=None
[2026-03-25T11:16:35.849+0000] {processor.py:183} INFO - Processing /home/airflow/.local/lib/python3.12/site-packages/airflow/example_dags/example_params_ui_tutorial.py took 0.176 seconds
[2026-03-25T11:17:10.147+0000] {processor.py:161} INFO - Started process (PID=263) to work on /home/airflow/.local/lib/python3.12/site-packages/airflow/example_dags/example_params_ui_tutorial.py
[2026-03-25T11:17:10.149+0000] {processor.py:830} INFO - Processing file /home/airflow/.local/lib/python3.12/site-packages/airflow/example_dags/example_params_ui_tutorial.py for tasks to queue
[2026-03-25T11:17:10.151+0000] {logging_mixin.py:188} INFO - [2026-03-25T11:17:10.151+0000] {dagbag.py:540} INFO - Filling up the DagBag from /home/airflow/.local/lib/python3.12/site-packages/airflow/example_dags/example_params_ui_tutorial.py
[2026-03-25T11:17:10.166+0000] {processor.py:840} INFO - DAG(s) 'example_params_ui_tutorial' retrieved from /home/airflow/.local/lib/python3.12/site-packages/airflow/example_dags/example_params_ui_tutorial.py
[2026-03-25T11:17:10.244+0000] {logging_mixin.py:188} INFO - [2026-03-25T11:17:10.244+0000] {dag.py:3096} INFO - Sync 1 DAGs
[2026-03-25T11:17:10.257+0000] {logging_mixin.py:188} INFO - [2026-03-25T11:17:10.256+0000] {dag.py:3954} INFO - Setting next_dagrun for example_params_ui_tutorial to None, run_after=None
[2026-03-25T11:17:10.385+0000] {processor.py:183} INFO - Processing /home/airflow/.local/lib/python3.12/site-packages/airflow/example_dags/example_params_ui_tutorial.py took 0.244 seconds
[2026-03-25T11:17:40.496+0000] {processor.py:161} INFO - Started process (PID=323) to work on /home/airflow/.local/lib/python3.12/site-packages/airflow/example_dags/example_params_ui_tutorial.py
[2026-03-25T11:17:40.497+0000] {processor.py:830} INFO - Processing file /home/airflow/.local/lib/python3.12/site-packages/airflow/example_dags/example_params_ui_tutorial.py for tasks to queue
[2026-03-25T11:17:40.499+0000] {logging_mixin.py:188} INFO - [2026-03-25T11:17:40.499+0000] {dagbag.py:540} INFO - Filling up the DagBag from /home/airflow/.local/lib/python3.12/site-packages/airflow/example_dags/example_params_ui_tutorial.py
[2026-03-25T11:17:40.510+0000] {processor.py:840} INFO - DAG(s) 'example_params_ui_tutorial' retrieved from /home/airflow/.local/lib/python3.12/site-packages/airflow/example_dags/example_params_ui_tutorial.py
[2026-03-25T11:17:40.569+0000] {logging_mixin.py:188} INFO - [2026-03-25T11:17:40.569+0000] {dag.py:3096} INFO - Sync 1 DAGs
[2026-03-25T11:17:40.583+0000] {logging_mixin.py:188} INFO - [2026-03-25T11:17:40.583+0000] {dag.py:3954} INFO - Setting next_dagrun for example_params_ui_tutorial to None, run_after=None
[2026-03-25T11:17:40.639+0000] {processor.py:183} INFO - Processing /home/airflow/.local/lib/python3.12/site-packages/airflow/example_dags/example_params_ui_tutorial.py took 0.149 seconds
[2026-03-25T11:18:12.150+0000] {processor.py:161} INFO - Started process (PID=381) to work on /home/airflow/.local/lib/python3.12/site-packages/airflow/example_dags/example_params_ui_tutorial.py
[2026-03-25T11:18:12.151+0000] {processor.py:830} INFO - Processing file /home/airflow/.local/lib/python3.12/site-packages/airflow/example_dags/example_params_ui_tutorial.py for tasks to queue
[2026-03-25T11:18:12.153+0000] {logging_mixin.py:188} INFO - [2026-03-25T11:18:12.153+0000] {dagbag.py:540} INFO - Filling up the DagBag from /home/airflow/.local/lib/python3.12/site-packages/airflow/example_dags/example_params_ui_tutorial.py
[2026-03-25T11:18:12.165+0000] {processor.py:840} INFO - DAG(s) 'example_params_ui_tutorial' retrieved from /home/airflow/.local/lib/python3.12/site-packages/airflow/example_dags/example_params_ui_tutorial.py
[2026-03-25T11:18:12.218+0000] {logging_mixin.py:188} INFO - [2026-03-25T11:18:12.217+0000] {dag.py:3096} INFO - Sync 1 DAGs
[2026-03-25T11:18:12.231+0000] {logging_mixin.py:188} INFO - [2026-03-25T11:18:12.231+0000] {dag.py:3954} INFO - Setting next_dagrun for example_params_ui_tutorial to None, run_after=None
[2026-03-25T11:18:12.273+0000] {processor.py:183} INFO - Processing /home/airflow/.local/lib/python3.12/site-packages/airflow/example_dags/example_params_ui_tutorial.py took 0.129 seconds
[2026-03-25T11:18:44.819+0000] {processor.py:161} INFO - Started process (PID=440) to work on /home/airflow/.local/lib/python3.12/site-packages/airflow/example_dags/example_params_ui_tutorial.py
[2026-03-25T11:18:44.820+0000] {processor.py:830} INFO - Processing file /home/airflow/.local/lib/python3.12/site-packages/airflow/example_dags/example_params_ui_tutorial.py for tasks to queue
[2026-03-25T11:18:44.822+0000] {logging_mixin.py:188} INFO - [2026-03-25T11:18:44.822+0000] {dagbag.py:540} INFO - Filling up the DagBag from /home/airflow/.local/lib/python3.12/site-packages/airflow/example_dags/example_params_ui_tutorial.py
[2026-03-25T11:18:44.833+0000] {processor.py:840} INFO - DAG(s) 'example_params_ui_tutorial' retrieved from /home/airflow/.local/lib/python3.12/site-packages/airflow/example_dags/example_params_ui_tutorial.py
[2026-03-25T11:18:44.883+0000] {logging_mixin.py:188} INFO - [2026-03-25T11:18:44.882+0000] {dag.py:3096} INFO - Sync 1 DAGs
[2026-03-25T11:18:44.896+0000] {logging_mixin.py:188} INFO - [2026-03-25T11:18:44.896+0000] {dag.py:3954} INFO - Setting next_dagrun for example_params_ui_tutorial to None, run_after=None
[2026-03-25T11:18:44.937+0000] {processor.py:183} INFO - Processing /home/airflow/.local/lib/python3.12/site-packages/airflow/example_dags/example_params_ui_tutorial.py took 0.124 seconds
[2026-03-25T11:19:17.602+0000] {processor.py:161} INFO - Started process (PID=499) to work on /home/airflow/.local/lib/python3.12/site-packages/airflow/example_dags/example_params_ui_tutorial.py
[2026-03-25T11:19:17.603+0000] {processor.py:830} INFO - Processing file /home/airflow/.local/lib/python3.12/site-packages/airflow/example_dags/example_params_ui_tutorial.py for tasks to queue
[2026-03-25T11:19:17.605+0000] {logging_mixin.py:188} INFO - [2026-03-25T11:19:17.604+0000] {dagbag.py:540} INFO - Filling up the DagBag from /home/airflow/.local/lib/python3.12/site-packages/airflow/example_dags/example_params_ui_tutorial.py
[2026-03-25T11:19:17.619+0000] {processor.py:840} INFO - DAG(s) 'example_params_ui_tutorial' retrieved from /home/airflow/.local/lib/python3.12/site-packages/airflow/example_dags/example_params_ui_tutorial.py
[2026-03-25T11:19:17.696+0000] {logging_mixin.py:188} INFO - [2026-03-25T11:19:17.696+0000] {dag.py:3096} INFO - Sync 1 DAGs
[2026-03-25T11:19:17.712+0000] {logging_mixin.py:188} INFO - [2026-03-25T11:19:17.712+0000] {dag.py:3954} INFO - Setting next_dagrun for example_params_ui_tutorial to None, run_after=None
[2026-03-25T11:19:17.764+0000] {processor.py:183} INFO - Processing /home/airflow/.local/lib/python3.12/site-packages/airflow/example_dags/example_params_ui_tutorial.py took 0.169 seconds
[2026-03-25T11:19:50.980+0000] {processor.py:161} INFO - Started process (PID=558) to work on /home/airflow/.local/lib/python3.12/site-packages/airflow/example_dags/example_params_ui_tutorial.py
[2026-03-25T11:19:50.982+0000] {processor.py:830} INFO - Processing file /home/airflow/.local/lib/python3.12/site-packages/airflow/example_dags/example_params_ui_tutorial.py for tasks to queue
[2026-03-25T11:19:50.984+0000] {logging_mixin.py:188} INFO - [2026-03-25T11:19:50.983+0000] {dagbag.py:540} INFO - Filling up the DagBag from /home/airflow/.local/lib/python3.12/site-packages/airflow/example_dags/example_params_ui_tutorial.py
[2026-03-25T11:19:50.998+0000] {processor.py:840} INFO - DAG(s) 'example_params_ui_tutorial' retrieved from /home/airflow/.local/lib/python3.12/site-packages/airflow/example_dags/example_params_ui_tutorial.py
[2026-03-25T11:19:51.062+0000] {logging_mixin.py:188} INFO - [2026-03-25T11:19:51.061+0000] {dag.py:3096} INFO - Sync 1 DAGs
[2026-03-25T11:19:51.078+0000] {logging_mixin.py:188} INFO - [2026-03-25T11:19:51.078+0000] {dag.py:3954} INFO - Setting next_dagrun for example_params_ui_tutorial to None, run_after=None
[2026-03-25T11:19:51.131+0000] {processor.py:183} INFO - Processing /home/airflow/.local/lib/python3.12/site-packages/airflow/example_dags/example_params_ui_tutorial.py took 0.157 seconds
[2026-03-25T11:20:23.192+0000] {processor.py:161} INFO - Started process (PID=617) to work on /home/airflow/.local/lib/python3.12/site-packages/airflow/example_dags/example_params_ui_tutorial.py
[2026-03-25T11:20:23.193+0000] {processor.py:830} INFO - Processing file /home/airflow/.local/lib/python3.12/site-packages/airflow/example_dags/example_params_ui_tutorial.py for tasks to queue
[2026-03-25T11:20:23.195+0000] {logging_mixin.py:188} INFO - [2026-03-25T11:20:23.195+0000] {dagbag.py:540} INFO - Filling up the DagBag from /home/airflow/.local/lib/python3.12/site-packages/airflow/example_dags/example_params_ui_tutorial.py
[2026-03-25T11:20:23.206+0000] {processor.py:840} INFO - DAG(s) 'example_params_ui_tutorial' retrieved from /home/airflow/.local/lib/python3.12/site-packages/airflow/example_dags/example_params_ui_tutorial.py
[2026-03-25T11:20:23.255+0000] {logging_mixin.py:188} INFO - [2026-03-25T11:20:23.255+0000] {dag.py:3096} INFO - Sync 1 DAGs
[2026-03-25T11:20:23.267+0000] {logging_mixin.py:188} INFO - [2026-03-25T11:20:23.267+0000] {dag.py:3954} INFO - Setting next_dagrun for example_params_ui_tutorial to None, run_after=None
[2026-03-25T11:20:23.311+0000] {processor.py:183} INFO - Processing /home/airflow/.local/lib/python3.12/site-packages/airflow/example_dags/example_params_ui_tutorial.py took 0.125 seconds
[2026-03-25T11:20:55.831+0000] {processor.py:161} INFO - Started process (PID=676) to work on /home/airflow/.local/lib/python3.12/site-packages/airflow/example_dags/example_params_ui_tutorial.py
[2026-03-25T11:20:55.832+0000] {processor.py:830} INFO - Processing file /home/airflow/.local/lib/python3.12/site-packages/airflow/example_dags/example_params_ui_tutorial.py for tasks to queue
[2026-03-25T11:20:55.834+0000] {logging_mixin.py:188} INFO - [2026-03-25T11:20:55.834+0000] {dagbag.py:540} INFO - Filling up the DagBag from /home/airflow/.local/lib/python3.12/site-packages/airflow/example_dags/example_params_ui_tutorial.py
[2026-03-25T11:20:55.846+0000] {processor.py:840} INFO - DAG(s) 'example_params_ui_tutorial' retrieved from /home/airflow/.local/lib/python3.12/site-packages/airflow/example_dags/example_params_ui_tutorial.py
[2026-03-25T11:20:55.896+0000] {logging_mixin.py:188} INFO - [2026-03-25T11:20:55.896+0000] {dag.py:3096} INFO - Sync 1 DAGs
[2026-03-25T11:20:55.911+0000] {logging_mixin.py:188} INFO - [2026-03-25T11:20:55.911+0000] {dag.py:3954} INFO - Setting next_dagrun for example_params_ui_tutorial to None, run_after=None
[2026-03-25T11:20:55.955+0000] {processor.py:183} INFO - Processing /home/airflow/.local/lib/python3.12/site-packages/airflow/example_dags/example_params_ui_tutorial.py took 0.130 seconds
[2026-03-25T11:21:28.521+0000] {processor.py:161} INFO - Started process (PID=735) to work on /home/airflow/.local/lib/python3.12/site-packages/airflow/example_dags/example_params_ui_tutorial.py
[2026-03-25T11:21:28.522+0000] {processor.py:830} INFO - Processing file /home/airflow/.local/lib/python3.12/site-packages/airflow/example_dags/example_params_ui_tutorial.py for tasks to queue
[2026-03-25T11:21:28.524+0000] {logging_mixin.py:188} INFO - [2026-03-25T11:21:28.524+0000] {dagbag.py:540} INFO - Filling up the DagBag from /home/airflow/.local/lib/python3.12/site-packages/airflow/example_dags/example_params_ui_tutorial.py
[2026-03-25T11:21:28.540+0000] {processor.py:840} INFO - DAG(s) 'example_params_ui_tutorial' retrieved from /home/airflow/.local/lib/python3.12/site-packages/airflow/example_dags/example_params_ui_tutorial.py
[2026-03-25T11:21:28.609+0000] {logging_mixin.py:188} INFO - [2026-03-25T11:21:28.608+0000] {dag.py:3096} INFO - Sync 1 DAGs
[2026-03-25T11:21:28.621+0000] {logging_mixin.py:188} INFO - [2026-03-25T11:21:28.621+0000] {dag.py:3954} INFO - Setting next_dagrun for example_params_ui_tutorial to None, run_after=None
[2026-03-25T11:21:28.681+0000] {processor.py:183} INFO - Processing /home/airflow/.local/lib/python3.12/site-packages/airflow/example_dags/example_params_ui_tutorial.py took 0.168 seconds
[2026-03-25T11:22:01.555+0000] {processor.py:161} INFO - Started process (PID=794) to work on /home/airflow/.local/lib/python3.12/site-packages/airflow/example_dags/example_params_ui_tutorial.py
[2026-03-25T11:22:01.557+0000] {processor.py:830} INFO - Processing file /home/airflow/.local/lib/python3.12/site-packages/airflow/example_dags/example_params_ui_tutorial.py for tasks to queue
[2026-03-25T11:22:01.564+0000] {logging_mixin.py:188} INFO - [2026-03-25T11:22:01.560+0000] {dagbag.py:540} INFO - Filling up the DagBag from /home/airflow/.local/lib/python3.12/site-packages/airflow/example_dags/example_params_ui_tutorial.py
[2026-03-25T11:22:01.592+0000] {processor.py:840} INFO - DAG(s) 'example_params_ui_tutorial' retrieved from /home/airflow/.local/lib/python3.12/site-packages/airflow/example_dags/example_params_ui_tutorial.py
[2026-03-25T11:22:01.690+0000] {logging_mixin.py:188} INFO - [2026-03-25T11:22:01.690+0000] {dag.py:3096} INFO - Sync 1 DAGs
[2026-03-25T11:22:01.713+0000] {logging_mixin.py:188} INFO - [2026-03-25T11:22:01.713+0000] {dag.py:3954} INFO - Setting next_dagrun for example_params_ui_tutorial to None, run_after=None
[2026-03-25T11:22:01.768+0000] {processor.py:183} INFO - Processing /home/airflow/.local/lib/python3.12/site-packages/airflow/example_dags/example_params_ui_tutorial.py took 0.233 seconds
[2026-03-25T11:22:34.054+0000] {processor.py:161} INFO - Started process (PID=853) to work on /home/airflow/.local/lib/python3.12/site-packages/airflow/example_dags/example_params_ui_tutorial.py
[2026-03-25T11:22:34.055+0000] {processor.py:830} INFO - Processing file /home/airflow/.local/lib/python3.12/site-packages/airflow/example_dags/example_params_ui_tutorial.py for tasks to queue
[2026-03-25T11:22:34.057+0000] {logging_mixin.py:188} INFO - [2026-03-25T11:22:34.057+0000] {dagbag.py:540} INFO - Filling up the DagBag from /home/airflow/.local/lib/python3.12/site-packages/airflow/example_dags/example_params_ui_tutorial.py
[2026-03-25T11:22:34.069+0000] {processor.py:840} INFO - DAG(s) 'example_params_ui_tutorial' retrieved from /home/airflow/.local/lib/python3.12/site-packages/airflow/example_dags/example_params_ui_tutorial.py
[2026-03-25T11:22:34.122+0000] {logging_mixin.py:188} INFO - [2026-03-25T11:22:34.122+0000] {dag.py:3096} INFO - Sync 1 DAGs
[2026-03-25T11:22:34.135+0000] {logging_mixin.py:188} INFO - [2026-03-25T11:22:34.135+0000] {dag.py:3954} INFO - Setting next_dagrun for example_params_ui_tutorial to None, run_after=None
[2026-03-25T11:22:34.182+0000] {processor.py:183} INFO - Processing /home/airflow/.local/lib/python3.12/site-packages/airflow/example_dags/example_params_ui_tutorial.py took 0.134 seconds
[2026-03-25T11:23:06.995+0000] {processor.py:161} INFO - Started process (PID=912) to work on /home/airflow/.local/lib/python3.12/site-packages/airflow/example_dags/example_params_ui_tutorial.py
[2026-03-25T11:23:06.999+0000] {processor.py:830} INFO - Processing file /home/airflow/.local/lib/python3.12/site-packages/airflow/example_dags/example_params_ui_tutorial.py for tasks to queue
[2026-03-25T11:23:07.004+0000] {logging_mixin.py:188} INFO - [2026-03-25T11:23:07.003+0000] {dagbag.py:540} INFO - Filling up the DagBag from /home/airflow/.local/lib/python3.12/site-packages/airflow/example_dags/example_params_ui_tutorial.py
[2026-03-25T11:23:07.027+0000] {processor.py:840} INFO - DAG(s) 'example_params_ui_tutorial' retrieved from /home/airflow/.local/lib/python3.12/site-packages/airflow/example_dags/example_params_ui_tutorial.py
[2026-03-25T11:23:07.112+0000] {logging_mixin.py:188} INFO - [2026-03-25T11:23:07.112+0000] {dag.py:3096} INFO - Sync 1 DAGs
[2026-03-25T11:23:07.132+0000] {logging_mixin.py:188} INFO - [2026-03-25T11:23:07.131+0000] {dag.py:3954} INFO - Setting next_dagrun for example_params_ui_tutorial to None, run_after=None
[2026-03-25T11:23:07.202+0000] {processor.py:183} INFO - Processing /home/airflow/.local/lib/python3.12/site-packages/airflow/example_dags/example_params_ui_tutorial.py took 0.218 seconds
[2026-03-25T11:23:39.812+0000] {processor.py:161} INFO - Started process (PID=971) to work on /home/airflow/.local/lib/python3.12/site-packages/airflow/example_dags/example_params_ui_tutorial.py
[2026-03-25T11:23:39.813+0000] {processor.py:830} INFO - Processing file /home/airflow/.local/lib/python3.12/site-packages/airflow/example_dags/example_params_ui_tutorial.py for tasks to queue
[2026-03-25T11:23:39.815+0000] {logging_mixin.py:188} INFO - [2026-03-25T11:23:39.814+0000] {dagbag.py:540} INFO - Filling up the DagBag from /home/airflow/.local/lib/python3.12/site-packages/airflow/example_dags/example_params_ui_tutorial.py
[2026-03-25T11:23:39.827+0000] {processor.py:840} INFO - DAG(s) 'example_params_ui_tutorial' retrieved from /home/airflow/.local/lib/python3.12/site-packages/airflow/example_dags/example_params_ui_tutorial.py
[2026-03-25T11:23:39.877+0000] {logging_mixin.py:188} INFO - [2026-03-25T11:23:39.877+0000] {dag.py:3096} INFO - Sync 1 DAGs
[2026-03-25T11:23:39.891+0000] {logging_mixin.py:188} INFO - [2026-03-25T11:23:39.890+0000] {dag.py:3954} INFO - Setting next_dagrun for example_params_ui_tutorial to None, run_after=None
[2026-03-25T11:23:39.934+0000] {processor.py:183} INFO - Processing /home/airflow/.local/lib/python3.12/site-packages/airflow/example_dags/example_params_ui_tutorial.py took 0.129 seconds
[2026-03-25T11:24:11.847+0000] {processor.py:161} INFO - Started process (PID=1030) to work on /home/airflow/.local/lib/python3.12/site-packages/airflow/example_dags/example_params_ui_tutorial.py
[2026-03-25T11:24:11.849+0000] {processor.py:830} INFO - Processing file /home/airflow/.local/lib/python3.12/site-packages/airflow/example_dags/example_params_ui_tutorial.py for tasks to queue
[2026-03-25T11:24:11.851+0000] {logging_mixin.py:188} INFO - [2026-03-25T11:24:11.850+0000] {dagbag.py:540} INFO - Filling up the DagBag from /home/airflow/.local/lib/python3.12/site-packages/airflow/example_dags/example_params_ui_tutorial.py
[2026-03-25T11:24:11.862+0000] {processor.py:840} INFO - DAG(s) 'example_params_ui_tutorial' retrieved from /home/airflow/.local/lib/python3.12/site-packages/airflow/example_dags/example_params_ui_tutorial.py
[2026-03-25T11:24:11.922+0000] {logging_mixin.py:188} INFO - [2026-03-25T11:24:11.921+0000] {dag.py:3096} INFO - Sync 1 DAGs
[2026-03-25T11:24:11.937+0000] {logging_mixin.py:188} INFO - [2026-03-25T11:24:11.936+0000] {dag.py:3954} INFO - Setting next_dagrun for example_params_ui_tutorial to None, run_after=None
[2026-03-25T11:24:11.983+0000] {processor.py:183} INFO - Processing /home/airflow/.local/lib/python3.12/site-packages/airflow/example_dags/example_params_ui_tutorial.py took 0.142 seconds
[2026-03-25T11:24:45.527+0000] {processor.py:161} INFO - Started process (PID=1090) to work on /home/airflow/.local/lib/python3.12/site-packages/airflow/example_dags/example_params_ui_tutorial.py
[2026-03-25T11:24:45.533+0000] {processor.py:830} INFO - Processing file /home/airflow/.local/lib/python3.12/site-packages/airflow/example_dags/example_params_ui_tutorial.py for tasks to queue
[2026-03-25T11:24:45.537+0000] {logging_mixin.py:188} INFO - [2026-03-25T11:24:45.536+0000] {dagbag.py:540} INFO - Filling up the DagBag from /home/airflow/.local/lib/python3.12/site-packages/airflow/example_dags/example_params_ui_tutorial.py
[2026-03-25T11:24:45.575+0000] {processor.py:840} INFO - DAG(s) 'example_params_ui_tutorial' retrieved from /home/airflow/.local/lib/python3.12/site-packages/airflow/example_dags/example_params_ui_tutorial.py
[2026-03-25T11:24:45.717+0000] {logging_mixin.py:188} INFO - [2026-03-25T11:24:45.717+0000] {dag.py:3096} INFO - Sync 1 DAGs
[2026-03-25T11:24:45.751+0000] {logging_mixin.py:188} INFO - [2026-03-25T11:24:45.750+0000] {dag.py:3954} INFO - Setting next_dagrun for example_params_ui_tutorial to None, run_after=None
[2026-03-25T11:24:45.927+0000] {processor.py:183} INFO - Processing /home/airflow/.local/lib/python3.12/site-packages/airflow/example_dags/example_params_ui_tutorial.py took 0.419 seconds
[2026-03-25T11:25:17.385+0000] {processor.py:161} INFO - Started process (PID=1143) to work on /home/airflow/.local/lib/python3.12/site-packages/airflow/example_dags/example_params_ui_tutorial.py
[2026-03-25T11:25:17.386+0000] {processor.py:830} INFO - Processing file /home/airflow/.local/lib/python3.12/site-packages/airflow/example_dags/example_params_ui_tutorial.py for tasks to queue
[2026-03-25T11:25:17.388+0000] {logging_mixin.py:188} INFO - [2026-03-25T11:25:17.387+0000] {dagbag.py:540} INFO - Filling up the DagBag from /home/airflow/.local/lib/python3.12/site-packages/airflow/example_dags/example_params_ui_tutorial.py
[2026-03-25T11:25:17.404+0000] {processor.py:840} INFO - DAG(s) 'example_params_ui_tutorial' retrieved from /home/airflow/.local/lib/python3.12/site-packages/airflow/example_dags/example_params_ui_tutorial.py
[2026-03-25T11:25:17.460+0000] {logging_mixin.py:188} INFO - [2026-03-25T11:25:17.460+0000] {dag.py:3096} INFO - Sync 1 DAGs
[2026-03-25T11:25:17.473+0000] {logging_mixin.py:188} INFO - [2026-03-25T11:25:17.472+0000] {dag.py:3954} INFO - Setting next_dagrun for example_params_ui_tutorial to None, run_after=None
[2026-03-25T11:25:17.601+0000] {processor.py:183} INFO - Processing /home/airflow/.local/lib/python3.12/site-packages/airflow/example_dags/example_params_ui_tutorial.py took 0.222 seconds
[2026-03-25T11:25:50.614+0000] {processor.py:161} INFO - Started process (PID=1208) to work on /home/airflow/.local/lib/python3.12/site-packages/airflow/example_dags/example_params_ui_tutorial.py
[2026-03-25T11:25:50.615+0000] {processor.py:830} INFO - Processing file /home/airflow/.local/lib/python3.12/site-packages/airflow/example_dags/example_params_ui_tutorial.py for tasks to queue
[2026-03-25T11:25:50.617+0000] {logging_mixin.py:188} INFO - [2026-03-25T11:25:50.617+0000] {dagbag.py:540} INFO - Filling up the DagBag from /home/airflow/.local/lib/python3.12/site-packages/airflow/example_dags/example_params_ui_tutorial.py
[2026-03-25T11:25:50.628+0000] {processor.py:840} INFO - DAG(s) 'example_params_ui_tutorial' retrieved from /home/airflow/.local/lib/python3.12/site-packages/airflow/example_dags/example_params_ui_tutorial.py
[2026-03-25T11:25:50.679+0000] {logging_mixin.py:188} INFO - [2026-03-25T11:25:50.679+0000] {dag.py:3096} INFO - Sync 1 DAGs
[2026-03-25T11:25:50.693+0000] {logging_mixin.py:188} INFO - [2026-03-25T11:25:50.693+0000] {dag.py:3954} INFO - Setting next_dagrun for example_params_ui_tutorial to None, run_after=None
[2026-03-25T11:25:50.774+0000] {processor.py:183} INFO - Processing /home/airflow/.local/lib/python3.12/site-packages/airflow/example_dags/example_params_ui_tutorial.py took 0.166 seconds
[2026-03-25T11:26:23.431+0000] {processor.py:161} INFO - Started process (PID=1268) to work on /home/airflow/.local/lib/python3.12/site-packages/airflow/example_dags/example_params_ui_tutorial.py
[2026-03-25T11:26:23.432+0000] {processor.py:830} INFO - Processing file /home/airflow/.local/lib/python3.12/site-packages/airflow/example_dags/example_params_ui_tutorial.py for tasks to queue
[2026-03-25T11:26:23.434+0000] {logging_mixin.py:188} INFO - [2026-03-25T11:26:23.433+0000] {dagbag.py:540} INFO - Filling up the DagBag from /home/airflow/.local/lib/python3.12/site-packages/airflow/example_dags/example_params_ui_tutorial.py
[2026-03-25T11:26:23.445+0000] {processor.py:840} INFO - DAG(s) 'example_params_ui_tutorial' retrieved from /home/airflow/.local/lib/python3.12/site-packages/airflow/example_dags/example_params_ui_tutorial.py
[2026-03-25T11:26:23.495+0000] {logging_mixin.py:188} INFO - [2026-03-25T11:26:23.495+0000] {dag.py:3096} INFO - Sync 1 DAGs
[2026-03-25T11:26:23.508+0000] {logging_mixin.py:188} INFO - [2026-03-25T11:26:23.508+0000] {dag.py:3954} INFO - Setting next_dagrun for example_params_ui_tutorial to None, run_after=None
[2026-03-25T11:26:23.548+0000] {processor.py:183} INFO - Processing /home/airflow/.local/lib/python3.12/site-packages/airflow/example_dags/example_params_ui_tutorial.py took 0.123 seconds
[2026-03-25T11:26:56.196+0000] {processor.py:161} INFO - Started process (PID=1327) to work on /home/airflow/.local/lib/python3.12/site-packages/airflow/example_dags/example_params_ui_tutorial.py
[2026-03-25T11:26:56.198+0000] {processor.py:830} INFO - Processing file /home/airflow/.local/lib/python3.12/site-packages/airflow/example_dags/example_params_ui_tutorial.py for tasks to queue
[2026-03-25T11:26:56.201+0000] {logging_mixin.py:188} INFO - [2026-03-25T11:26:56.200+0000] {dagbag.py:540} INFO - Filling up the DagBag from /home/airflow/.local/lib/python3.12/site-packages/airflow/example_dags/example_params_ui_tutorial.py
[2026-03-25T11:26:56.216+0000] {processor.py:840} INFO - DAG(s) 'example_params_ui_tutorial' retrieved from /home/airflow/.local/lib/python3.12/site-packages/airflow/example_dags/example_params_ui_tutorial.py
[2026-03-25T11:26:56.282+0000] {logging_mixin.py:188} INFO - [2026-03-25T11:26:56.282+0000] {dag.py:3096} INFO - Sync 1 DAGs
[2026-03-25T11:26:56.300+0000] {logging_mixin.py:188} INFO - [2026-03-25T11:26:56.300+0000] {dag.py:3954} INFO - Setting next_dagrun for example_params_ui_tutorial to None, run_after=None
[2026-03-25T11:26:56.348+0000] {processor.py:183} INFO - Processing /home/airflow/.local/lib/python3.12/site-packages/airflow/example_dags/example_params_ui_tutorial.py took 0.160 seconds
[2026-03-25T11:27:29.275+0000] {processor.py:161} INFO - Started process (PID=1386) to work on /home/airflow/.local/lib/python3.12/site-packages/airflow/example_dags/example_params_ui_tutorial.py
[2026-03-25T11:27:29.277+0000] {processor.py:830} INFO - Processing file /home/airflow/.local/lib/python3.12/site-packages/airflow/example_dags/example_params_ui_tutorial.py for tasks to queue
[2026-03-25T11:27:29.280+0000] {logging_mixin.py:188} INFO - [2026-03-25T11:27:29.279+0000] {dagbag.py:540} INFO - Filling up the DagBag from /home/airflow/.local/lib/python3.12/site-packages/airflow/example_dags/example_params_ui_tutorial.py
[2026-03-25T11:27:29.299+0000] {processor.py:840} INFO - DAG(s) 'example_params_ui_tutorial' retrieved from /home/airflow/.local/lib/python3.12/site-packages/airflow/example_dags/example_params_ui_tutorial.py
[2026-03-25T11:27:29.448+0000] {logging_mixin.py:188} INFO - [2026-03-25T11:27:29.447+0000] {dag.py:3096} INFO - Sync 1 DAGs
[2026-03-25T11:27:29.488+0000] {logging_mixin.py:188} INFO - [2026-03-25T11:27:29.487+0000] {dag.py:3954} INFO - Setting next_dagrun for example_params_ui_tutorial to None, run_after=None
[2026-03-25T11:27:29.849+0000] {processor.py:183} INFO - Processing /home/airflow/.local/lib/python3.12/site-packages/airflow/example_dags/example_params_ui_tutorial.py took 0.587 seconds
[2026-03-25T11:28:01.281+0000] {processor.py:161} INFO - Started process (PID=1439) to work on /home/airflow/.local/lib/python3.12/site-packages/airflow/example_dags/example_params_ui_tutorial.py
[2026-03-25T11:28:01.282+0000] {processor.py:830} INFO - Processing file /home/airflow/.local/lib/python3.12/site-packages/airflow/example_dags/example_params_ui_tutorial.py for tasks to queue
[2026-03-25T11:28:01.284+0000] {logging_mixin.py:188} INFO - [2026-03-25T11:28:01.284+0000] {dagbag.py:540} INFO - Filling up the DagBag from /home/airflow/.local/lib/python3.12/site-packages/airflow/example_dags/example_params_ui_tutorial.py
[2026-03-25T11:28:01.296+0000] {processor.py:840} INFO - DAG(s) 'example_params_ui_tutorial' retrieved from /home/airflow/.local/lib/python3.12/site-packages/airflow/example_dags/example_params_ui_tutorial.py
[2026-03-25T11:28:01.346+0000] {logging_mixin.py:188} INFO - [2026-03-25T11:28:01.346+0000] {dag.py:3096} INFO - Sync 1 DAGs
[2026-03-25T11:28:01.365+0000] {logging_mixin.py:188} INFO - [2026-03-25T11:28:01.364+0000] {dag.py:3954} INFO - Setting next_dagrun for example_params_ui_tutorial to None, run_after=None
[2026-03-25T11:28:01.421+0000] {processor.py:183} INFO - Processing /home/airflow/.local/lib/python3.12/site-packages/airflow/example_dags/example_params_ui_tutorial.py took 0.146 seconds
[2026-03-25T11:28:36.045+0000] {processor.py:161} INFO - Started process (PID=1514) to work on /home/airflow/.local/lib/python3.12/site-packages/airflow/example_dags/example_params_ui_tutorial.py
[2026-03-25T11:28:36.047+0000] {processor.py:830} INFO - Processing file /home/airflow/.local/lib/python3.12/site-packages/airflow/example_dags/example_params_ui_tutorial.py for tasks to queue
[2026-03-25T11:28:36.051+0000] {logging_mixin.py:188} INFO - [2026-03-25T11:28:36.051+0000] {dagbag.py:540} INFO - Filling up the DagBag from /home/airflow/.local/lib/python3.12/site-packages/airflow/example_dags/example_params_ui_tutorial.py
[2026-03-25T11:28:36.076+0000] {processor.py:840} INFO - DAG(s) 'example_params_ui_tutorial' retrieved from /home/airflow/.local/lib/python3.12/site-packages/airflow/example_dags/example_params_ui_tutorial.py
[2026-03-25T11:28:36.189+0000] {logging_mixin.py:188} INFO - [2026-03-25T11:28:36.188+0000] {dag.py:3096} INFO - Sync 1 DAGs
[2026-03-25T11:28:36.208+0000] {logging_mixin.py:188} INFO - [2026-03-25T11:28:36.208+0000] {dag.py:3954} INFO - Setting next_dagrun for example_params_ui_tutorial to None, run_after=None
[2026-03-25T11:28:36.384+0000] {processor.py:183} INFO - Processing /home/airflow/.local/lib/python3.12/site-packages/airflow/example_dags/example_params_ui_tutorial.py took 0.352 seconds
[2026-03-25T11:29:07.396+0000] {processor.py:161} INFO - Started process (PID=1573) to work on /home/airflow/.local/lib/python3.12/site-packages/airflow/example_dags/example_params_ui_tutorial.py
[2026-03-25T11:29:07.397+0000] {processor.py:830} INFO - Processing file /home/airflow/.local/lib/python3.12/site-packages/airflow/example_dags/example_params_ui_tutorial.py for tasks to queue
[2026-03-25T11:29:07.399+0000] {logging_mixin.py:188} INFO - [2026-03-25T11:29:07.398+0000] {dagbag.py:540} INFO - Filling up the DagBag from /home/airflow/.local/lib/python3.12/site-packages/airflow/example_dags/example_params_ui_tutorial.py
[2026-03-25T11:29:07.410+0000] {processor.py:840} INFO - DAG(s) 'example_params_ui_tutorial' retrieved from /home/airflow/.local/lib/python3.12/site-packages/airflow/example_dags/example_params_ui_tutorial.py
[2026-03-25T11:29:07.466+0000] {logging_mixin.py:188} INFO - [2026-03-25T11:29:07.465+0000] {dag.py:3096} INFO - Sync 1 DAGs
[2026-03-25T11:29:07.480+0000] {logging_mixin.py:188} INFO - [2026-03-25T11:29:07.479+0000] {dag.py:3954} INFO - Setting next_dagrun for example_params_ui_tutorial to None, run_after=None
[2026-03-25T11:29:07.619+0000] {processor.py:183} INFO - Processing /home/airflow/.local/lib/python3.12/site-packages/airflow/example_dags/example_params_ui_tutorial.py took 0.229 seconds
[2026-03-25T11:29:38.602+0000] {processor.py:161} INFO - Started process (PID=1632) to work on /home/airflow/.local/lib/python3.12/site-packages/airflow/example_dags/example_params_ui_tutorial.py
[2026-03-25T11:29:38.604+0000] {processor.py:830} INFO - Processing file /home/airflow/.local/lib/python3.12/site-packages/airflow/example_dags/example_params_ui_tutorial.py for tasks to queue
[2026-03-25T11:29:38.608+0000] {logging_mixin.py:188} INFO - [2026-03-25T11:29:38.607+0000] {dagbag.py:540} INFO - Filling up the DagBag from /home/airflow/.local/lib/python3.12/site-packages/airflow/example_dags/example_params_ui_tutorial.py
[2026-03-25T11:29:38.636+0000] {processor.py:840} INFO - DAG(s) 'example_params_ui_tutorial' retrieved from /home/airflow/.local/lib/python3.12/site-packages/airflow/example_dags/example_params_ui_tutorial.py
[2026-03-25T11:29:38.746+0000] {logging_mixin.py:188} INFO - [2026-03-25T11:29:38.746+0000] {dag.py:3096} INFO - Sync 1 DAGs
[2026-03-25T11:29:38.776+0000] {logging_mixin.py:188} INFO - [2026-03-25T11:29:38.776+0000] {dag.py:3954} INFO - Setting next_dagrun for example_params_ui_tutorial to None, run_after=None
[2026-03-25T11:29:38.860+0000] {processor.py:183} INFO - Processing /home/airflow/.local/lib/python3.12/site-packages/airflow/example_dags/example_params_ui_tutorial.py took 0.271 seconds
[2026-03-25T11:30:09.274+0000] {processor.py:161} INFO - Started process (PID=1685) to work on /home/airflow/.local/lib/python3.12/site-packages/airflow/example_dags/example_params_ui_tutorial.py
[2026-03-25T11:30:09.276+0000] {processor.py:830} INFO - Processing file /home/airflow/.local/lib/python3.12/site-packages/airflow/example_dags/example_params_ui_tutorial.py for tasks to queue
[2026-03-25T11:30:09.278+0000] {logging_mixin.py:188} INFO - [2026-03-25T11:30:09.278+0000] {dagbag.py:540} INFO - Filling up the DagBag from /home/airflow/.local/lib/python3.12/site-packages/airflow/example_dags/example_params_ui_tutorial.py
[2026-03-25T11:30:09.296+0000] {processor.py:840} INFO - DAG(s) 'example_params_ui_tutorial' retrieved from /home/airflow/.local/lib/python3.12/site-packages/airflow/example_dags/example_params_ui_tutorial.py
[2026-03-25T11:30:09.384+0000] {logging_mixin.py:188} INFO - [2026-03-25T11:30:09.384+0000] {dag.py:3096} INFO - Sync 1 DAGs
[2026-03-25T11:30:09.408+0000] {logging_mixin.py:188} INFO - [2026-03-25T11:30:09.407+0000] {dag.py:3954} INFO - Setting next_dagrun for example_params_ui_tutorial to None, run_after=None
[2026-03-25T11:30:09.481+0000] {processor.py:183} INFO - Processing /home/airflow/.local/lib/python3.12/site-packages/airflow/example_dags/example_params_ui_tutorial.py took 0.215 seconds
[2026-03-25T11:30:39.536+0000] {processor.py:161} INFO - Started process (PID=1744) to work on /home/airflow/.local/lib/python3.12/site-packages/airflow/example_dags/example_params_ui_tutorial.py
[2026-03-25T11:30:39.537+0000] {processor.py:830} INFO - Processing file /home/airflow/.local/lib/python3.12/site-packages/airflow/example_dags/example_params_ui_tutorial.py for tasks to queue
[2026-03-25T11:30:39.539+0000] {logging_mixin.py:188} INFO - [2026-03-25T11:30:39.539+0000] {dagbag.py:540} INFO - Filling up the DagBag from /home/airflow/.local/lib/python3.12/site-packages/airflow/example_dags/example_params_ui_tutorial.py
[2026-03-25T11:30:39.550+0000] {processor.py:840} INFO - DAG(s) 'example_params_ui_tutorial' retrieved from /home/airflow/.local/lib/python3.12/site-packages/airflow/example_dags/example_params_ui_tutorial.py
[2026-03-25T11:30:39.601+0000] {logging_mixin.py:188} INFO - [2026-03-25T11:30:39.601+0000] {dag.py:3096} INFO - Sync 1 DAGs
[2026-03-25T11:30:39.613+0000] {logging_mixin.py:188} INFO - [2026-03-25T11:30:39.613+0000] {dag.py:3954} INFO - Setting next_dagrun for example_params_ui_tutorial to None, run_after=None
[2026-03-25T11:30:39.662+0000] {processor.py:183} INFO - Processing /home/airflow/.local/lib/python3.12/site-packages/airflow/example_dags/example_params_ui_tutorial.py took 0.131 seconds
[2026-03-25T11:31:10.518+0000] {processor.py:161} INFO - Started process (PID=1803) to work on /home/airflow/.local/lib/python3.12/site-packages/airflow/example_dags/example_params_ui_tutorial.py
[2026-03-25T11:31:10.519+0000] {processor.py:830} INFO - Processing file /home/airflow/.local/lib/python3.12/site-packages/airflow/example_dags/example_params_ui_tutorial.py for tasks to queue
[2026-03-25T11:31:10.521+0000] {logging_mixin.py:188} INFO - [2026-03-25T11:31:10.521+0000] {dagbag.py:540} INFO - Filling up the DagBag from /home/airflow/.local/lib/python3.12/site-packages/airflow/example_dags/example_params_ui_tutorial.py
[2026-03-25T11:31:10.534+0000] {processor.py:840} INFO - DAG(s) 'example_params_ui_tutorial' retrieved from /home/airflow/.local/lib/python3.12/site-packages/airflow/example_dags/example_params_ui_tutorial.py
[2026-03-25T11:31:10.595+0000] {logging_mixin.py:188} INFO - [2026-03-25T11:31:10.595+0000] {dag.py:3096} INFO - Sync 1 DAGs
[2026-03-25T11:31:10.608+0000] {logging_mixin.py:188} INFO - [2026-03-25T11:31:10.607+0000] {dag.py:3954} INFO - Setting next_dagrun for example_params_ui_tutorial to None, run_after=None
[2026-03-25T11:31:10.719+0000] {processor.py:183} INFO - Processing /home/airflow/.local/lib/python3.12/site-packages/airflow/example_dags/example_params_ui_tutorial.py took 0.208 seconds
[2026-03-25T11:31:40.768+0000] {processor.py:161} INFO - Started process (PID=1862) to work on /home/airflow/.local/lib/python3.12/site-packages/airflow/example_dags/example_params_ui_tutorial.py
[2026-03-25T11:31:40.769+0000] {processor.py:830} INFO - Processing file /home/airflow/.local/lib/python3.12/site-packages/airflow/example_dags/example_params_ui_tutorial.py for tasks to queue
[2026-03-25T11:31:40.772+0000] {logging_mixin.py:188} INFO - [2026-03-25T11:31:40.771+0000] {dagbag.py:540} INFO - Filling up the DagBag from /home/airflow/.local/lib/python3.12/site-packages/airflow/example_dags/example_params_ui_tutorial.py
[2026-03-25T11:31:40.786+0000] {processor.py:840} INFO - DAG(s) 'example_params_ui_tutorial' retrieved from /home/airflow/.local/lib/python3.12/site-packages/airflow/example_dags/example_params_ui_tutorial.py
[2026-03-25T11:31:40.838+0000] {logging_mixin.py:188} INFO - [2026-03-25T11:31:40.838+0000] {dag.py:3096} INFO - Sync 1 DAGs
[2026-03-25T11:31:40.851+0000] {logging_mixin.py:188} INFO - [2026-03-25T11:31:40.851+0000] {dag.py:3954} INFO - Setting next_dagrun for example_params_ui_tutorial to None, run_after=None
[2026-03-25T11:31:40.933+0000] {processor.py:183} INFO - Processing /home/airflow/.local/lib/python3.12/site-packages/airflow/example_dags/example_params_ui_tutorial.py took 0.171 seconds
[2026-03-25T11:32:11.514+0000] {processor.py:161} INFO - Started process (PID=1921) to work on /home/airflow/.local/lib/python3.12/site-packages/airflow/example_dags/example_params_ui_tutorial.py
[2026-03-25T11:32:11.515+0000] {processor.py:830} INFO - Processing file /home/airflow/.local/lib/python3.12/site-packages/airflow/example_dags/example_params_ui_tutorial.py for tasks to queue
[2026-03-25T11:32:11.517+0000] {logging_mixin.py:188} INFO - [2026-03-25T11:32:11.517+0000] {dagbag.py:540} INFO - Filling up the DagBag from /home/airflow/.local/lib/python3.12/site-packages/airflow/example_dags/example_params_ui_tutorial.py
[2026-03-25T11:32:11.529+0000] {processor.py:840} INFO - DAG(s) 'example_params_ui_tutorial' retrieved from /home/airflow/.local/lib/python3.12/site-packages/airflow/example_dags/example_params_ui_tutorial.py
[2026-03-25T11:32:11.580+0000] {logging_mixin.py:188} INFO - [2026-03-25T11:32:11.580+0000] {dag.py:3096} INFO - Sync 1 DAGs
[2026-03-25T11:32:11.593+0000] {logging_mixin.py:188} INFO - [2026-03-25T11:32:11.593+0000] {dag.py:3954} INFO - Setting next_dagrun for example_params_ui_tutorial to None, run_after=None
[2026-03-25T11:32:11.637+0000] {processor.py:183} INFO - Processing /home/airflow/.local/lib/python3.12/site-packages/airflow/example_dags/example_params_ui_tutorial.py took 0.130 seconds
[2026-03-25T11:34:38.350+0000] {processor.py:161} INFO - Started process (PID=91) to work on /home/airflow/.local/lib/python3.12/site-packages/airflow/example_dags/example_params_ui_tutorial.py
[2026-03-25T11:34:38.351+0000] {processor.py:830} INFO - Processing file /home/airflow/.local/lib/python3.12/site-packages/airflow/example_dags/example_params_ui_tutorial.py for tasks to queue
[2026-03-25T11:34:38.354+0000] {logging_mixin.py:188} INFO - [2026-03-25T11:34:38.353+0000] {dagbag.py:540} INFO - Filling up the DagBag from /home/airflow/.local/lib/python3.12/site-packages/airflow/example_dags/example_params_ui_tutorial.py
[2026-03-25T11:34:38.373+0000] {processor.py:840} INFO - DAG(s) 'example_params_ui_tutorial' retrieved from /home/airflow/.local/lib/python3.12/site-packages/airflow/example_dags/example_params_ui_tutorial.py
[2026-03-25T11:34:38.633+0000] {logging_mixin.py:188} INFO - [2026-03-25T11:34:38.633+0000] {dag.py:3096} INFO - Sync 1 DAGs
[2026-03-25T11:34:38.658+0000] {logging_mixin.py:188} INFO - [2026-03-25T11:34:38.657+0000] {dag.py:3954} INFO - Setting next_dagrun for example_params_ui_tutorial to None, run_after=None
[2026-03-25T11:34:38.704+0000] {processor.py:183} INFO - Processing /home/airflow/.local/lib/python3.12/site-packages/airflow/example_dags/example_params_ui_tutorial.py took 0.362 seconds
[2026-03-25T11:35:09.493+0000] {processor.py:161} INFO - Started process (PID=150) to work on /home/airflow/.local/lib/python3.12/site-packages/airflow/example_dags/example_params_ui_tutorial.py
[2026-03-25T11:35:09.494+0000] {processor.py:830} INFO - Processing file /home/airflow/.local/lib/python3.12/site-packages/airflow/example_dags/example_params_ui_tutorial.py for tasks to queue
[2026-03-25T11:35:09.496+0000] {logging_mixin.py:188} INFO - [2026-03-25T11:35:09.496+0000] {dagbag.py:540} INFO - Filling up the DagBag from /home/airflow/.local/lib/python3.12/site-packages/airflow/example_dags/example_params_ui_tutorial.py
[2026-03-25T11:35:09.511+0000] {processor.py:840} INFO - DAG(s) 'example_params_ui_tutorial' retrieved from /home/airflow/.local/lib/python3.12/site-packages/airflow/example_dags/example_params_ui_tutorial.py
[2026-03-25T11:35:09.576+0000] {logging_mixin.py:188} INFO - [2026-03-25T11:35:09.576+0000] {dag.py:3096} INFO - Sync 1 DAGs
[2026-03-25T11:35:09.596+0000] {logging_mixin.py:188} INFO - [2026-03-25T11:35:09.596+0000] {dag.py:3954} INFO - Setting next_dagrun for example_params_ui_tutorial to None, run_after=None
[2026-03-25T11:35:09.632+0000] {processor.py:183} INFO - Processing /home/airflow/.local/lib/python3.12/site-packages/airflow/example_dags/example_params_ui_tutorial.py took 0.146 seconds
[2026-03-25T11:35:40.525+0000] {processor.py:161} INFO - Started process (PID=210) to work on /home/airflow/.local/lib/python3.12/site-packages/airflow/example_dags/example_params_ui_tutorial.py
[2026-03-25T11:35:40.526+0000] {processor.py:830} INFO - Processing file /home/airflow/.local/lib/python3.12/site-packages/airflow/example_dags/example_params_ui_tutorial.py for tasks to queue
[2026-03-25T11:35:40.528+0000] {logging_mixin.py:188} INFO - [2026-03-25T11:35:40.528+0000] {dagbag.py:540} INFO - Filling up the DagBag from /home/airflow/.local/lib/python3.12/site-packages/airflow/example_dags/example_params_ui_tutorial.py
[2026-03-25T11:35:40.541+0000] {processor.py:840} INFO - DAG(s) 'example_params_ui_tutorial' retrieved from /home/airflow/.local/lib/python3.12/site-packages/airflow/example_dags/example_params_ui_tutorial.py
[2026-03-25T11:35:40.594+0000] {logging_mixin.py:188} INFO - [2026-03-25T11:35:40.594+0000] {dag.py:3096} INFO - Sync 1 DAGs
[2026-03-25T11:35:40.609+0000] {logging_mixin.py:188} INFO - [2026-03-25T11:35:40.609+0000] {dag.py:3954} INFO - Setting next_dagrun for example_params_ui_tutorial to None, run_after=None
[2026-03-25T11:35:40.659+0000] {processor.py:183} INFO - Processing /home/airflow/.local/lib/python3.12/site-packages/airflow/example_dags/example_params_ui_tutorial.py took 0.142 seconds
[2026-03-25T11:36:13.923+0000] {processor.py:161} INFO - Started process (PID=269) to work on /home/airflow/.local/lib/python3.12/site-packages/airflow/example_dags/example_params_ui_tutorial.py
[2026-03-25T11:36:13.924+0000] {processor.py:830} INFO - Processing file /home/airflow/.local/lib/python3.12/site-packages/airflow/example_dags/example_params_ui_tutorial.py for tasks to queue
[2026-03-25T11:36:13.926+0000] {logging_mixin.py:188} INFO - [2026-03-25T11:36:13.926+0000] {dagbag.py:540} INFO - Filling up the DagBag from /home/airflow/.local/lib/python3.12/site-packages/airflow/example_dags/example_params_ui_tutorial.py
[2026-03-25T11:36:13.938+0000] {processor.py:840} INFO - DAG(s) 'example_params_ui_tutorial' retrieved from /home/airflow/.local/lib/python3.12/site-packages/airflow/example_dags/example_params_ui_tutorial.py
[2026-03-25T11:36:14.012+0000] {logging_mixin.py:188} INFO - [2026-03-25T11:36:14.012+0000] {dag.py:3096} INFO - Sync 1 DAGs
[2026-03-25T11:36:14.027+0000] {logging_mixin.py:188} INFO - [2026-03-25T11:36:14.027+0000] {dag.py:3954} INFO - Setting next_dagrun for example_params_ui_tutorial to None, run_after=None
[2026-03-25T11:36:14.085+0000] {processor.py:183} INFO - Processing /home/airflow/.local/lib/python3.12/site-packages/airflow/example_dags/example_params_ui_tutorial.py took 0.168 seconds
[2026-03-25T11:36:46.499+0000] {processor.py:161} INFO - Started process (PID=328) to work on /home/airflow/.local/lib/python3.12/site-packages/airflow/example_dags/example_params_ui_tutorial.py
[2026-03-25T11:36:46.501+0000] {processor.py:830} INFO - Processing file /home/airflow/.local/lib/python3.12/site-packages/airflow/example_dags/example_params_ui_tutorial.py for tasks to queue
[2026-03-25T11:36:46.504+0000] {logging_mixin.py:188} INFO - [2026-03-25T11:36:46.503+0000] {dagbag.py:540} INFO - Filling up the DagBag from /home/airflow/.local/lib/python3.12/site-packages/airflow/example_dags/example_params_ui_tutorial.py
[2026-03-25T11:36:46.525+0000] {processor.py:840} INFO - DAG(s) 'example_params_ui_tutorial' retrieved from /home/airflow/.local/lib/python3.12/site-packages/airflow/example_dags/example_params_ui_tutorial.py
[2026-03-25T11:36:46.618+0000] {logging_mixin.py:188} INFO - [2026-03-25T11:36:46.618+0000] {dag.py:3096} INFO - Sync 1 DAGs
[2026-03-25T11:36:46.642+0000] {logging_mixin.py:188} INFO - [2026-03-25T11:36:46.642+0000] {dag.py:3954} INFO - Setting next_dagrun for example_params_ui_tutorial to None, run_after=None
[2026-03-25T11:36:46.820+0000] {processor.py:183} INFO - Processing /home/airflow/.local/lib/python3.12/site-packages/airflow/example_dags/example_params_ui_tutorial.py took 0.331 seconds
[2026-03-25T11:37:18.716+0000] {processor.py:161} INFO - Started process (PID=381) to work on /home/airflow/.local/lib/python3.12/site-packages/airflow/example_dags/example_params_ui_tutorial.py
[2026-03-25T11:37:18.718+0000] {processor.py:830} INFO - Processing file /home/airflow/.local/lib/python3.12/site-packages/airflow/example_dags/example_params_ui_tutorial.py for tasks to queue
[2026-03-25T11:37:18.721+0000] {logging_mixin.py:188} INFO - [2026-03-25T11:37:18.720+0000] {dagbag.py:540} INFO - Filling up the DagBag from /home/airflow/.local/lib/python3.12/site-packages/airflow/example_dags/example_params_ui_tutorial.py
[2026-03-25T11:37:18.741+0000] {processor.py:840} INFO - DAG(s) 'example_params_ui_tutorial' retrieved from /home/airflow/.local/lib/python3.12/site-packages/airflow/example_dags/example_params_ui_tutorial.py
[2026-03-25T11:37:18.840+0000] {logging_mixin.py:188} INFO - [2026-03-25T11:37:18.840+0000] {dag.py:3096} INFO - Sync 1 DAGs
[2026-03-25T11:37:18.867+0000] {logging_mixin.py:188} INFO - [2026-03-25T11:37:18.867+0000] {dag.py:3954} INFO - Setting next_dagrun for example_params_ui_tutorial to None, run_after=None
[2026-03-25T11:37:18.941+0000] {processor.py:183} INFO - Processing /home/airflow/.local/lib/python3.12/site-packages/airflow/example_dags/example_params_ui_tutorial.py took 0.239 seconds
[2026-03-25T11:37:51.062+0000] {processor.py:161} INFO - Started process (PID=440) to work on /home/airflow/.local/lib/python3.12/site-packages/airflow/example_dags/example_params_ui_tutorial.py
[2026-03-25T11:37:51.063+0000] {processor.py:830} INFO - Processing file /home/airflow/.local/lib/python3.12/site-packages/airflow/example_dags/example_params_ui_tutorial.py for tasks to queue
[2026-03-25T11:37:51.065+0000] {logging_mixin.py:188} INFO - [2026-03-25T11:37:51.065+0000] {dagbag.py:540} INFO - Filling up the DagBag from /home/airflow/.local/lib/python3.12/site-packages/airflow/example_dags/example_params_ui_tutorial.py
[2026-03-25T11:37:51.078+0000] {processor.py:840} INFO - DAG(s) 'example_params_ui_tutorial' retrieved from /home/airflow/.local/lib/python3.12/site-packages/airflow/example_dags/example_params_ui_tutorial.py
[2026-03-25T11:37:51.136+0000] {logging_mixin.py:188} INFO - [2026-03-25T11:37:51.135+0000] {dag.py:3096} INFO - Sync 1 DAGs
[2026-03-25T11:37:51.159+0000] {logging_mixin.py:188} INFO - [2026-03-25T11:37:51.158+0000] {dag.py:3954} INFO - Setting next_dagrun for example_params_ui_tutorial to None, run_after=None
[2026-03-25T11:37:51.217+0000] {processor.py:183} INFO - Processing /home/airflow/.local/lib/python3.12/site-packages/airflow/example_dags/example_params_ui_tutorial.py took 0.160 seconds
[2026-03-25T11:38:23.070+0000] {processor.py:161} INFO - Started process (PID=499) to work on /home/airflow/.local/lib/python3.12/site-packages/airflow/example_dags/example_params_ui_tutorial.py
[2026-03-25T11:38:23.071+0000] {processor.py:830} INFO - Processing file /home/airflow/.local/lib/python3.12/site-packages/airflow/example_dags/example_params_ui_tutorial.py for tasks to queue
[2026-03-25T11:38:23.073+0000] {logging_mixin.py:188} INFO - [2026-03-25T11:38:23.073+0000] {dagbag.py:540} INFO - Filling up the DagBag from /home/airflow/.local/lib/python3.12/site-packages/airflow/example_dags/example_params_ui_tutorial.py
[2026-03-25T11:38:23.085+0000] {processor.py:840} INFO - DAG(s) 'example_params_ui_tutorial' retrieved from /home/airflow/.local/lib/python3.12/site-packages/airflow/example_dags/example_params_ui_tutorial.py
[2026-03-25T11:38:23.137+0000] {logging_mixin.py:188} INFO - [2026-03-25T11:38:23.137+0000] {dag.py:3096} INFO - Sync 1 DAGs
[2026-03-25T11:38:23.150+0000] {logging_mixin.py:188} INFO - [2026-03-25T11:38:23.150+0000] {dag.py:3954} INFO - Setting next_dagrun for example_params_ui_tutorial to None, run_after=None
[2026-03-25T11:38:23.193+0000] {processor.py:183} INFO - Processing /home/airflow/.local/lib/python3.12/site-packages/airflow/example_dags/example_params_ui_tutorial.py took 0.129 seconds
[2026-03-25T11:38:55.884+0000] {processor.py:161} INFO - Started process (PID=558) to work on /home/airflow/.local/lib/python3.12/site-packages/airflow/example_dags/example_params_ui_tutorial.py
[2026-03-25T11:38:55.885+0000] {processor.py:830} INFO - Processing file /home/airflow/.local/lib/python3.12/site-packages/airflow/example_dags/example_params_ui_tutorial.py for tasks to queue
[2026-03-25T11:38:55.888+0000] {logging_mixin.py:188} INFO - [2026-03-25T11:38:55.887+0000] {dagbag.py:540} INFO - Filling up the DagBag from /home/airflow/.local/lib/python3.12/site-packages/airflow/example_dags/example_params_ui_tutorial.py
[2026-03-25T11:38:55.900+0000] {processor.py:840} INFO - DAG(s) 'example_params_ui_tutorial' retrieved from /home/airflow/.local/lib/python3.12/site-packages/airflow/example_dags/example_params_ui_tutorial.py
[2026-03-25T11:38:55.956+0000] {logging_mixin.py:188} INFO - [2026-03-25T11:38:55.955+0000] {dag.py:3096} INFO - Sync 1 DAGs
[2026-03-25T11:38:55.971+0000] {logging_mixin.py:188} INFO - [2026-03-25T11:38:55.971+0000] {dag.py:3954} INFO - Setting next_dagrun for example_params_ui_tutorial to None, run_after=None
[2026-03-25T11:38:56.015+0000] {processor.py:183} INFO - Processing /home/airflow/.local/lib/python3.12/site-packages/airflow/example_dags/example_params_ui_tutorial.py took 0.138 seconds
[2026-03-25T11:39:28.518+0000] {processor.py:161} INFO - Started process (PID=617) to work on /home/airflow/.local/lib/python3.12/site-packages/airflow/example_dags/example_params_ui_tutorial.py
[2026-03-25T11:39:28.519+0000] {processor.py:830} INFO - Processing file /home/airflow/.local/lib/python3.12/site-packages/airflow/example_dags/example_params_ui_tutorial.py for tasks to queue
[2026-03-25T11:39:28.521+0000] {logging_mixin.py:188} INFO - [2026-03-25T11:39:28.520+0000] {dagbag.py:540} INFO - Filling up the DagBag from /home/airflow/.local/lib/python3.12/site-packages/airflow/example_dags/example_params_ui_tutorial.py
[2026-03-25T11:39:28.532+0000] {processor.py:840} INFO - DAG(s) 'example_params_ui_tutorial' retrieved from /home/airflow/.local/lib/python3.12/site-packages/airflow/example_dags/example_params_ui_tutorial.py
[2026-03-25T11:39:28.609+0000] {logging_mixin.py:188} INFO - [2026-03-25T11:39:28.609+0000] {dag.py:3096} INFO - Sync 1 DAGs
[2026-03-25T11:39:28.629+0000] {logging_mixin.py:188} INFO - [2026-03-25T11:39:28.629+0000] {dag.py:3954} INFO - Setting next_dagrun for example_params_ui_tutorial to None, run_after=None
[2026-03-25T11:39:28.679+0000] {processor.py:183} INFO - Processing /home/airflow/.local/lib/python3.12/site-packages/airflow/example_dags/example_params_ui_tutorial.py took 0.167 seconds
[2026-03-25T11:40:01.941+0000] {processor.py:161} INFO - Started process (PID=676) to work on /home/airflow/.local/lib/python3.12/site-packages/airflow/example_dags/example_params_ui_tutorial.py
[2026-03-25T11:40:01.942+0000] {processor.py:830} INFO - Processing file /home/airflow/.local/lib/python3.12/site-packages/airflow/example_dags/example_params_ui_tutorial.py for tasks to queue
[2026-03-25T11:40:01.944+0000] {logging_mixin.py:188} INFO - [2026-03-25T11:40:01.944+0000] {dagbag.py:540} INFO - Filling up the DagBag from /home/airflow/.local/lib/python3.12/site-packages/airflow/example_dags/example_params_ui_tutorial.py
[2026-03-25T11:40:01.956+0000] {processor.py:840} INFO - DAG(s) 'example_params_ui_tutorial' retrieved from /home/airflow/.local/lib/python3.12/site-packages/airflow/example_dags/example_params_ui_tutorial.py
[2026-03-25T11:40:02.006+0000] {logging_mixin.py:188} INFO - [2026-03-25T11:40:02.006+0000] {dag.py:3096} INFO - Sync 1 DAGs
[2026-03-25T11:40:02.019+0000] {logging_mixin.py:188} INFO - [2026-03-25T11:40:02.019+0000] {dag.py:3954} INFO - Setting next_dagrun for example_params_ui_tutorial to None, run_after=None
[2026-03-25T11:40:02.062+0000] {processor.py:183} INFO - Processing /home/airflow/.local/lib/python3.12/site-packages/airflow/example_dags/example_params_ui_tutorial.py took 0.125 seconds
[2026-03-25T11:40:33.877+0000] {processor.py:161} INFO - Started process (PID=735) to work on /home/airflow/.local/lib/python3.12/site-packages/airflow/example_dags/example_params_ui_tutorial.py
[2026-03-25T11:40:33.879+0000] {processor.py:830} INFO - Processing file /home/airflow/.local/lib/python3.12/site-packages/airflow/example_dags/example_params_ui_tutorial.py for tasks to queue
[2026-03-25T11:40:33.881+0000] {logging_mixin.py:188} INFO - [2026-03-25T11:40:33.881+0000] {dagbag.py:540} INFO - Filling up the DagBag from /home/airflow/.local/lib/python3.12/site-packages/airflow/example_dags/example_params_ui_tutorial.py
[2026-03-25T11:40:33.893+0000] {processor.py:840} INFO - DAG(s) 'example_params_ui_tutorial' retrieved from /home/airflow/.local/lib/python3.12/site-packages/airflow/example_dags/example_params_ui_tutorial.py
[2026-03-25T11:40:33.943+0000] {logging_mixin.py:188} INFO - [2026-03-25T11:40:33.943+0000] {dag.py:3096} INFO - Sync 1 DAGs
[2026-03-25T11:40:33.957+0000] {logging_mixin.py:188} INFO - [2026-03-25T11:40:33.957+0000] {dag.py:3954} INFO - Setting next_dagrun for example_params_ui_tutorial to None, run_after=None
[2026-03-25T11:40:34.034+0000] {processor.py:183} INFO - Processing /home/airflow/.local/lib/python3.12/site-packages/airflow/example_dags/example_params_ui_tutorial.py took 0.163 seconds
[2026-03-25T11:41:06.875+0000] {processor.py:161} INFO - Started process (PID=794) to work on /home/airflow/.local/lib/python3.12/site-packages/airflow/example_dags/example_params_ui_tutorial.py
[2026-03-25T11:41:06.876+0000] {processor.py:830} INFO - Processing file /home/airflow/.local/lib/python3.12/site-packages/airflow/example_dags/example_params_ui_tutorial.py for tasks to queue
[2026-03-25T11:41:06.878+0000] {logging_mixin.py:188} INFO - [2026-03-25T11:41:06.878+0000] {dagbag.py:540} INFO - Filling up the DagBag from /home/airflow/.local/lib/python3.12/site-packages/airflow/example_dags/example_params_ui_tutorial.py
[2026-03-25T11:41:06.890+0000] {processor.py:840} INFO - DAG(s) 'example_params_ui_tutorial' retrieved from /home/airflow/.local/lib/python3.12/site-packages/airflow/example_dags/example_params_ui_tutorial.py
[2026-03-25T11:41:06.947+0000] {logging_mixin.py:188} INFO - [2026-03-25T11:41:06.947+0000] {dag.py:3096} INFO - Sync 1 DAGs
[2026-03-25T11:41:06.962+0000] {logging_mixin.py:188} INFO - [2026-03-25T11:41:06.962+0000] {dag.py:3954} INFO - Setting next_dagrun for example_params_ui_tutorial to None, run_after=None
[2026-03-25T11:41:07.004+0000] {processor.py:183} INFO - Processing /home/airflow/.local/lib/python3.12/site-packages/airflow/example_dags/example_params_ui_tutorial.py took 0.135 seconds
[2026-03-25T11:41:41.017+0000] {processor.py:161} INFO - Started process (PID=853) to work on /home/airflow/.local/lib/python3.12/site-packages/airflow/example_dags/example_params_ui_tutorial.py
[2026-03-25T11:41:41.018+0000] {processor.py:830} INFO - Processing file /home/airflow/.local/lib/python3.12/site-packages/airflow/example_dags/example_params_ui_tutorial.py for tasks to queue
[2026-03-25T11:41:41.020+0000] {logging_mixin.py:188} INFO - [2026-03-25T11:41:41.019+0000] {dagbag.py:540} INFO - Filling up the DagBag from /home/airflow/.local/lib/python3.12/site-packages/airflow/example_dags/example_params_ui_tutorial.py
[2026-03-25T11:41:41.032+0000] {processor.py:840} INFO - DAG(s) 'example_params_ui_tutorial' retrieved from /home/airflow/.local/lib/python3.12/site-packages/airflow/example_dags/example_params_ui_tutorial.py
[2026-03-25T11:41:41.095+0000] {logging_mixin.py:188} INFO - [2026-03-25T11:41:41.095+0000] {dag.py:3096} INFO - Sync 1 DAGs
[2026-03-25T11:41:41.112+0000] {logging_mixin.py:188} INFO - [2026-03-25T11:41:41.112+0000] {dag.py:3954} INFO - Setting next_dagrun for example_params_ui_tutorial to None, run_after=None
[2026-03-25T11:41:41.158+0000] {processor.py:183} INFO - Processing /home/airflow/.local/lib/python3.12/site-packages/airflow/example_dags/example_params_ui_tutorial.py took 0.147 seconds
[2026-03-25T11:42:12.087+0000] {processor.py:161} INFO - Started process (PID=912) to work on /home/airflow/.local/lib/python3.12/site-packages/airflow/example_dags/example_params_ui_tutorial.py
[2026-03-25T11:42:12.088+0000] {processor.py:830} INFO - Processing file /home/airflow/.local/lib/python3.12/site-packages/airflow/example_dags/example_params_ui_tutorial.py for tasks to queue
[2026-03-25T11:42:12.090+0000] {logging_mixin.py:188} INFO - [2026-03-25T11:42:12.090+0000] {dagbag.py:540} INFO - Filling up the DagBag from /home/airflow/.local/lib/python3.12/site-packages/airflow/example_dags/example_params_ui_tutorial.py
[2026-03-25T11:42:12.105+0000] {processor.py:840} INFO - DAG(s) 'example_params_ui_tutorial' retrieved from /home/airflow/.local/lib/python3.12/site-packages/airflow/example_dags/example_params_ui_tutorial.py
[2026-03-25T11:42:12.173+0000] {logging_mixin.py:188} INFO - [2026-03-25T11:42:12.172+0000] {dag.py:3096} INFO - Sync 1 DAGs
[2026-03-25T11:42:12.188+0000] {logging_mixin.py:188} INFO - [2026-03-25T11:42:12.188+0000] {dag.py:3954} INFO - Setting next_dagrun for example_params_ui_tutorial to None, run_after=None
[2026-03-25T11:42:12.231+0000] {processor.py:183} INFO - Processing /home/airflow/.local/lib/python3.12/site-packages/airflow/example_dags/example_params_ui_tutorial.py took 0.151 seconds
[2026-03-25T11:42:44.965+0000] {processor.py:161} INFO - Started process (PID=971) to work on /home/airflow/.local/lib/python3.12/site-packages/airflow/example_dags/example_params_ui_tutorial.py
[2026-03-25T11:42:44.967+0000] {processor.py:830} INFO - Processing file /home/airflow/.local/lib/python3.12/site-packages/airflow/example_dags/example_params_ui_tutorial.py for tasks to queue
[2026-03-25T11:42:44.970+0000] {logging_mixin.py:188} INFO - [2026-03-25T11:42:44.969+0000] {dagbag.py:540} INFO - Filling up the DagBag from /home/airflow/.local/lib/python3.12/site-packages/airflow/example_dags/example_params_ui_tutorial.py
[2026-03-25T11:42:44.985+0000] {processor.py:840} INFO - DAG(s) 'example_params_ui_tutorial' retrieved from /home/airflow/.local/lib/python3.12/site-packages/airflow/example_dags/example_params_ui_tutorial.py
[2026-03-25T11:42:45.045+0000] {logging_mixin.py:188} INFO - [2026-03-25T11:42:45.045+0000] {dag.py:3096} INFO - Sync 1 DAGs
[2026-03-25T11:42:45.068+0000] {logging_mixin.py:188} INFO - [2026-03-25T11:42:45.068+0000] {dag.py:3954} INFO - Setting next_dagrun for example_params_ui_tutorial to None, run_after=None
[2026-03-25T11:42:45.132+0000] {processor.py:183} INFO - Processing /home/airflow/.local/lib/python3.12/site-packages/airflow/example_dags/example_params_ui_tutorial.py took 0.173 seconds
[2026-03-25T11:43:18.477+0000] {processor.py:161} INFO - Started process (PID=1030) to work on /home/airflow/.local/lib/python3.12/site-packages/airflow/example_dags/example_params_ui_tutorial.py
[2026-03-25T11:43:18.479+0000] {processor.py:830} INFO - Processing file /home/airflow/.local/lib/python3.12/site-packages/airflow/example_dags/example_params_ui_tutorial.py for tasks to queue
[2026-03-25T11:43:18.481+0000] {logging_mixin.py:188} INFO - [2026-03-25T11:43:18.481+0000] {dagbag.py:540} INFO - Filling up the DagBag from /home/airflow/.local/lib/python3.12/site-packages/airflow/example_dags/example_params_ui_tutorial.py
[2026-03-25T11:43:18.495+0000] {processor.py:840} INFO - DAG(s) 'example_params_ui_tutorial' retrieved from /home/airflow/.local/lib/python3.12/site-packages/airflow/example_dags/example_params_ui_tutorial.py
[2026-03-25T11:43:18.567+0000] {logging_mixin.py:188} INFO - [2026-03-25T11:43:18.567+0000] {dag.py:3096} INFO - Sync 1 DAGs
[2026-03-25T11:43:18.582+0000] {logging_mixin.py:188} INFO - [2026-03-25T11:43:18.582+0000] {dag.py:3954} INFO - Setting next_dagrun for example_params_ui_tutorial to None, run_after=None
[2026-03-25T11:43:18.655+0000] {processor.py:183} INFO - Processing /home/airflow/.local/lib/python3.12/site-packages/airflow/example_dags/example_params_ui_tutorial.py took 0.184 seconds
[2026-03-25T11:43:50.526+0000] {processor.py:161} INFO - Started process (PID=1089) to work on /home/airflow/.local/lib/python3.12/site-packages/airflow/example_dags/example_params_ui_tutorial.py
[2026-03-25T11:43:50.527+0000] {processor.py:830} INFO - Processing file /home/airflow/.local/lib/python3.12/site-packages/airflow/example_dags/example_params_ui_tutorial.py for tasks to queue
[2026-03-25T11:43:50.529+0000] {logging_mixin.py:188} INFO - [2026-03-25T11:43:50.529+0000] {dagbag.py:540} INFO - Filling up the DagBag from /home/airflow/.local/lib/python3.12/site-packages/airflow/example_dags/example_params_ui_tutorial.py
[2026-03-25T11:43:50.541+0000] {processor.py:840} INFO - DAG(s) 'example_params_ui_tutorial' retrieved from /home/airflow/.local/lib/python3.12/site-packages/airflow/example_dags/example_params_ui_tutorial.py
[2026-03-25T11:43:50.593+0000] {logging_mixin.py:188} INFO - [2026-03-25T11:43:50.593+0000] {dag.py:3096} INFO - Sync 1 DAGs
[2026-03-25T11:43:50.607+0000] {logging_mixin.py:188} INFO - [2026-03-25T11:43:50.607+0000] {dag.py:3954} INFO - Setting next_dagrun for example_params_ui_tutorial to None, run_after=None
[2026-03-25T11:43:50.646+0000] {processor.py:183} INFO - Processing /home/airflow/.local/lib/python3.12/site-packages/airflow/example_dags/example_params_ui_tutorial.py took 0.126 seconds
[2026-03-25T11:44:23.144+0000] {processor.py:161} INFO - Started process (PID=1148) to work on /home/airflow/.local/lib/python3.12/site-packages/airflow/example_dags/example_params_ui_tutorial.py
[2026-03-25T11:44:23.145+0000] {processor.py:830} INFO - Processing file /home/airflow/.local/lib/python3.12/site-packages/airflow/example_dags/example_params_ui_tutorial.py for tasks to queue
[2026-03-25T11:44:23.147+0000] {logging_mixin.py:188} INFO - [2026-03-25T11:44:23.147+0000] {dagbag.py:540} INFO - Filling up the DagBag from /home/airflow/.local/lib/python3.12/site-packages/airflow/example_dags/example_params_ui_tutorial.py
[2026-03-25T11:44:23.161+0000] {processor.py:840} INFO - DAG(s) 'example_params_ui_tutorial' retrieved from /home/airflow/.local/lib/python3.12/site-packages/airflow/example_dags/example_params_ui_tutorial.py
[2026-03-25T11:44:23.212+0000] {logging_mixin.py:188} INFO - [2026-03-25T11:44:23.212+0000] {dag.py:3096} INFO - Sync 1 DAGs
[2026-03-25T11:44:23.225+0000] {logging_mixin.py:188} INFO - [2026-03-25T11:44:23.225+0000] {dag.py:3954} INFO - Setting next_dagrun for example_params_ui_tutorial to None, run_after=None
[2026-03-25T11:44:23.259+0000] {processor.py:183} INFO - Processing /home/airflow/.local/lib/python3.12/site-packages/airflow/example_dags/example_params_ui_tutorial.py took 0.122 seconds
[2026-03-25T11:44:56.251+0000] {processor.py:161} INFO - Started process (PID=1207) to work on /home/airflow/.local/lib/python3.12/site-packages/airflow/example_dags/example_params_ui_tutorial.py
[2026-03-25T11:44:56.252+0000] {processor.py:830} INFO - Processing file /home/airflow/.local/lib/python3.12/site-packages/airflow/example_dags/example_params_ui_tutorial.py for tasks to queue
[2026-03-25T11:44:56.254+0000] {logging_mixin.py:188} INFO - [2026-03-25T11:44:56.254+0000] {dagbag.py:540} INFO - Filling up the DagBag from /home/airflow/.local/lib/python3.12/site-packages/airflow/example_dags/example_params_ui_tutorial.py
[2026-03-25T11:44:56.266+0000] {processor.py:840} INFO - DAG(s) 'example_params_ui_tutorial' retrieved from /home/airflow/.local/lib/python3.12/site-packages/airflow/example_dags/example_params_ui_tutorial.py
[2026-03-25T11:44:56.320+0000] {logging_mixin.py:188} INFO - [2026-03-25T11:44:56.320+0000] {dag.py:3096} INFO - Sync 1 DAGs
[2026-03-25T11:44:56.335+0000] {logging_mixin.py:188} INFO - [2026-03-25T11:44:56.335+0000] {dag.py:3954} INFO - Setting next_dagrun for example_params_ui_tutorial to None, run_after=None
[2026-03-25T11:44:56.411+0000] {processor.py:183} INFO - Processing /home/airflow/.local/lib/python3.12/site-packages/airflow/example_dags/example_params_ui_tutorial.py took 0.168 seconds
[2026-03-25T11:45:29.121+0000] {processor.py:161} INFO - Started process (PID=1266) to work on /home/airflow/.local/lib/python3.12/site-packages/airflow/example_dags/example_params_ui_tutorial.py
[2026-03-25T11:45:29.122+0000] {processor.py:830} INFO - Processing file /home/airflow/.local/lib/python3.12/site-packages/airflow/example_dags/example_params_ui_tutorial.py for tasks to queue
[2026-03-25T11:45:29.124+0000] {logging_mixin.py:188} INFO - [2026-03-25T11:45:29.123+0000] {dagbag.py:540} INFO - Filling up the DagBag from /home/airflow/.local/lib/python3.12/site-packages/airflow/example_dags/example_params_ui_tutorial.py
[2026-03-25T11:45:29.135+0000] {processor.py:840} INFO - DAG(s) 'example_params_ui_tutorial' retrieved from /home/airflow/.local/lib/python3.12/site-packages/airflow/example_dags/example_params_ui_tutorial.py
[2026-03-25T11:45:29.204+0000] {logging_mixin.py:188} INFO - [2026-03-25T11:45:29.204+0000] {dag.py:3096} INFO - Sync 1 DAGs
[2026-03-25T11:45:29.221+0000] {logging_mixin.py:188} INFO - [2026-03-25T11:45:29.221+0000] {dag.py:3954} INFO - Setting next_dagrun for example_params_ui_tutorial to None, run_after=None
[2026-03-25T11:45:29.297+0000] {processor.py:183} INFO - Processing /home/airflow/.local/lib/python3.12/site-packages/airflow/example_dags/example_params_ui_tutorial.py took 0.182 seconds
[2026-03-25T11:46:01.253+0000] {processor.py:161} INFO - Started process (PID=1325) to work on /home/airflow/.local/lib/python3.12/site-packages/airflow/example_dags/example_params_ui_tutorial.py
[2026-03-25T11:46:01.254+0000] {processor.py:830} INFO - Processing file /home/airflow/.local/lib/python3.12/site-packages/airflow/example_dags/example_params_ui_tutorial.py for tasks to queue
[2026-03-25T11:46:01.256+0000] {logging_mixin.py:188} INFO - [2026-03-25T11:46:01.256+0000] {dagbag.py:540} INFO - Filling up the DagBag from /home/airflow/.local/lib/python3.12/site-packages/airflow/example_dags/example_params_ui_tutorial.py
[2026-03-25T11:46:01.269+0000] {processor.py:840} INFO - DAG(s) 'example_params_ui_tutorial' retrieved from /home/airflow/.local/lib/python3.12/site-packages/airflow/example_dags/example_params_ui_tutorial.py
[2026-03-25T11:46:01.329+0000] {logging_mixin.py:188} INFO - [2026-03-25T11:46:01.329+0000] {dag.py:3096} INFO - Sync 1 DAGs
[2026-03-25T11:46:01.343+0000] {logging_mixin.py:188} INFO - [2026-03-25T11:46:01.343+0000] {dag.py:3954} INFO - Setting next_dagrun for example_params_ui_tutorial to None, run_after=None
[2026-03-25T11:46:01.415+0000] {processor.py:183} INFO - Processing /home/airflow/.local/lib/python3.12/site-packages/airflow/example_dags/example_params_ui_tutorial.py took 0.167 seconds
[2026-03-25T11:46:34.533+0000] {processor.py:161} INFO - Started process (PID=1384) to work on /home/airflow/.local/lib/python3.12/site-packages/airflow/example_dags/example_params_ui_tutorial.py
[2026-03-25T11:46:34.534+0000] {processor.py:830} INFO - Processing file /home/airflow/.local/lib/python3.12/site-packages/airflow/example_dags/example_params_ui_tutorial.py for tasks to queue
[2026-03-25T11:46:34.537+0000] {logging_mixin.py:188} INFO - [2026-03-25T11:46:34.537+0000] {dagbag.py:540} INFO - Filling up the DagBag from /home/airflow/.local/lib/python3.12/site-packages/airflow/example_dags/example_params_ui_tutorial.py
[2026-03-25T11:46:34.557+0000] {processor.py:840} INFO - DAG(s) 'example_params_ui_tutorial' retrieved from /home/airflow/.local/lib/python3.12/site-packages/airflow/example_dags/example_params_ui_tutorial.py
[2026-03-25T11:46:34.643+0000] {logging_mixin.py:188} INFO - [2026-03-25T11:46:34.642+0000] {dag.py:3096} INFO - Sync 1 DAGs
[2026-03-25T11:46:34.667+0000] {logging_mixin.py:188} INFO - [2026-03-25T11:46:34.667+0000] {dag.py:3954} INFO - Setting next_dagrun for example_params_ui_tutorial to None, run_after=None
[2026-03-25T11:46:34.716+0000] {processor.py:183} INFO - Processing /home/airflow/.local/lib/python3.12/site-packages/airflow/example_dags/example_params_ui_tutorial.py took 0.194 seconds
[2026-03-25T11:47:09.026+0000] {processor.py:161} INFO - Started process (PID=1443) to work on /home/airflow/.local/lib/python3.12/site-packages/airflow/example_dags/example_params_ui_tutorial.py
[2026-03-25T11:47:09.029+0000] {processor.py:830} INFO - Processing file /home/airflow/.local/lib/python3.12/site-packages/airflow/example_dags/example_params_ui_tutorial.py for tasks to queue
[2026-03-25T11:47:09.034+0000] {logging_mixin.py:188} INFO - [2026-03-25T11:47:09.033+0000] {dagbag.py:540} INFO - Filling up the DagBag from /home/airflow/.local/lib/python3.12/site-packages/airflow/example_dags/example_params_ui_tutorial.py
[2026-03-25T11:47:09.069+0000] {processor.py:840} INFO - DAG(s) 'example_params_ui_tutorial' retrieved from /home/airflow/.local/lib/python3.12/site-packages/airflow/example_dags/example_params_ui_tutorial.py
[2026-03-25T11:47:09.221+0000] {logging_mixin.py:188} INFO - [2026-03-25T11:47:09.220+0000] {dag.py:3096} INFO - Sync 1 DAGs
[2026-03-25T11:47:09.254+0000] {logging_mixin.py:188} INFO - [2026-03-25T11:47:09.254+0000] {dag.py:3954} INFO - Setting next_dagrun for example_params_ui_tutorial to None, run_after=None
[2026-03-25T11:47:09.325+0000] {processor.py:183} INFO - Processing /home/airflow/.local/lib/python3.12/site-packages/airflow/example_dags/example_params_ui_tutorial.py took 0.311 seconds
[2026-03-25T11:47:42.624+0000] {processor.py:161} INFO - Started process (PID=1509) to work on /home/airflow/.local/lib/python3.12/site-packages/airflow/example_dags/example_params_ui_tutorial.py
[2026-03-25T11:47:42.625+0000] {processor.py:830} INFO - Processing file /home/airflow/.local/lib/python3.12/site-packages/airflow/example_dags/example_params_ui_tutorial.py for tasks to queue
[2026-03-25T11:47:42.628+0000] {logging_mixin.py:188} INFO - [2026-03-25T11:47:42.628+0000] {dagbag.py:540} INFO - Filling up the DagBag from /home/airflow/.local/lib/python3.12/site-packages/airflow/example_dags/example_params_ui_tutorial.py
[2026-03-25T11:47:42.649+0000] {processor.py:840} INFO - DAG(s) 'example_params_ui_tutorial' retrieved from /home/airflow/.local/lib/python3.12/site-packages/airflow/example_dags/example_params_ui_tutorial.py
[2026-03-25T11:47:42.714+0000] {logging_mixin.py:188} INFO - [2026-03-25T11:47:42.714+0000] {dag.py:3096} INFO - Sync 1 DAGs
[2026-03-25T11:47:42.730+0000] {logging_mixin.py:188} INFO - [2026-03-25T11:47:42.730+0000] {dag.py:3954} INFO - Setting next_dagrun for example_params_ui_tutorial to None, run_after=None
[2026-03-25T11:47:42.776+0000] {processor.py:183} INFO - Processing /home/airflow/.local/lib/python3.12/site-packages/airflow/example_dags/example_params_ui_tutorial.py took 0.160 seconds
[2026-03-25T11:48:12.960+0000] {processor.py:161} INFO - Started process (PID=1562) to work on /home/airflow/.local/lib/python3.12/site-packages/airflow/example_dags/example_params_ui_tutorial.py
[2026-03-25T11:48:12.962+0000] {processor.py:830} INFO - Processing file /home/airflow/.local/lib/python3.12/site-packages/airflow/example_dags/example_params_ui_tutorial.py for tasks to queue
[2026-03-25T11:48:12.964+0000] {logging_mixin.py:188} INFO - [2026-03-25T11:48:12.964+0000] {dagbag.py:540} INFO - Filling up the DagBag from /home/airflow/.local/lib/python3.12/site-packages/airflow/example_dags/example_params_ui_tutorial.py
[2026-03-25T11:48:12.978+0000] {processor.py:840} INFO - DAG(s) 'example_params_ui_tutorial' retrieved from /home/airflow/.local/lib/python3.12/site-packages/airflow/example_dags/example_params_ui_tutorial.py
[2026-03-25T11:48:13.039+0000] {logging_mixin.py:188} INFO - [2026-03-25T11:48:13.039+0000] {dag.py:3096} INFO - Sync 1 DAGs
[2026-03-25T11:48:13.055+0000] {logging_mixin.py:188} INFO - [2026-03-25T11:48:13.055+0000] {dag.py:3954} INFO - Setting next_dagrun for example_params_ui_tutorial to None, run_after=None
[2026-03-25T11:48:13.098+0000] {processor.py:183} INFO - Processing /home/airflow/.local/lib/python3.12/site-packages/airflow/example_dags/example_params_ui_tutorial.py took 0.144 seconds
[2026-03-25T11:48:44.896+0000] {processor.py:161} INFO - Started process (PID=1621) to work on /home/airflow/.local/lib/python3.12/site-packages/airflow/example_dags/example_params_ui_tutorial.py
[2026-03-25T11:48:44.897+0000] {processor.py:830} INFO - Processing file /home/airflow/.local/lib/python3.12/site-packages/airflow/example_dags/example_params_ui_tutorial.py for tasks to queue
[2026-03-25T11:48:44.899+0000] {logging_mixin.py:188} INFO - [2026-03-25T11:48:44.899+0000] {dagbag.py:540} INFO - Filling up the DagBag from /home/airflow/.local/lib/python3.12/site-packages/airflow/example_dags/example_params_ui_tutorial.py
[2026-03-25T11:48:44.915+0000] {processor.py:840} INFO - DAG(s) 'example_params_ui_tutorial' retrieved from /home/airflow/.local/lib/python3.12/site-packages/airflow/example_dags/example_params_ui_tutorial.py
[2026-03-25T11:48:44.980+0000] {logging_mixin.py:188} INFO - [2026-03-25T11:48:44.979+0000] {dag.py:3096} INFO - Sync 1 DAGs
[2026-03-25T11:48:44.999+0000] {logging_mixin.py:188} INFO - [2026-03-25T11:48:44.999+0000] {dag.py:3954} INFO - Setting next_dagrun for example_params_ui_tutorial to None, run_after=None
[2026-03-25T11:48:45.043+0000] {processor.py:183} INFO - Processing /home/airflow/.local/lib/python3.12/site-packages/airflow/example_dags/example_params_ui_tutorial.py took 0.154 seconds
[2026-03-25T11:49:18.002+0000] {processor.py:161} INFO - Started process (PID=1680) to work on /home/airflow/.local/lib/python3.12/site-packages/airflow/example_dags/example_params_ui_tutorial.py
[2026-03-25T11:49:18.003+0000] {processor.py:830} INFO - Processing file /home/airflow/.local/lib/python3.12/site-packages/airflow/example_dags/example_params_ui_tutorial.py for tasks to queue
[2026-03-25T11:49:18.006+0000] {logging_mixin.py:188} INFO - [2026-03-25T11:49:18.006+0000] {dagbag.py:540} INFO - Filling up the DagBag from /home/airflow/.local/lib/python3.12/site-packages/airflow/example_dags/example_params_ui_tutorial.py
[2026-03-25T11:49:18.021+0000] {processor.py:840} INFO - DAG(s) 'example_params_ui_tutorial' retrieved from /home/airflow/.local/lib/python3.12/site-packages/airflow/example_dags/example_params_ui_tutorial.py
[2026-03-25T11:49:18.079+0000] {logging_mixin.py:188} INFO - [2026-03-25T11:49:18.079+0000] {dag.py:3096} INFO - Sync 1 DAGs
[2026-03-25T11:49:18.096+0000] {logging_mixin.py:188} INFO - [2026-03-25T11:49:18.096+0000] {dag.py:3954} INFO - Setting next_dagrun for example_params_ui_tutorial to None, run_after=None
[2026-03-25T11:49:18.139+0000] {processor.py:183} INFO - Processing /home/airflow/.local/lib/python3.12/site-packages/airflow/example_dags/example_params_ui_tutorial.py took 0.144 seconds
[2026-03-25T11:49:52.548+0000] {processor.py:161} INFO - Started process (PID=1739) to work on /home/airflow/.local/lib/python3.12/site-packages/airflow/example_dags/example_params_ui_tutorial.py
[2026-03-25T11:49:52.550+0000] {processor.py:830} INFO - Processing file /home/airflow/.local/lib/python3.12/site-packages/airflow/example_dags/example_params_ui_tutorial.py for tasks to queue
[2026-03-25T11:49:52.552+0000] {logging_mixin.py:188} INFO - [2026-03-25T11:49:52.552+0000] {dagbag.py:540} INFO - Filling up the DagBag from /home/airflow/.local/lib/python3.12/site-packages/airflow/example_dags/example_params_ui_tutorial.py
[2026-03-25T11:49:52.569+0000] {processor.py:840} INFO - DAG(s) 'example_params_ui_tutorial' retrieved from /home/airflow/.local/lib/python3.12/site-packages/airflow/example_dags/example_params_ui_tutorial.py
[2026-03-25T11:49:52.635+0000] {logging_mixin.py:188} INFO - [2026-03-25T11:49:52.635+0000] {dag.py:3096} INFO - Sync 1 DAGs
[2026-03-25T11:49:52.656+0000] {logging_mixin.py:188} INFO - [2026-03-25T11:49:52.656+0000] {dag.py:3954} INFO - Setting next_dagrun for example_params_ui_tutorial to None, run_after=None
[2026-03-25T11:49:52.701+0000] {processor.py:183} INFO - Processing /home/airflow/.local/lib/python3.12/site-packages/airflow/example_dags/example_params_ui_tutorial.py took 0.160 seconds
[2026-03-25T11:50:23.287+0000] {processor.py:161} INFO - Started process (PID=1798) to work on /home/airflow/.local/lib/python3.12/site-packages/airflow/example_dags/example_params_ui_tutorial.py
[2026-03-25T11:50:23.288+0000] {processor.py:830} INFO - Processing file /home/airflow/.local/lib/python3.12/site-packages/airflow/example_dags/example_params_ui_tutorial.py for tasks to queue
[2026-03-25T11:50:23.289+0000] {logging_mixin.py:188} INFO - [2026-03-25T11:50:23.289+0000] {dagbag.py:540} INFO - Filling up the DagBag from /home/airflow/.local/lib/python3.12/site-packages/airflow/example_dags/example_params_ui_tutorial.py
[2026-03-25T11:50:23.301+0000] {processor.py:840} INFO - DAG(s) 'example_params_ui_tutorial' retrieved from /home/airflow/.local/lib/python3.12/site-packages/airflow/example_dags/example_params_ui_tutorial.py
[2026-03-25T11:50:23.363+0000] {logging_mixin.py:188} INFO - [2026-03-25T11:50:23.362+0000] {dag.py:3096} INFO - Sync 1 DAGs
[2026-03-25T11:50:23.377+0000] {logging_mixin.py:188} INFO - [2026-03-25T11:50:23.377+0000] {dag.py:3954} INFO - Setting next_dagrun for example_params_ui_tutorial to None, run_after=None
[2026-03-25T11:50:23.532+0000] {processor.py:183} INFO - Processing /home/airflow/.local/lib/python3.12/site-packages/airflow/example_dags/example_params_ui_tutorial.py took 0.251 seconds
