[2026-03-25T11:15:33.085+0000] {processor.py:161} INFO - Started process (PID=91) to work on /home/airflow/.local/lib/python3.12/site-packages/airflow/example_dags/example_python_decorator.py
[2026-03-25T11:15:33.086+0000] {processor.py:830} INFO - Processing file /home/airflow/.local/lib/python3.12/site-packages/airflow/example_dags/example_python_decorator.py for tasks to queue
[2026-03-25T11:15:33.089+0000] {logging_mixin.py:188} INFO - [2026-03-25T11:15:33.088+0000] {dagbag.py:540} INFO - Filling up the DagBag from /home/airflow/.local/lib/python3.12/site-packages/airflow/example_dags/example_python_decorator.py
[2026-03-25T11:15:33.110+0000] {processor.py:840} INFO - DAG(s) 'example_python_decorator' retrieved from /home/airflow/.local/lib/python3.12/site-packages/airflow/example_dags/example_python_decorator.py
[2026-03-25T11:15:33.268+0000] {logging_mixin.py:188} INFO - [2026-03-25T11:15:33.267+0000] {dag.py:3096} INFO - Sync 1 DAGs
[2026-03-25T11:15:33.278+0000] {logging_mixin.py:188} INFO - [2026-03-25T11:15:33.278+0000] {dag.py:3954} INFO - Setting next_dagrun for example_python_decorator to None, run_after=None
[2026-03-25T11:15:33.336+0000] {processor.py:183} INFO - Processing /home/airflow/.local/lib/python3.12/site-packages/airflow/example_dags/example_python_decorator.py took 0.258 seconds
[2026-03-25T11:16:04.142+0000] {processor.py:161} INFO - Started process (PID=150) to work on /home/airflow/.local/lib/python3.12/site-packages/airflow/example_dags/example_python_decorator.py
[2026-03-25T11:16:04.144+0000] {processor.py:830} INFO - Processing file /home/airflow/.local/lib/python3.12/site-packages/airflow/example_dags/example_python_decorator.py for tasks to queue
[2026-03-25T11:16:04.146+0000] {logging_mixin.py:188} INFO - [2026-03-25T11:16:04.145+0000] {dagbag.py:540} INFO - Filling up the DagBag from /home/airflow/.local/lib/python3.12/site-packages/airflow/example_dags/example_python_decorator.py
[2026-03-25T11:16:04.162+0000] {processor.py:840} INFO - DAG(s) 'example_python_decorator' retrieved from /home/airflow/.local/lib/python3.12/site-packages/airflow/example_dags/example_python_decorator.py
[2026-03-25T11:16:04.185+0000] {logging_mixin.py:188} INFO - [2026-03-25T11:16:04.185+0000] {dag.py:3096} INFO - Sync 1 DAGs
[2026-03-25T11:16:04.204+0000] {logging_mixin.py:188} INFO - [2026-03-25T11:16:04.203+0000] {dag.py:3954} INFO - Setting next_dagrun for example_python_decorator to None, run_after=None
[2026-03-25T11:16:04.261+0000] {processor.py:183} INFO - Processing /home/airflow/.local/lib/python3.12/site-packages/airflow/example_dags/example_python_decorator.py took 0.124 seconds
[2026-03-25T11:16:36.456+0000] {processor.py:161} INFO - Started process (PID=209) to work on /home/airflow/.local/lib/python3.12/site-packages/airflow/example_dags/example_python_decorator.py
[2026-03-25T11:16:36.458+0000] {processor.py:830} INFO - Processing file /home/airflow/.local/lib/python3.12/site-packages/airflow/example_dags/example_python_decorator.py for tasks to queue
[2026-03-25T11:16:36.460+0000] {logging_mixin.py:188} INFO - [2026-03-25T11:16:36.460+0000] {dagbag.py:540} INFO - Filling up the DagBag from /home/airflow/.local/lib/python3.12/site-packages/airflow/example_dags/example_python_decorator.py
[2026-03-25T11:16:36.479+0000] {processor.py:840} INFO - DAG(s) 'example_python_decorator' retrieved from /home/airflow/.local/lib/python3.12/site-packages/airflow/example_dags/example_python_decorator.py
[2026-03-25T11:16:36.508+0000] {logging_mixin.py:188} INFO - [2026-03-25T11:16:36.508+0000] {dag.py:3096} INFO - Sync 1 DAGs
[2026-03-25T11:16:36.520+0000] {logging_mixin.py:188} INFO - [2026-03-25T11:16:36.520+0000] {dag.py:3954} INFO - Setting next_dagrun for example_python_decorator to None, run_after=None
[2026-03-25T11:16:36.584+0000] {processor.py:183} INFO - Processing /home/airflow/.local/lib/python3.12/site-packages/airflow/example_dags/example_python_decorator.py took 0.137 seconds
[2026-03-25T11:17:10.630+0000] {processor.py:161} INFO - Started process (PID=268) to work on /home/airflow/.local/lib/python3.12/site-packages/airflow/example_dags/example_python_decorator.py
[2026-03-25T11:17:10.632+0000] {processor.py:830} INFO - Processing file /home/airflow/.local/lib/python3.12/site-packages/airflow/example_dags/example_python_decorator.py for tasks to queue
[2026-03-25T11:17:10.634+0000] {logging_mixin.py:188} INFO - [2026-03-25T11:17:10.633+0000] {dagbag.py:540} INFO - Filling up the DagBag from /home/airflow/.local/lib/python3.12/site-packages/airflow/example_dags/example_python_decorator.py
[2026-03-25T11:17:10.649+0000] {processor.py:840} INFO - DAG(s) 'example_python_decorator' retrieved from /home/airflow/.local/lib/python3.12/site-packages/airflow/example_dags/example_python_decorator.py
[2026-03-25T11:17:10.675+0000] {logging_mixin.py:188} INFO - [2026-03-25T11:17:10.675+0000] {dag.py:3096} INFO - Sync 1 DAGs
[2026-03-25T11:17:10.691+0000] {logging_mixin.py:188} INFO - [2026-03-25T11:17:10.691+0000] {dag.py:3954} INFO - Setting next_dagrun for example_python_decorator to None, run_after=None
[2026-03-25T11:17:10.789+0000] {processor.py:183} INFO - Processing /home/airflow/.local/lib/python3.12/site-packages/airflow/example_dags/example_python_decorator.py took 0.165 seconds
[2026-03-25T11:17:40.902+0000] {processor.py:161} INFO - Started process (PID=327) to work on /home/airflow/.local/lib/python3.12/site-packages/airflow/example_dags/example_python_decorator.py
[2026-03-25T11:17:40.904+0000] {processor.py:830} INFO - Processing file /home/airflow/.local/lib/python3.12/site-packages/airflow/example_dags/example_python_decorator.py for tasks to queue
[2026-03-25T11:17:40.906+0000] {logging_mixin.py:188} INFO - [2026-03-25T11:17:40.906+0000] {dagbag.py:540} INFO - Filling up the DagBag from /home/airflow/.local/lib/python3.12/site-packages/airflow/example_dags/example_python_decorator.py
[2026-03-25T11:17:40.921+0000] {processor.py:840} INFO - DAG(s) 'example_python_decorator' retrieved from /home/airflow/.local/lib/python3.12/site-packages/airflow/example_dags/example_python_decorator.py
[2026-03-25T11:17:40.952+0000] {logging_mixin.py:188} INFO - [2026-03-25T11:17:40.951+0000] {dag.py:3096} INFO - Sync 1 DAGs
[2026-03-25T11:17:40.971+0000] {logging_mixin.py:188} INFO - [2026-03-25T11:17:40.970+0000] {dag.py:3954} INFO - Setting next_dagrun for example_python_decorator to None, run_after=None
[2026-03-25T11:17:41.037+0000] {processor.py:183} INFO - Processing /home/airflow/.local/lib/python3.12/site-packages/airflow/example_dags/example_python_decorator.py took 0.142 seconds
[2026-03-25T11:18:12.620+0000] {processor.py:161} INFO - Started process (PID=386) to work on /home/airflow/.local/lib/python3.12/site-packages/airflow/example_dags/example_python_decorator.py
[2026-03-25T11:18:12.621+0000] {processor.py:830} INFO - Processing file /home/airflow/.local/lib/python3.12/site-packages/airflow/example_dags/example_python_decorator.py for tasks to queue
[2026-03-25T11:18:12.623+0000] {logging_mixin.py:188} INFO - [2026-03-25T11:18:12.623+0000] {dagbag.py:540} INFO - Filling up the DagBag from /home/airflow/.local/lib/python3.12/site-packages/airflow/example_dags/example_python_decorator.py
[2026-03-25T11:18:12.639+0000] {processor.py:840} INFO - DAG(s) 'example_python_decorator' retrieved from /home/airflow/.local/lib/python3.12/site-packages/airflow/example_dags/example_python_decorator.py
[2026-03-25T11:18:12.665+0000] {logging_mixin.py:188} INFO - [2026-03-25T11:18:12.665+0000] {dag.py:3096} INFO - Sync 1 DAGs
[2026-03-25T11:18:12.680+0000] {logging_mixin.py:188} INFO - [2026-03-25T11:18:12.680+0000] {dag.py:3954} INFO - Setting next_dagrun for example_python_decorator to None, run_after=None
[2026-03-25T11:18:12.726+0000] {processor.py:183} INFO - Processing /home/airflow/.local/lib/python3.12/site-packages/airflow/example_dags/example_python_decorator.py took 0.112 seconds
[2026-03-25T11:18:45.224+0000] {processor.py:161} INFO - Started process (PID=445) to work on /home/airflow/.local/lib/python3.12/site-packages/airflow/example_dags/example_python_decorator.py
[2026-03-25T11:18:45.225+0000] {processor.py:830} INFO - Processing file /home/airflow/.local/lib/python3.12/site-packages/airflow/example_dags/example_python_decorator.py for tasks to queue
[2026-03-25T11:18:45.227+0000] {logging_mixin.py:188} INFO - [2026-03-25T11:18:45.227+0000] {dagbag.py:540} INFO - Filling up the DagBag from /home/airflow/.local/lib/python3.12/site-packages/airflow/example_dags/example_python_decorator.py
[2026-03-25T11:18:45.240+0000] {processor.py:840} INFO - DAG(s) 'example_python_decorator' retrieved from /home/airflow/.local/lib/python3.12/site-packages/airflow/example_dags/example_python_decorator.py
[2026-03-25T11:18:45.263+0000] {logging_mixin.py:188} INFO - [2026-03-25T11:18:45.263+0000] {dag.py:3096} INFO - Sync 1 DAGs
[2026-03-25T11:18:45.275+0000] {logging_mixin.py:188} INFO - [2026-03-25T11:18:45.275+0000] {dag.py:3954} INFO - Setting next_dagrun for example_python_decorator to None, run_after=None
[2026-03-25T11:18:45.323+0000] {processor.py:183} INFO - Processing /home/airflow/.local/lib/python3.12/site-packages/airflow/example_dags/example_python_decorator.py took 0.104 seconds
[2026-03-25T11:19:19.029+0000] {processor.py:161} INFO - Started process (PID=504) to work on /home/airflow/.local/lib/python3.12/site-packages/airflow/example_dags/example_python_decorator.py
[2026-03-25T11:19:19.036+0000] {processor.py:830} INFO - Processing file /home/airflow/.local/lib/python3.12/site-packages/airflow/example_dags/example_python_decorator.py for tasks to queue
[2026-03-25T11:19:19.055+0000] {logging_mixin.py:188} INFO - [2026-03-25T11:19:19.053+0000] {dagbag.py:540} INFO - Filling up the DagBag from /home/airflow/.local/lib/python3.12/site-packages/airflow/example_dags/example_python_decorator.py
[2026-03-25T11:19:19.183+0000] {processor.py:840} INFO - DAG(s) 'example_python_decorator' retrieved from /home/airflow/.local/lib/python3.12/site-packages/airflow/example_dags/example_python_decorator.py
[2026-03-25T11:19:19.407+0000] {logging_mixin.py:188} INFO - [2026-03-25T11:19:19.405+0000] {dag.py:3096} INFO - Sync 1 DAGs
[2026-03-25T11:19:19.526+0000] {logging_mixin.py:188} INFO - [2026-03-25T11:19:19.525+0000] {dag.py:3954} INFO - Setting next_dagrun for example_python_decorator to None, run_after=None
[2026-03-25T11:19:19.717+0000] {processor.py:183} INFO - Processing /home/airflow/.local/lib/python3.12/site-packages/airflow/example_dags/example_python_decorator.py took 0.745 seconds
[2026-03-25T11:19:51.551+0000] {processor.py:161} INFO - Started process (PID=563) to work on /home/airflow/.local/lib/python3.12/site-packages/airflow/example_dags/example_python_decorator.py
[2026-03-25T11:19:51.553+0000] {processor.py:830} INFO - Processing file /home/airflow/.local/lib/python3.12/site-packages/airflow/example_dags/example_python_decorator.py for tasks to queue
[2026-03-25T11:19:51.557+0000] {logging_mixin.py:188} INFO - [2026-03-25T11:19:51.556+0000] {dagbag.py:540} INFO - Filling up the DagBag from /home/airflow/.local/lib/python3.12/site-packages/airflow/example_dags/example_python_decorator.py
[2026-03-25T11:19:51.572+0000] {processor.py:840} INFO - DAG(s) 'example_python_decorator' retrieved from /home/airflow/.local/lib/python3.12/site-packages/airflow/example_dags/example_python_decorator.py
[2026-03-25T11:19:51.600+0000] {logging_mixin.py:188} INFO - [2026-03-25T11:19:51.599+0000] {dag.py:3096} INFO - Sync 1 DAGs
[2026-03-25T11:19:51.616+0000] {logging_mixin.py:188} INFO - [2026-03-25T11:19:51.616+0000] {dag.py:3954} INFO - Setting next_dagrun for example_python_decorator to None, run_after=None
[2026-03-25T11:19:51.707+0000] {processor.py:183} INFO - Processing /home/airflow/.local/lib/python3.12/site-packages/airflow/example_dags/example_python_decorator.py took 0.166 seconds
[2026-03-25T11:20:23.585+0000] {processor.py:161} INFO - Started process (PID=622) to work on /home/airflow/.local/lib/python3.12/site-packages/airflow/example_dags/example_python_decorator.py
[2026-03-25T11:20:23.586+0000] {processor.py:830} INFO - Processing file /home/airflow/.local/lib/python3.12/site-packages/airflow/example_dags/example_python_decorator.py for tasks to queue
[2026-03-25T11:20:23.588+0000] {logging_mixin.py:188} INFO - [2026-03-25T11:20:23.588+0000] {dagbag.py:540} INFO - Filling up the DagBag from /home/airflow/.local/lib/python3.12/site-packages/airflow/example_dags/example_python_decorator.py
[2026-03-25T11:20:23.601+0000] {processor.py:840} INFO - DAG(s) 'example_python_decorator' retrieved from /home/airflow/.local/lib/python3.12/site-packages/airflow/example_dags/example_python_decorator.py
[2026-03-25T11:20:23.622+0000] {logging_mixin.py:188} INFO - [2026-03-25T11:20:23.622+0000] {dag.py:3096} INFO - Sync 1 DAGs
[2026-03-25T11:20:23.635+0000] {logging_mixin.py:188} INFO - [2026-03-25T11:20:23.635+0000] {dag.py:3954} INFO - Setting next_dagrun for example_python_decorator to None, run_after=None
[2026-03-25T11:20:23.678+0000] {processor.py:183} INFO - Processing /home/airflow/.local/lib/python3.12/site-packages/airflow/example_dags/example_python_decorator.py took 0.098 seconds
[2026-03-25T11:20:56.246+0000] {processor.py:161} INFO - Started process (PID=681) to work on /home/airflow/.local/lib/python3.12/site-packages/airflow/example_dags/example_python_decorator.py
[2026-03-25T11:20:56.248+0000] {processor.py:830} INFO - Processing file /home/airflow/.local/lib/python3.12/site-packages/airflow/example_dags/example_python_decorator.py for tasks to queue
[2026-03-25T11:20:56.251+0000] {logging_mixin.py:188} INFO - [2026-03-25T11:20:56.251+0000] {dagbag.py:540} INFO - Filling up the DagBag from /home/airflow/.local/lib/python3.12/site-packages/airflow/example_dags/example_python_decorator.py
[2026-03-25T11:20:56.270+0000] {processor.py:840} INFO - DAG(s) 'example_python_decorator' retrieved from /home/airflow/.local/lib/python3.12/site-packages/airflow/example_dags/example_python_decorator.py
[2026-03-25T11:20:56.297+0000] {logging_mixin.py:188} INFO - [2026-03-25T11:20:56.297+0000] {dag.py:3096} INFO - Sync 1 DAGs
[2026-03-25T11:20:56.310+0000] {logging_mixin.py:188} INFO - [2026-03-25T11:20:56.310+0000] {dag.py:3954} INFO - Setting next_dagrun for example_python_decorator to None, run_after=None
[2026-03-25T11:20:56.370+0000] {processor.py:183} INFO - Processing /home/airflow/.local/lib/python3.12/site-packages/airflow/example_dags/example_python_decorator.py took 0.134 seconds
[2026-03-25T11:21:28.884+0000] {processor.py:161} INFO - Started process (PID=740) to work on /home/airflow/.local/lib/python3.12/site-packages/airflow/example_dags/example_python_decorator.py
[2026-03-25T11:21:28.885+0000] {processor.py:830} INFO - Processing file /home/airflow/.local/lib/python3.12/site-packages/airflow/example_dags/example_python_decorator.py for tasks to queue
[2026-03-25T11:21:28.887+0000] {logging_mixin.py:188} INFO - [2026-03-25T11:21:28.887+0000] {dagbag.py:540} INFO - Filling up the DagBag from /home/airflow/.local/lib/python3.12/site-packages/airflow/example_dags/example_python_decorator.py
[2026-03-25T11:21:28.900+0000] {processor.py:840} INFO - DAG(s) 'example_python_decorator' retrieved from /home/airflow/.local/lib/python3.12/site-packages/airflow/example_dags/example_python_decorator.py
[2026-03-25T11:21:28.922+0000] {logging_mixin.py:188} INFO - [2026-03-25T11:21:28.922+0000] {dag.py:3096} INFO - Sync 1 DAGs
[2026-03-25T11:21:28.935+0000] {logging_mixin.py:188} INFO - [2026-03-25T11:21:28.934+0000] {dag.py:3954} INFO - Setting next_dagrun for example_python_decorator to None, run_after=None
[2026-03-25T11:21:28.984+0000] {processor.py:183} INFO - Processing /home/airflow/.local/lib/python3.12/site-packages/airflow/example_dags/example_python_decorator.py took 0.106 seconds
[2026-03-25T11:22:02.224+0000] {processor.py:161} INFO - Started process (PID=799) to work on /home/airflow/.local/lib/python3.12/site-packages/airflow/example_dags/example_python_decorator.py
[2026-03-25T11:22:02.225+0000] {processor.py:830} INFO - Processing file /home/airflow/.local/lib/python3.12/site-packages/airflow/example_dags/example_python_decorator.py for tasks to queue
[2026-03-25T11:22:02.227+0000] {logging_mixin.py:188} INFO - [2026-03-25T11:22:02.227+0000] {dagbag.py:540} INFO - Filling up the DagBag from /home/airflow/.local/lib/python3.12/site-packages/airflow/example_dags/example_python_decorator.py
[2026-03-25T11:22:02.252+0000] {processor.py:840} INFO - DAG(s) 'example_python_decorator' retrieved from /home/airflow/.local/lib/python3.12/site-packages/airflow/example_dags/example_python_decorator.py
[2026-03-25T11:22:02.287+0000] {logging_mixin.py:188} INFO - [2026-03-25T11:22:02.287+0000] {dag.py:3096} INFO - Sync 1 DAGs
[2026-03-25T11:22:02.305+0000] {logging_mixin.py:188} INFO - [2026-03-25T11:22:02.305+0000] {dag.py:3954} INFO - Setting next_dagrun for example_python_decorator to None, run_after=None
[2026-03-25T11:22:02.351+0000] {processor.py:183} INFO - Processing /home/airflow/.local/lib/python3.12/site-packages/airflow/example_dags/example_python_decorator.py took 0.135 seconds
[2026-03-25T11:22:34.410+0000] {processor.py:161} INFO - Started process (PID=858) to work on /home/airflow/.local/lib/python3.12/site-packages/airflow/example_dags/example_python_decorator.py
[2026-03-25T11:22:34.412+0000] {processor.py:830} INFO - Processing file /home/airflow/.local/lib/python3.12/site-packages/airflow/example_dags/example_python_decorator.py for tasks to queue
[2026-03-25T11:22:34.413+0000] {logging_mixin.py:188} INFO - [2026-03-25T11:22:34.413+0000] {dagbag.py:540} INFO - Filling up the DagBag from /home/airflow/.local/lib/python3.12/site-packages/airflow/example_dags/example_python_decorator.py
[2026-03-25T11:22:34.426+0000] {processor.py:840} INFO - DAG(s) 'example_python_decorator' retrieved from /home/airflow/.local/lib/python3.12/site-packages/airflow/example_dags/example_python_decorator.py
[2026-03-25T11:22:34.449+0000] {logging_mixin.py:188} INFO - [2026-03-25T11:22:34.449+0000] {dag.py:3096} INFO - Sync 1 DAGs
[2026-03-25T11:22:34.462+0000] {logging_mixin.py:188} INFO - [2026-03-25T11:22:34.462+0000] {dag.py:3954} INFO - Setting next_dagrun for example_python_decorator to None, run_after=None
[2026-03-25T11:22:34.510+0000] {processor.py:183} INFO - Processing /home/airflow/.local/lib/python3.12/site-packages/airflow/example_dags/example_python_decorator.py took 0.105 seconds
[2026-03-25T11:23:07.675+0000] {processor.py:161} INFO - Started process (PID=917) to work on /home/airflow/.local/lib/python3.12/site-packages/airflow/example_dags/example_python_decorator.py
[2026-03-25T11:23:07.676+0000] {processor.py:830} INFO - Processing file /home/airflow/.local/lib/python3.12/site-packages/airflow/example_dags/example_python_decorator.py for tasks to queue
[2026-03-25T11:23:07.680+0000] {logging_mixin.py:188} INFO - [2026-03-25T11:23:07.679+0000] {dagbag.py:540} INFO - Filling up the DagBag from /home/airflow/.local/lib/python3.12/site-packages/airflow/example_dags/example_python_decorator.py
[2026-03-25T11:23:07.707+0000] {processor.py:840} INFO - DAG(s) 'example_python_decorator' retrieved from /home/airflow/.local/lib/python3.12/site-packages/airflow/example_dags/example_python_decorator.py
[2026-03-25T11:23:07.748+0000] {logging_mixin.py:188} INFO - [2026-03-25T11:23:07.748+0000] {dag.py:3096} INFO - Sync 1 DAGs
[2026-03-25T11:23:07.768+0000] {logging_mixin.py:188} INFO - [2026-03-25T11:23:07.768+0000] {dag.py:3954} INFO - Setting next_dagrun for example_python_decorator to None, run_after=None
[2026-03-25T11:23:07.826+0000] {processor.py:183} INFO - Processing /home/airflow/.local/lib/python3.12/site-packages/airflow/example_dags/example_python_decorator.py took 0.161 seconds
[2026-03-25T11:23:40.169+0000] {processor.py:161} INFO - Started process (PID=976) to work on /home/airflow/.local/lib/python3.12/site-packages/airflow/example_dags/example_python_decorator.py
[2026-03-25T11:23:40.170+0000] {processor.py:830} INFO - Processing file /home/airflow/.local/lib/python3.12/site-packages/airflow/example_dags/example_python_decorator.py for tasks to queue
[2026-03-25T11:23:40.172+0000] {logging_mixin.py:188} INFO - [2026-03-25T11:23:40.172+0000] {dagbag.py:540} INFO - Filling up the DagBag from /home/airflow/.local/lib/python3.12/site-packages/airflow/example_dags/example_python_decorator.py
[2026-03-25T11:23:40.185+0000] {processor.py:840} INFO - DAG(s) 'example_python_decorator' retrieved from /home/airflow/.local/lib/python3.12/site-packages/airflow/example_dags/example_python_decorator.py
[2026-03-25T11:23:40.207+0000] {logging_mixin.py:188} INFO - [2026-03-25T11:23:40.206+0000] {dag.py:3096} INFO - Sync 1 DAGs
[2026-03-25T11:23:40.219+0000] {logging_mixin.py:188} INFO - [2026-03-25T11:23:40.219+0000] {dag.py:3954} INFO - Setting next_dagrun for example_python_decorator to None, run_after=None
[2026-03-25T11:23:40.259+0000] {processor.py:183} INFO - Processing /home/airflow/.local/lib/python3.12/site-packages/airflow/example_dags/example_python_decorator.py took 0.095 seconds
[2026-03-25T11:24:12.286+0000] {processor.py:161} INFO - Started process (PID=1035) to work on /home/airflow/.local/lib/python3.12/site-packages/airflow/example_dags/example_python_decorator.py
[2026-03-25T11:24:12.287+0000] {processor.py:830} INFO - Processing file /home/airflow/.local/lib/python3.12/site-packages/airflow/example_dags/example_python_decorator.py for tasks to queue
[2026-03-25T11:24:12.289+0000] {logging_mixin.py:188} INFO - [2026-03-25T11:24:12.289+0000] {dagbag.py:540} INFO - Filling up the DagBag from /home/airflow/.local/lib/python3.12/site-packages/airflow/example_dags/example_python_decorator.py
[2026-03-25T11:24:12.301+0000] {processor.py:840} INFO - DAG(s) 'example_python_decorator' retrieved from /home/airflow/.local/lib/python3.12/site-packages/airflow/example_dags/example_python_decorator.py
[2026-03-25T11:24:12.324+0000] {logging_mixin.py:188} INFO - [2026-03-25T11:24:12.324+0000] {dag.py:3096} INFO - Sync 1 DAGs
[2026-03-25T11:24:12.336+0000] {logging_mixin.py:188} INFO - [2026-03-25T11:24:12.336+0000] {dag.py:3954} INFO - Setting next_dagrun for example_python_decorator to None, run_after=None
[2026-03-25T11:24:12.429+0000] {processor.py:183} INFO - Processing /home/airflow/.local/lib/python3.12/site-packages/airflow/example_dags/example_python_decorator.py took 0.149 seconds
[2026-03-25T11:24:46.471+0000] {processor.py:161} INFO - Started process (PID=1095) to work on /home/airflow/.local/lib/python3.12/site-packages/airflow/example_dags/example_python_decorator.py
[2026-03-25T11:24:46.473+0000] {processor.py:830} INFO - Processing file /home/airflow/.local/lib/python3.12/site-packages/airflow/example_dags/example_python_decorator.py for tasks to queue
[2026-03-25T11:24:46.477+0000] {logging_mixin.py:188} INFO - [2026-03-25T11:24:46.476+0000] {dagbag.py:540} INFO - Filling up the DagBag from /home/airflow/.local/lib/python3.12/site-packages/airflow/example_dags/example_python_decorator.py
[2026-03-25T11:24:46.508+0000] {processor.py:840} INFO - DAG(s) 'example_python_decorator' retrieved from /home/airflow/.local/lib/python3.12/site-packages/airflow/example_dags/example_python_decorator.py
[2026-03-25T11:24:46.558+0000] {logging_mixin.py:188} INFO - [2026-03-25T11:24:46.557+0000] {dag.py:3096} INFO - Sync 1 DAGs
[2026-03-25T11:24:46.580+0000] {logging_mixin.py:188} INFO - [2026-03-25T11:24:46.580+0000] {dag.py:3954} INFO - Setting next_dagrun for example_python_decorator to None, run_after=None
[2026-03-25T11:24:46.658+0000] {processor.py:183} INFO - Processing /home/airflow/.local/lib/python3.12/site-packages/airflow/example_dags/example_python_decorator.py took 0.200 seconds
[2026-03-25T11:25:18.052+0000] {processor.py:161} INFO - Started process (PID=1154) to work on /home/airflow/.local/lib/python3.12/site-packages/airflow/example_dags/example_python_decorator.py
[2026-03-25T11:25:18.053+0000] {processor.py:830} INFO - Processing file /home/airflow/.local/lib/python3.12/site-packages/airflow/example_dags/example_python_decorator.py for tasks to queue
[2026-03-25T11:25:18.055+0000] {logging_mixin.py:188} INFO - [2026-03-25T11:25:18.055+0000] {dagbag.py:540} INFO - Filling up the DagBag from /home/airflow/.local/lib/python3.12/site-packages/airflow/example_dags/example_python_decorator.py
[2026-03-25T11:25:18.068+0000] {processor.py:840} INFO - DAG(s) 'example_python_decorator' retrieved from /home/airflow/.local/lib/python3.12/site-packages/airflow/example_dags/example_python_decorator.py
[2026-03-25T11:25:18.090+0000] {logging_mixin.py:188} INFO - [2026-03-25T11:25:18.090+0000] {dag.py:3096} INFO - Sync 1 DAGs
[2026-03-25T11:25:18.103+0000] {logging_mixin.py:188} INFO - [2026-03-25T11:25:18.102+0000] {dag.py:3954} INFO - Setting next_dagrun for example_python_decorator to None, run_after=None
[2026-03-25T11:25:18.155+0000] {processor.py:183} INFO - Processing /home/airflow/.local/lib/python3.12/site-packages/airflow/example_dags/example_python_decorator.py took 0.109 seconds
[2026-03-25T11:25:50.988+0000] {processor.py:161} INFO - Started process (PID=1213) to work on /home/airflow/.local/lib/python3.12/site-packages/airflow/example_dags/example_python_decorator.py
[2026-03-25T11:25:50.990+0000] {processor.py:830} INFO - Processing file /home/airflow/.local/lib/python3.12/site-packages/airflow/example_dags/example_python_decorator.py for tasks to queue
[2026-03-25T11:25:50.992+0000] {logging_mixin.py:188} INFO - [2026-03-25T11:25:50.991+0000] {dagbag.py:540} INFO - Filling up the DagBag from /home/airflow/.local/lib/python3.12/site-packages/airflow/example_dags/example_python_decorator.py
[2026-03-25T11:25:51.005+0000] {processor.py:840} INFO - DAG(s) 'example_python_decorator' retrieved from /home/airflow/.local/lib/python3.12/site-packages/airflow/example_dags/example_python_decorator.py
[2026-03-25T11:25:51.030+0000] {logging_mixin.py:188} INFO - [2026-03-25T11:25:51.030+0000] {dag.py:3096} INFO - Sync 1 DAGs
[2026-03-25T11:25:51.043+0000] {logging_mixin.py:188} INFO - [2026-03-25T11:25:51.042+0000] {dag.py:3954} INFO - Setting next_dagrun for example_python_decorator to None, run_after=None
[2026-03-25T11:25:51.089+0000] {processor.py:183} INFO - Processing /home/airflow/.local/lib/python3.12/site-packages/airflow/example_dags/example_python_decorator.py took 0.106 seconds
[2026-03-25T11:26:23.810+0000] {processor.py:161} INFO - Started process (PID=1273) to work on /home/airflow/.local/lib/python3.12/site-packages/airflow/example_dags/example_python_decorator.py
[2026-03-25T11:26:23.811+0000] {processor.py:830} INFO - Processing file /home/airflow/.local/lib/python3.12/site-packages/airflow/example_dags/example_python_decorator.py for tasks to queue
[2026-03-25T11:26:23.813+0000] {logging_mixin.py:188} INFO - [2026-03-25T11:26:23.813+0000] {dagbag.py:540} INFO - Filling up the DagBag from /home/airflow/.local/lib/python3.12/site-packages/airflow/example_dags/example_python_decorator.py
[2026-03-25T11:26:23.826+0000] {processor.py:840} INFO - DAG(s) 'example_python_decorator' retrieved from /home/airflow/.local/lib/python3.12/site-packages/airflow/example_dags/example_python_decorator.py
[2026-03-25T11:26:23.850+0000] {logging_mixin.py:188} INFO - [2026-03-25T11:26:23.849+0000] {dag.py:3096} INFO - Sync 1 DAGs
[2026-03-25T11:26:23.862+0000] {logging_mixin.py:188} INFO - [2026-03-25T11:26:23.862+0000] {dag.py:3954} INFO - Setting next_dagrun for example_python_decorator to None, run_after=None
[2026-03-25T11:26:23.906+0000] {processor.py:183} INFO - Processing /home/airflow/.local/lib/python3.12/site-packages/airflow/example_dags/example_python_decorator.py took 0.101 seconds
[2026-03-25T11:26:56.690+0000] {processor.py:161} INFO - Started process (PID=1332) to work on /home/airflow/.local/lib/python3.12/site-packages/airflow/example_dags/example_python_decorator.py
[2026-03-25T11:26:56.692+0000] {processor.py:830} INFO - Processing file /home/airflow/.local/lib/python3.12/site-packages/airflow/example_dags/example_python_decorator.py for tasks to queue
[2026-03-25T11:26:56.694+0000] {logging_mixin.py:188} INFO - [2026-03-25T11:26:56.694+0000] {dagbag.py:540} INFO - Filling up the DagBag from /home/airflow/.local/lib/python3.12/site-packages/airflow/example_dags/example_python_decorator.py
[2026-03-25T11:26:56.715+0000] {processor.py:840} INFO - DAG(s) 'example_python_decorator' retrieved from /home/airflow/.local/lib/python3.12/site-packages/airflow/example_dags/example_python_decorator.py
[2026-03-25T11:26:56.746+0000] {logging_mixin.py:188} INFO - [2026-03-25T11:26:56.745+0000] {dag.py:3096} INFO - Sync 1 DAGs
[2026-03-25T11:26:56.763+0000] {logging_mixin.py:188} INFO - [2026-03-25T11:26:56.763+0000] {dag.py:3954} INFO - Setting next_dagrun for example_python_decorator to None, run_after=None
[2026-03-25T11:26:56.815+0000] {processor.py:183} INFO - Processing /home/airflow/.local/lib/python3.12/site-packages/airflow/example_dags/example_python_decorator.py took 0.134 seconds
[2026-03-25T11:27:30.285+0000] {processor.py:161} INFO - Started process (PID=1391) to work on /home/airflow/.local/lib/python3.12/site-packages/airflow/example_dags/example_python_decorator.py
[2026-03-25T11:27:30.288+0000] {processor.py:830} INFO - Processing file /home/airflow/.local/lib/python3.12/site-packages/airflow/example_dags/example_python_decorator.py for tasks to queue
[2026-03-25T11:27:30.293+0000] {logging_mixin.py:188} INFO - [2026-03-25T11:27:30.292+0000] {dagbag.py:540} INFO - Filling up the DagBag from /home/airflow/.local/lib/python3.12/site-packages/airflow/example_dags/example_python_decorator.py
[2026-03-25T11:27:30.333+0000] {processor.py:840} INFO - DAG(s) 'example_python_decorator' retrieved from /home/airflow/.local/lib/python3.12/site-packages/airflow/example_dags/example_python_decorator.py
[2026-03-25T11:27:30.388+0000] {logging_mixin.py:188} INFO - [2026-03-25T11:27:30.388+0000] {dag.py:3096} INFO - Sync 1 DAGs
[2026-03-25T11:27:30.417+0000] {logging_mixin.py:188} INFO - [2026-03-25T11:27:30.417+0000] {dag.py:3954} INFO - Setting next_dagrun for example_python_decorator to None, run_after=None
[2026-03-25T11:27:30.501+0000] {processor.py:183} INFO - Processing /home/airflow/.local/lib/python3.12/site-packages/airflow/example_dags/example_python_decorator.py took 0.231 seconds
[2026-03-25T11:28:01.937+0000] {processor.py:161} INFO - Started process (PID=1452) to work on /home/airflow/.local/lib/python3.12/site-packages/airflow/example_dags/example_python_decorator.py
[2026-03-25T11:28:01.939+0000] {processor.py:830} INFO - Processing file /home/airflow/.local/lib/python3.12/site-packages/airflow/example_dags/example_python_decorator.py for tasks to queue
[2026-03-25T11:28:01.941+0000] {logging_mixin.py:188} INFO - [2026-03-25T11:28:01.940+0000] {dagbag.py:540} INFO - Filling up the DagBag from /home/airflow/.local/lib/python3.12/site-packages/airflow/example_dags/example_python_decorator.py
[2026-03-25T11:28:01.955+0000] {processor.py:840} INFO - DAG(s) 'example_python_decorator' retrieved from /home/airflow/.local/lib/python3.12/site-packages/airflow/example_dags/example_python_decorator.py
[2026-03-25T11:28:01.979+0000] {logging_mixin.py:188} INFO - [2026-03-25T11:28:01.979+0000] {dag.py:3096} INFO - Sync 1 DAGs
[2026-03-25T11:28:01.994+0000] {logging_mixin.py:188} INFO - [2026-03-25T11:28:01.994+0000] {dag.py:3954} INFO - Setting next_dagrun for example_python_decorator to None, run_after=None
[2026-03-25T11:28:02.038+0000] {processor.py:183} INFO - Processing /home/airflow/.local/lib/python3.12/site-packages/airflow/example_dags/example_python_decorator.py took 0.107 seconds
[2026-03-25T11:28:37.503+0000] {processor.py:161} INFO - Started process (PID=1519) to work on /home/airflow/.local/lib/python3.12/site-packages/airflow/example_dags/example_python_decorator.py
[2026-03-25T11:28:37.504+0000] {processor.py:830} INFO - Processing file /home/airflow/.local/lib/python3.12/site-packages/airflow/example_dags/example_python_decorator.py for tasks to queue
[2026-03-25T11:28:37.507+0000] {logging_mixin.py:188} INFO - [2026-03-25T11:28:37.506+0000] {dagbag.py:540} INFO - Filling up the DagBag from /home/airflow/.local/lib/python3.12/site-packages/airflow/example_dags/example_python_decorator.py
[2026-03-25T11:28:37.520+0000] {processor.py:840} INFO - DAG(s) 'example_python_decorator' retrieved from /home/airflow/.local/lib/python3.12/site-packages/airflow/example_dags/example_python_decorator.py
[2026-03-25T11:28:37.543+0000] {logging_mixin.py:188} INFO - [2026-03-25T11:28:37.543+0000] {dag.py:3096} INFO - Sync 1 DAGs
[2026-03-25T11:28:37.559+0000] {logging_mixin.py:188} INFO - [2026-03-25T11:28:37.559+0000] {dag.py:3954} INFO - Setting next_dagrun for example_python_decorator to None, run_after=None
[2026-03-25T11:28:37.615+0000] {processor.py:183} INFO - Processing /home/airflow/.local/lib/python3.12/site-packages/airflow/example_dags/example_python_decorator.py took 0.118 seconds
[2026-03-25T11:29:07.903+0000] {processor.py:161} INFO - Started process (PID=1578) to work on /home/airflow/.local/lib/python3.12/site-packages/airflow/example_dags/example_python_decorator.py
[2026-03-25T11:29:07.904+0000] {processor.py:830} INFO - Processing file /home/airflow/.local/lib/python3.12/site-packages/airflow/example_dags/example_python_decorator.py for tasks to queue
[2026-03-25T11:29:07.906+0000] {logging_mixin.py:188} INFO - [2026-03-25T11:29:07.906+0000] {dagbag.py:540} INFO - Filling up the DagBag from /home/airflow/.local/lib/python3.12/site-packages/airflow/example_dags/example_python_decorator.py
[2026-03-25T11:29:07.920+0000] {processor.py:840} INFO - DAG(s) 'example_python_decorator' retrieved from /home/airflow/.local/lib/python3.12/site-packages/airflow/example_dags/example_python_decorator.py
[2026-03-25T11:29:07.943+0000] {logging_mixin.py:188} INFO - [2026-03-25T11:29:07.943+0000] {dag.py:3096} INFO - Sync 1 DAGs
[2026-03-25T11:29:07.957+0000] {logging_mixin.py:188} INFO - [2026-03-25T11:29:07.957+0000] {dag.py:3954} INFO - Setting next_dagrun for example_python_decorator to None, run_after=None
[2026-03-25T11:29:08.035+0000] {processor.py:183} INFO - Processing /home/airflow/.local/lib/python3.12/site-packages/airflow/example_dags/example_python_decorator.py took 0.138 seconds
[2026-03-25T11:29:39.266+0000] {processor.py:161} INFO - Started process (PID=1637) to work on /home/airflow/.local/lib/python3.12/site-packages/airflow/example_dags/example_python_decorator.py
[2026-03-25T11:29:39.268+0000] {processor.py:830} INFO - Processing file /home/airflow/.local/lib/python3.12/site-packages/airflow/example_dags/example_python_decorator.py for tasks to queue
[2026-03-25T11:29:39.271+0000] {logging_mixin.py:188} INFO - [2026-03-25T11:29:39.270+0000] {dagbag.py:540} INFO - Filling up the DagBag from /home/airflow/.local/lib/python3.12/site-packages/airflow/example_dags/example_python_decorator.py
[2026-03-25T11:29:39.295+0000] {processor.py:840} INFO - DAG(s) 'example_python_decorator' retrieved from /home/airflow/.local/lib/python3.12/site-packages/airflow/example_dags/example_python_decorator.py
[2026-03-25T11:29:39.330+0000] {logging_mixin.py:188} INFO - [2026-03-25T11:29:39.330+0000] {dag.py:3096} INFO - Sync 1 DAGs
[2026-03-25T11:29:39.352+0000] {logging_mixin.py:188} INFO - [2026-03-25T11:29:39.352+0000] {dag.py:3954} INFO - Setting next_dagrun for example_python_decorator to None, run_after=None
[2026-03-25T11:29:39.408+0000] {processor.py:183} INFO - Processing /home/airflow/.local/lib/python3.12/site-packages/airflow/example_dags/example_python_decorator.py took 0.153 seconds
[2026-03-25T11:30:11.992+0000] {processor.py:161} INFO - Started process (PID=1692) to work on /home/airflow/.local/lib/python3.12/site-packages/airflow/example_dags/example_python_decorator.py
[2026-03-25T11:30:11.994+0000] {processor.py:830} INFO - Processing file /home/airflow/.local/lib/python3.12/site-packages/airflow/example_dags/example_python_decorator.py for tasks to queue
[2026-03-25T11:30:11.997+0000] {logging_mixin.py:188} INFO - [2026-03-25T11:30:11.997+0000] {dagbag.py:540} INFO - Filling up the DagBag from /home/airflow/.local/lib/python3.12/site-packages/airflow/example_dags/example_python_decorator.py
[2026-03-25T11:30:12.036+0000] {processor.py:840} INFO - DAG(s) 'example_python_decorator' retrieved from /home/airflow/.local/lib/python3.12/site-packages/airflow/example_dags/example_python_decorator.py
[2026-03-25T11:30:12.081+0000] {logging_mixin.py:188} INFO - [2026-03-25T11:30:12.080+0000] {dag.py:3096} INFO - Sync 1 DAGs
[2026-03-25T11:30:12.103+0000] {logging_mixin.py:188} INFO - [2026-03-25T11:30:12.103+0000] {dag.py:3954} INFO - Setting next_dagrun for example_python_decorator to None, run_after=None
[2026-03-25T11:30:12.152+0000] {processor.py:183} INFO - Processing /home/airflow/.local/lib/python3.12/site-packages/airflow/example_dags/example_python_decorator.py took 0.171 seconds
[2026-03-25T11:30:43.782+0000] {processor.py:161} INFO - Started process (PID=1751) to work on /home/airflow/.local/lib/python3.12/site-packages/airflow/example_dags/example_python_decorator.py
[2026-03-25T11:30:43.783+0000] {processor.py:830} INFO - Processing file /home/airflow/.local/lib/python3.12/site-packages/airflow/example_dags/example_python_decorator.py for tasks to queue
[2026-03-25T11:30:43.785+0000] {logging_mixin.py:188} INFO - [2026-03-25T11:30:43.785+0000] {dagbag.py:540} INFO - Filling up the DagBag from /home/airflow/.local/lib/python3.12/site-packages/airflow/example_dags/example_python_decorator.py
[2026-03-25T11:30:43.798+0000] {processor.py:840} INFO - DAG(s) 'example_python_decorator' retrieved from /home/airflow/.local/lib/python3.12/site-packages/airflow/example_dags/example_python_decorator.py
[2026-03-25T11:30:43.822+0000] {logging_mixin.py:188} INFO - [2026-03-25T11:30:43.822+0000] {dag.py:3096} INFO - Sync 1 DAGs
[2026-03-25T11:30:43.835+0000] {logging_mixin.py:188} INFO - [2026-03-25T11:30:43.835+0000] {dag.py:3954} INFO - Setting next_dagrun for example_python_decorator to None, run_after=None
[2026-03-25T11:30:43.882+0000] {processor.py:183} INFO - Processing /home/airflow/.local/lib/python3.12/site-packages/airflow/example_dags/example_python_decorator.py took 0.106 seconds
[2026-03-25T11:31:15.943+0000] {processor.py:161} INFO - Started process (PID=1810) to work on /home/airflow/.local/lib/python3.12/site-packages/airflow/example_dags/example_python_decorator.py
[2026-03-25T11:31:15.944+0000] {processor.py:830} INFO - Processing file /home/airflow/.local/lib/python3.12/site-packages/airflow/example_dags/example_python_decorator.py for tasks to queue
[2026-03-25T11:31:15.946+0000] {logging_mixin.py:188} INFO - [2026-03-25T11:31:15.946+0000] {dagbag.py:540} INFO - Filling up the DagBag from /home/airflow/.local/lib/python3.12/site-packages/airflow/example_dags/example_python_decorator.py
[2026-03-25T11:31:15.963+0000] {processor.py:840} INFO - DAG(s) 'example_python_decorator' retrieved from /home/airflow/.local/lib/python3.12/site-packages/airflow/example_dags/example_python_decorator.py
[2026-03-25T11:31:15.991+0000] {logging_mixin.py:188} INFO - [2026-03-25T11:31:15.991+0000] {dag.py:3096} INFO - Sync 1 DAGs
[2026-03-25T11:31:16.003+0000] {logging_mixin.py:188} INFO - [2026-03-25T11:31:16.003+0000] {dag.py:3954} INFO - Setting next_dagrun for example_python_decorator to None, run_after=None
[2026-03-25T11:31:16.059+0000] {processor.py:183} INFO - Processing /home/airflow/.local/lib/python3.12/site-packages/airflow/example_dags/example_python_decorator.py took 0.122 seconds
[2026-03-25T11:31:49.110+0000] {processor.py:161} INFO - Started process (PID=1869) to work on /home/airflow/.local/lib/python3.12/site-packages/airflow/example_dags/example_python_decorator.py
[2026-03-25T11:31:49.111+0000] {processor.py:830} INFO - Processing file /home/airflow/.local/lib/python3.12/site-packages/airflow/example_dags/example_python_decorator.py for tasks to queue
[2026-03-25T11:31:49.113+0000] {logging_mixin.py:188} INFO - [2026-03-25T11:31:49.112+0000] {dagbag.py:540} INFO - Filling up the DagBag from /home/airflow/.local/lib/python3.12/site-packages/airflow/example_dags/example_python_decorator.py
[2026-03-25T11:31:49.126+0000] {processor.py:840} INFO - DAG(s) 'example_python_decorator' retrieved from /home/airflow/.local/lib/python3.12/site-packages/airflow/example_dags/example_python_decorator.py
[2026-03-25T11:31:49.150+0000] {logging_mixin.py:188} INFO - [2026-03-25T11:31:49.150+0000] {dag.py:3096} INFO - Sync 1 DAGs
[2026-03-25T11:31:49.163+0000] {logging_mixin.py:188} INFO - [2026-03-25T11:31:49.162+0000] {dag.py:3954} INFO - Setting next_dagrun for example_python_decorator to None, run_after=None
[2026-03-25T11:31:49.242+0000] {processor.py:183} INFO - Processing /home/airflow/.local/lib/python3.12/site-packages/airflow/example_dags/example_python_decorator.py took 0.138 seconds
[2026-03-25T11:32:21.860+0000] {processor.py:161} INFO - Started process (PID=1928) to work on /home/airflow/.local/lib/python3.12/site-packages/airflow/example_dags/example_python_decorator.py
[2026-03-25T11:32:21.861+0000] {processor.py:830} INFO - Processing file /home/airflow/.local/lib/python3.12/site-packages/airflow/example_dags/example_python_decorator.py for tasks to queue
[2026-03-25T11:32:21.863+0000] {logging_mixin.py:188} INFO - [2026-03-25T11:32:21.863+0000] {dagbag.py:540} INFO - Filling up the DagBag from /home/airflow/.local/lib/python3.12/site-packages/airflow/example_dags/example_python_decorator.py
[2026-03-25T11:32:21.876+0000] {processor.py:840} INFO - DAG(s) 'example_python_decorator' retrieved from /home/airflow/.local/lib/python3.12/site-packages/airflow/example_dags/example_python_decorator.py
[2026-03-25T11:32:21.898+0000] {logging_mixin.py:188} INFO - [2026-03-25T11:32:21.898+0000] {dag.py:3096} INFO - Sync 1 DAGs
[2026-03-25T11:32:21.911+0000] {logging_mixin.py:188} INFO - [2026-03-25T11:32:21.911+0000] {dag.py:3954} INFO - Setting next_dagrun for example_python_decorator to None, run_after=None
[2026-03-25T11:32:21.952+0000] {processor.py:183} INFO - Processing /home/airflow/.local/lib/python3.12/site-packages/airflow/example_dags/example_python_decorator.py took 0.097 seconds
[2026-03-25T11:34:39.344+0000] {processor.py:161} INFO - Started process (PID=96) to work on /home/airflow/.local/lib/python3.12/site-packages/airflow/example_dags/example_python_decorator.py
[2026-03-25T11:34:39.345+0000] {processor.py:830} INFO - Processing file /home/airflow/.local/lib/python3.12/site-packages/airflow/example_dags/example_python_decorator.py for tasks to queue
[2026-03-25T11:34:39.348+0000] {logging_mixin.py:188} INFO - [2026-03-25T11:34:39.347+0000] {dagbag.py:540} INFO - Filling up the DagBag from /home/airflow/.local/lib/python3.12/site-packages/airflow/example_dags/example_python_decorator.py
[2026-03-25T11:34:39.368+0000] {processor.py:840} INFO - DAG(s) 'example_python_decorator' retrieved from /home/airflow/.local/lib/python3.12/site-packages/airflow/example_dags/example_python_decorator.py
[2026-03-25T11:34:39.572+0000] {logging_mixin.py:188} INFO - [2026-03-25T11:34:39.572+0000] {dag.py:3096} INFO - Sync 1 DAGs
[2026-03-25T11:34:39.587+0000] {logging_mixin.py:188} INFO - [2026-03-25T11:34:39.587+0000] {dag.py:3954} INFO - Setting next_dagrun for example_python_decorator to None, run_after=None
[2026-03-25T11:34:39.719+0000] {processor.py:183} INFO - Processing /home/airflow/.local/lib/python3.12/site-packages/airflow/example_dags/example_python_decorator.py took 0.384 seconds
[2026-03-25T11:35:09.976+0000] {processor.py:161} INFO - Started process (PID=155) to work on /home/airflow/.local/lib/python3.12/site-packages/airflow/example_dags/example_python_decorator.py
[2026-03-25T11:35:09.977+0000] {processor.py:830} INFO - Processing file /home/airflow/.local/lib/python3.12/site-packages/airflow/example_dags/example_python_decorator.py for tasks to queue
[2026-03-25T11:35:09.978+0000] {logging_mixin.py:188} INFO - [2026-03-25T11:35:09.978+0000] {dagbag.py:540} INFO - Filling up the DagBag from /home/airflow/.local/lib/python3.12/site-packages/airflow/example_dags/example_python_decorator.py
[2026-03-25T11:35:09.991+0000] {processor.py:840} INFO - DAG(s) 'example_python_decorator' retrieved from /home/airflow/.local/lib/python3.12/site-packages/airflow/example_dags/example_python_decorator.py
[2026-03-25T11:35:10.014+0000] {logging_mixin.py:188} INFO - [2026-03-25T11:35:10.014+0000] {dag.py:3096} INFO - Sync 1 DAGs
[2026-03-25T11:35:10.030+0000] {logging_mixin.py:188} INFO - [2026-03-25T11:35:10.029+0000] {dag.py:3954} INFO - Setting next_dagrun for example_python_decorator to None, run_after=None
[2026-03-25T11:35:10.067+0000] {processor.py:183} INFO - Processing /home/airflow/.local/lib/python3.12/site-packages/airflow/example_dags/example_python_decorator.py took 0.097 seconds
[2026-03-25T11:35:41.060+0000] {processor.py:161} INFO - Started process (PID=215) to work on /home/airflow/.local/lib/python3.12/site-packages/airflow/example_dags/example_python_decorator.py
[2026-03-25T11:35:41.062+0000] {processor.py:830} INFO - Processing file /home/airflow/.local/lib/python3.12/site-packages/airflow/example_dags/example_python_decorator.py for tasks to queue
[2026-03-25T11:35:41.066+0000] {logging_mixin.py:188} INFO - [2026-03-25T11:35:41.066+0000] {dagbag.py:540} INFO - Filling up the DagBag from /home/airflow/.local/lib/python3.12/site-packages/airflow/example_dags/example_python_decorator.py
[2026-03-25T11:35:41.091+0000] {processor.py:840} INFO - DAG(s) 'example_python_decorator' retrieved from /home/airflow/.local/lib/python3.12/site-packages/airflow/example_dags/example_python_decorator.py
[2026-03-25T11:35:41.144+0000] {logging_mixin.py:188} INFO - [2026-03-25T11:35:41.144+0000] {dag.py:3096} INFO - Sync 1 DAGs
[2026-03-25T11:35:41.167+0000] {logging_mixin.py:188} INFO - [2026-03-25T11:35:41.166+0000] {dag.py:3954} INFO - Setting next_dagrun for example_python_decorator to None, run_after=None
[2026-03-25T11:35:41.229+0000] {processor.py:183} INFO - Processing /home/airflow/.local/lib/python3.12/site-packages/airflow/example_dags/example_python_decorator.py took 0.180 seconds
[2026-03-25T11:36:14.380+0000] {processor.py:161} INFO - Started process (PID=274) to work on /home/airflow/.local/lib/python3.12/site-packages/airflow/example_dags/example_python_decorator.py
[2026-03-25T11:36:14.381+0000] {processor.py:830} INFO - Processing file /home/airflow/.local/lib/python3.12/site-packages/airflow/example_dags/example_python_decorator.py for tasks to queue
[2026-03-25T11:36:14.384+0000] {logging_mixin.py:188} INFO - [2026-03-25T11:36:14.383+0000] {dagbag.py:540} INFO - Filling up the DagBag from /home/airflow/.local/lib/python3.12/site-packages/airflow/example_dags/example_python_decorator.py
[2026-03-25T11:36:14.399+0000] {processor.py:840} INFO - DAG(s) 'example_python_decorator' retrieved from /home/airflow/.local/lib/python3.12/site-packages/airflow/example_dags/example_python_decorator.py
[2026-03-25T11:36:14.432+0000] {logging_mixin.py:188} INFO - [2026-03-25T11:36:14.432+0000] {dag.py:3096} INFO - Sync 1 DAGs
[2026-03-25T11:36:14.449+0000] {logging_mixin.py:188} INFO - [2026-03-25T11:36:14.449+0000] {dag.py:3954} INFO - Setting next_dagrun for example_python_decorator to None, run_after=None
[2026-03-25T11:36:14.502+0000] {processor.py:183} INFO - Processing /home/airflow/.local/lib/python3.12/site-packages/airflow/example_dags/example_python_decorator.py took 0.129 seconds
[2026-03-25T11:36:47.184+0000] {processor.py:161} INFO - Started process (PID=333) to work on /home/airflow/.local/lib/python3.12/site-packages/airflow/example_dags/example_python_decorator.py
[2026-03-25T11:36:47.186+0000] {processor.py:830} INFO - Processing file /home/airflow/.local/lib/python3.12/site-packages/airflow/example_dags/example_python_decorator.py for tasks to queue
[2026-03-25T11:36:47.191+0000] {logging_mixin.py:188} INFO - [2026-03-25T11:36:47.190+0000] {dagbag.py:540} INFO - Filling up the DagBag from /home/airflow/.local/lib/python3.12/site-packages/airflow/example_dags/example_python_decorator.py
[2026-03-25T11:36:47.221+0000] {processor.py:840} INFO - DAG(s) 'example_python_decorator' retrieved from /home/airflow/.local/lib/python3.12/site-packages/airflow/example_dags/example_python_decorator.py
[2026-03-25T11:36:47.275+0000] {logging_mixin.py:188} INFO - [2026-03-25T11:36:47.274+0000] {dag.py:3096} INFO - Sync 1 DAGs
[2026-03-25T11:36:47.299+0000] {logging_mixin.py:188} INFO - [2026-03-25T11:36:47.299+0000] {dag.py:3954} INFO - Setting next_dagrun for example_python_decorator to None, run_after=None
[2026-03-25T11:36:47.354+0000] {processor.py:183} INFO - Processing /home/airflow/.local/lib/python3.12/site-packages/airflow/example_dags/example_python_decorator.py took 0.184 seconds
[2026-03-25T11:37:19.307+0000] {processor.py:161} INFO - Started process (PID=392) to work on /home/airflow/.local/lib/python3.12/site-packages/airflow/example_dags/example_python_decorator.py
[2026-03-25T11:37:19.313+0000] {processor.py:830} INFO - Processing file /home/airflow/.local/lib/python3.12/site-packages/airflow/example_dags/example_python_decorator.py for tasks to queue
[2026-03-25T11:37:19.318+0000] {logging_mixin.py:188} INFO - [2026-03-25T11:37:19.317+0000] {dagbag.py:540} INFO - Filling up the DagBag from /home/airflow/.local/lib/python3.12/site-packages/airflow/example_dags/example_python_decorator.py
[2026-03-25T11:37:19.350+0000] {processor.py:840} INFO - DAG(s) 'example_python_decorator' retrieved from /home/airflow/.local/lib/python3.12/site-packages/airflow/example_dags/example_python_decorator.py
[2026-03-25T11:37:19.378+0000] {logging_mixin.py:188} INFO - [2026-03-25T11:37:19.377+0000] {dag.py:3096} INFO - Sync 1 DAGs
[2026-03-25T11:37:19.391+0000] {logging_mixin.py:188} INFO - [2026-03-25T11:37:19.391+0000] {dag.py:3954} INFO - Setting next_dagrun for example_python_decorator to None, run_after=None
[2026-03-25T11:37:19.435+0000] {processor.py:183} INFO - Processing /home/airflow/.local/lib/python3.12/site-packages/airflow/example_dags/example_python_decorator.py took 0.142 seconds
[2026-03-25T11:37:51.561+0000] {processor.py:161} INFO - Started process (PID=451) to work on /home/airflow/.local/lib/python3.12/site-packages/airflow/example_dags/example_python_decorator.py
[2026-03-25T11:37:51.562+0000] {processor.py:830} INFO - Processing file /home/airflow/.local/lib/python3.12/site-packages/airflow/example_dags/example_python_decorator.py for tasks to queue
[2026-03-25T11:37:51.565+0000] {logging_mixin.py:188} INFO - [2026-03-25T11:37:51.564+0000] {dagbag.py:540} INFO - Filling up the DagBag from /home/airflow/.local/lib/python3.12/site-packages/airflow/example_dags/example_python_decorator.py
[2026-03-25T11:37:51.582+0000] {processor.py:840} INFO - DAG(s) 'example_python_decorator' retrieved from /home/airflow/.local/lib/python3.12/site-packages/airflow/example_dags/example_python_decorator.py
[2026-03-25T11:37:51.606+0000] {logging_mixin.py:188} INFO - [2026-03-25T11:37:51.605+0000] {dag.py:3096} INFO - Sync 1 DAGs
[2026-03-25T11:37:51.618+0000] {logging_mixin.py:188} INFO - [2026-03-25T11:37:51.618+0000] {dag.py:3954} INFO - Setting next_dagrun for example_python_decorator to None, run_after=None
[2026-03-25T11:37:51.660+0000] {processor.py:183} INFO - Processing /home/airflow/.local/lib/python3.12/site-packages/airflow/example_dags/example_python_decorator.py took 0.106 seconds
[2026-03-25T11:38:23.447+0000] {processor.py:161} INFO - Started process (PID=504) to work on /home/airflow/.local/lib/python3.12/site-packages/airflow/example_dags/example_python_decorator.py
[2026-03-25T11:38:23.448+0000] {processor.py:830} INFO - Processing file /home/airflow/.local/lib/python3.12/site-packages/airflow/example_dags/example_python_decorator.py for tasks to queue
[2026-03-25T11:38:23.450+0000] {logging_mixin.py:188} INFO - [2026-03-25T11:38:23.450+0000] {dagbag.py:540} INFO - Filling up the DagBag from /home/airflow/.local/lib/python3.12/site-packages/airflow/example_dags/example_python_decorator.py
[2026-03-25T11:38:23.464+0000] {processor.py:840} INFO - DAG(s) 'example_python_decorator' retrieved from /home/airflow/.local/lib/python3.12/site-packages/airflow/example_dags/example_python_decorator.py
[2026-03-25T11:38:23.489+0000] {logging_mixin.py:188} INFO - [2026-03-25T11:38:23.489+0000] {dag.py:3096} INFO - Sync 1 DAGs
[2026-03-25T11:38:23.502+0000] {logging_mixin.py:188} INFO - [2026-03-25T11:38:23.502+0000] {dag.py:3954} INFO - Setting next_dagrun for example_python_decorator to None, run_after=None
[2026-03-25T11:38:23.544+0000] {processor.py:183} INFO - Processing /home/airflow/.local/lib/python3.12/site-packages/airflow/example_dags/example_python_decorator.py took 0.104 seconds
[2026-03-25T11:38:56.274+0000] {processor.py:161} INFO - Started process (PID=563) to work on /home/airflow/.local/lib/python3.12/site-packages/airflow/example_dags/example_python_decorator.py
[2026-03-25T11:38:56.275+0000] {processor.py:830} INFO - Processing file /home/airflow/.local/lib/python3.12/site-packages/airflow/example_dags/example_python_decorator.py for tasks to queue
[2026-03-25T11:38:56.277+0000] {logging_mixin.py:188} INFO - [2026-03-25T11:38:56.277+0000] {dagbag.py:540} INFO - Filling up the DagBag from /home/airflow/.local/lib/python3.12/site-packages/airflow/example_dags/example_python_decorator.py
[2026-03-25T11:38:56.290+0000] {processor.py:840} INFO - DAG(s) 'example_python_decorator' retrieved from /home/airflow/.local/lib/python3.12/site-packages/airflow/example_dags/example_python_decorator.py
[2026-03-25T11:38:56.312+0000] {logging_mixin.py:188} INFO - [2026-03-25T11:38:56.312+0000] {dag.py:3096} INFO - Sync 1 DAGs
[2026-03-25T11:38:56.325+0000] {logging_mixin.py:188} INFO - [2026-03-25T11:38:56.325+0000] {dag.py:3954} INFO - Setting next_dagrun for example_python_decorator to None, run_after=None
[2026-03-25T11:38:56.455+0000] {processor.py:183} INFO - Processing /home/airflow/.local/lib/python3.12/site-packages/airflow/example_dags/example_python_decorator.py took 0.186 seconds
[2026-03-25T11:39:28.924+0000] {processor.py:161} INFO - Started process (PID=622) to work on /home/airflow/.local/lib/python3.12/site-packages/airflow/example_dags/example_python_decorator.py
[2026-03-25T11:39:28.926+0000] {processor.py:830} INFO - Processing file /home/airflow/.local/lib/python3.12/site-packages/airflow/example_dags/example_python_decorator.py for tasks to queue
[2026-03-25T11:39:28.928+0000] {logging_mixin.py:188} INFO - [2026-03-25T11:39:28.927+0000] {dagbag.py:540} INFO - Filling up the DagBag from /home/airflow/.local/lib/python3.12/site-packages/airflow/example_dags/example_python_decorator.py
[2026-03-25T11:39:28.941+0000] {processor.py:840} INFO - DAG(s) 'example_python_decorator' retrieved from /home/airflow/.local/lib/python3.12/site-packages/airflow/example_dags/example_python_decorator.py
[2026-03-25T11:39:28.963+0000] {logging_mixin.py:188} INFO - [2026-03-25T11:39:28.963+0000] {dag.py:3096} INFO - Sync 1 DAGs
[2026-03-25T11:39:28.976+0000] {logging_mixin.py:188} INFO - [2026-03-25T11:39:28.976+0000] {dag.py:3954} INFO - Setting next_dagrun for example_python_decorator to None, run_after=None
[2026-03-25T11:39:29.017+0000] {processor.py:183} INFO - Processing /home/airflow/.local/lib/python3.12/site-packages/airflow/example_dags/example_python_decorator.py took 0.099 seconds
[2026-03-25T11:40:02.402+0000] {processor.py:161} INFO - Started process (PID=681) to work on /home/airflow/.local/lib/python3.12/site-packages/airflow/example_dags/example_python_decorator.py
[2026-03-25T11:40:02.403+0000] {processor.py:830} INFO - Processing file /home/airflow/.local/lib/python3.12/site-packages/airflow/example_dags/example_python_decorator.py for tasks to queue
[2026-03-25T11:40:02.405+0000] {logging_mixin.py:188} INFO - [2026-03-25T11:40:02.405+0000] {dagbag.py:540} INFO - Filling up the DagBag from /home/airflow/.local/lib/python3.12/site-packages/airflow/example_dags/example_python_decorator.py
[2026-03-25T11:40:02.423+0000] {processor.py:840} INFO - DAG(s) 'example_python_decorator' retrieved from /home/airflow/.local/lib/python3.12/site-packages/airflow/example_dags/example_python_decorator.py
[2026-03-25T11:40:02.453+0000] {logging_mixin.py:188} INFO - [2026-03-25T11:40:02.452+0000] {dag.py:3096} INFO - Sync 1 DAGs
[2026-03-25T11:40:02.475+0000] {logging_mixin.py:188} INFO - [2026-03-25T11:40:02.475+0000] {dag.py:3954} INFO - Setting next_dagrun for example_python_decorator to None, run_after=None
[2026-03-25T11:40:02.524+0000] {processor.py:183} INFO - Processing /home/airflow/.local/lib/python3.12/site-packages/airflow/example_dags/example_python_decorator.py took 0.130 seconds
[2026-03-25T11:40:34.298+0000] {processor.py:161} INFO - Started process (PID=740) to work on /home/airflow/.local/lib/python3.12/site-packages/airflow/example_dags/example_python_decorator.py
[2026-03-25T11:40:34.299+0000] {processor.py:830} INFO - Processing file /home/airflow/.local/lib/python3.12/site-packages/airflow/example_dags/example_python_decorator.py for tasks to queue
[2026-03-25T11:40:34.301+0000] {logging_mixin.py:188} INFO - [2026-03-25T11:40:34.301+0000] {dagbag.py:540} INFO - Filling up the DagBag from /home/airflow/.local/lib/python3.12/site-packages/airflow/example_dags/example_python_decorator.py
[2026-03-25T11:40:34.314+0000] {processor.py:840} INFO - DAG(s) 'example_python_decorator' retrieved from /home/airflow/.local/lib/python3.12/site-packages/airflow/example_dags/example_python_decorator.py
[2026-03-25T11:40:34.337+0000] {logging_mixin.py:188} INFO - [2026-03-25T11:40:34.337+0000] {dag.py:3096} INFO - Sync 1 DAGs
[2026-03-25T11:40:34.349+0000] {logging_mixin.py:188} INFO - [2026-03-25T11:40:34.349+0000] {dag.py:3954} INFO - Setting next_dagrun for example_python_decorator to None, run_after=None
[2026-03-25T11:40:34.400+0000] {processor.py:183} INFO - Processing /home/airflow/.local/lib/python3.12/site-packages/airflow/example_dags/example_python_decorator.py took 0.108 seconds
[2026-03-25T11:41:07.265+0000] {processor.py:161} INFO - Started process (PID=799) to work on /home/airflow/.local/lib/python3.12/site-packages/airflow/example_dags/example_python_decorator.py
[2026-03-25T11:41:07.266+0000] {processor.py:830} INFO - Processing file /home/airflow/.local/lib/python3.12/site-packages/airflow/example_dags/example_python_decorator.py for tasks to queue
[2026-03-25T11:41:07.268+0000] {logging_mixin.py:188} INFO - [2026-03-25T11:41:07.268+0000] {dagbag.py:540} INFO - Filling up the DagBag from /home/airflow/.local/lib/python3.12/site-packages/airflow/example_dags/example_python_decorator.py
[2026-03-25T11:41:07.281+0000] {processor.py:840} INFO - DAG(s) 'example_python_decorator' retrieved from /home/airflow/.local/lib/python3.12/site-packages/airflow/example_dags/example_python_decorator.py
[2026-03-25T11:41:07.307+0000] {logging_mixin.py:188} INFO - [2026-03-25T11:41:07.307+0000] {dag.py:3096} INFO - Sync 1 DAGs
[2026-03-25T11:41:07.322+0000] {logging_mixin.py:188} INFO - [2026-03-25T11:41:07.321+0000] {dag.py:3954} INFO - Setting next_dagrun for example_python_decorator to None, run_after=None
[2026-03-25T11:41:07.429+0000] {processor.py:183} INFO - Processing /home/airflow/.local/lib/python3.12/site-packages/airflow/example_dags/example_python_decorator.py took 0.170 seconds
[2026-03-25T11:41:41.621+0000] {processor.py:161} INFO - Started process (PID=864) to work on /home/airflow/.local/lib/python3.12/site-packages/airflow/example_dags/example_python_decorator.py
[2026-03-25T11:41:41.622+0000] {processor.py:830} INFO - Processing file /home/airflow/.local/lib/python3.12/site-packages/airflow/example_dags/example_python_decorator.py for tasks to queue
[2026-03-25T11:41:41.624+0000] {logging_mixin.py:188} INFO - [2026-03-25T11:41:41.624+0000] {dagbag.py:540} INFO - Filling up the DagBag from /home/airflow/.local/lib/python3.12/site-packages/airflow/example_dags/example_python_decorator.py
[2026-03-25T11:41:41.637+0000] {processor.py:840} INFO - DAG(s) 'example_python_decorator' retrieved from /home/airflow/.local/lib/python3.12/site-packages/airflow/example_dags/example_python_decorator.py
[2026-03-25T11:41:41.660+0000] {logging_mixin.py:188} INFO - [2026-03-25T11:41:41.659+0000] {dag.py:3096} INFO - Sync 1 DAGs
[2026-03-25T11:41:41.673+0000] {logging_mixin.py:188} INFO - [2026-03-25T11:41:41.673+0000] {dag.py:3954} INFO - Setting next_dagrun for example_python_decorator to None, run_after=None
[2026-03-25T11:41:41.726+0000] {processor.py:183} INFO - Processing /home/airflow/.local/lib/python3.12/site-packages/airflow/example_dags/example_python_decorator.py took 0.110 seconds
[2026-03-25T11:42:12.535+0000] {processor.py:161} INFO - Started process (PID=917) to work on /home/airflow/.local/lib/python3.12/site-packages/airflow/example_dags/example_python_decorator.py
[2026-03-25T11:42:12.536+0000] {processor.py:830} INFO - Processing file /home/airflow/.local/lib/python3.12/site-packages/airflow/example_dags/example_python_decorator.py for tasks to queue
[2026-03-25T11:42:12.538+0000] {logging_mixin.py:188} INFO - [2026-03-25T11:42:12.538+0000] {dagbag.py:540} INFO - Filling up the DagBag from /home/airflow/.local/lib/python3.12/site-packages/airflow/example_dags/example_python_decorator.py
[2026-03-25T11:42:12.555+0000] {processor.py:840} INFO - DAG(s) 'example_python_decorator' retrieved from /home/airflow/.local/lib/python3.12/site-packages/airflow/example_dags/example_python_decorator.py
[2026-03-25T11:42:12.584+0000] {logging_mixin.py:188} INFO - [2026-03-25T11:42:12.584+0000] {dag.py:3096} INFO - Sync 1 DAGs
[2026-03-25T11:42:12.600+0000] {logging_mixin.py:188} INFO - [2026-03-25T11:42:12.599+0000] {dag.py:3954} INFO - Setting next_dagrun for example_python_decorator to None, run_after=None
[2026-03-25T11:42:12.648+0000] {processor.py:183} INFO - Processing /home/airflow/.local/lib/python3.12/site-packages/airflow/example_dags/example_python_decorator.py took 0.120 seconds
[2026-03-25T11:42:45.549+0000] {processor.py:161} INFO - Started process (PID=976) to work on /home/airflow/.local/lib/python3.12/site-packages/airflow/example_dags/example_python_decorator.py
[2026-03-25T11:42:45.550+0000] {processor.py:830} INFO - Processing file /home/airflow/.local/lib/python3.12/site-packages/airflow/example_dags/example_python_decorator.py for tasks to queue
[2026-03-25T11:42:45.552+0000] {logging_mixin.py:188} INFO - [2026-03-25T11:42:45.552+0000] {dagbag.py:540} INFO - Filling up the DagBag from /home/airflow/.local/lib/python3.12/site-packages/airflow/example_dags/example_python_decorator.py
[2026-03-25T11:42:45.567+0000] {processor.py:840} INFO - DAG(s) 'example_python_decorator' retrieved from /home/airflow/.local/lib/python3.12/site-packages/airflow/example_dags/example_python_decorator.py
[2026-03-25T11:42:45.591+0000] {logging_mixin.py:188} INFO - [2026-03-25T11:42:45.591+0000] {dag.py:3096} INFO - Sync 1 DAGs
[2026-03-25T11:42:45.607+0000] {logging_mixin.py:188} INFO - [2026-03-25T11:42:45.607+0000] {dag.py:3954} INFO - Setting next_dagrun for example_python_decorator to None, run_after=None
[2026-03-25T11:42:45.656+0000] {processor.py:183} INFO - Processing /home/airflow/.local/lib/python3.12/site-packages/airflow/example_dags/example_python_decorator.py took 0.114 seconds
[2026-03-25T11:43:18.891+0000] {processor.py:161} INFO - Started process (PID=1035) to work on /home/airflow/.local/lib/python3.12/site-packages/airflow/example_dags/example_python_decorator.py
[2026-03-25T11:43:18.892+0000] {processor.py:830} INFO - Processing file /home/airflow/.local/lib/python3.12/site-packages/airflow/example_dags/example_python_decorator.py for tasks to queue
[2026-03-25T11:43:18.894+0000] {logging_mixin.py:188} INFO - [2026-03-25T11:43:18.893+0000] {dagbag.py:540} INFO - Filling up the DagBag from /home/airflow/.local/lib/python3.12/site-packages/airflow/example_dags/example_python_decorator.py
[2026-03-25T11:43:18.908+0000] {processor.py:840} INFO - DAG(s) 'example_python_decorator' retrieved from /home/airflow/.local/lib/python3.12/site-packages/airflow/example_dags/example_python_decorator.py
[2026-03-25T11:43:18.935+0000] {logging_mixin.py:188} INFO - [2026-03-25T11:43:18.935+0000] {dag.py:3096} INFO - Sync 1 DAGs
[2026-03-25T11:43:18.949+0000] {logging_mixin.py:188} INFO - [2026-03-25T11:43:18.949+0000] {dag.py:3954} INFO - Setting next_dagrun for example_python_decorator to None, run_after=None
[2026-03-25T11:43:19.000+0000] {processor.py:183} INFO - Processing /home/airflow/.local/lib/python3.12/site-packages/airflow/example_dags/example_python_decorator.py took 0.115 seconds
[2026-03-25T11:43:51.835+0000] {processor.py:161} INFO - Started process (PID=1094) to work on /home/airflow/.local/lib/python3.12/site-packages/airflow/example_dags/example_python_decorator.py
[2026-03-25T11:43:51.841+0000] {processor.py:830} INFO - Processing file /home/airflow/.local/lib/python3.12/site-packages/airflow/example_dags/example_python_decorator.py for tasks to queue
[2026-03-25T11:43:51.862+0000] {logging_mixin.py:188} INFO - [2026-03-25T11:43:51.859+0000] {dagbag.py:540} INFO - Filling up the DagBag from /home/airflow/.local/lib/python3.12/site-packages/airflow/example_dags/example_python_decorator.py
[2026-03-25T11:43:51.970+0000] {processor.py:840} INFO - DAG(s) 'example_python_decorator' retrieved from /home/airflow/.local/lib/python3.12/site-packages/airflow/example_dags/example_python_decorator.py
[2026-03-25T11:43:52.203+0000] {logging_mixin.py:188} INFO - [2026-03-25T11:43:52.200+0000] {dag.py:3096} INFO - Sync 1 DAGs
[2026-03-25T11:43:52.338+0000] {logging_mixin.py:188} INFO - [2026-03-25T11:43:52.338+0000] {dag.py:3954} INFO - Setting next_dagrun for example_python_decorator to None, run_after=None
[2026-03-25T11:43:52.403+0000] {processor.py:183} INFO - Processing /home/airflow/.local/lib/python3.12/site-packages/airflow/example_dags/example_python_decorator.py took 0.608 seconds
[2026-03-25T11:44:23.536+0000] {processor.py:161} INFO - Started process (PID=1153) to work on /home/airflow/.local/lib/python3.12/site-packages/airflow/example_dags/example_python_decorator.py
[2026-03-25T11:44:23.538+0000] {processor.py:830} INFO - Processing file /home/airflow/.local/lib/python3.12/site-packages/airflow/example_dags/example_python_decorator.py for tasks to queue
[2026-03-25T11:44:23.540+0000] {logging_mixin.py:188} INFO - [2026-03-25T11:44:23.539+0000] {dagbag.py:540} INFO - Filling up the DagBag from /home/airflow/.local/lib/python3.12/site-packages/airflow/example_dags/example_python_decorator.py
[2026-03-25T11:44:23.555+0000] {processor.py:840} INFO - DAG(s) 'example_python_decorator' retrieved from /home/airflow/.local/lib/python3.12/site-packages/airflow/example_dags/example_python_decorator.py
[2026-03-25T11:44:23.581+0000] {logging_mixin.py:188} INFO - [2026-03-25T11:44:23.581+0000] {dag.py:3096} INFO - Sync 1 DAGs
[2026-03-25T11:44:23.602+0000] {logging_mixin.py:188} INFO - [2026-03-25T11:44:23.601+0000] {dag.py:3954} INFO - Setting next_dagrun for example_python_decorator to None, run_after=None
[2026-03-25T11:44:23.660+0000] {processor.py:183} INFO - Processing /home/airflow/.local/lib/python3.12/site-packages/airflow/example_dags/example_python_decorator.py took 0.133 seconds
[2026-03-25T11:44:56.659+0000] {processor.py:161} INFO - Started process (PID=1212) to work on /home/airflow/.local/lib/python3.12/site-packages/airflow/example_dags/example_python_decorator.py
[2026-03-25T11:44:56.660+0000] {processor.py:830} INFO - Processing file /home/airflow/.local/lib/python3.12/site-packages/airflow/example_dags/example_python_decorator.py for tasks to queue
[2026-03-25T11:44:56.662+0000] {logging_mixin.py:188} INFO - [2026-03-25T11:44:56.662+0000] {dagbag.py:540} INFO - Filling up the DagBag from /home/airflow/.local/lib/python3.12/site-packages/airflow/example_dags/example_python_decorator.py
[2026-03-25T11:44:56.678+0000] {processor.py:840} INFO - DAG(s) 'example_python_decorator' retrieved from /home/airflow/.local/lib/python3.12/site-packages/airflow/example_dags/example_python_decorator.py
[2026-03-25T11:44:56.706+0000] {logging_mixin.py:188} INFO - [2026-03-25T11:44:56.705+0000] {dag.py:3096} INFO - Sync 1 DAGs
[2026-03-25T11:44:56.721+0000] {logging_mixin.py:188} INFO - [2026-03-25T11:44:56.721+0000] {dag.py:3954} INFO - Setting next_dagrun for example_python_decorator to None, run_after=None
[2026-03-25T11:44:56.767+0000] {processor.py:183} INFO - Processing /home/airflow/.local/lib/python3.12/site-packages/airflow/example_dags/example_python_decorator.py took 0.115 seconds
[2026-03-25T11:45:29.501+0000] {processor.py:161} INFO - Started process (PID=1271) to work on /home/airflow/.local/lib/python3.12/site-packages/airflow/example_dags/example_python_decorator.py
[2026-03-25T11:45:29.502+0000] {processor.py:830} INFO - Processing file /home/airflow/.local/lib/python3.12/site-packages/airflow/example_dags/example_python_decorator.py for tasks to queue
[2026-03-25T11:45:29.504+0000] {logging_mixin.py:188} INFO - [2026-03-25T11:45:29.504+0000] {dagbag.py:540} INFO - Filling up the DagBag from /home/airflow/.local/lib/python3.12/site-packages/airflow/example_dags/example_python_decorator.py
[2026-03-25T11:45:29.517+0000] {processor.py:840} INFO - DAG(s) 'example_python_decorator' retrieved from /home/airflow/.local/lib/python3.12/site-packages/airflow/example_dags/example_python_decorator.py
[2026-03-25T11:45:29.541+0000] {logging_mixin.py:188} INFO - [2026-03-25T11:45:29.541+0000] {dag.py:3096} INFO - Sync 1 DAGs
[2026-03-25T11:45:29.555+0000] {logging_mixin.py:188} INFO - [2026-03-25T11:45:29.554+0000] {dag.py:3954} INFO - Setting next_dagrun for example_python_decorator to None, run_after=None
[2026-03-25T11:45:29.613+0000] {processor.py:183} INFO - Processing /home/airflow/.local/lib/python3.12/site-packages/airflow/example_dags/example_python_decorator.py took 0.117 seconds
[2026-03-25T11:46:01.841+0000] {processor.py:161} INFO - Started process (PID=1330) to work on /home/airflow/.local/lib/python3.12/site-packages/airflow/example_dags/example_python_decorator.py
[2026-03-25T11:46:01.842+0000] {processor.py:830} INFO - Processing file /home/airflow/.local/lib/python3.12/site-packages/airflow/example_dags/example_python_decorator.py for tasks to queue
[2026-03-25T11:46:01.844+0000] {logging_mixin.py:188} INFO - [2026-03-25T11:46:01.844+0000] {dagbag.py:540} INFO - Filling up the DagBag from /home/airflow/.local/lib/python3.12/site-packages/airflow/example_dags/example_python_decorator.py
[2026-03-25T11:46:01.858+0000] {processor.py:840} INFO - DAG(s) 'example_python_decorator' retrieved from /home/airflow/.local/lib/python3.12/site-packages/airflow/example_dags/example_python_decorator.py
[2026-03-25T11:46:01.881+0000] {logging_mixin.py:188} INFO - [2026-03-25T11:46:01.881+0000] {dag.py:3096} INFO - Sync 1 DAGs
[2026-03-25T11:46:01.895+0000] {logging_mixin.py:188} INFO - [2026-03-25T11:46:01.895+0000] {dag.py:3954} INFO - Setting next_dagrun for example_python_decorator to None, run_after=None
[2026-03-25T11:46:01.955+0000] {processor.py:183} INFO - Processing /home/airflow/.local/lib/python3.12/site-packages/airflow/example_dags/example_python_decorator.py took 0.120 seconds
[2026-03-25T11:46:35.172+0000] {processor.py:161} INFO - Started process (PID=1389) to work on /home/airflow/.local/lib/python3.12/site-packages/airflow/example_dags/example_python_decorator.py
[2026-03-25T11:46:35.175+0000] {processor.py:830} INFO - Processing file /home/airflow/.local/lib/python3.12/site-packages/airflow/example_dags/example_python_decorator.py for tasks to queue
[2026-03-25T11:46:35.181+0000] {logging_mixin.py:188} INFO - [2026-03-25T11:46:35.179+0000] {dagbag.py:540} INFO - Filling up the DagBag from /home/airflow/.local/lib/python3.12/site-packages/airflow/example_dags/example_python_decorator.py
[2026-03-25T11:46:35.223+0000] {processor.py:840} INFO - DAG(s) 'example_python_decorator' retrieved from /home/airflow/.local/lib/python3.12/site-packages/airflow/example_dags/example_python_decorator.py
[2026-03-25T11:46:35.282+0000] {logging_mixin.py:188} INFO - [2026-03-25T11:46:35.282+0000] {dag.py:3096} INFO - Sync 1 DAGs
[2026-03-25T11:46:35.307+0000] {logging_mixin.py:188} INFO - [2026-03-25T11:46:35.307+0000] {dag.py:3954} INFO - Setting next_dagrun for example_python_decorator to None, run_after=None
[2026-03-25T11:46:35.358+0000] {processor.py:183} INFO - Processing /home/airflow/.local/lib/python3.12/site-packages/airflow/example_dags/example_python_decorator.py took 0.202 seconds
[2026-03-25T11:47:10.037+0000] {processor.py:161} INFO - Started process (PID=1455) to work on /home/airflow/.local/lib/python3.12/site-packages/airflow/example_dags/example_python_decorator.py
[2026-03-25T11:47:10.040+0000] {processor.py:830} INFO - Processing file /home/airflow/.local/lib/python3.12/site-packages/airflow/example_dags/example_python_decorator.py for tasks to queue
[2026-03-25T11:47:10.044+0000] {logging_mixin.py:188} INFO - [2026-03-25T11:47:10.043+0000] {dagbag.py:540} INFO - Filling up the DagBag from /home/airflow/.local/lib/python3.12/site-packages/airflow/example_dags/example_python_decorator.py
[2026-03-25T11:47:10.076+0000] {processor.py:840} INFO - DAG(s) 'example_python_decorator' retrieved from /home/airflow/.local/lib/python3.12/site-packages/airflow/example_dags/example_python_decorator.py
[2026-03-25T11:47:10.124+0000] {logging_mixin.py:188} INFO - [2026-03-25T11:47:10.124+0000] {dag.py:3096} INFO - Sync 1 DAGs
[2026-03-25T11:47:10.162+0000] {logging_mixin.py:188} INFO - [2026-03-25T11:47:10.161+0000] {dag.py:3954} INFO - Setting next_dagrun for example_python_decorator to None, run_after=None
[2026-03-25T11:47:10.218+0000] {processor.py:183} INFO - Processing /home/airflow/.local/lib/python3.12/site-packages/airflow/example_dags/example_python_decorator.py took 0.194 seconds
[2026-03-25T11:47:43.053+0000] {processor.py:161} INFO - Started process (PID=1514) to work on /home/airflow/.local/lib/python3.12/site-packages/airflow/example_dags/example_python_decorator.py
[2026-03-25T11:47:43.054+0000] {processor.py:830} INFO - Processing file /home/airflow/.local/lib/python3.12/site-packages/airflow/example_dags/example_python_decorator.py for tasks to queue
[2026-03-25T11:47:43.057+0000] {logging_mixin.py:188} INFO - [2026-03-25T11:47:43.056+0000] {dagbag.py:540} INFO - Filling up the DagBag from /home/airflow/.local/lib/python3.12/site-packages/airflow/example_dags/example_python_decorator.py
[2026-03-25T11:47:43.072+0000] {processor.py:840} INFO - DAG(s) 'example_python_decorator' retrieved from /home/airflow/.local/lib/python3.12/site-packages/airflow/example_dags/example_python_decorator.py
[2026-03-25T11:47:43.099+0000] {logging_mixin.py:188} INFO - [2026-03-25T11:47:43.098+0000] {dag.py:3096} INFO - Sync 1 DAGs
[2026-03-25T11:47:43.114+0000] {logging_mixin.py:188} INFO - [2026-03-25T11:47:43.113+0000] {dag.py:3954} INFO - Setting next_dagrun for example_python_decorator to None, run_after=None
[2026-03-25T11:47:43.168+0000] {processor.py:183} INFO - Processing /home/airflow/.local/lib/python3.12/site-packages/airflow/example_dags/example_python_decorator.py took 0.123 seconds
[2026-03-25T11:48:13.360+0000] {processor.py:161} INFO - Started process (PID=1567) to work on /home/airflow/.local/lib/python3.12/site-packages/airflow/example_dags/example_python_decorator.py
[2026-03-25T11:48:13.361+0000] {processor.py:830} INFO - Processing file /home/airflow/.local/lib/python3.12/site-packages/airflow/example_dags/example_python_decorator.py for tasks to queue
[2026-03-25T11:48:13.363+0000] {logging_mixin.py:188} INFO - [2026-03-25T11:48:13.363+0000] {dagbag.py:540} INFO - Filling up the DagBag from /home/airflow/.local/lib/python3.12/site-packages/airflow/example_dags/example_python_decorator.py
[2026-03-25T11:48:13.376+0000] {processor.py:840} INFO - DAG(s) 'example_python_decorator' retrieved from /home/airflow/.local/lib/python3.12/site-packages/airflow/example_dags/example_python_decorator.py
[2026-03-25T11:48:13.399+0000] {logging_mixin.py:188} INFO - [2026-03-25T11:48:13.399+0000] {dag.py:3096} INFO - Sync 1 DAGs
[2026-03-25T11:48:13.412+0000] {logging_mixin.py:188} INFO - [2026-03-25T11:48:13.412+0000] {dag.py:3954} INFO - Setting next_dagrun for example_python_decorator to None, run_after=None
[2026-03-25T11:48:13.460+0000] {processor.py:183} INFO - Processing /home/airflow/.local/lib/python3.12/site-packages/airflow/example_dags/example_python_decorator.py took 0.105 seconds
[2026-03-25T11:48:45.440+0000] {processor.py:161} INFO - Started process (PID=1626) to work on /home/airflow/.local/lib/python3.12/site-packages/airflow/example_dags/example_python_decorator.py
[2026-03-25T11:48:45.441+0000] {processor.py:830} INFO - Processing file /home/airflow/.local/lib/python3.12/site-packages/airflow/example_dags/example_python_decorator.py for tasks to queue
[2026-03-25T11:48:45.444+0000] {logging_mixin.py:188} INFO - [2026-03-25T11:48:45.443+0000] {dagbag.py:540} INFO - Filling up the DagBag from /home/airflow/.local/lib/python3.12/site-packages/airflow/example_dags/example_python_decorator.py
[2026-03-25T11:48:45.458+0000] {processor.py:840} INFO - DAG(s) 'example_python_decorator' retrieved from /home/airflow/.local/lib/python3.12/site-packages/airflow/example_dags/example_python_decorator.py
[2026-03-25T11:48:45.485+0000] {logging_mixin.py:188} INFO - [2026-03-25T11:48:45.485+0000] {dag.py:3096} INFO - Sync 1 DAGs
[2026-03-25T11:48:45.502+0000] {logging_mixin.py:188} INFO - [2026-03-25T11:48:45.501+0000] {dag.py:3954} INFO - Setting next_dagrun for example_python_decorator to None, run_after=None
[2026-03-25T11:48:45.547+0000] {processor.py:183} INFO - Processing /home/airflow/.local/lib/python3.12/site-packages/airflow/example_dags/example_python_decorator.py took 0.113 seconds
[2026-03-25T11:49:18.451+0000] {processor.py:161} INFO - Started process (PID=1685) to work on /home/airflow/.local/lib/python3.12/site-packages/airflow/example_dags/example_python_decorator.py
[2026-03-25T11:49:18.452+0000] {processor.py:830} INFO - Processing file /home/airflow/.local/lib/python3.12/site-packages/airflow/example_dags/example_python_decorator.py for tasks to queue
[2026-03-25T11:49:18.454+0000] {logging_mixin.py:188} INFO - [2026-03-25T11:49:18.453+0000] {dagbag.py:540} INFO - Filling up the DagBag from /home/airflow/.local/lib/python3.12/site-packages/airflow/example_dags/example_python_decorator.py
[2026-03-25T11:49:18.468+0000] {processor.py:840} INFO - DAG(s) 'example_python_decorator' retrieved from /home/airflow/.local/lib/python3.12/site-packages/airflow/example_dags/example_python_decorator.py
[2026-03-25T11:49:18.493+0000] {logging_mixin.py:188} INFO - [2026-03-25T11:49:18.492+0000] {dag.py:3096} INFO - Sync 1 DAGs
[2026-03-25T11:49:18.506+0000] {logging_mixin.py:188} INFO - [2026-03-25T11:49:18.506+0000] {dag.py:3954} INFO - Setting next_dagrun for example_python_decorator to None, run_after=None
[2026-03-25T11:49:18.548+0000] {processor.py:183} INFO - Processing /home/airflow/.local/lib/python3.12/site-packages/airflow/example_dags/example_python_decorator.py took 0.103 seconds
[2026-03-25T11:49:53.014+0000] {processor.py:161} INFO - Started process (PID=1744) to work on /home/airflow/.local/lib/python3.12/site-packages/airflow/example_dags/example_python_decorator.py
[2026-03-25T11:49:53.015+0000] {processor.py:830} INFO - Processing file /home/airflow/.local/lib/python3.12/site-packages/airflow/example_dags/example_python_decorator.py for tasks to queue
[2026-03-25T11:49:53.017+0000] {logging_mixin.py:188} INFO - [2026-03-25T11:49:53.017+0000] {dagbag.py:540} INFO - Filling up the DagBag from /home/airflow/.local/lib/python3.12/site-packages/airflow/example_dags/example_python_decorator.py
[2026-03-25T11:49:53.034+0000] {processor.py:840} INFO - DAG(s) 'example_python_decorator' retrieved from /home/airflow/.local/lib/python3.12/site-packages/airflow/example_dags/example_python_decorator.py
[2026-03-25T11:49:53.065+0000] {logging_mixin.py:188} INFO - [2026-03-25T11:49:53.065+0000] {dag.py:3096} INFO - Sync 1 DAGs
[2026-03-25T11:49:53.086+0000] {logging_mixin.py:188} INFO - [2026-03-25T11:49:53.086+0000] {dag.py:3954} INFO - Setting next_dagrun for example_python_decorator to None, run_after=None
[2026-03-25T11:49:53.149+0000] {processor.py:183} INFO - Processing /home/airflow/.local/lib/python3.12/site-packages/airflow/example_dags/example_python_decorator.py took 0.141 seconds
[2026-03-25T11:50:23.817+0000] {processor.py:161} INFO - Started process (PID=1803) to work on /home/airflow/.local/lib/python3.12/site-packages/airflow/example_dags/example_python_decorator.py
[2026-03-25T11:50:23.819+0000] {processor.py:830} INFO - Processing file /home/airflow/.local/lib/python3.12/site-packages/airflow/example_dags/example_python_decorator.py for tasks to queue
[2026-03-25T11:50:23.821+0000] {logging_mixin.py:188} INFO - [2026-03-25T11:50:23.821+0000] {dagbag.py:540} INFO - Filling up the DagBag from /home/airflow/.local/lib/python3.12/site-packages/airflow/example_dags/example_python_decorator.py
[2026-03-25T11:50:23.839+0000] {processor.py:840} INFO - DAG(s) 'example_python_decorator' retrieved from /home/airflow/.local/lib/python3.12/site-packages/airflow/example_dags/example_python_decorator.py
[2026-03-25T11:50:23.863+0000] {logging_mixin.py:188} INFO - [2026-03-25T11:50:23.862+0000] {dag.py:3096} INFO - Sync 1 DAGs
[2026-03-25T11:50:23.876+0000] {logging_mixin.py:188} INFO - [2026-03-25T11:50:23.876+0000] {dag.py:3954} INFO - Setting next_dagrun for example_python_decorator to None, run_after=None
[2026-03-25T11:50:23.928+0000] {processor.py:183} INFO - Processing /home/airflow/.local/lib/python3.12/site-packages/airflow/example_dags/example_python_decorator.py took 0.118 seconds
