[2026-03-25T11:15:30.758+0000] {processor.py:161} INFO - Started process (PID=76) to work on /home/airflow/.local/lib/python3.12/site-packages/airflow/example_dags/example_task_group_decorator.py
[2026-03-25T11:15:30.760+0000] {processor.py:830} INFO - Processing file /home/airflow/.local/lib/python3.12/site-packages/airflow/example_dags/example_task_group_decorator.py for tasks to queue
[2026-03-25T11:15:30.764+0000] {logging_mixin.py:188} INFO - [2026-03-25T11:15:30.763+0000] {dagbag.py:540} INFO - Filling up the DagBag from /home/airflow/.local/lib/python3.12/site-packages/airflow/example_dags/example_task_group_decorator.py
[2026-03-25T11:15:30.784+0000] {processor.py:840} INFO - DAG(s) 'example_task_group_decorator' retrieved from /home/airflow/.local/lib/python3.12/site-packages/airflow/example_dags/example_task_group_decorator.py
[2026-03-25T11:15:30.948+0000] {logging_mixin.py:188} INFO - [2026-03-25T11:15:30.947+0000] {dag.py:3096} INFO - Sync 1 DAGs
[2026-03-25T11:15:30.969+0000] {logging_mixin.py:188} INFO - [2026-03-25T11:15:30.969+0000] {dag.py:3954} INFO - Setting next_dagrun for example_task_group_decorator to 2026-03-24 00:00:00+00:00, run_after=2026-03-25 00:00:00+00:00
[2026-03-25T11:15:31.113+0000] {processor.py:183} INFO - Processing /home/airflow/.local/lib/python3.12/site-packages/airflow/example_dags/example_task_group_decorator.py took 0.362 seconds
[2026-03-25T11:16:01.385+0000] {processor.py:161} INFO - Started process (PID=135) to work on /home/airflow/.local/lib/python3.12/site-packages/airflow/example_dags/example_task_group_decorator.py
[2026-03-25T11:16:01.387+0000] {processor.py:830} INFO - Processing file /home/airflow/.local/lib/python3.12/site-packages/airflow/example_dags/example_task_group_decorator.py for tasks to queue
[2026-03-25T11:16:01.388+0000] {logging_mixin.py:188} INFO - [2026-03-25T11:16:01.388+0000] {dagbag.py:540} INFO - Filling up the DagBag from /home/airflow/.local/lib/python3.12/site-packages/airflow/example_dags/example_task_group_decorator.py
[2026-03-25T11:16:01.403+0000] {processor.py:840} INFO - DAG(s) 'example_task_group_decorator' retrieved from /home/airflow/.local/lib/python3.12/site-packages/airflow/example_dags/example_task_group_decorator.py
[2026-03-25T11:16:01.430+0000] {logging_mixin.py:188} INFO - [2026-03-25T11:16:01.430+0000] {dag.py:3096} INFO - Sync 1 DAGs
[2026-03-25T11:16:01.453+0000] {logging_mixin.py:188} INFO - [2026-03-25T11:16:01.453+0000] {dag.py:3954} INFO - Setting next_dagrun for example_task_group_decorator to 2026-03-24 00:00:00+00:00, run_after=2026-03-25 00:00:00+00:00
[2026-03-25T11:16:01.546+0000] {processor.py:183} INFO - Processing /home/airflow/.local/lib/python3.12/site-packages/airflow/example_dags/example_task_group_decorator.py took 0.166 seconds
[2026-03-25T11:16:34.543+0000] {processor.py:161} INFO - Started process (PID=194) to work on /home/airflow/.local/lib/python3.12/site-packages/airflow/example_dags/example_task_group_decorator.py
[2026-03-25T11:16:34.545+0000] {processor.py:830} INFO - Processing file /home/airflow/.local/lib/python3.12/site-packages/airflow/example_dags/example_task_group_decorator.py for tasks to queue
[2026-03-25T11:16:34.551+0000] {logging_mixin.py:188} INFO - [2026-03-25T11:16:34.551+0000] {dagbag.py:540} INFO - Filling up the DagBag from /home/airflow/.local/lib/python3.12/site-packages/airflow/example_dags/example_task_group_decorator.py
[2026-03-25T11:16:34.573+0000] {processor.py:840} INFO - DAG(s) 'example_task_group_decorator' retrieved from /home/airflow/.local/lib/python3.12/site-packages/airflow/example_dags/example_task_group_decorator.py
[2026-03-25T11:16:34.617+0000] {logging_mixin.py:188} INFO - [2026-03-25T11:16:34.616+0000] {dag.py:3096} INFO - Sync 1 DAGs
[2026-03-25T11:16:34.648+0000] {logging_mixin.py:188} INFO - [2026-03-25T11:16:34.648+0000] {dag.py:3954} INFO - Setting next_dagrun for example_task_group_decorator to 2026-03-24 00:00:00+00:00, run_after=2026-03-25 00:00:00+00:00
[2026-03-25T11:16:34.703+0000] {processor.py:183} INFO - Processing /home/airflow/.local/lib/python3.12/site-packages/airflow/example_dags/example_task_group_decorator.py took 0.170 seconds
[2026-03-25T11:17:08.279+0000] {processor.py:161} INFO - Started process (PID=253) to work on /home/airflow/.local/lib/python3.12/site-packages/airflow/example_dags/example_task_group_decorator.py
[2026-03-25T11:17:08.280+0000] {processor.py:830} INFO - Processing file /home/airflow/.local/lib/python3.12/site-packages/airflow/example_dags/example_task_group_decorator.py for tasks to queue
[2026-03-25T11:17:08.282+0000] {logging_mixin.py:188} INFO - [2026-03-25T11:17:08.282+0000] {dagbag.py:540} INFO - Filling up the DagBag from /home/airflow/.local/lib/python3.12/site-packages/airflow/example_dags/example_task_group_decorator.py
[2026-03-25T11:17:08.443+0000] {processor.py:840} INFO - DAG(s) 'example_task_group_decorator' retrieved from /home/airflow/.local/lib/python3.12/site-packages/airflow/example_dags/example_task_group_decorator.py
[2026-03-25T11:17:08.467+0000] {logging_mixin.py:188} INFO - [2026-03-25T11:17:08.467+0000] {dag.py:3096} INFO - Sync 1 DAGs
[2026-03-25T11:17:08.489+0000] {logging_mixin.py:188} INFO - [2026-03-25T11:17:08.489+0000] {dag.py:3954} INFO - Setting next_dagrun for example_task_group_decorator to 2026-03-24 00:00:00+00:00, run_after=2026-03-25 00:00:00+00:00
[2026-03-25T11:17:08.538+0000] {processor.py:183} INFO - Processing /home/airflow/.local/lib/python3.12/site-packages/airflow/example_dags/example_task_group_decorator.py took 0.265 seconds
[2026-03-25T11:17:39.292+0000] {processor.py:161} INFO - Started process (PID=312) to work on /home/airflow/.local/lib/python3.12/site-packages/airflow/example_dags/example_task_group_decorator.py
[2026-03-25T11:17:39.293+0000] {processor.py:830} INFO - Processing file /home/airflow/.local/lib/python3.12/site-packages/airflow/example_dags/example_task_group_decorator.py for tasks to queue
[2026-03-25T11:17:39.295+0000] {logging_mixin.py:188} INFO - [2026-03-25T11:17:39.295+0000] {dagbag.py:540} INFO - Filling up the DagBag from /home/airflow/.local/lib/python3.12/site-packages/airflow/example_dags/example_task_group_decorator.py
[2026-03-25T11:17:39.311+0000] {processor.py:840} INFO - DAG(s) 'example_task_group_decorator' retrieved from /home/airflow/.local/lib/python3.12/site-packages/airflow/example_dags/example_task_group_decorator.py
[2026-03-25T11:17:39.338+0000] {logging_mixin.py:188} INFO - [2026-03-25T11:17:39.338+0000] {dag.py:3096} INFO - Sync 1 DAGs
[2026-03-25T11:17:39.360+0000] {logging_mixin.py:188} INFO - [2026-03-25T11:17:39.360+0000] {dag.py:3954} INFO - Setting next_dagrun for example_task_group_decorator to 2026-03-24 00:00:00+00:00, run_after=2026-03-25 00:00:00+00:00
[2026-03-25T11:17:39.411+0000] {processor.py:183} INFO - Processing /home/airflow/.local/lib/python3.12/site-packages/airflow/example_dags/example_task_group_decorator.py took 0.125 seconds
[2026-03-25T11:18:11.307+0000] {processor.py:161} INFO - Started process (PID=371) to work on /home/airflow/.local/lib/python3.12/site-packages/airflow/example_dags/example_task_group_decorator.py
[2026-03-25T11:18:11.308+0000] {processor.py:830} INFO - Processing file /home/airflow/.local/lib/python3.12/site-packages/airflow/example_dags/example_task_group_decorator.py for tasks to queue
[2026-03-25T11:18:11.310+0000] {logging_mixin.py:188} INFO - [2026-03-25T11:18:11.309+0000] {dagbag.py:540} INFO - Filling up the DagBag from /home/airflow/.local/lib/python3.12/site-packages/airflow/example_dags/example_task_group_decorator.py
[2026-03-25T11:18:11.324+0000] {processor.py:840} INFO - DAG(s) 'example_task_group_decorator' retrieved from /home/airflow/.local/lib/python3.12/site-packages/airflow/example_dags/example_task_group_decorator.py
[2026-03-25T11:18:11.349+0000] {logging_mixin.py:188} INFO - [2026-03-25T11:18:11.349+0000] {dag.py:3096} INFO - Sync 1 DAGs
[2026-03-25T11:18:11.381+0000] {logging_mixin.py:188} INFO - [2026-03-25T11:18:11.381+0000] {dag.py:3954} INFO - Setting next_dagrun for example_task_group_decorator to 2026-03-24 00:00:00+00:00, run_after=2026-03-25 00:00:00+00:00
[2026-03-25T11:18:11.428+0000] {processor.py:183} INFO - Processing /home/airflow/.local/lib/python3.12/site-packages/airflow/example_dags/example_task_group_decorator.py took 0.127 seconds
[2026-03-25T11:18:44.058+0000] {processor.py:161} INFO - Started process (PID=430) to work on /home/airflow/.local/lib/python3.12/site-packages/airflow/example_dags/example_task_group_decorator.py
[2026-03-25T11:18:44.059+0000] {processor.py:830} INFO - Processing file /home/airflow/.local/lib/python3.12/site-packages/airflow/example_dags/example_task_group_decorator.py for tasks to queue
[2026-03-25T11:18:44.061+0000] {logging_mixin.py:188} INFO - [2026-03-25T11:18:44.061+0000] {dagbag.py:540} INFO - Filling up the DagBag from /home/airflow/.local/lib/python3.12/site-packages/airflow/example_dags/example_task_group_decorator.py
[2026-03-25T11:18:44.079+0000] {processor.py:840} INFO - DAG(s) 'example_task_group_decorator' retrieved from /home/airflow/.local/lib/python3.12/site-packages/airflow/example_dags/example_task_group_decorator.py
[2026-03-25T11:18:44.108+0000] {logging_mixin.py:188} INFO - [2026-03-25T11:18:44.108+0000] {dag.py:3096} INFO - Sync 1 DAGs
[2026-03-25T11:18:44.132+0000] {logging_mixin.py:188} INFO - [2026-03-25T11:18:44.132+0000] {dag.py:3954} INFO - Setting next_dagrun for example_task_group_decorator to 2026-03-24 00:00:00+00:00, run_after=2026-03-25 00:00:00+00:00
[2026-03-25T11:18:44.166+0000] {processor.py:183} INFO - Processing /home/airflow/.local/lib/python3.12/site-packages/airflow/example_dags/example_task_group_decorator.py took 0.115 seconds
[2026-03-25T11:19:16.729+0000] {processor.py:161} INFO - Started process (PID=489) to work on /home/airflow/.local/lib/python3.12/site-packages/airflow/example_dags/example_task_group_decorator.py
[2026-03-25T11:19:16.731+0000] {processor.py:830} INFO - Processing file /home/airflow/.local/lib/python3.12/site-packages/airflow/example_dags/example_task_group_decorator.py for tasks to queue
[2026-03-25T11:19:16.733+0000] {logging_mixin.py:188} INFO - [2026-03-25T11:19:16.733+0000] {dagbag.py:540} INFO - Filling up the DagBag from /home/airflow/.local/lib/python3.12/site-packages/airflow/example_dags/example_task_group_decorator.py
[2026-03-25T11:19:16.755+0000] {processor.py:840} INFO - DAG(s) 'example_task_group_decorator' retrieved from /home/airflow/.local/lib/python3.12/site-packages/airflow/example_dags/example_task_group_decorator.py
[2026-03-25T11:19:16.794+0000] {logging_mixin.py:188} INFO - [2026-03-25T11:19:16.794+0000] {dag.py:3096} INFO - Sync 1 DAGs
[2026-03-25T11:19:16.821+0000] {logging_mixin.py:188} INFO - [2026-03-25T11:19:16.821+0000] {dag.py:3954} INFO - Setting next_dagrun for example_task_group_decorator to 2026-03-24 00:00:00+00:00, run_after=2026-03-25 00:00:00+00:00
[2026-03-25T11:19:16.889+0000] {processor.py:183} INFO - Processing /home/airflow/.local/lib/python3.12/site-packages/airflow/example_dags/example_task_group_decorator.py took 0.166 seconds
[2026-03-25T11:19:50.118+0000] {processor.py:161} INFO - Started process (PID=548) to work on /home/airflow/.local/lib/python3.12/site-packages/airflow/example_dags/example_task_group_decorator.py
[2026-03-25T11:19:50.119+0000] {processor.py:830} INFO - Processing file /home/airflow/.local/lib/python3.12/site-packages/airflow/example_dags/example_task_group_decorator.py for tasks to queue
[2026-03-25T11:19:50.123+0000] {logging_mixin.py:188} INFO - [2026-03-25T11:19:50.122+0000] {dagbag.py:540} INFO - Filling up the DagBag from /home/airflow/.local/lib/python3.12/site-packages/airflow/example_dags/example_task_group_decorator.py
[2026-03-25T11:19:50.143+0000] {processor.py:840} INFO - DAG(s) 'example_task_group_decorator' retrieved from /home/airflow/.local/lib/python3.12/site-packages/airflow/example_dags/example_task_group_decorator.py
[2026-03-25T11:19:50.178+0000] {logging_mixin.py:188} INFO - [2026-03-25T11:19:50.178+0000] {dag.py:3096} INFO - Sync 1 DAGs
[2026-03-25T11:19:50.205+0000] {logging_mixin.py:188} INFO - [2026-03-25T11:19:50.205+0000] {dag.py:3954} INFO - Setting next_dagrun for example_task_group_decorator to 2026-03-24 00:00:00+00:00, run_after=2026-03-25 00:00:00+00:00
[2026-03-25T11:19:50.247+0000] {processor.py:183} INFO - Processing /home/airflow/.local/lib/python3.12/site-packages/airflow/example_dags/example_task_group_decorator.py took 0.136 seconds
[2026-03-25T11:20:22.476+0000] {processor.py:161} INFO - Started process (PID=607) to work on /home/airflow/.local/lib/python3.12/site-packages/airflow/example_dags/example_task_group_decorator.py
[2026-03-25T11:20:22.477+0000] {processor.py:830} INFO - Processing file /home/airflow/.local/lib/python3.12/site-packages/airflow/example_dags/example_task_group_decorator.py for tasks to queue
[2026-03-25T11:20:22.479+0000] {logging_mixin.py:188} INFO - [2026-03-25T11:20:22.478+0000] {dagbag.py:540} INFO - Filling up the DagBag from /home/airflow/.local/lib/python3.12/site-packages/airflow/example_dags/example_task_group_decorator.py
[2026-03-25T11:20:22.496+0000] {processor.py:840} INFO - DAG(s) 'example_task_group_decorator' retrieved from /home/airflow/.local/lib/python3.12/site-packages/airflow/example_dags/example_task_group_decorator.py
[2026-03-25T11:20:22.522+0000] {logging_mixin.py:188} INFO - [2026-03-25T11:20:22.522+0000] {dag.py:3096} INFO - Sync 1 DAGs
[2026-03-25T11:20:22.544+0000] {logging_mixin.py:188} INFO - [2026-03-25T11:20:22.544+0000] {dag.py:3954} INFO - Setting next_dagrun for example_task_group_decorator to 2026-03-24 00:00:00+00:00, run_after=2026-03-25 00:00:00+00:00
[2026-03-25T11:20:22.582+0000] {processor.py:183} INFO - Processing /home/airflow/.local/lib/python3.12/site-packages/airflow/example_dags/example_task_group_decorator.py took 0.113 seconds
[2026-03-25T11:20:54.996+0000] {processor.py:161} INFO - Started process (PID=660) to work on /home/airflow/.local/lib/python3.12/site-packages/airflow/example_dags/example_task_group_decorator.py
[2026-03-25T11:20:54.998+0000] {processor.py:830} INFO - Processing file /home/airflow/.local/lib/python3.12/site-packages/airflow/example_dags/example_task_group_decorator.py for tasks to queue
[2026-03-25T11:20:55.000+0000] {logging_mixin.py:188} INFO - [2026-03-25T11:20:55.000+0000] {dagbag.py:540} INFO - Filling up the DagBag from /home/airflow/.local/lib/python3.12/site-packages/airflow/example_dags/example_task_group_decorator.py
[2026-03-25T11:20:55.018+0000] {processor.py:840} INFO - DAG(s) 'example_task_group_decorator' retrieved from /home/airflow/.local/lib/python3.12/site-packages/airflow/example_dags/example_task_group_decorator.py
[2026-03-25T11:20:55.058+0000] {logging_mixin.py:188} INFO - [2026-03-25T11:20:55.058+0000] {dag.py:3096} INFO - Sync 1 DAGs
[2026-03-25T11:20:55.090+0000] {logging_mixin.py:188} INFO - [2026-03-25T11:20:55.090+0000] {dag.py:3954} INFO - Setting next_dagrun for example_task_group_decorator to 2026-03-24 00:00:00+00:00, run_after=2026-03-25 00:00:00+00:00
[2026-03-25T11:20:55.144+0000] {processor.py:183} INFO - Processing /home/airflow/.local/lib/python3.12/site-packages/airflow/example_dags/example_task_group_decorator.py took 0.154 seconds
[2026-03-25T11:21:27.770+0000] {processor.py:161} INFO - Started process (PID=719) to work on /home/airflow/.local/lib/python3.12/site-packages/airflow/example_dags/example_task_group_decorator.py
[2026-03-25T11:21:27.771+0000] {processor.py:830} INFO - Processing file /home/airflow/.local/lib/python3.12/site-packages/airflow/example_dags/example_task_group_decorator.py for tasks to queue
[2026-03-25T11:21:27.773+0000] {logging_mixin.py:188} INFO - [2026-03-25T11:21:27.773+0000] {dagbag.py:540} INFO - Filling up the DagBag from /home/airflow/.local/lib/python3.12/site-packages/airflow/example_dags/example_task_group_decorator.py
[2026-03-25T11:21:27.787+0000] {processor.py:840} INFO - DAG(s) 'example_task_group_decorator' retrieved from /home/airflow/.local/lib/python3.12/site-packages/airflow/example_dags/example_task_group_decorator.py
[2026-03-25T11:21:27.814+0000] {logging_mixin.py:188} INFO - [2026-03-25T11:21:27.814+0000] {dag.py:3096} INFO - Sync 1 DAGs
[2026-03-25T11:21:27.837+0000] {logging_mixin.py:188} INFO - [2026-03-25T11:21:27.837+0000] {dag.py:3954} INFO - Setting next_dagrun for example_task_group_decorator to 2026-03-24 00:00:00+00:00, run_after=2026-03-25 00:00:00+00:00
[2026-03-25T11:21:27.880+0000] {processor.py:183} INFO - Processing /home/airflow/.local/lib/python3.12/site-packages/airflow/example_dags/example_task_group_decorator.py took 0.116 seconds
[2026-03-25T11:22:00.617+0000] {processor.py:161} INFO - Started process (PID=778) to work on /home/airflow/.local/lib/python3.12/site-packages/airflow/example_dags/example_task_group_decorator.py
[2026-03-25T11:22:00.619+0000] {processor.py:830} INFO - Processing file /home/airflow/.local/lib/python3.12/site-packages/airflow/example_dags/example_task_group_decorator.py for tasks to queue
[2026-03-25T11:22:00.622+0000] {logging_mixin.py:188} INFO - [2026-03-25T11:22:00.622+0000] {dagbag.py:540} INFO - Filling up the DagBag from /home/airflow/.local/lib/python3.12/site-packages/airflow/example_dags/example_task_group_decorator.py
[2026-03-25T11:22:00.644+0000] {processor.py:840} INFO - DAG(s) 'example_task_group_decorator' retrieved from /home/airflow/.local/lib/python3.12/site-packages/airflow/example_dags/example_task_group_decorator.py
[2026-03-25T11:22:00.686+0000] {logging_mixin.py:188} INFO - [2026-03-25T11:22:00.686+0000] {dag.py:3096} INFO - Sync 1 DAGs
[2026-03-25T11:22:00.713+0000] {logging_mixin.py:188} INFO - [2026-03-25T11:22:00.712+0000] {dag.py:3954} INFO - Setting next_dagrun for example_task_group_decorator to 2026-03-24 00:00:00+00:00, run_after=2026-03-25 00:00:00+00:00
[2026-03-25T11:22:00.760+0000] {processor.py:183} INFO - Processing /home/airflow/.local/lib/python3.12/site-packages/airflow/example_dags/example_task_group_decorator.py took 0.153 seconds
[2026-03-25T11:22:33.324+0000] {processor.py:161} INFO - Started process (PID=837) to work on /home/airflow/.local/lib/python3.12/site-packages/airflow/example_dags/example_task_group_decorator.py
[2026-03-25T11:22:33.325+0000] {processor.py:830} INFO - Processing file /home/airflow/.local/lib/python3.12/site-packages/airflow/example_dags/example_task_group_decorator.py for tasks to queue
[2026-03-25T11:22:33.327+0000] {logging_mixin.py:188} INFO - [2026-03-25T11:22:33.327+0000] {dagbag.py:540} INFO - Filling up the DagBag from /home/airflow/.local/lib/python3.12/site-packages/airflow/example_dags/example_task_group_decorator.py
[2026-03-25T11:22:33.341+0000] {processor.py:840} INFO - DAG(s) 'example_task_group_decorator' retrieved from /home/airflow/.local/lib/python3.12/site-packages/airflow/example_dags/example_task_group_decorator.py
[2026-03-25T11:22:33.367+0000] {logging_mixin.py:188} INFO - [2026-03-25T11:22:33.367+0000] {dag.py:3096} INFO - Sync 1 DAGs
[2026-03-25T11:22:33.389+0000] {logging_mixin.py:188} INFO - [2026-03-25T11:22:33.389+0000] {dag.py:3954} INFO - Setting next_dagrun for example_task_group_decorator to 2026-03-24 00:00:00+00:00, run_after=2026-03-25 00:00:00+00:00
[2026-03-25T11:22:33.435+0000] {processor.py:183} INFO - Processing /home/airflow/.local/lib/python3.12/site-packages/airflow/example_dags/example_task_group_decorator.py took 0.116 seconds
[2026-03-25T11:23:06.071+0000] {processor.py:161} INFO - Started process (PID=896) to work on /home/airflow/.local/lib/python3.12/site-packages/airflow/example_dags/example_task_group_decorator.py
[2026-03-25T11:23:06.072+0000] {processor.py:830} INFO - Processing file /home/airflow/.local/lib/python3.12/site-packages/airflow/example_dags/example_task_group_decorator.py for tasks to queue
[2026-03-25T11:23:06.074+0000] {logging_mixin.py:188} INFO - [2026-03-25T11:23:06.074+0000] {dagbag.py:540} INFO - Filling up the DagBag from /home/airflow/.local/lib/python3.12/site-packages/airflow/example_dags/example_task_group_decorator.py
[2026-03-25T11:23:06.090+0000] {processor.py:840} INFO - DAG(s) 'example_task_group_decorator' retrieved from /home/airflow/.local/lib/python3.12/site-packages/airflow/example_dags/example_task_group_decorator.py
[2026-03-25T11:23:06.121+0000] {logging_mixin.py:188} INFO - [2026-03-25T11:23:06.120+0000] {dag.py:3096} INFO - Sync 1 DAGs
[2026-03-25T11:23:06.150+0000] {logging_mixin.py:188} INFO - [2026-03-25T11:23:06.149+0000] {dag.py:3954} INFO - Setting next_dagrun for example_task_group_decorator to 2026-03-24 00:00:00+00:00, run_after=2026-03-25 00:00:00+00:00
[2026-03-25T11:23:06.203+0000] {processor.py:183} INFO - Processing /home/airflow/.local/lib/python3.12/site-packages/airflow/example_dags/example_task_group_decorator.py took 0.138 seconds
[2026-03-25T11:23:38.933+0000] {processor.py:161} INFO - Started process (PID=955) to work on /home/airflow/.local/lib/python3.12/site-packages/airflow/example_dags/example_task_group_decorator.py
[2026-03-25T11:23:38.934+0000] {processor.py:830} INFO - Processing file /home/airflow/.local/lib/python3.12/site-packages/airflow/example_dags/example_task_group_decorator.py for tasks to queue
[2026-03-25T11:23:38.937+0000] {logging_mixin.py:188} INFO - [2026-03-25T11:23:38.936+0000] {dagbag.py:540} INFO - Filling up the DagBag from /home/airflow/.local/lib/python3.12/site-packages/airflow/example_dags/example_task_group_decorator.py
[2026-03-25T11:23:38.950+0000] {processor.py:840} INFO - DAG(s) 'example_task_group_decorator' retrieved from /home/airflow/.local/lib/python3.12/site-packages/airflow/example_dags/example_task_group_decorator.py
[2026-03-25T11:23:38.976+0000] {logging_mixin.py:188} INFO - [2026-03-25T11:23:38.976+0000] {dag.py:3096} INFO - Sync 1 DAGs
[2026-03-25T11:23:39.002+0000] {logging_mixin.py:188} INFO - [2026-03-25T11:23:39.002+0000] {dag.py:3954} INFO - Setting next_dagrun for example_task_group_decorator to 2026-03-24 00:00:00+00:00, run_after=2026-03-25 00:00:00+00:00
[2026-03-25T11:23:39.051+0000] {processor.py:183} INFO - Processing /home/airflow/.local/lib/python3.12/site-packages/airflow/example_dags/example_task_group_decorator.py took 0.124 seconds
[2026-03-25T11:24:11.063+0000] {processor.py:161} INFO - Started process (PID=1014) to work on /home/airflow/.local/lib/python3.12/site-packages/airflow/example_dags/example_task_group_decorator.py
[2026-03-25T11:24:11.064+0000] {processor.py:830} INFO - Processing file /home/airflow/.local/lib/python3.12/site-packages/airflow/example_dags/example_task_group_decorator.py for tasks to queue
[2026-03-25T11:24:11.067+0000] {logging_mixin.py:188} INFO - [2026-03-25T11:24:11.067+0000] {dagbag.py:540} INFO - Filling up the DagBag from /home/airflow/.local/lib/python3.12/site-packages/airflow/example_dags/example_task_group_decorator.py
[2026-03-25T11:24:11.087+0000] {processor.py:840} INFO - DAG(s) 'example_task_group_decorator' retrieved from /home/airflow/.local/lib/python3.12/site-packages/airflow/example_dags/example_task_group_decorator.py
[2026-03-25T11:24:11.125+0000] {logging_mixin.py:188} INFO - [2026-03-25T11:24:11.124+0000] {dag.py:3096} INFO - Sync 1 DAGs
[2026-03-25T11:24:11.153+0000] {logging_mixin.py:188} INFO - [2026-03-25T11:24:11.153+0000] {dag.py:3954} INFO - Setting next_dagrun for example_task_group_decorator to 2026-03-24 00:00:00+00:00, run_after=2026-03-25 00:00:00+00:00
[2026-03-25T11:24:11.198+0000] {processor.py:183} INFO - Processing /home/airflow/.local/lib/python3.12/site-packages/airflow/example_dags/example_task_group_decorator.py took 0.142 seconds
[2026-03-25T11:24:44.396+0000] {processor.py:161} INFO - Started process (PID=1074) to work on /home/airflow/.local/lib/python3.12/site-packages/airflow/example_dags/example_task_group_decorator.py
[2026-03-25T11:24:44.397+0000] {processor.py:830} INFO - Processing file /home/airflow/.local/lib/python3.12/site-packages/airflow/example_dags/example_task_group_decorator.py for tasks to queue
[2026-03-25T11:24:44.400+0000] {logging_mixin.py:188} INFO - [2026-03-25T11:24:44.400+0000] {dagbag.py:540} INFO - Filling up the DagBag from /home/airflow/.local/lib/python3.12/site-packages/airflow/example_dags/example_task_group_decorator.py
[2026-03-25T11:24:44.431+0000] {processor.py:840} INFO - DAG(s) 'example_task_group_decorator' retrieved from /home/airflow/.local/lib/python3.12/site-packages/airflow/example_dags/example_task_group_decorator.py
[2026-03-25T11:24:44.473+0000] {logging_mixin.py:188} INFO - [2026-03-25T11:24:44.473+0000] {dag.py:3096} INFO - Sync 1 DAGs
[2026-03-25T11:24:44.509+0000] {logging_mixin.py:188} INFO - [2026-03-25T11:24:44.509+0000] {dag.py:3954} INFO - Setting next_dagrun for example_task_group_decorator to 2026-03-24 00:00:00+00:00, run_after=2026-03-25 00:00:00+00:00
[2026-03-25T11:24:44.575+0000] {processor.py:183} INFO - Processing /home/airflow/.local/lib/python3.12/site-packages/airflow/example_dags/example_task_group_decorator.py took 0.190 seconds
[2026-03-25T11:25:16.711+0000] {processor.py:161} INFO - Started process (PID=1133) to work on /home/airflow/.local/lib/python3.12/site-packages/airflow/example_dags/example_task_group_decorator.py
[2026-03-25T11:25:16.712+0000] {processor.py:830} INFO - Processing file /home/airflow/.local/lib/python3.12/site-packages/airflow/example_dags/example_task_group_decorator.py for tasks to queue
[2026-03-25T11:25:16.714+0000] {logging_mixin.py:188} INFO - [2026-03-25T11:25:16.713+0000] {dagbag.py:540} INFO - Filling up the DagBag from /home/airflow/.local/lib/python3.12/site-packages/airflow/example_dags/example_task_group_decorator.py
[2026-03-25T11:25:16.727+0000] {processor.py:840} INFO - DAG(s) 'example_task_group_decorator' retrieved from /home/airflow/.local/lib/python3.12/site-packages/airflow/example_dags/example_task_group_decorator.py
[2026-03-25T11:25:16.753+0000] {logging_mixin.py:188} INFO - [2026-03-25T11:25:16.753+0000] {dag.py:3096} INFO - Sync 1 DAGs
[2026-03-25T11:25:16.775+0000] {logging_mixin.py:188} INFO - [2026-03-25T11:25:16.775+0000] {dag.py:3954} INFO - Setting next_dagrun for example_task_group_decorator to 2026-03-24 00:00:00+00:00, run_after=2026-03-25 00:00:00+00:00
[2026-03-25T11:25:16.814+0000] {processor.py:183} INFO - Processing /home/airflow/.local/lib/python3.12/site-packages/airflow/example_dags/example_task_group_decorator.py took 0.109 seconds
[2026-03-25T11:25:49.954+0000] {processor.py:161} INFO - Started process (PID=1192) to work on /home/airflow/.local/lib/python3.12/site-packages/airflow/example_dags/example_task_group_decorator.py
[2026-03-25T11:25:49.955+0000] {processor.py:830} INFO - Processing file /home/airflow/.local/lib/python3.12/site-packages/airflow/example_dags/example_task_group_decorator.py for tasks to queue
[2026-03-25T11:25:49.958+0000] {logging_mixin.py:188} INFO - [2026-03-25T11:25:49.958+0000] {dagbag.py:540} INFO - Filling up the DagBag from /home/airflow/.local/lib/python3.12/site-packages/airflow/example_dags/example_task_group_decorator.py
[2026-03-25T11:25:49.972+0000] {processor.py:840} INFO - DAG(s) 'example_task_group_decorator' retrieved from /home/airflow/.local/lib/python3.12/site-packages/airflow/example_dags/example_task_group_decorator.py
[2026-03-25T11:25:49.997+0000] {logging_mixin.py:188} INFO - [2026-03-25T11:25:49.997+0000] {dag.py:3096} INFO - Sync 1 DAGs
[2026-03-25T11:25:50.018+0000] {logging_mixin.py:188} INFO - [2026-03-25T11:25:50.018+0000] {dag.py:3954} INFO - Setting next_dagrun for example_task_group_decorator to 2026-03-24 00:00:00+00:00, run_after=2026-03-25 00:00:00+00:00
[2026-03-25T11:25:50.056+0000] {processor.py:183} INFO - Processing /home/airflow/.local/lib/python3.12/site-packages/airflow/example_dags/example_task_group_decorator.py took 0.107 seconds
[2026-03-25T11:26:22.736+0000] {processor.py:161} INFO - Started process (PID=1252) to work on /home/airflow/.local/lib/python3.12/site-packages/airflow/example_dags/example_task_group_decorator.py
[2026-03-25T11:26:22.737+0000] {processor.py:830} INFO - Processing file /home/airflow/.local/lib/python3.12/site-packages/airflow/example_dags/example_task_group_decorator.py for tasks to queue
[2026-03-25T11:26:22.739+0000] {logging_mixin.py:188} INFO - [2026-03-25T11:26:22.739+0000] {dagbag.py:540} INFO - Filling up the DagBag from /home/airflow/.local/lib/python3.12/site-packages/airflow/example_dags/example_task_group_decorator.py
[2026-03-25T11:26:22.753+0000] {processor.py:840} INFO - DAG(s) 'example_task_group_decorator' retrieved from /home/airflow/.local/lib/python3.12/site-packages/airflow/example_dags/example_task_group_decorator.py
[2026-03-25T11:26:22.778+0000] {logging_mixin.py:188} INFO - [2026-03-25T11:26:22.778+0000] {dag.py:3096} INFO - Sync 1 DAGs
[2026-03-25T11:26:22.799+0000] {logging_mixin.py:188} INFO - [2026-03-25T11:26:22.799+0000] {dag.py:3954} INFO - Setting next_dagrun for example_task_group_decorator to 2026-03-24 00:00:00+00:00, run_after=2026-03-25 00:00:00+00:00
[2026-03-25T11:26:22.838+0000] {processor.py:183} INFO - Processing /home/airflow/.local/lib/python3.12/site-packages/airflow/example_dags/example_task_group_decorator.py took 0.107 seconds
[2026-03-25T11:26:55.455+0000] {processor.py:161} INFO - Started process (PID=1311) to work on /home/airflow/.local/lib/python3.12/site-packages/airflow/example_dags/example_task_group_decorator.py
[2026-03-25T11:26:55.456+0000] {processor.py:830} INFO - Processing file /home/airflow/.local/lib/python3.12/site-packages/airflow/example_dags/example_task_group_decorator.py for tasks to queue
[2026-03-25T11:26:55.458+0000] {logging_mixin.py:188} INFO - [2026-03-25T11:26:55.458+0000] {dagbag.py:540} INFO - Filling up the DagBag from /home/airflow/.local/lib/python3.12/site-packages/airflow/example_dags/example_task_group_decorator.py
[2026-03-25T11:26:55.472+0000] {processor.py:840} INFO - DAG(s) 'example_task_group_decorator' retrieved from /home/airflow/.local/lib/python3.12/site-packages/airflow/example_dags/example_task_group_decorator.py
[2026-03-25T11:26:55.499+0000] {logging_mixin.py:188} INFO - [2026-03-25T11:26:55.499+0000] {dag.py:3096} INFO - Sync 1 DAGs
[2026-03-25T11:26:55.521+0000] {logging_mixin.py:188} INFO - [2026-03-25T11:26:55.521+0000] {dag.py:3954} INFO - Setting next_dagrun for example_task_group_decorator to 2026-03-24 00:00:00+00:00, run_after=2026-03-25 00:00:00+00:00
[2026-03-25T11:26:55.566+0000] {processor.py:183} INFO - Processing /home/airflow/.local/lib/python3.12/site-packages/airflow/example_dags/example_task_group_decorator.py took 0.116 seconds
[2026-03-25T11:27:27.934+0000] {processor.py:161} INFO - Started process (PID=1370) to work on /home/airflow/.local/lib/python3.12/site-packages/airflow/example_dags/example_task_group_decorator.py
[2026-03-25T11:27:27.935+0000] {processor.py:830} INFO - Processing file /home/airflow/.local/lib/python3.12/site-packages/airflow/example_dags/example_task_group_decorator.py for tasks to queue
[2026-03-25T11:27:27.938+0000] {logging_mixin.py:188} INFO - [2026-03-25T11:27:27.938+0000] {dagbag.py:540} INFO - Filling up the DagBag from /home/airflow/.local/lib/python3.12/site-packages/airflow/example_dags/example_task_group_decorator.py
[2026-03-25T11:27:27.964+0000] {processor.py:840} INFO - DAG(s) 'example_task_group_decorator' retrieved from /home/airflow/.local/lib/python3.12/site-packages/airflow/example_dags/example_task_group_decorator.py
[2026-03-25T11:27:28.004+0000] {logging_mixin.py:188} INFO - [2026-03-25T11:27:28.004+0000] {dag.py:3096} INFO - Sync 1 DAGs
[2026-03-25T11:27:28.044+0000] {logging_mixin.py:188} INFO - [2026-03-25T11:27:28.043+0000] {dag.py:3954} INFO - Setting next_dagrun for example_task_group_decorator to 2026-03-24 00:00:00+00:00, run_after=2026-03-25 00:00:00+00:00
[2026-03-25T11:27:28.106+0000] {processor.py:183} INFO - Processing /home/airflow/.local/lib/python3.12/site-packages/airflow/example_dags/example_task_group_decorator.py took 0.182 seconds
[2026-03-25T11:28:00.569+0000] {processor.py:161} INFO - Started process (PID=1429) to work on /home/airflow/.local/lib/python3.12/site-packages/airflow/example_dags/example_task_group_decorator.py
[2026-03-25T11:28:00.570+0000] {processor.py:830} INFO - Processing file /home/airflow/.local/lib/python3.12/site-packages/airflow/example_dags/example_task_group_decorator.py for tasks to queue
[2026-03-25T11:28:00.572+0000] {logging_mixin.py:188} INFO - [2026-03-25T11:28:00.571+0000] {dagbag.py:540} INFO - Filling up the DagBag from /home/airflow/.local/lib/python3.12/site-packages/airflow/example_dags/example_task_group_decorator.py
[2026-03-25T11:28:00.587+0000] {processor.py:840} INFO - DAG(s) 'example_task_group_decorator' retrieved from /home/airflow/.local/lib/python3.12/site-packages/airflow/example_dags/example_task_group_decorator.py
[2026-03-25T11:28:00.614+0000] {logging_mixin.py:188} INFO - [2026-03-25T11:28:00.614+0000] {dag.py:3096} INFO - Sync 1 DAGs
[2026-03-25T11:28:00.634+0000] {logging_mixin.py:188} INFO - [2026-03-25T11:28:00.634+0000] {dag.py:3954} INFO - Setting next_dagrun for example_task_group_decorator to 2026-03-24 00:00:00+00:00, run_after=2026-03-25 00:00:00+00:00
[2026-03-25T11:28:00.668+0000] {processor.py:183} INFO - Processing /home/airflow/.local/lib/python3.12/site-packages/airflow/example_dags/example_task_group_decorator.py took 0.105 seconds
[2026-03-25T11:28:34.985+0000] {processor.py:161} INFO - Started process (PID=1504) to work on /home/airflow/.local/lib/python3.12/site-packages/airflow/example_dags/example_task_group_decorator.py
[2026-03-25T11:28:34.986+0000] {processor.py:830} INFO - Processing file /home/airflow/.local/lib/python3.12/site-packages/airflow/example_dags/example_task_group_decorator.py for tasks to queue
[2026-03-25T11:28:34.988+0000] {logging_mixin.py:188} INFO - [2026-03-25T11:28:34.988+0000] {dagbag.py:540} INFO - Filling up the DagBag from /home/airflow/.local/lib/python3.12/site-packages/airflow/example_dags/example_task_group_decorator.py
[2026-03-25T11:28:35.005+0000] {processor.py:840} INFO - DAG(s) 'example_task_group_decorator' retrieved from /home/airflow/.local/lib/python3.12/site-packages/airflow/example_dags/example_task_group_decorator.py
[2026-03-25T11:28:35.037+0000] {logging_mixin.py:188} INFO - [2026-03-25T11:28:35.037+0000] {dag.py:3096} INFO - Sync 1 DAGs
[2026-03-25T11:28:35.063+0000] {logging_mixin.py:188} INFO - [2026-03-25T11:28:35.063+0000] {dag.py:3954} INFO - Setting next_dagrun for example_task_group_decorator to 2026-03-24 00:00:00+00:00, run_after=2026-03-25 00:00:00+00:00
[2026-03-25T11:28:35.187+0000] {processor.py:183} INFO - Processing /home/airflow/.local/lib/python3.12/site-packages/airflow/example_dags/example_task_group_decorator.py took 0.209 seconds
[2026-03-25T11:29:06.707+0000] {processor.py:161} INFO - Started process (PID=1557) to work on /home/airflow/.local/lib/python3.12/site-packages/airflow/example_dags/example_task_group_decorator.py
[2026-03-25T11:29:06.708+0000] {processor.py:830} INFO - Processing file /home/airflow/.local/lib/python3.12/site-packages/airflow/example_dags/example_task_group_decorator.py for tasks to queue
[2026-03-25T11:29:06.710+0000] {logging_mixin.py:188} INFO - [2026-03-25T11:29:06.710+0000] {dagbag.py:540} INFO - Filling up the DagBag from /home/airflow/.local/lib/python3.12/site-packages/airflow/example_dags/example_task_group_decorator.py
[2026-03-25T11:29:06.727+0000] {processor.py:840} INFO - DAG(s) 'example_task_group_decorator' retrieved from /home/airflow/.local/lib/python3.12/site-packages/airflow/example_dags/example_task_group_decorator.py
[2026-03-25T11:29:06.759+0000] {logging_mixin.py:188} INFO - [2026-03-25T11:29:06.759+0000] {dag.py:3096} INFO - Sync 1 DAGs
[2026-03-25T11:29:06.787+0000] {logging_mixin.py:188} INFO - [2026-03-25T11:29:06.786+0000] {dag.py:3954} INFO - Setting next_dagrun for example_task_group_decorator to 2026-03-24 00:00:00+00:00, run_after=2026-03-25 00:00:00+00:00
[2026-03-25T11:29:06.834+0000] {processor.py:183} INFO - Processing /home/airflow/.local/lib/python3.12/site-packages/airflow/example_dags/example_task_group_decorator.py took 0.135 seconds
[2026-03-25T11:29:37.417+0000] {processor.py:161} INFO - Started process (PID=1622) to work on /home/airflow/.local/lib/python3.12/site-packages/airflow/example_dags/example_task_group_decorator.py
[2026-03-25T11:29:37.419+0000] {processor.py:830} INFO - Processing file /home/airflow/.local/lib/python3.12/site-packages/airflow/example_dags/example_task_group_decorator.py for tasks to queue
[2026-03-25T11:29:37.423+0000] {logging_mixin.py:188} INFO - [2026-03-25T11:29:37.422+0000] {dagbag.py:540} INFO - Filling up the DagBag from /home/airflow/.local/lib/python3.12/site-packages/airflow/example_dags/example_task_group_decorator.py
[2026-03-25T11:29:37.455+0000] {processor.py:840} INFO - DAG(s) 'example_task_group_decorator' retrieved from /home/airflow/.local/lib/python3.12/site-packages/airflow/example_dags/example_task_group_decorator.py
[2026-03-25T11:29:37.504+0000] {logging_mixin.py:188} INFO - [2026-03-25T11:29:37.504+0000] {dag.py:3096} INFO - Sync 1 DAGs
[2026-03-25T11:29:37.540+0000] {logging_mixin.py:188} INFO - [2026-03-25T11:29:37.539+0000] {dag.py:3954} INFO - Setting next_dagrun for example_task_group_decorator to 2026-03-24 00:00:00+00:00, run_after=2026-03-25 00:00:00+00:00
[2026-03-25T11:29:37.607+0000] {processor.py:183} INFO - Processing /home/airflow/.local/lib/python3.12/site-packages/airflow/example_dags/example_task_group_decorator.py took 0.203 seconds
[2026-03-25T11:30:08.228+0000] {processor.py:161} INFO - Started process (PID=1675) to work on /home/airflow/.local/lib/python3.12/site-packages/airflow/example_dags/example_task_group_decorator.py
[2026-03-25T11:30:08.230+0000] {processor.py:830} INFO - Processing file /home/airflow/.local/lib/python3.12/site-packages/airflow/example_dags/example_task_group_decorator.py for tasks to queue
[2026-03-25T11:30:08.233+0000] {logging_mixin.py:188} INFO - [2026-03-25T11:30:08.233+0000] {dagbag.py:540} INFO - Filling up the DagBag from /home/airflow/.local/lib/python3.12/site-packages/airflow/example_dags/example_task_group_decorator.py
[2026-03-25T11:30:08.257+0000] {processor.py:840} INFO - DAG(s) 'example_task_group_decorator' retrieved from /home/airflow/.local/lib/python3.12/site-packages/airflow/example_dags/example_task_group_decorator.py
[2026-03-25T11:30:08.286+0000] {logging_mixin.py:188} INFO - [2026-03-25T11:30:08.286+0000] {dag.py:3096} INFO - Sync 1 DAGs
[2026-03-25T11:30:08.309+0000] {logging_mixin.py:188} INFO - [2026-03-25T11:30:08.309+0000] {dag.py:3954} INFO - Setting next_dagrun for example_task_group_decorator to 2026-03-24 00:00:00+00:00, run_after=2026-03-25 00:00:00+00:00
[2026-03-25T11:30:08.388+0000] {processor.py:183} INFO - Processing /home/airflow/.local/lib/python3.12/site-packages/airflow/example_dags/example_task_group_decorator.py took 0.172 seconds
[2026-03-25T11:30:38.527+0000] {processor.py:161} INFO - Started process (PID=1734) to work on /home/airflow/.local/lib/python3.12/site-packages/airflow/example_dags/example_task_group_decorator.py
[2026-03-25T11:30:38.528+0000] {processor.py:830} INFO - Processing file /home/airflow/.local/lib/python3.12/site-packages/airflow/example_dags/example_task_group_decorator.py for tasks to queue
[2026-03-25T11:30:38.529+0000] {logging_mixin.py:188} INFO - [2026-03-25T11:30:38.529+0000] {dagbag.py:540} INFO - Filling up the DagBag from /home/airflow/.local/lib/python3.12/site-packages/airflow/example_dags/example_task_group_decorator.py
[2026-03-25T11:30:38.544+0000] {processor.py:840} INFO - DAG(s) 'example_task_group_decorator' retrieved from /home/airflow/.local/lib/python3.12/site-packages/airflow/example_dags/example_task_group_decorator.py
[2026-03-25T11:30:38.570+0000] {logging_mixin.py:188} INFO - [2026-03-25T11:30:38.570+0000] {dag.py:3096} INFO - Sync 1 DAGs
[2026-03-25T11:30:38.590+0000] {logging_mixin.py:188} INFO - [2026-03-25T11:30:38.590+0000] {dag.py:3954} INFO - Setting next_dagrun for example_task_group_decorator to 2026-03-24 00:00:00+00:00, run_after=2026-03-25 00:00:00+00:00
[2026-03-25T11:30:38.652+0000] {processor.py:183} INFO - Processing /home/airflow/.local/lib/python3.12/site-packages/airflow/example_dags/example_task_group_decorator.py took 0.131 seconds
[2026-03-25T11:31:08.783+0000] {processor.py:161} INFO - Started process (PID=1793) to work on /home/airflow/.local/lib/python3.12/site-packages/airflow/example_dags/example_task_group_decorator.py
[2026-03-25T11:31:08.784+0000] {processor.py:830} INFO - Processing file /home/airflow/.local/lib/python3.12/site-packages/airflow/example_dags/example_task_group_decorator.py for tasks to queue
[2026-03-25T11:31:08.786+0000] {logging_mixin.py:188} INFO - [2026-03-25T11:31:08.786+0000] {dagbag.py:540} INFO - Filling up the DagBag from /home/airflow/.local/lib/python3.12/site-packages/airflow/example_dags/example_task_group_decorator.py
[2026-03-25T11:31:08.803+0000] {processor.py:840} INFO - DAG(s) 'example_task_group_decorator' retrieved from /home/airflow/.local/lib/python3.12/site-packages/airflow/example_dags/example_task_group_decorator.py
[2026-03-25T11:31:08.830+0000] {logging_mixin.py:188} INFO - [2026-03-25T11:31:08.830+0000] {dag.py:3096} INFO - Sync 1 DAGs
[2026-03-25T11:31:08.861+0000] {logging_mixin.py:188} INFO - [2026-03-25T11:31:08.861+0000] {dag.py:3954} INFO - Setting next_dagrun for example_task_group_decorator to 2026-03-24 00:00:00+00:00, run_after=2026-03-25 00:00:00+00:00
[2026-03-25T11:31:08.903+0000] {processor.py:183} INFO - Processing /home/airflow/.local/lib/python3.12/site-packages/airflow/example_dags/example_task_group_decorator.py took 0.126 seconds
[2026-03-25T11:31:38.999+0000] {processor.py:161} INFO - Started process (PID=1852) to work on /home/airflow/.local/lib/python3.12/site-packages/airflow/example_dags/example_task_group_decorator.py
[2026-03-25T11:31:39.000+0000] {processor.py:830} INFO - Processing file /home/airflow/.local/lib/python3.12/site-packages/airflow/example_dags/example_task_group_decorator.py for tasks to queue
[2026-03-25T11:31:39.002+0000] {logging_mixin.py:188} INFO - [2026-03-25T11:31:39.002+0000] {dagbag.py:540} INFO - Filling up the DagBag from /home/airflow/.local/lib/python3.12/site-packages/airflow/example_dags/example_task_group_decorator.py
[2026-03-25T11:31:39.018+0000] {processor.py:840} INFO - DAG(s) 'example_task_group_decorator' retrieved from /home/airflow/.local/lib/python3.12/site-packages/airflow/example_dags/example_task_group_decorator.py
[2026-03-25T11:31:39.048+0000] {logging_mixin.py:188} INFO - [2026-03-25T11:31:39.047+0000] {dag.py:3096} INFO - Sync 1 DAGs
[2026-03-25T11:31:39.072+0000] {logging_mixin.py:188} INFO - [2026-03-25T11:31:39.072+0000] {dag.py:3954} INFO - Setting next_dagrun for example_task_group_decorator to 2026-03-24 00:00:00+00:00, run_after=2026-03-25 00:00:00+00:00
[2026-03-25T11:31:39.122+0000] {processor.py:183} INFO - Processing /home/airflow/.local/lib/python3.12/site-packages/airflow/example_dags/example_task_group_decorator.py took 0.128 seconds
[2026-03-25T11:32:09.776+0000] {processor.py:161} INFO - Started process (PID=1911) to work on /home/airflow/.local/lib/python3.12/site-packages/airflow/example_dags/example_task_group_decorator.py
[2026-03-25T11:32:09.777+0000] {processor.py:830} INFO - Processing file /home/airflow/.local/lib/python3.12/site-packages/airflow/example_dags/example_task_group_decorator.py for tasks to queue
[2026-03-25T11:32:09.779+0000] {logging_mixin.py:188} INFO - [2026-03-25T11:32:09.779+0000] {dagbag.py:540} INFO - Filling up the DagBag from /home/airflow/.local/lib/python3.12/site-packages/airflow/example_dags/example_task_group_decorator.py
[2026-03-25T11:32:09.794+0000] {processor.py:840} INFO - DAG(s) 'example_task_group_decorator' retrieved from /home/airflow/.local/lib/python3.12/site-packages/airflow/example_dags/example_task_group_decorator.py
[2026-03-25T11:32:09.819+0000] {logging_mixin.py:188} INFO - [2026-03-25T11:32:09.819+0000] {dag.py:3096} INFO - Sync 1 DAGs
[2026-03-25T11:32:09.840+0000] {logging_mixin.py:188} INFO - [2026-03-25T11:32:09.840+0000] {dag.py:3954} INFO - Setting next_dagrun for example_task_group_decorator to 2026-03-24 00:00:00+00:00, run_after=2026-03-25 00:00:00+00:00
[2026-03-25T11:32:09.881+0000] {processor.py:183} INFO - Processing /home/airflow/.local/lib/python3.12/site-packages/airflow/example_dags/example_task_group_decorator.py took 0.111 seconds
[2026-03-25T11:34:36.697+0000] {processor.py:161} INFO - Started process (PID=81) to work on /home/airflow/.local/lib/python3.12/site-packages/airflow/example_dags/example_task_group_decorator.py
[2026-03-25T11:34:36.698+0000] {processor.py:830} INFO - Processing file /home/airflow/.local/lib/python3.12/site-packages/airflow/example_dags/example_task_group_decorator.py for tasks to queue
[2026-03-25T11:34:36.702+0000] {logging_mixin.py:188} INFO - [2026-03-25T11:34:36.701+0000] {dagbag.py:540} INFO - Filling up the DagBag from /home/airflow/.local/lib/python3.12/site-packages/airflow/example_dags/example_task_group_decorator.py
[2026-03-25T11:34:36.728+0000] {processor.py:840} INFO - DAG(s) 'example_task_group_decorator' retrieved from /home/airflow/.local/lib/python3.12/site-packages/airflow/example_dags/example_task_group_decorator.py
[2026-03-25T11:34:36.913+0000] {logging_mixin.py:188} INFO - [2026-03-25T11:34:36.913+0000] {dag.py:3096} INFO - Sync 1 DAGs
[2026-03-25T11:34:36.942+0000] {logging_mixin.py:188} INFO - [2026-03-25T11:34:36.942+0000] {dag.py:3954} INFO - Setting next_dagrun for example_task_group_decorator to 2026-03-24 00:00:00+00:00, run_after=2026-03-25 00:00:00+00:00
[2026-03-25T11:34:37.009+0000] {processor.py:183} INFO - Processing /home/airflow/.local/lib/python3.12/site-packages/airflow/example_dags/example_task_group_decorator.py took 0.321 seconds
[2026-03-25T11:35:07.652+0000] {processor.py:161} INFO - Started process (PID=140) to work on /home/airflow/.local/lib/python3.12/site-packages/airflow/example_dags/example_task_group_decorator.py
[2026-03-25T11:35:07.653+0000] {processor.py:830} INFO - Processing file /home/airflow/.local/lib/python3.12/site-packages/airflow/example_dags/example_task_group_decorator.py for tasks to queue
[2026-03-25T11:35:07.655+0000] {logging_mixin.py:188} INFO - [2026-03-25T11:35:07.655+0000] {dagbag.py:540} INFO - Filling up the DagBag from /home/airflow/.local/lib/python3.12/site-packages/airflow/example_dags/example_task_group_decorator.py
[2026-03-25T11:35:07.669+0000] {processor.py:840} INFO - DAG(s) 'example_task_group_decorator' retrieved from /home/airflow/.local/lib/python3.12/site-packages/airflow/example_dags/example_task_group_decorator.py
[2026-03-25T11:35:07.695+0000] {logging_mixin.py:188} INFO - [2026-03-25T11:35:07.694+0000] {dag.py:3096} INFO - Sync 1 DAGs
[2026-03-25T11:35:07.716+0000] {logging_mixin.py:188} INFO - [2026-03-25T11:35:07.716+0000] {dag.py:3954} INFO - Setting next_dagrun for example_task_group_decorator to 2026-03-24 00:00:00+00:00, run_after=2026-03-25 00:00:00+00:00
[2026-03-25T11:35:07.761+0000] {processor.py:183} INFO - Processing /home/airflow/.local/lib/python3.12/site-packages/airflow/example_dags/example_task_group_decorator.py took 0.115 seconds
[2026-03-25T11:35:38.564+0000] {processor.py:161} INFO - Started process (PID=193) to work on /home/airflow/.local/lib/python3.12/site-packages/airflow/example_dags/example_task_group_decorator.py
[2026-03-25T11:35:38.565+0000] {processor.py:830} INFO - Processing file /home/airflow/.local/lib/python3.12/site-packages/airflow/example_dags/example_task_group_decorator.py for tasks to queue
[2026-03-25T11:35:38.567+0000] {logging_mixin.py:188} INFO - [2026-03-25T11:35:38.566+0000] {dagbag.py:540} INFO - Filling up the DagBag from /home/airflow/.local/lib/python3.12/site-packages/airflow/example_dags/example_task_group_decorator.py
[2026-03-25T11:35:38.584+0000] {processor.py:840} INFO - DAG(s) 'example_task_group_decorator' retrieved from /home/airflow/.local/lib/python3.12/site-packages/airflow/example_dags/example_task_group_decorator.py
[2026-03-25T11:35:38.614+0000] {logging_mixin.py:188} INFO - [2026-03-25T11:35:38.614+0000] {dag.py:3096} INFO - Sync 1 DAGs
[2026-03-25T11:35:38.639+0000] {logging_mixin.py:188} INFO - [2026-03-25T11:35:38.639+0000] {dag.py:3954} INFO - Setting next_dagrun for example_task_group_decorator to 2026-03-24 00:00:00+00:00, run_after=2026-03-25 00:00:00+00:00
[2026-03-25T11:35:38.691+0000] {processor.py:183} INFO - Processing /home/airflow/.local/lib/python3.12/site-packages/airflow/example_dags/example_task_group_decorator.py took 0.134 seconds
[2026-03-25T11:36:12.407+0000] {processor.py:161} INFO - Started process (PID=253) to work on /home/airflow/.local/lib/python3.12/site-packages/airflow/example_dags/example_task_group_decorator.py
[2026-03-25T11:36:12.408+0000] {processor.py:830} INFO - Processing file /home/airflow/.local/lib/python3.12/site-packages/airflow/example_dags/example_task_group_decorator.py for tasks to queue
[2026-03-25T11:36:12.410+0000] {logging_mixin.py:188} INFO - [2026-03-25T11:36:12.410+0000] {dagbag.py:540} INFO - Filling up the DagBag from /home/airflow/.local/lib/python3.12/site-packages/airflow/example_dags/example_task_group_decorator.py
[2026-03-25T11:36:12.549+0000] {processor.py:840} INFO - DAG(s) 'example_task_group_decorator' retrieved from /home/airflow/.local/lib/python3.12/site-packages/airflow/example_dags/example_task_group_decorator.py
[2026-03-25T11:36:12.574+0000] {logging_mixin.py:188} INFO - [2026-03-25T11:36:12.573+0000] {dag.py:3096} INFO - Sync 1 DAGs
[2026-03-25T11:36:12.593+0000] {logging_mixin.py:188} INFO - [2026-03-25T11:36:12.593+0000] {dag.py:3954} INFO - Setting next_dagrun for example_task_group_decorator to 2026-03-24 00:00:00+00:00, run_after=2026-03-25 00:00:00+00:00
[2026-03-25T11:36:12.653+0000] {processor.py:183} INFO - Processing /home/airflow/.local/lib/python3.12/site-packages/airflow/example_dags/example_task_group_decorator.py took 0.252 seconds
[2026-03-25T11:36:45.337+0000] {processor.py:161} INFO - Started process (PID=312) to work on /home/airflow/.local/lib/python3.12/site-packages/airflow/example_dags/example_task_group_decorator.py
[2026-03-25T11:36:45.338+0000] {processor.py:830} INFO - Processing file /home/airflow/.local/lib/python3.12/site-packages/airflow/example_dags/example_task_group_decorator.py for tasks to queue
[2026-03-25T11:36:45.341+0000] {logging_mixin.py:188} INFO - [2026-03-25T11:36:45.340+0000] {dagbag.py:540} INFO - Filling up the DagBag from /home/airflow/.local/lib/python3.12/site-packages/airflow/example_dags/example_task_group_decorator.py
[2026-03-25T11:36:45.366+0000] {processor.py:840} INFO - DAG(s) 'example_task_group_decorator' retrieved from /home/airflow/.local/lib/python3.12/site-packages/airflow/example_dags/example_task_group_decorator.py
[2026-03-25T11:36:45.413+0000] {logging_mixin.py:188} INFO - [2026-03-25T11:36:45.412+0000] {dag.py:3096} INFO - Sync 1 DAGs
[2026-03-25T11:36:45.438+0000] {logging_mixin.py:188} INFO - [2026-03-25T11:36:45.438+0000] {dag.py:3954} INFO - Setting next_dagrun for example_task_group_decorator to 2026-03-24 00:00:00+00:00, run_after=2026-03-25 00:00:00+00:00
[2026-03-25T11:36:45.560+0000] {processor.py:183} INFO - Processing /home/airflow/.local/lib/python3.12/site-packages/airflow/example_dags/example_task_group_decorator.py took 0.232 seconds
[2026-03-25T11:37:17.513+0000] {processor.py:161} INFO - Started process (PID=371) to work on /home/airflow/.local/lib/python3.12/site-packages/airflow/example_dags/example_task_group_decorator.py
[2026-03-25T11:37:17.515+0000] {processor.py:830} INFO - Processing file /home/airflow/.local/lib/python3.12/site-packages/airflow/example_dags/example_task_group_decorator.py for tasks to queue
[2026-03-25T11:37:17.519+0000] {logging_mixin.py:188} INFO - [2026-03-25T11:37:17.518+0000] {dagbag.py:540} INFO - Filling up the DagBag from /home/airflow/.local/lib/python3.12/site-packages/airflow/example_dags/example_task_group_decorator.py
[2026-03-25T11:37:17.560+0000] {processor.py:840} INFO - DAG(s) 'example_task_group_decorator' retrieved from /home/airflow/.local/lib/python3.12/site-packages/airflow/example_dags/example_task_group_decorator.py
[2026-03-25T11:37:17.624+0000] {logging_mixin.py:188} INFO - [2026-03-25T11:37:17.623+0000] {dag.py:3096} INFO - Sync 1 DAGs
[2026-03-25T11:37:17.700+0000] {logging_mixin.py:188} INFO - [2026-03-25T11:37:17.699+0000] {dag.py:3954} INFO - Setting next_dagrun for example_task_group_decorator to 2026-03-24 00:00:00+00:00, run_after=2026-03-25 00:00:00+00:00
[2026-03-25T11:37:17.795+0000] {processor.py:183} INFO - Processing /home/airflow/.local/lib/python3.12/site-packages/airflow/example_dags/example_task_group_decorator.py took 0.294 seconds
[2026-03-25T11:37:50.250+0000] {processor.py:161} INFO - Started process (PID=430) to work on /home/airflow/.local/lib/python3.12/site-packages/airflow/example_dags/example_task_group_decorator.py
[2026-03-25T11:37:50.252+0000] {processor.py:830} INFO - Processing file /home/airflow/.local/lib/python3.12/site-packages/airflow/example_dags/example_task_group_decorator.py for tasks to queue
[2026-03-25T11:37:50.256+0000] {logging_mixin.py:188} INFO - [2026-03-25T11:37:50.255+0000] {dagbag.py:540} INFO - Filling up the DagBag from /home/airflow/.local/lib/python3.12/site-packages/airflow/example_dags/example_task_group_decorator.py
[2026-03-25T11:37:50.279+0000] {processor.py:840} INFO - DAG(s) 'example_task_group_decorator' retrieved from /home/airflow/.local/lib/python3.12/site-packages/airflow/example_dags/example_task_group_decorator.py
[2026-03-25T11:37:50.310+0000] {logging_mixin.py:188} INFO - [2026-03-25T11:37:50.309+0000] {dag.py:3096} INFO - Sync 1 DAGs
[2026-03-25T11:37:50.338+0000] {logging_mixin.py:188} INFO - [2026-03-25T11:37:50.338+0000] {dag.py:3954} INFO - Setting next_dagrun for example_task_group_decorator to 2026-03-24 00:00:00+00:00, run_after=2026-03-25 00:00:00+00:00
[2026-03-25T11:37:50.408+0000] {processor.py:183} INFO - Processing /home/airflow/.local/lib/python3.12/site-packages/airflow/example_dags/example_task_group_decorator.py took 0.169 seconds
[2026-03-25T11:38:22.327+0000] {processor.py:161} INFO - Started process (PID=489) to work on /home/airflow/.local/lib/python3.12/site-packages/airflow/example_dags/example_task_group_decorator.py
[2026-03-25T11:38:22.329+0000] {processor.py:830} INFO - Processing file /home/airflow/.local/lib/python3.12/site-packages/airflow/example_dags/example_task_group_decorator.py for tasks to queue
[2026-03-25T11:38:22.331+0000] {logging_mixin.py:188} INFO - [2026-03-25T11:38:22.331+0000] {dagbag.py:540} INFO - Filling up the DagBag from /home/airflow/.local/lib/python3.12/site-packages/airflow/example_dags/example_task_group_decorator.py
[2026-03-25T11:38:22.347+0000] {processor.py:840} INFO - DAG(s) 'example_task_group_decorator' retrieved from /home/airflow/.local/lib/python3.12/site-packages/airflow/example_dags/example_task_group_decorator.py
[2026-03-25T11:38:22.375+0000] {logging_mixin.py:188} INFO - [2026-03-25T11:38:22.375+0000] {dag.py:3096} INFO - Sync 1 DAGs
[2026-03-25T11:38:22.397+0000] {logging_mixin.py:188} INFO - [2026-03-25T11:38:22.397+0000] {dag.py:3954} INFO - Setting next_dagrun for example_task_group_decorator to 2026-03-24 00:00:00+00:00, run_after=2026-03-25 00:00:00+00:00
[2026-03-25T11:38:22.498+0000] {processor.py:183} INFO - Processing /home/airflow/.local/lib/python3.12/site-packages/airflow/example_dags/example_task_group_decorator.py took 0.177 seconds
[2026-03-25T11:38:55.093+0000] {processor.py:161} INFO - Started process (PID=548) to work on /home/airflow/.local/lib/python3.12/site-packages/airflow/example_dags/example_task_group_decorator.py
[2026-03-25T11:38:55.094+0000] {processor.py:830} INFO - Processing file /home/airflow/.local/lib/python3.12/site-packages/airflow/example_dags/example_task_group_decorator.py for tasks to queue
[2026-03-25T11:38:55.096+0000] {logging_mixin.py:188} INFO - [2026-03-25T11:38:55.096+0000] {dagbag.py:540} INFO - Filling up the DagBag from /home/airflow/.local/lib/python3.12/site-packages/airflow/example_dags/example_task_group_decorator.py
[2026-03-25T11:38:55.111+0000] {processor.py:840} INFO - DAG(s) 'example_task_group_decorator' retrieved from /home/airflow/.local/lib/python3.12/site-packages/airflow/example_dags/example_task_group_decorator.py
[2026-03-25T11:38:55.137+0000] {logging_mixin.py:188} INFO - [2026-03-25T11:38:55.137+0000] {dag.py:3096} INFO - Sync 1 DAGs
[2026-03-25T11:38:55.157+0000] {logging_mixin.py:188} INFO - [2026-03-25T11:38:55.157+0000] {dag.py:3954} INFO - Setting next_dagrun for example_task_group_decorator to 2026-03-24 00:00:00+00:00, run_after=2026-03-25 00:00:00+00:00
[2026-03-25T11:38:55.213+0000] {processor.py:183} INFO - Processing /home/airflow/.local/lib/python3.12/site-packages/airflow/example_dags/example_task_group_decorator.py took 0.128 seconds
[2026-03-25T11:39:27.841+0000] {processor.py:161} INFO - Started process (PID=607) to work on /home/airflow/.local/lib/python3.12/site-packages/airflow/example_dags/example_task_group_decorator.py
[2026-03-25T11:39:27.842+0000] {processor.py:830} INFO - Processing file /home/airflow/.local/lib/python3.12/site-packages/airflow/example_dags/example_task_group_decorator.py for tasks to queue
[2026-03-25T11:39:27.844+0000] {logging_mixin.py:188} INFO - [2026-03-25T11:39:27.844+0000] {dagbag.py:540} INFO - Filling up the DagBag from /home/airflow/.local/lib/python3.12/site-packages/airflow/example_dags/example_task_group_decorator.py
[2026-03-25T11:39:27.858+0000] {processor.py:840} INFO - DAG(s) 'example_task_group_decorator' retrieved from /home/airflow/.local/lib/python3.12/site-packages/airflow/example_dags/example_task_group_decorator.py
[2026-03-25T11:39:27.885+0000] {logging_mixin.py:188} INFO - [2026-03-25T11:39:27.885+0000] {dag.py:3096} INFO - Sync 1 DAGs
[2026-03-25T11:39:27.908+0000] {logging_mixin.py:188} INFO - [2026-03-25T11:39:27.908+0000] {dag.py:3954} INFO - Setting next_dagrun for example_task_group_decorator to 2026-03-24 00:00:00+00:00, run_after=2026-03-25 00:00:00+00:00
[2026-03-25T11:39:27.948+0000] {processor.py:183} INFO - Processing /home/airflow/.local/lib/python3.12/site-packages/airflow/example_dags/example_task_group_decorator.py took 0.113 seconds
[2026-03-25T11:40:00.975+0000] {processor.py:161} INFO - Started process (PID=666) to work on /home/airflow/.local/lib/python3.12/site-packages/airflow/example_dags/example_task_group_decorator.py
[2026-03-25T11:40:00.976+0000] {processor.py:830} INFO - Processing file /home/airflow/.local/lib/python3.12/site-packages/airflow/example_dags/example_task_group_decorator.py for tasks to queue
[2026-03-25T11:40:00.978+0000] {logging_mixin.py:188} INFO - [2026-03-25T11:40:00.978+0000] {dagbag.py:540} INFO - Filling up the DagBag from /home/airflow/.local/lib/python3.12/site-packages/airflow/example_dags/example_task_group_decorator.py
[2026-03-25T11:40:00.994+0000] {processor.py:840} INFO - DAG(s) 'example_task_group_decorator' retrieved from /home/airflow/.local/lib/python3.12/site-packages/airflow/example_dags/example_task_group_decorator.py
[2026-03-25T11:40:01.025+0000] {logging_mixin.py:188} INFO - [2026-03-25T11:40:01.025+0000] {dag.py:3096} INFO - Sync 1 DAGs
[2026-03-25T11:40:01.049+0000] {logging_mixin.py:188} INFO - [2026-03-25T11:40:01.049+0000] {dag.py:3954} INFO - Setting next_dagrun for example_task_group_decorator to 2026-03-24 00:00:00+00:00, run_after=2026-03-25 00:00:00+00:00
[2026-03-25T11:40:01.091+0000] {processor.py:183} INFO - Processing /home/airflow/.local/lib/python3.12/site-packages/airflow/example_dags/example_task_group_decorator.py took 0.123 seconds
[2026-03-25T11:40:33.126+0000] {processor.py:161} INFO - Started process (PID=725) to work on /home/airflow/.local/lib/python3.12/site-packages/airflow/example_dags/example_task_group_decorator.py
[2026-03-25T11:40:33.127+0000] {processor.py:830} INFO - Processing file /home/airflow/.local/lib/python3.12/site-packages/airflow/example_dags/example_task_group_decorator.py for tasks to queue
[2026-03-25T11:40:33.129+0000] {logging_mixin.py:188} INFO - [2026-03-25T11:40:33.128+0000] {dagbag.py:540} INFO - Filling up the DagBag from /home/airflow/.local/lib/python3.12/site-packages/airflow/example_dags/example_task_group_decorator.py
[2026-03-25T11:40:33.144+0000] {processor.py:840} INFO - DAG(s) 'example_task_group_decorator' retrieved from /home/airflow/.local/lib/python3.12/site-packages/airflow/example_dags/example_task_group_decorator.py
[2026-03-25T11:40:33.170+0000] {logging_mixin.py:188} INFO - [2026-03-25T11:40:33.169+0000] {dag.py:3096} INFO - Sync 1 DAGs
[2026-03-25T11:40:33.190+0000] {logging_mixin.py:188} INFO - [2026-03-25T11:40:33.190+0000] {dag.py:3954} INFO - Setting next_dagrun for example_task_group_decorator to 2026-03-24 00:00:00+00:00, run_after=2026-03-25 00:00:00+00:00
[2026-03-25T11:40:33.227+0000] {processor.py:183} INFO - Processing /home/airflow/.local/lib/python3.12/site-packages/airflow/example_dags/example_task_group_decorator.py took 0.106 seconds
[2026-03-25T11:41:06.151+0000] {processor.py:161} INFO - Started process (PID=784) to work on /home/airflow/.local/lib/python3.12/site-packages/airflow/example_dags/example_task_group_decorator.py
[2026-03-25T11:41:06.152+0000] {processor.py:830} INFO - Processing file /home/airflow/.local/lib/python3.12/site-packages/airflow/example_dags/example_task_group_decorator.py for tasks to queue
[2026-03-25T11:41:06.154+0000] {logging_mixin.py:188} INFO - [2026-03-25T11:41:06.154+0000] {dagbag.py:540} INFO - Filling up the DagBag from /home/airflow/.local/lib/python3.12/site-packages/airflow/example_dags/example_task_group_decorator.py
[2026-03-25T11:41:06.169+0000] {processor.py:840} INFO - DAG(s) 'example_task_group_decorator' retrieved from /home/airflow/.local/lib/python3.12/site-packages/airflow/example_dags/example_task_group_decorator.py
[2026-03-25T11:41:06.197+0000] {logging_mixin.py:188} INFO - [2026-03-25T11:41:06.197+0000] {dag.py:3096} INFO - Sync 1 DAGs
[2026-03-25T11:41:06.220+0000] {logging_mixin.py:188} INFO - [2026-03-25T11:41:06.220+0000] {dag.py:3954} INFO - Setting next_dagrun for example_task_group_decorator to 2026-03-24 00:00:00+00:00, run_after=2026-03-25 00:00:00+00:00
[2026-03-25T11:41:06.268+0000] {processor.py:183} INFO - Processing /home/airflow/.local/lib/python3.12/site-packages/airflow/example_dags/example_task_group_decorator.py took 0.123 seconds
[2026-03-25T11:41:40.307+0000] {processor.py:161} INFO - Started process (PID=843) to work on /home/airflow/.local/lib/python3.12/site-packages/airflow/example_dags/example_task_group_decorator.py
[2026-03-25T11:41:40.309+0000] {processor.py:830} INFO - Processing file /home/airflow/.local/lib/python3.12/site-packages/airflow/example_dags/example_task_group_decorator.py for tasks to queue
[2026-03-25T11:41:40.310+0000] {logging_mixin.py:188} INFO - [2026-03-25T11:41:40.310+0000] {dagbag.py:540} INFO - Filling up the DagBag from /home/airflow/.local/lib/python3.12/site-packages/airflow/example_dags/example_task_group_decorator.py
[2026-03-25T11:41:40.325+0000] {processor.py:840} INFO - DAG(s) 'example_task_group_decorator' retrieved from /home/airflow/.local/lib/python3.12/site-packages/airflow/example_dags/example_task_group_decorator.py
[2026-03-25T11:41:40.352+0000] {logging_mixin.py:188} INFO - [2026-03-25T11:41:40.352+0000] {dag.py:3096} INFO - Sync 1 DAGs
[2026-03-25T11:41:40.374+0000] {logging_mixin.py:188} INFO - [2026-03-25T11:41:40.373+0000] {dag.py:3954} INFO - Setting next_dagrun for example_task_group_decorator to 2026-03-24 00:00:00+00:00, run_after=2026-03-25 00:00:00+00:00
[2026-03-25T11:41:40.408+0000] {processor.py:183} INFO - Processing /home/airflow/.local/lib/python3.12/site-packages/airflow/example_dags/example_task_group_decorator.py took 0.107 seconds
[2026-03-25T11:42:11.257+0000] {processor.py:161} INFO - Started process (PID=902) to work on /home/airflow/.local/lib/python3.12/site-packages/airflow/example_dags/example_task_group_decorator.py
[2026-03-25T11:42:11.258+0000] {processor.py:830} INFO - Processing file /home/airflow/.local/lib/python3.12/site-packages/airflow/example_dags/example_task_group_decorator.py for tasks to queue
[2026-03-25T11:42:11.260+0000] {logging_mixin.py:188} INFO - [2026-03-25T11:42:11.260+0000] {dagbag.py:540} INFO - Filling up the DagBag from /home/airflow/.local/lib/python3.12/site-packages/airflow/example_dags/example_task_group_decorator.py
[2026-03-25T11:42:11.275+0000] {processor.py:840} INFO - DAG(s) 'example_task_group_decorator' retrieved from /home/airflow/.local/lib/python3.12/site-packages/airflow/example_dags/example_task_group_decorator.py
[2026-03-25T11:42:11.301+0000] {logging_mixin.py:188} INFO - [2026-03-25T11:42:11.301+0000] {dag.py:3096} INFO - Sync 1 DAGs
[2026-03-25T11:42:11.323+0000] {logging_mixin.py:188} INFO - [2026-03-25T11:42:11.323+0000] {dag.py:3954} INFO - Setting next_dagrun for example_task_group_decorator to 2026-03-24 00:00:00+00:00, run_after=2026-03-25 00:00:00+00:00
[2026-03-25T11:42:11.367+0000] {processor.py:183} INFO - Processing /home/airflow/.local/lib/python3.12/site-packages/airflow/example_dags/example_task_group_decorator.py took 0.116 seconds
[2026-03-25T11:42:44.265+0000] {processor.py:161} INFO - Started process (PID=961) to work on /home/airflow/.local/lib/python3.12/site-packages/airflow/example_dags/example_task_group_decorator.py
[2026-03-25T11:42:44.266+0000] {processor.py:830} INFO - Processing file /home/airflow/.local/lib/python3.12/site-packages/airflow/example_dags/example_task_group_decorator.py for tasks to queue
[2026-03-25T11:42:44.268+0000] {logging_mixin.py:188} INFO - [2026-03-25T11:42:44.268+0000] {dagbag.py:540} INFO - Filling up the DagBag from /home/airflow/.local/lib/python3.12/site-packages/airflow/example_dags/example_task_group_decorator.py
[2026-03-25T11:42:44.285+0000] {processor.py:840} INFO - DAG(s) 'example_task_group_decorator' retrieved from /home/airflow/.local/lib/python3.12/site-packages/airflow/example_dags/example_task_group_decorator.py
[2026-03-25T11:42:44.315+0000] {logging_mixin.py:188} INFO - [2026-03-25T11:42:44.315+0000] {dag.py:3096} INFO - Sync 1 DAGs
[2026-03-25T11:42:44.337+0000] {logging_mixin.py:188} INFO - [2026-03-25T11:42:44.337+0000] {dag.py:3954} INFO - Setting next_dagrun for example_task_group_decorator to 2026-03-24 00:00:00+00:00, run_after=2026-03-25 00:00:00+00:00
[2026-03-25T11:42:44.385+0000] {processor.py:183} INFO - Processing /home/airflow/.local/lib/python3.12/site-packages/airflow/example_dags/example_task_group_decorator.py took 0.125 seconds
[2026-03-25T11:43:17.681+0000] {processor.py:161} INFO - Started process (PID=1020) to work on /home/airflow/.local/lib/python3.12/site-packages/airflow/example_dags/example_task_group_decorator.py
[2026-03-25T11:43:17.683+0000] {processor.py:830} INFO - Processing file /home/airflow/.local/lib/python3.12/site-packages/airflow/example_dags/example_task_group_decorator.py for tasks to queue
[2026-03-25T11:43:17.685+0000] {logging_mixin.py:188} INFO - [2026-03-25T11:43:17.684+0000] {dagbag.py:540} INFO - Filling up the DagBag from /home/airflow/.local/lib/python3.12/site-packages/airflow/example_dags/example_task_group_decorator.py
[2026-03-25T11:43:17.704+0000] {processor.py:840} INFO - DAG(s) 'example_task_group_decorator' retrieved from /home/airflow/.local/lib/python3.12/site-packages/airflow/example_dags/example_task_group_decorator.py
[2026-03-25T11:43:17.739+0000] {logging_mixin.py:188} INFO - [2026-03-25T11:43:17.739+0000] {dag.py:3096} INFO - Sync 1 DAGs
[2026-03-25T11:43:17.788+0000] {logging_mixin.py:188} INFO - [2026-03-25T11:43:17.787+0000] {dag.py:3954} INFO - Setting next_dagrun for example_task_group_decorator to 2026-03-24 00:00:00+00:00, run_after=2026-03-25 00:00:00+00:00
[2026-03-25T11:43:17.833+0000] {processor.py:183} INFO - Processing /home/airflow/.local/lib/python3.12/site-packages/airflow/example_dags/example_task_group_decorator.py took 0.158 seconds
[2026-03-25T11:43:49.877+0000] {processor.py:161} INFO - Started process (PID=1079) to work on /home/airflow/.local/lib/python3.12/site-packages/airflow/example_dags/example_task_group_decorator.py
[2026-03-25T11:43:49.878+0000] {processor.py:830} INFO - Processing file /home/airflow/.local/lib/python3.12/site-packages/airflow/example_dags/example_task_group_decorator.py for tasks to queue
[2026-03-25T11:43:49.880+0000] {logging_mixin.py:188} INFO - [2026-03-25T11:43:49.880+0000] {dagbag.py:540} INFO - Filling up the DagBag from /home/airflow/.local/lib/python3.12/site-packages/airflow/example_dags/example_task_group_decorator.py
[2026-03-25T11:43:49.896+0000] {processor.py:840} INFO - DAG(s) 'example_task_group_decorator' retrieved from /home/airflow/.local/lib/python3.12/site-packages/airflow/example_dags/example_task_group_decorator.py
[2026-03-25T11:43:49.921+0000] {logging_mixin.py:188} INFO - [2026-03-25T11:43:49.921+0000] {dag.py:3096} INFO - Sync 1 DAGs
[2026-03-25T11:43:49.943+0000] {logging_mixin.py:188} INFO - [2026-03-25T11:43:49.943+0000] {dag.py:3954} INFO - Setting next_dagrun for example_task_group_decorator to 2026-03-24 00:00:00+00:00, run_after=2026-03-25 00:00:00+00:00
[2026-03-25T11:43:49.977+0000] {processor.py:183} INFO - Processing /home/airflow/.local/lib/python3.12/site-packages/airflow/example_dags/example_task_group_decorator.py took 0.106 seconds
[2026-03-25T11:44:22.471+0000] {processor.py:161} INFO - Started process (PID=1138) to work on /home/airflow/.local/lib/python3.12/site-packages/airflow/example_dags/example_task_group_decorator.py
[2026-03-25T11:44:22.472+0000] {processor.py:830} INFO - Processing file /home/airflow/.local/lib/python3.12/site-packages/airflow/example_dags/example_task_group_decorator.py for tasks to queue
[2026-03-25T11:44:22.474+0000] {logging_mixin.py:188} INFO - [2026-03-25T11:44:22.474+0000] {dagbag.py:540} INFO - Filling up the DagBag from /home/airflow/.local/lib/python3.12/site-packages/airflow/example_dags/example_task_group_decorator.py
[2026-03-25T11:44:22.488+0000] {processor.py:840} INFO - DAG(s) 'example_task_group_decorator' retrieved from /home/airflow/.local/lib/python3.12/site-packages/airflow/example_dags/example_task_group_decorator.py
[2026-03-25T11:44:22.514+0000] {logging_mixin.py:188} INFO - [2026-03-25T11:44:22.514+0000] {dag.py:3096} INFO - Sync 1 DAGs
[2026-03-25T11:44:22.535+0000] {logging_mixin.py:188} INFO - [2026-03-25T11:44:22.535+0000] {dag.py:3954} INFO - Setting next_dagrun for example_task_group_decorator to 2026-03-24 00:00:00+00:00, run_after=2026-03-25 00:00:00+00:00
[2026-03-25T11:44:22.578+0000] {processor.py:183} INFO - Processing /home/airflow/.local/lib/python3.12/site-packages/airflow/example_dags/example_task_group_decorator.py took 0.113 seconds
[2026-03-25T11:44:55.380+0000] {processor.py:161} INFO - Started process (PID=1197) to work on /home/airflow/.local/lib/python3.12/site-packages/airflow/example_dags/example_task_group_decorator.py
[2026-03-25T11:44:55.381+0000] {processor.py:830} INFO - Processing file /home/airflow/.local/lib/python3.12/site-packages/airflow/example_dags/example_task_group_decorator.py for tasks to queue
[2026-03-25T11:44:55.383+0000] {logging_mixin.py:188} INFO - [2026-03-25T11:44:55.383+0000] {dagbag.py:540} INFO - Filling up the DagBag from /home/airflow/.local/lib/python3.12/site-packages/airflow/example_dags/example_task_group_decorator.py
[2026-03-25T11:44:55.398+0000] {processor.py:840} INFO - DAG(s) 'example_task_group_decorator' retrieved from /home/airflow/.local/lib/python3.12/site-packages/airflow/example_dags/example_task_group_decorator.py
[2026-03-25T11:44:55.427+0000] {logging_mixin.py:188} INFO - [2026-03-25T11:44:55.427+0000] {dag.py:3096} INFO - Sync 1 DAGs
[2026-03-25T11:44:55.450+0000] {logging_mixin.py:188} INFO - [2026-03-25T11:44:55.450+0000] {dag.py:3954} INFO - Setting next_dagrun for example_task_group_decorator to 2026-03-24 00:00:00+00:00, run_after=2026-03-25 00:00:00+00:00
[2026-03-25T11:44:55.490+0000] {processor.py:183} INFO - Processing /home/airflow/.local/lib/python3.12/site-packages/airflow/example_dags/example_task_group_decorator.py took 0.118 seconds
[2026-03-25T11:45:28.316+0000] {processor.py:161} INFO - Started process (PID=1256) to work on /home/airflow/.local/lib/python3.12/site-packages/airflow/example_dags/example_task_group_decorator.py
[2026-03-25T11:45:28.318+0000] {processor.py:830} INFO - Processing file /home/airflow/.local/lib/python3.12/site-packages/airflow/example_dags/example_task_group_decorator.py for tasks to queue
[2026-03-25T11:45:28.320+0000] {logging_mixin.py:188} INFO - [2026-03-25T11:45:28.319+0000] {dagbag.py:540} INFO - Filling up the DagBag from /home/airflow/.local/lib/python3.12/site-packages/airflow/example_dags/example_task_group_decorator.py
[2026-03-25T11:45:28.339+0000] {processor.py:840} INFO - DAG(s) 'example_task_group_decorator' retrieved from /home/airflow/.local/lib/python3.12/site-packages/airflow/example_dags/example_task_group_decorator.py
[2026-03-25T11:45:28.372+0000] {logging_mixin.py:188} INFO - [2026-03-25T11:45:28.372+0000] {dag.py:3096} INFO - Sync 1 DAGs
[2026-03-25T11:45:28.394+0000] {logging_mixin.py:188} INFO - [2026-03-25T11:45:28.393+0000] {dag.py:3954} INFO - Setting next_dagrun for example_task_group_decorator to 2026-03-24 00:00:00+00:00, run_after=2026-03-25 00:00:00+00:00
[2026-03-25T11:45:28.434+0000] {processor.py:183} INFO - Processing /home/airflow/.local/lib/python3.12/site-packages/airflow/example_dags/example_task_group_decorator.py took 0.124 seconds
[2026-03-25T11:46:00.582+0000] {processor.py:161} INFO - Started process (PID=1315) to work on /home/airflow/.local/lib/python3.12/site-packages/airflow/example_dags/example_task_group_decorator.py
[2026-03-25T11:46:00.583+0000] {processor.py:830} INFO - Processing file /home/airflow/.local/lib/python3.12/site-packages/airflow/example_dags/example_task_group_decorator.py for tasks to queue
[2026-03-25T11:46:00.584+0000] {logging_mixin.py:188} INFO - [2026-03-25T11:46:00.584+0000] {dagbag.py:540} INFO - Filling up the DagBag from /home/airflow/.local/lib/python3.12/site-packages/airflow/example_dags/example_task_group_decorator.py
[2026-03-25T11:46:00.598+0000] {processor.py:840} INFO - DAG(s) 'example_task_group_decorator' retrieved from /home/airflow/.local/lib/python3.12/site-packages/airflow/example_dags/example_task_group_decorator.py
[2026-03-25T11:46:00.624+0000] {logging_mixin.py:188} INFO - [2026-03-25T11:46:00.624+0000] {dag.py:3096} INFO - Sync 1 DAGs
[2026-03-25T11:46:00.645+0000] {logging_mixin.py:188} INFO - [2026-03-25T11:46:00.644+0000] {dag.py:3954} INFO - Setting next_dagrun for example_task_group_decorator to 2026-03-24 00:00:00+00:00, run_after=2026-03-25 00:00:00+00:00
[2026-03-25T11:46:00.682+0000] {processor.py:183} INFO - Processing /home/airflow/.local/lib/python3.12/site-packages/airflow/example_dags/example_task_group_decorator.py took 0.106 seconds
[2026-03-25T11:46:33.594+0000] {processor.py:161} INFO - Started process (PID=1374) to work on /home/airflow/.local/lib/python3.12/site-packages/airflow/example_dags/example_task_group_decorator.py
[2026-03-25T11:46:33.595+0000] {processor.py:830} INFO - Processing file /home/airflow/.local/lib/python3.12/site-packages/airflow/example_dags/example_task_group_decorator.py for tasks to queue
[2026-03-25T11:46:33.597+0000] {logging_mixin.py:188} INFO - [2026-03-25T11:46:33.597+0000] {dagbag.py:540} INFO - Filling up the DagBag from /home/airflow/.local/lib/python3.12/site-packages/airflow/example_dags/example_task_group_decorator.py
[2026-03-25T11:46:33.617+0000] {processor.py:840} INFO - DAG(s) 'example_task_group_decorator' retrieved from /home/airflow/.local/lib/python3.12/site-packages/airflow/example_dags/example_task_group_decorator.py
[2026-03-25T11:46:33.653+0000] {logging_mixin.py:188} INFO - [2026-03-25T11:46:33.653+0000] {dag.py:3096} INFO - Sync 1 DAGs
[2026-03-25T11:46:33.682+0000] {logging_mixin.py:188} INFO - [2026-03-25T11:46:33.681+0000] {dag.py:3954} INFO - Setting next_dagrun for example_task_group_decorator to 2026-03-24 00:00:00+00:00, run_after=2026-03-25 00:00:00+00:00
[2026-03-25T11:46:33.735+0000] {processor.py:183} INFO - Processing /home/airflow/.local/lib/python3.12/site-packages/airflow/example_dags/example_task_group_decorator.py took 0.149 seconds
[2026-03-25T11:47:07.116+0000] {processor.py:161} INFO - Started process (PID=1433) to work on /home/airflow/.local/lib/python3.12/site-packages/airflow/example_dags/example_task_group_decorator.py
[2026-03-25T11:47:07.118+0000] {processor.py:830} INFO - Processing file /home/airflow/.local/lib/python3.12/site-packages/airflow/example_dags/example_task_group_decorator.py for tasks to queue
[2026-03-25T11:47:07.121+0000] {logging_mixin.py:188} INFO - [2026-03-25T11:47:07.120+0000] {dagbag.py:540} INFO - Filling up the DagBag from /home/airflow/.local/lib/python3.12/site-packages/airflow/example_dags/example_task_group_decorator.py
[2026-03-25T11:47:07.150+0000] {processor.py:840} INFO - DAG(s) 'example_task_group_decorator' retrieved from /home/airflow/.local/lib/python3.12/site-packages/airflow/example_dags/example_task_group_decorator.py
[2026-03-25T11:47:07.195+0000] {logging_mixin.py:188} INFO - [2026-03-25T11:47:07.195+0000] {dag.py:3096} INFO - Sync 1 DAGs
[2026-03-25T11:47:07.266+0000] {logging_mixin.py:188} INFO - [2026-03-25T11:47:07.265+0000] {dag.py:3954} INFO - Setting next_dagrun for example_task_group_decorator to 2026-03-24 00:00:00+00:00, run_after=2026-03-25 00:00:00+00:00
[2026-03-25T11:47:07.325+0000] {processor.py:183} INFO - Processing /home/airflow/.local/lib/python3.12/site-packages/airflow/example_dags/example_task_group_decorator.py took 0.219 seconds
[2026-03-25T11:47:41.781+0000] {processor.py:161} INFO - Started process (PID=1493) to work on /home/airflow/.local/lib/python3.12/site-packages/airflow/example_dags/example_task_group_decorator.py
[2026-03-25T11:47:41.783+0000] {processor.py:830} INFO - Processing file /home/airflow/.local/lib/python3.12/site-packages/airflow/example_dags/example_task_group_decorator.py for tasks to queue
[2026-03-25T11:47:41.786+0000] {logging_mixin.py:188} INFO - [2026-03-25T11:47:41.785+0000] {dagbag.py:540} INFO - Filling up the DagBag from /home/airflow/.local/lib/python3.12/site-packages/airflow/example_dags/example_task_group_decorator.py
[2026-03-25T11:47:41.805+0000] {processor.py:840} INFO - DAG(s) 'example_task_group_decorator' retrieved from /home/airflow/.local/lib/python3.12/site-packages/airflow/example_dags/example_task_group_decorator.py
[2026-03-25T11:47:41.837+0000] {logging_mixin.py:188} INFO - [2026-03-25T11:47:41.837+0000] {dag.py:3096} INFO - Sync 1 DAGs
[2026-03-25T11:47:41.861+0000] {logging_mixin.py:188} INFO - [2026-03-25T11:47:41.861+0000] {dag.py:3954} INFO - Setting next_dagrun for example_task_group_decorator to 2026-03-24 00:00:00+00:00, run_after=2026-03-25 00:00:00+00:00
[2026-03-25T11:47:41.934+0000] {processor.py:183} INFO - Processing /home/airflow/.local/lib/python3.12/site-packages/airflow/example_dags/example_task_group_decorator.py took 0.160 seconds
[2026-03-25T11:48:12.203+0000] {processor.py:161} INFO - Started process (PID=1553) to work on /home/airflow/.local/lib/python3.12/site-packages/airflow/example_dags/example_task_group_decorator.py
[2026-03-25T11:48:12.204+0000] {processor.py:830} INFO - Processing file /home/airflow/.local/lib/python3.12/site-packages/airflow/example_dags/example_task_group_decorator.py for tasks to queue
[2026-03-25T11:48:12.206+0000] {logging_mixin.py:188} INFO - [2026-03-25T11:48:12.206+0000] {dagbag.py:540} INFO - Filling up the DagBag from /home/airflow/.local/lib/python3.12/site-packages/airflow/example_dags/example_task_group_decorator.py
[2026-03-25T11:48:12.223+0000] {processor.py:840} INFO - DAG(s) 'example_task_group_decorator' retrieved from /home/airflow/.local/lib/python3.12/site-packages/airflow/example_dags/example_task_group_decorator.py
[2026-03-25T11:48:12.251+0000] {logging_mixin.py:188} INFO - [2026-03-25T11:48:12.251+0000] {dag.py:3096} INFO - Sync 1 DAGs
[2026-03-25T11:48:12.279+0000] {logging_mixin.py:188} INFO - [2026-03-25T11:48:12.279+0000] {dag.py:3954} INFO - Setting next_dagrun for example_task_group_decorator to 2026-03-24 00:00:00+00:00, run_after=2026-03-25 00:00:00+00:00
[2026-03-25T11:48:12.325+0000] {processor.py:183} INFO - Processing /home/airflow/.local/lib/python3.12/site-packages/airflow/example_dags/example_task_group_decorator.py took 0.128 seconds
[2026-03-25T11:48:44.176+0000] {processor.py:161} INFO - Started process (PID=1611) to work on /home/airflow/.local/lib/python3.12/site-packages/airflow/example_dags/example_task_group_decorator.py
[2026-03-25T11:48:44.178+0000] {processor.py:830} INFO - Processing file /home/airflow/.local/lib/python3.12/site-packages/airflow/example_dags/example_task_group_decorator.py for tasks to queue
[2026-03-25T11:48:44.181+0000] {logging_mixin.py:188} INFO - [2026-03-25T11:48:44.181+0000] {dagbag.py:540} INFO - Filling up the DagBag from /home/airflow/.local/lib/python3.12/site-packages/airflow/example_dags/example_task_group_decorator.py
[2026-03-25T11:48:44.199+0000] {processor.py:840} INFO - DAG(s) 'example_task_group_decorator' retrieved from /home/airflow/.local/lib/python3.12/site-packages/airflow/example_dags/example_task_group_decorator.py
[2026-03-25T11:48:44.230+0000] {logging_mixin.py:188} INFO - [2026-03-25T11:48:44.230+0000] {dag.py:3096} INFO - Sync 1 DAGs
[2026-03-25T11:48:44.256+0000] {logging_mixin.py:188} INFO - [2026-03-25T11:48:44.256+0000] {dag.py:3954} INFO - Setting next_dagrun for example_task_group_decorator to 2026-03-24 00:00:00+00:00, run_after=2026-03-25 00:00:00+00:00
[2026-03-25T11:48:44.315+0000] {processor.py:183} INFO - Processing /home/airflow/.local/lib/python3.12/site-packages/airflow/example_dags/example_task_group_decorator.py took 0.146 seconds
[2026-03-25T11:49:17.257+0000] {processor.py:161} INFO - Started process (PID=1670) to work on /home/airflow/.local/lib/python3.12/site-packages/airflow/example_dags/example_task_group_decorator.py
[2026-03-25T11:49:17.258+0000] {processor.py:830} INFO - Processing file /home/airflow/.local/lib/python3.12/site-packages/airflow/example_dags/example_task_group_decorator.py for tasks to queue
[2026-03-25T11:49:17.260+0000] {logging_mixin.py:188} INFO - [2026-03-25T11:49:17.260+0000] {dagbag.py:540} INFO - Filling up the DagBag from /home/airflow/.local/lib/python3.12/site-packages/airflow/example_dags/example_task_group_decorator.py
[2026-03-25T11:49:17.277+0000] {processor.py:840} INFO - DAG(s) 'example_task_group_decorator' retrieved from /home/airflow/.local/lib/python3.12/site-packages/airflow/example_dags/example_task_group_decorator.py
[2026-03-25T11:49:17.303+0000] {logging_mixin.py:188} INFO - [2026-03-25T11:49:17.303+0000] {dag.py:3096} INFO - Sync 1 DAGs
[2026-03-25T11:49:17.327+0000] {logging_mixin.py:188} INFO - [2026-03-25T11:49:17.327+0000] {dag.py:3954} INFO - Setting next_dagrun for example_task_group_decorator to 2026-03-24 00:00:00+00:00, run_after=2026-03-25 00:00:00+00:00
[2026-03-25T11:49:17.368+0000] {processor.py:183} INFO - Processing /home/airflow/.local/lib/python3.12/site-packages/airflow/example_dags/example_task_group_decorator.py took 0.118 seconds
[2026-03-25T11:49:50.601+0000] {processor.py:161} INFO - Started process (PID=1729) to work on /home/airflow/.local/lib/python3.12/site-packages/airflow/example_dags/example_task_group_decorator.py
[2026-03-25T11:49:50.605+0000] {processor.py:830} INFO - Processing file /home/airflow/.local/lib/python3.12/site-packages/airflow/example_dags/example_task_group_decorator.py for tasks to queue
[2026-03-25T11:49:50.614+0000] {logging_mixin.py:188} INFO - [2026-03-25T11:49:50.612+0000] {dagbag.py:540} INFO - Filling up the DagBag from /home/airflow/.local/lib/python3.12/site-packages/airflow/example_dags/example_task_group_decorator.py
[2026-03-25T11:49:50.694+0000] {processor.py:840} INFO - DAG(s) 'example_task_group_decorator' retrieved from /home/airflow/.local/lib/python3.12/site-packages/airflow/example_dags/example_task_group_decorator.py
[2026-03-25T11:49:50.824+0000] {logging_mixin.py:188} INFO - [2026-03-25T11:49:50.823+0000] {dag.py:3096} INFO - Sync 1 DAGs
[2026-03-25T11:49:50.969+0000] {logging_mixin.py:188} INFO - [2026-03-25T11:49:50.968+0000] {dag.py:3954} INFO - Setting next_dagrun for example_task_group_decorator to 2026-03-24 00:00:00+00:00, run_after=2026-03-25 00:00:00+00:00
[2026-03-25T11:49:51.115+0000] {processor.py:183} INFO - Processing /home/airflow/.local/lib/python3.12/site-packages/airflow/example_dags/example_task_group_decorator.py took 0.541 seconds
[2026-03-25T11:50:22.595+0000] {processor.py:161} INFO - Started process (PID=1788) to work on /home/airflow/.local/lib/python3.12/site-packages/airflow/example_dags/example_task_group_decorator.py
[2026-03-25T11:50:22.596+0000] {processor.py:830} INFO - Processing file /home/airflow/.local/lib/python3.12/site-packages/airflow/example_dags/example_task_group_decorator.py for tasks to queue
[2026-03-25T11:50:22.598+0000] {logging_mixin.py:188} INFO - [2026-03-25T11:50:22.598+0000] {dagbag.py:540} INFO - Filling up the DagBag from /home/airflow/.local/lib/python3.12/site-packages/airflow/example_dags/example_task_group_decorator.py
[2026-03-25T11:50:22.613+0000] {processor.py:840} INFO - DAG(s) 'example_task_group_decorator' retrieved from /home/airflow/.local/lib/python3.12/site-packages/airflow/example_dags/example_task_group_decorator.py
[2026-03-25T11:50:22.638+0000] {logging_mixin.py:188} INFO - [2026-03-25T11:50:22.638+0000] {dag.py:3096} INFO - Sync 1 DAGs
[2026-03-25T11:50:22.659+0000] {logging_mixin.py:188} INFO - [2026-03-25T11:50:22.659+0000] {dag.py:3954} INFO - Setting next_dagrun for example_task_group_decorator to 2026-03-24 00:00:00+00:00, run_after=2026-03-25 00:00:00+00:00
[2026-03-25T11:50:22.697+0000] {processor.py:183} INFO - Processing /home/airflow/.local/lib/python3.12/site-packages/airflow/example_dags/example_task_group_decorator.py took 0.108 seconds
