[2026-03-25T11:15:34.747+0000] {processor.py:161} INFO - Started process (PID=100) to work on /home/airflow/.local/lib/python3.12/site-packages/airflow/example_dags/example_complex.py
[2026-03-25T11:15:34.748+0000] {processor.py:830} INFO - Processing file /home/airflow/.local/lib/python3.12/site-packages/airflow/example_dags/example_complex.py for tasks to queue
[2026-03-25T11:15:34.751+0000] {logging_mixin.py:188} INFO - [2026-03-25T11:15:34.750+0000] {dagbag.py:540} INFO - Filling up the DagBag from /home/airflow/.local/lib/python3.12/site-packages/airflow/example_dags/example_complex.py
[2026-03-25T11:15:34.764+0000] {processor.py:840} INFO - DAG(s) 'example_complex' retrieved from /home/airflow/.local/lib/python3.12/site-packages/airflow/example_dags/example_complex.py
[2026-03-25T11:15:34.888+0000] {logging_mixin.py:188} INFO - [2026-03-25T11:15:34.887+0000] {dag.py:3096} INFO - Sync 1 DAGs
[2026-03-25T11:15:34.900+0000] {logging_mixin.py:188} INFO - [2026-03-25T11:15:34.900+0000] {dag.py:3954} INFO - Setting next_dagrun for example_complex to None, run_after=None
[2026-03-25T11:15:34.952+0000] {processor.py:183} INFO - Processing /home/airflow/.local/lib/python3.12/site-packages/airflow/example_dags/example_complex.py took 0.210 seconds
[2026-03-25T11:16:05.091+0000] {processor.py:161} INFO - Started process (PID=159) to work on /home/airflow/.local/lib/python3.12/site-packages/airflow/example_dags/example_complex.py
[2026-03-25T11:16:05.092+0000] {processor.py:830} INFO - Processing file /home/airflow/.local/lib/python3.12/site-packages/airflow/example_dags/example_complex.py for tasks to queue
[2026-03-25T11:16:05.094+0000] {logging_mixin.py:188} INFO - [2026-03-25T11:16:05.094+0000] {dagbag.py:540} INFO - Filling up the DagBag from /home/airflow/.local/lib/python3.12/site-packages/airflow/example_dags/example_complex.py
[2026-03-25T11:16:05.107+0000] {processor.py:840} INFO - DAG(s) 'example_complex' retrieved from /home/airflow/.local/lib/python3.12/site-packages/airflow/example_dags/example_complex.py
[2026-03-25T11:16:05.152+0000] {logging_mixin.py:188} INFO - [2026-03-25T11:16:05.151+0000] {dag.py:3096} INFO - Sync 1 DAGs
[2026-03-25T11:16:05.180+0000] {logging_mixin.py:188} INFO - [2026-03-25T11:16:05.180+0000] {dag.py:3954} INFO - Setting next_dagrun for example_complex to None, run_after=None
[2026-03-25T11:16:05.235+0000] {processor.py:183} INFO - Processing /home/airflow/.local/lib/python3.12/site-packages/airflow/example_dags/example_complex.py took 0.149 seconds
[2026-03-25T11:16:37.656+0000] {processor.py:161} INFO - Started process (PID=218) to work on /home/airflow/.local/lib/python3.12/site-packages/airflow/example_dags/example_complex.py
[2026-03-25T11:16:37.657+0000] {processor.py:830} INFO - Processing file /home/airflow/.local/lib/python3.12/site-packages/airflow/example_dags/example_complex.py for tasks to queue
[2026-03-25T11:16:37.659+0000] {logging_mixin.py:188} INFO - [2026-03-25T11:16:37.659+0000] {dagbag.py:540} INFO - Filling up the DagBag from /home/airflow/.local/lib/python3.12/site-packages/airflow/example_dags/example_complex.py
[2026-03-25T11:16:37.672+0000] {processor.py:840} INFO - DAG(s) 'example_complex' retrieved from /home/airflow/.local/lib/python3.12/site-packages/airflow/example_dags/example_complex.py
[2026-03-25T11:16:37.716+0000] {logging_mixin.py:188} INFO - [2026-03-25T11:16:37.716+0000] {dag.py:3096} INFO - Sync 1 DAGs
[2026-03-25T11:16:37.848+0000] {logging_mixin.py:188} INFO - [2026-03-25T11:16:37.848+0000] {dag.py:3954} INFO - Setting next_dagrun for example_complex to None, run_after=None
[2026-03-25T11:16:37.885+0000] {processor.py:183} INFO - Processing /home/airflow/.local/lib/python3.12/site-packages/airflow/example_dags/example_complex.py took 0.235 seconds
[2026-03-25T11:17:11.906+0000] {processor.py:161} INFO - Started process (PID=277) to work on /home/airflow/.local/lib/python3.12/site-packages/airflow/example_dags/example_complex.py
[2026-03-25T11:17:11.911+0000] {processor.py:830} INFO - Processing file /home/airflow/.local/lib/python3.12/site-packages/airflow/example_dags/example_complex.py for tasks to queue
[2026-03-25T11:17:11.920+0000] {logging_mixin.py:188} INFO - [2026-03-25T11:17:11.918+0000] {dagbag.py:540} INFO - Filling up the DagBag from /home/airflow/.local/lib/python3.12/site-packages/airflow/example_dags/example_complex.py
[2026-03-25T11:17:11.979+0000] {processor.py:840} INFO - DAG(s) 'example_complex' retrieved from /home/airflow/.local/lib/python3.12/site-packages/airflow/example_dags/example_complex.py
[2026-03-25T11:17:12.162+0000] {logging_mixin.py:188} INFO - [2026-03-25T11:17:12.160+0000] {dag.py:3096} INFO - Sync 1 DAGs
[2026-03-25T11:17:12.252+0000] {logging_mixin.py:188} INFO - [2026-03-25T11:17:12.252+0000] {dag.py:3954} INFO - Setting next_dagrun for example_complex to None, run_after=None
[2026-03-25T11:17:12.388+0000] {processor.py:183} INFO - Processing /home/airflow/.local/lib/python3.12/site-packages/airflow/example_dags/example_complex.py took 0.509 seconds
[2026-03-25T11:17:42.762+0000] {processor.py:161} INFO - Started process (PID=336) to work on /home/airflow/.local/lib/python3.12/site-packages/airflow/example_dags/example_complex.py
[2026-03-25T11:17:42.763+0000] {processor.py:830} INFO - Processing file /home/airflow/.local/lib/python3.12/site-packages/airflow/example_dags/example_complex.py for tasks to queue
[2026-03-25T11:17:42.765+0000] {logging_mixin.py:188} INFO - [2026-03-25T11:17:42.764+0000] {dagbag.py:540} INFO - Filling up the DagBag from /home/airflow/.local/lib/python3.12/site-packages/airflow/example_dags/example_complex.py
[2026-03-25T11:17:42.775+0000] {processor.py:840} INFO - DAG(s) 'example_complex' retrieved from /home/airflow/.local/lib/python3.12/site-packages/airflow/example_dags/example_complex.py
[2026-03-25T11:17:42.809+0000] {logging_mixin.py:188} INFO - [2026-03-25T11:17:42.808+0000] {dag.py:3096} INFO - Sync 1 DAGs
[2026-03-25T11:17:42.821+0000] {logging_mixin.py:188} INFO - [2026-03-25T11:17:42.821+0000] {dag.py:3954} INFO - Setting next_dagrun for example_complex to None, run_after=None
[2026-03-25T11:17:42.862+0000] {processor.py:183} INFO - Processing /home/airflow/.local/lib/python3.12/site-packages/airflow/example_dags/example_complex.py took 0.105 seconds
[2026-03-25T11:18:13.351+0000] {processor.py:161} INFO - Started process (PID=395) to work on /home/airflow/.local/lib/python3.12/site-packages/airflow/example_dags/example_complex.py
[2026-03-25T11:18:13.352+0000] {processor.py:830} INFO - Processing file /home/airflow/.local/lib/python3.12/site-packages/airflow/example_dags/example_complex.py for tasks to queue
[2026-03-25T11:18:13.354+0000] {logging_mixin.py:188} INFO - [2026-03-25T11:18:13.354+0000] {dagbag.py:540} INFO - Filling up the DagBag from /home/airflow/.local/lib/python3.12/site-packages/airflow/example_dags/example_complex.py
[2026-03-25T11:18:13.365+0000] {processor.py:840} INFO - DAG(s) 'example_complex' retrieved from /home/airflow/.local/lib/python3.12/site-packages/airflow/example_dags/example_complex.py
[2026-03-25T11:18:13.399+0000] {logging_mixin.py:188} INFO - [2026-03-25T11:18:13.399+0000] {dag.py:3096} INFO - Sync 1 DAGs
[2026-03-25T11:18:13.412+0000] {logging_mixin.py:188} INFO - [2026-03-25T11:18:13.411+0000] {dag.py:3954} INFO - Setting next_dagrun for example_complex to None, run_after=None
[2026-03-25T11:18:13.458+0000] {processor.py:183} INFO - Processing /home/airflow/.local/lib/python3.12/site-packages/airflow/example_dags/example_complex.py took 0.114 seconds
[2026-03-25T11:18:45.914+0000] {processor.py:161} INFO - Started process (PID=454) to work on /home/airflow/.local/lib/python3.12/site-packages/airflow/example_dags/example_complex.py
[2026-03-25T11:18:45.915+0000] {processor.py:830} INFO - Processing file /home/airflow/.local/lib/python3.12/site-packages/airflow/example_dags/example_complex.py for tasks to queue
[2026-03-25T11:18:45.917+0000] {logging_mixin.py:188} INFO - [2026-03-25T11:18:45.917+0000] {dagbag.py:540} INFO - Filling up the DagBag from /home/airflow/.local/lib/python3.12/site-packages/airflow/example_dags/example_complex.py
[2026-03-25T11:18:45.927+0000] {processor.py:840} INFO - DAG(s) 'example_complex' retrieved from /home/airflow/.local/lib/python3.12/site-packages/airflow/example_dags/example_complex.py
[2026-03-25T11:18:45.961+0000] {logging_mixin.py:188} INFO - [2026-03-25T11:18:45.961+0000] {dag.py:3096} INFO - Sync 1 DAGs
[2026-03-25T11:18:45.973+0000] {logging_mixin.py:188} INFO - [2026-03-25T11:18:45.973+0000] {dag.py:3954} INFO - Setting next_dagrun for example_complex to None, run_after=None
[2026-03-25T11:18:46.023+0000] {processor.py:183} INFO - Processing /home/airflow/.local/lib/python3.12/site-packages/airflow/example_dags/example_complex.py took 0.114 seconds
[2026-03-25T11:19:21.260+0000] {processor.py:161} INFO - Started process (PID=513) to work on /home/airflow/.local/lib/python3.12/site-packages/airflow/example_dags/example_complex.py
[2026-03-25T11:19:21.265+0000] {processor.py:830} INFO - Processing file /home/airflow/.local/lib/python3.12/site-packages/airflow/example_dags/example_complex.py for tasks to queue
[2026-03-25T11:19:21.275+0000] {logging_mixin.py:188} INFO - [2026-03-25T11:19:21.273+0000] {dagbag.py:540} INFO - Filling up the DagBag from /home/airflow/.local/lib/python3.12/site-packages/airflow/example_dags/example_complex.py
[2026-03-25T11:19:21.342+0000] {processor.py:840} INFO - DAG(s) 'example_complex' retrieved from /home/airflow/.local/lib/python3.12/site-packages/airflow/example_dags/example_complex.py
[2026-03-25T11:19:21.544+0000] {logging_mixin.py:188} INFO - [2026-03-25T11:19:21.543+0000] {dag.py:3096} INFO - Sync 1 DAGs
[2026-03-25T11:19:21.626+0000] {logging_mixin.py:188} INFO - [2026-03-25T11:19:21.625+0000] {dag.py:3954} INFO - Setting next_dagrun for example_complex to None, run_after=None
[2026-03-25T11:19:21.763+0000] {processor.py:183} INFO - Processing /home/airflow/.local/lib/python3.12/site-packages/airflow/example_dags/example_complex.py took 0.542 seconds
[2026-03-25T11:19:52.365+0000] {processor.py:161} INFO - Started process (PID=572) to work on /home/airflow/.local/lib/python3.12/site-packages/airflow/example_dags/example_complex.py
[2026-03-25T11:19:52.367+0000] {processor.py:830} INFO - Processing file /home/airflow/.local/lib/python3.12/site-packages/airflow/example_dags/example_complex.py for tasks to queue
[2026-03-25T11:19:52.369+0000] {logging_mixin.py:188} INFO - [2026-03-25T11:19:52.369+0000] {dagbag.py:540} INFO - Filling up the DagBag from /home/airflow/.local/lib/python3.12/site-packages/airflow/example_dags/example_complex.py
[2026-03-25T11:19:52.382+0000] {processor.py:840} INFO - DAG(s) 'example_complex' retrieved from /home/airflow/.local/lib/python3.12/site-packages/airflow/example_dags/example_complex.py
[2026-03-25T11:19:52.428+0000] {logging_mixin.py:188} INFO - [2026-03-25T11:19:52.428+0000] {dag.py:3096} INFO - Sync 1 DAGs
[2026-03-25T11:19:52.444+0000] {logging_mixin.py:188} INFO - [2026-03-25T11:19:52.444+0000] {dag.py:3954} INFO - Setting next_dagrun for example_complex to None, run_after=None
[2026-03-25T11:19:52.498+0000] {processor.py:183} INFO - Processing /home/airflow/.local/lib/python3.12/site-packages/airflow/example_dags/example_complex.py took 0.140 seconds
[2026-03-25T11:20:24.406+0000] {processor.py:161} INFO - Started process (PID=631) to work on /home/airflow/.local/lib/python3.12/site-packages/airflow/example_dags/example_complex.py
[2026-03-25T11:20:24.407+0000] {processor.py:830} INFO - Processing file /home/airflow/.local/lib/python3.12/site-packages/airflow/example_dags/example_complex.py for tasks to queue
[2026-03-25T11:20:24.409+0000] {logging_mixin.py:188} INFO - [2026-03-25T11:20:24.409+0000] {dagbag.py:540} INFO - Filling up the DagBag from /home/airflow/.local/lib/python3.12/site-packages/airflow/example_dags/example_complex.py
[2026-03-25T11:20:24.420+0000] {processor.py:840} INFO - DAG(s) 'example_complex' retrieved from /home/airflow/.local/lib/python3.12/site-packages/airflow/example_dags/example_complex.py
[2026-03-25T11:20:24.453+0000] {logging_mixin.py:188} INFO - [2026-03-25T11:20:24.453+0000] {dag.py:3096} INFO - Sync 1 DAGs
[2026-03-25T11:20:24.465+0000] {logging_mixin.py:188} INFO - [2026-03-25T11:20:24.465+0000] {dag.py:3954} INFO - Setting next_dagrun for example_complex to None, run_after=None
[2026-03-25T11:20:24.500+0000] {processor.py:183} INFO - Processing /home/airflow/.local/lib/python3.12/site-packages/airflow/example_dags/example_complex.py took 0.099 seconds
[2026-03-25T11:20:56.944+0000] {processor.py:161} INFO - Started process (PID=690) to work on /home/airflow/.local/lib/python3.12/site-packages/airflow/example_dags/example_complex.py
[2026-03-25T11:20:56.945+0000] {processor.py:830} INFO - Processing file /home/airflow/.local/lib/python3.12/site-packages/airflow/example_dags/example_complex.py for tasks to queue
[2026-03-25T11:20:56.947+0000] {logging_mixin.py:188} INFO - [2026-03-25T11:20:56.947+0000] {dagbag.py:540} INFO - Filling up the DagBag from /home/airflow/.local/lib/python3.12/site-packages/airflow/example_dags/example_complex.py
[2026-03-25T11:20:56.958+0000] {processor.py:840} INFO - DAG(s) 'example_complex' retrieved from /home/airflow/.local/lib/python3.12/site-packages/airflow/example_dags/example_complex.py
[2026-03-25T11:20:56.995+0000] {logging_mixin.py:188} INFO - [2026-03-25T11:20:56.995+0000] {dag.py:3096} INFO - Sync 1 DAGs
[2026-03-25T11:20:57.009+0000] {logging_mixin.py:188} INFO - [2026-03-25T11:20:57.009+0000] {dag.py:3954} INFO - Setting next_dagrun for example_complex to None, run_after=None
[2026-03-25T11:20:57.061+0000] {processor.py:183} INFO - Processing /home/airflow/.local/lib/python3.12/site-packages/airflow/example_dags/example_complex.py took 0.122 seconds
[2026-03-25T11:21:29.776+0000] {processor.py:161} INFO - Started process (PID=749) to work on /home/airflow/.local/lib/python3.12/site-packages/airflow/example_dags/example_complex.py
[2026-03-25T11:21:29.777+0000] {processor.py:830} INFO - Processing file /home/airflow/.local/lib/python3.12/site-packages/airflow/example_dags/example_complex.py for tasks to queue
[2026-03-25T11:21:29.779+0000] {logging_mixin.py:188} INFO - [2026-03-25T11:21:29.779+0000] {dagbag.py:540} INFO - Filling up the DagBag from /home/airflow/.local/lib/python3.12/site-packages/airflow/example_dags/example_complex.py
[2026-03-25T11:21:29.790+0000] {processor.py:840} INFO - DAG(s) 'example_complex' retrieved from /home/airflow/.local/lib/python3.12/site-packages/airflow/example_dags/example_complex.py
[2026-03-25T11:21:29.823+0000] {logging_mixin.py:188} INFO - [2026-03-25T11:21:29.823+0000] {dag.py:3096} INFO - Sync 1 DAGs
[2026-03-25T11:21:29.836+0000] {logging_mixin.py:188} INFO - [2026-03-25T11:21:29.836+0000] {dag.py:3954} INFO - Setting next_dagrun for example_complex to None, run_after=None
[2026-03-25T11:21:29.878+0000] {processor.py:183} INFO - Processing /home/airflow/.local/lib/python3.12/site-packages/airflow/example_dags/example_complex.py took 0.107 seconds
[2026-03-25T11:22:03.141+0000] {processor.py:161} INFO - Started process (PID=808) to work on /home/airflow/.local/lib/python3.12/site-packages/airflow/example_dags/example_complex.py
[2026-03-25T11:22:03.143+0000] {processor.py:830} INFO - Processing file /home/airflow/.local/lib/python3.12/site-packages/airflow/example_dags/example_complex.py for tasks to queue
[2026-03-25T11:22:03.146+0000] {logging_mixin.py:188} INFO - [2026-03-25T11:22:03.145+0000] {dagbag.py:540} INFO - Filling up the DagBag from /home/airflow/.local/lib/python3.12/site-packages/airflow/example_dags/example_complex.py
[2026-03-25T11:22:03.161+0000] {processor.py:840} INFO - DAG(s) 'example_complex' retrieved from /home/airflow/.local/lib/python3.12/site-packages/airflow/example_dags/example_complex.py
[2026-03-25T11:22:03.211+0000] {logging_mixin.py:188} INFO - [2026-03-25T11:22:03.210+0000] {dag.py:3096} INFO - Sync 1 DAGs
[2026-03-25T11:22:03.229+0000] {logging_mixin.py:188} INFO - [2026-03-25T11:22:03.228+0000] {dag.py:3954} INFO - Setting next_dagrun for example_complex to None, run_after=None
[2026-03-25T11:22:03.282+0000] {processor.py:183} INFO - Processing /home/airflow/.local/lib/python3.12/site-packages/airflow/example_dags/example_complex.py took 0.149 seconds
[2026-03-25T11:22:35.185+0000] {processor.py:161} INFO - Started process (PID=867) to work on /home/airflow/.local/lib/python3.12/site-packages/airflow/example_dags/example_complex.py
[2026-03-25T11:22:35.186+0000] {processor.py:830} INFO - Processing file /home/airflow/.local/lib/python3.12/site-packages/airflow/example_dags/example_complex.py for tasks to queue
[2026-03-25T11:22:35.188+0000] {logging_mixin.py:188} INFO - [2026-03-25T11:22:35.188+0000] {dagbag.py:540} INFO - Filling up the DagBag from /home/airflow/.local/lib/python3.12/site-packages/airflow/example_dags/example_complex.py
[2026-03-25T11:22:35.198+0000] {processor.py:840} INFO - DAG(s) 'example_complex' retrieved from /home/airflow/.local/lib/python3.12/site-packages/airflow/example_dags/example_complex.py
[2026-03-25T11:22:35.231+0000] {logging_mixin.py:188} INFO - [2026-03-25T11:22:35.231+0000] {dag.py:3096} INFO - Sync 1 DAGs
[2026-03-25T11:22:35.243+0000] {logging_mixin.py:188} INFO - [2026-03-25T11:22:35.243+0000] {dag.py:3954} INFO - Setting next_dagrun for example_complex to None, run_after=None
[2026-03-25T11:22:35.291+0000] {processor.py:183} INFO - Processing /home/airflow/.local/lib/python3.12/site-packages/airflow/example_dags/example_complex.py took 0.112 seconds
[2026-03-25T11:23:08.631+0000] {processor.py:161} INFO - Started process (PID=926) to work on /home/airflow/.local/lib/python3.12/site-packages/airflow/example_dags/example_complex.py
[2026-03-25T11:23:08.634+0000] {processor.py:830} INFO - Processing file /home/airflow/.local/lib/python3.12/site-packages/airflow/example_dags/example_complex.py for tasks to queue
[2026-03-25T11:23:08.637+0000] {logging_mixin.py:188} INFO - [2026-03-25T11:23:08.636+0000] {dagbag.py:540} INFO - Filling up the DagBag from /home/airflow/.local/lib/python3.12/site-packages/airflow/example_dags/example_complex.py
[2026-03-25T11:23:08.670+0000] {processor.py:840} INFO - DAG(s) 'example_complex' retrieved from /home/airflow/.local/lib/python3.12/site-packages/airflow/example_dags/example_complex.py
[2026-03-25T11:23:08.801+0000] {logging_mixin.py:188} INFO - [2026-03-25T11:23:08.801+0000] {dag.py:3096} INFO - Sync 1 DAGs
[2026-03-25T11:23:08.847+0000] {logging_mixin.py:188} INFO - [2026-03-25T11:23:08.847+0000] {dag.py:3954} INFO - Setting next_dagrun for example_complex to None, run_after=None
[2026-03-25T11:23:08.950+0000] {processor.py:183} INFO - Processing /home/airflow/.local/lib/python3.12/site-packages/airflow/example_dags/example_complex.py took 0.329 seconds
[2026-03-25T11:23:40.980+0000] {processor.py:161} INFO - Started process (PID=985) to work on /home/airflow/.local/lib/python3.12/site-packages/airflow/example_dags/example_complex.py
[2026-03-25T11:23:40.981+0000] {processor.py:830} INFO - Processing file /home/airflow/.local/lib/python3.12/site-packages/airflow/example_dags/example_complex.py for tasks to queue
[2026-03-25T11:23:40.983+0000] {logging_mixin.py:188} INFO - [2026-03-25T11:23:40.983+0000] {dagbag.py:540} INFO - Filling up the DagBag from /home/airflow/.local/lib/python3.12/site-packages/airflow/example_dags/example_complex.py
[2026-03-25T11:23:40.995+0000] {processor.py:840} INFO - DAG(s) 'example_complex' retrieved from /home/airflow/.local/lib/python3.12/site-packages/airflow/example_dags/example_complex.py
[2026-03-25T11:23:41.045+0000] {logging_mixin.py:188} INFO - [2026-03-25T11:23:41.045+0000] {dag.py:3096} INFO - Sync 1 DAGs
[2026-03-25T11:23:41.061+0000] {logging_mixin.py:188} INFO - [2026-03-25T11:23:41.061+0000] {dag.py:3954} INFO - Setting next_dagrun for example_complex to None, run_after=None
[2026-03-25T11:23:41.109+0000] {processor.py:183} INFO - Processing /home/airflow/.local/lib/python3.12/site-packages/airflow/example_dags/example_complex.py took 0.136 seconds
[2026-03-25T11:24:13.036+0000] {processor.py:161} INFO - Started process (PID=1044) to work on /home/airflow/.local/lib/python3.12/site-packages/airflow/example_dags/example_complex.py
[2026-03-25T11:24:13.037+0000] {processor.py:830} INFO - Processing file /home/airflow/.local/lib/python3.12/site-packages/airflow/example_dags/example_complex.py for tasks to queue
[2026-03-25T11:24:13.039+0000] {logging_mixin.py:188} INFO - [2026-03-25T11:24:13.039+0000] {dagbag.py:540} INFO - Filling up the DagBag from /home/airflow/.local/lib/python3.12/site-packages/airflow/example_dags/example_complex.py
[2026-03-25T11:24:13.051+0000] {processor.py:840} INFO - DAG(s) 'example_complex' retrieved from /home/airflow/.local/lib/python3.12/site-packages/airflow/example_dags/example_complex.py
[2026-03-25T11:24:13.100+0000] {logging_mixin.py:188} INFO - [2026-03-25T11:24:13.100+0000] {dag.py:3096} INFO - Sync 1 DAGs
[2026-03-25T11:24:13.119+0000] {logging_mixin.py:188} INFO - [2026-03-25T11:24:13.119+0000] {dag.py:3954} INFO - Setting next_dagrun for example_complex to None, run_after=None
[2026-03-25T11:24:13.193+0000] {processor.py:183} INFO - Processing /home/airflow/.local/lib/python3.12/site-packages/airflow/example_dags/example_complex.py took 0.162 seconds
[2026-03-25T11:24:47.789+0000] {processor.py:161} INFO - Started process (PID=1104) to work on /home/airflow/.local/lib/python3.12/site-packages/airflow/example_dags/example_complex.py
[2026-03-25T11:24:47.790+0000] {processor.py:830} INFO - Processing file /home/airflow/.local/lib/python3.12/site-packages/airflow/example_dags/example_complex.py for tasks to queue
[2026-03-25T11:24:47.796+0000] {logging_mixin.py:188} INFO - [2026-03-25T11:24:47.795+0000] {dagbag.py:540} INFO - Filling up the DagBag from /home/airflow/.local/lib/python3.12/site-packages/airflow/example_dags/example_complex.py
[2026-03-25T11:24:47.824+0000] {processor.py:840} INFO - DAG(s) 'example_complex' retrieved from /home/airflow/.local/lib/python3.12/site-packages/airflow/example_dags/example_complex.py
[2026-03-25T11:24:47.917+0000] {logging_mixin.py:188} INFO - [2026-03-25T11:24:47.916+0000] {dag.py:3096} INFO - Sync 1 DAGs
[2026-03-25T11:24:47.943+0000] {logging_mixin.py:188} INFO - [2026-03-25T11:24:47.942+0000] {dag.py:3954} INFO - Setting next_dagrun for example_complex to None, run_after=None
[2026-03-25T11:24:47.999+0000] {processor.py:183} INFO - Processing /home/airflow/.local/lib/python3.12/site-packages/airflow/example_dags/example_complex.py took 0.225 seconds
[2026-03-25T11:25:18.781+0000] {processor.py:161} INFO - Started process (PID=1163) to work on /home/airflow/.local/lib/python3.12/site-packages/airflow/example_dags/example_complex.py
[2026-03-25T11:25:18.782+0000] {processor.py:830} INFO - Processing file /home/airflow/.local/lib/python3.12/site-packages/airflow/example_dags/example_complex.py for tasks to queue
[2026-03-25T11:25:18.784+0000] {logging_mixin.py:188} INFO - [2026-03-25T11:25:18.784+0000] {dagbag.py:540} INFO - Filling up the DagBag from /home/airflow/.local/lib/python3.12/site-packages/airflow/example_dags/example_complex.py
[2026-03-25T11:25:18.795+0000] {processor.py:840} INFO - DAG(s) 'example_complex' retrieved from /home/airflow/.local/lib/python3.12/site-packages/airflow/example_dags/example_complex.py
[2026-03-25T11:25:18.827+0000] {logging_mixin.py:188} INFO - [2026-03-25T11:25:18.827+0000] {dag.py:3096} INFO - Sync 1 DAGs
[2026-03-25T11:25:18.840+0000] {logging_mixin.py:188} INFO - [2026-03-25T11:25:18.840+0000] {dag.py:3954} INFO - Setting next_dagrun for example_complex to None, run_after=None
[2026-03-25T11:25:18.883+0000] {processor.py:183} INFO - Processing /home/airflow/.local/lib/python3.12/site-packages/airflow/example_dags/example_complex.py took 0.107 seconds
[2026-03-25T11:25:51.761+0000] {processor.py:161} INFO - Started process (PID=1222) to work on /home/airflow/.local/lib/python3.12/site-packages/airflow/example_dags/example_complex.py
[2026-03-25T11:25:51.762+0000] {processor.py:830} INFO - Processing file /home/airflow/.local/lib/python3.12/site-packages/airflow/example_dags/example_complex.py for tasks to queue
[2026-03-25T11:25:51.764+0000] {logging_mixin.py:188} INFO - [2026-03-25T11:25:51.763+0000] {dagbag.py:540} INFO - Filling up the DagBag from /home/airflow/.local/lib/python3.12/site-packages/airflow/example_dags/example_complex.py
[2026-03-25T11:25:51.774+0000] {processor.py:840} INFO - DAG(s) 'example_complex' retrieved from /home/airflow/.local/lib/python3.12/site-packages/airflow/example_dags/example_complex.py
[2026-03-25T11:25:51.810+0000] {logging_mixin.py:188} INFO - [2026-03-25T11:25:51.810+0000] {dag.py:3096} INFO - Sync 1 DAGs
[2026-03-25T11:25:51.825+0000] {logging_mixin.py:188} INFO - [2026-03-25T11:25:51.824+0000] {dag.py:3954} INFO - Setting next_dagrun for example_complex to None, run_after=None
[2026-03-25T11:25:51.862+0000] {processor.py:183} INFO - Processing /home/airflow/.local/lib/python3.12/site-packages/airflow/example_dags/example_complex.py took 0.107 seconds
[2026-03-25T11:26:24.564+0000] {processor.py:161} INFO - Started process (PID=1282) to work on /home/airflow/.local/lib/python3.12/site-packages/airflow/example_dags/example_complex.py
[2026-03-25T11:26:24.566+0000] {processor.py:830} INFO - Processing file /home/airflow/.local/lib/python3.12/site-packages/airflow/example_dags/example_complex.py for tasks to queue
[2026-03-25T11:26:24.569+0000] {logging_mixin.py:188} INFO - [2026-03-25T11:26:24.568+0000] {dagbag.py:540} INFO - Filling up the DagBag from /home/airflow/.local/lib/python3.12/site-packages/airflow/example_dags/example_complex.py
[2026-03-25T11:26:24.582+0000] {processor.py:840} INFO - DAG(s) 'example_complex' retrieved from /home/airflow/.local/lib/python3.12/site-packages/airflow/example_dags/example_complex.py
[2026-03-25T11:26:24.621+0000] {logging_mixin.py:188} INFO - [2026-03-25T11:26:24.621+0000] {dag.py:3096} INFO - Sync 1 DAGs
[2026-03-25T11:26:24.636+0000] {logging_mixin.py:188} INFO - [2026-03-25T11:26:24.636+0000] {dag.py:3954} INFO - Setting next_dagrun for example_complex to None, run_after=None
[2026-03-25T11:26:24.681+0000] {processor.py:183} INFO - Processing /home/airflow/.local/lib/python3.12/site-packages/airflow/example_dags/example_complex.py took 0.125 seconds
[2026-03-25T11:26:57.539+0000] {processor.py:161} INFO - Started process (PID=1341) to work on /home/airflow/.local/lib/python3.12/site-packages/airflow/example_dags/example_complex.py
[2026-03-25T11:26:57.540+0000] {processor.py:830} INFO - Processing file /home/airflow/.local/lib/python3.12/site-packages/airflow/example_dags/example_complex.py for tasks to queue
[2026-03-25T11:26:57.542+0000] {logging_mixin.py:188} INFO - [2026-03-25T11:26:57.542+0000] {dagbag.py:540} INFO - Filling up the DagBag from /home/airflow/.local/lib/python3.12/site-packages/airflow/example_dags/example_complex.py
[2026-03-25T11:26:57.556+0000] {processor.py:840} INFO - DAG(s) 'example_complex' retrieved from /home/airflow/.local/lib/python3.12/site-packages/airflow/example_dags/example_complex.py
[2026-03-25T11:26:57.595+0000] {logging_mixin.py:188} INFO - [2026-03-25T11:26:57.595+0000] {dag.py:3096} INFO - Sync 1 DAGs
[2026-03-25T11:26:57.609+0000] {logging_mixin.py:188} INFO - [2026-03-25T11:26:57.609+0000] {dag.py:3954} INFO - Setting next_dagrun for example_complex to None, run_after=None
[2026-03-25T11:26:57.646+0000] {processor.py:183} INFO - Processing /home/airflow/.local/lib/python3.12/site-packages/airflow/example_dags/example_complex.py took 0.115 seconds
[2026-03-25T11:27:33.038+0000] {processor.py:161} INFO - Started process (PID=1412) to work on /home/airflow/.local/lib/python3.12/site-packages/airflow/example_dags/example_complex.py
[2026-03-25T11:27:33.040+0000] {processor.py:830} INFO - Processing file /home/airflow/.local/lib/python3.12/site-packages/airflow/example_dags/example_complex.py for tasks to queue
[2026-03-25T11:27:33.044+0000] {logging_mixin.py:188} INFO - [2026-03-25T11:27:33.043+0000] {dagbag.py:540} INFO - Filling up the DagBag from /home/airflow/.local/lib/python3.12/site-packages/airflow/example_dags/example_complex.py
[2026-03-25T11:27:33.068+0000] {processor.py:840} INFO - DAG(s) 'example_complex' retrieved from /home/airflow/.local/lib/python3.12/site-packages/airflow/example_dags/example_complex.py
[2026-03-25T11:27:33.137+0000] {logging_mixin.py:188} INFO - [2026-03-25T11:27:33.137+0000] {dag.py:3096} INFO - Sync 1 DAGs
[2026-03-25T11:27:33.168+0000] {logging_mixin.py:188} INFO - [2026-03-25T11:27:33.168+0000] {dag.py:3954} INFO - Setting next_dagrun for example_complex to None, run_after=None
[2026-03-25T11:27:33.243+0000] {processor.py:183} INFO - Processing /home/airflow/.local/lib/python3.12/site-packages/airflow/example_dags/example_complex.py took 0.216 seconds
[2026-03-25T11:28:03.697+0000] {processor.py:161} INFO - Started process (PID=1471) to work on /home/airflow/.local/lib/python3.12/site-packages/airflow/example_dags/example_complex.py
[2026-03-25T11:28:03.698+0000] {processor.py:830} INFO - Processing file /home/airflow/.local/lib/python3.12/site-packages/airflow/example_dags/example_complex.py for tasks to queue
[2026-03-25T11:28:03.700+0000] {logging_mixin.py:188} INFO - [2026-03-25T11:28:03.699+0000] {dagbag.py:540} INFO - Filling up the DagBag from /home/airflow/.local/lib/python3.12/site-packages/airflow/example_dags/example_complex.py
[2026-03-25T11:28:03.712+0000] {processor.py:840} INFO - DAG(s) 'example_complex' retrieved from /home/airflow/.local/lib/python3.12/site-packages/airflow/example_dags/example_complex.py
[2026-03-25T11:28:03.750+0000] {logging_mixin.py:188} INFO - [2026-03-25T11:28:03.750+0000] {dag.py:3096} INFO - Sync 1 DAGs
[2026-03-25T11:28:03.764+0000] {logging_mixin.py:188} INFO - [2026-03-25T11:28:03.764+0000] {dag.py:3954} INFO - Setting next_dagrun for example_complex to None, run_after=None
[2026-03-25T11:28:03.819+0000] {processor.py:183} INFO - Processing /home/airflow/.local/lib/python3.12/site-packages/airflow/example_dags/example_complex.py took 0.128 seconds
[2026-03-25T11:28:38.454+0000] {processor.py:161} INFO - Started process (PID=1530) to work on /home/airflow/.local/lib/python3.12/site-packages/airflow/example_dags/example_complex.py
[2026-03-25T11:28:38.455+0000] {processor.py:830} INFO - Processing file /home/airflow/.local/lib/python3.12/site-packages/airflow/example_dags/example_complex.py for tasks to queue
[2026-03-25T11:28:38.457+0000] {logging_mixin.py:188} INFO - [2026-03-25T11:28:38.457+0000] {dagbag.py:540} INFO - Filling up the DagBag from /home/airflow/.local/lib/python3.12/site-packages/airflow/example_dags/example_complex.py
[2026-03-25T11:28:38.469+0000] {processor.py:840} INFO - DAG(s) 'example_complex' retrieved from /home/airflow/.local/lib/python3.12/site-packages/airflow/example_dags/example_complex.py
[2026-03-25T11:28:38.510+0000] {logging_mixin.py:188} INFO - [2026-03-25T11:28:38.509+0000] {dag.py:3096} INFO - Sync 1 DAGs
[2026-03-25T11:28:38.523+0000] {logging_mixin.py:188} INFO - [2026-03-25T11:28:38.523+0000] {dag.py:3954} INFO - Setting next_dagrun for example_complex to None, run_after=None
[2026-03-25T11:28:38.735+0000] {processor.py:183} INFO - Processing /home/airflow/.local/lib/python3.12/site-packages/airflow/example_dags/example_complex.py took 0.288 seconds
[2026-03-25T11:29:11.002+0000] {processor.py:161} INFO - Started process (PID=1589) to work on /home/airflow/.local/lib/python3.12/site-packages/airflow/example_dags/example_complex.py
[2026-03-25T11:29:11.003+0000] {processor.py:830} INFO - Processing file /home/airflow/.local/lib/python3.12/site-packages/airflow/example_dags/example_complex.py for tasks to queue
[2026-03-25T11:29:11.005+0000] {logging_mixin.py:188} INFO - [2026-03-25T11:29:11.005+0000] {dagbag.py:540} INFO - Filling up the DagBag from /home/airflow/.local/lib/python3.12/site-packages/airflow/example_dags/example_complex.py
[2026-03-25T11:29:11.019+0000] {processor.py:840} INFO - DAG(s) 'example_complex' retrieved from /home/airflow/.local/lib/python3.12/site-packages/airflow/example_dags/example_complex.py
[2026-03-25T11:29:11.064+0000] {logging_mixin.py:188} INFO - [2026-03-25T11:29:11.064+0000] {dag.py:3096} INFO - Sync 1 DAGs
[2026-03-25T11:29:11.087+0000] {logging_mixin.py:188} INFO - [2026-03-25T11:29:11.087+0000] {dag.py:3954} INFO - Setting next_dagrun for example_complex to None, run_after=None
[2026-03-25T11:29:11.131+0000] {processor.py:183} INFO - Processing /home/airflow/.local/lib/python3.12/site-packages/airflow/example_dags/example_complex.py took 0.135 seconds
[2026-03-25T11:29:41.701+0000] {processor.py:161} INFO - Started process (PID=1648) to work on /home/airflow/.local/lib/python3.12/site-packages/airflow/example_dags/example_complex.py
[2026-03-25T11:29:41.703+0000] {processor.py:830} INFO - Processing file /home/airflow/.local/lib/python3.12/site-packages/airflow/example_dags/example_complex.py for tasks to queue
[2026-03-25T11:29:41.707+0000] {logging_mixin.py:188} INFO - [2026-03-25T11:29:41.706+0000] {dagbag.py:540} INFO - Filling up the DagBag from /home/airflow/.local/lib/python3.12/site-packages/airflow/example_dags/example_complex.py
[2026-03-25T11:29:41.727+0000] {processor.py:840} INFO - DAG(s) 'example_complex' retrieved from /home/airflow/.local/lib/python3.12/site-packages/airflow/example_dags/example_complex.py
[2026-03-25T11:29:41.791+0000] {logging_mixin.py:188} INFO - [2026-03-25T11:29:41.791+0000] {dag.py:3096} INFO - Sync 1 DAGs
[2026-03-25T11:29:41.816+0000] {logging_mixin.py:188} INFO - [2026-03-25T11:29:41.815+0000] {dag.py:3954} INFO - Setting next_dagrun for example_complex to None, run_after=None
[2026-03-25T11:29:41.867+0000] {processor.py:183} INFO - Processing /home/airflow/.local/lib/python3.12/site-packages/airflow/example_dags/example_complex.py took 0.176 seconds
[2026-03-25T11:30:13.466+0000] {processor.py:161} INFO - Started process (PID=1707) to work on /home/airflow/.local/lib/python3.12/site-packages/airflow/example_dags/example_complex.py
[2026-03-25T11:30:13.474+0000] {processor.py:830} INFO - Processing file /home/airflow/.local/lib/python3.12/site-packages/airflow/example_dags/example_complex.py for tasks to queue
[2026-03-25T11:30:13.478+0000] {logging_mixin.py:188} INFO - [2026-03-25T11:30:13.478+0000] {dagbag.py:540} INFO - Filling up the DagBag from /home/airflow/.local/lib/python3.12/site-packages/airflow/example_dags/example_complex.py
[2026-03-25T11:30:13.503+0000] {processor.py:840} INFO - DAG(s) 'example_complex' retrieved from /home/airflow/.local/lib/python3.12/site-packages/airflow/example_dags/example_complex.py
[2026-03-25T11:30:13.595+0000] {logging_mixin.py:188} INFO - [2026-03-25T11:30:13.595+0000] {dag.py:3096} INFO - Sync 1 DAGs
[2026-03-25T11:30:13.625+0000] {logging_mixin.py:188} INFO - [2026-03-25T11:30:13.625+0000] {dag.py:3954} INFO - Setting next_dagrun for example_complex to None, run_after=None
[2026-03-25T11:30:13.682+0000] {processor.py:183} INFO - Processing /home/airflow/.local/lib/python3.12/site-packages/airflow/example_dags/example_complex.py took 0.228 seconds
[2026-03-25T11:30:44.575+0000] {processor.py:161} INFO - Started process (PID=1766) to work on /home/airflow/.local/lib/python3.12/site-packages/airflow/example_dags/example_complex.py
[2026-03-25T11:30:44.576+0000] {processor.py:830} INFO - Processing file /home/airflow/.local/lib/python3.12/site-packages/airflow/example_dags/example_complex.py for tasks to queue
[2026-03-25T11:30:44.578+0000] {logging_mixin.py:188} INFO - [2026-03-25T11:30:44.578+0000] {dagbag.py:540} INFO - Filling up the DagBag from /home/airflow/.local/lib/python3.12/site-packages/airflow/example_dags/example_complex.py
[2026-03-25T11:30:44.589+0000] {processor.py:840} INFO - DAG(s) 'example_complex' retrieved from /home/airflow/.local/lib/python3.12/site-packages/airflow/example_dags/example_complex.py
[2026-03-25T11:30:44.625+0000] {logging_mixin.py:188} INFO - [2026-03-25T11:30:44.624+0000] {dag.py:3096} INFO - Sync 1 DAGs
[2026-03-25T11:30:44.640+0000] {logging_mixin.py:188} INFO - [2026-03-25T11:30:44.639+0000] {dag.py:3954} INFO - Setting next_dagrun for example_complex to None, run_after=None
[2026-03-25T11:30:44.691+0000] {processor.py:183} INFO - Processing /home/airflow/.local/lib/python3.12/site-packages/airflow/example_dags/example_complex.py took 0.122 seconds
[2026-03-25T11:31:16.763+0000] {processor.py:161} INFO - Started process (PID=1819) to work on /home/airflow/.local/lib/python3.12/site-packages/airflow/example_dags/example_complex.py
[2026-03-25T11:31:16.765+0000] {processor.py:830} INFO - Processing file /home/airflow/.local/lib/python3.12/site-packages/airflow/example_dags/example_complex.py for tasks to queue
[2026-03-25T11:31:16.768+0000] {logging_mixin.py:188} INFO - [2026-03-25T11:31:16.767+0000] {dagbag.py:540} INFO - Filling up the DagBag from /home/airflow/.local/lib/python3.12/site-packages/airflow/example_dags/example_complex.py
[2026-03-25T11:31:16.782+0000] {processor.py:840} INFO - DAG(s) 'example_complex' retrieved from /home/airflow/.local/lib/python3.12/site-packages/airflow/example_dags/example_complex.py
[2026-03-25T11:31:16.819+0000] {logging_mixin.py:188} INFO - [2026-03-25T11:31:16.819+0000] {dag.py:3096} INFO - Sync 1 DAGs
[2026-03-25T11:31:16.835+0000] {logging_mixin.py:188} INFO - [2026-03-25T11:31:16.835+0000] {dag.py:3954} INFO - Setting next_dagrun for example_complex to None, run_after=None
[2026-03-25T11:31:16.880+0000] {processor.py:183} INFO - Processing /home/airflow/.local/lib/python3.12/site-packages/airflow/example_dags/example_complex.py took 0.125 seconds
[2026-03-25T11:31:50.046+0000] {processor.py:161} INFO - Started process (PID=1884) to work on /home/airflow/.local/lib/python3.12/site-packages/airflow/example_dags/example_complex.py
[2026-03-25T11:31:50.047+0000] {processor.py:830} INFO - Processing file /home/airflow/.local/lib/python3.12/site-packages/airflow/example_dags/example_complex.py for tasks to queue
[2026-03-25T11:31:50.050+0000] {logging_mixin.py:188} INFO - [2026-03-25T11:31:50.050+0000] {dagbag.py:540} INFO - Filling up the DagBag from /home/airflow/.local/lib/python3.12/site-packages/airflow/example_dags/example_complex.py
[2026-03-25T11:31:50.062+0000] {processor.py:840} INFO - DAG(s) 'example_complex' retrieved from /home/airflow/.local/lib/python3.12/site-packages/airflow/example_dags/example_complex.py
[2026-03-25T11:31:50.099+0000] {logging_mixin.py:188} INFO - [2026-03-25T11:31:50.098+0000] {dag.py:3096} INFO - Sync 1 DAGs
[2026-03-25T11:31:50.113+0000] {logging_mixin.py:188} INFO - [2026-03-25T11:31:50.112+0000] {dag.py:3954} INFO - Setting next_dagrun for example_complex to None, run_after=None
[2026-03-25T11:31:50.150+0000] {processor.py:183} INFO - Processing /home/airflow/.local/lib/python3.12/site-packages/airflow/example_dags/example_complex.py took 0.109 seconds
[2026-03-25T11:32:22.697+0000] {processor.py:161} INFO - Started process (PID=1937) to work on /home/airflow/.local/lib/python3.12/site-packages/airflow/example_dags/example_complex.py
[2026-03-25T11:32:22.698+0000] {processor.py:830} INFO - Processing file /home/airflow/.local/lib/python3.12/site-packages/airflow/example_dags/example_complex.py for tasks to queue
[2026-03-25T11:32:22.700+0000] {logging_mixin.py:188} INFO - [2026-03-25T11:32:22.699+0000] {dagbag.py:540} INFO - Filling up the DagBag from /home/airflow/.local/lib/python3.12/site-packages/airflow/example_dags/example_complex.py
[2026-03-25T11:32:22.710+0000] {processor.py:840} INFO - DAG(s) 'example_complex' retrieved from /home/airflow/.local/lib/python3.12/site-packages/airflow/example_dags/example_complex.py
[2026-03-25T11:32:22.748+0000] {logging_mixin.py:188} INFO - [2026-03-25T11:32:22.748+0000] {dag.py:3096} INFO - Sync 1 DAGs
[2026-03-25T11:32:22.761+0000] {logging_mixin.py:188} INFO - [2026-03-25T11:32:22.761+0000] {dag.py:3954} INFO - Setting next_dagrun for example_complex to None, run_after=None
[2026-03-25T11:32:22.808+0000] {processor.py:183} INFO - Processing /home/airflow/.local/lib/python3.12/site-packages/airflow/example_dags/example_complex.py took 0.118 seconds
[2026-03-25T11:34:41.497+0000] {processor.py:161} INFO - Started process (PID=105) to work on /home/airflow/.local/lib/python3.12/site-packages/airflow/example_dags/example_complex.py
[2026-03-25T11:34:41.499+0000] {processor.py:830} INFO - Processing file /home/airflow/.local/lib/python3.12/site-packages/airflow/example_dags/example_complex.py for tasks to queue
[2026-03-25T11:34:41.501+0000] {logging_mixin.py:188} INFO - [2026-03-25T11:34:41.501+0000] {dagbag.py:540} INFO - Filling up the DagBag from /home/airflow/.local/lib/python3.12/site-packages/airflow/example_dags/example_complex.py
[2026-03-25T11:34:41.517+0000] {processor.py:840} INFO - DAG(s) 'example_complex' retrieved from /home/airflow/.local/lib/python3.12/site-packages/airflow/example_dags/example_complex.py
[2026-03-25T11:34:41.691+0000] {logging_mixin.py:188} INFO - [2026-03-25T11:34:41.691+0000] {dag.py:3096} INFO - Sync 1 DAGs
[2026-03-25T11:34:41.706+0000] {logging_mixin.py:188} INFO - [2026-03-25T11:34:41.706+0000] {dag.py:3954} INFO - Setting next_dagrun for example_complex to None, run_after=None
[2026-03-25T11:34:41.757+0000] {processor.py:183} INFO - Processing /home/airflow/.local/lib/python3.12/site-packages/airflow/example_dags/example_complex.py took 0.267 seconds
[2026-03-25T11:35:11.807+0000] {processor.py:161} INFO - Started process (PID=164) to work on /home/airflow/.local/lib/python3.12/site-packages/airflow/example_dags/example_complex.py
[2026-03-25T11:35:11.808+0000] {processor.py:830} INFO - Processing file /home/airflow/.local/lib/python3.12/site-packages/airflow/example_dags/example_complex.py for tasks to queue
[2026-03-25T11:35:11.810+0000] {logging_mixin.py:188} INFO - [2026-03-25T11:35:11.810+0000] {dagbag.py:540} INFO - Filling up the DagBag from /home/airflow/.local/lib/python3.12/site-packages/airflow/example_dags/example_complex.py
[2026-03-25T11:35:11.821+0000] {processor.py:840} INFO - DAG(s) 'example_complex' retrieved from /home/airflow/.local/lib/python3.12/site-packages/airflow/example_dags/example_complex.py
[2026-03-25T11:35:11.859+0000] {logging_mixin.py:188} INFO - [2026-03-25T11:35:11.858+0000] {dag.py:3096} INFO - Sync 1 DAGs
[2026-03-25T11:35:11.876+0000] {logging_mixin.py:188} INFO - [2026-03-25T11:35:11.876+0000] {dag.py:3954} INFO - Setting next_dagrun for example_complex to None, run_after=None
[2026-03-25T11:35:11.913+0000] {processor.py:183} INFO - Processing /home/airflow/.local/lib/python3.12/site-packages/airflow/example_dags/example_complex.py took 0.111 seconds
[2026-03-25T11:35:42.297+0000] {processor.py:161} INFO - Started process (PID=224) to work on /home/airflow/.local/lib/python3.12/site-packages/airflow/example_dags/example_complex.py
[2026-03-25T11:35:42.298+0000] {processor.py:830} INFO - Processing file /home/airflow/.local/lib/python3.12/site-packages/airflow/example_dags/example_complex.py for tasks to queue
[2026-03-25T11:35:42.300+0000] {logging_mixin.py:188} INFO - [2026-03-25T11:35:42.300+0000] {dagbag.py:540} INFO - Filling up the DagBag from /home/airflow/.local/lib/python3.12/site-packages/airflow/example_dags/example_complex.py
[2026-03-25T11:35:42.311+0000] {processor.py:840} INFO - DAG(s) 'example_complex' retrieved from /home/airflow/.local/lib/python3.12/site-packages/airflow/example_dags/example_complex.py
[2026-03-25T11:35:42.347+0000] {logging_mixin.py:188} INFO - [2026-03-25T11:35:42.346+0000] {dag.py:3096} INFO - Sync 1 DAGs
[2026-03-25T11:35:42.360+0000] {logging_mixin.py:188} INFO - [2026-03-25T11:35:42.360+0000] {dag.py:3954} INFO - Setting next_dagrun for example_complex to None, run_after=None
[2026-03-25T11:35:42.506+0000] {processor.py:183} INFO - Processing /home/airflow/.local/lib/python3.12/site-packages/airflow/example_dags/example_complex.py took 0.214 seconds
[2026-03-25T11:36:15.095+0000] {processor.py:161} INFO - Started process (PID=283) to work on /home/airflow/.local/lib/python3.12/site-packages/airflow/example_dags/example_complex.py
[2026-03-25T11:36:15.096+0000] {processor.py:830} INFO - Processing file /home/airflow/.local/lib/python3.12/site-packages/airflow/example_dags/example_complex.py for tasks to queue
[2026-03-25T11:36:15.098+0000] {logging_mixin.py:188} INFO - [2026-03-25T11:36:15.098+0000] {dagbag.py:540} INFO - Filling up the DagBag from /home/airflow/.local/lib/python3.12/site-packages/airflow/example_dags/example_complex.py
[2026-03-25T11:36:15.111+0000] {processor.py:840} INFO - DAG(s) 'example_complex' retrieved from /home/airflow/.local/lib/python3.12/site-packages/airflow/example_dags/example_complex.py
[2026-03-25T11:36:15.150+0000] {logging_mixin.py:188} INFO - [2026-03-25T11:36:15.150+0000] {dag.py:3096} INFO - Sync 1 DAGs
[2026-03-25T11:36:15.166+0000] {logging_mixin.py:188} INFO - [2026-03-25T11:36:15.166+0000] {dag.py:3954} INFO - Setting next_dagrun for example_complex to None, run_after=None
[2026-03-25T11:36:15.209+0000] {processor.py:183} INFO - Processing /home/airflow/.local/lib/python3.12/site-packages/airflow/example_dags/example_complex.py took 0.121 seconds
[2026-03-25T11:36:48.344+0000] {processor.py:161} INFO - Started process (PID=342) to work on /home/airflow/.local/lib/python3.12/site-packages/airflow/example_dags/example_complex.py
[2026-03-25T11:36:48.345+0000] {processor.py:830} INFO - Processing file /home/airflow/.local/lib/python3.12/site-packages/airflow/example_dags/example_complex.py for tasks to queue
[2026-03-25T11:36:48.348+0000] {logging_mixin.py:188} INFO - [2026-03-25T11:36:48.347+0000] {dagbag.py:540} INFO - Filling up the DagBag from /home/airflow/.local/lib/python3.12/site-packages/airflow/example_dags/example_complex.py
[2026-03-25T11:36:48.365+0000] {processor.py:840} INFO - DAG(s) 'example_complex' retrieved from /home/airflow/.local/lib/python3.12/site-packages/airflow/example_dags/example_complex.py
[2026-03-25T11:36:48.433+0000] {logging_mixin.py:188} INFO - [2026-03-25T11:36:48.433+0000] {dag.py:3096} INFO - Sync 1 DAGs
[2026-03-25T11:36:48.458+0000] {logging_mixin.py:188} INFO - [2026-03-25T11:36:48.457+0000] {dag.py:3954} INFO - Setting next_dagrun for example_complex to None, run_after=None
[2026-03-25T11:36:48.512+0000] {processor.py:183} INFO - Processing /home/airflow/.local/lib/python3.12/site-packages/airflow/example_dags/example_complex.py took 0.178 seconds
[2026-03-25T11:37:20.258+0000] {processor.py:161} INFO - Started process (PID=401) to work on /home/airflow/.local/lib/python3.12/site-packages/airflow/example_dags/example_complex.py
[2026-03-25T11:37:20.260+0000] {processor.py:830} INFO - Processing file /home/airflow/.local/lib/python3.12/site-packages/airflow/example_dags/example_complex.py for tasks to queue
[2026-03-25T11:37:20.271+0000] {logging_mixin.py:188} INFO - [2026-03-25T11:37:20.270+0000] {dagbag.py:540} INFO - Filling up the DagBag from /home/airflow/.local/lib/python3.12/site-packages/airflow/example_dags/example_complex.py
[2026-03-25T11:37:20.303+0000] {processor.py:840} INFO - DAG(s) 'example_complex' retrieved from /home/airflow/.local/lib/python3.12/site-packages/airflow/example_dags/example_complex.py
[2026-03-25T11:37:20.454+0000] {logging_mixin.py:188} INFO - [2026-03-25T11:37:20.454+0000] {dag.py:3096} INFO - Sync 1 DAGs
[2026-03-25T11:37:20.496+0000] {logging_mixin.py:188} INFO - [2026-03-25T11:37:20.496+0000] {dag.py:3954} INFO - Setting next_dagrun for example_complex to None, run_after=None
[2026-03-25T11:37:20.573+0000] {processor.py:183} INFO - Processing /home/airflow/.local/lib/python3.12/site-packages/airflow/example_dags/example_complex.py took 0.334 seconds
[2026-03-25T11:37:52.277+0000] {processor.py:161} INFO - Started process (PID=460) to work on /home/airflow/.local/lib/python3.12/site-packages/airflow/example_dags/example_complex.py
[2026-03-25T11:37:52.278+0000] {processor.py:830} INFO - Processing file /home/airflow/.local/lib/python3.12/site-packages/airflow/example_dags/example_complex.py for tasks to queue
[2026-03-25T11:37:52.280+0000] {logging_mixin.py:188} INFO - [2026-03-25T11:37:52.280+0000] {dagbag.py:540} INFO - Filling up the DagBag from /home/airflow/.local/lib/python3.12/site-packages/airflow/example_dags/example_complex.py
[2026-03-25T11:37:52.293+0000] {processor.py:840} INFO - DAG(s) 'example_complex' retrieved from /home/airflow/.local/lib/python3.12/site-packages/airflow/example_dags/example_complex.py
[2026-03-25T11:37:52.334+0000] {logging_mixin.py:188} INFO - [2026-03-25T11:37:52.333+0000] {dag.py:3096} INFO - Sync 1 DAGs
[2026-03-25T11:37:52.349+0000] {logging_mixin.py:188} INFO - [2026-03-25T11:37:52.349+0000] {dag.py:3954} INFO - Setting next_dagrun for example_complex to None, run_after=None
[2026-03-25T11:37:52.397+0000] {processor.py:183} INFO - Processing /home/airflow/.local/lib/python3.12/site-packages/airflow/example_dags/example_complex.py took 0.126 seconds
[2026-03-25T11:38:24.290+0000] {processor.py:161} INFO - Started process (PID=513) to work on /home/airflow/.local/lib/python3.12/site-packages/airflow/example_dags/example_complex.py
[2026-03-25T11:38:24.291+0000] {processor.py:830} INFO - Processing file /home/airflow/.local/lib/python3.12/site-packages/airflow/example_dags/example_complex.py for tasks to queue
[2026-03-25T11:38:24.294+0000] {logging_mixin.py:188} INFO - [2026-03-25T11:38:24.294+0000] {dagbag.py:540} INFO - Filling up the DagBag from /home/airflow/.local/lib/python3.12/site-packages/airflow/example_dags/example_complex.py
[2026-03-25T11:38:24.317+0000] {processor.py:840} INFO - DAG(s) 'example_complex' retrieved from /home/airflow/.local/lib/python3.12/site-packages/airflow/example_dags/example_complex.py
[2026-03-25T11:38:24.388+0000] {logging_mixin.py:188} INFO - [2026-03-25T11:38:24.388+0000] {dag.py:3096} INFO - Sync 1 DAGs
[2026-03-25T11:38:24.418+0000] {logging_mixin.py:188} INFO - [2026-03-25T11:38:24.418+0000] {dag.py:3954} INFO - Setting next_dagrun for example_complex to None, run_after=None
[2026-03-25T11:38:24.484+0000] {processor.py:183} INFO - Processing /home/airflow/.local/lib/python3.12/site-packages/airflow/example_dags/example_complex.py took 0.202 seconds
[2026-03-25T11:38:57.065+0000] {processor.py:161} INFO - Started process (PID=572) to work on /home/airflow/.local/lib/python3.12/site-packages/airflow/example_dags/example_complex.py
[2026-03-25T11:38:57.066+0000] {processor.py:830} INFO - Processing file /home/airflow/.local/lib/python3.12/site-packages/airflow/example_dags/example_complex.py for tasks to queue
[2026-03-25T11:38:57.069+0000] {logging_mixin.py:188} INFO - [2026-03-25T11:38:57.069+0000] {dagbag.py:540} INFO - Filling up the DagBag from /home/airflow/.local/lib/python3.12/site-packages/airflow/example_dags/example_complex.py
[2026-03-25T11:38:57.081+0000] {processor.py:840} INFO - DAG(s) 'example_complex' retrieved from /home/airflow/.local/lib/python3.12/site-packages/airflow/example_dags/example_complex.py
[2026-03-25T11:38:57.126+0000] {logging_mixin.py:188} INFO - [2026-03-25T11:38:57.126+0000] {dag.py:3096} INFO - Sync 1 DAGs
[2026-03-25T11:38:57.141+0000] {logging_mixin.py:188} INFO - [2026-03-25T11:38:57.141+0000] {dag.py:3954} INFO - Setting next_dagrun for example_complex to None, run_after=None
[2026-03-25T11:38:57.190+0000] {processor.py:183} INFO - Processing /home/airflow/.local/lib/python3.12/site-packages/airflow/example_dags/example_complex.py took 0.131 seconds
[2026-03-25T11:39:29.699+0000] {processor.py:161} INFO - Started process (PID=631) to work on /home/airflow/.local/lib/python3.12/site-packages/airflow/example_dags/example_complex.py
[2026-03-25T11:39:29.700+0000] {processor.py:830} INFO - Processing file /home/airflow/.local/lib/python3.12/site-packages/airflow/example_dags/example_complex.py for tasks to queue
[2026-03-25T11:39:29.702+0000] {logging_mixin.py:188} INFO - [2026-03-25T11:39:29.702+0000] {dagbag.py:540} INFO - Filling up the DagBag from /home/airflow/.local/lib/python3.12/site-packages/airflow/example_dags/example_complex.py
[2026-03-25T11:39:29.713+0000] {processor.py:840} INFO - DAG(s) 'example_complex' retrieved from /home/airflow/.local/lib/python3.12/site-packages/airflow/example_dags/example_complex.py
[2026-03-25T11:39:29.749+0000] {logging_mixin.py:188} INFO - [2026-03-25T11:39:29.749+0000] {dag.py:3096} INFO - Sync 1 DAGs
[2026-03-25T11:39:29.764+0000] {logging_mixin.py:188} INFO - [2026-03-25T11:39:29.763+0000] {dag.py:3954} INFO - Setting next_dagrun for example_complex to None, run_after=None
[2026-03-25T11:39:29.808+0000] {processor.py:183} INFO - Processing /home/airflow/.local/lib/python3.12/site-packages/airflow/example_dags/example_complex.py took 0.115 seconds
[2026-03-25T11:40:03.325+0000] {processor.py:161} INFO - Started process (PID=696) to work on /home/airflow/.local/lib/python3.12/site-packages/airflow/example_dags/example_complex.py
[2026-03-25T11:40:03.326+0000] {processor.py:830} INFO - Processing file /home/airflow/.local/lib/python3.12/site-packages/airflow/example_dags/example_complex.py for tasks to queue
[2026-03-25T11:40:03.328+0000] {logging_mixin.py:188} INFO - [2026-03-25T11:40:03.328+0000] {dagbag.py:540} INFO - Filling up the DagBag from /home/airflow/.local/lib/python3.12/site-packages/airflow/example_dags/example_complex.py
[2026-03-25T11:40:03.339+0000] {processor.py:840} INFO - DAG(s) 'example_complex' retrieved from /home/airflow/.local/lib/python3.12/site-packages/airflow/example_dags/example_complex.py
[2026-03-25T11:40:03.375+0000] {logging_mixin.py:188} INFO - [2026-03-25T11:40:03.375+0000] {dag.py:3096} INFO - Sync 1 DAGs
[2026-03-25T11:40:03.390+0000] {logging_mixin.py:188} INFO - [2026-03-25T11:40:03.390+0000] {dag.py:3954} INFO - Setting next_dagrun for example_complex to None, run_after=None
[2026-03-25T11:40:03.437+0000] {processor.py:183} INFO - Processing /home/airflow/.local/lib/python3.12/site-packages/airflow/example_dags/example_complex.py took 0.117 seconds
[2026-03-25T11:40:35.122+0000] {processor.py:161} INFO - Started process (PID=749) to work on /home/airflow/.local/lib/python3.12/site-packages/airflow/example_dags/example_complex.py
[2026-03-25T11:40:35.123+0000] {processor.py:830} INFO - Processing file /home/airflow/.local/lib/python3.12/site-packages/airflow/example_dags/example_complex.py for tasks to queue
[2026-03-25T11:40:35.124+0000] {logging_mixin.py:188} INFO - [2026-03-25T11:40:35.124+0000] {dagbag.py:540} INFO - Filling up the DagBag from /home/airflow/.local/lib/python3.12/site-packages/airflow/example_dags/example_complex.py
[2026-03-25T11:40:35.135+0000] {processor.py:840} INFO - DAG(s) 'example_complex' retrieved from /home/airflow/.local/lib/python3.12/site-packages/airflow/example_dags/example_complex.py
[2026-03-25T11:40:35.169+0000] {logging_mixin.py:188} INFO - [2026-03-25T11:40:35.169+0000] {dag.py:3096} INFO - Sync 1 DAGs
[2026-03-25T11:40:35.183+0000] {logging_mixin.py:188} INFO - [2026-03-25T11:40:35.183+0000] {dag.py:3954} INFO - Setting next_dagrun for example_complex to None, run_after=None
[2026-03-25T11:40:35.232+0000] {processor.py:183} INFO - Processing /home/airflow/.local/lib/python3.12/site-packages/airflow/example_dags/example_complex.py took 0.116 seconds
[2026-03-25T11:41:08.082+0000] {processor.py:161} INFO - Started process (PID=808) to work on /home/airflow/.local/lib/python3.12/site-packages/airflow/example_dags/example_complex.py
[2026-03-25T11:41:08.084+0000] {processor.py:830} INFO - Processing file /home/airflow/.local/lib/python3.12/site-packages/airflow/example_dags/example_complex.py for tasks to queue
[2026-03-25T11:41:08.086+0000] {logging_mixin.py:188} INFO - [2026-03-25T11:41:08.085+0000] {dagbag.py:540} INFO - Filling up the DagBag from /home/airflow/.local/lib/python3.12/site-packages/airflow/example_dags/example_complex.py
[2026-03-25T11:41:08.096+0000] {processor.py:840} INFO - DAG(s) 'example_complex' retrieved from /home/airflow/.local/lib/python3.12/site-packages/airflow/example_dags/example_complex.py
[2026-03-25T11:41:08.138+0000] {logging_mixin.py:188} INFO - [2026-03-25T11:41:08.137+0000] {dag.py:3096} INFO - Sync 1 DAGs
[2026-03-25T11:41:08.166+0000] {logging_mixin.py:188} INFO - [2026-03-25T11:41:08.166+0000] {dag.py:3954} INFO - Setting next_dagrun for example_complex to None, run_after=None
[2026-03-25T11:41:08.244+0000] {processor.py:183} INFO - Processing /home/airflow/.local/lib/python3.12/site-packages/airflow/example_dags/example_complex.py took 0.167 seconds
[2026-03-25T11:41:42.306+0000] {processor.py:161} INFO - Started process (PID=873) to work on /home/airflow/.local/lib/python3.12/site-packages/airflow/example_dags/example_complex.py
[2026-03-25T11:41:42.307+0000] {processor.py:830} INFO - Processing file /home/airflow/.local/lib/python3.12/site-packages/airflow/example_dags/example_complex.py for tasks to queue
[2026-03-25T11:41:42.309+0000] {logging_mixin.py:188} INFO - [2026-03-25T11:41:42.309+0000] {dagbag.py:540} INFO - Filling up the DagBag from /home/airflow/.local/lib/python3.12/site-packages/airflow/example_dags/example_complex.py
[2026-03-25T11:41:42.319+0000] {processor.py:840} INFO - DAG(s) 'example_complex' retrieved from /home/airflow/.local/lib/python3.12/site-packages/airflow/example_dags/example_complex.py
[2026-03-25T11:41:42.355+0000] {logging_mixin.py:188} INFO - [2026-03-25T11:41:42.355+0000] {dag.py:3096} INFO - Sync 1 DAGs
[2026-03-25T11:41:42.373+0000] {logging_mixin.py:188} INFO - [2026-03-25T11:41:42.373+0000] {dag.py:3954} INFO - Setting next_dagrun for example_complex to None, run_after=None
[2026-03-25T11:41:42.418+0000] {processor.py:183} INFO - Processing /home/airflow/.local/lib/python3.12/site-packages/airflow/example_dags/example_complex.py took 0.118 seconds
[2026-03-25T11:42:13.329+0000] {processor.py:161} INFO - Started process (PID=926) to work on /home/airflow/.local/lib/python3.12/site-packages/airflow/example_dags/example_complex.py
[2026-03-25T11:42:13.330+0000] {processor.py:830} INFO - Processing file /home/airflow/.local/lib/python3.12/site-packages/airflow/example_dags/example_complex.py for tasks to queue
[2026-03-25T11:42:13.332+0000] {logging_mixin.py:188} INFO - [2026-03-25T11:42:13.332+0000] {dagbag.py:540} INFO - Filling up the DagBag from /home/airflow/.local/lib/python3.12/site-packages/airflow/example_dags/example_complex.py
[2026-03-25T11:42:13.345+0000] {processor.py:840} INFO - DAG(s) 'example_complex' retrieved from /home/airflow/.local/lib/python3.12/site-packages/airflow/example_dags/example_complex.py
[2026-03-25T11:42:13.388+0000] {logging_mixin.py:188} INFO - [2026-03-25T11:42:13.388+0000] {dag.py:3096} INFO - Sync 1 DAGs
[2026-03-25T11:42:13.403+0000] {logging_mixin.py:188} INFO - [2026-03-25T11:42:13.403+0000] {dag.py:3954} INFO - Setting next_dagrun for example_complex to None, run_after=None
[2026-03-25T11:42:13.448+0000] {processor.py:183} INFO - Processing /home/airflow/.local/lib/python3.12/site-packages/airflow/example_dags/example_complex.py took 0.125 seconds
[2026-03-25T11:42:46.365+0000] {processor.py:161} INFO - Started process (PID=985) to work on /home/airflow/.local/lib/python3.12/site-packages/airflow/example_dags/example_complex.py
[2026-03-25T11:42:46.367+0000] {processor.py:830} INFO - Processing file /home/airflow/.local/lib/python3.12/site-packages/airflow/example_dags/example_complex.py for tasks to queue
[2026-03-25T11:42:46.369+0000] {logging_mixin.py:188} INFO - [2026-03-25T11:42:46.369+0000] {dagbag.py:540} INFO - Filling up the DagBag from /home/airflow/.local/lib/python3.12/site-packages/airflow/example_dags/example_complex.py
[2026-03-25T11:42:46.382+0000] {processor.py:840} INFO - DAG(s) 'example_complex' retrieved from /home/airflow/.local/lib/python3.12/site-packages/airflow/example_dags/example_complex.py
[2026-03-25T11:42:46.420+0000] {logging_mixin.py:188} INFO - [2026-03-25T11:42:46.420+0000] {dag.py:3096} INFO - Sync 1 DAGs
[2026-03-25T11:42:46.434+0000] {logging_mixin.py:188} INFO - [2026-03-25T11:42:46.434+0000] {dag.py:3954} INFO - Setting next_dagrun for example_complex to None, run_after=None
[2026-03-25T11:42:46.482+0000] {processor.py:183} INFO - Processing /home/airflow/.local/lib/python3.12/site-packages/airflow/example_dags/example_complex.py took 0.124 seconds
[2026-03-25T11:43:19.672+0000] {processor.py:161} INFO - Started process (PID=1050) to work on /home/airflow/.local/lib/python3.12/site-packages/airflow/example_dags/example_complex.py
[2026-03-25T11:43:19.674+0000] {processor.py:830} INFO - Processing file /home/airflow/.local/lib/python3.12/site-packages/airflow/example_dags/example_complex.py for tasks to queue
[2026-03-25T11:43:19.676+0000] {logging_mixin.py:188} INFO - [2026-03-25T11:43:19.675+0000] {dagbag.py:540} INFO - Filling up the DagBag from /home/airflow/.local/lib/python3.12/site-packages/airflow/example_dags/example_complex.py
[2026-03-25T11:43:19.690+0000] {processor.py:840} INFO - DAG(s) 'example_complex' retrieved from /home/airflow/.local/lib/python3.12/site-packages/airflow/example_dags/example_complex.py
[2026-03-25T11:43:19.726+0000] {logging_mixin.py:188} INFO - [2026-03-25T11:43:19.726+0000] {dag.py:3096} INFO - Sync 1 DAGs
[2026-03-25T11:43:19.765+0000] {logging_mixin.py:188} INFO - [2026-03-25T11:43:19.763+0000] {dag.py:3954} INFO - Setting next_dagrun for example_complex to None, run_after=None
[2026-03-25T11:43:19.871+0000] {processor.py:183} INFO - Processing /home/airflow/.local/lib/python3.12/site-packages/airflow/example_dags/example_complex.py took 0.205 seconds
[2026-03-25T11:43:53.164+0000] {processor.py:161} INFO - Started process (PID=1109) to work on /home/airflow/.local/lib/python3.12/site-packages/airflow/example_dags/example_complex.py
[2026-03-25T11:43:53.167+0000] {processor.py:830} INFO - Processing file /home/airflow/.local/lib/python3.12/site-packages/airflow/example_dags/example_complex.py for tasks to queue
[2026-03-25T11:43:53.171+0000] {logging_mixin.py:188} INFO - [2026-03-25T11:43:53.170+0000] {dagbag.py:540} INFO - Filling up the DagBag from /home/airflow/.local/lib/python3.12/site-packages/airflow/example_dags/example_complex.py
[2026-03-25T11:43:53.188+0000] {processor.py:840} INFO - DAG(s) 'example_complex' retrieved from /home/airflow/.local/lib/python3.12/site-packages/airflow/example_dags/example_complex.py
[2026-03-25T11:43:53.246+0000] {logging_mixin.py:188} INFO - [2026-03-25T11:43:53.245+0000] {dag.py:3096} INFO - Sync 1 DAGs
[2026-03-25T11:43:53.267+0000] {logging_mixin.py:188} INFO - [2026-03-25T11:43:53.267+0000] {dag.py:3954} INFO - Setting next_dagrun for example_complex to None, run_after=None
[2026-03-25T11:43:53.390+0000] {processor.py:183} INFO - Processing /home/airflow/.local/lib/python3.12/site-packages/airflow/example_dags/example_complex.py took 0.236 seconds
[2026-03-25T11:44:24.358+0000] {processor.py:161} INFO - Started process (PID=1162) to work on /home/airflow/.local/lib/python3.12/site-packages/airflow/example_dags/example_complex.py
[2026-03-25T11:44:24.359+0000] {processor.py:830} INFO - Processing file /home/airflow/.local/lib/python3.12/site-packages/airflow/example_dags/example_complex.py for tasks to queue
[2026-03-25T11:44:24.362+0000] {logging_mixin.py:188} INFO - [2026-03-25T11:44:24.362+0000] {dagbag.py:540} INFO - Filling up the DagBag from /home/airflow/.local/lib/python3.12/site-packages/airflow/example_dags/example_complex.py
[2026-03-25T11:44:24.382+0000] {processor.py:840} INFO - DAG(s) 'example_complex' retrieved from /home/airflow/.local/lib/python3.12/site-packages/airflow/example_dags/example_complex.py
[2026-03-25T11:44:24.446+0000] {logging_mixin.py:188} INFO - [2026-03-25T11:44:24.445+0000] {dag.py:3096} INFO - Sync 1 DAGs
[2026-03-25T11:44:24.464+0000] {logging_mixin.py:188} INFO - [2026-03-25T11:44:24.464+0000] {dag.py:3954} INFO - Setting next_dagrun for example_complex to None, run_after=None
[2026-03-25T11:44:24.508+0000] {processor.py:183} INFO - Processing /home/airflow/.local/lib/python3.12/site-packages/airflow/example_dags/example_complex.py took 0.159 seconds
[2026-03-25T11:44:57.447+0000] {processor.py:161} INFO - Started process (PID=1221) to work on /home/airflow/.local/lib/python3.12/site-packages/airflow/example_dags/example_complex.py
[2026-03-25T11:44:57.448+0000] {processor.py:830} INFO - Processing file /home/airflow/.local/lib/python3.12/site-packages/airflow/example_dags/example_complex.py for tasks to queue
[2026-03-25T11:44:57.451+0000] {logging_mixin.py:188} INFO - [2026-03-25T11:44:57.450+0000] {dagbag.py:540} INFO - Filling up the DagBag from /home/airflow/.local/lib/python3.12/site-packages/airflow/example_dags/example_complex.py
[2026-03-25T11:44:57.467+0000] {processor.py:840} INFO - DAG(s) 'example_complex' retrieved from /home/airflow/.local/lib/python3.12/site-packages/airflow/example_dags/example_complex.py
[2026-03-25T11:44:57.500+0000] {logging_mixin.py:188} INFO - [2026-03-25T11:44:57.500+0000] {dag.py:3096} INFO - Sync 1 DAGs
[2026-03-25T11:44:57.514+0000] {logging_mixin.py:188} INFO - [2026-03-25T11:44:57.513+0000] {dag.py:3954} INFO - Setting next_dagrun for example_complex to None, run_after=None
[2026-03-25T11:44:57.606+0000] {processor.py:183} INFO - Processing /home/airflow/.local/lib/python3.12/site-packages/airflow/example_dags/example_complex.py took 0.164 seconds
[2026-03-25T11:45:30.376+0000] {processor.py:161} INFO - Started process (PID=1280) to work on /home/airflow/.local/lib/python3.12/site-packages/airflow/example_dags/example_complex.py
[2026-03-25T11:45:30.377+0000] {processor.py:830} INFO - Processing file /home/airflow/.local/lib/python3.12/site-packages/airflow/example_dags/example_complex.py for tasks to queue
[2026-03-25T11:45:30.380+0000] {logging_mixin.py:188} INFO - [2026-03-25T11:45:30.379+0000] {dagbag.py:540} INFO - Filling up the DagBag from /home/airflow/.local/lib/python3.12/site-packages/airflow/example_dags/example_complex.py
[2026-03-25T11:45:30.395+0000] {processor.py:840} INFO - DAG(s) 'example_complex' retrieved from /home/airflow/.local/lib/python3.12/site-packages/airflow/example_dags/example_complex.py
[2026-03-25T11:45:30.440+0000] {logging_mixin.py:188} INFO - [2026-03-25T11:45:30.440+0000] {dag.py:3096} INFO - Sync 1 DAGs
[2026-03-25T11:45:30.457+0000] {logging_mixin.py:188} INFO - [2026-03-25T11:45:30.457+0000] {dag.py:3954} INFO - Setting next_dagrun for example_complex to None, run_after=None
[2026-03-25T11:45:30.506+0000] {processor.py:183} INFO - Processing /home/airflow/.local/lib/python3.12/site-packages/airflow/example_dags/example_complex.py took 0.138 seconds
[2026-03-25T11:46:02.655+0000] {processor.py:161} INFO - Started process (PID=1339) to work on /home/airflow/.local/lib/python3.12/site-packages/airflow/example_dags/example_complex.py
[2026-03-25T11:46:02.656+0000] {processor.py:830} INFO - Processing file /home/airflow/.local/lib/python3.12/site-packages/airflow/example_dags/example_complex.py for tasks to queue
[2026-03-25T11:46:02.657+0000] {logging_mixin.py:188} INFO - [2026-03-25T11:46:02.657+0000] {dagbag.py:540} INFO - Filling up the DagBag from /home/airflow/.local/lib/python3.12/site-packages/airflow/example_dags/example_complex.py
[2026-03-25T11:46:02.669+0000] {processor.py:840} INFO - DAG(s) 'example_complex' retrieved from /home/airflow/.local/lib/python3.12/site-packages/airflow/example_dags/example_complex.py
[2026-03-25T11:46:02.706+0000] {logging_mixin.py:188} INFO - [2026-03-25T11:46:02.705+0000] {dag.py:3096} INFO - Sync 1 DAGs
[2026-03-25T11:46:02.719+0000] {logging_mixin.py:188} INFO - [2026-03-25T11:46:02.718+0000] {dag.py:3954} INFO - Setting next_dagrun for example_complex to None, run_after=None
[2026-03-25T11:46:02.762+0000] {processor.py:183} INFO - Processing /home/airflow/.local/lib/python3.12/site-packages/airflow/example_dags/example_complex.py took 0.113 seconds
[2026-03-25T11:46:36.244+0000] {processor.py:161} INFO - Started process (PID=1398) to work on /home/airflow/.local/lib/python3.12/site-packages/airflow/example_dags/example_complex.py
[2026-03-25T11:46:36.245+0000] {processor.py:830} INFO - Processing file /home/airflow/.local/lib/python3.12/site-packages/airflow/example_dags/example_complex.py for tasks to queue
[2026-03-25T11:46:36.249+0000] {logging_mixin.py:188} INFO - [2026-03-25T11:46:36.248+0000] {dagbag.py:540} INFO - Filling up the DagBag from /home/airflow/.local/lib/python3.12/site-packages/airflow/example_dags/example_complex.py
[2026-03-25T11:46:36.265+0000] {processor.py:840} INFO - DAG(s) 'example_complex' retrieved from /home/airflow/.local/lib/python3.12/site-packages/airflow/example_dags/example_complex.py
[2026-03-25T11:46:36.333+0000] {logging_mixin.py:188} INFO - [2026-03-25T11:46:36.333+0000] {dag.py:3096} INFO - Sync 1 DAGs
[2026-03-25T11:46:36.360+0000] {logging_mixin.py:188} INFO - [2026-03-25T11:46:36.359+0000] {dag.py:3954} INFO - Setting next_dagrun for example_complex to None, run_after=None
[2026-03-25T11:46:36.434+0000] {processor.py:183} INFO - Processing /home/airflow/.local/lib/python3.12/site-packages/airflow/example_dags/example_complex.py took 0.197 seconds
[2026-03-25T11:47:11.141+0000] {processor.py:161} INFO - Started process (PID=1464) to work on /home/airflow/.local/lib/python3.12/site-packages/airflow/example_dags/example_complex.py
[2026-03-25T11:47:11.143+0000] {processor.py:830} INFO - Processing file /home/airflow/.local/lib/python3.12/site-packages/airflow/example_dags/example_complex.py for tasks to queue
[2026-03-25T11:47:11.147+0000] {logging_mixin.py:188} INFO - [2026-03-25T11:47:11.146+0000] {dagbag.py:540} INFO - Filling up the DagBag from /home/airflow/.local/lib/python3.12/site-packages/airflow/example_dags/example_complex.py
[2026-03-25T11:47:11.172+0000] {processor.py:840} INFO - DAG(s) 'example_complex' retrieved from /home/airflow/.local/lib/python3.12/site-packages/airflow/example_dags/example_complex.py
[2026-03-25T11:47:11.224+0000] {logging_mixin.py:188} INFO - [2026-03-25T11:47:11.224+0000] {dag.py:3096} INFO - Sync 1 DAGs
[2026-03-25T11:47:11.253+0000] {logging_mixin.py:188} INFO - [2026-03-25T11:47:11.253+0000] {dag.py:3954} INFO - Setting next_dagrun for example_complex to None, run_after=None
[2026-03-25T11:47:11.317+0000] {processor.py:183} INFO - Processing /home/airflow/.local/lib/python3.12/site-packages/airflow/example_dags/example_complex.py took 0.195 seconds
[2026-03-25T11:47:43.942+0000] {processor.py:161} INFO - Started process (PID=1523) to work on /home/airflow/.local/lib/python3.12/site-packages/airflow/example_dags/example_complex.py
[2026-03-25T11:47:43.944+0000] {processor.py:830} INFO - Processing file /home/airflow/.local/lib/python3.12/site-packages/airflow/example_dags/example_complex.py for tasks to queue
[2026-03-25T11:47:43.946+0000] {logging_mixin.py:188} INFO - [2026-03-25T11:47:43.946+0000] {dagbag.py:540} INFO - Filling up the DagBag from /home/airflow/.local/lib/python3.12/site-packages/airflow/example_dags/example_complex.py
[2026-03-25T11:47:43.962+0000] {processor.py:840} INFO - DAG(s) 'example_complex' retrieved from /home/airflow/.local/lib/python3.12/site-packages/airflow/example_dags/example_complex.py
[2026-03-25T11:47:44.007+0000] {logging_mixin.py:188} INFO - [2026-03-25T11:47:44.007+0000] {dag.py:3096} INFO - Sync 1 DAGs
[2026-03-25T11:47:44.025+0000] {logging_mixin.py:188} INFO - [2026-03-25T11:47:44.025+0000] {dag.py:3954} INFO - Setting next_dagrun for example_complex to None, run_after=None
[2026-03-25T11:47:44.075+0000] {processor.py:183} INFO - Processing /home/airflow/.local/lib/python3.12/site-packages/airflow/example_dags/example_complex.py took 0.142 seconds
[2026-03-25T11:48:14.199+0000] {processor.py:161} INFO - Started process (PID=1576) to work on /home/airflow/.local/lib/python3.12/site-packages/airflow/example_dags/example_complex.py
[2026-03-25T11:48:14.200+0000] {processor.py:830} INFO - Processing file /home/airflow/.local/lib/python3.12/site-packages/airflow/example_dags/example_complex.py for tasks to queue
[2026-03-25T11:48:14.202+0000] {logging_mixin.py:188} INFO - [2026-03-25T11:48:14.202+0000] {dagbag.py:540} INFO - Filling up the DagBag from /home/airflow/.local/lib/python3.12/site-packages/airflow/example_dags/example_complex.py
[2026-03-25T11:48:14.215+0000] {processor.py:840} INFO - DAG(s) 'example_complex' retrieved from /home/airflow/.local/lib/python3.12/site-packages/airflow/example_dags/example_complex.py
[2026-03-25T11:48:14.255+0000] {logging_mixin.py:188} INFO - [2026-03-25T11:48:14.254+0000] {dag.py:3096} INFO - Sync 1 DAGs
[2026-03-25T11:48:14.270+0000] {logging_mixin.py:188} INFO - [2026-03-25T11:48:14.270+0000] {dag.py:3954} INFO - Setting next_dagrun for example_complex to None, run_after=None
[2026-03-25T11:48:14.311+0000] {processor.py:183} INFO - Processing /home/airflow/.local/lib/python3.12/site-packages/airflow/example_dags/example_complex.py took 0.119 seconds
[2026-03-25T11:48:46.223+0000] {processor.py:161} INFO - Started process (PID=1635) to work on /home/airflow/.local/lib/python3.12/site-packages/airflow/example_dags/example_complex.py
[2026-03-25T11:48:46.224+0000] {processor.py:830} INFO - Processing file /home/airflow/.local/lib/python3.12/site-packages/airflow/example_dags/example_complex.py for tasks to queue
[2026-03-25T11:48:46.226+0000] {logging_mixin.py:188} INFO - [2026-03-25T11:48:46.226+0000] {dagbag.py:540} INFO - Filling up the DagBag from /home/airflow/.local/lib/python3.12/site-packages/airflow/example_dags/example_complex.py
[2026-03-25T11:48:46.239+0000] {processor.py:840} INFO - DAG(s) 'example_complex' retrieved from /home/airflow/.local/lib/python3.12/site-packages/airflow/example_dags/example_complex.py
[2026-03-25T11:48:46.281+0000] {logging_mixin.py:188} INFO - [2026-03-25T11:48:46.281+0000] {dag.py:3096} INFO - Sync 1 DAGs
[2026-03-25T11:48:46.295+0000] {logging_mixin.py:188} INFO - [2026-03-25T11:48:46.295+0000] {dag.py:3954} INFO - Setting next_dagrun for example_complex to None, run_after=None
[2026-03-25T11:48:46.342+0000] {processor.py:183} INFO - Processing /home/airflow/.local/lib/python3.12/site-packages/airflow/example_dags/example_complex.py took 0.125 seconds
[2026-03-25T11:49:19.846+0000] {processor.py:161} INFO - Started process (PID=1694) to work on /home/airflow/.local/lib/python3.12/site-packages/airflow/example_dags/example_complex.py
[2026-03-25T11:49:19.852+0000] {processor.py:830} INFO - Processing file /home/airflow/.local/lib/python3.12/site-packages/airflow/example_dags/example_complex.py for tasks to queue
[2026-03-25T11:49:19.861+0000] {logging_mixin.py:188} INFO - [2026-03-25T11:49:19.859+0000] {dagbag.py:540} INFO - Filling up the DagBag from /home/airflow/.local/lib/python3.12/site-packages/airflow/example_dags/example_complex.py
[2026-03-25T11:49:19.920+0000] {processor.py:840} INFO - DAG(s) 'example_complex' retrieved from /home/airflow/.local/lib/python3.12/site-packages/airflow/example_dags/example_complex.py
[2026-03-25T11:49:20.104+0000] {logging_mixin.py:188} INFO - [2026-03-25T11:49:20.103+0000] {dag.py:3096} INFO - Sync 1 DAGs
[2026-03-25T11:49:20.180+0000] {logging_mixin.py:188} INFO - [2026-03-25T11:49:20.179+0000] {dag.py:3954} INFO - Setting next_dagrun for example_complex to None, run_after=None
[2026-03-25T11:49:20.289+0000] {processor.py:183} INFO - Processing /home/airflow/.local/lib/python3.12/site-packages/airflow/example_dags/example_complex.py took 0.477 seconds
[2026-03-25T11:49:53.977+0000] {processor.py:161} INFO - Started process (PID=1759) to work on /home/airflow/.local/lib/python3.12/site-packages/airflow/example_dags/example_complex.py
[2026-03-25T11:49:53.979+0000] {processor.py:830} INFO - Processing file /home/airflow/.local/lib/python3.12/site-packages/airflow/example_dags/example_complex.py for tasks to queue
[2026-03-25T11:49:53.981+0000] {logging_mixin.py:188} INFO - [2026-03-25T11:49:53.981+0000] {dagbag.py:540} INFO - Filling up the DagBag from /home/airflow/.local/lib/python3.12/site-packages/airflow/example_dags/example_complex.py
[2026-03-25T11:49:53.997+0000] {processor.py:840} INFO - DAG(s) 'example_complex' retrieved from /home/airflow/.local/lib/python3.12/site-packages/airflow/example_dags/example_complex.py
[2026-03-25T11:49:54.056+0000] {logging_mixin.py:188} INFO - [2026-03-25T11:49:54.055+0000] {dag.py:3096} INFO - Sync 1 DAGs
[2026-03-25T11:49:54.078+0000] {logging_mixin.py:188} INFO - [2026-03-25T11:49:54.078+0000] {dag.py:3954} INFO - Setting next_dagrun for example_complex to None, run_after=None
[2026-03-25T11:49:54.137+0000] {processor.py:183} INFO - Processing /home/airflow/.local/lib/python3.12/site-packages/airflow/example_dags/example_complex.py took 0.168 seconds
[2026-03-25T11:50:24.642+0000] {processor.py:161} INFO - Started process (PID=1812) to work on /home/airflow/.local/lib/python3.12/site-packages/airflow/example_dags/example_complex.py
[2026-03-25T11:50:24.644+0000] {processor.py:830} INFO - Processing file /home/airflow/.local/lib/python3.12/site-packages/airflow/example_dags/example_complex.py for tasks to queue
[2026-03-25T11:50:24.646+0000] {logging_mixin.py:188} INFO - [2026-03-25T11:50:24.645+0000] {dagbag.py:540} INFO - Filling up the DagBag from /home/airflow/.local/lib/python3.12/site-packages/airflow/example_dags/example_complex.py
[2026-03-25T11:50:24.660+0000] {processor.py:840} INFO - DAG(s) 'example_complex' retrieved from /home/airflow/.local/lib/python3.12/site-packages/airflow/example_dags/example_complex.py
[2026-03-25T11:50:24.698+0000] {logging_mixin.py:188} INFO - [2026-03-25T11:50:24.698+0000] {dag.py:3096} INFO - Sync 1 DAGs
[2026-03-25T11:50:24.716+0000] {logging_mixin.py:188} INFO - [2026-03-25T11:50:24.716+0000] {dag.py:3954} INFO - Setting next_dagrun for example_complex to None, run_after=None
[2026-03-25T11:50:24.767+0000] {processor.py:183} INFO - Processing /home/airflow/.local/lib/python3.12/site-packages/airflow/example_dags/example_complex.py took 0.131 seconds
