[2026-03-25T11:15:27.420+0000] {processor.py:161} INFO - Started process (PID=60) to work on /home/airflow/.local/lib/python3.12/site-packages/airflow/example_dags/example_sensor_decorator.py
[2026-03-25T11:15:27.422+0000] {processor.py:830} INFO - Processing file /home/airflow/.local/lib/python3.12/site-packages/airflow/example_dags/example_sensor_decorator.py for tasks to queue
[2026-03-25T11:15:27.427+0000] {logging_mixin.py:188} INFO - [2026-03-25T11:15:27.426+0000] {dagbag.py:540} INFO - Filling up the DagBag from /home/airflow/.local/lib/python3.12/site-packages/airflow/example_dags/example_sensor_decorator.py
[2026-03-25T11:15:27.448+0000] {processor.py:840} INFO - DAG(s) 'example_sensor_decorator' retrieved from /home/airflow/.local/lib/python3.12/site-packages/airflow/example_dags/example_sensor_decorator.py
[2026-03-25T11:15:27.845+0000] {logging_mixin.py:188} INFO - [2026-03-25T11:15:27.844+0000] {dag.py:3096} INFO - Sync 1 DAGs
[2026-03-25T11:15:27.867+0000] {logging_mixin.py:188} INFO - [2026-03-25T11:15:27.866+0000] {dag.py:3954} INFO - Setting next_dagrun for example_sensor_decorator to None, run_after=None
[2026-03-25T11:15:27.924+0000] {processor.py:183} INFO - Processing /home/airflow/.local/lib/python3.12/site-packages/airflow/example_dags/example_sensor_decorator.py took 0.516 seconds
[2026-03-25T11:15:59.931+0000] {processor.py:161} INFO - Started process (PID=113) to work on /home/airflow/.local/lib/python3.12/site-packages/airflow/example_dags/example_sensor_decorator.py
[2026-03-25T11:15:59.932+0000] {processor.py:830} INFO - Processing file /home/airflow/.local/lib/python3.12/site-packages/airflow/example_dags/example_sensor_decorator.py for tasks to queue
[2026-03-25T11:15:59.936+0000] {logging_mixin.py:188} INFO - [2026-03-25T11:15:59.935+0000] {dagbag.py:540} INFO - Filling up the DagBag from /home/airflow/.local/lib/python3.12/site-packages/airflow/example_dags/example_sensor_decorator.py
[2026-03-25T11:15:59.946+0000] {processor.py:840} INFO - DAG(s) 'example_sensor_decorator' retrieved from /home/airflow/.local/lib/python3.12/site-packages/airflow/example_dags/example_sensor_decorator.py
[2026-03-25T11:15:59.973+0000] {logging_mixin.py:188} INFO - [2026-03-25T11:15:59.973+0000] {dag.py:3096} INFO - Sync 1 DAGs
[2026-03-25T11:15:59.989+0000] {logging_mixin.py:188} INFO - [2026-03-25T11:15:59.989+0000] {dag.py:3954} INFO - Setting next_dagrun for example_sensor_decorator to None, run_after=None
[2026-03-25T11:16:00.039+0000] {processor.py:183} INFO - Processing /home/airflow/.local/lib/python3.12/site-packages/airflow/example_dags/example_sensor_decorator.py took 0.117 seconds
[2026-03-25T11:16:32.757+0000] {processor.py:161} INFO - Started process (PID=174) to work on /home/airflow/.local/lib/python3.12/site-packages/airflow/example_dags/example_sensor_decorator.py
[2026-03-25T11:16:32.759+0000] {processor.py:830} INFO - Processing file /home/airflow/.local/lib/python3.12/site-packages/airflow/example_dags/example_sensor_decorator.py for tasks to queue
[2026-03-25T11:16:32.764+0000] {logging_mixin.py:188} INFO - [2026-03-25T11:16:32.763+0000] {dagbag.py:540} INFO - Filling up the DagBag from /home/airflow/.local/lib/python3.12/site-packages/airflow/example_dags/example_sensor_decorator.py
[2026-03-25T11:16:32.775+0000] {processor.py:840} INFO - DAG(s) 'example_sensor_decorator' retrieved from /home/airflow/.local/lib/python3.12/site-packages/airflow/example_dags/example_sensor_decorator.py
[2026-03-25T11:16:32.809+0000] {logging_mixin.py:188} INFO - [2026-03-25T11:16:32.808+0000] {dag.py:3096} INFO - Sync 1 DAGs
[2026-03-25T11:16:32.832+0000] {logging_mixin.py:188} INFO - [2026-03-25T11:16:32.832+0000] {dag.py:3954} INFO - Setting next_dagrun for example_sensor_decorator to None, run_after=None
[2026-03-25T11:16:32.893+0000] {processor.py:183} INFO - Processing /home/airflow/.local/lib/python3.12/site-packages/airflow/example_dags/example_sensor_decorator.py took 0.149 seconds
[2026-03-25T11:17:05.765+0000] {processor.py:161} INFO - Started process (PID=237) to work on /home/airflow/.local/lib/python3.12/site-packages/airflow/example_dags/example_sensor_decorator.py
[2026-03-25T11:17:05.766+0000] {processor.py:830} INFO - Processing file /home/airflow/.local/lib/python3.12/site-packages/airflow/example_dags/example_sensor_decorator.py for tasks to queue
[2026-03-25T11:17:05.770+0000] {logging_mixin.py:188} INFO - [2026-03-25T11:17:05.770+0000] {dagbag.py:540} INFO - Filling up the DagBag from /home/airflow/.local/lib/python3.12/site-packages/airflow/example_dags/example_sensor_decorator.py
[2026-03-25T11:17:05.782+0000] {processor.py:840} INFO - DAG(s) 'example_sensor_decorator' retrieved from /home/airflow/.local/lib/python3.12/site-packages/airflow/example_dags/example_sensor_decorator.py
[2026-03-25T11:17:05.965+0000] {logging_mixin.py:188} INFO - [2026-03-25T11:17:05.965+0000] {dag.py:3096} INFO - Sync 1 DAGs
[2026-03-25T11:17:05.978+0000] {logging_mixin.py:188} INFO - [2026-03-25T11:17:05.978+0000] {dag.py:3954} INFO - Setting next_dagrun for example_sensor_decorator to None, run_after=None
[2026-03-25T11:17:06.032+0000] {processor.py:183} INFO - Processing /home/airflow/.local/lib/python3.12/site-packages/airflow/example_dags/example_sensor_decorator.py took 0.273 seconds
[2026-03-25T11:17:36.281+0000] {processor.py:161} INFO - Started process (PID=296) to work on /home/airflow/.local/lib/python3.12/site-packages/airflow/example_dags/example_sensor_decorator.py
[2026-03-25T11:17:36.282+0000] {processor.py:830} INFO - Processing file /home/airflow/.local/lib/python3.12/site-packages/airflow/example_dags/example_sensor_decorator.py for tasks to queue
[2026-03-25T11:17:36.284+0000] {logging_mixin.py:188} INFO - [2026-03-25T11:17:36.284+0000] {dagbag.py:540} INFO - Filling up the DagBag from /home/airflow/.local/lib/python3.12/site-packages/airflow/example_dags/example_sensor_decorator.py
[2026-03-25T11:17:36.290+0000] {processor.py:840} INFO - DAG(s) 'example_sensor_decorator' retrieved from /home/airflow/.local/lib/python3.12/site-packages/airflow/example_dags/example_sensor_decorator.py
[2026-03-25T11:17:36.309+0000] {logging_mixin.py:188} INFO - [2026-03-25T11:17:36.309+0000] {dag.py:3096} INFO - Sync 1 DAGs
[2026-03-25T11:17:36.323+0000] {logging_mixin.py:188} INFO - [2026-03-25T11:17:36.322+0000] {dag.py:3954} INFO - Setting next_dagrun for example_sensor_decorator to None, run_after=None
[2026-03-25T11:17:36.360+0000] {processor.py:183} INFO - Processing /home/airflow/.local/lib/python3.12/site-packages/airflow/example_dags/example_sensor_decorator.py took 0.085 seconds
[2026-03-25T11:18:06.682+0000] {processor.py:161} INFO - Started process (PID=349) to work on /home/airflow/.local/lib/python3.12/site-packages/airflow/example_dags/example_sensor_decorator.py
[2026-03-25T11:18:06.683+0000] {processor.py:830} INFO - Processing file /home/airflow/.local/lib/python3.12/site-packages/airflow/example_dags/example_sensor_decorator.py for tasks to queue
[2026-03-25T11:18:06.685+0000] {logging_mixin.py:188} INFO - [2026-03-25T11:18:06.684+0000] {dagbag.py:540} INFO - Filling up the DagBag from /home/airflow/.local/lib/python3.12/site-packages/airflow/example_dags/example_sensor_decorator.py
[2026-03-25T11:18:06.691+0000] {processor.py:840} INFO - DAG(s) 'example_sensor_decorator' retrieved from /home/airflow/.local/lib/python3.12/site-packages/airflow/example_dags/example_sensor_decorator.py
[2026-03-25T11:18:06.713+0000] {logging_mixin.py:188} INFO - [2026-03-25T11:18:06.713+0000] {dag.py:3096} INFO - Sync 1 DAGs
[2026-03-25T11:18:06.726+0000] {logging_mixin.py:188} INFO - [2026-03-25T11:18:06.726+0000] {dag.py:3954} INFO - Setting next_dagrun for example_sensor_decorator to None, run_after=None
[2026-03-25T11:18:06.792+0000] {processor.py:183} INFO - Processing /home/airflow/.local/lib/python3.12/site-packages/airflow/example_dags/example_sensor_decorator.py took 0.116 seconds
[2026-03-25T11:18:37.121+0000] {processor.py:161} INFO - Started process (PID=408) to work on /home/airflow/.local/lib/python3.12/site-packages/airflow/example_dags/example_sensor_decorator.py
[2026-03-25T11:18:37.123+0000] {processor.py:830} INFO - Processing file /home/airflow/.local/lib/python3.12/site-packages/airflow/example_dags/example_sensor_decorator.py for tasks to queue
[2026-03-25T11:18:37.126+0000] {logging_mixin.py:188} INFO - [2026-03-25T11:18:37.125+0000] {dagbag.py:540} INFO - Filling up the DagBag from /home/airflow/.local/lib/python3.12/site-packages/airflow/example_dags/example_sensor_decorator.py
[2026-03-25T11:18:37.132+0000] {processor.py:840} INFO - DAG(s) 'example_sensor_decorator' retrieved from /home/airflow/.local/lib/python3.12/site-packages/airflow/example_dags/example_sensor_decorator.py
[2026-03-25T11:18:37.151+0000] {logging_mixin.py:188} INFO - [2026-03-25T11:18:37.151+0000] {dag.py:3096} INFO - Sync 1 DAGs
[2026-03-25T11:18:37.164+0000] {logging_mixin.py:188} INFO - [2026-03-25T11:18:37.164+0000] {dag.py:3954} INFO - Setting next_dagrun for example_sensor_decorator to None, run_after=None
[2026-03-25T11:18:37.223+0000] {processor.py:183} INFO - Processing /home/airflow/.local/lib/python3.12/site-packages/airflow/example_dags/example_sensor_decorator.py took 0.110 seconds
[2026-03-25T11:19:07.693+0000] {processor.py:161} INFO - Started process (PID=467) to work on /home/airflow/.local/lib/python3.12/site-packages/airflow/example_dags/example_sensor_decorator.py
[2026-03-25T11:19:07.694+0000] {processor.py:830} INFO - Processing file /home/airflow/.local/lib/python3.12/site-packages/airflow/example_dags/example_sensor_decorator.py for tasks to queue
[2026-03-25T11:19:07.697+0000] {logging_mixin.py:188} INFO - [2026-03-25T11:19:07.697+0000] {dagbag.py:540} INFO - Filling up the DagBag from /home/airflow/.local/lib/python3.12/site-packages/airflow/example_dags/example_sensor_decorator.py
[2026-03-25T11:19:07.703+0000] {processor.py:840} INFO - DAG(s) 'example_sensor_decorator' retrieved from /home/airflow/.local/lib/python3.12/site-packages/airflow/example_dags/example_sensor_decorator.py
[2026-03-25T11:19:07.722+0000] {logging_mixin.py:188} INFO - [2026-03-25T11:19:07.722+0000] {dag.py:3096} INFO - Sync 1 DAGs
[2026-03-25T11:19:07.734+0000] {logging_mixin.py:188} INFO - [2026-03-25T11:19:07.734+0000] {dag.py:3954} INFO - Setting next_dagrun for example_sensor_decorator to None, run_after=None
[2026-03-25T11:19:07.780+0000] {processor.py:183} INFO - Processing /home/airflow/.local/lib/python3.12/site-packages/airflow/example_dags/example_sensor_decorator.py took 0.092 seconds
[2026-03-25T11:19:37.991+0000] {processor.py:161} INFO - Started process (PID=526) to work on /home/airflow/.local/lib/python3.12/site-packages/airflow/example_dags/example_sensor_decorator.py
[2026-03-25T11:19:37.992+0000] {processor.py:830} INFO - Processing file /home/airflow/.local/lib/python3.12/site-packages/airflow/example_dags/example_sensor_decorator.py for tasks to queue
[2026-03-25T11:19:37.995+0000] {logging_mixin.py:188} INFO - [2026-03-25T11:19:37.994+0000] {dagbag.py:540} INFO - Filling up the DagBag from /home/airflow/.local/lib/python3.12/site-packages/airflow/example_dags/example_sensor_decorator.py
[2026-03-25T11:19:38.003+0000] {processor.py:840} INFO - DAG(s) 'example_sensor_decorator' retrieved from /home/airflow/.local/lib/python3.12/site-packages/airflow/example_dags/example_sensor_decorator.py
[2026-03-25T11:19:38.028+0000] {logging_mixin.py:188} INFO - [2026-03-25T11:19:38.028+0000] {dag.py:3096} INFO - Sync 1 DAGs
[2026-03-25T11:19:38.046+0000] {logging_mixin.py:188} INFO - [2026-03-25T11:19:38.045+0000] {dag.py:3954} INFO - Setting next_dagrun for example_sensor_decorator to None, run_after=None
[2026-03-25T11:19:38.100+0000] {processor.py:183} INFO - Processing /home/airflow/.local/lib/python3.12/site-packages/airflow/example_dags/example_sensor_decorator.py took 0.115 seconds
[2026-03-25T11:20:08.445+0000] {processor.py:161} INFO - Started process (PID=585) to work on /home/airflow/.local/lib/python3.12/site-packages/airflow/example_dags/example_sensor_decorator.py
[2026-03-25T11:20:08.446+0000] {processor.py:830} INFO - Processing file /home/airflow/.local/lib/python3.12/site-packages/airflow/example_dags/example_sensor_decorator.py for tasks to queue
[2026-03-25T11:20:08.449+0000] {logging_mixin.py:188} INFO - [2026-03-25T11:20:08.449+0000] {dagbag.py:540} INFO - Filling up the DagBag from /home/airflow/.local/lib/python3.12/site-packages/airflow/example_dags/example_sensor_decorator.py
[2026-03-25T11:20:08.458+0000] {processor.py:840} INFO - DAG(s) 'example_sensor_decorator' retrieved from /home/airflow/.local/lib/python3.12/site-packages/airflow/example_dags/example_sensor_decorator.py
[2026-03-25T11:20:08.482+0000] {logging_mixin.py:188} INFO - [2026-03-25T11:20:08.481+0000] {dag.py:3096} INFO - Sync 1 DAGs
[2026-03-25T11:20:08.496+0000] {logging_mixin.py:188} INFO - [2026-03-25T11:20:08.495+0000] {dag.py:3954} INFO - Setting next_dagrun for example_sensor_decorator to None, run_after=None
[2026-03-25T11:20:08.571+0000] {processor.py:183} INFO - Processing /home/airflow/.local/lib/python3.12/site-packages/airflow/example_dags/example_sensor_decorator.py took 0.132 seconds
[2026-03-25T11:20:39.157+0000] {processor.py:161} INFO - Started process (PID=644) to work on /home/airflow/.local/lib/python3.12/site-packages/airflow/example_dags/example_sensor_decorator.py
[2026-03-25T11:20:39.158+0000] {processor.py:830} INFO - Processing file /home/airflow/.local/lib/python3.12/site-packages/airflow/example_dags/example_sensor_decorator.py for tasks to queue
[2026-03-25T11:20:39.160+0000] {logging_mixin.py:188} INFO - [2026-03-25T11:20:39.160+0000] {dagbag.py:540} INFO - Filling up the DagBag from /home/airflow/.local/lib/python3.12/site-packages/airflow/example_dags/example_sensor_decorator.py
[2026-03-25T11:20:39.169+0000] {processor.py:840} INFO - DAG(s) 'example_sensor_decorator' retrieved from /home/airflow/.local/lib/python3.12/site-packages/airflow/example_dags/example_sensor_decorator.py
[2026-03-25T11:20:39.191+0000] {logging_mixin.py:188} INFO - [2026-03-25T11:20:39.191+0000] {dag.py:3096} INFO - Sync 1 DAGs
[2026-03-25T11:20:39.206+0000] {logging_mixin.py:188} INFO - [2026-03-25T11:20:39.206+0000] {dag.py:3954} INFO - Setting next_dagrun for example_sensor_decorator to None, run_after=None
[2026-03-25T11:20:39.277+0000] {processor.py:183} INFO - Processing /home/airflow/.local/lib/python3.12/site-packages/airflow/example_dags/example_sensor_decorator.py took 0.127 seconds
[2026-03-25T11:21:09.796+0000] {processor.py:161} INFO - Started process (PID=703) to work on /home/airflow/.local/lib/python3.12/site-packages/airflow/example_dags/example_sensor_decorator.py
[2026-03-25T11:21:09.797+0000] {processor.py:830} INFO - Processing file /home/airflow/.local/lib/python3.12/site-packages/airflow/example_dags/example_sensor_decorator.py for tasks to queue
[2026-03-25T11:21:09.799+0000] {logging_mixin.py:188} INFO - [2026-03-25T11:21:09.799+0000] {dagbag.py:540} INFO - Filling up the DagBag from /home/airflow/.local/lib/python3.12/site-packages/airflow/example_dags/example_sensor_decorator.py
[2026-03-25T11:21:09.806+0000] {processor.py:840} INFO - DAG(s) 'example_sensor_decorator' retrieved from /home/airflow/.local/lib/python3.12/site-packages/airflow/example_dags/example_sensor_decorator.py
[2026-03-25T11:21:09.828+0000] {logging_mixin.py:188} INFO - [2026-03-25T11:21:09.828+0000] {dag.py:3096} INFO - Sync 1 DAGs
[2026-03-25T11:21:09.842+0000] {logging_mixin.py:188} INFO - [2026-03-25T11:21:09.842+0000] {dag.py:3954} INFO - Setting next_dagrun for example_sensor_decorator to None, run_after=None
[2026-03-25T11:21:09.921+0000] {processor.py:183} INFO - Processing /home/airflow/.local/lib/python3.12/site-packages/airflow/example_dags/example_sensor_decorator.py took 0.132 seconds
[2026-03-25T11:21:40.431+0000] {processor.py:161} INFO - Started process (PID=762) to work on /home/airflow/.local/lib/python3.12/site-packages/airflow/example_dags/example_sensor_decorator.py
[2026-03-25T11:21:40.432+0000] {processor.py:830} INFO - Processing file /home/airflow/.local/lib/python3.12/site-packages/airflow/example_dags/example_sensor_decorator.py for tasks to queue
[2026-03-25T11:21:40.435+0000] {logging_mixin.py:188} INFO - [2026-03-25T11:21:40.434+0000] {dagbag.py:540} INFO - Filling up the DagBag from /home/airflow/.local/lib/python3.12/site-packages/airflow/example_dags/example_sensor_decorator.py
[2026-03-25T11:21:40.443+0000] {processor.py:840} INFO - DAG(s) 'example_sensor_decorator' retrieved from /home/airflow/.local/lib/python3.12/site-packages/airflow/example_dags/example_sensor_decorator.py
[2026-03-25T11:21:40.465+0000] {logging_mixin.py:188} INFO - [2026-03-25T11:21:40.464+0000] {dag.py:3096} INFO - Sync 1 DAGs
[2026-03-25T11:21:40.478+0000] {logging_mixin.py:188} INFO - [2026-03-25T11:21:40.478+0000] {dag.py:3954} INFO - Setting next_dagrun for example_sensor_decorator to None, run_after=None
[2026-03-25T11:21:40.551+0000] {processor.py:183} INFO - Processing /home/airflow/.local/lib/python3.12/site-packages/airflow/example_dags/example_sensor_decorator.py took 0.128 seconds
[2026-03-25T11:22:10.928+0000] {processor.py:161} INFO - Started process (PID=821) to work on /home/airflow/.local/lib/python3.12/site-packages/airflow/example_dags/example_sensor_decorator.py
[2026-03-25T11:22:10.930+0000] {processor.py:830} INFO - Processing file /home/airflow/.local/lib/python3.12/site-packages/airflow/example_dags/example_sensor_decorator.py for tasks to queue
[2026-03-25T11:22:10.939+0000] {logging_mixin.py:188} INFO - [2026-03-25T11:22:10.938+0000] {dagbag.py:540} INFO - Filling up the DagBag from /home/airflow/.local/lib/python3.12/site-packages/airflow/example_dags/example_sensor_decorator.py
[2026-03-25T11:22:10.952+0000] {processor.py:840} INFO - DAG(s) 'example_sensor_decorator' retrieved from /home/airflow/.local/lib/python3.12/site-packages/airflow/example_dags/example_sensor_decorator.py
[2026-03-25T11:22:10.998+0000] {logging_mixin.py:188} INFO - [2026-03-25T11:22:10.998+0000] {dag.py:3096} INFO - Sync 1 DAGs
[2026-03-25T11:22:11.045+0000] {logging_mixin.py:188} INFO - [2026-03-25T11:22:11.044+0000] {dag.py:3954} INFO - Setting next_dagrun for example_sensor_decorator to None, run_after=None
[2026-03-25T11:22:11.111+0000] {processor.py:183} INFO - Processing /home/airflow/.local/lib/python3.12/site-packages/airflow/example_dags/example_sensor_decorator.py took 0.196 seconds
[2026-03-25T11:22:41.849+0000] {processor.py:161} INFO - Started process (PID=880) to work on /home/airflow/.local/lib/python3.12/site-packages/airflow/example_dags/example_sensor_decorator.py
[2026-03-25T11:22:41.851+0000] {processor.py:830} INFO - Processing file /home/airflow/.local/lib/python3.12/site-packages/airflow/example_dags/example_sensor_decorator.py for tasks to queue
[2026-03-25T11:22:41.852+0000] {logging_mixin.py:188} INFO - [2026-03-25T11:22:41.852+0000] {dagbag.py:540} INFO - Filling up the DagBag from /home/airflow/.local/lib/python3.12/site-packages/airflow/example_dags/example_sensor_decorator.py
[2026-03-25T11:22:41.859+0000] {processor.py:840} INFO - DAG(s) 'example_sensor_decorator' retrieved from /home/airflow/.local/lib/python3.12/site-packages/airflow/example_dags/example_sensor_decorator.py
[2026-03-25T11:22:41.878+0000] {logging_mixin.py:188} INFO - [2026-03-25T11:22:41.877+0000] {dag.py:3096} INFO - Sync 1 DAGs
[2026-03-25T11:22:41.890+0000] {logging_mixin.py:188} INFO - [2026-03-25T11:22:41.890+0000] {dag.py:3954} INFO - Setting next_dagrun for example_sensor_decorator to None, run_after=None
[2026-03-25T11:22:42.116+0000] {processor.py:183} INFO - Processing /home/airflow/.local/lib/python3.12/site-packages/airflow/example_dags/example_sensor_decorator.py took 0.273 seconds
[2026-03-25T11:23:12.652+0000] {processor.py:161} INFO - Started process (PID=939) to work on /home/airflow/.local/lib/python3.12/site-packages/airflow/example_dags/example_sensor_decorator.py
[2026-03-25T11:23:12.654+0000] {processor.py:830} INFO - Processing file /home/airflow/.local/lib/python3.12/site-packages/airflow/example_dags/example_sensor_decorator.py for tasks to queue
[2026-03-25T11:23:12.656+0000] {logging_mixin.py:188} INFO - [2026-03-25T11:23:12.656+0000] {dagbag.py:540} INFO - Filling up the DagBag from /home/airflow/.local/lib/python3.12/site-packages/airflow/example_dags/example_sensor_decorator.py
[2026-03-25T11:23:12.663+0000] {processor.py:840} INFO - DAG(s) 'example_sensor_decorator' retrieved from /home/airflow/.local/lib/python3.12/site-packages/airflow/example_dags/example_sensor_decorator.py
[2026-03-25T11:23:12.683+0000] {logging_mixin.py:188} INFO - [2026-03-25T11:23:12.683+0000] {dag.py:3096} INFO - Sync 1 DAGs
[2026-03-25T11:23:12.696+0000] {logging_mixin.py:188} INFO - [2026-03-25T11:23:12.696+0000] {dag.py:3954} INFO - Setting next_dagrun for example_sensor_decorator to None, run_after=None
[2026-03-25T11:23:12.767+0000] {processor.py:183} INFO - Processing /home/airflow/.local/lib/python3.12/site-packages/airflow/example_dags/example_sensor_decorator.py took 0.121 seconds
[2026-03-25T11:23:42.999+0000] {processor.py:161} INFO - Started process (PID=998) to work on /home/airflow/.local/lib/python3.12/site-packages/airflow/example_dags/example_sensor_decorator.py
[2026-03-25T11:23:43.000+0000] {processor.py:830} INFO - Processing file /home/airflow/.local/lib/python3.12/site-packages/airflow/example_dags/example_sensor_decorator.py for tasks to queue
[2026-03-25T11:23:43.003+0000] {logging_mixin.py:188} INFO - [2026-03-25T11:23:43.002+0000] {dagbag.py:540} INFO - Filling up the DagBag from /home/airflow/.local/lib/python3.12/site-packages/airflow/example_dags/example_sensor_decorator.py
[2026-03-25T11:23:43.010+0000] {processor.py:840} INFO - DAG(s) 'example_sensor_decorator' retrieved from /home/airflow/.local/lib/python3.12/site-packages/airflow/example_dags/example_sensor_decorator.py
[2026-03-25T11:23:43.033+0000] {logging_mixin.py:188} INFO - [2026-03-25T11:23:43.032+0000] {dag.py:3096} INFO - Sync 1 DAGs
[2026-03-25T11:23:43.047+0000] {logging_mixin.py:188} INFO - [2026-03-25T11:23:43.047+0000] {dag.py:3954} INFO - Setting next_dagrun for example_sensor_decorator to None, run_after=None
[2026-03-25T11:23:43.097+0000] {processor.py:183} INFO - Processing /home/airflow/.local/lib/python3.12/site-packages/airflow/example_dags/example_sensor_decorator.py took 0.105 seconds
[2026-03-25T11:24:13.915+0000] {processor.py:161} INFO - Started process (PID=1057) to work on /home/airflow/.local/lib/python3.12/site-packages/airflow/example_dags/example_sensor_decorator.py
[2026-03-25T11:24:13.916+0000] {processor.py:830} INFO - Processing file /home/airflow/.local/lib/python3.12/site-packages/airflow/example_dags/example_sensor_decorator.py for tasks to queue
[2026-03-25T11:24:13.918+0000] {logging_mixin.py:188} INFO - [2026-03-25T11:24:13.917+0000] {dagbag.py:540} INFO - Filling up the DagBag from /home/airflow/.local/lib/python3.12/site-packages/airflow/example_dags/example_sensor_decorator.py
[2026-03-25T11:24:13.924+0000] {processor.py:840} INFO - DAG(s) 'example_sensor_decorator' retrieved from /home/airflow/.local/lib/python3.12/site-packages/airflow/example_dags/example_sensor_decorator.py
[2026-03-25T11:24:13.951+0000] {logging_mixin.py:188} INFO - [2026-03-25T11:24:13.950+0000] {dag.py:3096} INFO - Sync 1 DAGs
[2026-03-25T11:24:13.969+0000] {logging_mixin.py:188} INFO - [2026-03-25T11:24:13.969+0000] {dag.py:3954} INFO - Setting next_dagrun for example_sensor_decorator to None, run_after=None
[2026-03-25T11:24:14.024+0000] {processor.py:183} INFO - Processing /home/airflow/.local/lib/python3.12/site-packages/airflow/example_dags/example_sensor_decorator.py took 0.116 seconds
[2026-03-25T11:24:48.933+0000] {processor.py:161} INFO - Started process (PID=1114) to work on /home/airflow/.local/lib/python3.12/site-packages/airflow/example_dags/example_sensor_decorator.py
[2026-03-25T11:24:48.934+0000] {processor.py:830} INFO - Processing file /home/airflow/.local/lib/python3.12/site-packages/airflow/example_dags/example_sensor_decorator.py for tasks to queue
[2026-03-25T11:24:48.939+0000] {logging_mixin.py:188} INFO - [2026-03-25T11:24:48.938+0000] {dagbag.py:540} INFO - Filling up the DagBag from /home/airflow/.local/lib/python3.12/site-packages/airflow/example_dags/example_sensor_decorator.py
[2026-03-25T11:24:48.954+0000] {processor.py:840} INFO - DAG(s) 'example_sensor_decorator' retrieved from /home/airflow/.local/lib/python3.12/site-packages/airflow/example_dags/example_sensor_decorator.py
[2026-03-25T11:24:49.004+0000] {logging_mixin.py:188} INFO - [2026-03-25T11:24:49.003+0000] {dag.py:3096} INFO - Sync 1 DAGs
[2026-03-25T11:24:49.048+0000] {logging_mixin.py:188} INFO - [2026-03-25T11:24:49.047+0000] {dag.py:3954} INFO - Setting next_dagrun for example_sensor_decorator to None, run_after=None
[2026-03-25T11:24:49.139+0000] {processor.py:183} INFO - Processing /home/airflow/.local/lib/python3.12/site-packages/airflow/example_dags/example_sensor_decorator.py took 0.218 seconds
[2026-03-25T11:25:19.382+0000] {processor.py:161} INFO - Started process (PID=1171) to work on /home/airflow/.local/lib/python3.12/site-packages/airflow/example_dags/example_sensor_decorator.py
[2026-03-25T11:25:19.383+0000] {processor.py:830} INFO - Processing file /home/airflow/.local/lib/python3.12/site-packages/airflow/example_dags/example_sensor_decorator.py for tasks to queue
[2026-03-25T11:25:19.387+0000] {logging_mixin.py:188} INFO - [2026-03-25T11:25:19.387+0000] {dagbag.py:540} INFO - Filling up the DagBag from /home/airflow/.local/lib/python3.12/site-packages/airflow/example_dags/example_sensor_decorator.py
[2026-03-25T11:25:19.399+0000] {processor.py:840} INFO - DAG(s) 'example_sensor_decorator' retrieved from /home/airflow/.local/lib/python3.12/site-packages/airflow/example_dags/example_sensor_decorator.py
[2026-03-25T11:25:19.456+0000] {logging_mixin.py:188} INFO - [2026-03-25T11:25:19.456+0000] {dag.py:3096} INFO - Sync 1 DAGs
[2026-03-25T11:25:19.476+0000] {logging_mixin.py:188} INFO - [2026-03-25T11:25:19.476+0000] {dag.py:3954} INFO - Setting next_dagrun for example_sensor_decorator to None, run_after=None
[2026-03-25T11:25:19.538+0000] {processor.py:183} INFO - Processing /home/airflow/.local/lib/python3.12/site-packages/airflow/example_dags/example_sensor_decorator.py took 0.169 seconds
[2026-03-25T11:25:52.230+0000] {processor.py:161} INFO - Started process (PID=1230) to work on /home/airflow/.local/lib/python3.12/site-packages/airflow/example_dags/example_sensor_decorator.py
[2026-03-25T11:25:52.231+0000] {processor.py:830} INFO - Processing file /home/airflow/.local/lib/python3.12/site-packages/airflow/example_dags/example_sensor_decorator.py for tasks to queue
[2026-03-25T11:25:52.233+0000] {logging_mixin.py:188} INFO - [2026-03-25T11:25:52.233+0000] {dagbag.py:540} INFO - Filling up the DagBag from /home/airflow/.local/lib/python3.12/site-packages/airflow/example_dags/example_sensor_decorator.py
[2026-03-25T11:25:52.240+0000] {processor.py:840} INFO - DAG(s) 'example_sensor_decorator' retrieved from /home/airflow/.local/lib/python3.12/site-packages/airflow/example_dags/example_sensor_decorator.py
[2026-03-25T11:25:52.259+0000] {logging_mixin.py:188} INFO - [2026-03-25T11:25:52.259+0000] {dag.py:3096} INFO - Sync 1 DAGs
[2026-03-25T11:25:52.272+0000] {logging_mixin.py:188} INFO - [2026-03-25T11:25:52.272+0000] {dag.py:3954} INFO - Setting next_dagrun for example_sensor_decorator to None, run_after=None
[2026-03-25T11:25:52.309+0000] {processor.py:183} INFO - Processing /home/airflow/.local/lib/python3.12/site-packages/airflow/example_dags/example_sensor_decorator.py took 0.084 seconds
[2026-03-25T11:26:22.417+0000] {processor.py:161} INFO - Started process (PID=1248) to work on /home/airflow/.local/lib/python3.12/site-packages/airflow/example_dags/example_sensor_decorator.py
[2026-03-25T11:26:22.418+0000] {processor.py:830} INFO - Processing file /home/airflow/.local/lib/python3.12/site-packages/airflow/example_dags/example_sensor_decorator.py for tasks to queue
[2026-03-25T11:26:22.420+0000] {logging_mixin.py:188} INFO - [2026-03-25T11:26:22.419+0000] {dagbag.py:540} INFO - Filling up the DagBag from /home/airflow/.local/lib/python3.12/site-packages/airflow/example_dags/example_sensor_decorator.py
[2026-03-25T11:26:22.426+0000] {processor.py:840} INFO - DAG(s) 'example_sensor_decorator' retrieved from /home/airflow/.local/lib/python3.12/site-packages/airflow/example_dags/example_sensor_decorator.py
[2026-03-25T11:26:22.446+0000] {logging_mixin.py:188} INFO - [2026-03-25T11:26:22.445+0000] {dag.py:3096} INFO - Sync 1 DAGs
[2026-03-25T11:26:22.459+0000] {logging_mixin.py:188} INFO - [2026-03-25T11:26:22.459+0000] {dag.py:3954} INFO - Setting next_dagrun for example_sensor_decorator to None, run_after=None
[2026-03-25T11:26:22.559+0000] {processor.py:183} INFO - Processing /home/airflow/.local/lib/python3.12/site-packages/airflow/example_dags/example_sensor_decorator.py took 0.149 seconds
[2026-03-25T11:26:55.169+0000] {processor.py:161} INFO - Started process (PID=1307) to work on /home/airflow/.local/lib/python3.12/site-packages/airflow/example_dags/example_sensor_decorator.py
[2026-03-25T11:26:55.170+0000] {processor.py:830} INFO - Processing file /home/airflow/.local/lib/python3.12/site-packages/airflow/example_dags/example_sensor_decorator.py for tasks to queue
[2026-03-25T11:26:55.172+0000] {logging_mixin.py:188} INFO - [2026-03-25T11:26:55.171+0000] {dagbag.py:540} INFO - Filling up the DagBag from /home/airflow/.local/lib/python3.12/site-packages/airflow/example_dags/example_sensor_decorator.py
[2026-03-25T11:26:55.178+0000] {processor.py:840} INFO - DAG(s) 'example_sensor_decorator' retrieved from /home/airflow/.local/lib/python3.12/site-packages/airflow/example_dags/example_sensor_decorator.py
[2026-03-25T11:26:55.200+0000] {logging_mixin.py:188} INFO - [2026-03-25T11:26:55.199+0000] {dag.py:3096} INFO - Sync 1 DAGs
[2026-03-25T11:26:55.213+0000] {logging_mixin.py:188} INFO - [2026-03-25T11:26:55.213+0000] {dag.py:3954} INFO - Setting next_dagrun for example_sensor_decorator to None, run_after=None
[2026-03-25T11:26:55.260+0000] {processor.py:183} INFO - Processing /home/airflow/.local/lib/python3.12/site-packages/airflow/example_dags/example_sensor_decorator.py took 0.099 seconds
[2026-03-25T11:27:27.531+0000] {processor.py:161} INFO - Started process (PID=1366) to work on /home/airflow/.local/lib/python3.12/site-packages/airflow/example_dags/example_sensor_decorator.py
[2026-03-25T11:27:27.533+0000] {processor.py:830} INFO - Processing file /home/airflow/.local/lib/python3.12/site-packages/airflow/example_dags/example_sensor_decorator.py for tasks to queue
[2026-03-25T11:27:27.536+0000] {logging_mixin.py:188} INFO - [2026-03-25T11:27:27.536+0000] {dagbag.py:540} INFO - Filling up the DagBag from /home/airflow/.local/lib/python3.12/site-packages/airflow/example_dags/example_sensor_decorator.py
[2026-03-25T11:27:27.548+0000] {processor.py:840} INFO - DAG(s) 'example_sensor_decorator' retrieved from /home/airflow/.local/lib/python3.12/site-packages/airflow/example_dags/example_sensor_decorator.py
[2026-03-25T11:27:27.584+0000] {logging_mixin.py:188} INFO - [2026-03-25T11:27:27.584+0000] {dag.py:3096} INFO - Sync 1 DAGs
[2026-03-25T11:27:27.608+0000] {logging_mixin.py:188} INFO - [2026-03-25T11:27:27.608+0000] {dag.py:3954} INFO - Setting next_dagrun for example_sensor_decorator to None, run_after=None
[2026-03-25T11:27:27.664+0000] {processor.py:183} INFO - Processing /home/airflow/.local/lib/python3.12/site-packages/airflow/example_dags/example_sensor_decorator.py took 0.145 seconds
[2026-03-25T11:28:00.276+0000] {processor.py:161} INFO - Started process (PID=1425) to work on /home/airflow/.local/lib/python3.12/site-packages/airflow/example_dags/example_sensor_decorator.py
[2026-03-25T11:28:00.277+0000] {processor.py:830} INFO - Processing file /home/airflow/.local/lib/python3.12/site-packages/airflow/example_dags/example_sensor_decorator.py for tasks to queue
[2026-03-25T11:28:00.282+0000] {logging_mixin.py:188} INFO - [2026-03-25T11:28:00.282+0000] {dagbag.py:540} INFO - Filling up the DagBag from /home/airflow/.local/lib/python3.12/site-packages/airflow/example_dags/example_sensor_decorator.py
[2026-03-25T11:28:00.289+0000] {processor.py:840} INFO - DAG(s) 'example_sensor_decorator' retrieved from /home/airflow/.local/lib/python3.12/site-packages/airflow/example_dags/example_sensor_decorator.py
[2026-03-25T11:28:00.311+0000] {logging_mixin.py:188} INFO - [2026-03-25T11:28:00.311+0000] {dag.py:3096} INFO - Sync 1 DAGs
[2026-03-25T11:28:00.325+0000] {logging_mixin.py:188} INFO - [2026-03-25T11:28:00.325+0000] {dag.py:3954} INFO - Setting next_dagrun for example_sensor_decorator to None, run_after=None
[2026-03-25T11:28:00.372+0000] {processor.py:183} INFO - Processing /home/airflow/.local/lib/python3.12/site-packages/airflow/example_dags/example_sensor_decorator.py took 0.106 seconds
[2026-03-25T11:28:33.366+0000] {processor.py:161} INFO - Started process (PID=1484) to work on /home/airflow/.local/lib/python3.12/site-packages/airflow/example_dags/example_sensor_decorator.py
[2026-03-25T11:28:33.368+0000] {processor.py:830} INFO - Processing file /home/airflow/.local/lib/python3.12/site-packages/airflow/example_dags/example_sensor_decorator.py for tasks to queue
[2026-03-25T11:28:33.370+0000] {logging_mixin.py:188} INFO - [2026-03-25T11:28:33.370+0000] {dagbag.py:540} INFO - Filling up the DagBag from /home/airflow/.local/lib/python3.12/site-packages/airflow/example_dags/example_sensor_decorator.py
[2026-03-25T11:28:33.378+0000] {processor.py:840} INFO - DAG(s) 'example_sensor_decorator' retrieved from /home/airflow/.local/lib/python3.12/site-packages/airflow/example_dags/example_sensor_decorator.py
[2026-03-25T11:28:33.407+0000] {logging_mixin.py:188} INFO - [2026-03-25T11:28:33.406+0000] {dag.py:3096} INFO - Sync 1 DAGs
[2026-03-25T11:28:33.426+0000] {logging_mixin.py:188} INFO - [2026-03-25T11:28:33.425+0000] {dag.py:3954} INFO - Setting next_dagrun for example_sensor_decorator to None, run_after=None
[2026-03-25T11:28:33.497+0000] {processor.py:183} INFO - Processing /home/airflow/.local/lib/python3.12/site-packages/airflow/example_dags/example_sensor_decorator.py took 0.142 seconds
[2026-03-25T11:29:05.621+0000] {processor.py:161} INFO - Started process (PID=1543) to work on /home/airflow/.local/lib/python3.12/site-packages/airflow/example_dags/example_sensor_decorator.py
[2026-03-25T11:29:05.622+0000] {processor.py:830} INFO - Processing file /home/airflow/.local/lib/python3.12/site-packages/airflow/example_dags/example_sensor_decorator.py for tasks to queue
[2026-03-25T11:29:05.624+0000] {logging_mixin.py:188} INFO - [2026-03-25T11:29:05.624+0000] {dagbag.py:540} INFO - Filling up the DagBag from /home/airflow/.local/lib/python3.12/site-packages/airflow/example_dags/example_sensor_decorator.py
[2026-03-25T11:29:05.630+0000] {processor.py:840} INFO - DAG(s) 'example_sensor_decorator' retrieved from /home/airflow/.local/lib/python3.12/site-packages/airflow/example_dags/example_sensor_decorator.py
[2026-03-25T11:29:05.650+0000] {logging_mixin.py:188} INFO - [2026-03-25T11:29:05.649+0000] {dag.py:3096} INFO - Sync 1 DAGs
[2026-03-25T11:29:05.662+0000] {logging_mixin.py:188} INFO - [2026-03-25T11:29:05.662+0000] {dag.py:3954} INFO - Setting next_dagrun for example_sensor_decorator to None, run_after=None
[2026-03-25T11:29:05.730+0000] {processor.py:183} INFO - Processing /home/airflow/.local/lib/python3.12/site-packages/airflow/example_dags/example_sensor_decorator.py took 0.114 seconds
[2026-03-25T11:29:35.869+0000] {processor.py:161} INFO - Started process (PID=1608) to work on /home/airflow/.local/lib/python3.12/site-packages/airflow/example_dags/example_sensor_decorator.py
[2026-03-25T11:29:35.872+0000] {processor.py:830} INFO - Processing file /home/airflow/.local/lib/python3.12/site-packages/airflow/example_dags/example_sensor_decorator.py for tasks to queue
[2026-03-25T11:29:35.877+0000] {logging_mixin.py:188} INFO - [2026-03-25T11:29:35.876+0000] {dagbag.py:540} INFO - Filling up the DagBag from /home/airflow/.local/lib/python3.12/site-packages/airflow/example_dags/example_sensor_decorator.py
[2026-03-25T11:29:35.892+0000] {processor.py:840} INFO - DAG(s) 'example_sensor_decorator' retrieved from /home/airflow/.local/lib/python3.12/site-packages/airflow/example_dags/example_sensor_decorator.py
[2026-03-25T11:29:35.948+0000] {logging_mixin.py:188} INFO - [2026-03-25T11:29:35.947+0000] {dag.py:3096} INFO - Sync 1 DAGs
[2026-03-25T11:29:35.978+0000] {logging_mixin.py:188} INFO - [2026-03-25T11:29:35.978+0000] {dag.py:3954} INFO - Setting next_dagrun for example_sensor_decorator to None, run_after=None
[2026-03-25T11:29:36.033+0000] {processor.py:183} INFO - Processing /home/airflow/.local/lib/python3.12/site-packages/airflow/example_dags/example_sensor_decorator.py took 0.183 seconds
[2026-03-25T11:30:06.587+0000] {processor.py:161} INFO - Started process (PID=1661) to work on /home/airflow/.local/lib/python3.12/site-packages/airflow/example_dags/example_sensor_decorator.py
[2026-03-25T11:30:06.588+0000] {processor.py:830} INFO - Processing file /home/airflow/.local/lib/python3.12/site-packages/airflow/example_dags/example_sensor_decorator.py for tasks to queue
[2026-03-25T11:30:06.590+0000] {logging_mixin.py:188} INFO - [2026-03-25T11:30:06.589+0000] {dagbag.py:540} INFO - Filling up the DagBag from /home/airflow/.local/lib/python3.12/site-packages/airflow/example_dags/example_sensor_decorator.py
[2026-03-25T11:30:06.596+0000] {processor.py:840} INFO - DAG(s) 'example_sensor_decorator' retrieved from /home/airflow/.local/lib/python3.12/site-packages/airflow/example_dags/example_sensor_decorator.py
[2026-03-25T11:30:06.616+0000] {logging_mixin.py:188} INFO - [2026-03-25T11:30:06.616+0000] {dag.py:3096} INFO - Sync 1 DAGs
[2026-03-25T11:30:06.693+0000] {logging_mixin.py:188} INFO - [2026-03-25T11:30:06.693+0000] {dag.py:3954} INFO - Setting next_dagrun for example_sensor_decorator to None, run_after=None
[2026-03-25T11:30:06.758+0000] {processor.py:183} INFO - Processing /home/airflow/.local/lib/python3.12/site-packages/airflow/example_dags/example_sensor_decorator.py took 0.177 seconds
[2026-03-25T11:30:37.170+0000] {processor.py:161} INFO - Started process (PID=1720) to work on /home/airflow/.local/lib/python3.12/site-packages/airflow/example_dags/example_sensor_decorator.py
[2026-03-25T11:30:37.171+0000] {processor.py:830} INFO - Processing file /home/airflow/.local/lib/python3.12/site-packages/airflow/example_dags/example_sensor_decorator.py for tasks to queue
[2026-03-25T11:30:37.173+0000] {logging_mixin.py:188} INFO - [2026-03-25T11:30:37.173+0000] {dagbag.py:540} INFO - Filling up the DagBag from /home/airflow/.local/lib/python3.12/site-packages/airflow/example_dags/example_sensor_decorator.py
[2026-03-25T11:30:37.180+0000] {processor.py:840} INFO - DAG(s) 'example_sensor_decorator' retrieved from /home/airflow/.local/lib/python3.12/site-packages/airflow/example_dags/example_sensor_decorator.py
[2026-03-25T11:30:37.202+0000] {logging_mixin.py:188} INFO - [2026-03-25T11:30:37.202+0000] {dag.py:3096} INFO - Sync 1 DAGs
[2026-03-25T11:30:37.217+0000] {logging_mixin.py:188} INFO - [2026-03-25T11:30:37.216+0000] {dag.py:3954} INFO - Setting next_dagrun for example_sensor_decorator to None, run_after=None
[2026-03-25T11:30:37.295+0000] {processor.py:183} INFO - Processing /home/airflow/.local/lib/python3.12/site-packages/airflow/example_dags/example_sensor_decorator.py took 0.132 seconds
[2026-03-25T11:31:07.638+0000] {processor.py:161} INFO - Started process (PID=1779) to work on /home/airflow/.local/lib/python3.12/site-packages/airflow/example_dags/example_sensor_decorator.py
[2026-03-25T11:31:07.640+0000] {processor.py:830} INFO - Processing file /home/airflow/.local/lib/python3.12/site-packages/airflow/example_dags/example_sensor_decorator.py for tasks to queue
[2026-03-25T11:31:07.644+0000] {logging_mixin.py:188} INFO - [2026-03-25T11:31:07.643+0000] {dagbag.py:540} INFO - Filling up the DagBag from /home/airflow/.local/lib/python3.12/site-packages/airflow/example_dags/example_sensor_decorator.py
[2026-03-25T11:31:07.658+0000] {processor.py:840} INFO - DAG(s) 'example_sensor_decorator' retrieved from /home/airflow/.local/lib/python3.12/site-packages/airflow/example_dags/example_sensor_decorator.py
[2026-03-25T11:31:07.688+0000] {logging_mixin.py:188} INFO - [2026-03-25T11:31:07.688+0000] {dag.py:3096} INFO - Sync 1 DAGs
[2026-03-25T11:31:07.712+0000] {logging_mixin.py:188} INFO - [2026-03-25T11:31:07.711+0000] {dag.py:3954} INFO - Setting next_dagrun for example_sensor_decorator to None, run_after=None
[2026-03-25T11:31:07.792+0000] {processor.py:183} INFO - Processing /home/airflow/.local/lib/python3.12/site-packages/airflow/example_dags/example_sensor_decorator.py took 0.162 seconds
[2026-03-25T11:31:37.855+0000] {processor.py:161} INFO - Started process (PID=1837) to work on /home/airflow/.local/lib/python3.12/site-packages/airflow/example_dags/example_sensor_decorator.py
[2026-03-25T11:31:37.857+0000] {processor.py:830} INFO - Processing file /home/airflow/.local/lib/python3.12/site-packages/airflow/example_dags/example_sensor_decorator.py for tasks to queue
[2026-03-25T11:31:37.859+0000] {logging_mixin.py:188} INFO - [2026-03-25T11:31:37.859+0000] {dagbag.py:540} INFO - Filling up the DagBag from /home/airflow/.local/lib/python3.12/site-packages/airflow/example_dags/example_sensor_decorator.py
[2026-03-25T11:31:37.871+0000] {processor.py:840} INFO - DAG(s) 'example_sensor_decorator' retrieved from /home/airflow/.local/lib/python3.12/site-packages/airflow/example_dags/example_sensor_decorator.py
[2026-03-25T11:31:37.919+0000] {logging_mixin.py:188} INFO - [2026-03-25T11:31:37.916+0000] {dag.py:3096} INFO - Sync 1 DAGs
[2026-03-25T11:31:37.942+0000] {logging_mixin.py:188} INFO - [2026-03-25T11:31:37.941+0000] {dag.py:3954} INFO - Setting next_dagrun for example_sensor_decorator to None, run_after=None
[2026-03-25T11:31:37.990+0000] {processor.py:183} INFO - Processing /home/airflow/.local/lib/python3.12/site-packages/airflow/example_dags/example_sensor_decorator.py took 0.144 seconds
[2026-03-25T11:32:08.815+0000] {processor.py:161} INFO - Started process (PID=1897) to work on /home/airflow/.local/lib/python3.12/site-packages/airflow/example_dags/example_sensor_decorator.py
[2026-03-25T11:32:08.816+0000] {processor.py:830} INFO - Processing file /home/airflow/.local/lib/python3.12/site-packages/airflow/example_dags/example_sensor_decorator.py for tasks to queue
[2026-03-25T11:32:08.818+0000] {logging_mixin.py:188} INFO - [2026-03-25T11:32:08.818+0000] {dagbag.py:540} INFO - Filling up the DagBag from /home/airflow/.local/lib/python3.12/site-packages/airflow/example_dags/example_sensor_decorator.py
[2026-03-25T11:32:08.824+0000] {processor.py:840} INFO - DAG(s) 'example_sensor_decorator' retrieved from /home/airflow/.local/lib/python3.12/site-packages/airflow/example_dags/example_sensor_decorator.py
[2026-03-25T11:32:08.843+0000] {logging_mixin.py:188} INFO - [2026-03-25T11:32:08.843+0000] {dag.py:3096} INFO - Sync 1 DAGs
[2026-03-25T11:32:08.856+0000] {logging_mixin.py:188} INFO - [2026-03-25T11:32:08.856+0000] {dag.py:3954} INFO - Setting next_dagrun for example_sensor_decorator to None, run_after=None
[2026-03-25T11:32:08.902+0000] {processor.py:183} INFO - Processing /home/airflow/.local/lib/python3.12/site-packages/airflow/example_dags/example_sensor_decorator.py took 0.093 seconds
[2026-03-25T11:34:33.342+0000] {processor.py:161} INFO - Started process (PID=59) to work on /home/airflow/.local/lib/python3.12/site-packages/airflow/example_dags/example_sensor_decorator.py
[2026-03-25T11:34:33.343+0000] {processor.py:830} INFO - Processing file /home/airflow/.local/lib/python3.12/site-packages/airflow/example_dags/example_sensor_decorator.py for tasks to queue
[2026-03-25T11:34:33.347+0000] {logging_mixin.py:188} INFO - [2026-03-25T11:34:33.346+0000] {dagbag.py:540} INFO - Filling up the DagBag from /home/airflow/.local/lib/python3.12/site-packages/airflow/example_dags/example_sensor_decorator.py
[2026-03-25T11:34:33.365+0000] {processor.py:840} INFO - DAG(s) 'example_sensor_decorator' retrieved from /home/airflow/.local/lib/python3.12/site-packages/airflow/example_dags/example_sensor_decorator.py
[2026-03-25T11:34:33.805+0000] {logging_mixin.py:188} INFO - [2026-03-25T11:34:33.805+0000] {dag.py:3096} INFO - Sync 1 DAGs
[2026-03-25T11:34:33.826+0000] {logging_mixin.py:188} INFO - [2026-03-25T11:34:33.826+0000] {dag.py:3954} INFO - Setting next_dagrun for example_sensor_decorator to None, run_after=None
[2026-03-25T11:34:33.881+0000] {processor.py:183} INFO - Processing /home/airflow/.local/lib/python3.12/site-packages/airflow/example_dags/example_sensor_decorator.py took 0.548 seconds
[2026-03-25T11:35:04.831+0000] {processor.py:161} INFO - Started process (PID=118) to work on /home/airflow/.local/lib/python3.12/site-packages/airflow/example_dags/example_sensor_decorator.py
[2026-03-25T11:35:04.832+0000] {processor.py:830} INFO - Processing file /home/airflow/.local/lib/python3.12/site-packages/airflow/example_dags/example_sensor_decorator.py for tasks to queue
[2026-03-25T11:35:04.834+0000] {logging_mixin.py:188} INFO - [2026-03-25T11:35:04.834+0000] {dagbag.py:540} INFO - Filling up the DagBag from /home/airflow/.local/lib/python3.12/site-packages/airflow/example_dags/example_sensor_decorator.py
[2026-03-25T11:35:04.840+0000] {processor.py:840} INFO - DAG(s) 'example_sensor_decorator' retrieved from /home/airflow/.local/lib/python3.12/site-packages/airflow/example_dags/example_sensor_decorator.py
[2026-03-25T11:35:04.859+0000] {logging_mixin.py:188} INFO - [2026-03-25T11:35:04.858+0000] {dag.py:3096} INFO - Sync 1 DAGs
[2026-03-25T11:35:04.872+0000] {logging_mixin.py:188} INFO - [2026-03-25T11:35:04.871+0000] {dag.py:3954} INFO - Setting next_dagrun for example_sensor_decorator to None, run_after=None
[2026-03-25T11:35:05.168+0000] {processor.py:183} INFO - Processing /home/airflow/.local/lib/python3.12/site-packages/airflow/example_dags/example_sensor_decorator.py took 0.343 seconds
[2026-03-25T11:35:37.351+0000] {processor.py:161} INFO - Started process (PID=177) to work on /home/airflow/.local/lib/python3.12/site-packages/airflow/example_dags/example_sensor_decorator.py
[2026-03-25T11:35:37.353+0000] {processor.py:830} INFO - Processing file /home/airflow/.local/lib/python3.12/site-packages/airflow/example_dags/example_sensor_decorator.py for tasks to queue
[2026-03-25T11:35:37.356+0000] {logging_mixin.py:188} INFO - [2026-03-25T11:35:37.356+0000] {dagbag.py:540} INFO - Filling up the DagBag from /home/airflow/.local/lib/python3.12/site-packages/airflow/example_dags/example_sensor_decorator.py
[2026-03-25T11:35:37.364+0000] {processor.py:840} INFO - DAG(s) 'example_sensor_decorator' retrieved from /home/airflow/.local/lib/python3.12/site-packages/airflow/example_dags/example_sensor_decorator.py
[2026-03-25T11:35:37.387+0000] {logging_mixin.py:188} INFO - [2026-03-25T11:35:37.386+0000] {dag.py:3096} INFO - Sync 1 DAGs
[2026-03-25T11:35:37.401+0000] {logging_mixin.py:188} INFO - [2026-03-25T11:35:37.401+0000] {dag.py:3954} INFO - Setting next_dagrun for example_sensor_decorator to None, run_after=None
[2026-03-25T11:35:37.484+0000] {processor.py:183} INFO - Processing /home/airflow/.local/lib/python3.12/site-packages/airflow/example_dags/example_sensor_decorator.py took 0.139 seconds
[2026-03-25T11:36:10.203+0000] {processor.py:161} INFO - Started process (PID=237) to work on /home/airflow/.local/lib/python3.12/site-packages/airflow/example_dags/example_sensor_decorator.py
[2026-03-25T11:36:10.205+0000] {processor.py:830} INFO - Processing file /home/airflow/.local/lib/python3.12/site-packages/airflow/example_dags/example_sensor_decorator.py for tasks to queue
[2026-03-25T11:36:10.207+0000] {logging_mixin.py:188} INFO - [2026-03-25T11:36:10.207+0000] {dagbag.py:540} INFO - Filling up the DagBag from /home/airflow/.local/lib/python3.12/site-packages/airflow/example_dags/example_sensor_decorator.py
[2026-03-25T11:36:10.215+0000] {processor.py:840} INFO - DAG(s) 'example_sensor_decorator' retrieved from /home/airflow/.local/lib/python3.12/site-packages/airflow/example_dags/example_sensor_decorator.py
[2026-03-25T11:36:10.238+0000] {logging_mixin.py:188} INFO - [2026-03-25T11:36:10.237+0000] {dag.py:3096} INFO - Sync 1 DAGs
[2026-03-25T11:36:10.406+0000] {logging_mixin.py:188} INFO - [2026-03-25T11:36:10.406+0000] {dag.py:3954} INFO - Setting next_dagrun for example_sensor_decorator to None, run_after=None
[2026-03-25T11:36:10.441+0000] {processor.py:183} INFO - Processing /home/airflow/.local/lib/python3.12/site-packages/airflow/example_dags/example_sensor_decorator.py took 0.244 seconds
[2026-03-25T11:36:43.159+0000] {processor.py:161} INFO - Started process (PID=296) to work on /home/airflow/.local/lib/python3.12/site-packages/airflow/example_dags/example_sensor_decorator.py
[2026-03-25T11:36:43.161+0000] {processor.py:830} INFO - Processing file /home/airflow/.local/lib/python3.12/site-packages/airflow/example_dags/example_sensor_decorator.py for tasks to queue
[2026-03-25T11:36:43.165+0000] {logging_mixin.py:188} INFO - [2026-03-25T11:36:43.164+0000] {dagbag.py:540} INFO - Filling up the DagBag from /home/airflow/.local/lib/python3.12/site-packages/airflow/example_dags/example_sensor_decorator.py
[2026-03-25T11:36:43.179+0000] {processor.py:840} INFO - DAG(s) 'example_sensor_decorator' retrieved from /home/airflow/.local/lib/python3.12/site-packages/airflow/example_dags/example_sensor_decorator.py
[2026-03-25T11:36:43.232+0000] {logging_mixin.py:188} INFO - [2026-03-25T11:36:43.232+0000] {dag.py:3096} INFO - Sync 1 DAGs
[2026-03-25T11:36:43.266+0000] {logging_mixin.py:188} INFO - [2026-03-25T11:36:43.266+0000] {dag.py:3954} INFO - Setting next_dagrun for example_sensor_decorator to None, run_after=None
[2026-03-25T11:36:43.362+0000] {processor.py:183} INFO - Processing /home/airflow/.local/lib/python3.12/site-packages/airflow/example_dags/example_sensor_decorator.py took 0.221 seconds
[2026-03-25T11:37:15.532+0000] {processor.py:161} INFO - Started process (PID=355) to work on /home/airflow/.local/lib/python3.12/site-packages/airflow/example_dags/example_sensor_decorator.py
[2026-03-25T11:37:15.534+0000] {processor.py:830} INFO - Processing file /home/airflow/.local/lib/python3.12/site-packages/airflow/example_dags/example_sensor_decorator.py for tasks to queue
[2026-03-25T11:37:15.536+0000] {logging_mixin.py:188} INFO - [2026-03-25T11:37:15.536+0000] {dagbag.py:540} INFO - Filling up the DagBag from /home/airflow/.local/lib/python3.12/site-packages/airflow/example_dags/example_sensor_decorator.py
[2026-03-25T11:37:15.545+0000] {processor.py:840} INFO - DAG(s) 'example_sensor_decorator' retrieved from /home/airflow/.local/lib/python3.12/site-packages/airflow/example_dags/example_sensor_decorator.py
[2026-03-25T11:37:15.572+0000] {logging_mixin.py:188} INFO - [2026-03-25T11:37:15.572+0000] {dag.py:3096} INFO - Sync 1 DAGs
[2026-03-25T11:37:15.589+0000] {logging_mixin.py:188} INFO - [2026-03-25T11:37:15.589+0000] {dag.py:3954} INFO - Setting next_dagrun for example_sensor_decorator to None, run_after=None
[2026-03-25T11:37:16.013+0000] {processor.py:183} INFO - Processing /home/airflow/.local/lib/python3.12/site-packages/airflow/example_dags/example_sensor_decorator.py took 0.492 seconds
[2026-03-25T11:37:48.464+0000] {processor.py:161} INFO - Started process (PID=414) to work on /home/airflow/.local/lib/python3.12/site-packages/airflow/example_dags/example_sensor_decorator.py
[2026-03-25T11:37:48.465+0000] {processor.py:830} INFO - Processing file /home/airflow/.local/lib/python3.12/site-packages/airflow/example_dags/example_sensor_decorator.py for tasks to queue
[2026-03-25T11:37:48.467+0000] {logging_mixin.py:188} INFO - [2026-03-25T11:37:48.467+0000] {dagbag.py:540} INFO - Filling up the DagBag from /home/airflow/.local/lib/python3.12/site-packages/airflow/example_dags/example_sensor_decorator.py
[2026-03-25T11:37:48.473+0000] {processor.py:840} INFO - DAG(s) 'example_sensor_decorator' retrieved from /home/airflow/.local/lib/python3.12/site-packages/airflow/example_dags/example_sensor_decorator.py
[2026-03-25T11:37:48.495+0000] {logging_mixin.py:188} INFO - [2026-03-25T11:37:48.495+0000] {dag.py:3096} INFO - Sync 1 DAGs
[2026-03-25T11:37:48.509+0000] {logging_mixin.py:188} INFO - [2026-03-25T11:37:48.509+0000] {dag.py:3954} INFO - Setting next_dagrun for example_sensor_decorator to None, run_after=None
[2026-03-25T11:37:48.875+0000] {processor.py:183} INFO - Processing /home/airflow/.local/lib/python3.12/site-packages/airflow/example_dags/example_sensor_decorator.py took 0.417 seconds
[2026-03-25T11:38:21.083+0000] {processor.py:161} INFO - Started process (PID=473) to work on /home/airflow/.local/lib/python3.12/site-packages/airflow/example_dags/example_sensor_decorator.py
[2026-03-25T11:38:21.084+0000] {processor.py:830} INFO - Processing file /home/airflow/.local/lib/python3.12/site-packages/airflow/example_dags/example_sensor_decorator.py for tasks to queue
[2026-03-25T11:38:21.086+0000] {logging_mixin.py:188} INFO - [2026-03-25T11:38:21.086+0000] {dagbag.py:540} INFO - Filling up the DagBag from /home/airflow/.local/lib/python3.12/site-packages/airflow/example_dags/example_sensor_decorator.py
[2026-03-25T11:38:21.092+0000] {processor.py:840} INFO - DAG(s) 'example_sensor_decorator' retrieved from /home/airflow/.local/lib/python3.12/site-packages/airflow/example_dags/example_sensor_decorator.py
[2026-03-25T11:38:21.111+0000] {logging_mixin.py:188} INFO - [2026-03-25T11:38:21.111+0000] {dag.py:3096} INFO - Sync 1 DAGs
[2026-03-25T11:38:21.123+0000] {logging_mixin.py:188} INFO - [2026-03-25T11:38:21.123+0000] {dag.py:3954} INFO - Setting next_dagrun for example_sensor_decorator to None, run_after=None
[2026-03-25T11:38:21.219+0000] {processor.py:183} INFO - Processing /home/airflow/.local/lib/python3.12/site-packages/airflow/example_dags/example_sensor_decorator.py took 0.142 seconds
[2026-03-25T11:38:53.916+0000] {processor.py:161} INFO - Started process (PID=532) to work on /home/airflow/.local/lib/python3.12/site-packages/airflow/example_dags/example_sensor_decorator.py
[2026-03-25T11:38:53.917+0000] {processor.py:830} INFO - Processing file /home/airflow/.local/lib/python3.12/site-packages/airflow/example_dags/example_sensor_decorator.py for tasks to queue
[2026-03-25T11:38:53.919+0000] {logging_mixin.py:188} INFO - [2026-03-25T11:38:53.919+0000] {dagbag.py:540} INFO - Filling up the DagBag from /home/airflow/.local/lib/python3.12/site-packages/airflow/example_dags/example_sensor_decorator.py
[2026-03-25T11:38:53.925+0000] {processor.py:840} INFO - DAG(s) 'example_sensor_decorator' retrieved from /home/airflow/.local/lib/python3.12/site-packages/airflow/example_dags/example_sensor_decorator.py
[2026-03-25T11:38:53.945+0000] {logging_mixin.py:188} INFO - [2026-03-25T11:38:53.945+0000] {dag.py:3096} INFO - Sync 1 DAGs
[2026-03-25T11:38:53.958+0000] {logging_mixin.py:188} INFO - [2026-03-25T11:38:53.958+0000] {dag.py:3954} INFO - Setting next_dagrun for example_sensor_decorator to None, run_after=None
[2026-03-25T11:38:54.005+0000] {processor.py:183} INFO - Processing /home/airflow/.local/lib/python3.12/site-packages/airflow/example_dags/example_sensor_decorator.py took 0.095 seconds
[2026-03-25T11:39:26.606+0000] {processor.py:161} INFO - Started process (PID=591) to work on /home/airflow/.local/lib/python3.12/site-packages/airflow/example_dags/example_sensor_decorator.py
[2026-03-25T11:39:26.607+0000] {processor.py:830} INFO - Processing file /home/airflow/.local/lib/python3.12/site-packages/airflow/example_dags/example_sensor_decorator.py for tasks to queue
[2026-03-25T11:39:26.609+0000] {logging_mixin.py:188} INFO - [2026-03-25T11:39:26.609+0000] {dagbag.py:540} INFO - Filling up the DagBag from /home/airflow/.local/lib/python3.12/site-packages/airflow/example_dags/example_sensor_decorator.py
[2026-03-25T11:39:26.615+0000] {processor.py:840} INFO - DAG(s) 'example_sensor_decorator' retrieved from /home/airflow/.local/lib/python3.12/site-packages/airflow/example_dags/example_sensor_decorator.py
[2026-03-25T11:39:26.638+0000] {logging_mixin.py:188} INFO - [2026-03-25T11:39:26.638+0000] {dag.py:3096} INFO - Sync 1 DAGs
[2026-03-25T11:39:26.654+0000] {logging_mixin.py:188} INFO - [2026-03-25T11:39:26.653+0000] {dag.py:3954} INFO - Setting next_dagrun for example_sensor_decorator to None, run_after=None
[2026-03-25T11:39:26.700+0000] {processor.py:183} INFO - Processing /home/airflow/.local/lib/python3.12/site-packages/airflow/example_dags/example_sensor_decorator.py took 0.100 seconds
[2026-03-25T11:39:59.657+0000] {processor.py:161} INFO - Started process (PID=650) to work on /home/airflow/.local/lib/python3.12/site-packages/airflow/example_dags/example_sensor_decorator.py
[2026-03-25T11:39:59.658+0000] {processor.py:830} INFO - Processing file /home/airflow/.local/lib/python3.12/site-packages/airflow/example_dags/example_sensor_decorator.py for tasks to queue
[2026-03-25T11:39:59.660+0000] {logging_mixin.py:188} INFO - [2026-03-25T11:39:59.660+0000] {dagbag.py:540} INFO - Filling up the DagBag from /home/airflow/.local/lib/python3.12/site-packages/airflow/example_dags/example_sensor_decorator.py
[2026-03-25T11:39:59.668+0000] {processor.py:840} INFO - DAG(s) 'example_sensor_decorator' retrieved from /home/airflow/.local/lib/python3.12/site-packages/airflow/example_dags/example_sensor_decorator.py
[2026-03-25T11:39:59.689+0000] {logging_mixin.py:188} INFO - [2026-03-25T11:39:59.689+0000] {dag.py:3096} INFO - Sync 1 DAGs
[2026-03-25T11:39:59.703+0000] {logging_mixin.py:188} INFO - [2026-03-25T11:39:59.702+0000] {dag.py:3954} INFO - Setting next_dagrun for example_sensor_decorator to None, run_after=None
[2026-03-25T11:39:59.771+0000] {processor.py:183} INFO - Processing /home/airflow/.local/lib/python3.12/site-packages/airflow/example_dags/example_sensor_decorator.py took 0.120 seconds
[2026-03-25T11:40:31.993+0000] {processor.py:161} INFO - Started process (PID=709) to work on /home/airflow/.local/lib/python3.12/site-packages/airflow/example_dags/example_sensor_decorator.py
[2026-03-25T11:40:31.994+0000] {processor.py:830} INFO - Processing file /home/airflow/.local/lib/python3.12/site-packages/airflow/example_dags/example_sensor_decorator.py for tasks to queue
[2026-03-25T11:40:31.995+0000] {logging_mixin.py:188} INFO - [2026-03-25T11:40:31.995+0000] {dagbag.py:540} INFO - Filling up the DagBag from /home/airflow/.local/lib/python3.12/site-packages/airflow/example_dags/example_sensor_decorator.py
[2026-03-25T11:40:32.002+0000] {processor.py:840} INFO - DAG(s) 'example_sensor_decorator' retrieved from /home/airflow/.local/lib/python3.12/site-packages/airflow/example_dags/example_sensor_decorator.py
[2026-03-25T11:40:32.023+0000] {logging_mixin.py:188} INFO - [2026-03-25T11:40:32.023+0000] {dag.py:3096} INFO - Sync 1 DAGs
[2026-03-25T11:40:32.036+0000] {logging_mixin.py:188} INFO - [2026-03-25T11:40:32.036+0000] {dag.py:3954} INFO - Setting next_dagrun for example_sensor_decorator to None, run_after=None
[2026-03-25T11:40:32.109+0000] {processor.py:183} INFO - Processing /home/airflow/.local/lib/python3.12/site-packages/airflow/example_dags/example_sensor_decorator.py took 0.123 seconds
[2026-03-25T11:41:04.944+0000] {processor.py:161} INFO - Started process (PID=768) to work on /home/airflow/.local/lib/python3.12/site-packages/airflow/example_dags/example_sensor_decorator.py
[2026-03-25T11:41:04.945+0000] {processor.py:830} INFO - Processing file /home/airflow/.local/lib/python3.12/site-packages/airflow/example_dags/example_sensor_decorator.py for tasks to queue
[2026-03-25T11:41:04.947+0000] {logging_mixin.py:188} INFO - [2026-03-25T11:41:04.947+0000] {dagbag.py:540} INFO - Filling up the DagBag from /home/airflow/.local/lib/python3.12/site-packages/airflow/example_dags/example_sensor_decorator.py
[2026-03-25T11:41:04.953+0000] {processor.py:840} INFO - DAG(s) 'example_sensor_decorator' retrieved from /home/airflow/.local/lib/python3.12/site-packages/airflow/example_dags/example_sensor_decorator.py
[2026-03-25T11:41:04.975+0000] {logging_mixin.py:188} INFO - [2026-03-25T11:41:04.975+0000] {dag.py:3096} INFO - Sync 1 DAGs
[2026-03-25T11:41:04.990+0000] {logging_mixin.py:188} INFO - [2026-03-25T11:41:04.990+0000] {dag.py:3954} INFO - Setting next_dagrun for example_sensor_decorator to None, run_after=None
[2026-03-25T11:41:05.048+0000] {processor.py:183} INFO - Processing /home/airflow/.local/lib/python3.12/site-packages/airflow/example_dags/example_sensor_decorator.py took 0.111 seconds
[2026-03-25T11:41:37.993+0000] {processor.py:161} INFO - Started process (PID=827) to work on /home/airflow/.local/lib/python3.12/site-packages/airflow/example_dags/example_sensor_decorator.py
[2026-03-25T11:41:37.999+0000] {processor.py:830} INFO - Processing file /home/airflow/.local/lib/python3.12/site-packages/airflow/example_dags/example_sensor_decorator.py for tasks to queue
[2026-03-25T11:41:38.010+0000] {logging_mixin.py:188} INFO - [2026-03-25T11:41:38.008+0000] {dagbag.py:540} INFO - Filling up the DagBag from /home/airflow/.local/lib/python3.12/site-packages/airflow/example_dags/example_sensor_decorator.py
[2026-03-25T11:41:38.053+0000] {processor.py:840} INFO - DAG(s) 'example_sensor_decorator' retrieved from /home/airflow/.local/lib/python3.12/site-packages/airflow/example_dags/example_sensor_decorator.py
[2026-03-25T11:41:38.168+0000] {logging_mixin.py:188} INFO - [2026-03-25T11:41:38.167+0000] {dag.py:3096} INFO - Sync 1 DAGs
[2026-03-25T11:41:38.261+0000] {logging_mixin.py:188} INFO - [2026-03-25T11:41:38.259+0000] {dag.py:3954} INFO - Setting next_dagrun for example_sensor_decorator to None, run_after=None
[2026-03-25T11:41:38.432+0000] {processor.py:183} INFO - Processing /home/airflow/.local/lib/python3.12/site-packages/airflow/example_dags/example_sensor_decorator.py took 0.480 seconds
[2026-03-25T11:42:10.162+0000] {processor.py:161} INFO - Started process (PID=886) to work on /home/airflow/.local/lib/python3.12/site-packages/airflow/example_dags/example_sensor_decorator.py
[2026-03-25T11:42:10.163+0000] {processor.py:830} INFO - Processing file /home/airflow/.local/lib/python3.12/site-packages/airflow/example_dags/example_sensor_decorator.py for tasks to queue
[2026-03-25T11:42:10.165+0000] {logging_mixin.py:188} INFO - [2026-03-25T11:42:10.165+0000] {dagbag.py:540} INFO - Filling up the DagBag from /home/airflow/.local/lib/python3.12/site-packages/airflow/example_dags/example_sensor_decorator.py
[2026-03-25T11:42:10.171+0000] {processor.py:840} INFO - DAG(s) 'example_sensor_decorator' retrieved from /home/airflow/.local/lib/python3.12/site-packages/airflow/example_dags/example_sensor_decorator.py
[2026-03-25T11:42:10.190+0000] {logging_mixin.py:188} INFO - [2026-03-25T11:42:10.190+0000] {dag.py:3096} INFO - Sync 1 DAGs
[2026-03-25T11:42:10.204+0000] {logging_mixin.py:188} INFO - [2026-03-25T11:42:10.203+0000] {dag.py:3954} INFO - Setting next_dagrun for example_sensor_decorator to None, run_after=None
[2026-03-25T11:42:10.270+0000] {processor.py:183} INFO - Processing /home/airflow/.local/lib/python3.12/site-packages/airflow/example_dags/example_sensor_decorator.py took 0.115 seconds
[2026-03-25T11:42:43.017+0000] {processor.py:161} INFO - Started process (PID=945) to work on /home/airflow/.local/lib/python3.12/site-packages/airflow/example_dags/example_sensor_decorator.py
[2026-03-25T11:42:43.018+0000] {processor.py:830} INFO - Processing file /home/airflow/.local/lib/python3.12/site-packages/airflow/example_dags/example_sensor_decorator.py for tasks to queue
[2026-03-25T11:42:43.020+0000] {logging_mixin.py:188} INFO - [2026-03-25T11:42:43.020+0000] {dagbag.py:540} INFO - Filling up the DagBag from /home/airflow/.local/lib/python3.12/site-packages/airflow/example_dags/example_sensor_decorator.py
[2026-03-25T11:42:43.029+0000] {processor.py:840} INFO - DAG(s) 'example_sensor_decorator' retrieved from /home/airflow/.local/lib/python3.12/site-packages/airflow/example_dags/example_sensor_decorator.py
[2026-03-25T11:42:43.052+0000] {logging_mixin.py:188} INFO - [2026-03-25T11:42:43.052+0000] {dag.py:3096} INFO - Sync 1 DAGs
[2026-03-25T11:42:43.068+0000] {logging_mixin.py:188} INFO - [2026-03-25T11:42:43.068+0000] {dag.py:3954} INFO - Setting next_dagrun for example_sensor_decorator to None, run_after=None
[2026-03-25T11:42:43.141+0000] {processor.py:183} INFO - Processing /home/airflow/.local/lib/python3.12/site-packages/airflow/example_dags/example_sensor_decorator.py took 0.131 seconds
[2026-03-25T11:43:16.504+0000] {processor.py:161} INFO - Started process (PID=1004) to work on /home/airflow/.local/lib/python3.12/site-packages/airflow/example_dags/example_sensor_decorator.py
[2026-03-25T11:43:16.505+0000] {processor.py:830} INFO - Processing file /home/airflow/.local/lib/python3.12/site-packages/airflow/example_dags/example_sensor_decorator.py for tasks to queue
[2026-03-25T11:43:16.506+0000] {logging_mixin.py:188} INFO - [2026-03-25T11:43:16.506+0000] {dagbag.py:540} INFO - Filling up the DagBag from /home/airflow/.local/lib/python3.12/site-packages/airflow/example_dags/example_sensor_decorator.py
[2026-03-25T11:43:16.512+0000] {processor.py:840} INFO - DAG(s) 'example_sensor_decorator' retrieved from /home/airflow/.local/lib/python3.12/site-packages/airflow/example_dags/example_sensor_decorator.py
[2026-03-25T11:43:16.532+0000] {logging_mixin.py:188} INFO - [2026-03-25T11:43:16.532+0000] {dag.py:3096} INFO - Sync 1 DAGs
[2026-03-25T11:43:16.544+0000] {logging_mixin.py:188} INFO - [2026-03-25T11:43:16.544+0000] {dag.py:3954} INFO - Setting next_dagrun for example_sensor_decorator to None, run_after=None
[2026-03-25T11:43:16.614+0000] {processor.py:183} INFO - Processing /home/airflow/.local/lib/python3.12/site-packages/airflow/example_dags/example_sensor_decorator.py took 0.117 seconds
[2026-03-25T11:43:48.750+0000] {processor.py:161} INFO - Started process (PID=1063) to work on /home/airflow/.local/lib/python3.12/site-packages/airflow/example_dags/example_sensor_decorator.py
[2026-03-25T11:43:48.751+0000] {processor.py:830} INFO - Processing file /home/airflow/.local/lib/python3.12/site-packages/airflow/example_dags/example_sensor_decorator.py for tasks to queue
[2026-03-25T11:43:48.753+0000] {logging_mixin.py:188} INFO - [2026-03-25T11:43:48.753+0000] {dagbag.py:540} INFO - Filling up the DagBag from /home/airflow/.local/lib/python3.12/site-packages/airflow/example_dags/example_sensor_decorator.py
[2026-03-25T11:43:48.759+0000] {processor.py:840} INFO - DAG(s) 'example_sensor_decorator' retrieved from /home/airflow/.local/lib/python3.12/site-packages/airflow/example_dags/example_sensor_decorator.py
[2026-03-25T11:43:48.779+0000] {logging_mixin.py:188} INFO - [2026-03-25T11:43:48.778+0000] {dag.py:3096} INFO - Sync 1 DAGs
[2026-03-25T11:43:48.792+0000] {logging_mixin.py:188} INFO - [2026-03-25T11:43:48.791+0000] {dag.py:3954} INFO - Setting next_dagrun for example_sensor_decorator to None, run_after=None
[2026-03-25T11:43:48.869+0000] {processor.py:183} INFO - Processing /home/airflow/.local/lib/python3.12/site-packages/airflow/example_dags/example_sensor_decorator.py took 0.125 seconds
[2026-03-25T11:44:21.187+0000] {processor.py:161} INFO - Started process (PID=1122) to work on /home/airflow/.local/lib/python3.12/site-packages/airflow/example_dags/example_sensor_decorator.py
[2026-03-25T11:44:21.188+0000] {processor.py:830} INFO - Processing file /home/airflow/.local/lib/python3.12/site-packages/airflow/example_dags/example_sensor_decorator.py for tasks to queue
[2026-03-25T11:44:21.190+0000] {logging_mixin.py:188} INFO - [2026-03-25T11:44:21.189+0000] {dagbag.py:540} INFO - Filling up the DagBag from /home/airflow/.local/lib/python3.12/site-packages/airflow/example_dags/example_sensor_decorator.py
[2026-03-25T11:44:21.195+0000] {processor.py:840} INFO - DAG(s) 'example_sensor_decorator' retrieved from /home/airflow/.local/lib/python3.12/site-packages/airflow/example_dags/example_sensor_decorator.py
[2026-03-25T11:44:21.216+0000] {logging_mixin.py:188} INFO - [2026-03-25T11:44:21.215+0000] {dag.py:3096} INFO - Sync 1 DAGs
[2026-03-25T11:44:21.228+0000] {logging_mixin.py:188} INFO - [2026-03-25T11:44:21.228+0000] {dag.py:3954} INFO - Setting next_dagrun for example_sensor_decorator to None, run_after=None
[2026-03-25T11:44:21.269+0000] {processor.py:183} INFO - Processing /home/airflow/.local/lib/python3.12/site-packages/airflow/example_dags/example_sensor_decorator.py took 0.089 seconds
[2026-03-25T11:44:54.159+0000] {processor.py:161} INFO - Started process (PID=1181) to work on /home/airflow/.local/lib/python3.12/site-packages/airflow/example_dags/example_sensor_decorator.py
[2026-03-25T11:44:54.161+0000] {processor.py:830} INFO - Processing file /home/airflow/.local/lib/python3.12/site-packages/airflow/example_dags/example_sensor_decorator.py for tasks to queue
[2026-03-25T11:44:54.164+0000] {logging_mixin.py:188} INFO - [2026-03-25T11:44:54.164+0000] {dagbag.py:540} INFO - Filling up the DagBag from /home/airflow/.local/lib/python3.12/site-packages/airflow/example_dags/example_sensor_decorator.py
[2026-03-25T11:44:54.174+0000] {processor.py:840} INFO - DAG(s) 'example_sensor_decorator' retrieved from /home/airflow/.local/lib/python3.12/site-packages/airflow/example_dags/example_sensor_decorator.py
[2026-03-25T11:44:54.200+0000] {logging_mixin.py:188} INFO - [2026-03-25T11:44:54.200+0000] {dag.py:3096} INFO - Sync 1 DAGs
[2026-03-25T11:44:54.218+0000] {logging_mixin.py:188} INFO - [2026-03-25T11:44:54.218+0000] {dag.py:3954} INFO - Setting next_dagrun for example_sensor_decorator to None, run_after=None
[2026-03-25T11:44:54.293+0000] {processor.py:183} INFO - Processing /home/airflow/.local/lib/python3.12/site-packages/airflow/example_dags/example_sensor_decorator.py took 0.146 seconds
[2026-03-25T11:45:27.106+0000] {processor.py:161} INFO - Started process (PID=1240) to work on /home/airflow/.local/lib/python3.12/site-packages/airflow/example_dags/example_sensor_decorator.py
[2026-03-25T11:45:27.107+0000] {processor.py:830} INFO - Processing file /home/airflow/.local/lib/python3.12/site-packages/airflow/example_dags/example_sensor_decorator.py for tasks to queue
[2026-03-25T11:45:27.109+0000] {logging_mixin.py:188} INFO - [2026-03-25T11:45:27.108+0000] {dagbag.py:540} INFO - Filling up the DagBag from /home/airflow/.local/lib/python3.12/site-packages/airflow/example_dags/example_sensor_decorator.py
[2026-03-25T11:45:27.114+0000] {processor.py:840} INFO - DAG(s) 'example_sensor_decorator' retrieved from /home/airflow/.local/lib/python3.12/site-packages/airflow/example_dags/example_sensor_decorator.py
[2026-03-25T11:45:27.135+0000] {logging_mixin.py:188} INFO - [2026-03-25T11:45:27.134+0000] {dag.py:3096} INFO - Sync 1 DAGs
[2026-03-25T11:45:27.148+0000] {logging_mixin.py:188} INFO - [2026-03-25T11:45:27.147+0000] {dag.py:3954} INFO - Setting next_dagrun for example_sensor_decorator to None, run_after=None
[2026-03-25T11:45:27.254+0000] {processor.py:183} INFO - Processing /home/airflow/.local/lib/python3.12/site-packages/airflow/example_dags/example_sensor_decorator.py took 0.155 seconds
[2026-03-25T11:45:59.389+0000] {processor.py:161} INFO - Started process (PID=1299) to work on /home/airflow/.local/lib/python3.12/site-packages/airflow/example_dags/example_sensor_decorator.py
[2026-03-25T11:45:59.390+0000] {processor.py:830} INFO - Processing file /home/airflow/.local/lib/python3.12/site-packages/airflow/example_dags/example_sensor_decorator.py for tasks to queue
[2026-03-25T11:45:59.392+0000] {logging_mixin.py:188} INFO - [2026-03-25T11:45:59.391+0000] {dagbag.py:540} INFO - Filling up the DagBag from /home/airflow/.local/lib/python3.12/site-packages/airflow/example_dags/example_sensor_decorator.py
[2026-03-25T11:45:59.398+0000] {processor.py:840} INFO - DAG(s) 'example_sensor_decorator' retrieved from /home/airflow/.local/lib/python3.12/site-packages/airflow/example_dags/example_sensor_decorator.py
[2026-03-25T11:45:59.417+0000] {logging_mixin.py:188} INFO - [2026-03-25T11:45:59.417+0000] {dag.py:3096} INFO - Sync 1 DAGs
[2026-03-25T11:45:59.445+0000] {logging_mixin.py:188} INFO - [2026-03-25T11:45:59.445+0000] {dag.py:3954} INFO - Setting next_dagrun for example_sensor_decorator to None, run_after=None
[2026-03-25T11:45:59.498+0000] {processor.py:183} INFO - Processing /home/airflow/.local/lib/python3.12/site-packages/airflow/example_dags/example_sensor_decorator.py took 0.116 seconds
[2026-03-25T11:46:32.263+0000] {processor.py:161} INFO - Started process (PID=1358) to work on /home/airflow/.local/lib/python3.12/site-packages/airflow/example_dags/example_sensor_decorator.py
[2026-03-25T11:46:32.264+0000] {processor.py:830} INFO - Processing file /home/airflow/.local/lib/python3.12/site-packages/airflow/example_dags/example_sensor_decorator.py for tasks to queue
[2026-03-25T11:46:32.266+0000] {logging_mixin.py:188} INFO - [2026-03-25T11:46:32.266+0000] {dagbag.py:540} INFO - Filling up the DagBag from /home/airflow/.local/lib/python3.12/site-packages/airflow/example_dags/example_sensor_decorator.py
[2026-03-25T11:46:32.271+0000] {processor.py:840} INFO - DAG(s) 'example_sensor_decorator' retrieved from /home/airflow/.local/lib/python3.12/site-packages/airflow/example_dags/example_sensor_decorator.py
[2026-03-25T11:46:32.291+0000] {logging_mixin.py:188} INFO - [2026-03-25T11:46:32.291+0000] {dag.py:3096} INFO - Sync 1 DAGs
[2026-03-25T11:46:32.305+0000] {logging_mixin.py:188} INFO - [2026-03-25T11:46:32.304+0000] {dag.py:3954} INFO - Setting next_dagrun for example_sensor_decorator to None, run_after=None
[2026-03-25T11:46:32.415+0000] {processor.py:183} INFO - Processing /home/airflow/.local/lib/python3.12/site-packages/airflow/example_dags/example_sensor_decorator.py took 0.158 seconds
[2026-03-25T11:47:05.111+0000] {processor.py:161} INFO - Started process (PID=1417) to work on /home/airflow/.local/lib/python3.12/site-packages/airflow/example_dags/example_sensor_decorator.py
[2026-03-25T11:47:05.113+0000] {processor.py:830} INFO - Processing file /home/airflow/.local/lib/python3.12/site-packages/airflow/example_dags/example_sensor_decorator.py for tasks to queue
[2026-03-25T11:47:05.118+0000] {logging_mixin.py:188} INFO - [2026-03-25T11:47:05.117+0000] {dagbag.py:540} INFO - Filling up the DagBag from /home/airflow/.local/lib/python3.12/site-packages/airflow/example_dags/example_sensor_decorator.py
[2026-03-25T11:47:05.129+0000] {processor.py:840} INFO - DAG(s) 'example_sensor_decorator' retrieved from /home/airflow/.local/lib/python3.12/site-packages/airflow/example_dags/example_sensor_decorator.py
[2026-03-25T11:47:05.168+0000] {logging_mixin.py:188} INFO - [2026-03-25T11:47:05.167+0000] {dag.py:3096} INFO - Sync 1 DAGs
[2026-03-25T11:47:05.190+0000] {logging_mixin.py:188} INFO - [2026-03-25T11:47:05.190+0000] {dag.py:3954} INFO - Setting next_dagrun for example_sensor_decorator to None, run_after=None
[2026-03-25T11:47:05.270+0000] {processor.py:183} INFO - Processing /home/airflow/.local/lib/python3.12/site-packages/airflow/example_dags/example_sensor_decorator.py took 0.173 seconds
[2026-03-25T11:47:37.880+0000] {processor.py:161} INFO - Started process (PID=1477) to work on /home/airflow/.local/lib/python3.12/site-packages/airflow/example_dags/example_sensor_decorator.py
[2026-03-25T11:47:37.881+0000] {processor.py:830} INFO - Processing file /home/airflow/.local/lib/python3.12/site-packages/airflow/example_dags/example_sensor_decorator.py for tasks to queue
[2026-03-25T11:47:37.885+0000] {logging_mixin.py:188} INFO - [2026-03-25T11:47:37.885+0000] {dagbag.py:540} INFO - Filling up the DagBag from /home/airflow/.local/lib/python3.12/site-packages/airflow/example_dags/example_sensor_decorator.py
[2026-03-25T11:47:37.894+0000] {processor.py:840} INFO - DAG(s) 'example_sensor_decorator' retrieved from /home/airflow/.local/lib/python3.12/site-packages/airflow/example_dags/example_sensor_decorator.py
[2026-03-25T11:47:37.923+0000] {logging_mixin.py:188} INFO - [2026-03-25T11:47:37.923+0000] {dag.py:3096} INFO - Sync 1 DAGs
[2026-03-25T11:47:37.947+0000] {logging_mixin.py:188} INFO - [2026-03-25T11:47:37.947+0000] {dag.py:3954} INFO - Setting next_dagrun for example_sensor_decorator to None, run_after=None
[2026-03-25T11:47:38.045+0000] {processor.py:183} INFO - Processing /home/airflow/.local/lib/python3.12/site-packages/airflow/example_dags/example_sensor_decorator.py took 0.173 seconds
[2026-03-25T11:48:10.530+0000] {processor.py:161} INFO - Started process (PID=1536) to work on /home/airflow/.local/lib/python3.12/site-packages/airflow/example_dags/example_sensor_decorator.py
[2026-03-25T11:48:10.531+0000] {processor.py:830} INFO - Processing file /home/airflow/.local/lib/python3.12/site-packages/airflow/example_dags/example_sensor_decorator.py for tasks to queue
[2026-03-25T11:48:10.534+0000] {logging_mixin.py:188} INFO - [2026-03-25T11:48:10.534+0000] {dagbag.py:540} INFO - Filling up the DagBag from /home/airflow/.local/lib/python3.12/site-packages/airflow/example_dags/example_sensor_decorator.py
[2026-03-25T11:48:10.540+0000] {processor.py:840} INFO - DAG(s) 'example_sensor_decorator' retrieved from /home/airflow/.local/lib/python3.12/site-packages/airflow/example_dags/example_sensor_decorator.py
[2026-03-25T11:48:10.559+0000] {logging_mixin.py:188} INFO - [2026-03-25T11:48:10.559+0000] {dag.py:3096} INFO - Sync 1 DAGs
[2026-03-25T11:48:10.572+0000] {logging_mixin.py:188} INFO - [2026-03-25T11:48:10.572+0000] {dag.py:3954} INFO - Setting next_dagrun for example_sensor_decorator to None, run_after=None
[2026-03-25T11:48:10.643+0000] {processor.py:183} INFO - Processing /home/airflow/.local/lib/python3.12/site-packages/airflow/example_dags/example_sensor_decorator.py took 0.119 seconds
[2026-03-25T11:48:42.972+0000] {processor.py:161} INFO - Started process (PID=1595) to work on /home/airflow/.local/lib/python3.12/site-packages/airflow/example_dags/example_sensor_decorator.py
[2026-03-25T11:48:42.974+0000] {processor.py:830} INFO - Processing file /home/airflow/.local/lib/python3.12/site-packages/airflow/example_dags/example_sensor_decorator.py for tasks to queue
[2026-03-25T11:48:42.976+0000] {logging_mixin.py:188} INFO - [2026-03-25T11:48:42.976+0000] {dagbag.py:540} INFO - Filling up the DagBag from /home/airflow/.local/lib/python3.12/site-packages/airflow/example_dags/example_sensor_decorator.py
[2026-03-25T11:48:42.986+0000] {processor.py:840} INFO - DAG(s) 'example_sensor_decorator' retrieved from /home/airflow/.local/lib/python3.12/site-packages/airflow/example_dags/example_sensor_decorator.py
[2026-03-25T11:48:43.010+0000] {logging_mixin.py:188} INFO - [2026-03-25T11:48:43.010+0000] {dag.py:3096} INFO - Sync 1 DAGs
[2026-03-25T11:48:43.029+0000] {logging_mixin.py:188} INFO - [2026-03-25T11:48:43.028+0000] {dag.py:3954} INFO - Setting next_dagrun for example_sensor_decorator to None, run_after=None
[2026-03-25T11:48:43.084+0000] {processor.py:183} INFO - Processing /home/airflow/.local/lib/python3.12/site-packages/airflow/example_dags/example_sensor_decorator.py took 0.120 seconds
[2026-03-25T11:49:15.840+0000] {processor.py:161} INFO - Started process (PID=1654) to work on /home/airflow/.local/lib/python3.12/site-packages/airflow/example_dags/example_sensor_decorator.py
[2026-03-25T11:49:15.842+0000] {processor.py:830} INFO - Processing file /home/airflow/.local/lib/python3.12/site-packages/airflow/example_dags/example_sensor_decorator.py for tasks to queue
[2026-03-25T11:49:15.845+0000] {logging_mixin.py:188} INFO - [2026-03-25T11:49:15.845+0000] {dagbag.py:540} INFO - Filling up the DagBag from /home/airflow/.local/lib/python3.12/site-packages/airflow/example_dags/example_sensor_decorator.py
[2026-03-25T11:49:15.853+0000] {processor.py:840} INFO - DAG(s) 'example_sensor_decorator' retrieved from /home/airflow/.local/lib/python3.12/site-packages/airflow/example_dags/example_sensor_decorator.py
[2026-03-25T11:49:15.888+0000] {logging_mixin.py:188} INFO - [2026-03-25T11:49:15.887+0000] {dag.py:3096} INFO - Sync 1 DAGs
[2026-03-25T11:49:15.904+0000] {logging_mixin.py:188} INFO - [2026-03-25T11:49:15.903+0000] {dag.py:3954} INFO - Setting next_dagrun for example_sensor_decorator to None, run_after=None
[2026-03-25T11:49:15.960+0000] {processor.py:183} INFO - Processing /home/airflow/.local/lib/python3.12/site-packages/airflow/example_dags/example_sensor_decorator.py took 0.132 seconds
[2026-03-25T11:49:48.543+0000] {processor.py:161} INFO - Started process (PID=1713) to work on /home/airflow/.local/lib/python3.12/site-packages/airflow/example_dags/example_sensor_decorator.py
[2026-03-25T11:49:48.546+0000] {processor.py:830} INFO - Processing file /home/airflow/.local/lib/python3.12/site-packages/airflow/example_dags/example_sensor_decorator.py for tasks to queue
[2026-03-25T11:49:48.549+0000] {logging_mixin.py:188} INFO - [2026-03-25T11:49:48.549+0000] {dagbag.py:540} INFO - Filling up the DagBag from /home/airflow/.local/lib/python3.12/site-packages/airflow/example_dags/example_sensor_decorator.py
[2026-03-25T11:49:48.561+0000] {processor.py:840} INFO - DAG(s) 'example_sensor_decorator' retrieved from /home/airflow/.local/lib/python3.12/site-packages/airflow/example_dags/example_sensor_decorator.py
[2026-03-25T11:49:48.596+0000] {logging_mixin.py:188} INFO - [2026-03-25T11:49:48.595+0000] {dag.py:3096} INFO - Sync 1 DAGs
[2026-03-25T11:49:48.618+0000] {logging_mixin.py:188} INFO - [2026-03-25T11:49:48.618+0000] {dag.py:3954} INFO - Setting next_dagrun for example_sensor_decorator to None, run_after=None
[2026-03-25T11:49:48.699+0000] {processor.py:183} INFO - Processing /home/airflow/.local/lib/python3.12/site-packages/airflow/example_dags/example_sensor_decorator.py took 0.166 seconds
[2026-03-25T11:50:21.107+0000] {processor.py:161} INFO - Started process (PID=1772) to work on /home/airflow/.local/lib/python3.12/site-packages/airflow/example_dags/example_sensor_decorator.py
[2026-03-25T11:50:21.108+0000] {processor.py:830} INFO - Processing file /home/airflow/.local/lib/python3.12/site-packages/airflow/example_dags/example_sensor_decorator.py for tasks to queue
[2026-03-25T11:50:21.111+0000] {logging_mixin.py:188} INFO - [2026-03-25T11:50:21.111+0000] {dagbag.py:540} INFO - Filling up the DagBag from /home/airflow/.local/lib/python3.12/site-packages/airflow/example_dags/example_sensor_decorator.py
[2026-03-25T11:50:21.117+0000] {processor.py:840} INFO - DAG(s) 'example_sensor_decorator' retrieved from /home/airflow/.local/lib/python3.12/site-packages/airflow/example_dags/example_sensor_decorator.py
[2026-03-25T11:50:21.136+0000] {logging_mixin.py:188} INFO - [2026-03-25T11:50:21.136+0000] {dag.py:3096} INFO - Sync 1 DAGs
[2026-03-25T11:50:21.149+0000] {logging_mixin.py:188} INFO - [2026-03-25T11:50:21.149+0000] {dag.py:3954} INFO - Setting next_dagrun for example_sensor_decorator to None, run_after=None
[2026-03-25T11:50:21.228+0000] {processor.py:183} INFO - Processing /home/airflow/.local/lib/python3.12/site-packages/airflow/example_dags/example_sensor_decorator.py took 0.127 seconds
