[2026-03-25T11:15:31.186+0000] {processor.py:161} INFO - Started process (PID=78) to work on /home/airflow/.local/lib/python3.12/site-packages/airflow/example_dags/example_bash_operator.py
[2026-03-25T11:15:31.188+0000] {processor.py:830} INFO - Processing file /home/airflow/.local/lib/python3.12/site-packages/airflow/example_dags/example_bash_operator.py for tasks to queue
[2026-03-25T11:15:31.192+0000] {logging_mixin.py:188} INFO - [2026-03-25T11:15:31.191+0000] {dagbag.py:540} INFO - Filling up the DagBag from /home/airflow/.local/lib/python3.12/site-packages/airflow/example_dags/example_bash_operator.py
[2026-03-25T11:15:31.208+0000] {processor.py:840} INFO - DAG(s) 'example_bash_operator' retrieved from /home/airflow/.local/lib/python3.12/site-packages/airflow/example_dags/example_bash_operator.py
[2026-03-25T11:15:31.381+0000] {logging_mixin.py:188} INFO - [2026-03-25T11:15:31.381+0000] {dag.py:3096} INFO - Sync 1 DAGs
[2026-03-25T11:15:31.406+0000] {logging_mixin.py:188} INFO - [2026-03-25T11:15:31.406+0000] {dag.py:3954} INFO - Setting next_dagrun for example_bash_operator to 2026-03-24 00:00:00+00:00, run_after=2026-03-25 00:00:00+00:00
[2026-03-25T11:15:31.466+0000] {processor.py:183} INFO - Processing /home/airflow/.local/lib/python3.12/site-packages/airflow/example_dags/example_bash_operator.py took 0.292 seconds
[2026-03-25T11:16:01.580+0000] {processor.py:161} INFO - Started process (PID=137) to work on /home/airflow/.local/lib/python3.12/site-packages/airflow/example_dags/example_bash_operator.py
[2026-03-25T11:16:01.581+0000] {processor.py:830} INFO - Processing file /home/airflow/.local/lib/python3.12/site-packages/airflow/example_dags/example_bash_operator.py for tasks to queue
[2026-03-25T11:16:01.583+0000] {logging_mixin.py:188} INFO - [2026-03-25T11:16:01.583+0000] {dagbag.py:540} INFO - Filling up the DagBag from /home/airflow/.local/lib/python3.12/site-packages/airflow/example_dags/example_bash_operator.py
[2026-03-25T11:16:01.594+0000] {processor.py:840} INFO - DAG(s) 'example_bash_operator' retrieved from /home/airflow/.local/lib/python3.12/site-packages/airflow/example_dags/example_bash_operator.py
[2026-03-25T11:16:01.623+0000] {logging_mixin.py:188} INFO - [2026-03-25T11:16:01.623+0000] {dag.py:3096} INFO - Sync 1 DAGs
[2026-03-25T11:16:01.648+0000] {logging_mixin.py:188} INFO - [2026-03-25T11:16:01.647+0000] {dag.py:3954} INFO - Setting next_dagrun for example_bash_operator to 2026-03-24 00:00:00+00:00, run_after=2026-03-25 00:00:00+00:00
[2026-03-25T11:16:01.692+0000] {processor.py:183} INFO - Processing /home/airflow/.local/lib/python3.12/site-packages/airflow/example_dags/example_bash_operator.py took 0.117 seconds
[2026-03-25T11:16:34.742+0000] {processor.py:161} INFO - Started process (PID=196) to work on /home/airflow/.local/lib/python3.12/site-packages/airflow/example_dags/example_bash_operator.py
[2026-03-25T11:16:34.743+0000] {processor.py:830} INFO - Processing file /home/airflow/.local/lib/python3.12/site-packages/airflow/example_dags/example_bash_operator.py for tasks to queue
[2026-03-25T11:16:34.745+0000] {logging_mixin.py:188} INFO - [2026-03-25T11:16:34.745+0000] {dagbag.py:540} INFO - Filling up the DagBag from /home/airflow/.local/lib/python3.12/site-packages/airflow/example_dags/example_bash_operator.py
[2026-03-25T11:16:34.759+0000] {processor.py:840} INFO - DAG(s) 'example_bash_operator' retrieved from /home/airflow/.local/lib/python3.12/site-packages/airflow/example_dags/example_bash_operator.py
[2026-03-25T11:16:34.819+0000] {logging_mixin.py:188} INFO - [2026-03-25T11:16:34.819+0000] {dag.py:3096} INFO - Sync 1 DAGs
[2026-03-25T11:16:34.873+0000] {logging_mixin.py:188} INFO - [2026-03-25T11:16:34.873+0000] {dag.py:3954} INFO - Setting next_dagrun for example_bash_operator to 2026-03-24 00:00:00+00:00, run_after=2026-03-25 00:00:00+00:00
[2026-03-25T11:16:34.962+0000] {processor.py:183} INFO - Processing /home/airflow/.local/lib/python3.12/site-packages/airflow/example_dags/example_bash_operator.py took 0.227 seconds
[2026-03-25T11:17:08.572+0000] {processor.py:161} INFO - Started process (PID=255) to work on /home/airflow/.local/lib/python3.12/site-packages/airflow/example_dags/example_bash_operator.py
[2026-03-25T11:17:08.573+0000] {processor.py:830} INFO - Processing file /home/airflow/.local/lib/python3.12/site-packages/airflow/example_dags/example_bash_operator.py for tasks to queue
[2026-03-25T11:17:08.575+0000] {logging_mixin.py:188} INFO - [2026-03-25T11:17:08.575+0000] {dagbag.py:540} INFO - Filling up the DagBag from /home/airflow/.local/lib/python3.12/site-packages/airflow/example_dags/example_bash_operator.py
[2026-03-25T11:17:08.719+0000] {processor.py:840} INFO - DAG(s) 'example_bash_operator' retrieved from /home/airflow/.local/lib/python3.12/site-packages/airflow/example_dags/example_bash_operator.py
[2026-03-25T11:17:08.759+0000] {logging_mixin.py:188} INFO - [2026-03-25T11:17:08.759+0000] {dag.py:3096} INFO - Sync 1 DAGs
[2026-03-25T11:17:08.807+0000] {logging_mixin.py:188} INFO - [2026-03-25T11:17:08.806+0000] {dag.py:3954} INFO - Setting next_dagrun for example_bash_operator to 2026-03-24 00:00:00+00:00, run_after=2026-03-25 00:00:00+00:00
[2026-03-25T11:17:08.891+0000] {processor.py:183} INFO - Processing /home/airflow/.local/lib/python3.12/site-packages/airflow/example_dags/example_bash_operator.py took 0.324 seconds
[2026-03-25T11:17:39.443+0000] {processor.py:161} INFO - Started process (PID=314) to work on /home/airflow/.local/lib/python3.12/site-packages/airflow/example_dags/example_bash_operator.py
[2026-03-25T11:17:39.444+0000] {processor.py:830} INFO - Processing file /home/airflow/.local/lib/python3.12/site-packages/airflow/example_dags/example_bash_operator.py for tasks to queue
[2026-03-25T11:17:39.446+0000] {logging_mixin.py:188} INFO - [2026-03-25T11:17:39.446+0000] {dagbag.py:540} INFO - Filling up the DagBag from /home/airflow/.local/lib/python3.12/site-packages/airflow/example_dags/example_bash_operator.py
[2026-03-25T11:17:39.458+0000] {processor.py:840} INFO - DAG(s) 'example_bash_operator' retrieved from /home/airflow/.local/lib/python3.12/site-packages/airflow/example_dags/example_bash_operator.py
[2026-03-25T11:17:39.490+0000] {logging_mixin.py:188} INFO - [2026-03-25T11:17:39.490+0000] {dag.py:3096} INFO - Sync 1 DAGs
[2026-03-25T11:17:39.517+0000] {logging_mixin.py:188} INFO - [2026-03-25T11:17:39.517+0000] {dag.py:3954} INFO - Setting next_dagrun for example_bash_operator to 2026-03-24 00:00:00+00:00, run_after=2026-03-25 00:00:00+00:00
[2026-03-25T11:17:39.564+0000] {processor.py:183} INFO - Processing /home/airflow/.local/lib/python3.12/site-packages/airflow/example_dags/example_bash_operator.py took 0.127 seconds
[2026-03-25T11:18:11.461+0000] {processor.py:161} INFO - Started process (PID=373) to work on /home/airflow/.local/lib/python3.12/site-packages/airflow/example_dags/example_bash_operator.py
[2026-03-25T11:18:11.462+0000] {processor.py:830} INFO - Processing file /home/airflow/.local/lib/python3.12/site-packages/airflow/example_dags/example_bash_operator.py for tasks to queue
[2026-03-25T11:18:11.464+0000] {logging_mixin.py:188} INFO - [2026-03-25T11:18:11.463+0000] {dagbag.py:540} INFO - Filling up the DagBag from /home/airflow/.local/lib/python3.12/site-packages/airflow/example_dags/example_bash_operator.py
[2026-03-25T11:18:11.475+0000] {processor.py:840} INFO - DAG(s) 'example_bash_operator' retrieved from /home/airflow/.local/lib/python3.12/site-packages/airflow/example_dags/example_bash_operator.py
[2026-03-25T11:18:11.503+0000] {logging_mixin.py:188} INFO - [2026-03-25T11:18:11.503+0000] {dag.py:3096} INFO - Sync 1 DAGs
[2026-03-25T11:18:11.529+0000] {logging_mixin.py:188} INFO - [2026-03-25T11:18:11.529+0000] {dag.py:3954} INFO - Setting next_dagrun for example_bash_operator to 2026-03-24 00:00:00+00:00, run_after=2026-03-25 00:00:00+00:00
[2026-03-25T11:18:11.570+0000] {processor.py:183} INFO - Processing /home/airflow/.local/lib/python3.12/site-packages/airflow/example_dags/example_bash_operator.py took 0.115 seconds
[2026-03-25T11:18:44.199+0000] {processor.py:161} INFO - Started process (PID=432) to work on /home/airflow/.local/lib/python3.12/site-packages/airflow/example_dags/example_bash_operator.py
[2026-03-25T11:18:44.200+0000] {processor.py:830} INFO - Processing file /home/airflow/.local/lib/python3.12/site-packages/airflow/example_dags/example_bash_operator.py for tasks to queue
[2026-03-25T11:18:44.202+0000] {logging_mixin.py:188} INFO - [2026-03-25T11:18:44.202+0000] {dagbag.py:540} INFO - Filling up the DagBag from /home/airflow/.local/lib/python3.12/site-packages/airflow/example_dags/example_bash_operator.py
[2026-03-25T11:18:44.213+0000] {processor.py:840} INFO - DAG(s) 'example_bash_operator' retrieved from /home/airflow/.local/lib/python3.12/site-packages/airflow/example_dags/example_bash_operator.py
[2026-03-25T11:18:44.240+0000] {logging_mixin.py:188} INFO - [2026-03-25T11:18:44.240+0000] {dag.py:3096} INFO - Sync 1 DAGs
[2026-03-25T11:18:44.262+0000] {logging_mixin.py:188} INFO - [2026-03-25T11:18:44.262+0000] {dag.py:3954} INFO - Setting next_dagrun for example_bash_operator to 2026-03-24 00:00:00+00:00, run_after=2026-03-25 00:00:00+00:00
[2026-03-25T11:18:44.308+0000] {processor.py:183} INFO - Processing /home/airflow/.local/lib/python3.12/site-packages/airflow/example_dags/example_bash_operator.py took 0.115 seconds
[2026-03-25T11:19:16.880+0000] {processor.py:161} INFO - Started process (PID=491) to work on /home/airflow/.local/lib/python3.12/site-packages/airflow/example_dags/example_bash_operator.py
[2026-03-25T11:19:16.881+0000] {processor.py:830} INFO - Processing file /home/airflow/.local/lib/python3.12/site-packages/airflow/example_dags/example_bash_operator.py for tasks to queue
[2026-03-25T11:19:16.883+0000] {logging_mixin.py:188} INFO - [2026-03-25T11:19:16.883+0000] {dagbag.py:540} INFO - Filling up the DagBag from /home/airflow/.local/lib/python3.12/site-packages/airflow/example_dags/example_bash_operator.py
[2026-03-25T11:19:16.898+0000] {processor.py:840} INFO - DAG(s) 'example_bash_operator' retrieved from /home/airflow/.local/lib/python3.12/site-packages/airflow/example_dags/example_bash_operator.py
[2026-03-25T11:19:16.947+0000] {logging_mixin.py:188} INFO - [2026-03-25T11:19:16.947+0000] {dag.py:3096} INFO - Sync 1 DAGs
[2026-03-25T11:19:16.977+0000] {logging_mixin.py:188} INFO - [2026-03-25T11:19:16.977+0000] {dag.py:3954} INFO - Setting next_dagrun for example_bash_operator to 2026-03-24 00:00:00+00:00, run_after=2026-03-25 00:00:00+00:00
[2026-03-25T11:19:17.011+0000] {processor.py:183} INFO - Processing /home/airflow/.local/lib/python3.12/site-packages/airflow/example_dags/example_bash_operator.py took 0.137 seconds
[2026-03-25T11:19:50.281+0000] {processor.py:161} INFO - Started process (PID=550) to work on /home/airflow/.local/lib/python3.12/site-packages/airflow/example_dags/example_bash_operator.py
[2026-03-25T11:19:50.282+0000] {processor.py:830} INFO - Processing file /home/airflow/.local/lib/python3.12/site-packages/airflow/example_dags/example_bash_operator.py for tasks to queue
[2026-03-25T11:19:50.285+0000] {logging_mixin.py:188} INFO - [2026-03-25T11:19:50.284+0000] {dagbag.py:540} INFO - Filling up the DagBag from /home/airflow/.local/lib/python3.12/site-packages/airflow/example_dags/example_bash_operator.py
[2026-03-25T11:19:50.296+0000] {processor.py:840} INFO - DAG(s) 'example_bash_operator' retrieved from /home/airflow/.local/lib/python3.12/site-packages/airflow/example_dags/example_bash_operator.py
[2026-03-25T11:19:50.327+0000] {logging_mixin.py:188} INFO - [2026-03-25T11:19:50.326+0000] {dag.py:3096} INFO - Sync 1 DAGs
[2026-03-25T11:19:50.352+0000] {logging_mixin.py:188} INFO - [2026-03-25T11:19:50.351+0000] {dag.py:3954} INFO - Setting next_dagrun for example_bash_operator to 2026-03-24 00:00:00+00:00, run_after=2026-03-25 00:00:00+00:00
[2026-03-25T11:19:50.406+0000] {processor.py:183} INFO - Processing /home/airflow/.local/lib/python3.12/site-packages/airflow/example_dags/example_bash_operator.py took 0.131 seconds
[2026-03-25T11:20:22.613+0000] {processor.py:161} INFO - Started process (PID=609) to work on /home/airflow/.local/lib/python3.12/site-packages/airflow/example_dags/example_bash_operator.py
[2026-03-25T11:20:22.614+0000] {processor.py:830} INFO - Processing file /home/airflow/.local/lib/python3.12/site-packages/airflow/example_dags/example_bash_operator.py for tasks to queue
[2026-03-25T11:20:22.616+0000] {logging_mixin.py:188} INFO - [2026-03-25T11:20:22.615+0000] {dagbag.py:540} INFO - Filling up the DagBag from /home/airflow/.local/lib/python3.12/site-packages/airflow/example_dags/example_bash_operator.py
[2026-03-25T11:20:22.626+0000] {processor.py:840} INFO - DAG(s) 'example_bash_operator' retrieved from /home/airflow/.local/lib/python3.12/site-packages/airflow/example_dags/example_bash_operator.py
[2026-03-25T11:20:22.653+0000] {logging_mixin.py:188} INFO - [2026-03-25T11:20:22.653+0000] {dag.py:3096} INFO - Sync 1 DAGs
[2026-03-25T11:20:22.676+0000] {logging_mixin.py:188} INFO - [2026-03-25T11:20:22.675+0000] {dag.py:3954} INFO - Setting next_dagrun for example_bash_operator to 2026-03-24 00:00:00+00:00, run_after=2026-03-25 00:00:00+00:00
[2026-03-25T11:20:22.713+0000] {processor.py:183} INFO - Processing /home/airflow/.local/lib/python3.12/site-packages/airflow/example_dags/example_bash_operator.py took 0.106 seconds
[2026-03-25T11:20:55.176+0000] {processor.py:161} INFO - Started process (PID=668) to work on /home/airflow/.local/lib/python3.12/site-packages/airflow/example_dags/example_bash_operator.py
[2026-03-25T11:20:55.177+0000] {processor.py:830} INFO - Processing file /home/airflow/.local/lib/python3.12/site-packages/airflow/example_dags/example_bash_operator.py for tasks to queue
[2026-03-25T11:20:55.179+0000] {logging_mixin.py:188} INFO - [2026-03-25T11:20:55.179+0000] {dagbag.py:540} INFO - Filling up the DagBag from /home/airflow/.local/lib/python3.12/site-packages/airflow/example_dags/example_bash_operator.py
[2026-03-25T11:20:55.190+0000] {processor.py:840} INFO - DAG(s) 'example_bash_operator' retrieved from /home/airflow/.local/lib/python3.12/site-packages/airflow/example_dags/example_bash_operator.py
[2026-03-25T11:20:55.224+0000] {logging_mixin.py:188} INFO - [2026-03-25T11:20:55.224+0000] {dag.py:3096} INFO - Sync 1 DAGs
[2026-03-25T11:20:55.251+0000] {logging_mixin.py:188} INFO - [2026-03-25T11:20:55.250+0000] {dag.py:3954} INFO - Setting next_dagrun for example_bash_operator to 2026-03-24 00:00:00+00:00, run_after=2026-03-25 00:00:00+00:00
[2026-03-25T11:20:55.295+0000] {processor.py:183} INFO - Processing /home/airflow/.local/lib/python3.12/site-packages/airflow/example_dags/example_bash_operator.py took 0.126 seconds
[2026-03-25T11:21:27.911+0000] {processor.py:161} INFO - Started process (PID=727) to work on /home/airflow/.local/lib/python3.12/site-packages/airflow/example_dags/example_bash_operator.py
[2026-03-25T11:21:27.912+0000] {processor.py:830} INFO - Processing file /home/airflow/.local/lib/python3.12/site-packages/airflow/example_dags/example_bash_operator.py for tasks to queue
[2026-03-25T11:21:27.914+0000] {logging_mixin.py:188} INFO - [2026-03-25T11:21:27.913+0000] {dagbag.py:540} INFO - Filling up the DagBag from /home/airflow/.local/lib/python3.12/site-packages/airflow/example_dags/example_bash_operator.py
[2026-03-25T11:21:27.926+0000] {processor.py:840} INFO - DAG(s) 'example_bash_operator' retrieved from /home/airflow/.local/lib/python3.12/site-packages/airflow/example_dags/example_bash_operator.py
[2026-03-25T11:21:27.955+0000] {logging_mixin.py:188} INFO - [2026-03-25T11:21:27.955+0000] {dag.py:3096} INFO - Sync 1 DAGs
[2026-03-25T11:21:27.980+0000] {logging_mixin.py:188} INFO - [2026-03-25T11:21:27.979+0000] {dag.py:3954} INFO - Setting next_dagrun for example_bash_operator to 2026-03-24 00:00:00+00:00, run_after=2026-03-25 00:00:00+00:00
[2026-03-25T11:21:28.020+0000] {processor.py:183} INFO - Processing /home/airflow/.local/lib/python3.12/site-packages/airflow/example_dags/example_bash_operator.py took 0.115 seconds
[2026-03-25T11:22:00.808+0000] {processor.py:161} INFO - Started process (PID=786) to work on /home/airflow/.local/lib/python3.12/site-packages/airflow/example_dags/example_bash_operator.py
[2026-03-25T11:22:00.810+0000] {processor.py:830} INFO - Processing file /home/airflow/.local/lib/python3.12/site-packages/airflow/example_dags/example_bash_operator.py for tasks to queue
[2026-03-25T11:22:00.814+0000] {logging_mixin.py:188} INFO - [2026-03-25T11:22:00.813+0000] {dagbag.py:540} INFO - Filling up the DagBag from /home/airflow/.local/lib/python3.12/site-packages/airflow/example_dags/example_bash_operator.py
[2026-03-25T11:22:00.832+0000] {processor.py:840} INFO - DAG(s) 'example_bash_operator' retrieved from /home/airflow/.local/lib/python3.12/site-packages/airflow/example_dags/example_bash_operator.py
[2026-03-25T11:22:00.874+0000] {logging_mixin.py:188} INFO - [2026-03-25T11:22:00.873+0000] {dag.py:3096} INFO - Sync 1 DAGs
[2026-03-25T11:22:00.907+0000] {logging_mixin.py:188} INFO - [2026-03-25T11:22:00.907+0000] {dag.py:3954} INFO - Setting next_dagrun for example_bash_operator to 2026-03-24 00:00:00+00:00, run_after=2026-03-25 00:00:00+00:00
[2026-03-25T11:22:00.950+0000] {processor.py:183} INFO - Processing /home/airflow/.local/lib/python3.12/site-packages/airflow/example_dags/example_bash_operator.py took 0.150 seconds
[2026-03-25T11:22:33.469+0000] {processor.py:161} INFO - Started process (PID=845) to work on /home/airflow/.local/lib/python3.12/site-packages/airflow/example_dags/example_bash_operator.py
[2026-03-25T11:22:33.470+0000] {processor.py:830} INFO - Processing file /home/airflow/.local/lib/python3.12/site-packages/airflow/example_dags/example_bash_operator.py for tasks to queue
[2026-03-25T11:22:33.472+0000] {logging_mixin.py:188} INFO - [2026-03-25T11:22:33.472+0000] {dagbag.py:540} INFO - Filling up the DagBag from /home/airflow/.local/lib/python3.12/site-packages/airflow/example_dags/example_bash_operator.py
[2026-03-25T11:22:33.483+0000] {processor.py:840} INFO - DAG(s) 'example_bash_operator' retrieved from /home/airflow/.local/lib/python3.12/site-packages/airflow/example_dags/example_bash_operator.py
[2026-03-25T11:22:33.515+0000] {logging_mixin.py:188} INFO - [2026-03-25T11:22:33.514+0000] {dag.py:3096} INFO - Sync 1 DAGs
[2026-03-25T11:22:33.540+0000] {logging_mixin.py:188} INFO - [2026-03-25T11:22:33.539+0000] {dag.py:3954} INFO - Setting next_dagrun for example_bash_operator to 2026-03-24 00:00:00+00:00, run_after=2026-03-25 00:00:00+00:00
[2026-03-25T11:22:33.587+0000] {processor.py:183} INFO - Processing /home/airflow/.local/lib/python3.12/site-packages/airflow/example_dags/example_bash_operator.py took 0.123 seconds
[2026-03-25T11:23:06.242+0000] {processor.py:161} INFO - Started process (PID=904) to work on /home/airflow/.local/lib/python3.12/site-packages/airflow/example_dags/example_bash_operator.py
[2026-03-25T11:23:06.243+0000] {processor.py:830} INFO - Processing file /home/airflow/.local/lib/python3.12/site-packages/airflow/example_dags/example_bash_operator.py for tasks to queue
[2026-03-25T11:23:06.245+0000] {logging_mixin.py:188} INFO - [2026-03-25T11:23:06.245+0000] {dagbag.py:540} INFO - Filling up the DagBag from /home/airflow/.local/lib/python3.12/site-packages/airflow/example_dags/example_bash_operator.py
[2026-03-25T11:23:06.268+0000] {processor.py:840} INFO - DAG(s) 'example_bash_operator' retrieved from /home/airflow/.local/lib/python3.12/site-packages/airflow/example_dags/example_bash_operator.py
[2026-03-25T11:23:06.315+0000] {logging_mixin.py:188} INFO - [2026-03-25T11:23:06.315+0000] {dag.py:3096} INFO - Sync 1 DAGs
[2026-03-25T11:23:06.343+0000] {logging_mixin.py:188} INFO - [2026-03-25T11:23:06.343+0000] {dag.py:3954} INFO - Setting next_dagrun for example_bash_operator to 2026-03-24 00:00:00+00:00, run_after=2026-03-25 00:00:00+00:00
[2026-03-25T11:23:06.394+0000] {processor.py:183} INFO - Processing /home/airflow/.local/lib/python3.12/site-packages/airflow/example_dags/example_bash_operator.py took 0.159 seconds
[2026-03-25T11:23:39.083+0000] {processor.py:161} INFO - Started process (PID=963) to work on /home/airflow/.local/lib/python3.12/site-packages/airflow/example_dags/example_bash_operator.py
[2026-03-25T11:23:39.084+0000] {processor.py:830} INFO - Processing file /home/airflow/.local/lib/python3.12/site-packages/airflow/example_dags/example_bash_operator.py for tasks to queue
[2026-03-25T11:23:39.086+0000] {logging_mixin.py:188} INFO - [2026-03-25T11:23:39.086+0000] {dagbag.py:540} INFO - Filling up the DagBag from /home/airflow/.local/lib/python3.12/site-packages/airflow/example_dags/example_bash_operator.py
[2026-03-25T11:23:39.097+0000] {processor.py:840} INFO - DAG(s) 'example_bash_operator' retrieved from /home/airflow/.local/lib/python3.12/site-packages/airflow/example_dags/example_bash_operator.py
[2026-03-25T11:23:39.124+0000] {logging_mixin.py:188} INFO - [2026-03-25T11:23:39.123+0000] {dag.py:3096} INFO - Sync 1 DAGs
[2026-03-25T11:23:39.147+0000] {logging_mixin.py:188} INFO - [2026-03-25T11:23:39.146+0000] {dag.py:3954} INFO - Setting next_dagrun for example_bash_operator to 2026-03-24 00:00:00+00:00, run_after=2026-03-25 00:00:00+00:00
[2026-03-25T11:23:39.245+0000] {processor.py:183} INFO - Processing /home/airflow/.local/lib/python3.12/site-packages/airflow/example_dags/example_bash_operator.py took 0.168 seconds
[2026-03-25T11:24:11.229+0000] {processor.py:161} INFO - Started process (PID=1016) to work on /home/airflow/.local/lib/python3.12/site-packages/airflow/example_dags/example_bash_operator.py
[2026-03-25T11:24:11.230+0000] {processor.py:830} INFO - Processing file /home/airflow/.local/lib/python3.12/site-packages/airflow/example_dags/example_bash_operator.py for tasks to queue
[2026-03-25T11:24:11.232+0000] {logging_mixin.py:188} INFO - [2026-03-25T11:24:11.232+0000] {dagbag.py:540} INFO - Filling up the DagBag from /home/airflow/.local/lib/python3.12/site-packages/airflow/example_dags/example_bash_operator.py
[2026-03-25T11:24:11.243+0000] {processor.py:840} INFO - DAG(s) 'example_bash_operator' retrieved from /home/airflow/.local/lib/python3.12/site-packages/airflow/example_dags/example_bash_operator.py
[2026-03-25T11:24:11.280+0000] {logging_mixin.py:188} INFO - [2026-03-25T11:24:11.279+0000] {dag.py:3096} INFO - Sync 1 DAGs
[2026-03-25T11:24:11.314+0000] {logging_mixin.py:188} INFO - [2026-03-25T11:24:11.314+0000] {dag.py:3954} INFO - Setting next_dagrun for example_bash_operator to 2026-03-24 00:00:00+00:00, run_after=2026-03-25 00:00:00+00:00
[2026-03-25T11:24:11.378+0000] {processor.py:183} INFO - Processing /home/airflow/.local/lib/python3.12/site-packages/airflow/example_dags/example_bash_operator.py took 0.155 seconds
[2026-03-25T11:24:44.630+0000] {processor.py:161} INFO - Started process (PID=1082) to work on /home/airflow/.local/lib/python3.12/site-packages/airflow/example_dags/example_bash_operator.py
[2026-03-25T11:24:44.632+0000] {processor.py:830} INFO - Processing file /home/airflow/.local/lib/python3.12/site-packages/airflow/example_dags/example_bash_operator.py for tasks to queue
[2026-03-25T11:24:44.636+0000] {logging_mixin.py:188} INFO - [2026-03-25T11:24:44.635+0000] {dagbag.py:540} INFO - Filling up the DagBag from /home/airflow/.local/lib/python3.12/site-packages/airflow/example_dags/example_bash_operator.py
[2026-03-25T11:24:44.668+0000] {processor.py:840} INFO - DAG(s) 'example_bash_operator' retrieved from /home/airflow/.local/lib/python3.12/site-packages/airflow/example_dags/example_bash_operator.py
[2026-03-25T11:24:44.722+0000] {logging_mixin.py:188} INFO - [2026-03-25T11:24:44.721+0000] {dag.py:3096} INFO - Sync 1 DAGs
[2026-03-25T11:24:44.772+0000] {logging_mixin.py:188} INFO - [2026-03-25T11:24:44.771+0000] {dag.py:3954} INFO - Setting next_dagrun for example_bash_operator to 2026-03-24 00:00:00+00:00, run_after=2026-03-25 00:00:00+00:00
[2026-03-25T11:24:44.834+0000] {processor.py:183} INFO - Processing /home/airflow/.local/lib/python3.12/site-packages/airflow/example_dags/example_bash_operator.py took 0.214 seconds
[2026-03-25T11:25:16.845+0000] {processor.py:161} INFO - Started process (PID=1135) to work on /home/airflow/.local/lib/python3.12/site-packages/airflow/example_dags/example_bash_operator.py
[2026-03-25T11:25:16.847+0000] {processor.py:830} INFO - Processing file /home/airflow/.local/lib/python3.12/site-packages/airflow/example_dags/example_bash_operator.py for tasks to queue
[2026-03-25T11:25:16.848+0000] {logging_mixin.py:188} INFO - [2026-03-25T11:25:16.848+0000] {dagbag.py:540} INFO - Filling up the DagBag from /home/airflow/.local/lib/python3.12/site-packages/airflow/example_dags/example_bash_operator.py
[2026-03-25T11:25:16.859+0000] {processor.py:840} INFO - DAG(s) 'example_bash_operator' retrieved from /home/airflow/.local/lib/python3.12/site-packages/airflow/example_dags/example_bash_operator.py
[2026-03-25T11:25:16.889+0000] {logging_mixin.py:188} INFO - [2026-03-25T11:25:16.889+0000] {dag.py:3096} INFO - Sync 1 DAGs
[2026-03-25T11:25:16.911+0000] {logging_mixin.py:188} INFO - [2026-03-25T11:25:16.911+0000] {dag.py:3954} INFO - Setting next_dagrun for example_bash_operator to 2026-03-24 00:00:00+00:00, run_after=2026-03-25 00:00:00+00:00
[2026-03-25T11:25:16.956+0000] {processor.py:183} INFO - Processing /home/airflow/.local/lib/python3.12/site-packages/airflow/example_dags/example_bash_operator.py took 0.116 seconds
[2026-03-25T11:25:50.088+0000] {processor.py:161} INFO - Started process (PID=1194) to work on /home/airflow/.local/lib/python3.12/site-packages/airflow/example_dags/example_bash_operator.py
[2026-03-25T11:25:50.089+0000] {processor.py:830} INFO - Processing file /home/airflow/.local/lib/python3.12/site-packages/airflow/example_dags/example_bash_operator.py for tasks to queue
[2026-03-25T11:25:50.091+0000] {logging_mixin.py:188} INFO - [2026-03-25T11:25:50.090+0000] {dagbag.py:540} INFO - Filling up the DagBag from /home/airflow/.local/lib/python3.12/site-packages/airflow/example_dags/example_bash_operator.py
[2026-03-25T11:25:50.102+0000] {processor.py:840} INFO - DAG(s) 'example_bash_operator' retrieved from /home/airflow/.local/lib/python3.12/site-packages/airflow/example_dags/example_bash_operator.py
[2026-03-25T11:25:50.130+0000] {logging_mixin.py:188} INFO - [2026-03-25T11:25:50.129+0000] {dag.py:3096} INFO - Sync 1 DAGs
[2026-03-25T11:25:50.152+0000] {logging_mixin.py:188} INFO - [2026-03-25T11:25:50.152+0000] {dag.py:3954} INFO - Setting next_dagrun for example_bash_operator to 2026-03-24 00:00:00+00:00, run_after=2026-03-25 00:00:00+00:00
[2026-03-25T11:25:50.189+0000] {processor.py:183} INFO - Processing /home/airflow/.local/lib/python3.12/site-packages/airflow/example_dags/example_bash_operator.py took 0.108 seconds
[2026-03-25T11:26:22.870+0000] {processor.py:161} INFO - Started process (PID=1254) to work on /home/airflow/.local/lib/python3.12/site-packages/airflow/example_dags/example_bash_operator.py
[2026-03-25T11:26:22.871+0000] {processor.py:830} INFO - Processing file /home/airflow/.local/lib/python3.12/site-packages/airflow/example_dags/example_bash_operator.py for tasks to queue
[2026-03-25T11:26:22.873+0000] {logging_mixin.py:188} INFO - [2026-03-25T11:26:22.872+0000] {dagbag.py:540} INFO - Filling up the DagBag from /home/airflow/.local/lib/python3.12/site-packages/airflow/example_dags/example_bash_operator.py
[2026-03-25T11:26:22.883+0000] {processor.py:840} INFO - DAG(s) 'example_bash_operator' retrieved from /home/airflow/.local/lib/python3.12/site-packages/airflow/example_dags/example_bash_operator.py
[2026-03-25T11:26:22.910+0000] {logging_mixin.py:188} INFO - [2026-03-25T11:26:22.910+0000] {dag.py:3096} INFO - Sync 1 DAGs
[2026-03-25T11:26:22.933+0000] {logging_mixin.py:188} INFO - [2026-03-25T11:26:22.933+0000] {dag.py:3954} INFO - Setting next_dagrun for example_bash_operator to 2026-03-24 00:00:00+00:00, run_after=2026-03-25 00:00:00+00:00
[2026-03-25T11:26:22.987+0000] {processor.py:183} INFO - Processing /home/airflow/.local/lib/python3.12/site-packages/airflow/example_dags/example_bash_operator.py took 0.123 seconds
[2026-03-25T11:26:55.601+0000] {processor.py:161} INFO - Started process (PID=1313) to work on /home/airflow/.local/lib/python3.12/site-packages/airflow/example_dags/example_bash_operator.py
[2026-03-25T11:26:55.602+0000] {processor.py:830} INFO - Processing file /home/airflow/.local/lib/python3.12/site-packages/airflow/example_dags/example_bash_operator.py for tasks to queue
[2026-03-25T11:26:55.605+0000] {logging_mixin.py:188} INFO - [2026-03-25T11:26:55.604+0000] {dagbag.py:540} INFO - Filling up the DagBag from /home/airflow/.local/lib/python3.12/site-packages/airflow/example_dags/example_bash_operator.py
[2026-03-25T11:26:55.618+0000] {processor.py:840} INFO - DAG(s) 'example_bash_operator' retrieved from /home/airflow/.local/lib/python3.12/site-packages/airflow/example_dags/example_bash_operator.py
[2026-03-25T11:26:55.650+0000] {logging_mixin.py:188} INFO - [2026-03-25T11:26:55.649+0000] {dag.py:3096} INFO - Sync 1 DAGs
[2026-03-25T11:26:55.677+0000] {logging_mixin.py:188} INFO - [2026-03-25T11:26:55.676+0000] {dag.py:3954} INFO - Setting next_dagrun for example_bash_operator to 2026-03-24 00:00:00+00:00, run_after=2026-03-25 00:00:00+00:00
[2026-03-25T11:26:55.727+0000] {processor.py:183} INFO - Processing /home/airflow/.local/lib/python3.12/site-packages/airflow/example_dags/example_bash_operator.py took 0.132 seconds
[2026-03-25T11:27:28.158+0000] {processor.py:161} INFO - Started process (PID=1372) to work on /home/airflow/.local/lib/python3.12/site-packages/airflow/example_dags/example_bash_operator.py
[2026-03-25T11:27:28.159+0000] {processor.py:830} INFO - Processing file /home/airflow/.local/lib/python3.12/site-packages/airflow/example_dags/example_bash_operator.py for tasks to queue
[2026-03-25T11:27:28.163+0000] {logging_mixin.py:188} INFO - [2026-03-25T11:27:28.162+0000] {dagbag.py:540} INFO - Filling up the DagBag from /home/airflow/.local/lib/python3.12/site-packages/airflow/example_dags/example_bash_operator.py
[2026-03-25T11:27:28.181+0000] {processor.py:840} INFO - DAG(s) 'example_bash_operator' retrieved from /home/airflow/.local/lib/python3.12/site-packages/airflow/example_dags/example_bash_operator.py
[2026-03-25T11:27:28.223+0000] {logging_mixin.py:188} INFO - [2026-03-25T11:27:28.223+0000] {dag.py:3096} INFO - Sync 1 DAGs
[2026-03-25T11:27:28.259+0000] {logging_mixin.py:188} INFO - [2026-03-25T11:27:28.258+0000] {dag.py:3954} INFO - Setting next_dagrun for example_bash_operator to 2026-03-24 00:00:00+00:00, run_after=2026-03-25 00:00:00+00:00
[2026-03-25T11:27:28.335+0000] {processor.py:183} INFO - Processing /home/airflow/.local/lib/python3.12/site-packages/airflow/example_dags/example_bash_operator.py took 0.188 seconds
[2026-03-25T11:28:00.700+0000] {processor.py:161} INFO - Started process (PID=1431) to work on /home/airflow/.local/lib/python3.12/site-packages/airflow/example_dags/example_bash_operator.py
[2026-03-25T11:28:00.702+0000] {processor.py:830} INFO - Processing file /home/airflow/.local/lib/python3.12/site-packages/airflow/example_dags/example_bash_operator.py for tasks to queue
[2026-03-25T11:28:00.705+0000] {logging_mixin.py:188} INFO - [2026-03-25T11:28:00.704+0000] {dagbag.py:540} INFO - Filling up the DagBag from /home/airflow/.local/lib/python3.12/site-packages/airflow/example_dags/example_bash_operator.py
[2026-03-25T11:28:00.717+0000] {processor.py:840} INFO - DAG(s) 'example_bash_operator' retrieved from /home/airflow/.local/lib/python3.12/site-packages/airflow/example_dags/example_bash_operator.py
[2026-03-25T11:28:00.744+0000] {logging_mixin.py:188} INFO - [2026-03-25T11:28:00.744+0000] {dag.py:3096} INFO - Sync 1 DAGs
[2026-03-25T11:28:00.766+0000] {logging_mixin.py:188} INFO - [2026-03-25T11:28:00.766+0000] {dag.py:3954} INFO - Setting next_dagrun for example_bash_operator to 2026-03-24 00:00:00+00:00, run_after=2026-03-25 00:00:00+00:00
[2026-03-25T11:28:00.799+0000] {processor.py:183} INFO - Processing /home/airflow/.local/lib/python3.12/site-packages/airflow/example_dags/example_bash_operator.py took 0.105 seconds
[2026-03-25T11:28:35.227+0000] {processor.py:161} INFO - Started process (PID=1506) to work on /home/airflow/.local/lib/python3.12/site-packages/airflow/example_dags/example_bash_operator.py
[2026-03-25T11:28:35.229+0000] {processor.py:830} INFO - Processing file /home/airflow/.local/lib/python3.12/site-packages/airflow/example_dags/example_bash_operator.py for tasks to queue
[2026-03-25T11:28:35.231+0000] {logging_mixin.py:188} INFO - [2026-03-25T11:28:35.231+0000] {dagbag.py:540} INFO - Filling up the DagBag from /home/airflow/.local/lib/python3.12/site-packages/airflow/example_dags/example_bash_operator.py
[2026-03-25T11:28:35.252+0000] {processor.py:840} INFO - DAG(s) 'example_bash_operator' retrieved from /home/airflow/.local/lib/python3.12/site-packages/airflow/example_dags/example_bash_operator.py
[2026-03-25T11:28:35.293+0000] {logging_mixin.py:188} INFO - [2026-03-25T11:28:35.293+0000] {dag.py:3096} INFO - Sync 1 DAGs
[2026-03-25T11:28:35.331+0000] {logging_mixin.py:188} INFO - [2026-03-25T11:28:35.331+0000] {dag.py:3954} INFO - Setting next_dagrun for example_bash_operator to 2026-03-24 00:00:00+00:00, run_after=2026-03-25 00:00:00+00:00
[2026-03-25T11:28:35.387+0000] {processor.py:183} INFO - Processing /home/airflow/.local/lib/python3.12/site-packages/airflow/example_dags/example_bash_operator.py took 0.166 seconds
[2026-03-25T11:29:06.867+0000] {processor.py:161} INFO - Started process (PID=1559) to work on /home/airflow/.local/lib/python3.12/site-packages/airflow/example_dags/example_bash_operator.py
[2026-03-25T11:29:06.868+0000] {processor.py:830} INFO - Processing file /home/airflow/.local/lib/python3.12/site-packages/airflow/example_dags/example_bash_operator.py for tasks to queue
[2026-03-25T11:29:06.870+0000] {logging_mixin.py:188} INFO - [2026-03-25T11:29:06.870+0000] {dagbag.py:540} INFO - Filling up the DagBag from /home/airflow/.local/lib/python3.12/site-packages/airflow/example_dags/example_bash_operator.py
[2026-03-25T11:29:06.881+0000] {processor.py:840} INFO - DAG(s) 'example_bash_operator' retrieved from /home/airflow/.local/lib/python3.12/site-packages/airflow/example_dags/example_bash_operator.py
[2026-03-25T11:29:06.909+0000] {logging_mixin.py:188} INFO - [2026-03-25T11:29:06.909+0000] {dag.py:3096} INFO - Sync 1 DAGs
[2026-03-25T11:29:06.931+0000] {logging_mixin.py:188} INFO - [2026-03-25T11:29:06.931+0000] {dag.py:3954} INFO - Setting next_dagrun for example_bash_operator to 2026-03-24 00:00:00+00:00, run_after=2026-03-25 00:00:00+00:00
[2026-03-25T11:29:06.972+0000] {processor.py:183} INFO - Processing /home/airflow/.local/lib/python3.12/site-packages/airflow/example_dags/example_bash_operator.py took 0.111 seconds
[2026-03-25T11:29:37.663+0000] {processor.py:161} INFO - Started process (PID=1624) to work on /home/airflow/.local/lib/python3.12/site-packages/airflow/example_dags/example_bash_operator.py
[2026-03-25T11:29:37.664+0000] {processor.py:830} INFO - Processing file /home/airflow/.local/lib/python3.12/site-packages/airflow/example_dags/example_bash_operator.py for tasks to queue
[2026-03-25T11:29:37.667+0000] {logging_mixin.py:188} INFO - [2026-03-25T11:29:37.667+0000] {dagbag.py:540} INFO - Filling up the DagBag from /home/airflow/.local/lib/python3.12/site-packages/airflow/example_dags/example_bash_operator.py
[2026-03-25T11:29:37.690+0000] {processor.py:840} INFO - DAG(s) 'example_bash_operator' retrieved from /home/airflow/.local/lib/python3.12/site-packages/airflow/example_dags/example_bash_operator.py
[2026-03-25T11:29:37.751+0000] {logging_mixin.py:188} INFO - [2026-03-25T11:29:37.751+0000] {dag.py:3096} INFO - Sync 1 DAGs
[2026-03-25T11:29:37.804+0000] {logging_mixin.py:188} INFO - [2026-03-25T11:29:37.803+0000] {dag.py:3954} INFO - Setting next_dagrun for example_bash_operator to 2026-03-24 00:00:00+00:00, run_after=2026-03-25 00:00:00+00:00
[2026-03-25T11:29:37.894+0000] {processor.py:183} INFO - Processing /home/airflow/.local/lib/python3.12/site-packages/airflow/example_dags/example_bash_operator.py took 0.242 seconds
[2026-03-25T11:30:08.436+0000] {processor.py:161} INFO - Started process (PID=1677) to work on /home/airflow/.local/lib/python3.12/site-packages/airflow/example_dags/example_bash_operator.py
[2026-03-25T11:30:08.438+0000] {processor.py:830} INFO - Processing file /home/airflow/.local/lib/python3.12/site-packages/airflow/example_dags/example_bash_operator.py for tasks to queue
[2026-03-25T11:30:08.441+0000] {logging_mixin.py:188} INFO - [2026-03-25T11:30:08.440+0000] {dagbag.py:540} INFO - Filling up the DagBag from /home/airflow/.local/lib/python3.12/site-packages/airflow/example_dags/example_bash_operator.py
[2026-03-25T11:30:08.468+0000] {processor.py:840} INFO - DAG(s) 'example_bash_operator' retrieved from /home/airflow/.local/lib/python3.12/site-packages/airflow/example_dags/example_bash_operator.py
[2026-03-25T11:30:08.564+0000] {logging_mixin.py:188} INFO - [2026-03-25T11:30:08.563+0000] {dag.py:3096} INFO - Sync 1 DAGs
[2026-03-25T11:30:08.635+0000] {logging_mixin.py:188} INFO - [2026-03-25T11:30:08.634+0000] {dag.py:3954} INFO - Setting next_dagrun for example_bash_operator to 2026-03-24 00:00:00+00:00, run_after=2026-03-25 00:00:00+00:00
[2026-03-25T11:30:08.706+0000] {processor.py:183} INFO - Processing /home/airflow/.local/lib/python3.12/site-packages/airflow/example_dags/example_bash_operator.py took 0.280 seconds
[2026-03-25T11:30:38.810+0000] {processor.py:161} INFO - Started process (PID=1736) to work on /home/airflow/.local/lib/python3.12/site-packages/airflow/example_dags/example_bash_operator.py
[2026-03-25T11:30:38.811+0000] {processor.py:830} INFO - Processing file /home/airflow/.local/lib/python3.12/site-packages/airflow/example_dags/example_bash_operator.py for tasks to queue
[2026-03-25T11:30:38.813+0000] {logging_mixin.py:188} INFO - [2026-03-25T11:30:38.812+0000] {dagbag.py:540} INFO - Filling up the DagBag from /home/airflow/.local/lib/python3.12/site-packages/airflow/example_dags/example_bash_operator.py
[2026-03-25T11:30:38.823+0000] {processor.py:840} INFO - DAG(s) 'example_bash_operator' retrieved from /home/airflow/.local/lib/python3.12/site-packages/airflow/example_dags/example_bash_operator.py
[2026-03-25T11:30:38.851+0000] {logging_mixin.py:188} INFO - [2026-03-25T11:30:38.851+0000] {dag.py:3096} INFO - Sync 1 DAGs
[2026-03-25T11:30:38.872+0000] {logging_mixin.py:188} INFO - [2026-03-25T11:30:38.872+0000] {dag.py:3954} INFO - Setting next_dagrun for example_bash_operator to 2026-03-24 00:00:00+00:00, run_after=2026-03-25 00:00:00+00:00
[2026-03-25T11:30:38.975+0000] {processor.py:183} INFO - Processing /home/airflow/.local/lib/python3.12/site-packages/airflow/example_dags/example_bash_operator.py took 0.171 seconds
[2026-03-25T11:31:09.951+0000] {processor.py:161} INFO - Started process (PID=1795) to work on /home/airflow/.local/lib/python3.12/site-packages/airflow/example_dags/example_bash_operator.py
[2026-03-25T11:31:09.953+0000] {processor.py:830} INFO - Processing file /home/airflow/.local/lib/python3.12/site-packages/airflow/example_dags/example_bash_operator.py for tasks to queue
[2026-03-25T11:31:09.954+0000] {logging_mixin.py:188} INFO - [2026-03-25T11:31:09.954+0000] {dagbag.py:540} INFO - Filling up the DagBag from /home/airflow/.local/lib/python3.12/site-packages/airflow/example_dags/example_bash_operator.py
[2026-03-25T11:31:09.966+0000] {processor.py:840} INFO - DAG(s) 'example_bash_operator' retrieved from /home/airflow/.local/lib/python3.12/site-packages/airflow/example_dags/example_bash_operator.py
[2026-03-25T11:31:09.995+0000] {logging_mixin.py:188} INFO - [2026-03-25T11:31:09.995+0000] {dag.py:3096} INFO - Sync 1 DAGs
[2026-03-25T11:31:10.018+0000] {logging_mixin.py:188} INFO - [2026-03-25T11:31:10.018+0000] {dag.py:3954} INFO - Setting next_dagrun for example_bash_operator to 2026-03-24 00:00:00+00:00, run_after=2026-03-25 00:00:00+00:00
[2026-03-25T11:31:10.101+0000] {processor.py:183} INFO - Processing /home/airflow/.local/lib/python3.12/site-packages/airflow/example_dags/example_bash_operator.py took 0.155 seconds
[2026-03-25T11:31:40.188+0000] {processor.py:161} INFO - Started process (PID=1854) to work on /home/airflow/.local/lib/python3.12/site-packages/airflow/example_dags/example_bash_operator.py
[2026-03-25T11:31:40.189+0000] {processor.py:830} INFO - Processing file /home/airflow/.local/lib/python3.12/site-packages/airflow/example_dags/example_bash_operator.py for tasks to queue
[2026-03-25T11:31:40.191+0000] {logging_mixin.py:188} INFO - [2026-03-25T11:31:40.190+0000] {dagbag.py:540} INFO - Filling up the DagBag from /home/airflow/.local/lib/python3.12/site-packages/airflow/example_dags/example_bash_operator.py
[2026-03-25T11:31:40.202+0000] {processor.py:840} INFO - DAG(s) 'example_bash_operator' retrieved from /home/airflow/.local/lib/python3.12/site-packages/airflow/example_dags/example_bash_operator.py
[2026-03-25T11:31:40.229+0000] {logging_mixin.py:188} INFO - [2026-03-25T11:31:40.229+0000] {dag.py:3096} INFO - Sync 1 DAGs
[2026-03-25T11:31:40.252+0000] {logging_mixin.py:188} INFO - [2026-03-25T11:31:40.252+0000] {dag.py:3954} INFO - Setting next_dagrun for example_bash_operator to 2026-03-24 00:00:00+00:00, run_after=2026-03-25 00:00:00+00:00
[2026-03-25T11:31:40.313+0000] {processor.py:183} INFO - Processing /home/airflow/.local/lib/python3.12/site-packages/airflow/example_dags/example_bash_operator.py took 0.130 seconds
[2026-03-25T11:32:10.947+0000] {processor.py:161} INFO - Started process (PID=1913) to work on /home/airflow/.local/lib/python3.12/site-packages/airflow/example_dags/example_bash_operator.py
[2026-03-25T11:32:10.949+0000] {processor.py:830} INFO - Processing file /home/airflow/.local/lib/python3.12/site-packages/airflow/example_dags/example_bash_operator.py for tasks to queue
[2026-03-25T11:32:10.951+0000] {logging_mixin.py:188} INFO - [2026-03-25T11:32:10.950+0000] {dagbag.py:540} INFO - Filling up the DagBag from /home/airflow/.local/lib/python3.12/site-packages/airflow/example_dags/example_bash_operator.py
[2026-03-25T11:32:10.962+0000] {processor.py:840} INFO - DAG(s) 'example_bash_operator' retrieved from /home/airflow/.local/lib/python3.12/site-packages/airflow/example_dags/example_bash_operator.py
[2026-03-25T11:32:10.990+0000] {logging_mixin.py:188} INFO - [2026-03-25T11:32:10.990+0000] {dag.py:3096} INFO - Sync 1 DAGs
[2026-03-25T11:32:11.012+0000] {logging_mixin.py:188} INFO - [2026-03-25T11:32:11.012+0000] {dag.py:3954} INFO - Setting next_dagrun for example_bash_operator to 2026-03-24 00:00:00+00:00, run_after=2026-03-25 00:00:00+00:00
[2026-03-25T11:32:11.201+0000] {processor.py:183} INFO - Processing /home/airflow/.local/lib/python3.12/site-packages/airflow/example_dags/example_bash_operator.py took 0.259 seconds
[2026-03-25T11:34:37.053+0000] {processor.py:161} INFO - Started process (PID=83) to work on /home/airflow/.local/lib/python3.12/site-packages/airflow/example_dags/example_bash_operator.py
[2026-03-25T11:34:37.055+0000] {processor.py:830} INFO - Processing file /home/airflow/.local/lib/python3.12/site-packages/airflow/example_dags/example_bash_operator.py for tasks to queue
[2026-03-25T11:34:37.059+0000] {logging_mixin.py:188} INFO - [2026-03-25T11:34:37.058+0000] {dagbag.py:540} INFO - Filling up the DagBag from /home/airflow/.local/lib/python3.12/site-packages/airflow/example_dags/example_bash_operator.py
[2026-03-25T11:34:37.076+0000] {processor.py:840} INFO - DAG(s) 'example_bash_operator' retrieved from /home/airflow/.local/lib/python3.12/site-packages/airflow/example_dags/example_bash_operator.py
[2026-03-25T11:34:37.271+0000] {logging_mixin.py:188} INFO - [2026-03-25T11:34:37.270+0000] {dag.py:3096} INFO - Sync 1 DAGs
[2026-03-25T11:34:37.301+0000] {logging_mixin.py:188} INFO - [2026-03-25T11:34:37.301+0000] {dag.py:3954} INFO - Setting next_dagrun for example_bash_operator to 2026-03-24 00:00:00+00:00, run_after=2026-03-25 00:00:00+00:00
[2026-03-25T11:34:37.345+0000] {processor.py:183} INFO - Processing /home/airflow/.local/lib/python3.12/site-packages/airflow/example_dags/example_bash_operator.py took 0.299 seconds
[2026-03-25T11:35:07.791+0000] {processor.py:161} INFO - Started process (PID=142) to work on /home/airflow/.local/lib/python3.12/site-packages/airflow/example_dags/example_bash_operator.py
[2026-03-25T11:35:07.792+0000] {processor.py:830} INFO - Processing file /home/airflow/.local/lib/python3.12/site-packages/airflow/example_dags/example_bash_operator.py for tasks to queue
[2026-03-25T11:35:07.794+0000] {logging_mixin.py:188} INFO - [2026-03-25T11:35:07.794+0000] {dagbag.py:540} INFO - Filling up the DagBag from /home/airflow/.local/lib/python3.12/site-packages/airflow/example_dags/example_bash_operator.py
[2026-03-25T11:35:07.805+0000] {processor.py:840} INFO - DAG(s) 'example_bash_operator' retrieved from /home/airflow/.local/lib/python3.12/site-packages/airflow/example_dags/example_bash_operator.py
[2026-03-25T11:35:07.833+0000] {logging_mixin.py:188} INFO - [2026-03-25T11:35:07.833+0000] {dag.py:3096} INFO - Sync 1 DAGs
[2026-03-25T11:35:07.858+0000] {logging_mixin.py:188} INFO - [2026-03-25T11:35:07.858+0000] {dag.py:3954} INFO - Setting next_dagrun for example_bash_operator to 2026-03-24 00:00:00+00:00, run_after=2026-03-25 00:00:00+00:00
[2026-03-25T11:35:07.904+0000] {processor.py:183} INFO - Processing /home/airflow/.local/lib/python3.12/site-packages/airflow/example_dags/example_bash_operator.py took 0.118 seconds
[2026-03-25T11:35:38.724+0000] {processor.py:161} INFO - Started process (PID=195) to work on /home/airflow/.local/lib/python3.12/site-packages/airflow/example_dags/example_bash_operator.py
[2026-03-25T11:35:38.726+0000] {processor.py:830} INFO - Processing file /home/airflow/.local/lib/python3.12/site-packages/airflow/example_dags/example_bash_operator.py for tasks to queue
[2026-03-25T11:35:38.728+0000] {logging_mixin.py:188} INFO - [2026-03-25T11:35:38.727+0000] {dagbag.py:540} INFO - Filling up the DagBag from /home/airflow/.local/lib/python3.12/site-packages/airflow/example_dags/example_bash_operator.py
[2026-03-25T11:35:38.741+0000] {processor.py:840} INFO - DAG(s) 'example_bash_operator' retrieved from /home/airflow/.local/lib/python3.12/site-packages/airflow/example_dags/example_bash_operator.py
[2026-03-25T11:35:38.785+0000] {logging_mixin.py:188} INFO - [2026-03-25T11:35:38.785+0000] {dag.py:3096} INFO - Sync 1 DAGs
[2026-03-25T11:35:38.815+0000] {logging_mixin.py:188} INFO - [2026-03-25T11:35:38.815+0000] {dag.py:3954} INFO - Setting next_dagrun for example_bash_operator to 2026-03-24 00:00:00+00:00, run_after=2026-03-25 00:00:00+00:00
[2026-03-25T11:35:38.884+0000] {processor.py:183} INFO - Processing /home/airflow/.local/lib/python3.12/site-packages/airflow/example_dags/example_bash_operator.py took 0.165 seconds
[2026-03-25T11:36:12.687+0000] {processor.py:161} INFO - Started process (PID=255) to work on /home/airflow/.local/lib/python3.12/site-packages/airflow/example_dags/example_bash_operator.py
[2026-03-25T11:36:12.689+0000] {processor.py:830} INFO - Processing file /home/airflow/.local/lib/python3.12/site-packages/airflow/example_dags/example_bash_operator.py for tasks to queue
[2026-03-25T11:36:12.691+0000] {logging_mixin.py:188} INFO - [2026-03-25T11:36:12.691+0000] {dagbag.py:540} INFO - Filling up the DagBag from /home/airflow/.local/lib/python3.12/site-packages/airflow/example_dags/example_bash_operator.py
[2026-03-25T11:36:12.702+0000] {processor.py:840} INFO - DAG(s) 'example_bash_operator' retrieved from /home/airflow/.local/lib/python3.12/site-packages/airflow/example_dags/example_bash_operator.py
[2026-03-25T11:36:12.848+0000] {logging_mixin.py:188} INFO - [2026-03-25T11:36:12.848+0000] {dag.py:3096} INFO - Sync 1 DAGs
[2026-03-25T11:36:12.868+0000] {logging_mixin.py:188} INFO - [2026-03-25T11:36:12.868+0000] {dag.py:3954} INFO - Setting next_dagrun for example_bash_operator to 2026-03-24 00:00:00+00:00, run_after=2026-03-25 00:00:00+00:00
[2026-03-25T11:36:12.915+0000] {processor.py:183} INFO - Processing /home/airflow/.local/lib/python3.12/site-packages/airflow/example_dags/example_bash_operator.py took 0.233 seconds
[2026-03-25T11:36:45.616+0000] {processor.py:161} INFO - Started process (PID=314) to work on /home/airflow/.local/lib/python3.12/site-packages/airflow/example_dags/example_bash_operator.py
[2026-03-25T11:36:45.618+0000] {processor.py:830} INFO - Processing file /home/airflow/.local/lib/python3.12/site-packages/airflow/example_dags/example_bash_operator.py for tasks to queue
[2026-03-25T11:36:45.621+0000] {logging_mixin.py:188} INFO - [2026-03-25T11:36:45.620+0000] {dagbag.py:540} INFO - Filling up the DagBag from /home/airflow/.local/lib/python3.12/site-packages/airflow/example_dags/example_bash_operator.py
[2026-03-25T11:36:45.639+0000] {processor.py:840} INFO - DAG(s) 'example_bash_operator' retrieved from /home/airflow/.local/lib/python3.12/site-packages/airflow/example_dags/example_bash_operator.py
[2026-03-25T11:36:45.688+0000] {logging_mixin.py:188} INFO - [2026-03-25T11:36:45.688+0000] {dag.py:3096} INFO - Sync 1 DAGs
[2026-03-25T11:36:45.732+0000] {logging_mixin.py:188} INFO - [2026-03-25T11:36:45.731+0000] {dag.py:3954} INFO - Setting next_dagrun for example_bash_operator to 2026-03-24 00:00:00+00:00, run_after=2026-03-25 00:00:00+00:00
[2026-03-25T11:36:45.810+0000] {processor.py:183} INFO - Processing /home/airflow/.local/lib/python3.12/site-packages/airflow/example_dags/example_bash_operator.py took 0.205 seconds
[2026-03-25T11:37:17.871+0000] {processor.py:161} INFO - Started process (PID=373) to work on /home/airflow/.local/lib/python3.12/site-packages/airflow/example_dags/example_bash_operator.py
[2026-03-25T11:37:17.876+0000] {processor.py:830} INFO - Processing file /home/airflow/.local/lib/python3.12/site-packages/airflow/example_dags/example_bash_operator.py for tasks to queue
[2026-03-25T11:37:17.881+0000] {logging_mixin.py:188} INFO - [2026-03-25T11:37:17.880+0000] {dagbag.py:540} INFO - Filling up the DagBag from /home/airflow/.local/lib/python3.12/site-packages/airflow/example_dags/example_bash_operator.py
[2026-03-25T11:37:17.910+0000] {processor.py:840} INFO - DAG(s) 'example_bash_operator' retrieved from /home/airflow/.local/lib/python3.12/site-packages/airflow/example_dags/example_bash_operator.py
[2026-03-25T11:37:17.984+0000] {logging_mixin.py:188} INFO - [2026-03-25T11:37:17.983+0000] {dag.py:3096} INFO - Sync 1 DAGs
[2026-03-25T11:37:18.040+0000] {logging_mixin.py:188} INFO - [2026-03-25T11:37:18.039+0000] {dag.py:3954} INFO - Setting next_dagrun for example_bash_operator to 2026-03-24 00:00:00+00:00, run_after=2026-03-25 00:00:00+00:00
[2026-03-25T11:37:18.149+0000] {processor.py:183} INFO - Processing /home/airflow/.local/lib/python3.12/site-packages/airflow/example_dags/example_bash_operator.py took 0.292 seconds
[2026-03-25T11:37:50.462+0000] {processor.py:161} INFO - Started process (PID=432) to work on /home/airflow/.local/lib/python3.12/site-packages/airflow/example_dags/example_bash_operator.py
[2026-03-25T11:37:50.463+0000] {processor.py:830} INFO - Processing file /home/airflow/.local/lib/python3.12/site-packages/airflow/example_dags/example_bash_operator.py for tasks to queue
[2026-03-25T11:37:50.465+0000] {logging_mixin.py:188} INFO - [2026-03-25T11:37:50.465+0000] {dagbag.py:540} INFO - Filling up the DagBag from /home/airflow/.local/lib/python3.12/site-packages/airflow/example_dags/example_bash_operator.py
[2026-03-25T11:37:50.477+0000] {processor.py:840} INFO - DAG(s) 'example_bash_operator' retrieved from /home/airflow/.local/lib/python3.12/site-packages/airflow/example_dags/example_bash_operator.py
[2026-03-25T11:37:50.505+0000] {logging_mixin.py:188} INFO - [2026-03-25T11:37:50.505+0000] {dag.py:3096} INFO - Sync 1 DAGs
[2026-03-25T11:37:50.529+0000] {logging_mixin.py:188} INFO - [2026-03-25T11:37:50.529+0000] {dag.py:3954} INFO - Setting next_dagrun for example_bash_operator to 2026-03-24 00:00:00+00:00, run_after=2026-03-25 00:00:00+00:00
[2026-03-25T11:37:50.574+0000] {processor.py:183} INFO - Processing /home/airflow/.local/lib/python3.12/site-packages/airflow/example_dags/example_bash_operator.py took 0.118 seconds
[2026-03-25T11:38:22.532+0000] {processor.py:161} INFO - Started process (PID=491) to work on /home/airflow/.local/lib/python3.12/site-packages/airflow/example_dags/example_bash_operator.py
[2026-03-25T11:38:22.534+0000] {processor.py:830} INFO - Processing file /home/airflow/.local/lib/python3.12/site-packages/airflow/example_dags/example_bash_operator.py for tasks to queue
[2026-03-25T11:38:22.537+0000] {logging_mixin.py:188} INFO - [2026-03-25T11:38:22.536+0000] {dagbag.py:540} INFO - Filling up the DagBag from /home/airflow/.local/lib/python3.12/site-packages/airflow/example_dags/example_bash_operator.py
[2026-03-25T11:38:22.551+0000] {processor.py:840} INFO - DAG(s) 'example_bash_operator' retrieved from /home/airflow/.local/lib/python3.12/site-packages/airflow/example_dags/example_bash_operator.py
[2026-03-25T11:38:22.578+0000] {logging_mixin.py:188} INFO - [2026-03-25T11:38:22.578+0000] {dag.py:3096} INFO - Sync 1 DAGs
[2026-03-25T11:38:22.600+0000] {logging_mixin.py:188} INFO - [2026-03-25T11:38:22.599+0000] {dag.py:3954} INFO - Setting next_dagrun for example_bash_operator to 2026-03-24 00:00:00+00:00, run_after=2026-03-25 00:00:00+00:00
[2026-03-25T11:38:22.655+0000] {processor.py:183} INFO - Processing /home/airflow/.local/lib/python3.12/site-packages/airflow/example_dags/example_bash_operator.py took 0.131 seconds
[2026-03-25T11:38:55.369+0000] {processor.py:161} INFO - Started process (PID=550) to work on /home/airflow/.local/lib/python3.12/site-packages/airflow/example_dags/example_bash_operator.py
[2026-03-25T11:38:55.370+0000] {processor.py:830} INFO - Processing file /home/airflow/.local/lib/python3.12/site-packages/airflow/example_dags/example_bash_operator.py for tasks to queue
[2026-03-25T11:38:55.372+0000] {logging_mixin.py:188} INFO - [2026-03-25T11:38:55.372+0000] {dagbag.py:540} INFO - Filling up the DagBag from /home/airflow/.local/lib/python3.12/site-packages/airflow/example_dags/example_bash_operator.py
[2026-03-25T11:38:55.384+0000] {processor.py:840} INFO - DAG(s) 'example_bash_operator' retrieved from /home/airflow/.local/lib/python3.12/site-packages/airflow/example_dags/example_bash_operator.py
[2026-03-25T11:38:55.412+0000] {logging_mixin.py:188} INFO - [2026-03-25T11:38:55.411+0000] {dag.py:3096} INFO - Sync 1 DAGs
[2026-03-25T11:38:55.434+0000] {logging_mixin.py:188} INFO - [2026-03-25T11:38:55.433+0000] {dag.py:3954} INFO - Setting next_dagrun for example_bash_operator to 2026-03-24 00:00:00+00:00, run_after=2026-03-25 00:00:00+00:00
[2026-03-25T11:38:55.486+0000] {processor.py:183} INFO - Processing /home/airflow/.local/lib/python3.12/site-packages/airflow/example_dags/example_bash_operator.py took 0.123 seconds
[2026-03-25T11:39:27.980+0000] {processor.py:161} INFO - Started process (PID=609) to work on /home/airflow/.local/lib/python3.12/site-packages/airflow/example_dags/example_bash_operator.py
[2026-03-25T11:39:27.981+0000] {processor.py:830} INFO - Processing file /home/airflow/.local/lib/python3.12/site-packages/airflow/example_dags/example_bash_operator.py for tasks to queue
[2026-03-25T11:39:27.983+0000] {logging_mixin.py:188} INFO - [2026-03-25T11:39:27.983+0000] {dagbag.py:540} INFO - Filling up the DagBag from /home/airflow/.local/lib/python3.12/site-packages/airflow/example_dags/example_bash_operator.py
[2026-03-25T11:39:27.995+0000] {processor.py:840} INFO - DAG(s) 'example_bash_operator' retrieved from /home/airflow/.local/lib/python3.12/site-packages/airflow/example_dags/example_bash_operator.py
[2026-03-25T11:39:28.026+0000] {logging_mixin.py:188} INFO - [2026-03-25T11:39:28.026+0000] {dag.py:3096} INFO - Sync 1 DAGs
[2026-03-25T11:39:28.049+0000] {logging_mixin.py:188} INFO - [2026-03-25T11:39:28.049+0000] {dag.py:3954} INFO - Setting next_dagrun for example_bash_operator to 2026-03-24 00:00:00+00:00, run_after=2026-03-25 00:00:00+00:00
[2026-03-25T11:39:28.090+0000] {processor.py:183} INFO - Processing /home/airflow/.local/lib/python3.12/site-packages/airflow/example_dags/example_bash_operator.py took 0.116 seconds
[2026-03-25T11:40:01.128+0000] {processor.py:161} INFO - Started process (PID=668) to work on /home/airflow/.local/lib/python3.12/site-packages/airflow/example_dags/example_bash_operator.py
[2026-03-25T11:40:01.130+0000] {processor.py:830} INFO - Processing file /home/airflow/.local/lib/python3.12/site-packages/airflow/example_dags/example_bash_operator.py for tasks to queue
[2026-03-25T11:40:01.131+0000] {logging_mixin.py:188} INFO - [2026-03-25T11:40:01.131+0000] {dagbag.py:540} INFO - Filling up the DagBag from /home/airflow/.local/lib/python3.12/site-packages/airflow/example_dags/example_bash_operator.py
[2026-03-25T11:40:01.143+0000] {processor.py:840} INFO - DAG(s) 'example_bash_operator' retrieved from /home/airflow/.local/lib/python3.12/site-packages/airflow/example_dags/example_bash_operator.py
[2026-03-25T11:40:01.172+0000] {logging_mixin.py:188} INFO - [2026-03-25T11:40:01.172+0000] {dag.py:3096} INFO - Sync 1 DAGs
[2026-03-25T11:40:01.194+0000] {logging_mixin.py:188} INFO - [2026-03-25T11:40:01.194+0000] {dag.py:3954} INFO - Setting next_dagrun for example_bash_operator to 2026-03-24 00:00:00+00:00, run_after=2026-03-25 00:00:00+00:00
[2026-03-25T11:40:01.254+0000] {processor.py:183} INFO - Processing /home/airflow/.local/lib/python3.12/site-packages/airflow/example_dags/example_bash_operator.py took 0.131 seconds
[2026-03-25T11:40:33.258+0000] {processor.py:161} INFO - Started process (PID=727) to work on /home/airflow/.local/lib/python3.12/site-packages/airflow/example_dags/example_bash_operator.py
[2026-03-25T11:40:33.259+0000] {processor.py:830} INFO - Processing file /home/airflow/.local/lib/python3.12/site-packages/airflow/example_dags/example_bash_operator.py for tasks to queue
[2026-03-25T11:40:33.261+0000] {logging_mixin.py:188} INFO - [2026-03-25T11:40:33.261+0000] {dagbag.py:540} INFO - Filling up the DagBag from /home/airflow/.local/lib/python3.12/site-packages/airflow/example_dags/example_bash_operator.py
[2026-03-25T11:40:33.274+0000] {processor.py:840} INFO - DAG(s) 'example_bash_operator' retrieved from /home/airflow/.local/lib/python3.12/site-packages/airflow/example_dags/example_bash_operator.py
[2026-03-25T11:40:33.302+0000] {logging_mixin.py:188} INFO - [2026-03-25T11:40:33.302+0000] {dag.py:3096} INFO - Sync 1 DAGs
[2026-03-25T11:40:33.324+0000] {logging_mixin.py:188} INFO - [2026-03-25T11:40:33.323+0000] {dag.py:3954} INFO - Setting next_dagrun for example_bash_operator to 2026-03-24 00:00:00+00:00, run_after=2026-03-25 00:00:00+00:00
[2026-03-25T11:40:33.415+0000] {processor.py:183} INFO - Processing /home/airflow/.local/lib/python3.12/site-packages/airflow/example_dags/example_bash_operator.py took 0.162 seconds
[2026-03-25T11:41:06.313+0000] {processor.py:161} INFO - Started process (PID=786) to work on /home/airflow/.local/lib/python3.12/site-packages/airflow/example_dags/example_bash_operator.py
[2026-03-25T11:41:06.314+0000] {processor.py:830} INFO - Processing file /home/airflow/.local/lib/python3.12/site-packages/airflow/example_dags/example_bash_operator.py for tasks to queue
[2026-03-25T11:41:06.317+0000] {logging_mixin.py:188} INFO - [2026-03-25T11:41:06.317+0000] {dagbag.py:540} INFO - Filling up the DagBag from /home/airflow/.local/lib/python3.12/site-packages/airflow/example_dags/example_bash_operator.py
[2026-03-25T11:41:06.334+0000] {processor.py:840} INFO - DAG(s) 'example_bash_operator' retrieved from /home/airflow/.local/lib/python3.12/site-packages/airflow/example_dags/example_bash_operator.py
[2026-03-25T11:41:06.368+0000] {logging_mixin.py:188} INFO - [2026-03-25T11:41:06.368+0000] {dag.py:3096} INFO - Sync 1 DAGs
[2026-03-25T11:41:06.396+0000] {logging_mixin.py:188} INFO - [2026-03-25T11:41:06.396+0000] {dag.py:3954} INFO - Setting next_dagrun for example_bash_operator to 2026-03-24 00:00:00+00:00, run_after=2026-03-25 00:00:00+00:00
[2026-03-25T11:41:06.443+0000] {processor.py:183} INFO - Processing /home/airflow/.local/lib/python3.12/site-packages/airflow/example_dags/example_bash_operator.py took 0.138 seconds
[2026-03-25T11:41:40.438+0000] {processor.py:161} INFO - Started process (PID=845) to work on /home/airflow/.local/lib/python3.12/site-packages/airflow/example_dags/example_bash_operator.py
[2026-03-25T11:41:40.439+0000] {processor.py:830} INFO - Processing file /home/airflow/.local/lib/python3.12/site-packages/airflow/example_dags/example_bash_operator.py for tasks to queue
[2026-03-25T11:41:40.441+0000] {logging_mixin.py:188} INFO - [2026-03-25T11:41:40.441+0000] {dagbag.py:540} INFO - Filling up the DagBag from /home/airflow/.local/lib/python3.12/site-packages/airflow/example_dags/example_bash_operator.py
[2026-03-25T11:41:40.452+0000] {processor.py:840} INFO - DAG(s) 'example_bash_operator' retrieved from /home/airflow/.local/lib/python3.12/site-packages/airflow/example_dags/example_bash_operator.py
[2026-03-25T11:41:40.488+0000] {logging_mixin.py:188} INFO - [2026-03-25T11:41:40.487+0000] {dag.py:3096} INFO - Sync 1 DAGs
[2026-03-25T11:41:40.514+0000] {logging_mixin.py:188} INFO - [2026-03-25T11:41:40.513+0000] {dag.py:3954} INFO - Setting next_dagrun for example_bash_operator to 2026-03-24 00:00:00+00:00, run_after=2026-03-25 00:00:00+00:00
[2026-03-25T11:41:40.580+0000] {processor.py:183} INFO - Processing /home/airflow/.local/lib/python3.12/site-packages/airflow/example_dags/example_bash_operator.py took 0.147 seconds
[2026-03-25T11:42:11.398+0000] {processor.py:161} INFO - Started process (PID=904) to work on /home/airflow/.local/lib/python3.12/site-packages/airflow/example_dags/example_bash_operator.py
[2026-03-25T11:42:11.399+0000] {processor.py:830} INFO - Processing file /home/airflow/.local/lib/python3.12/site-packages/airflow/example_dags/example_bash_operator.py for tasks to queue
[2026-03-25T11:42:11.401+0000] {logging_mixin.py:188} INFO - [2026-03-25T11:42:11.401+0000] {dagbag.py:540} INFO - Filling up the DagBag from /home/airflow/.local/lib/python3.12/site-packages/airflow/example_dags/example_bash_operator.py
[2026-03-25T11:42:11.412+0000] {processor.py:840} INFO - DAG(s) 'example_bash_operator' retrieved from /home/airflow/.local/lib/python3.12/site-packages/airflow/example_dags/example_bash_operator.py
[2026-03-25T11:42:11.440+0000] {logging_mixin.py:188} INFO - [2026-03-25T11:42:11.440+0000] {dag.py:3096} INFO - Sync 1 DAGs
[2026-03-25T11:42:11.469+0000] {logging_mixin.py:188} INFO - [2026-03-25T11:42:11.469+0000] {dag.py:3954} INFO - Setting next_dagrun for example_bash_operator to 2026-03-24 00:00:00+00:00, run_after=2026-03-25 00:00:00+00:00
[2026-03-25T11:42:11.541+0000] {processor.py:183} INFO - Processing /home/airflow/.local/lib/python3.12/site-packages/airflow/example_dags/example_bash_operator.py took 0.149 seconds
[2026-03-25T11:42:44.418+0000] {processor.py:161} INFO - Started process (PID=963) to work on /home/airflow/.local/lib/python3.12/site-packages/airflow/example_dags/example_bash_operator.py
[2026-03-25T11:42:44.419+0000] {processor.py:830} INFO - Processing file /home/airflow/.local/lib/python3.12/site-packages/airflow/example_dags/example_bash_operator.py for tasks to queue
[2026-03-25T11:42:44.421+0000] {logging_mixin.py:188} INFO - [2026-03-25T11:42:44.421+0000] {dagbag.py:540} INFO - Filling up the DagBag from /home/airflow/.local/lib/python3.12/site-packages/airflow/example_dags/example_bash_operator.py
[2026-03-25T11:42:44.434+0000] {processor.py:840} INFO - DAG(s) 'example_bash_operator' retrieved from /home/airflow/.local/lib/python3.12/site-packages/airflow/example_dags/example_bash_operator.py
[2026-03-25T11:42:44.466+0000] {logging_mixin.py:188} INFO - [2026-03-25T11:42:44.466+0000] {dag.py:3096} INFO - Sync 1 DAGs
[2026-03-25T11:42:44.493+0000] {logging_mixin.py:188} INFO - [2026-03-25T11:42:44.493+0000] {dag.py:3954} INFO - Setting next_dagrun for example_bash_operator to 2026-03-24 00:00:00+00:00, run_after=2026-03-25 00:00:00+00:00
[2026-03-25T11:42:44.537+0000] {processor.py:183} INFO - Processing /home/airflow/.local/lib/python3.12/site-packages/airflow/example_dags/example_bash_operator.py took 0.125 seconds
[2026-03-25T11:43:17.868+0000] {processor.py:161} INFO - Started process (PID=1022) to work on /home/airflow/.local/lib/python3.12/site-packages/airflow/example_dags/example_bash_operator.py
[2026-03-25T11:43:17.869+0000] {processor.py:830} INFO - Processing file /home/airflow/.local/lib/python3.12/site-packages/airflow/example_dags/example_bash_operator.py for tasks to queue
[2026-03-25T11:43:17.871+0000] {logging_mixin.py:188} INFO - [2026-03-25T11:43:17.871+0000] {dagbag.py:540} INFO - Filling up the DagBag from /home/airflow/.local/lib/python3.12/site-packages/airflow/example_dags/example_bash_operator.py
[2026-03-25T11:43:17.883+0000] {processor.py:840} INFO - DAG(s) 'example_bash_operator' retrieved from /home/airflow/.local/lib/python3.12/site-packages/airflow/example_dags/example_bash_operator.py
[2026-03-25T11:43:17.913+0000] {logging_mixin.py:188} INFO - [2026-03-25T11:43:17.913+0000] {dag.py:3096} INFO - Sync 1 DAGs
[2026-03-25T11:43:17.938+0000] {logging_mixin.py:188} INFO - [2026-03-25T11:43:17.938+0000] {dag.py:3954} INFO - Setting next_dagrun for example_bash_operator to 2026-03-24 00:00:00+00:00, run_after=2026-03-25 00:00:00+00:00
[2026-03-25T11:43:17.973+0000] {processor.py:183} INFO - Processing /home/airflow/.local/lib/python3.12/site-packages/airflow/example_dags/example_bash_operator.py took 0.111 seconds
[2026-03-25T11:43:50.009+0000] {processor.py:161} INFO - Started process (PID=1081) to work on /home/airflow/.local/lib/python3.12/site-packages/airflow/example_dags/example_bash_operator.py
[2026-03-25T11:43:50.010+0000] {processor.py:830} INFO - Processing file /home/airflow/.local/lib/python3.12/site-packages/airflow/example_dags/example_bash_operator.py for tasks to queue
[2026-03-25T11:43:50.012+0000] {logging_mixin.py:188} INFO - [2026-03-25T11:43:50.011+0000] {dagbag.py:540} INFO - Filling up the DagBag from /home/airflow/.local/lib/python3.12/site-packages/airflow/example_dags/example_bash_operator.py
[2026-03-25T11:43:50.022+0000] {processor.py:840} INFO - DAG(s) 'example_bash_operator' retrieved from /home/airflow/.local/lib/python3.12/site-packages/airflow/example_dags/example_bash_operator.py
[2026-03-25T11:43:50.053+0000] {logging_mixin.py:188} INFO - [2026-03-25T11:43:50.052+0000] {dag.py:3096} INFO - Sync 1 DAGs
[2026-03-25T11:43:50.076+0000] {logging_mixin.py:188} INFO - [2026-03-25T11:43:50.076+0000] {dag.py:3954} INFO - Setting next_dagrun for example_bash_operator to 2026-03-24 00:00:00+00:00, run_after=2026-03-25 00:00:00+00:00
[2026-03-25T11:43:50.128+0000] {processor.py:183} INFO - Processing /home/airflow/.local/lib/python3.12/site-packages/airflow/example_dags/example_bash_operator.py took 0.125 seconds
[2026-03-25T11:44:22.609+0000] {processor.py:161} INFO - Started process (PID=1140) to work on /home/airflow/.local/lib/python3.12/site-packages/airflow/example_dags/example_bash_operator.py
[2026-03-25T11:44:22.611+0000] {processor.py:830} INFO - Processing file /home/airflow/.local/lib/python3.12/site-packages/airflow/example_dags/example_bash_operator.py for tasks to queue
[2026-03-25T11:44:22.612+0000] {logging_mixin.py:188} INFO - [2026-03-25T11:44:22.612+0000] {dagbag.py:540} INFO - Filling up the DagBag from /home/airflow/.local/lib/python3.12/site-packages/airflow/example_dags/example_bash_operator.py
[2026-03-25T11:44:22.623+0000] {processor.py:840} INFO - DAG(s) 'example_bash_operator' retrieved from /home/airflow/.local/lib/python3.12/site-packages/airflow/example_dags/example_bash_operator.py
[2026-03-25T11:44:22.652+0000] {logging_mixin.py:188} INFO - [2026-03-25T11:44:22.652+0000] {dag.py:3096} INFO - Sync 1 DAGs
[2026-03-25T11:44:22.677+0000] {logging_mixin.py:188} INFO - [2026-03-25T11:44:22.677+0000] {dag.py:3954} INFO - Setting next_dagrun for example_bash_operator to 2026-03-24 00:00:00+00:00, run_after=2026-03-25 00:00:00+00:00
[2026-03-25T11:44:22.719+0000] {processor.py:183} INFO - Processing /home/airflow/.local/lib/python3.12/site-packages/airflow/example_dags/example_bash_operator.py took 0.115 seconds
[2026-03-25T11:44:55.534+0000] {processor.py:161} INFO - Started process (PID=1199) to work on /home/airflow/.local/lib/python3.12/site-packages/airflow/example_dags/example_bash_operator.py
[2026-03-25T11:44:55.535+0000] {processor.py:830} INFO - Processing file /home/airflow/.local/lib/python3.12/site-packages/airflow/example_dags/example_bash_operator.py for tasks to queue
[2026-03-25T11:44:55.538+0000] {logging_mixin.py:188} INFO - [2026-03-25T11:44:55.538+0000] {dagbag.py:540} INFO - Filling up the DagBag from /home/airflow/.local/lib/python3.12/site-packages/airflow/example_dags/example_bash_operator.py
[2026-03-25T11:44:55.553+0000] {processor.py:840} INFO - DAG(s) 'example_bash_operator' retrieved from /home/airflow/.local/lib/python3.12/site-packages/airflow/example_dags/example_bash_operator.py
[2026-03-25T11:44:55.584+0000] {logging_mixin.py:188} INFO - [2026-03-25T11:44:55.583+0000] {dag.py:3096} INFO - Sync 1 DAGs
[2026-03-25T11:44:55.612+0000] {logging_mixin.py:188} INFO - [2026-03-25T11:44:55.612+0000] {dag.py:3954} INFO - Setting next_dagrun for example_bash_operator to 2026-03-24 00:00:00+00:00, run_after=2026-03-25 00:00:00+00:00
[2026-03-25T11:44:55.675+0000] {processor.py:183} INFO - Processing /home/airflow/.local/lib/python3.12/site-packages/airflow/example_dags/example_bash_operator.py took 0.149 seconds
[2026-03-25T11:45:28.462+0000] {processor.py:161} INFO - Started process (PID=1258) to work on /home/airflow/.local/lib/python3.12/site-packages/airflow/example_dags/example_bash_operator.py
[2026-03-25T11:45:28.464+0000] {processor.py:830} INFO - Processing file /home/airflow/.local/lib/python3.12/site-packages/airflow/example_dags/example_bash_operator.py for tasks to queue
[2026-03-25T11:45:28.466+0000] {logging_mixin.py:188} INFO - [2026-03-25T11:45:28.466+0000] {dagbag.py:540} INFO - Filling up the DagBag from /home/airflow/.local/lib/python3.12/site-packages/airflow/example_dags/example_bash_operator.py
[2026-03-25T11:45:28.477+0000] {processor.py:840} INFO - DAG(s) 'example_bash_operator' retrieved from /home/airflow/.local/lib/python3.12/site-packages/airflow/example_dags/example_bash_operator.py
[2026-03-25T11:45:28.505+0000] {logging_mixin.py:188} INFO - [2026-03-25T11:45:28.505+0000] {dag.py:3096} INFO - Sync 1 DAGs
[2026-03-25T11:45:28.531+0000] {logging_mixin.py:188} INFO - [2026-03-25T11:45:28.531+0000] {dag.py:3954} INFO - Setting next_dagrun for example_bash_operator to 2026-03-24 00:00:00+00:00, run_after=2026-03-25 00:00:00+00:00
[2026-03-25T11:45:28.587+0000] {processor.py:183} INFO - Processing /home/airflow/.local/lib/python3.12/site-packages/airflow/example_dags/example_bash_operator.py took 0.130 seconds
[2026-03-25T11:46:00.715+0000] {processor.py:161} INFO - Started process (PID=1317) to work on /home/airflow/.local/lib/python3.12/site-packages/airflow/example_dags/example_bash_operator.py
[2026-03-25T11:46:00.716+0000] {processor.py:830} INFO - Processing file /home/airflow/.local/lib/python3.12/site-packages/airflow/example_dags/example_bash_operator.py for tasks to queue
[2026-03-25T11:46:00.718+0000] {logging_mixin.py:188} INFO - [2026-03-25T11:46:00.717+0000] {dagbag.py:540} INFO - Filling up the DagBag from /home/airflow/.local/lib/python3.12/site-packages/airflow/example_dags/example_bash_operator.py
[2026-03-25T11:46:00.729+0000] {processor.py:840} INFO - DAG(s) 'example_bash_operator' retrieved from /home/airflow/.local/lib/python3.12/site-packages/airflow/example_dags/example_bash_operator.py
[2026-03-25T11:46:00.757+0000] {logging_mixin.py:188} INFO - [2026-03-25T11:46:00.757+0000] {dag.py:3096} INFO - Sync 1 DAGs
[2026-03-25T11:46:00.779+0000] {logging_mixin.py:188} INFO - [2026-03-25T11:46:00.779+0000] {dag.py:3954} INFO - Setting next_dagrun for example_bash_operator to 2026-03-24 00:00:00+00:00, run_after=2026-03-25 00:00:00+00:00
[2026-03-25T11:46:00.822+0000] {processor.py:183} INFO - Processing /home/airflow/.local/lib/python3.12/site-packages/airflow/example_dags/example_bash_operator.py took 0.113 seconds
[2026-03-25T11:46:33.771+0000] {processor.py:161} INFO - Started process (PID=1376) to work on /home/airflow/.local/lib/python3.12/site-packages/airflow/example_dags/example_bash_operator.py
[2026-03-25T11:46:33.772+0000] {processor.py:830} INFO - Processing file /home/airflow/.local/lib/python3.12/site-packages/airflow/example_dags/example_bash_operator.py for tasks to queue
[2026-03-25T11:46:33.774+0000] {logging_mixin.py:188} INFO - [2026-03-25T11:46:33.774+0000] {dagbag.py:540} INFO - Filling up the DagBag from /home/airflow/.local/lib/python3.12/site-packages/airflow/example_dags/example_bash_operator.py
[2026-03-25T11:46:33.786+0000] {processor.py:840} INFO - DAG(s) 'example_bash_operator' retrieved from /home/airflow/.local/lib/python3.12/site-packages/airflow/example_dags/example_bash_operator.py
[2026-03-25T11:46:33.823+0000] {logging_mixin.py:188} INFO - [2026-03-25T11:46:33.823+0000] {dag.py:3096} INFO - Sync 1 DAGs
[2026-03-25T11:46:33.859+0000] {logging_mixin.py:188} INFO - [2026-03-25T11:46:33.859+0000] {dag.py:3954} INFO - Setting next_dagrun for example_bash_operator to 2026-03-24 00:00:00+00:00, run_after=2026-03-25 00:00:00+00:00
[2026-03-25T11:46:33.917+0000] {processor.py:183} INFO - Processing /home/airflow/.local/lib/python3.12/site-packages/airflow/example_dags/example_bash_operator.py took 0.153 seconds
[2026-03-25T11:47:07.364+0000] {processor.py:161} INFO - Started process (PID=1435) to work on /home/airflow/.local/lib/python3.12/site-packages/airflow/example_dags/example_bash_operator.py
[2026-03-25T11:47:07.365+0000] {processor.py:830} INFO - Processing file /home/airflow/.local/lib/python3.12/site-packages/airflow/example_dags/example_bash_operator.py for tasks to queue
[2026-03-25T11:47:07.368+0000] {logging_mixin.py:188} INFO - [2026-03-25T11:47:07.367+0000] {dagbag.py:540} INFO - Filling up the DagBag from /home/airflow/.local/lib/python3.12/site-packages/airflow/example_dags/example_bash_operator.py
[2026-03-25T11:47:07.383+0000] {processor.py:840} INFO - DAG(s) 'example_bash_operator' retrieved from /home/airflow/.local/lib/python3.12/site-packages/airflow/example_dags/example_bash_operator.py
[2026-03-25T11:47:07.425+0000] {logging_mixin.py:188} INFO - [2026-03-25T11:47:07.425+0000] {dag.py:3096} INFO - Sync 1 DAGs
[2026-03-25T11:47:07.473+0000] {logging_mixin.py:188} INFO - [2026-03-25T11:47:07.472+0000] {dag.py:3954} INFO - Setting next_dagrun for example_bash_operator to 2026-03-24 00:00:00+00:00, run_after=2026-03-25 00:00:00+00:00
[2026-03-25T11:47:07.544+0000] {processor.py:183} INFO - Processing /home/airflow/.local/lib/python3.12/site-packages/airflow/example_dags/example_bash_operator.py took 0.188 seconds
[2026-03-25T11:47:41.942+0000] {processor.py:161} INFO - Started process (PID=1495) to work on /home/airflow/.local/lib/python3.12/site-packages/airflow/example_dags/example_bash_operator.py
[2026-03-25T11:47:41.943+0000] {processor.py:830} INFO - Processing file /home/airflow/.local/lib/python3.12/site-packages/airflow/example_dags/example_bash_operator.py for tasks to queue
[2026-03-25T11:47:41.945+0000] {logging_mixin.py:188} INFO - [2026-03-25T11:47:41.945+0000] {dagbag.py:540} INFO - Filling up the DagBag from /home/airflow/.local/lib/python3.12/site-packages/airflow/example_dags/example_bash_operator.py
[2026-03-25T11:47:41.961+0000] {processor.py:840} INFO - DAG(s) 'example_bash_operator' retrieved from /home/airflow/.local/lib/python3.12/site-packages/airflow/example_dags/example_bash_operator.py
[2026-03-25T11:47:41.997+0000] {logging_mixin.py:188} INFO - [2026-03-25T11:47:41.997+0000] {dag.py:3096} INFO - Sync 1 DAGs
[2026-03-25T11:47:42.031+0000] {logging_mixin.py:188} INFO - [2026-03-25T11:47:42.030+0000] {dag.py:3954} INFO - Setting next_dagrun for example_bash_operator to 2026-03-24 00:00:00+00:00, run_after=2026-03-25 00:00:00+00:00
[2026-03-25T11:47:42.081+0000] {processor.py:183} INFO - Processing /home/airflow/.local/lib/python3.12/site-packages/airflow/example_dags/example_bash_operator.py took 0.145 seconds
[2026-03-25T11:48:12.282+0000] {processor.py:161} INFO - Started process (PID=1554) to work on /home/airflow/.local/lib/python3.12/site-packages/airflow/example_dags/example_bash_operator.py
[2026-03-25T11:48:12.284+0000] {processor.py:830} INFO - Processing file /home/airflow/.local/lib/python3.12/site-packages/airflow/example_dags/example_bash_operator.py for tasks to queue
[2026-03-25T11:48:12.286+0000] {logging_mixin.py:188} INFO - [2026-03-25T11:48:12.286+0000] {dagbag.py:540} INFO - Filling up the DagBag from /home/airflow/.local/lib/python3.12/site-packages/airflow/example_dags/example_bash_operator.py
[2026-03-25T11:48:12.299+0000] {processor.py:840} INFO - DAG(s) 'example_bash_operator' retrieved from /home/airflow/.local/lib/python3.12/site-packages/airflow/example_dags/example_bash_operator.py
[2026-03-25T11:48:12.332+0000] {logging_mixin.py:188} INFO - [2026-03-25T11:48:12.332+0000] {dag.py:3096} INFO - Sync 1 DAGs
[2026-03-25T11:48:12.362+0000] {logging_mixin.py:188} INFO - [2026-03-25T11:48:12.362+0000] {dag.py:3954} INFO - Setting next_dagrun for example_bash_operator to 2026-03-24 00:00:00+00:00, run_after=2026-03-25 00:00:00+00:00
[2026-03-25T11:48:12.412+0000] {processor.py:183} INFO - Processing /home/airflow/.local/lib/python3.12/site-packages/airflow/example_dags/example_bash_operator.py took 0.136 seconds
[2026-03-25T11:48:44.346+0000] {processor.py:161} INFO - Started process (PID=1613) to work on /home/airflow/.local/lib/python3.12/site-packages/airflow/example_dags/example_bash_operator.py
[2026-03-25T11:48:44.347+0000] {processor.py:830} INFO - Processing file /home/airflow/.local/lib/python3.12/site-packages/airflow/example_dags/example_bash_operator.py for tasks to queue
[2026-03-25T11:48:44.349+0000] {logging_mixin.py:188} INFO - [2026-03-25T11:48:44.349+0000] {dagbag.py:540} INFO - Filling up the DagBag from /home/airflow/.local/lib/python3.12/site-packages/airflow/example_dags/example_bash_operator.py
[2026-03-25T11:48:44.360+0000] {processor.py:840} INFO - DAG(s) 'example_bash_operator' retrieved from /home/airflow/.local/lib/python3.12/site-packages/airflow/example_dags/example_bash_operator.py
[2026-03-25T11:48:44.388+0000] {logging_mixin.py:188} INFO - [2026-03-25T11:48:44.388+0000] {dag.py:3096} INFO - Sync 1 DAGs
[2026-03-25T11:48:44.410+0000] {logging_mixin.py:188} INFO - [2026-03-25T11:48:44.410+0000] {dag.py:3954} INFO - Setting next_dagrun for example_bash_operator to 2026-03-24 00:00:00+00:00, run_after=2026-03-25 00:00:00+00:00
[2026-03-25T11:48:44.453+0000] {processor.py:183} INFO - Processing /home/airflow/.local/lib/python3.12/site-packages/airflow/example_dags/example_bash_operator.py took 0.113 seconds
[2026-03-25T11:49:17.401+0000] {processor.py:161} INFO - Started process (PID=1672) to work on /home/airflow/.local/lib/python3.12/site-packages/airflow/example_dags/example_bash_operator.py
[2026-03-25T11:49:17.402+0000] {processor.py:830} INFO - Processing file /home/airflow/.local/lib/python3.12/site-packages/airflow/example_dags/example_bash_operator.py for tasks to queue
[2026-03-25T11:49:17.404+0000] {logging_mixin.py:188} INFO - [2026-03-25T11:49:17.404+0000] {dagbag.py:540} INFO - Filling up the DagBag from /home/airflow/.local/lib/python3.12/site-packages/airflow/example_dags/example_bash_operator.py
[2026-03-25T11:49:17.416+0000] {processor.py:840} INFO - DAG(s) 'example_bash_operator' retrieved from /home/airflow/.local/lib/python3.12/site-packages/airflow/example_dags/example_bash_operator.py
[2026-03-25T11:49:17.447+0000] {logging_mixin.py:188} INFO - [2026-03-25T11:49:17.447+0000] {dag.py:3096} INFO - Sync 1 DAGs
[2026-03-25T11:49:17.478+0000] {logging_mixin.py:188} INFO - [2026-03-25T11:49:17.478+0000] {dag.py:3954} INFO - Setting next_dagrun for example_bash_operator to 2026-03-24 00:00:00+00:00, run_after=2026-03-25 00:00:00+00:00
[2026-03-25T11:49:17.520+0000] {processor.py:183} INFO - Processing /home/airflow/.local/lib/python3.12/site-packages/airflow/example_dags/example_bash_operator.py took 0.126 seconds
[2026-03-25T11:49:51.256+0000] {processor.py:161} INFO - Started process (PID=1731) to work on /home/airflow/.local/lib/python3.12/site-packages/airflow/example_dags/example_bash_operator.py
[2026-03-25T11:49:51.261+0000] {processor.py:830} INFO - Processing file /home/airflow/.local/lib/python3.12/site-packages/airflow/example_dags/example_bash_operator.py for tasks to queue
[2026-03-25T11:49:51.270+0000] {logging_mixin.py:188} INFO - [2026-03-25T11:49:51.268+0000] {dagbag.py:540} INFO - Filling up the DagBag from /home/airflow/.local/lib/python3.12/site-packages/airflow/example_dags/example_bash_operator.py
[2026-03-25T11:49:51.333+0000] {processor.py:840} INFO - DAG(s) 'example_bash_operator' retrieved from /home/airflow/.local/lib/python3.12/site-packages/airflow/example_dags/example_bash_operator.py
[2026-03-25T11:49:51.496+0000] {logging_mixin.py:188} INFO - [2026-03-25T11:49:51.495+0000] {dag.py:3096} INFO - Sync 1 DAGs
[2026-03-25T11:49:51.639+0000] {logging_mixin.py:188} INFO - [2026-03-25T11:49:51.638+0000] {dag.py:3954} INFO - Setting next_dagrun for example_bash_operator to 2026-03-24 00:00:00+00:00, run_after=2026-03-25 00:00:00+00:00
[2026-03-25T11:49:51.812+0000] {processor.py:183} INFO - Processing /home/airflow/.local/lib/python3.12/site-packages/airflow/example_dags/example_bash_operator.py took 0.584 seconds
[2026-03-25T11:50:22.726+0000] {processor.py:161} INFO - Started process (PID=1790) to work on /home/airflow/.local/lib/python3.12/site-packages/airflow/example_dags/example_bash_operator.py
[2026-03-25T11:50:22.728+0000] {processor.py:830} INFO - Processing file /home/airflow/.local/lib/python3.12/site-packages/airflow/example_dags/example_bash_operator.py for tasks to queue
[2026-03-25T11:50:22.730+0000] {logging_mixin.py:188} INFO - [2026-03-25T11:50:22.730+0000] {dagbag.py:540} INFO - Filling up the DagBag from /home/airflow/.local/lib/python3.12/site-packages/airflow/example_dags/example_bash_operator.py
[2026-03-25T11:50:22.742+0000] {processor.py:840} INFO - DAG(s) 'example_bash_operator' retrieved from /home/airflow/.local/lib/python3.12/site-packages/airflow/example_dags/example_bash_operator.py
[2026-03-25T11:50:22.771+0000] {logging_mixin.py:188} INFO - [2026-03-25T11:50:22.771+0000] {dag.py:3096} INFO - Sync 1 DAGs
[2026-03-25T11:50:22.798+0000] {logging_mixin.py:188} INFO - [2026-03-25T11:50:22.797+0000] {dag.py:3954} INFO - Setting next_dagrun for example_bash_operator to 2026-03-24 00:00:00+00:00, run_after=2026-03-25 00:00:00+00:00
[2026-03-25T11:50:22.840+0000] {processor.py:183} INFO - Processing /home/airflow/.local/lib/python3.12/site-packages/airflow/example_dags/example_bash_operator.py took 0.119 seconds
