[2026-03-25T11:15:30.097+0000] {processor.py:161} INFO - Started process (PID=72) to work on /home/airflow/.local/lib/python3.12/site-packages/airflow/example_dags/example_short_circuit_decorator.py
[2026-03-25T11:15:30.099+0000] {processor.py:830} INFO - Processing file /home/airflow/.local/lib/python3.12/site-packages/airflow/example_dags/example_short_circuit_decorator.py for tasks to queue
[2026-03-25T11:15:30.103+0000] {logging_mixin.py:188} INFO - [2026-03-25T11:15:30.102+0000] {dagbag.py:540} INFO - Filling up the DagBag from /home/airflow/.local/lib/python3.12/site-packages/airflow/example_dags/example_short_circuit_decorator.py
[2026-03-25T11:15:30.122+0000] {processor.py:840} INFO - DAG(s) 'example_short_circuit_decorator' retrieved from /home/airflow/.local/lib/python3.12/site-packages/airflow/example_dags/example_short_circuit_decorator.py
[2026-03-25T11:15:30.303+0000] {logging_mixin.py:188} INFO - [2026-03-25T11:15:30.303+0000] {dag.py:3096} INFO - Sync 1 DAGs
[2026-03-25T11:15:30.328+0000] {logging_mixin.py:188} INFO - [2026-03-25T11:15:30.328+0000] {dag.py:3954} INFO - Setting next_dagrun for example_short_circuit_decorator to 2026-03-24 00:00:00+00:00, run_after=2026-03-25 00:00:00+00:00
[2026-03-25T11:15:30.391+0000] {processor.py:183} INFO - Processing /home/airflow/.local/lib/python3.12/site-packages/airflow/example_dags/example_short_circuit_decorator.py took 0.303 seconds
[2026-03-25T11:16:00.997+0000] {processor.py:161} INFO - Started process (PID=131) to work on /home/airflow/.local/lib/python3.12/site-packages/airflow/example_dags/example_short_circuit_decorator.py
[2026-03-25T11:16:00.999+0000] {processor.py:830} INFO - Processing file /home/airflow/.local/lib/python3.12/site-packages/airflow/example_dags/example_short_circuit_decorator.py for tasks to queue
[2026-03-25T11:16:01.000+0000] {logging_mixin.py:188} INFO - [2026-03-25T11:16:01.000+0000] {dagbag.py:540} INFO - Filling up the DagBag from /home/airflow/.local/lib/python3.12/site-packages/airflow/example_dags/example_short_circuit_decorator.py
[2026-03-25T11:16:01.010+0000] {processor.py:840} INFO - DAG(s) 'example_short_circuit_decorator' retrieved from /home/airflow/.local/lib/python3.12/site-packages/airflow/example_dags/example_short_circuit_decorator.py
[2026-03-25T11:16:01.035+0000] {logging_mixin.py:188} INFO - [2026-03-25T11:16:01.034+0000] {dag.py:3096} INFO - Sync 1 DAGs
[2026-03-25T11:16:01.060+0000] {logging_mixin.py:188} INFO - [2026-03-25T11:16:01.060+0000] {dag.py:3954} INFO - Setting next_dagrun for example_short_circuit_decorator to 2026-03-24 00:00:00+00:00, run_after=2026-03-25 00:00:00+00:00
[2026-03-25T11:16:01.263+0000] {processor.py:183} INFO - Processing /home/airflow/.local/lib/python3.12/site-packages/airflow/example_dags/example_short_circuit_decorator.py took 0.271 seconds
[2026-03-25T11:16:34.194+0000] {processor.py:161} INFO - Started process (PID=190) to work on /home/airflow/.local/lib/python3.12/site-packages/airflow/example_dags/example_short_circuit_decorator.py
[2026-03-25T11:16:34.196+0000] {processor.py:830} INFO - Processing file /home/airflow/.local/lib/python3.12/site-packages/airflow/example_dags/example_short_circuit_decorator.py for tasks to queue
[2026-03-25T11:16:34.198+0000] {logging_mixin.py:188} INFO - [2026-03-25T11:16:34.198+0000] {dagbag.py:540} INFO - Filling up the DagBag from /home/airflow/.local/lib/python3.12/site-packages/airflow/example_dags/example_short_circuit_decorator.py
[2026-03-25T11:16:34.214+0000] {processor.py:840} INFO - DAG(s) 'example_short_circuit_decorator' retrieved from /home/airflow/.local/lib/python3.12/site-packages/airflow/example_dags/example_short_circuit_decorator.py
[2026-03-25T11:16:34.250+0000] {logging_mixin.py:188} INFO - [2026-03-25T11:16:34.250+0000] {dag.py:3096} INFO - Sync 1 DAGs
[2026-03-25T11:16:34.288+0000] {logging_mixin.py:188} INFO - [2026-03-25T11:16:34.287+0000] {dag.py:3954} INFO - Setting next_dagrun for example_short_circuit_decorator to 2026-03-24 00:00:00+00:00, run_after=2026-03-25 00:00:00+00:00
[2026-03-25T11:16:34.348+0000] {processor.py:183} INFO - Processing /home/airflow/.local/lib/python3.12/site-packages/airflow/example_dags/example_short_circuit_decorator.py took 0.162 seconds
[2026-03-25T11:17:07.733+0000] {processor.py:161} INFO - Started process (PID=249) to work on /home/airflow/.local/lib/python3.12/site-packages/airflow/example_dags/example_short_circuit_decorator.py
[2026-03-25T11:17:07.735+0000] {processor.py:830} INFO - Processing file /home/airflow/.local/lib/python3.12/site-packages/airflow/example_dags/example_short_circuit_decorator.py for tasks to queue
[2026-03-25T11:17:07.737+0000] {logging_mixin.py:188} INFO - [2026-03-25T11:17:07.737+0000] {dagbag.py:540} INFO - Filling up the DagBag from /home/airflow/.local/lib/python3.12/site-packages/airflow/example_dags/example_short_circuit_decorator.py
[2026-03-25T11:17:07.860+0000] {processor.py:840} INFO - DAG(s) 'example_short_circuit_decorator' retrieved from /home/airflow/.local/lib/python3.12/site-packages/airflow/example_dags/example_short_circuit_decorator.py
[2026-03-25T11:17:07.881+0000] {logging_mixin.py:188} INFO - [2026-03-25T11:17:07.881+0000] {dag.py:3096} INFO - Sync 1 DAGs
[2026-03-25T11:17:07.901+0000] {logging_mixin.py:188} INFO - [2026-03-25T11:17:07.901+0000] {dag.py:3954} INFO - Setting next_dagrun for example_short_circuit_decorator to 2026-03-24 00:00:00+00:00, run_after=2026-03-25 00:00:00+00:00
[2026-03-25T11:17:07.940+0000] {processor.py:183} INFO - Processing /home/airflow/.local/lib/python3.12/site-packages/airflow/example_dags/example_short_circuit_decorator.py took 0.214 seconds
[2026-03-25T11:17:38.008+0000] {processor.py:161} INFO - Started process (PID=308) to work on /home/airflow/.local/lib/python3.12/site-packages/airflow/example_dags/example_short_circuit_decorator.py
[2026-03-25T11:17:38.009+0000] {processor.py:830} INFO - Processing file /home/airflow/.local/lib/python3.12/site-packages/airflow/example_dags/example_short_circuit_decorator.py for tasks to queue
[2026-03-25T11:17:38.011+0000] {logging_mixin.py:188} INFO - [2026-03-25T11:17:38.011+0000] {dagbag.py:540} INFO - Filling up the DagBag from /home/airflow/.local/lib/python3.12/site-packages/airflow/example_dags/example_short_circuit_decorator.py
[2026-03-25T11:17:38.020+0000] {processor.py:840} INFO - DAG(s) 'example_short_circuit_decorator' retrieved from /home/airflow/.local/lib/python3.12/site-packages/airflow/example_dags/example_short_circuit_decorator.py
[2026-03-25T11:17:38.043+0000] {logging_mixin.py:188} INFO - [2026-03-25T11:17:38.043+0000] {dag.py:3096} INFO - Sync 1 DAGs
[2026-03-25T11:17:38.063+0000] {logging_mixin.py:188} INFO - [2026-03-25T11:17:38.063+0000] {dag.py:3954} INFO - Setting next_dagrun for example_short_circuit_decorator to 2026-03-24 00:00:00+00:00, run_after=2026-03-25 00:00:00+00:00
[2026-03-25T11:17:38.102+0000] {processor.py:183} INFO - Processing /home/airflow/.local/lib/python3.12/site-packages/airflow/example_dags/example_short_circuit_decorator.py took 0.100 seconds
[2026-03-25T11:18:08.658+0000] {processor.py:161} INFO - Started process (PID=361) to work on /home/airflow/.local/lib/python3.12/site-packages/airflow/example_dags/example_short_circuit_decorator.py
[2026-03-25T11:18:08.659+0000] {processor.py:830} INFO - Processing file /home/airflow/.local/lib/python3.12/site-packages/airflow/example_dags/example_short_circuit_decorator.py for tasks to queue
[2026-03-25T11:18:08.661+0000] {logging_mixin.py:188} INFO - [2026-03-25T11:18:08.661+0000] {dagbag.py:540} INFO - Filling up the DagBag from /home/airflow/.local/lib/python3.12/site-packages/airflow/example_dags/example_short_circuit_decorator.py
[2026-03-25T11:18:08.670+0000] {processor.py:840} INFO - DAG(s) 'example_short_circuit_decorator' retrieved from /home/airflow/.local/lib/python3.12/site-packages/airflow/example_dags/example_short_circuit_decorator.py
[2026-03-25T11:18:08.695+0000] {logging_mixin.py:188} INFO - [2026-03-25T11:18:08.695+0000] {dag.py:3096} INFO - Sync 1 DAGs
[2026-03-25T11:18:08.719+0000] {logging_mixin.py:188} INFO - [2026-03-25T11:18:08.718+0000] {dag.py:3954} INFO - Setting next_dagrun for example_short_circuit_decorator to 2026-03-24 00:00:00+00:00, run_after=2026-03-25 00:00:00+00:00
[2026-03-25T11:18:08.782+0000] {processor.py:183} INFO - Processing /home/airflow/.local/lib/python3.12/site-packages/airflow/example_dags/example_short_circuit_decorator.py took 0.130 seconds
[2026-03-25T11:18:38.999+0000] {processor.py:161} INFO - Started process (PID=420) to work on /home/airflow/.local/lib/python3.12/site-packages/airflow/example_dags/example_short_circuit_decorator.py
[2026-03-25T11:18:39.001+0000] {processor.py:830} INFO - Processing file /home/airflow/.local/lib/python3.12/site-packages/airflow/example_dags/example_short_circuit_decorator.py for tasks to queue
[2026-03-25T11:18:39.003+0000] {logging_mixin.py:188} INFO - [2026-03-25T11:18:39.003+0000] {dagbag.py:540} INFO - Filling up the DagBag from /home/airflow/.local/lib/python3.12/site-packages/airflow/example_dags/example_short_circuit_decorator.py
[2026-03-25T11:18:39.014+0000] {processor.py:840} INFO - DAG(s) 'example_short_circuit_decorator' retrieved from /home/airflow/.local/lib/python3.12/site-packages/airflow/example_dags/example_short_circuit_decorator.py
[2026-03-25T11:18:39.044+0000] {logging_mixin.py:188} INFO - [2026-03-25T11:18:39.044+0000] {dag.py:3096} INFO - Sync 1 DAGs
[2026-03-25T11:18:39.067+0000] {logging_mixin.py:188} INFO - [2026-03-25T11:18:39.067+0000] {dag.py:3954} INFO - Setting next_dagrun for example_short_circuit_decorator to 2026-03-24 00:00:00+00:00, run_after=2026-03-25 00:00:00+00:00
[2026-03-25T11:18:39.113+0000] {processor.py:183} INFO - Processing /home/airflow/.local/lib/python3.12/site-packages/airflow/example_dags/example_short_circuit_decorator.py took 0.121 seconds
[2026-03-25T11:19:09.545+0000] {processor.py:161} INFO - Started process (PID=479) to work on /home/airflow/.local/lib/python3.12/site-packages/airflow/example_dags/example_short_circuit_decorator.py
[2026-03-25T11:19:09.546+0000] {processor.py:830} INFO - Processing file /home/airflow/.local/lib/python3.12/site-packages/airflow/example_dags/example_short_circuit_decorator.py for tasks to queue
[2026-03-25T11:19:09.548+0000] {logging_mixin.py:188} INFO - [2026-03-25T11:19:09.547+0000] {dagbag.py:540} INFO - Filling up the DagBag from /home/airflow/.local/lib/python3.12/site-packages/airflow/example_dags/example_short_circuit_decorator.py
[2026-03-25T11:19:09.557+0000] {processor.py:840} INFO - DAG(s) 'example_short_circuit_decorator' retrieved from /home/airflow/.local/lib/python3.12/site-packages/airflow/example_dags/example_short_circuit_decorator.py
[2026-03-25T11:19:09.582+0000] {logging_mixin.py:188} INFO - [2026-03-25T11:19:09.582+0000] {dag.py:3096} INFO - Sync 1 DAGs
[2026-03-25T11:19:09.607+0000] {logging_mixin.py:188} INFO - [2026-03-25T11:19:09.607+0000] {dag.py:3954} INFO - Setting next_dagrun for example_short_circuit_decorator to 2026-03-24 00:00:00+00:00, run_after=2026-03-25 00:00:00+00:00
[2026-03-25T11:19:09.666+0000] {processor.py:183} INFO - Processing /home/airflow/.local/lib/python3.12/site-packages/airflow/example_dags/example_short_circuit_decorator.py took 0.126 seconds
[2026-03-25T11:19:40.012+0000] {processor.py:161} INFO - Started process (PID=538) to work on /home/airflow/.local/lib/python3.12/site-packages/airflow/example_dags/example_short_circuit_decorator.py
[2026-03-25T11:19:40.014+0000] {processor.py:830} INFO - Processing file /home/airflow/.local/lib/python3.12/site-packages/airflow/example_dags/example_short_circuit_decorator.py for tasks to queue
[2026-03-25T11:19:40.016+0000] {logging_mixin.py:188} INFO - [2026-03-25T11:19:40.016+0000] {dagbag.py:540} INFO - Filling up the DagBag from /home/airflow/.local/lib/python3.12/site-packages/airflow/example_dags/example_short_circuit_decorator.py
[2026-03-25T11:19:40.026+0000] {processor.py:840} INFO - DAG(s) 'example_short_circuit_decorator' retrieved from /home/airflow/.local/lib/python3.12/site-packages/airflow/example_dags/example_short_circuit_decorator.py
[2026-03-25T11:19:40.062+0000] {logging_mixin.py:188} INFO - [2026-03-25T11:19:40.062+0000] {dag.py:3096} INFO - Sync 1 DAGs
[2026-03-25T11:19:40.091+0000] {logging_mixin.py:188} INFO - [2026-03-25T11:19:40.091+0000] {dag.py:3954} INFO - Setting next_dagrun for example_short_circuit_decorator to 2026-03-24 00:00:00+00:00, run_after=2026-03-25 00:00:00+00:00
[2026-03-25T11:19:40.150+0000] {processor.py:183} INFO - Processing /home/airflow/.local/lib/python3.12/site-packages/airflow/example_dags/example_short_circuit_decorator.py took 0.145 seconds
[2026-03-25T11:20:10.367+0000] {processor.py:161} INFO - Started process (PID=597) to work on /home/airflow/.local/lib/python3.12/site-packages/airflow/example_dags/example_short_circuit_decorator.py
[2026-03-25T11:20:10.368+0000] {processor.py:830} INFO - Processing file /home/airflow/.local/lib/python3.12/site-packages/airflow/example_dags/example_short_circuit_decorator.py for tasks to queue
[2026-03-25T11:20:10.370+0000] {logging_mixin.py:188} INFO - [2026-03-25T11:20:10.369+0000] {dagbag.py:540} INFO - Filling up the DagBag from /home/airflow/.local/lib/python3.12/site-packages/airflow/example_dags/example_short_circuit_decorator.py
[2026-03-25T11:20:10.379+0000] {processor.py:840} INFO - DAG(s) 'example_short_circuit_decorator' retrieved from /home/airflow/.local/lib/python3.12/site-packages/airflow/example_dags/example_short_circuit_decorator.py
[2026-03-25T11:20:10.407+0000] {logging_mixin.py:188} INFO - [2026-03-25T11:20:10.406+0000] {dag.py:3096} INFO - Sync 1 DAGs
[2026-03-25T11:20:10.434+0000] {logging_mixin.py:188} INFO - [2026-03-25T11:20:10.434+0000] {dag.py:3954} INFO - Setting next_dagrun for example_short_circuit_decorator to 2026-03-24 00:00:00+00:00, run_after=2026-03-25 00:00:00+00:00
[2026-03-25T11:20:10.477+0000] {processor.py:183} INFO - Processing /home/airflow/.local/lib/python3.12/site-packages/airflow/example_dags/example_short_circuit_decorator.py took 0.116 seconds
[2026-03-25T11:20:42.901+0000] {processor.py:161} INFO - Started process (PID=656) to work on /home/airflow/.local/lib/python3.12/site-packages/airflow/example_dags/example_short_circuit_decorator.py
[2026-03-25T11:20:42.902+0000] {processor.py:830} INFO - Processing file /home/airflow/.local/lib/python3.12/site-packages/airflow/example_dags/example_short_circuit_decorator.py for tasks to queue
[2026-03-25T11:20:42.904+0000] {logging_mixin.py:188} INFO - [2026-03-25T11:20:42.904+0000] {dagbag.py:540} INFO - Filling up the DagBag from /home/airflow/.local/lib/python3.12/site-packages/airflow/example_dags/example_short_circuit_decorator.py
[2026-03-25T11:20:42.914+0000] {processor.py:840} INFO - DAG(s) 'example_short_circuit_decorator' retrieved from /home/airflow/.local/lib/python3.12/site-packages/airflow/example_dags/example_short_circuit_decorator.py
[2026-03-25T11:20:42.944+0000] {logging_mixin.py:188} INFO - [2026-03-25T11:20:42.944+0000] {dag.py:3096} INFO - Sync 1 DAGs
[2026-03-25T11:20:42.971+0000] {logging_mixin.py:188} INFO - [2026-03-25T11:20:42.971+0000] {dag.py:3954} INFO - Setting next_dagrun for example_short_circuit_decorator to 2026-03-24 00:00:00+00:00, run_after=2026-03-25 00:00:00+00:00
[2026-03-25T11:20:43.020+0000] {processor.py:183} INFO - Processing /home/airflow/.local/lib/python3.12/site-packages/airflow/example_dags/example_short_circuit_decorator.py took 0.126 seconds
[2026-03-25T11:21:13.654+0000] {processor.py:161} INFO - Started process (PID=715) to work on /home/airflow/.local/lib/python3.12/site-packages/airflow/example_dags/example_short_circuit_decorator.py
[2026-03-25T11:21:13.655+0000] {processor.py:830} INFO - Processing file /home/airflow/.local/lib/python3.12/site-packages/airflow/example_dags/example_short_circuit_decorator.py for tasks to queue
[2026-03-25T11:21:13.657+0000] {logging_mixin.py:188} INFO - [2026-03-25T11:21:13.657+0000] {dagbag.py:540} INFO - Filling up the DagBag from /home/airflow/.local/lib/python3.12/site-packages/airflow/example_dags/example_short_circuit_decorator.py
[2026-03-25T11:21:13.666+0000] {processor.py:840} INFO - DAG(s) 'example_short_circuit_decorator' retrieved from /home/airflow/.local/lib/python3.12/site-packages/airflow/example_dags/example_short_circuit_decorator.py
[2026-03-25T11:21:13.689+0000] {logging_mixin.py:188} INFO - [2026-03-25T11:21:13.689+0000] {dag.py:3096} INFO - Sync 1 DAGs
[2026-03-25T11:21:13.711+0000] {logging_mixin.py:188} INFO - [2026-03-25T11:21:13.711+0000] {dag.py:3954} INFO - Setting next_dagrun for example_short_circuit_decorator to 2026-03-24 00:00:00+00:00, run_after=2026-03-25 00:00:00+00:00
[2026-03-25T11:21:13.763+0000] {processor.py:183} INFO - Processing /home/airflow/.local/lib/python3.12/site-packages/airflow/example_dags/example_short_circuit_decorator.py took 0.114 seconds
[2026-03-25T11:21:44.425+0000] {processor.py:161} INFO - Started process (PID=774) to work on /home/airflow/.local/lib/python3.12/site-packages/airflow/example_dags/example_short_circuit_decorator.py
[2026-03-25T11:21:44.426+0000] {processor.py:830} INFO - Processing file /home/airflow/.local/lib/python3.12/site-packages/airflow/example_dags/example_short_circuit_decorator.py for tasks to queue
[2026-03-25T11:21:44.429+0000] {logging_mixin.py:188} INFO - [2026-03-25T11:21:44.428+0000] {dagbag.py:540} INFO - Filling up the DagBag from /home/airflow/.local/lib/python3.12/site-packages/airflow/example_dags/example_short_circuit_decorator.py
[2026-03-25T11:21:44.438+0000] {processor.py:840} INFO - DAG(s) 'example_short_circuit_decorator' retrieved from /home/airflow/.local/lib/python3.12/site-packages/airflow/example_dags/example_short_circuit_decorator.py
[2026-03-25T11:21:44.464+0000] {logging_mixin.py:188} INFO - [2026-03-25T11:21:44.463+0000] {dag.py:3096} INFO - Sync 1 DAGs
[2026-03-25T11:21:44.487+0000] {logging_mixin.py:188} INFO - [2026-03-25T11:21:44.487+0000] {dag.py:3954} INFO - Setting next_dagrun for example_short_circuit_decorator to 2026-03-24 00:00:00+00:00, run_after=2026-03-25 00:00:00+00:00
[2026-03-25T11:21:44.552+0000] {processor.py:183} INFO - Processing /home/airflow/.local/lib/python3.12/site-packages/airflow/example_dags/example_short_circuit_decorator.py took 0.132 seconds
[2026-03-25T11:22:15.187+0000] {processor.py:161} INFO - Started process (PID=833) to work on /home/airflow/.local/lib/python3.12/site-packages/airflow/example_dags/example_short_circuit_decorator.py
[2026-03-25T11:22:15.189+0000] {processor.py:830} INFO - Processing file /home/airflow/.local/lib/python3.12/site-packages/airflow/example_dags/example_short_circuit_decorator.py for tasks to queue
[2026-03-25T11:22:15.192+0000] {logging_mixin.py:188} INFO - [2026-03-25T11:22:15.191+0000] {dagbag.py:540} INFO - Filling up the DagBag from /home/airflow/.local/lib/python3.12/site-packages/airflow/example_dags/example_short_circuit_decorator.py
[2026-03-25T11:22:15.209+0000] {processor.py:840} INFO - DAG(s) 'example_short_circuit_decorator' retrieved from /home/airflow/.local/lib/python3.12/site-packages/airflow/example_dags/example_short_circuit_decorator.py
[2026-03-25T11:22:15.245+0000] {logging_mixin.py:188} INFO - [2026-03-25T11:22:15.245+0000] {dag.py:3096} INFO - Sync 1 DAGs
[2026-03-25T11:22:15.272+0000] {logging_mixin.py:188} INFO - [2026-03-25T11:22:15.272+0000] {dag.py:3954} INFO - Setting next_dagrun for example_short_circuit_decorator to 2026-03-24 00:00:00+00:00, run_after=2026-03-25 00:00:00+00:00
[2026-03-25T11:22:15.320+0000] {processor.py:183} INFO - Processing /home/airflow/.local/lib/python3.12/site-packages/airflow/example_dags/example_short_circuit_decorator.py took 0.143 seconds
[2026-03-25T11:22:45.898+0000] {processor.py:161} INFO - Started process (PID=892) to work on /home/airflow/.local/lib/python3.12/site-packages/airflow/example_dags/example_short_circuit_decorator.py
[2026-03-25T11:22:45.899+0000] {processor.py:830} INFO - Processing file /home/airflow/.local/lib/python3.12/site-packages/airflow/example_dags/example_short_circuit_decorator.py for tasks to queue
[2026-03-25T11:22:45.901+0000] {logging_mixin.py:188} INFO - [2026-03-25T11:22:45.901+0000] {dagbag.py:540} INFO - Filling up the DagBag from /home/airflow/.local/lib/python3.12/site-packages/airflow/example_dags/example_short_circuit_decorator.py
[2026-03-25T11:22:45.910+0000] {processor.py:840} INFO - DAG(s) 'example_short_circuit_decorator' retrieved from /home/airflow/.local/lib/python3.12/site-packages/airflow/example_dags/example_short_circuit_decorator.py
[2026-03-25T11:22:45.933+0000] {logging_mixin.py:188} INFO - [2026-03-25T11:22:45.933+0000] {dag.py:3096} INFO - Sync 1 DAGs
[2026-03-25T11:22:45.954+0000] {logging_mixin.py:188} INFO - [2026-03-25T11:22:45.954+0000] {dag.py:3954} INFO - Setting next_dagrun for example_short_circuit_decorator to 2026-03-24 00:00:00+00:00, run_after=2026-03-25 00:00:00+00:00
[2026-03-25T11:22:45.997+0000] {processor.py:183} INFO - Processing /home/airflow/.local/lib/python3.12/site-packages/airflow/example_dags/example_short_circuit_decorator.py took 0.104 seconds
[2026-03-25T11:23:16.700+0000] {processor.py:161} INFO - Started process (PID=951) to work on /home/airflow/.local/lib/python3.12/site-packages/airflow/example_dags/example_short_circuit_decorator.py
[2026-03-25T11:23:16.701+0000] {processor.py:830} INFO - Processing file /home/airflow/.local/lib/python3.12/site-packages/airflow/example_dags/example_short_circuit_decorator.py for tasks to queue
[2026-03-25T11:23:16.703+0000] {logging_mixin.py:188} INFO - [2026-03-25T11:23:16.703+0000] {dagbag.py:540} INFO - Filling up the DagBag from /home/airflow/.local/lib/python3.12/site-packages/airflow/example_dags/example_short_circuit_decorator.py
[2026-03-25T11:23:16.714+0000] {processor.py:840} INFO - DAG(s) 'example_short_circuit_decorator' retrieved from /home/airflow/.local/lib/python3.12/site-packages/airflow/example_dags/example_short_circuit_decorator.py
[2026-03-25T11:23:16.742+0000] {logging_mixin.py:188} INFO - [2026-03-25T11:23:16.742+0000] {dag.py:3096} INFO - Sync 1 DAGs
[2026-03-25T11:23:16.766+0000] {logging_mixin.py:188} INFO - [2026-03-25T11:23:16.766+0000] {dag.py:3954} INFO - Setting next_dagrun for example_short_circuit_decorator to 2026-03-24 00:00:00+00:00, run_after=2026-03-25 00:00:00+00:00
[2026-03-25T11:23:16.818+0000] {processor.py:183} INFO - Processing /home/airflow/.local/lib/python3.12/site-packages/airflow/example_dags/example_short_circuit_decorator.py took 0.126 seconds
[2026-03-25T11:23:46.998+0000] {processor.py:161} INFO - Started process (PID=1010) to work on /home/airflow/.local/lib/python3.12/site-packages/airflow/example_dags/example_short_circuit_decorator.py
[2026-03-25T11:23:46.999+0000] {processor.py:830} INFO - Processing file /home/airflow/.local/lib/python3.12/site-packages/airflow/example_dags/example_short_circuit_decorator.py for tasks to queue
[2026-03-25T11:23:47.001+0000] {logging_mixin.py:188} INFO - [2026-03-25T11:23:47.001+0000] {dagbag.py:540} INFO - Filling up the DagBag from /home/airflow/.local/lib/python3.12/site-packages/airflow/example_dags/example_short_circuit_decorator.py
[2026-03-25T11:23:47.011+0000] {processor.py:840} INFO - DAG(s) 'example_short_circuit_decorator' retrieved from /home/airflow/.local/lib/python3.12/site-packages/airflow/example_dags/example_short_circuit_decorator.py
[2026-03-25T11:23:47.033+0000] {logging_mixin.py:188} INFO - [2026-03-25T11:23:47.033+0000] {dag.py:3096} INFO - Sync 1 DAGs
[2026-03-25T11:23:47.053+0000] {logging_mixin.py:188} INFO - [2026-03-25T11:23:47.053+0000] {dag.py:3954} INFO - Setting next_dagrun for example_short_circuit_decorator to 2026-03-24 00:00:00+00:00, run_after=2026-03-25 00:00:00+00:00
[2026-03-25T11:23:47.095+0000] {processor.py:183} INFO - Processing /home/airflow/.local/lib/python3.12/site-packages/airflow/example_dags/example_short_circuit_decorator.py took 0.102 seconds
[2026-03-25T11:24:17.908+0000] {processor.py:161} INFO - Started process (PID=1069) to work on /home/airflow/.local/lib/python3.12/site-packages/airflow/example_dags/example_short_circuit_decorator.py
[2026-03-25T11:24:17.910+0000] {processor.py:830} INFO - Processing file /home/airflow/.local/lib/python3.12/site-packages/airflow/example_dags/example_short_circuit_decorator.py for tasks to queue
[2026-03-25T11:24:17.912+0000] {logging_mixin.py:188} INFO - [2026-03-25T11:24:17.912+0000] {dagbag.py:540} INFO - Filling up the DagBag from /home/airflow/.local/lib/python3.12/site-packages/airflow/example_dags/example_short_circuit_decorator.py
[2026-03-25T11:24:17.923+0000] {processor.py:840} INFO - DAG(s) 'example_short_circuit_decorator' retrieved from /home/airflow/.local/lib/python3.12/site-packages/airflow/example_dags/example_short_circuit_decorator.py
[2026-03-25T11:24:17.954+0000] {logging_mixin.py:188} INFO - [2026-03-25T11:24:17.954+0000] {dag.py:3096} INFO - Sync 1 DAGs
[2026-03-25T11:24:17.985+0000] {logging_mixin.py:188} INFO - [2026-03-25T11:24:17.985+0000] {dag.py:3954} INFO - Setting next_dagrun for example_short_circuit_decorator to 2026-03-24 00:00:00+00:00, run_after=2026-03-25 00:00:00+00:00
[2026-03-25T11:24:18.050+0000] {processor.py:183} INFO - Processing /home/airflow/.local/lib/python3.12/site-packages/airflow/example_dags/example_short_circuit_decorator.py took 0.150 seconds
[2026-03-25T11:24:50.235+0000] {processor.py:161} INFO - Started process (PID=1126) to work on /home/airflow/.local/lib/python3.12/site-packages/airflow/example_dags/example_short_circuit_decorator.py
[2026-03-25T11:24:50.237+0000] {processor.py:830} INFO - Processing file /home/airflow/.local/lib/python3.12/site-packages/airflow/example_dags/example_short_circuit_decorator.py for tasks to queue
[2026-03-25T11:24:50.240+0000] {logging_mixin.py:188} INFO - [2026-03-25T11:24:50.240+0000] {dagbag.py:540} INFO - Filling up the DagBag from /home/airflow/.local/lib/python3.12/site-packages/airflow/example_dags/example_short_circuit_decorator.py
[2026-03-25T11:24:50.262+0000] {processor.py:840} INFO - DAG(s) 'example_short_circuit_decorator' retrieved from /home/airflow/.local/lib/python3.12/site-packages/airflow/example_dags/example_short_circuit_decorator.py
[2026-03-25T11:24:50.309+0000] {logging_mixin.py:188} INFO - [2026-03-25T11:24:50.309+0000] {dag.py:3096} INFO - Sync 1 DAGs
[2026-03-25T11:24:50.364+0000] {logging_mixin.py:188} INFO - [2026-03-25T11:24:50.363+0000] {dag.py:3954} INFO - Setting next_dagrun for example_short_circuit_decorator to 2026-03-24 00:00:00+00:00, run_after=2026-03-25 00:00:00+00:00
[2026-03-25T11:24:50.421+0000] {processor.py:183} INFO - Processing /home/airflow/.local/lib/python3.12/site-packages/airflow/example_dags/example_short_circuit_decorator.py took 0.196 seconds
[2026-03-25T11:25:21.354+0000] {processor.py:161} INFO - Started process (PID=1185) to work on /home/airflow/.local/lib/python3.12/site-packages/airflow/example_dags/example_short_circuit_decorator.py
[2026-03-25T11:25:21.356+0000] {processor.py:830} INFO - Processing file /home/airflow/.local/lib/python3.12/site-packages/airflow/example_dags/example_short_circuit_decorator.py for tasks to queue
[2026-03-25T11:25:21.359+0000] {logging_mixin.py:188} INFO - [2026-03-25T11:25:21.359+0000] {dagbag.py:540} INFO - Filling up the DagBag from /home/airflow/.local/lib/python3.12/site-packages/airflow/example_dags/example_short_circuit_decorator.py
[2026-03-25T11:25:21.371+0000] {processor.py:840} INFO - DAG(s) 'example_short_circuit_decorator' retrieved from /home/airflow/.local/lib/python3.12/site-packages/airflow/example_dags/example_short_circuit_decorator.py
[2026-03-25T11:25:21.396+0000] {logging_mixin.py:188} INFO - [2026-03-25T11:25:21.396+0000] {dag.py:3096} INFO - Sync 1 DAGs
[2026-03-25T11:25:21.420+0000] {logging_mixin.py:188} INFO - [2026-03-25T11:25:21.420+0000] {dag.py:3954} INFO - Setting next_dagrun for example_short_circuit_decorator to 2026-03-24 00:00:00+00:00, run_after=2026-03-25 00:00:00+00:00
[2026-03-25T11:25:21.492+0000] {processor.py:183} INFO - Processing /home/airflow/.local/lib/python3.12/site-packages/airflow/example_dags/example_short_circuit_decorator.py took 0.147 seconds
[2026-03-25T11:25:53.212+0000] {processor.py:161} INFO - Started process (PID=1242) to work on /home/airflow/.local/lib/python3.12/site-packages/airflow/example_dags/example_short_circuit_decorator.py
[2026-03-25T11:25:53.213+0000] {processor.py:830} INFO - Processing file /home/airflow/.local/lib/python3.12/site-packages/airflow/example_dags/example_short_circuit_decorator.py for tasks to queue
[2026-03-25T11:25:53.215+0000] {logging_mixin.py:188} INFO - [2026-03-25T11:25:53.215+0000] {dagbag.py:540} INFO - Filling up the DagBag from /home/airflow/.local/lib/python3.12/site-packages/airflow/example_dags/example_short_circuit_decorator.py
[2026-03-25T11:25:53.224+0000] {processor.py:840} INFO - DAG(s) 'example_short_circuit_decorator' retrieved from /home/airflow/.local/lib/python3.12/site-packages/airflow/example_dags/example_short_circuit_decorator.py
[2026-03-25T11:25:53.249+0000] {logging_mixin.py:188} INFO - [2026-03-25T11:25:53.249+0000] {dag.py:3096} INFO - Sync 1 DAGs
[2026-03-25T11:25:53.272+0000] {logging_mixin.py:188} INFO - [2026-03-25T11:25:53.272+0000] {dag.py:3954} INFO - Setting next_dagrun for example_short_circuit_decorator to 2026-03-24 00:00:00+00:00, run_after=2026-03-25 00:00:00+00:00
[2026-03-25T11:25:53.321+0000] {processor.py:183} INFO - Processing /home/airflow/.local/lib/python3.12/site-packages/airflow/example_dags/example_short_circuit_decorator.py took 0.115 seconds
[2026-03-25T11:26:25.983+0000] {processor.py:161} INFO - Started process (PID=1301) to work on /home/airflow/.local/lib/python3.12/site-packages/airflow/example_dags/example_short_circuit_decorator.py
[2026-03-25T11:26:25.985+0000] {processor.py:830} INFO - Processing file /home/airflow/.local/lib/python3.12/site-packages/airflow/example_dags/example_short_circuit_decorator.py for tasks to queue
[2026-03-25T11:26:25.987+0000] {logging_mixin.py:188} INFO - [2026-03-25T11:26:25.987+0000] {dagbag.py:540} INFO - Filling up the DagBag from /home/airflow/.local/lib/python3.12/site-packages/airflow/example_dags/example_short_circuit_decorator.py
[2026-03-25T11:26:25.997+0000] {processor.py:840} INFO - DAG(s) 'example_short_circuit_decorator' retrieved from /home/airflow/.local/lib/python3.12/site-packages/airflow/example_dags/example_short_circuit_decorator.py
[2026-03-25T11:26:26.023+0000] {logging_mixin.py:188} INFO - [2026-03-25T11:26:26.023+0000] {dag.py:3096} INFO - Sync 1 DAGs
[2026-03-25T11:26:26.046+0000] {logging_mixin.py:188} INFO - [2026-03-25T11:26:26.045+0000] {dag.py:3954} INFO - Setting next_dagrun for example_short_circuit_decorator to 2026-03-24 00:00:00+00:00, run_after=2026-03-25 00:00:00+00:00
[2026-03-25T11:26:26.099+0000] {processor.py:183} INFO - Processing /home/airflow/.local/lib/python3.12/site-packages/airflow/example_dags/example_short_circuit_decorator.py took 0.123 seconds
[2026-03-25T11:26:58.936+0000] {processor.py:161} INFO - Started process (PID=1360) to work on /home/airflow/.local/lib/python3.12/site-packages/airflow/example_dags/example_short_circuit_decorator.py
[2026-03-25T11:26:58.937+0000] {processor.py:830} INFO - Processing file /home/airflow/.local/lib/python3.12/site-packages/airflow/example_dags/example_short_circuit_decorator.py for tasks to queue
[2026-03-25T11:26:58.940+0000] {logging_mixin.py:188} INFO - [2026-03-25T11:26:58.939+0000] {dagbag.py:540} INFO - Filling up the DagBag from /home/airflow/.local/lib/python3.12/site-packages/airflow/example_dags/example_short_circuit_decorator.py
[2026-03-25T11:26:58.952+0000] {processor.py:840} INFO - DAG(s) 'example_short_circuit_decorator' retrieved from /home/airflow/.local/lib/python3.12/site-packages/airflow/example_dags/example_short_circuit_decorator.py
[2026-03-25T11:26:58.984+0000] {logging_mixin.py:188} INFO - [2026-03-25T11:26:58.984+0000] {dag.py:3096} INFO - Sync 1 DAGs
[2026-03-25T11:26:59.010+0000] {logging_mixin.py:188} INFO - [2026-03-25T11:26:59.010+0000] {dag.py:3954} INFO - Setting next_dagrun for example_short_circuit_decorator to 2026-03-24 00:00:00+00:00, run_after=2026-03-25 00:00:00+00:00
[2026-03-25T11:26:59.058+0000] {processor.py:183} INFO - Processing /home/airflow/.local/lib/python3.12/site-packages/airflow/example_dags/example_short_circuit_decorator.py took 0.129 seconds
[2026-03-25T11:27:32.695+0000] {processor.py:161} INFO - Started process (PID=1409) to work on /home/airflow/.local/lib/python3.12/site-packages/airflow/example_dags/example_short_circuit_decorator.py
[2026-03-25T11:27:32.697+0000] {processor.py:830} INFO - Processing file /home/airflow/.local/lib/python3.12/site-packages/airflow/example_dags/example_short_circuit_decorator.py for tasks to queue
[2026-03-25T11:27:32.701+0000] {logging_mixin.py:188} INFO - [2026-03-25T11:27:32.700+0000] {dagbag.py:540} INFO - Filling up the DagBag from /home/airflow/.local/lib/python3.12/site-packages/airflow/example_dags/example_short_circuit_decorator.py
[2026-03-25T11:27:32.717+0000] {processor.py:840} INFO - DAG(s) 'example_short_circuit_decorator' retrieved from /home/airflow/.local/lib/python3.12/site-packages/airflow/example_dags/example_short_circuit_decorator.py
[2026-03-25T11:27:32.756+0000] {logging_mixin.py:188} INFO - [2026-03-25T11:27:32.756+0000] {dag.py:3096} INFO - Sync 1 DAGs
[2026-03-25T11:27:32.801+0000] {logging_mixin.py:188} INFO - [2026-03-25T11:27:32.800+0000] {dag.py:3954} INFO - Setting next_dagrun for example_short_circuit_decorator to 2026-03-24 00:00:00+00:00, run_after=2026-03-25 00:00:00+00:00
[2026-03-25T11:27:32.855+0000] {processor.py:183} INFO - Processing /home/airflow/.local/lib/python3.12/site-packages/airflow/example_dags/example_short_circuit_decorator.py took 0.176 seconds
[2026-03-25T11:28:03.249+0000] {processor.py:161} INFO - Started process (PID=1468) to work on /home/airflow/.local/lib/python3.12/site-packages/airflow/example_dags/example_short_circuit_decorator.py
[2026-03-25T11:28:03.250+0000] {processor.py:830} INFO - Processing file /home/airflow/.local/lib/python3.12/site-packages/airflow/example_dags/example_short_circuit_decorator.py for tasks to queue
[2026-03-25T11:28:03.253+0000] {logging_mixin.py:188} INFO - [2026-03-25T11:28:03.253+0000] {dagbag.py:540} INFO - Filling up the DagBag from /home/airflow/.local/lib/python3.12/site-packages/airflow/example_dags/example_short_circuit_decorator.py
[2026-03-25T11:28:03.265+0000] {processor.py:840} INFO - DAG(s) 'example_short_circuit_decorator' retrieved from /home/airflow/.local/lib/python3.12/site-packages/airflow/example_dags/example_short_circuit_decorator.py
[2026-03-25T11:28:03.293+0000] {logging_mixin.py:188} INFO - [2026-03-25T11:28:03.293+0000] {dag.py:3096} INFO - Sync 1 DAGs
[2026-03-25T11:28:03.320+0000] {logging_mixin.py:188} INFO - [2026-03-25T11:28:03.320+0000] {dag.py:3954} INFO - Setting next_dagrun for example_short_circuit_decorator to 2026-03-24 00:00:00+00:00, run_after=2026-03-25 00:00:00+00:00
[2026-03-25T11:28:03.442+0000] {processor.py:183} INFO - Processing /home/airflow/.local/lib/python3.12/site-packages/airflow/example_dags/example_short_circuit_decorator.py took 0.200 seconds
[2026-03-25T11:28:38.240+0000] {processor.py:161} INFO - Started process (PID=1527) to work on /home/airflow/.local/lib/python3.12/site-packages/airflow/example_dags/example_short_circuit_decorator.py
[2026-03-25T11:28:38.242+0000] {processor.py:830} INFO - Processing file /home/airflow/.local/lib/python3.12/site-packages/airflow/example_dags/example_short_circuit_decorator.py for tasks to queue
[2026-03-25T11:28:38.244+0000] {logging_mixin.py:188} INFO - [2026-03-25T11:28:38.244+0000] {dagbag.py:540} INFO - Filling up the DagBag from /home/airflow/.local/lib/python3.12/site-packages/airflow/example_dags/example_short_circuit_decorator.py
[2026-03-25T11:28:38.256+0000] {processor.py:840} INFO - DAG(s) 'example_short_circuit_decorator' retrieved from /home/airflow/.local/lib/python3.12/site-packages/airflow/example_dags/example_short_circuit_decorator.py
[2026-03-25T11:28:38.287+0000] {logging_mixin.py:188} INFO - [2026-03-25T11:28:38.287+0000] {dag.py:3096} INFO - Sync 1 DAGs
[2026-03-25T11:28:38.314+0000] {logging_mixin.py:188} INFO - [2026-03-25T11:28:38.314+0000] {dag.py:3954} INFO - Setting next_dagrun for example_short_circuit_decorator to 2026-03-24 00:00:00+00:00, run_after=2026-03-25 00:00:00+00:00
[2026-03-25T11:28:38.385+0000] {processor.py:183} INFO - Processing /home/airflow/.local/lib/python3.12/site-packages/airflow/example_dags/example_short_circuit_decorator.py took 0.152 seconds
[2026-03-25T11:29:08.913+0000] {processor.py:161} INFO - Started process (PID=1582) to work on /home/airflow/.local/lib/python3.12/site-packages/airflow/example_dags/example_short_circuit_decorator.py
[2026-03-25T11:29:08.918+0000] {processor.py:830} INFO - Processing file /home/airflow/.local/lib/python3.12/site-packages/airflow/example_dags/example_short_circuit_decorator.py for tasks to queue
[2026-03-25T11:29:08.929+0000] {logging_mixin.py:188} INFO - [2026-03-25T11:29:08.927+0000] {dagbag.py:540} INFO - Filling up the DagBag from /home/airflow/.local/lib/python3.12/site-packages/airflow/example_dags/example_short_circuit_decorator.py
[2026-03-25T11:29:08.995+0000] {processor.py:840} INFO - DAG(s) 'example_short_circuit_decorator' retrieved from /home/airflow/.local/lib/python3.12/site-packages/airflow/example_dags/example_short_circuit_decorator.py
[2026-03-25T11:29:09.117+0000] {logging_mixin.py:188} INFO - [2026-03-25T11:29:09.115+0000] {dag.py:3096} INFO - Sync 1 DAGs
[2026-03-25T11:29:09.254+0000] {logging_mixin.py:188} INFO - [2026-03-25T11:29:09.253+0000] {dag.py:3954} INFO - Setting next_dagrun for example_short_circuit_decorator to 2026-03-24 00:00:00+00:00, run_after=2026-03-25 00:00:00+00:00
[2026-03-25T11:29:09.399+0000] {processor.py:183} INFO - Processing /home/airflow/.local/lib/python3.12/site-packages/airflow/example_dags/example_short_circuit_decorator.py took 0.521 seconds
[2026-03-25T11:29:39.725+0000] {processor.py:161} INFO - Started process (PID=1641) to work on /home/airflow/.local/lib/python3.12/site-packages/airflow/example_dags/example_short_circuit_decorator.py
[2026-03-25T11:29:39.727+0000] {processor.py:830} INFO - Processing file /home/airflow/.local/lib/python3.12/site-packages/airflow/example_dags/example_short_circuit_decorator.py for tasks to queue
[2026-03-25T11:29:39.730+0000] {logging_mixin.py:188} INFO - [2026-03-25T11:29:39.729+0000] {dagbag.py:540} INFO - Filling up the DagBag from /home/airflow/.local/lib/python3.12/site-packages/airflow/example_dags/example_short_circuit_decorator.py
[2026-03-25T11:29:39.744+0000] {processor.py:840} INFO - DAG(s) 'example_short_circuit_decorator' retrieved from /home/airflow/.local/lib/python3.12/site-packages/airflow/example_dags/example_short_circuit_decorator.py
[2026-03-25T11:29:39.776+0000] {logging_mixin.py:188} INFO - [2026-03-25T11:29:39.775+0000] {dag.py:3096} INFO - Sync 1 DAGs
[2026-03-25T11:29:39.806+0000] {logging_mixin.py:188} INFO - [2026-03-25T11:29:39.806+0000] {dag.py:3954} INFO - Setting next_dagrun for example_short_circuit_decorator to 2026-03-24 00:00:00+00:00, run_after=2026-03-25 00:00:00+00:00
[2026-03-25T11:29:39.853+0000] {processor.py:183} INFO - Processing /home/airflow/.local/lib/python3.12/site-packages/airflow/example_dags/example_short_circuit_decorator.py took 0.141 seconds
[2026-03-25T11:30:11.704+0000] {processor.py:161} INFO - Started process (PID=1690) to work on /home/airflow/.local/lib/python3.12/site-packages/airflow/example_dags/example_short_circuit_decorator.py
[2026-03-25T11:30:11.706+0000] {processor.py:830} INFO - Processing file /home/airflow/.local/lib/python3.12/site-packages/airflow/example_dags/example_short_circuit_decorator.py for tasks to queue
[2026-03-25T11:30:11.710+0000] {logging_mixin.py:188} INFO - [2026-03-25T11:30:11.709+0000] {dagbag.py:540} INFO - Filling up the DagBag from /home/airflow/.local/lib/python3.12/site-packages/airflow/example_dags/example_short_circuit_decorator.py
[2026-03-25T11:30:11.732+0000] {processor.py:840} INFO - DAG(s) 'example_short_circuit_decorator' retrieved from /home/airflow/.local/lib/python3.12/site-packages/airflow/example_dags/example_short_circuit_decorator.py
[2026-03-25T11:30:11.779+0000] {logging_mixin.py:188} INFO - [2026-03-25T11:30:11.779+0000] {dag.py:3096} INFO - Sync 1 DAGs
[2026-03-25T11:30:11.835+0000] {logging_mixin.py:188} INFO - [2026-03-25T11:30:11.835+0000] {dag.py:3954} INFO - Setting next_dagrun for example_short_circuit_decorator to 2026-03-24 00:00:00+00:00, run_after=2026-03-25 00:00:00+00:00
[2026-03-25T11:30:11.904+0000] {processor.py:183} INFO - Processing /home/airflow/.local/lib/python3.12/site-packages/airflow/example_dags/example_short_circuit_decorator.py took 0.213 seconds
[2026-03-25T11:30:43.431+0000] {processor.py:161} INFO - Started process (PID=1747) to work on /home/airflow/.local/lib/python3.12/site-packages/airflow/example_dags/example_short_circuit_decorator.py
[2026-03-25T11:30:43.432+0000] {processor.py:830} INFO - Processing file /home/airflow/.local/lib/python3.12/site-packages/airflow/example_dags/example_short_circuit_decorator.py for tasks to queue
[2026-03-25T11:30:43.434+0000] {logging_mixin.py:188} INFO - [2026-03-25T11:30:43.433+0000] {dagbag.py:540} INFO - Filling up the DagBag from /home/airflow/.local/lib/python3.12/site-packages/airflow/example_dags/example_short_circuit_decorator.py
[2026-03-25T11:30:43.443+0000] {processor.py:840} INFO - DAG(s) 'example_short_circuit_decorator' retrieved from /home/airflow/.local/lib/python3.12/site-packages/airflow/example_dags/example_short_circuit_decorator.py
[2026-03-25T11:30:43.468+0000] {logging_mixin.py:188} INFO - [2026-03-25T11:30:43.467+0000] {dag.py:3096} INFO - Sync 1 DAGs
[2026-03-25T11:30:43.490+0000] {logging_mixin.py:188} INFO - [2026-03-25T11:30:43.490+0000] {dag.py:3954} INFO - Setting next_dagrun for example_short_circuit_decorator to 2026-03-24 00:00:00+00:00, run_after=2026-03-25 00:00:00+00:00
[2026-03-25T11:30:43.537+0000] {processor.py:183} INFO - Processing /home/airflow/.local/lib/python3.12/site-packages/airflow/example_dags/example_short_circuit_decorator.py took 0.111 seconds
[2026-03-25T11:31:15.510+0000] {processor.py:161} INFO - Started process (PID=1806) to work on /home/airflow/.local/lib/python3.12/site-packages/airflow/example_dags/example_short_circuit_decorator.py
[2026-03-25T11:31:15.511+0000] {processor.py:830} INFO - Processing file /home/airflow/.local/lib/python3.12/site-packages/airflow/example_dags/example_short_circuit_decorator.py for tasks to queue
[2026-03-25T11:31:15.513+0000] {logging_mixin.py:188} INFO - [2026-03-25T11:31:15.513+0000] {dagbag.py:540} INFO - Filling up the DagBag from /home/airflow/.local/lib/python3.12/site-packages/airflow/example_dags/example_short_circuit_decorator.py
[2026-03-25T11:31:15.522+0000] {processor.py:840} INFO - DAG(s) 'example_short_circuit_decorator' retrieved from /home/airflow/.local/lib/python3.12/site-packages/airflow/example_dags/example_short_circuit_decorator.py
[2026-03-25T11:31:15.546+0000] {logging_mixin.py:188} INFO - [2026-03-25T11:31:15.545+0000] {dag.py:3096} INFO - Sync 1 DAGs
[2026-03-25T11:31:15.567+0000] {logging_mixin.py:188} INFO - [2026-03-25T11:31:15.566+0000] {dag.py:3954} INFO - Setting next_dagrun for example_short_circuit_decorator to 2026-03-24 00:00:00+00:00, run_after=2026-03-25 00:00:00+00:00
[2026-03-25T11:31:15.649+0000] {processor.py:183} INFO - Processing /home/airflow/.local/lib/python3.12/site-packages/airflow/example_dags/example_short_circuit_decorator.py took 0.144 seconds
[2026-03-25T11:31:48.738+0000] {processor.py:161} INFO - Started process (PID=1865) to work on /home/airflow/.local/lib/python3.12/site-packages/airflow/example_dags/example_short_circuit_decorator.py
[2026-03-25T11:31:48.739+0000] {processor.py:830} INFO - Processing file /home/airflow/.local/lib/python3.12/site-packages/airflow/example_dags/example_short_circuit_decorator.py for tasks to queue
[2026-03-25T11:31:48.741+0000] {logging_mixin.py:188} INFO - [2026-03-25T11:31:48.741+0000] {dagbag.py:540} INFO - Filling up the DagBag from /home/airflow/.local/lib/python3.12/site-packages/airflow/example_dags/example_short_circuit_decorator.py
[2026-03-25T11:31:48.749+0000] {processor.py:840} INFO - DAG(s) 'example_short_circuit_decorator' retrieved from /home/airflow/.local/lib/python3.12/site-packages/airflow/example_dags/example_short_circuit_decorator.py
[2026-03-25T11:31:48.774+0000] {logging_mixin.py:188} INFO - [2026-03-25T11:31:48.774+0000] {dag.py:3096} INFO - Sync 1 DAGs
[2026-03-25T11:31:48.796+0000] {logging_mixin.py:188} INFO - [2026-03-25T11:31:48.796+0000] {dag.py:3954} INFO - Setting next_dagrun for example_short_circuit_decorator to 2026-03-24 00:00:00+00:00, run_after=2026-03-25 00:00:00+00:00
[2026-03-25T11:31:48.874+0000] {processor.py:183} INFO - Processing /home/airflow/.local/lib/python3.12/site-packages/airflow/example_dags/example_short_circuit_decorator.py took 0.141 seconds
[2026-03-25T11:32:21.498+0000] {processor.py:161} INFO - Started process (PID=1924) to work on /home/airflow/.local/lib/python3.12/site-packages/airflow/example_dags/example_short_circuit_decorator.py
[2026-03-25T11:32:21.499+0000] {processor.py:830} INFO - Processing file /home/airflow/.local/lib/python3.12/site-packages/airflow/example_dags/example_short_circuit_decorator.py for tasks to queue
[2026-03-25T11:32:21.501+0000] {logging_mixin.py:188} INFO - [2026-03-25T11:32:21.501+0000] {dagbag.py:540} INFO - Filling up the DagBag from /home/airflow/.local/lib/python3.12/site-packages/airflow/example_dags/example_short_circuit_decorator.py
[2026-03-25T11:32:21.509+0000] {processor.py:840} INFO - DAG(s) 'example_short_circuit_decorator' retrieved from /home/airflow/.local/lib/python3.12/site-packages/airflow/example_dags/example_short_circuit_decorator.py
[2026-03-25T11:32:21.534+0000] {logging_mixin.py:188} INFO - [2026-03-25T11:32:21.534+0000] {dag.py:3096} INFO - Sync 1 DAGs
[2026-03-25T11:32:21.555+0000] {logging_mixin.py:188} INFO - [2026-03-25T11:32:21.555+0000] {dag.py:3954} INFO - Setting next_dagrun for example_short_circuit_decorator to 2026-03-24 00:00:00+00:00, run_after=2026-03-25 00:00:00+00:00
[2026-03-25T11:32:21.627+0000] {processor.py:183} INFO - Processing /home/airflow/.local/lib/python3.12/site-packages/airflow/example_dags/example_short_circuit_decorator.py took 0.134 seconds
[2026-03-25T11:34:35.939+0000] {processor.py:161} INFO - Started process (PID=77) to work on /home/airflow/.local/lib/python3.12/site-packages/airflow/example_dags/example_short_circuit_decorator.py
[2026-03-25T11:34:35.941+0000] {processor.py:830} INFO - Processing file /home/airflow/.local/lib/python3.12/site-packages/airflow/example_dags/example_short_circuit_decorator.py for tasks to queue
[2026-03-25T11:34:35.944+0000] {logging_mixin.py:188} INFO - [2026-03-25T11:34:35.943+0000] {dagbag.py:540} INFO - Filling up the DagBag from /home/airflow/.local/lib/python3.12/site-packages/airflow/example_dags/example_short_circuit_decorator.py
[2026-03-25T11:34:35.961+0000] {processor.py:840} INFO - DAG(s) 'example_short_circuit_decorator' retrieved from /home/airflow/.local/lib/python3.12/site-packages/airflow/example_dags/example_short_circuit_decorator.py
[2026-03-25T11:34:36.164+0000] {logging_mixin.py:188} INFO - [2026-03-25T11:34:36.164+0000] {dag.py:3096} INFO - Sync 1 DAGs
[2026-03-25T11:34:36.195+0000] {logging_mixin.py:188} INFO - [2026-03-25T11:34:36.195+0000] {dag.py:3954} INFO - Setting next_dagrun for example_short_circuit_decorator to 2026-03-24 00:00:00+00:00, run_after=2026-03-25 00:00:00+00:00
[2026-03-25T11:34:36.269+0000] {processor.py:183} INFO - Processing /home/airflow/.local/lib/python3.12/site-packages/airflow/example_dags/example_short_circuit_decorator.py took 0.339 seconds
[2026-03-25T11:35:06.315+0000] {processor.py:161} INFO - Started process (PID=129) to work on /home/airflow/.local/lib/python3.12/site-packages/airflow/example_dags/example_short_circuit_decorator.py
[2026-03-25T11:35:06.317+0000] {processor.py:830} INFO - Processing file /home/airflow/.local/lib/python3.12/site-packages/airflow/example_dags/example_short_circuit_decorator.py for tasks to queue
[2026-03-25T11:35:06.319+0000] {logging_mixin.py:188} INFO - [2026-03-25T11:35:06.319+0000] {dagbag.py:540} INFO - Filling up the DagBag from /home/airflow/.local/lib/python3.12/site-packages/airflow/example_dags/example_short_circuit_decorator.py
[2026-03-25T11:35:06.329+0000] {processor.py:840} INFO - DAG(s) 'example_short_circuit_decorator' retrieved from /home/airflow/.local/lib/python3.12/site-packages/airflow/example_dags/example_short_circuit_decorator.py
[2026-03-25T11:35:06.360+0000] {logging_mixin.py:188} INFO - [2026-03-25T11:35:06.359+0000] {dag.py:3096} INFO - Sync 1 DAGs
[2026-03-25T11:35:06.399+0000] {logging_mixin.py:188} INFO - [2026-03-25T11:35:06.399+0000] {dag.py:3954} INFO - Setting next_dagrun for example_short_circuit_decorator to 2026-03-24 00:00:00+00:00, run_after=2026-03-25 00:00:00+00:00
[2026-03-25T11:35:06.445+0000] {processor.py:183} INFO - Processing /home/airflow/.local/lib/python3.12/site-packages/airflow/example_dags/example_short_circuit_decorator.py took 0.136 seconds
[2026-03-25T11:35:38.282+0000] {processor.py:161} INFO - Started process (PID=189) to work on /home/airflow/.local/lib/python3.12/site-packages/airflow/example_dags/example_short_circuit_decorator.py
[2026-03-25T11:35:38.283+0000] {processor.py:830} INFO - Processing file /home/airflow/.local/lib/python3.12/site-packages/airflow/example_dags/example_short_circuit_decorator.py for tasks to queue
[2026-03-25T11:35:38.285+0000] {logging_mixin.py:188} INFO - [2026-03-25T11:35:38.285+0000] {dagbag.py:540} INFO - Filling up the DagBag from /home/airflow/.local/lib/python3.12/site-packages/airflow/example_dags/example_short_circuit_decorator.py
[2026-03-25T11:35:38.294+0000] {processor.py:840} INFO - DAG(s) 'example_short_circuit_decorator' retrieved from /home/airflow/.local/lib/python3.12/site-packages/airflow/example_dags/example_short_circuit_decorator.py
[2026-03-25T11:35:38.321+0000] {logging_mixin.py:188} INFO - [2026-03-25T11:35:38.321+0000] {dag.py:3096} INFO - Sync 1 DAGs
[2026-03-25T11:35:38.345+0000] {logging_mixin.py:188} INFO - [2026-03-25T11:35:38.345+0000] {dag.py:3954} INFO - Setting next_dagrun for example_short_circuit_decorator to 2026-03-24 00:00:00+00:00, run_after=2026-03-25 00:00:00+00:00
[2026-03-25T11:35:38.396+0000] {processor.py:183} INFO - Processing /home/airflow/.local/lib/python3.12/site-packages/airflow/example_dags/example_short_circuit_decorator.py took 0.120 seconds
[2026-03-25T11:36:11.893+0000] {processor.py:161} INFO - Started process (PID=249) to work on /home/airflow/.local/lib/python3.12/site-packages/airflow/example_dags/example_short_circuit_decorator.py
[2026-03-25T11:36:11.894+0000] {processor.py:830} INFO - Processing file /home/airflow/.local/lib/python3.12/site-packages/airflow/example_dags/example_short_circuit_decorator.py for tasks to queue
[2026-03-25T11:36:11.896+0000] {logging_mixin.py:188} INFO - [2026-03-25T11:36:11.895+0000] {dagbag.py:540} INFO - Filling up the DagBag from /home/airflow/.local/lib/python3.12/site-packages/airflow/example_dags/example_short_circuit_decorator.py
[2026-03-25T11:36:11.904+0000] {processor.py:840} INFO - DAG(s) 'example_short_circuit_decorator' retrieved from /home/airflow/.local/lib/python3.12/site-packages/airflow/example_dags/example_short_circuit_decorator.py
[2026-03-25T11:36:12.048+0000] {logging_mixin.py:188} INFO - [2026-03-25T11:36:12.048+0000] {dag.py:3096} INFO - Sync 1 DAGs
[2026-03-25T11:36:12.068+0000] {logging_mixin.py:188} INFO - [2026-03-25T11:36:12.068+0000] {dag.py:3954} INFO - Setting next_dagrun for example_short_circuit_decorator to 2026-03-24 00:00:00+00:00, run_after=2026-03-25 00:00:00+00:00
[2026-03-25T11:36:12.125+0000] {processor.py:183} INFO - Processing /home/airflow/.local/lib/python3.12/site-packages/airflow/example_dags/example_short_circuit_decorator.py took 0.237 seconds
[2026-03-25T11:36:44.925+0000] {processor.py:161} INFO - Started process (PID=308) to work on /home/airflow/.local/lib/python3.12/site-packages/airflow/example_dags/example_short_circuit_decorator.py
[2026-03-25T11:36:44.927+0000] {processor.py:830} INFO - Processing file /home/airflow/.local/lib/python3.12/site-packages/airflow/example_dags/example_short_circuit_decorator.py for tasks to queue
[2026-03-25T11:36:44.931+0000] {logging_mixin.py:188} INFO - [2026-03-25T11:36:44.930+0000] {dagbag.py:540} INFO - Filling up the DagBag from /home/airflow/.local/lib/python3.12/site-packages/airflow/example_dags/example_short_circuit_decorator.py
[2026-03-25T11:36:44.949+0000] {processor.py:840} INFO - DAG(s) 'example_short_circuit_decorator' retrieved from /home/airflow/.local/lib/python3.12/site-packages/airflow/example_dags/example_short_circuit_decorator.py
[2026-03-25T11:36:44.994+0000] {logging_mixin.py:188} INFO - [2026-03-25T11:36:44.993+0000] {dag.py:3096} INFO - Sync 1 DAGs
[2026-03-25T11:36:45.036+0000] {logging_mixin.py:188} INFO - [2026-03-25T11:36:45.036+0000] {dag.py:3954} INFO - Setting next_dagrun for example_short_circuit_decorator to 2026-03-24 00:00:00+00:00, run_after=2026-03-25 00:00:00+00:00
[2026-03-25T11:36:45.097+0000] {processor.py:183} INFO - Processing /home/airflow/.local/lib/python3.12/site-packages/airflow/example_dags/example_short_circuit_decorator.py took 0.188 seconds
[2026-03-25T11:37:17.086+0000] {processor.py:161} INFO - Started process (PID=367) to work on /home/airflow/.local/lib/python3.12/site-packages/airflow/example_dags/example_short_circuit_decorator.py
[2026-03-25T11:37:17.088+0000] {processor.py:830} INFO - Processing file /home/airflow/.local/lib/python3.12/site-packages/airflow/example_dags/example_short_circuit_decorator.py for tasks to queue
[2026-03-25T11:37:17.091+0000] {logging_mixin.py:188} INFO - [2026-03-25T11:37:17.090+0000] {dagbag.py:540} INFO - Filling up the DagBag from /home/airflow/.local/lib/python3.12/site-packages/airflow/example_dags/example_short_circuit_decorator.py
[2026-03-25T11:37:17.114+0000] {processor.py:840} INFO - DAG(s) 'example_short_circuit_decorator' retrieved from /home/airflow/.local/lib/python3.12/site-packages/airflow/example_dags/example_short_circuit_decorator.py
[2026-03-25T11:37:17.158+0000] {logging_mixin.py:188} INFO - [2026-03-25T11:37:17.158+0000] {dag.py:3096} INFO - Sync 1 DAGs
[2026-03-25T11:37:17.201+0000] {logging_mixin.py:188} INFO - [2026-03-25T11:37:17.201+0000] {dag.py:3954} INFO - Setting next_dagrun for example_short_circuit_decorator to 2026-03-24 00:00:00+00:00, run_after=2026-03-25 00:00:00+00:00
[2026-03-25T11:37:17.255+0000] {processor.py:183} INFO - Processing /home/airflow/.local/lib/python3.12/site-packages/airflow/example_dags/example_short_circuit_decorator.py took 0.184 seconds
[2026-03-25T11:37:49.808+0000] {processor.py:161} INFO - Started process (PID=426) to work on /home/airflow/.local/lib/python3.12/site-packages/airflow/example_dags/example_short_circuit_decorator.py
[2026-03-25T11:37:49.810+0000] {processor.py:830} INFO - Processing file /home/airflow/.local/lib/python3.12/site-packages/airflow/example_dags/example_short_circuit_decorator.py for tasks to queue
[2026-03-25T11:37:49.815+0000] {logging_mixin.py:188} INFO - [2026-03-25T11:37:49.815+0000] {dagbag.py:540} INFO - Filling up the DagBag from /home/airflow/.local/lib/python3.12/site-packages/airflow/example_dags/example_short_circuit_decorator.py
[2026-03-25T11:37:49.839+0000] {processor.py:840} INFO - DAG(s) 'example_short_circuit_decorator' retrieved from /home/airflow/.local/lib/python3.12/site-packages/airflow/example_dags/example_short_circuit_decorator.py
[2026-03-25T11:37:49.922+0000] {logging_mixin.py:188} INFO - [2026-03-25T11:37:49.921+0000] {dag.py:3096} INFO - Sync 1 DAGs
[2026-03-25T11:37:49.977+0000] {logging_mixin.py:188} INFO - [2026-03-25T11:37:49.977+0000] {dag.py:3954} INFO - Setting next_dagrun for example_short_circuit_decorator to 2026-03-24 00:00:00+00:00, run_after=2026-03-25 00:00:00+00:00
[2026-03-25T11:37:50.052+0000] {processor.py:183} INFO - Processing /home/airflow/.local/lib/python3.12/site-packages/airflow/example_dags/example_short_circuit_decorator.py took 0.256 seconds
[2026-03-25T11:38:22.027+0000] {processor.py:161} INFO - Started process (PID=485) to work on /home/airflow/.local/lib/python3.12/site-packages/airflow/example_dags/example_short_circuit_decorator.py
[2026-03-25T11:38:22.028+0000] {processor.py:830} INFO - Processing file /home/airflow/.local/lib/python3.12/site-packages/airflow/example_dags/example_short_circuit_decorator.py for tasks to queue
[2026-03-25T11:38:22.030+0000] {logging_mixin.py:188} INFO - [2026-03-25T11:38:22.030+0000] {dagbag.py:540} INFO - Filling up the DagBag from /home/airflow/.local/lib/python3.12/site-packages/airflow/example_dags/example_short_circuit_decorator.py
[2026-03-25T11:38:22.039+0000] {processor.py:840} INFO - DAG(s) 'example_short_circuit_decorator' retrieved from /home/airflow/.local/lib/python3.12/site-packages/airflow/example_dags/example_short_circuit_decorator.py
[2026-03-25T11:38:22.064+0000] {logging_mixin.py:188} INFO - [2026-03-25T11:38:22.063+0000] {dag.py:3096} INFO - Sync 1 DAGs
[2026-03-25T11:38:22.085+0000] {logging_mixin.py:188} INFO - [2026-03-25T11:38:22.085+0000] {dag.py:3954} INFO - Setting next_dagrun for example_short_circuit_decorator to 2026-03-24 00:00:00+00:00, run_after=2026-03-25 00:00:00+00:00
[2026-03-25T11:38:22.151+0000] {processor.py:183} INFO - Processing /home/airflow/.local/lib/python3.12/site-packages/airflow/example_dags/example_short_circuit_decorator.py took 0.129 seconds
[2026-03-25T11:38:54.782+0000] {processor.py:161} INFO - Started process (PID=544) to work on /home/airflow/.local/lib/python3.12/site-packages/airflow/example_dags/example_short_circuit_decorator.py
[2026-03-25T11:38:54.783+0000] {processor.py:830} INFO - Processing file /home/airflow/.local/lib/python3.12/site-packages/airflow/example_dags/example_short_circuit_decorator.py for tasks to queue
[2026-03-25T11:38:54.785+0000] {logging_mixin.py:188} INFO - [2026-03-25T11:38:54.784+0000] {dagbag.py:540} INFO - Filling up the DagBag from /home/airflow/.local/lib/python3.12/site-packages/airflow/example_dags/example_short_circuit_decorator.py
[2026-03-25T11:38:54.796+0000] {processor.py:840} INFO - DAG(s) 'example_short_circuit_decorator' retrieved from /home/airflow/.local/lib/python3.12/site-packages/airflow/example_dags/example_short_circuit_decorator.py
[2026-03-25T11:38:54.828+0000] {logging_mixin.py:188} INFO - [2026-03-25T11:38:54.827+0000] {dag.py:3096} INFO - Sync 1 DAGs
[2026-03-25T11:38:54.854+0000] {logging_mixin.py:188} INFO - [2026-03-25T11:38:54.853+0000] {dag.py:3954} INFO - Setting next_dagrun for example_short_circuit_decorator to 2026-03-24 00:00:00+00:00, run_after=2026-03-25 00:00:00+00:00
[2026-03-25T11:38:54.944+0000] {processor.py:183} INFO - Processing /home/airflow/.local/lib/python3.12/site-packages/airflow/example_dags/example_short_circuit_decorator.py took 0.169 seconds
[2026-03-25T11:39:27.518+0000] {processor.py:161} INFO - Started process (PID=603) to work on /home/airflow/.local/lib/python3.12/site-packages/airflow/example_dags/example_short_circuit_decorator.py
[2026-03-25T11:39:27.520+0000] {processor.py:830} INFO - Processing file /home/airflow/.local/lib/python3.12/site-packages/airflow/example_dags/example_short_circuit_decorator.py for tasks to queue
[2026-03-25T11:39:27.522+0000] {logging_mixin.py:188} INFO - [2026-03-25T11:39:27.521+0000] {dagbag.py:540} INFO - Filling up the DagBag from /home/airflow/.local/lib/python3.12/site-packages/airflow/example_dags/example_short_circuit_decorator.py
[2026-03-25T11:39:27.532+0000] {processor.py:840} INFO - DAG(s) 'example_short_circuit_decorator' retrieved from /home/airflow/.local/lib/python3.12/site-packages/airflow/example_dags/example_short_circuit_decorator.py
[2026-03-25T11:39:27.566+0000] {logging_mixin.py:188} INFO - [2026-03-25T11:39:27.565+0000] {dag.py:3096} INFO - Sync 1 DAGs
[2026-03-25T11:39:27.597+0000] {logging_mixin.py:188} INFO - [2026-03-25T11:39:27.597+0000] {dag.py:3954} INFO - Setting next_dagrun for example_short_circuit_decorator to 2026-03-24 00:00:00+00:00, run_after=2026-03-25 00:00:00+00:00
[2026-03-25T11:39:27.679+0000] {processor.py:183} INFO - Processing /home/airflow/.local/lib/python3.12/site-packages/airflow/example_dags/example_short_circuit_decorator.py took 0.167 seconds
[2026-03-25T11:40:00.502+0000] {processor.py:161} INFO - Started process (PID=662) to work on /home/airflow/.local/lib/python3.12/site-packages/airflow/example_dags/example_short_circuit_decorator.py
[2026-03-25T11:40:00.503+0000] {processor.py:830} INFO - Processing file /home/airflow/.local/lib/python3.12/site-packages/airflow/example_dags/example_short_circuit_decorator.py for tasks to queue
[2026-03-25T11:40:00.505+0000] {logging_mixin.py:188} INFO - [2026-03-25T11:40:00.505+0000] {dagbag.py:540} INFO - Filling up the DagBag from /home/airflow/.local/lib/python3.12/site-packages/airflow/example_dags/example_short_circuit_decorator.py
[2026-03-25T11:40:00.515+0000] {processor.py:840} INFO - DAG(s) 'example_short_circuit_decorator' retrieved from /home/airflow/.local/lib/python3.12/site-packages/airflow/example_dags/example_short_circuit_decorator.py
[2026-03-25T11:40:00.544+0000] {logging_mixin.py:188} INFO - [2026-03-25T11:40:00.544+0000] {dag.py:3096} INFO - Sync 1 DAGs
[2026-03-25T11:40:00.568+0000] {logging_mixin.py:188} INFO - [2026-03-25T11:40:00.568+0000] {dag.py:3954} INFO - Setting next_dagrun for example_short_circuit_decorator to 2026-03-24 00:00:00+00:00, run_after=2026-03-25 00:00:00+00:00
[2026-03-25T11:40:00.684+0000] {processor.py:183} INFO - Processing /home/airflow/.local/lib/python3.12/site-packages/airflow/example_dags/example_short_circuit_decorator.py took 0.189 seconds
[2026-03-25T11:40:32.852+0000] {processor.py:161} INFO - Started process (PID=721) to work on /home/airflow/.local/lib/python3.12/site-packages/airflow/example_dags/example_short_circuit_decorator.py
[2026-03-25T11:40:32.853+0000] {processor.py:830} INFO - Processing file /home/airflow/.local/lib/python3.12/site-packages/airflow/example_dags/example_short_circuit_decorator.py for tasks to queue
[2026-03-25T11:40:32.855+0000] {logging_mixin.py:188} INFO - [2026-03-25T11:40:32.854+0000] {dagbag.py:540} INFO - Filling up the DagBag from /home/airflow/.local/lib/python3.12/site-packages/airflow/example_dags/example_short_circuit_decorator.py
[2026-03-25T11:40:32.863+0000] {processor.py:840} INFO - DAG(s) 'example_short_circuit_decorator' retrieved from /home/airflow/.local/lib/python3.12/site-packages/airflow/example_dags/example_short_circuit_decorator.py
[2026-03-25T11:40:32.888+0000] {logging_mixin.py:188} INFO - [2026-03-25T11:40:32.888+0000] {dag.py:3096} INFO - Sync 1 DAGs
[2026-03-25T11:40:32.911+0000] {logging_mixin.py:188} INFO - [2026-03-25T11:40:32.910+0000] {dag.py:3954} INFO - Setting next_dagrun for example_short_circuit_decorator to 2026-03-24 00:00:00+00:00, run_after=2026-03-25 00:00:00+00:00
[2026-03-25T11:40:32.962+0000] {processor.py:183} INFO - Processing /home/airflow/.local/lib/python3.12/site-packages/airflow/example_dags/example_short_circuit_decorator.py took 0.116 seconds
[2026-03-25T11:41:05.801+0000] {processor.py:161} INFO - Started process (PID=780) to work on /home/airflow/.local/lib/python3.12/site-packages/airflow/example_dags/example_short_circuit_decorator.py
[2026-03-25T11:41:05.802+0000] {processor.py:830} INFO - Processing file /home/airflow/.local/lib/python3.12/site-packages/airflow/example_dags/example_short_circuit_decorator.py for tasks to queue
[2026-03-25T11:41:05.804+0000] {logging_mixin.py:188} INFO - [2026-03-25T11:41:05.804+0000] {dagbag.py:540} INFO - Filling up the DagBag from /home/airflow/.local/lib/python3.12/site-packages/airflow/example_dags/example_short_circuit_decorator.py
[2026-03-25T11:41:05.813+0000] {processor.py:840} INFO - DAG(s) 'example_short_circuit_decorator' retrieved from /home/airflow/.local/lib/python3.12/site-packages/airflow/example_dags/example_short_circuit_decorator.py
[2026-03-25T11:41:05.839+0000] {logging_mixin.py:188} INFO - [2026-03-25T11:41:05.839+0000] {dag.py:3096} INFO - Sync 1 DAGs
[2026-03-25T11:41:05.866+0000] {logging_mixin.py:188} INFO - [2026-03-25T11:41:05.866+0000] {dag.py:3954} INFO - Setting next_dagrun for example_short_circuit_decorator to 2026-03-24 00:00:00+00:00, run_after=2026-03-25 00:00:00+00:00
[2026-03-25T11:41:05.920+0000] {processor.py:183} INFO - Processing /home/airflow/.local/lib/python3.12/site-packages/airflow/example_dags/example_short_circuit_decorator.py took 0.124 seconds
[2026-03-25T11:41:40.033+0000] {processor.py:161} INFO - Started process (PID=839) to work on /home/airflow/.local/lib/python3.12/site-packages/airflow/example_dags/example_short_circuit_decorator.py
[2026-03-25T11:41:40.034+0000] {processor.py:830} INFO - Processing file /home/airflow/.local/lib/python3.12/site-packages/airflow/example_dags/example_short_circuit_decorator.py for tasks to queue
[2026-03-25T11:41:40.036+0000] {logging_mixin.py:188} INFO - [2026-03-25T11:41:40.036+0000] {dagbag.py:540} INFO - Filling up the DagBag from /home/airflow/.local/lib/python3.12/site-packages/airflow/example_dags/example_short_circuit_decorator.py
[2026-03-25T11:41:40.045+0000] {processor.py:840} INFO - DAG(s) 'example_short_circuit_decorator' retrieved from /home/airflow/.local/lib/python3.12/site-packages/airflow/example_dags/example_short_circuit_decorator.py
[2026-03-25T11:41:40.070+0000] {logging_mixin.py:188} INFO - [2026-03-25T11:41:40.070+0000] {dag.py:3096} INFO - Sync 1 DAGs
[2026-03-25T11:41:40.092+0000] {logging_mixin.py:188} INFO - [2026-03-25T11:41:40.092+0000] {dag.py:3954} INFO - Setting next_dagrun for example_short_circuit_decorator to 2026-03-24 00:00:00+00:00, run_after=2026-03-25 00:00:00+00:00
[2026-03-25T11:41:40.145+0000] {processor.py:183} INFO - Processing /home/airflow/.local/lib/python3.12/site-packages/airflow/example_dags/example_short_circuit_decorator.py took 0.118 seconds
[2026-03-25T11:42:10.975+0000] {processor.py:161} INFO - Started process (PID=898) to work on /home/airflow/.local/lib/python3.12/site-packages/airflow/example_dags/example_short_circuit_decorator.py
[2026-03-25T11:42:10.976+0000] {processor.py:830} INFO - Processing file /home/airflow/.local/lib/python3.12/site-packages/airflow/example_dags/example_short_circuit_decorator.py for tasks to queue
[2026-03-25T11:42:10.978+0000] {logging_mixin.py:188} INFO - [2026-03-25T11:42:10.977+0000] {dagbag.py:540} INFO - Filling up the DagBag from /home/airflow/.local/lib/python3.12/site-packages/airflow/example_dags/example_short_circuit_decorator.py
[2026-03-25T11:42:10.986+0000] {processor.py:840} INFO - DAG(s) 'example_short_circuit_decorator' retrieved from /home/airflow/.local/lib/python3.12/site-packages/airflow/example_dags/example_short_circuit_decorator.py
[2026-03-25T11:42:11.013+0000] {logging_mixin.py:188} INFO - [2026-03-25T11:42:11.012+0000] {dag.py:3096} INFO - Sync 1 DAGs
[2026-03-25T11:42:11.035+0000] {logging_mixin.py:188} INFO - [2026-03-25T11:42:11.035+0000] {dag.py:3954} INFO - Setting next_dagrun for example_short_circuit_decorator to 2026-03-24 00:00:00+00:00, run_after=2026-03-25 00:00:00+00:00
[2026-03-25T11:42:11.093+0000] {processor.py:183} INFO - Processing /home/airflow/.local/lib/python3.12/site-packages/airflow/example_dags/example_short_circuit_decorator.py took 0.124 seconds
[2026-03-25T11:42:43.962+0000] {processor.py:161} INFO - Started process (PID=957) to work on /home/airflow/.local/lib/python3.12/site-packages/airflow/example_dags/example_short_circuit_decorator.py
[2026-03-25T11:42:43.964+0000] {processor.py:830} INFO - Processing file /home/airflow/.local/lib/python3.12/site-packages/airflow/example_dags/example_short_circuit_decorator.py for tasks to queue
[2026-03-25T11:42:43.966+0000] {logging_mixin.py:188} INFO - [2026-03-25T11:42:43.965+0000] {dagbag.py:540} INFO - Filling up the DagBag from /home/airflow/.local/lib/python3.12/site-packages/airflow/example_dags/example_short_circuit_decorator.py
[2026-03-25T11:42:43.979+0000] {processor.py:840} INFO - DAG(s) 'example_short_circuit_decorator' retrieved from /home/airflow/.local/lib/python3.12/site-packages/airflow/example_dags/example_short_circuit_decorator.py
[2026-03-25T11:42:44.008+0000] {logging_mixin.py:188} INFO - [2026-03-25T11:42:44.008+0000] {dag.py:3096} INFO - Sync 1 DAGs
[2026-03-25T11:42:44.038+0000] {logging_mixin.py:188} INFO - [2026-03-25T11:42:44.038+0000] {dag.py:3954} INFO - Setting next_dagrun for example_short_circuit_decorator to 2026-03-24 00:00:00+00:00, run_after=2026-03-25 00:00:00+00:00
[2026-03-25T11:42:44.095+0000] {processor.py:183} INFO - Processing /home/airflow/.local/lib/python3.12/site-packages/airflow/example_dags/example_short_circuit_decorator.py took 0.140 seconds
[2026-03-25T11:43:17.388+0000] {processor.py:161} INFO - Started process (PID=1016) to work on /home/airflow/.local/lib/python3.12/site-packages/airflow/example_dags/example_short_circuit_decorator.py
[2026-03-25T11:43:17.389+0000] {processor.py:830} INFO - Processing file /home/airflow/.local/lib/python3.12/site-packages/airflow/example_dags/example_short_circuit_decorator.py for tasks to queue
[2026-03-25T11:43:17.391+0000] {logging_mixin.py:188} INFO - [2026-03-25T11:43:17.391+0000] {dagbag.py:540} INFO - Filling up the DagBag from /home/airflow/.local/lib/python3.12/site-packages/airflow/example_dags/example_short_circuit_decorator.py
[2026-03-25T11:43:17.401+0000] {processor.py:840} INFO - DAG(s) 'example_short_circuit_decorator' retrieved from /home/airflow/.local/lib/python3.12/site-packages/airflow/example_dags/example_short_circuit_decorator.py
[2026-03-25T11:43:17.426+0000] {logging_mixin.py:188} INFO - [2026-03-25T11:43:17.425+0000] {dag.py:3096} INFO - Sync 1 DAGs
[2026-03-25T11:43:17.455+0000] {logging_mixin.py:188} INFO - [2026-03-25T11:43:17.454+0000] {dag.py:3954} INFO - Setting next_dagrun for example_short_circuit_decorator to 2026-03-24 00:00:00+00:00, run_after=2026-03-25 00:00:00+00:00
[2026-03-25T11:43:17.507+0000] {processor.py:183} INFO - Processing /home/airflow/.local/lib/python3.12/site-packages/airflow/example_dags/example_short_circuit_decorator.py took 0.126 seconds
[2026-03-25T11:43:49.633+0000] {processor.py:161} INFO - Started process (PID=1075) to work on /home/airflow/.local/lib/python3.12/site-packages/airflow/example_dags/example_short_circuit_decorator.py
[2026-03-25T11:43:49.634+0000] {processor.py:830} INFO - Processing file /home/airflow/.local/lib/python3.12/site-packages/airflow/example_dags/example_short_circuit_decorator.py for tasks to queue
[2026-03-25T11:43:49.636+0000] {logging_mixin.py:188} INFO - [2026-03-25T11:43:49.635+0000] {dagbag.py:540} INFO - Filling up the DagBag from /home/airflow/.local/lib/python3.12/site-packages/airflow/example_dags/example_short_circuit_decorator.py
[2026-03-25T11:43:49.645+0000] {processor.py:840} INFO - DAG(s) 'example_short_circuit_decorator' retrieved from /home/airflow/.local/lib/python3.12/site-packages/airflow/example_dags/example_short_circuit_decorator.py
[2026-03-25T11:43:49.669+0000] {logging_mixin.py:188} INFO - [2026-03-25T11:43:49.669+0000] {dag.py:3096} INFO - Sync 1 DAGs
[2026-03-25T11:43:49.692+0000] {logging_mixin.py:188} INFO - [2026-03-25T11:43:49.692+0000] {dag.py:3954} INFO - Setting next_dagrun for example_short_circuit_decorator to 2026-03-24 00:00:00+00:00, run_after=2026-03-25 00:00:00+00:00
[2026-03-25T11:43:49.733+0000] {processor.py:183} INFO - Processing /home/airflow/.local/lib/python3.12/site-packages/airflow/example_dags/example_short_circuit_decorator.py took 0.106 seconds
[2026-03-25T11:44:22.076+0000] {processor.py:161} INFO - Started process (PID=1134) to work on /home/airflow/.local/lib/python3.12/site-packages/airflow/example_dags/example_short_circuit_decorator.py
[2026-03-25T11:44:22.077+0000] {processor.py:830} INFO - Processing file /home/airflow/.local/lib/python3.12/site-packages/airflow/example_dags/example_short_circuit_decorator.py for tasks to queue
[2026-03-25T11:44:22.079+0000] {logging_mixin.py:188} INFO - [2026-03-25T11:44:22.078+0000] {dagbag.py:540} INFO - Filling up the DagBag from /home/airflow/.local/lib/python3.12/site-packages/airflow/example_dags/example_short_circuit_decorator.py
[2026-03-25T11:44:22.088+0000] {processor.py:840} INFO - DAG(s) 'example_short_circuit_decorator' retrieved from /home/airflow/.local/lib/python3.12/site-packages/airflow/example_dags/example_short_circuit_decorator.py
[2026-03-25T11:44:22.111+0000] {logging_mixin.py:188} INFO - [2026-03-25T11:44:22.110+0000] {dag.py:3096} INFO - Sync 1 DAGs
[2026-03-25T11:44:22.133+0000] {logging_mixin.py:188} INFO - [2026-03-25T11:44:22.133+0000] {dag.py:3954} INFO - Setting next_dagrun for example_short_circuit_decorator to 2026-03-24 00:00:00+00:00, run_after=2026-03-25 00:00:00+00:00
[2026-03-25T11:44:22.195+0000] {processor.py:183} INFO - Processing /home/airflow/.local/lib/python3.12/site-packages/airflow/example_dags/example_short_circuit_decorator.py took 0.125 seconds
[2026-03-25T11:44:55.106+0000] {processor.py:161} INFO - Started process (PID=1193) to work on /home/airflow/.local/lib/python3.12/site-packages/airflow/example_dags/example_short_circuit_decorator.py
[2026-03-25T11:44:55.108+0000] {processor.py:830} INFO - Processing file /home/airflow/.local/lib/python3.12/site-packages/airflow/example_dags/example_short_circuit_decorator.py for tasks to queue
[2026-03-25T11:44:55.110+0000] {logging_mixin.py:188} INFO - [2026-03-25T11:44:55.109+0000] {dagbag.py:540} INFO - Filling up the DagBag from /home/airflow/.local/lib/python3.12/site-packages/airflow/example_dags/example_short_circuit_decorator.py
[2026-03-25T11:44:55.119+0000] {processor.py:840} INFO - DAG(s) 'example_short_circuit_decorator' retrieved from /home/airflow/.local/lib/python3.12/site-packages/airflow/example_dags/example_short_circuit_decorator.py
[2026-03-25T11:44:55.142+0000] {logging_mixin.py:188} INFO - [2026-03-25T11:44:55.142+0000] {dag.py:3096} INFO - Sync 1 DAGs
[2026-03-25T11:44:55.163+0000] {logging_mixin.py:188} INFO - [2026-03-25T11:44:55.163+0000] {dag.py:3954} INFO - Setting next_dagrun for example_short_circuit_decorator to 2026-03-24 00:00:00+00:00, run_after=2026-03-25 00:00:00+00:00
[2026-03-25T11:44:55.214+0000] {processor.py:183} INFO - Processing /home/airflow/.local/lib/python3.12/site-packages/airflow/example_dags/example_short_circuit_decorator.py took 0.114 seconds
[2026-03-25T11:45:28.070+0000] {processor.py:161} INFO - Started process (PID=1252) to work on /home/airflow/.local/lib/python3.12/site-packages/airflow/example_dags/example_short_circuit_decorator.py
[2026-03-25T11:45:28.071+0000] {processor.py:830} INFO - Processing file /home/airflow/.local/lib/python3.12/site-packages/airflow/example_dags/example_short_circuit_decorator.py for tasks to queue
[2026-03-25T11:45:28.073+0000] {logging_mixin.py:188} INFO - [2026-03-25T11:45:28.073+0000] {dagbag.py:540} INFO - Filling up the DagBag from /home/airflow/.local/lib/python3.12/site-packages/airflow/example_dags/example_short_circuit_decorator.py
[2026-03-25T11:45:28.082+0000] {processor.py:840} INFO - DAG(s) 'example_short_circuit_decorator' retrieved from /home/airflow/.local/lib/python3.12/site-packages/airflow/example_dags/example_short_circuit_decorator.py
[2026-03-25T11:45:28.107+0000] {logging_mixin.py:188} INFO - [2026-03-25T11:45:28.107+0000] {dag.py:3096} INFO - Sync 1 DAGs
[2026-03-25T11:45:28.129+0000] {logging_mixin.py:188} INFO - [2026-03-25T11:45:28.128+0000] {dag.py:3954} INFO - Setting next_dagrun for example_short_circuit_decorator to 2026-03-24 00:00:00+00:00, run_after=2026-03-25 00:00:00+00:00
[2026-03-25T11:45:28.171+0000] {processor.py:183} INFO - Processing /home/airflow/.local/lib/python3.12/site-packages/airflow/example_dags/example_short_circuit_decorator.py took 0.106 seconds
[2026-03-25T11:46:00.295+0000] {processor.py:161} INFO - Started process (PID=1311) to work on /home/airflow/.local/lib/python3.12/site-packages/airflow/example_dags/example_short_circuit_decorator.py
[2026-03-25T11:46:00.296+0000] {processor.py:830} INFO - Processing file /home/airflow/.local/lib/python3.12/site-packages/airflow/example_dags/example_short_circuit_decorator.py for tasks to queue
[2026-03-25T11:46:00.298+0000] {logging_mixin.py:188} INFO - [2026-03-25T11:46:00.297+0000] {dagbag.py:540} INFO - Filling up the DagBag from /home/airflow/.local/lib/python3.12/site-packages/airflow/example_dags/example_short_circuit_decorator.py
[2026-03-25T11:46:00.306+0000] {processor.py:840} INFO - DAG(s) 'example_short_circuit_decorator' retrieved from /home/airflow/.local/lib/python3.12/site-packages/airflow/example_dags/example_short_circuit_decorator.py
[2026-03-25T11:46:00.329+0000] {logging_mixin.py:188} INFO - [2026-03-25T11:46:00.328+0000] {dag.py:3096} INFO - Sync 1 DAGs
[2026-03-25T11:46:00.351+0000] {logging_mixin.py:188} INFO - [2026-03-25T11:46:00.351+0000] {dag.py:3954} INFO - Setting next_dagrun for example_short_circuit_decorator to 2026-03-24 00:00:00+00:00, run_after=2026-03-25 00:00:00+00:00
[2026-03-25T11:46:00.397+0000] {processor.py:183} INFO - Processing /home/airflow/.local/lib/python3.12/site-packages/airflow/example_dags/example_short_circuit_decorator.py took 0.108 seconds
[2026-03-25T11:46:33.275+0000] {processor.py:161} INFO - Started process (PID=1370) to work on /home/airflow/.local/lib/python3.12/site-packages/airflow/example_dags/example_short_circuit_decorator.py
[2026-03-25T11:46:33.277+0000] {processor.py:830} INFO - Processing file /home/airflow/.local/lib/python3.12/site-packages/airflow/example_dags/example_short_circuit_decorator.py for tasks to queue
[2026-03-25T11:46:33.280+0000] {logging_mixin.py:188} INFO - [2026-03-25T11:46:33.279+0000] {dagbag.py:540} INFO - Filling up the DagBag from /home/airflow/.local/lib/python3.12/site-packages/airflow/example_dags/example_short_circuit_decorator.py
[2026-03-25T11:46:33.293+0000] {processor.py:840} INFO - DAG(s) 'example_short_circuit_decorator' retrieved from /home/airflow/.local/lib/python3.12/site-packages/airflow/example_dags/example_short_circuit_decorator.py
[2026-03-25T11:46:33.329+0000] {logging_mixin.py:188} INFO - [2026-03-25T11:46:33.328+0000] {dag.py:3096} INFO - Sync 1 DAGs
[2026-03-25T11:46:33.355+0000] {logging_mixin.py:188} INFO - [2026-03-25T11:46:33.355+0000] {dag.py:3954} INFO - Setting next_dagrun for example_short_circuit_decorator to 2026-03-24 00:00:00+00:00, run_after=2026-03-25 00:00:00+00:00
[2026-03-25T11:46:33.420+0000] {processor.py:183} INFO - Processing /home/airflow/.local/lib/python3.12/site-packages/airflow/example_dags/example_short_circuit_decorator.py took 0.156 seconds
[2026-03-25T11:47:06.699+0000] {processor.py:161} INFO - Started process (PID=1429) to work on /home/airflow/.local/lib/python3.12/site-packages/airflow/example_dags/example_short_circuit_decorator.py
[2026-03-25T11:47:06.701+0000] {processor.py:830} INFO - Processing file /home/airflow/.local/lib/python3.12/site-packages/airflow/example_dags/example_short_circuit_decorator.py for tasks to queue
[2026-03-25T11:47:06.718+0000] {logging_mixin.py:188} INFO - [2026-03-25T11:47:06.717+0000] {dagbag.py:540} INFO - Filling up the DagBag from /home/airflow/.local/lib/python3.12/site-packages/airflow/example_dags/example_short_circuit_decorator.py
[2026-03-25T11:47:06.738+0000] {processor.py:840} INFO - DAG(s) 'example_short_circuit_decorator' retrieved from /home/airflow/.local/lib/python3.12/site-packages/airflow/example_dags/example_short_circuit_decorator.py
[2026-03-25T11:47:06.776+0000] {logging_mixin.py:188} INFO - [2026-03-25T11:47:06.775+0000] {dag.py:3096} INFO - Sync 1 DAGs
[2026-03-25T11:47:06.817+0000] {logging_mixin.py:188} INFO - [2026-03-25T11:47:06.816+0000] {dag.py:3954} INFO - Setting next_dagrun for example_short_circuit_decorator to 2026-03-24 00:00:00+00:00, run_after=2026-03-25 00:00:00+00:00
[2026-03-25T11:47:06.880+0000] {processor.py:183} INFO - Processing /home/airflow/.local/lib/python3.12/site-packages/airflow/example_dags/example_short_circuit_decorator.py took 0.194 seconds
[2026-03-25T11:47:41.373+0000] {processor.py:161} INFO - Started process (PID=1489) to work on /home/airflow/.local/lib/python3.12/site-packages/airflow/example_dags/example_short_circuit_decorator.py
[2026-03-25T11:47:41.374+0000] {processor.py:830} INFO - Processing file /home/airflow/.local/lib/python3.12/site-packages/airflow/example_dags/example_short_circuit_decorator.py for tasks to queue
[2026-03-25T11:47:41.376+0000] {logging_mixin.py:188} INFO - [2026-03-25T11:47:41.376+0000] {dagbag.py:540} INFO - Filling up the DagBag from /home/airflow/.local/lib/python3.12/site-packages/airflow/example_dags/example_short_circuit_decorator.py
[2026-03-25T11:47:41.386+0000] {processor.py:840} INFO - DAG(s) 'example_short_circuit_decorator' retrieved from /home/airflow/.local/lib/python3.12/site-packages/airflow/example_dags/example_short_circuit_decorator.py
[2026-03-25T11:47:41.417+0000] {logging_mixin.py:188} INFO - [2026-03-25T11:47:41.417+0000] {dag.py:3096} INFO - Sync 1 DAGs
[2026-03-25T11:47:41.441+0000] {logging_mixin.py:188} INFO - [2026-03-25T11:47:41.440+0000] {dag.py:3954} INFO - Setting next_dagrun for example_short_circuit_decorator to 2026-03-24 00:00:00+00:00, run_after=2026-03-25 00:00:00+00:00
[2026-03-25T11:47:41.488+0000] {processor.py:183} INFO - Processing /home/airflow/.local/lib/python3.12/site-packages/airflow/example_dags/example_short_circuit_decorator.py took 0.122 seconds
[2026-03-25T11:48:11.702+0000] {processor.py:161} INFO - Started process (PID=1548) to work on /home/airflow/.local/lib/python3.12/site-packages/airflow/example_dags/example_short_circuit_decorator.py
[2026-03-25T11:48:11.704+0000] {processor.py:830} INFO - Processing file /home/airflow/.local/lib/python3.12/site-packages/airflow/example_dags/example_short_circuit_decorator.py for tasks to queue
[2026-03-25T11:48:11.707+0000] {logging_mixin.py:188} INFO - [2026-03-25T11:48:11.706+0000] {dagbag.py:540} INFO - Filling up the DagBag from /home/airflow/.local/lib/python3.12/site-packages/airflow/example_dags/example_short_circuit_decorator.py
[2026-03-25T11:48:11.721+0000] {processor.py:840} INFO - DAG(s) 'example_short_circuit_decorator' retrieved from /home/airflow/.local/lib/python3.12/site-packages/airflow/example_dags/example_short_circuit_decorator.py
[2026-03-25T11:48:11.777+0000] {logging_mixin.py:188} INFO - [2026-03-25T11:48:11.777+0000] {dag.py:3096} INFO - Sync 1 DAGs
[2026-03-25T11:48:11.852+0000] {logging_mixin.py:188} INFO - [2026-03-25T11:48:11.849+0000] {dag.py:3954} INFO - Setting next_dagrun for example_short_circuit_decorator to 2026-03-24 00:00:00+00:00, run_after=2026-03-25 00:00:00+00:00
[2026-03-25T11:48:11.987+0000] {processor.py:183} INFO - Processing /home/airflow/.local/lib/python3.12/site-packages/airflow/example_dags/example_short_circuit_decorator.py took 0.291 seconds
[2026-03-25T11:48:43.887+0000] {processor.py:161} INFO - Started process (PID=1607) to work on /home/airflow/.local/lib/python3.12/site-packages/airflow/example_dags/example_short_circuit_decorator.py
[2026-03-25T11:48:43.888+0000] {processor.py:830} INFO - Processing file /home/airflow/.local/lib/python3.12/site-packages/airflow/example_dags/example_short_circuit_decorator.py for tasks to queue
[2026-03-25T11:48:43.890+0000] {logging_mixin.py:188} INFO - [2026-03-25T11:48:43.889+0000] {dagbag.py:540} INFO - Filling up the DagBag from /home/airflow/.local/lib/python3.12/site-packages/airflow/example_dags/example_short_circuit_decorator.py
[2026-03-25T11:48:43.898+0000] {processor.py:840} INFO - DAG(s) 'example_short_circuit_decorator' retrieved from /home/airflow/.local/lib/python3.12/site-packages/airflow/example_dags/example_short_circuit_decorator.py
[2026-03-25T11:48:43.922+0000] {logging_mixin.py:188} INFO - [2026-03-25T11:48:43.922+0000] {dag.py:3096} INFO - Sync 1 DAGs
[2026-03-25T11:48:43.943+0000] {logging_mixin.py:188} INFO - [2026-03-25T11:48:43.943+0000] {dag.py:3954} INFO - Setting next_dagrun for example_short_circuit_decorator to 2026-03-24 00:00:00+00:00, run_after=2026-03-25 00:00:00+00:00
[2026-03-25T11:48:43.988+0000] {processor.py:183} INFO - Processing /home/airflow/.local/lib/python3.12/site-packages/airflow/example_dags/example_short_circuit_decorator.py took 0.106 seconds
[2026-03-25T11:49:16.866+0000] {processor.py:161} INFO - Started process (PID=1666) to work on /home/airflow/.local/lib/python3.12/site-packages/airflow/example_dags/example_short_circuit_decorator.py
[2026-03-25T11:49:16.867+0000] {processor.py:830} INFO - Processing file /home/airflow/.local/lib/python3.12/site-packages/airflow/example_dags/example_short_circuit_decorator.py for tasks to queue
[2026-03-25T11:49:16.870+0000] {logging_mixin.py:188} INFO - [2026-03-25T11:49:16.870+0000] {dagbag.py:540} INFO - Filling up the DagBag from /home/airflow/.local/lib/python3.12/site-packages/airflow/example_dags/example_short_circuit_decorator.py
[2026-03-25T11:49:16.886+0000] {processor.py:840} INFO - DAG(s) 'example_short_circuit_decorator' retrieved from /home/airflow/.local/lib/python3.12/site-packages/airflow/example_dags/example_short_circuit_decorator.py
[2026-03-25T11:49:16.930+0000] {logging_mixin.py:188} INFO - [2026-03-25T11:49:16.929+0000] {dag.py:3096} INFO - Sync 1 DAGs
[2026-03-25T11:49:16.968+0000] {logging_mixin.py:188} INFO - [2026-03-25T11:49:16.968+0000] {dag.py:3954} INFO - Setting next_dagrun for example_short_circuit_decorator to 2026-03-24 00:00:00+00:00, run_after=2026-03-25 00:00:00+00:00
[2026-03-25T11:49:17.037+0000] {processor.py:183} INFO - Processing /home/airflow/.local/lib/python3.12/site-packages/airflow/example_dags/example_short_circuit_decorator.py took 0.178 seconds
[2026-03-25T11:49:49.699+0000] {processor.py:161} INFO - Started process (PID=1725) to work on /home/airflow/.local/lib/python3.12/site-packages/airflow/example_dags/example_short_circuit_decorator.py
[2026-03-25T11:49:49.700+0000] {processor.py:830} INFO - Processing file /home/airflow/.local/lib/python3.12/site-packages/airflow/example_dags/example_short_circuit_decorator.py for tasks to queue
[2026-03-25T11:49:49.704+0000] {logging_mixin.py:188} INFO - [2026-03-25T11:49:49.703+0000] {dagbag.py:540} INFO - Filling up the DagBag from /home/airflow/.local/lib/python3.12/site-packages/airflow/example_dags/example_short_circuit_decorator.py
[2026-03-25T11:49:49.715+0000] {processor.py:840} INFO - DAG(s) 'example_short_circuit_decorator' retrieved from /home/airflow/.local/lib/python3.12/site-packages/airflow/example_dags/example_short_circuit_decorator.py
[2026-03-25T11:49:49.756+0000] {logging_mixin.py:188} INFO - [2026-03-25T11:49:49.755+0000] {dag.py:3096} INFO - Sync 1 DAGs
[2026-03-25T11:49:49.883+0000] {logging_mixin.py:188} INFO - [2026-03-25T11:49:49.881+0000] {dag.py:3954} INFO - Setting next_dagrun for example_short_circuit_decorator to 2026-03-24 00:00:00+00:00, run_after=2026-03-25 00:00:00+00:00
[2026-03-25T11:49:49.998+0000] {processor.py:183} INFO - Processing /home/airflow/.local/lib/python3.12/site-packages/airflow/example_dags/example_short_circuit_decorator.py took 0.307 seconds
[2026-03-25T11:50:22.009+0000] {processor.py:161} INFO - Started process (PID=1784) to work on /home/airflow/.local/lib/python3.12/site-packages/airflow/example_dags/example_short_circuit_decorator.py
[2026-03-25T11:50:22.011+0000] {processor.py:830} INFO - Processing file /home/airflow/.local/lib/python3.12/site-packages/airflow/example_dags/example_short_circuit_decorator.py for tasks to queue
[2026-03-25T11:50:22.014+0000] {logging_mixin.py:188} INFO - [2026-03-25T11:50:22.014+0000] {dagbag.py:540} INFO - Filling up the DagBag from /home/airflow/.local/lib/python3.12/site-packages/airflow/example_dags/example_short_circuit_decorator.py
[2026-03-25T11:50:22.032+0000] {processor.py:840} INFO - DAG(s) 'example_short_circuit_decorator' retrieved from /home/airflow/.local/lib/python3.12/site-packages/airflow/example_dags/example_short_circuit_decorator.py
[2026-03-25T11:50:22.091+0000] {logging_mixin.py:188} INFO - [2026-03-25T11:50:22.091+0000] {dag.py:3096} INFO - Sync 1 DAGs
[2026-03-25T11:50:22.137+0000] {logging_mixin.py:188} INFO - [2026-03-25T11:50:22.136+0000] {dag.py:3954} INFO - Setting next_dagrun for example_short_circuit_decorator to 2026-03-24 00:00:00+00:00, run_after=2026-03-25 00:00:00+00:00
[2026-03-25T11:50:22.282+0000] {processor.py:183} INFO - Processing /home/airflow/.local/lib/python3.12/site-packages/airflow/example_dags/example_short_circuit_decorator.py took 0.283 seconds
