[2026-03-25T11:15:32.420+0000] {processor.py:161} INFO - Started process (PID=87) to work on /home/airflow/.local/lib/python3.12/site-packages/airflow/example_dags/example_setup_teardown_taskflow.py
[2026-03-25T11:15:32.422+0000] {processor.py:830} INFO - Processing file /home/airflow/.local/lib/python3.12/site-packages/airflow/example_dags/example_setup_teardown_taskflow.py for tasks to queue
[2026-03-25T11:15:32.425+0000] {logging_mixin.py:188} INFO - [2026-03-25T11:15:32.425+0000] {dagbag.py:540} INFO - Filling up the DagBag from /home/airflow/.local/lib/python3.12/site-packages/airflow/example_dags/example_setup_teardown_taskflow.py
[2026-03-25T11:15:32.439+0000] {processor.py:840} INFO - DAG(s) 'example_setup_teardown_taskflow' retrieved from /home/airflow/.local/lib/python3.12/site-packages/airflow/example_dags/example_setup_teardown_taskflow.py
[2026-03-25T11:15:32.580+0000] {logging_mixin.py:188} INFO - [2026-03-25T11:15:32.580+0000] {dag.py:3096} INFO - Sync 1 DAGs
[2026-03-25T11:15:32.605+0000] {logging_mixin.py:188} INFO - [2026-03-25T11:15:32.604+0000] {dag.py:3954} INFO - Setting next_dagrun for example_setup_teardown_taskflow to 2026-03-24 00:00:00+00:00, run_after=2026-03-25 00:00:00+00:00
[2026-03-25T11:15:32.653+0000] {processor.py:183} INFO - Processing /home/airflow/.local/lib/python3.12/site-packages/airflow/example_dags/example_setup_teardown_taskflow.py took 0.240 seconds
[2026-03-25T11:16:02.771+0000] {processor.py:161} INFO - Started process (PID=146) to work on /home/airflow/.local/lib/python3.12/site-packages/airflow/example_dags/example_setup_teardown_taskflow.py
[2026-03-25T11:16:02.772+0000] {processor.py:830} INFO - Processing file /home/airflow/.local/lib/python3.12/site-packages/airflow/example_dags/example_setup_teardown_taskflow.py for tasks to queue
[2026-03-25T11:16:02.774+0000] {logging_mixin.py:188} INFO - [2026-03-25T11:16:02.773+0000] {dagbag.py:540} INFO - Filling up the DagBag from /home/airflow/.local/lib/python3.12/site-packages/airflow/example_dags/example_setup_teardown_taskflow.py
[2026-03-25T11:16:02.783+0000] {processor.py:840} INFO - DAG(s) 'example_setup_teardown_taskflow' retrieved from /home/airflow/.local/lib/python3.12/site-packages/airflow/example_dags/example_setup_teardown_taskflow.py
[2026-03-25T11:16:02.808+0000] {logging_mixin.py:188} INFO - [2026-03-25T11:16:02.808+0000] {dag.py:3096} INFO - Sync 1 DAGs
[2026-03-25T11:16:02.837+0000] {logging_mixin.py:188} INFO - [2026-03-25T11:16:02.836+0000] {dag.py:3954} INFO - Setting next_dagrun for example_setup_teardown_taskflow to 2026-03-24 00:00:00+00:00, run_after=2026-03-25 00:00:00+00:00
[2026-03-25T11:16:02.892+0000] {processor.py:183} INFO - Processing /home/airflow/.local/lib/python3.12/site-packages/airflow/example_dags/example_setup_teardown_taskflow.py took 0.128 seconds
[2026-03-25T11:16:35.742+0000] {processor.py:161} INFO - Started process (PID=205) to work on /home/airflow/.local/lib/python3.12/site-packages/airflow/example_dags/example_setup_teardown_taskflow.py
[2026-03-25T11:16:35.743+0000] {processor.py:830} INFO - Processing file /home/airflow/.local/lib/python3.12/site-packages/airflow/example_dags/example_setup_teardown_taskflow.py for tasks to queue
[2026-03-25T11:16:35.746+0000] {logging_mixin.py:188} INFO - [2026-03-25T11:16:35.745+0000] {dagbag.py:540} INFO - Filling up the DagBag from /home/airflow/.local/lib/python3.12/site-packages/airflow/example_dags/example_setup_teardown_taskflow.py
[2026-03-25T11:16:35.760+0000] {processor.py:840} INFO - DAG(s) 'example_setup_teardown_taskflow' retrieved from /home/airflow/.local/lib/python3.12/site-packages/airflow/example_dags/example_setup_teardown_taskflow.py
[2026-03-25T11:16:35.790+0000] {logging_mixin.py:188} INFO - [2026-03-25T11:16:35.790+0000] {dag.py:3096} INFO - Sync 1 DAGs
[2026-03-25T11:16:35.821+0000] {logging_mixin.py:188} INFO - [2026-03-25T11:16:35.821+0000] {dag.py:3954} INFO - Setting next_dagrun for example_setup_teardown_taskflow to 2026-03-24 00:00:00+00:00, run_after=2026-03-25 00:00:00+00:00
[2026-03-25T11:16:35.881+0000] {processor.py:183} INFO - Processing /home/airflow/.local/lib/python3.12/site-packages/airflow/example_dags/example_setup_teardown_taskflow.py took 0.146 seconds
[2026-03-25T11:17:10.147+0000] {processor.py:161} INFO - Started process (PID=264) to work on /home/airflow/.local/lib/python3.12/site-packages/airflow/example_dags/example_setup_teardown_taskflow.py
[2026-03-25T11:17:10.149+0000] {processor.py:830} INFO - Processing file /home/airflow/.local/lib/python3.12/site-packages/airflow/example_dags/example_setup_teardown_taskflow.py for tasks to queue
[2026-03-25T11:17:10.151+0000] {logging_mixin.py:188} INFO - [2026-03-25T11:17:10.151+0000] {dagbag.py:540} INFO - Filling up the DagBag from /home/airflow/.local/lib/python3.12/site-packages/airflow/example_dags/example_setup_teardown_taskflow.py
[2026-03-25T11:17:10.163+0000] {processor.py:840} INFO - DAG(s) 'example_setup_teardown_taskflow' retrieved from /home/airflow/.local/lib/python3.12/site-packages/airflow/example_dags/example_setup_teardown_taskflow.py
[2026-03-25T11:17:10.193+0000] {logging_mixin.py:188} INFO - [2026-03-25T11:17:10.193+0000] {dag.py:3096} INFO - Sync 1 DAGs
[2026-03-25T11:17:10.220+0000] {logging_mixin.py:188} INFO - [2026-03-25T11:17:10.220+0000] {dag.py:3954} INFO - Setting next_dagrun for example_setup_teardown_taskflow to 2026-03-24 00:00:00+00:00, run_after=2026-03-25 00:00:00+00:00
[2026-03-25T11:17:10.296+0000] {processor.py:183} INFO - Processing /home/airflow/.local/lib/python3.12/site-packages/airflow/example_dags/example_setup_teardown_taskflow.py took 0.155 seconds
[2026-03-25T11:17:40.360+0000] {processor.py:161} INFO - Started process (PID=322) to work on /home/airflow/.local/lib/python3.12/site-packages/airflow/example_dags/example_setup_teardown_taskflow.py
[2026-03-25T11:17:40.361+0000] {processor.py:830} INFO - Processing file /home/airflow/.local/lib/python3.12/site-packages/airflow/example_dags/example_setup_teardown_taskflow.py for tasks to queue
[2026-03-25T11:17:40.363+0000] {logging_mixin.py:188} INFO - [2026-03-25T11:17:40.363+0000] {dagbag.py:540} INFO - Filling up the DagBag from /home/airflow/.local/lib/python3.12/site-packages/airflow/example_dags/example_setup_teardown_taskflow.py
[2026-03-25T11:17:40.373+0000] {processor.py:840} INFO - DAG(s) 'example_setup_teardown_taskflow' retrieved from /home/airflow/.local/lib/python3.12/site-packages/airflow/example_dags/example_setup_teardown_taskflow.py
[2026-03-25T11:17:40.394+0000] {logging_mixin.py:188} INFO - [2026-03-25T11:17:40.394+0000] {dag.py:3096} INFO - Sync 1 DAGs
[2026-03-25T11:17:40.415+0000] {logging_mixin.py:188} INFO - [2026-03-25T11:17:40.415+0000] {dag.py:3954} INFO - Setting next_dagrun for example_setup_teardown_taskflow to 2026-03-24 00:00:00+00:00, run_after=2026-03-25 00:00:00+00:00
[2026-03-25T11:17:40.449+0000] {processor.py:183} INFO - Processing /home/airflow/.local/lib/python3.12/site-packages/airflow/example_dags/example_setup_teardown_taskflow.py took 0.094 seconds
[2026-03-25T11:18:12.311+0000] {processor.py:161} INFO - Started process (PID=382) to work on /home/airflow/.local/lib/python3.12/site-packages/airflow/example_dags/example_setup_teardown_taskflow.py
[2026-03-25T11:18:12.312+0000] {processor.py:830} INFO - Processing file /home/airflow/.local/lib/python3.12/site-packages/airflow/example_dags/example_setup_teardown_taskflow.py for tasks to queue
[2026-03-25T11:18:12.314+0000] {logging_mixin.py:188} INFO - [2026-03-25T11:18:12.314+0000] {dagbag.py:540} INFO - Filling up the DagBag from /home/airflow/.local/lib/python3.12/site-packages/airflow/example_dags/example_setup_teardown_taskflow.py
[2026-03-25T11:18:12.323+0000] {processor.py:840} INFO - DAG(s) 'example_setup_teardown_taskflow' retrieved from /home/airflow/.local/lib/python3.12/site-packages/airflow/example_dags/example_setup_teardown_taskflow.py
[2026-03-25T11:18:12.345+0000] {logging_mixin.py:188} INFO - [2026-03-25T11:18:12.345+0000] {dag.py:3096} INFO - Sync 1 DAGs
[2026-03-25T11:18:12.368+0000] {logging_mixin.py:188} INFO - [2026-03-25T11:18:12.368+0000] {dag.py:3954} INFO - Setting next_dagrun for example_setup_teardown_taskflow to 2026-03-24 00:00:00+00:00, run_after=2026-03-25 00:00:00+00:00
[2026-03-25T11:18:12.413+0000] {processor.py:183} INFO - Processing /home/airflow/.local/lib/python3.12/site-packages/airflow/example_dags/example_setup_teardown_taskflow.py took 0.108 seconds
[2026-03-25T11:18:44.908+0000] {processor.py:161} INFO - Started process (PID=441) to work on /home/airflow/.local/lib/python3.12/site-packages/airflow/example_dags/example_setup_teardown_taskflow.py
[2026-03-25T11:18:44.910+0000] {processor.py:830} INFO - Processing file /home/airflow/.local/lib/python3.12/site-packages/airflow/example_dags/example_setup_teardown_taskflow.py for tasks to queue
[2026-03-25T11:18:44.912+0000] {logging_mixin.py:188} INFO - [2026-03-25T11:18:44.911+0000] {dagbag.py:540} INFO - Filling up the DagBag from /home/airflow/.local/lib/python3.12/site-packages/airflow/example_dags/example_setup_teardown_taskflow.py
[2026-03-25T11:18:44.921+0000] {processor.py:840} INFO - DAG(s) 'example_setup_teardown_taskflow' retrieved from /home/airflow/.local/lib/python3.12/site-packages/airflow/example_dags/example_setup_teardown_taskflow.py
[2026-03-25T11:18:44.943+0000] {logging_mixin.py:188} INFO - [2026-03-25T11:18:44.942+0000] {dag.py:3096} INFO - Sync 1 DAGs
[2026-03-25T11:18:44.965+0000] {logging_mixin.py:188} INFO - [2026-03-25T11:18:44.965+0000] {dag.py:3954} INFO - Setting next_dagrun for example_setup_teardown_taskflow to 2026-03-24 00:00:00+00:00, run_after=2026-03-25 00:00:00+00:00
[2026-03-25T11:18:44.998+0000] {processor.py:183} INFO - Processing /home/airflow/.local/lib/python3.12/site-packages/airflow/example_dags/example_setup_teardown_taskflow.py took 0.096 seconds
[2026-03-25T11:19:17.702+0000] {processor.py:161} INFO - Started process (PID=500) to work on /home/airflow/.local/lib/python3.12/site-packages/airflow/example_dags/example_setup_teardown_taskflow.py
[2026-03-25T11:19:17.703+0000] {processor.py:830} INFO - Processing file /home/airflow/.local/lib/python3.12/site-packages/airflow/example_dags/example_setup_teardown_taskflow.py for tasks to queue
[2026-03-25T11:19:17.705+0000] {logging_mixin.py:188} INFO - [2026-03-25T11:19:17.705+0000] {dagbag.py:540} INFO - Filling up the DagBag from /home/airflow/.local/lib/python3.12/site-packages/airflow/example_dags/example_setup_teardown_taskflow.py
[2026-03-25T11:19:17.716+0000] {processor.py:840} INFO - DAG(s) 'example_setup_teardown_taskflow' retrieved from /home/airflow/.local/lib/python3.12/site-packages/airflow/example_dags/example_setup_teardown_taskflow.py
[2026-03-25T11:19:17.741+0000] {logging_mixin.py:188} INFO - [2026-03-25T11:19:17.741+0000] {dag.py:3096} INFO - Sync 1 DAGs
[2026-03-25T11:19:17.769+0000] {logging_mixin.py:188} INFO - [2026-03-25T11:19:17.769+0000] {dag.py:3954} INFO - Setting next_dagrun for example_setup_teardown_taskflow to 2026-03-24 00:00:00+00:00, run_after=2026-03-25 00:00:00+00:00
[2026-03-25T11:19:17.824+0000] {processor.py:183} INFO - Processing /home/airflow/.local/lib/python3.12/site-packages/airflow/example_dags/example_setup_teardown_taskflow.py took 0.129 seconds
[2026-03-25T11:19:51.076+0000] {processor.py:161} INFO - Started process (PID=559) to work on /home/airflow/.local/lib/python3.12/site-packages/airflow/example_dags/example_setup_teardown_taskflow.py
[2026-03-25T11:19:51.077+0000] {processor.py:830} INFO - Processing file /home/airflow/.local/lib/python3.12/site-packages/airflow/example_dags/example_setup_teardown_taskflow.py for tasks to queue
[2026-03-25T11:19:51.080+0000] {logging_mixin.py:188} INFO - [2026-03-25T11:19:51.080+0000] {dagbag.py:540} INFO - Filling up the DagBag from /home/airflow/.local/lib/python3.12/site-packages/airflow/example_dags/example_setup_teardown_taskflow.py
[2026-03-25T11:19:51.097+0000] {processor.py:840} INFO - DAG(s) 'example_setup_teardown_taskflow' retrieved from /home/airflow/.local/lib/python3.12/site-packages/airflow/example_dags/example_setup_teardown_taskflow.py
[2026-03-25T11:19:51.127+0000] {logging_mixin.py:188} INFO - [2026-03-25T11:19:51.127+0000] {dag.py:3096} INFO - Sync 1 DAGs
[2026-03-25T11:19:51.161+0000] {logging_mixin.py:188} INFO - [2026-03-25T11:19:51.160+0000] {dag.py:3954} INFO - Setting next_dagrun for example_setup_teardown_taskflow to 2026-03-24 00:00:00+00:00, run_after=2026-03-25 00:00:00+00:00
[2026-03-25T11:19:51.209+0000] {processor.py:183} INFO - Processing /home/airflow/.local/lib/python3.12/site-packages/airflow/example_dags/example_setup_teardown_taskflow.py took 0.140 seconds
[2026-03-25T11:20:23.260+0000] {processor.py:161} INFO - Started process (PID=618) to work on /home/airflow/.local/lib/python3.12/site-packages/airflow/example_dags/example_setup_teardown_taskflow.py
[2026-03-25T11:20:23.261+0000] {processor.py:830} INFO - Processing file /home/airflow/.local/lib/python3.12/site-packages/airflow/example_dags/example_setup_teardown_taskflow.py for tasks to queue
[2026-03-25T11:20:23.263+0000] {logging_mixin.py:188} INFO - [2026-03-25T11:20:23.263+0000] {dagbag.py:540} INFO - Filling up the DagBag from /home/airflow/.local/lib/python3.12/site-packages/airflow/example_dags/example_setup_teardown_taskflow.py
[2026-03-25T11:20:23.272+0000] {processor.py:840} INFO - DAG(s) 'example_setup_teardown_taskflow' retrieved from /home/airflow/.local/lib/python3.12/site-packages/airflow/example_dags/example_setup_teardown_taskflow.py
[2026-03-25T11:20:23.294+0000] {logging_mixin.py:188} INFO - [2026-03-25T11:20:23.294+0000] {dag.py:3096} INFO - Sync 1 DAGs
[2026-03-25T11:20:23.315+0000] {logging_mixin.py:188} INFO - [2026-03-25T11:20:23.315+0000] {dag.py:3954} INFO - Setting next_dagrun for example_setup_teardown_taskflow to 2026-03-24 00:00:00+00:00, run_after=2026-03-25 00:00:00+00:00
[2026-03-25T11:20:23.353+0000] {processor.py:183} INFO - Processing /home/airflow/.local/lib/python3.12/site-packages/airflow/example_dags/example_setup_teardown_taskflow.py took 0.098 seconds
[2026-03-25T11:20:55.927+0000] {processor.py:161} INFO - Started process (PID=677) to work on /home/airflow/.local/lib/python3.12/site-packages/airflow/example_dags/example_setup_teardown_taskflow.py
[2026-03-25T11:20:55.928+0000] {processor.py:830} INFO - Processing file /home/airflow/.local/lib/python3.12/site-packages/airflow/example_dags/example_setup_teardown_taskflow.py for tasks to queue
[2026-03-25T11:20:55.930+0000] {logging_mixin.py:188} INFO - [2026-03-25T11:20:55.930+0000] {dagbag.py:540} INFO - Filling up the DagBag from /home/airflow/.local/lib/python3.12/site-packages/airflow/example_dags/example_setup_teardown_taskflow.py
[2026-03-25T11:20:55.939+0000] {processor.py:840} INFO - DAG(s) 'example_setup_teardown_taskflow' retrieved from /home/airflow/.local/lib/python3.12/site-packages/airflow/example_dags/example_setup_teardown_taskflow.py
[2026-03-25T11:20:55.962+0000] {logging_mixin.py:188} INFO - [2026-03-25T11:20:55.962+0000] {dag.py:3096} INFO - Sync 1 DAGs
[2026-03-25T11:20:55.986+0000] {logging_mixin.py:188} INFO - [2026-03-25T11:20:55.986+0000] {dag.py:3954} INFO - Setting next_dagrun for example_setup_teardown_taskflow to 2026-03-24 00:00:00+00:00, run_after=2026-03-25 00:00:00+00:00
[2026-03-25T11:20:56.029+0000] {processor.py:183} INFO - Processing /home/airflow/.local/lib/python3.12/site-packages/airflow/example_dags/example_setup_teardown_taskflow.py took 0.108 seconds
[2026-03-25T11:21:28.542+0000] {processor.py:161} INFO - Started process (PID=736) to work on /home/airflow/.local/lib/python3.12/site-packages/airflow/example_dags/example_setup_teardown_taskflow.py
[2026-03-25T11:21:28.543+0000] {processor.py:830} INFO - Processing file /home/airflow/.local/lib/python3.12/site-packages/airflow/example_dags/example_setup_teardown_taskflow.py for tasks to queue
[2026-03-25T11:21:28.546+0000] {logging_mixin.py:188} INFO - [2026-03-25T11:21:28.546+0000] {dagbag.py:540} INFO - Filling up the DagBag from /home/airflow/.local/lib/python3.12/site-packages/airflow/example_dags/example_setup_teardown_taskflow.py
[2026-03-25T11:21:28.556+0000] {processor.py:840} INFO - DAG(s) 'example_setup_teardown_taskflow' retrieved from /home/airflow/.local/lib/python3.12/site-packages/airflow/example_dags/example_setup_teardown_taskflow.py
[2026-03-25T11:21:28.583+0000] {logging_mixin.py:188} INFO - [2026-03-25T11:21:28.583+0000] {dag.py:3096} INFO - Sync 1 DAGs
[2026-03-25T11:21:28.616+0000] {logging_mixin.py:188} INFO - [2026-03-25T11:21:28.616+0000] {dag.py:3954} INFO - Setting next_dagrun for example_setup_teardown_taskflow to 2026-03-24 00:00:00+00:00, run_after=2026-03-25 00:00:00+00:00
[2026-03-25T11:21:28.650+0000] {processor.py:183} INFO - Processing /home/airflow/.local/lib/python3.12/site-packages/airflow/example_dags/example_setup_teardown_taskflow.py took 0.114 seconds
[2026-03-25T11:22:01.772+0000] {processor.py:161} INFO - Started process (PID=795) to work on /home/airflow/.local/lib/python3.12/site-packages/airflow/example_dags/example_setup_teardown_taskflow.py
[2026-03-25T11:22:01.775+0000] {processor.py:830} INFO - Processing file /home/airflow/.local/lib/python3.12/site-packages/airflow/example_dags/example_setup_teardown_taskflow.py for tasks to queue
[2026-03-25T11:22:01.779+0000] {logging_mixin.py:188} INFO - [2026-03-25T11:22:01.778+0000] {dagbag.py:540} INFO - Filling up the DagBag from /home/airflow/.local/lib/python3.12/site-packages/airflow/example_dags/example_setup_teardown_taskflow.py
[2026-03-25T11:22:01.804+0000] {processor.py:840} INFO - DAG(s) 'example_setup_teardown_taskflow' retrieved from /home/airflow/.local/lib/python3.12/site-packages/airflow/example_dags/example_setup_teardown_taskflow.py
[2026-03-25T11:22:01.841+0000] {logging_mixin.py:188} INFO - [2026-03-25T11:22:01.840+0000] {dag.py:3096} INFO - Sync 1 DAGs
[2026-03-25T11:22:01.880+0000] {logging_mixin.py:188} INFO - [2026-03-25T11:22:01.879+0000] {dag.py:3954} INFO - Setting next_dagrun for example_setup_teardown_taskflow to 2026-03-24 00:00:00+00:00, run_after=2026-03-25 00:00:00+00:00
[2026-03-25T11:22:01.937+0000] {processor.py:183} INFO - Processing /home/airflow/.local/lib/python3.12/site-packages/airflow/example_dags/example_setup_teardown_taskflow.py took 0.176 seconds
[2026-03-25T11:22:34.079+0000] {processor.py:161} INFO - Started process (PID=854) to work on /home/airflow/.local/lib/python3.12/site-packages/airflow/example_dags/example_setup_teardown_taskflow.py
[2026-03-25T11:22:34.081+0000] {processor.py:830} INFO - Processing file /home/airflow/.local/lib/python3.12/site-packages/airflow/example_dags/example_setup_teardown_taskflow.py for tasks to queue
[2026-03-25T11:22:34.082+0000] {logging_mixin.py:188} INFO - [2026-03-25T11:22:34.082+0000] {dagbag.py:540} INFO - Filling up the DagBag from /home/airflow/.local/lib/python3.12/site-packages/airflow/example_dags/example_setup_teardown_taskflow.py
[2026-03-25T11:22:34.091+0000] {processor.py:840} INFO - DAG(s) 'example_setup_teardown_taskflow' retrieved from /home/airflow/.local/lib/python3.12/site-packages/airflow/example_dags/example_setup_teardown_taskflow.py
[2026-03-25T11:22:34.116+0000] {logging_mixin.py:188} INFO - [2026-03-25T11:22:34.116+0000] {dag.py:3096} INFO - Sync 1 DAGs
[2026-03-25T11:22:34.138+0000] {logging_mixin.py:188} INFO - [2026-03-25T11:22:34.138+0000] {dag.py:3954} INFO - Setting next_dagrun for example_setup_teardown_taskflow to 2026-03-24 00:00:00+00:00, run_after=2026-03-25 00:00:00+00:00
[2026-03-25T11:22:34.200+0000] {processor.py:183} INFO - Processing /home/airflow/.local/lib/python3.12/site-packages/airflow/example_dags/example_setup_teardown_taskflow.py took 0.126 seconds
[2026-03-25T11:23:07.129+0000] {processor.py:161} INFO - Started process (PID=913) to work on /home/airflow/.local/lib/python3.12/site-packages/airflow/example_dags/example_setup_teardown_taskflow.py
[2026-03-25T11:23:07.130+0000] {processor.py:830} INFO - Processing file /home/airflow/.local/lib/python3.12/site-packages/airflow/example_dags/example_setup_teardown_taskflow.py for tasks to queue
[2026-03-25T11:23:07.132+0000] {logging_mixin.py:188} INFO - [2026-03-25T11:23:07.132+0000] {dagbag.py:540} INFO - Filling up the DagBag from /home/airflow/.local/lib/python3.12/site-packages/airflow/example_dags/example_setup_teardown_taskflow.py
[2026-03-25T11:23:07.143+0000] {processor.py:840} INFO - DAG(s) 'example_setup_teardown_taskflow' retrieved from /home/airflow/.local/lib/python3.12/site-packages/airflow/example_dags/example_setup_teardown_taskflow.py
[2026-03-25T11:23:07.214+0000] {logging_mixin.py:188} INFO - [2026-03-25T11:23:07.214+0000] {dag.py:3096} INFO - Sync 1 DAGs
[2026-03-25T11:23:07.259+0000] {logging_mixin.py:188} INFO - [2026-03-25T11:23:07.259+0000] {dag.py:3954} INFO - Setting next_dagrun for example_setup_teardown_taskflow to 2026-03-24 00:00:00+00:00, run_after=2026-03-25 00:00:00+00:00
[2026-03-25T11:23:07.353+0000] {processor.py:183} INFO - Processing /home/airflow/.local/lib/python3.12/site-packages/airflow/example_dags/example_setup_teardown_taskflow.py took 0.232 seconds
[2026-03-25T11:23:39.834+0000] {processor.py:161} INFO - Started process (PID=972) to work on /home/airflow/.local/lib/python3.12/site-packages/airflow/example_dags/example_setup_teardown_taskflow.py
[2026-03-25T11:23:39.836+0000] {processor.py:830} INFO - Processing file /home/airflow/.local/lib/python3.12/site-packages/airflow/example_dags/example_setup_teardown_taskflow.py for tasks to queue
[2026-03-25T11:23:39.838+0000] {logging_mixin.py:188} INFO - [2026-03-25T11:23:39.837+0000] {dagbag.py:540} INFO - Filling up the DagBag from /home/airflow/.local/lib/python3.12/site-packages/airflow/example_dags/example_setup_teardown_taskflow.py
[2026-03-25T11:23:39.846+0000] {processor.py:840} INFO - DAG(s) 'example_setup_teardown_taskflow' retrieved from /home/airflow/.local/lib/python3.12/site-packages/airflow/example_dags/example_setup_teardown_taskflow.py
[2026-03-25T11:23:39.869+0000] {logging_mixin.py:188} INFO - [2026-03-25T11:23:39.869+0000] {dag.py:3096} INFO - Sync 1 DAGs
[2026-03-25T11:23:39.891+0000] {logging_mixin.py:188} INFO - [2026-03-25T11:23:39.891+0000] {dag.py:3954} INFO - Setting next_dagrun for example_setup_teardown_taskflow to 2026-03-24 00:00:00+00:00, run_after=2026-03-25 00:00:00+00:00
[2026-03-25T11:23:39.961+0000] {processor.py:183} INFO - Processing /home/airflow/.local/lib/python3.12/site-packages/airflow/example_dags/example_setup_teardown_taskflow.py took 0.132 seconds
[2026-03-25T11:24:11.878+0000] {processor.py:161} INFO - Started process (PID=1031) to work on /home/airflow/.local/lib/python3.12/site-packages/airflow/example_dags/example_setup_teardown_taskflow.py
[2026-03-25T11:24:11.879+0000] {processor.py:830} INFO - Processing file /home/airflow/.local/lib/python3.12/site-packages/airflow/example_dags/example_setup_teardown_taskflow.py for tasks to queue
[2026-03-25T11:24:11.881+0000] {logging_mixin.py:188} INFO - [2026-03-25T11:24:11.881+0000] {dagbag.py:540} INFO - Filling up the DagBag from /home/airflow/.local/lib/python3.12/site-packages/airflow/example_dags/example_setup_teardown_taskflow.py
[2026-03-25T11:24:11.892+0000] {processor.py:840} INFO - DAG(s) 'example_setup_teardown_taskflow' retrieved from /home/airflow/.local/lib/python3.12/site-packages/airflow/example_dags/example_setup_teardown_taskflow.py
[2026-03-25T11:24:11.922+0000] {logging_mixin.py:188} INFO - [2026-03-25T11:24:11.921+0000] {dag.py:3096} INFO - Sync 1 DAGs
[2026-03-25T11:24:11.947+0000] {logging_mixin.py:188} INFO - [2026-03-25T11:24:11.946+0000] {dag.py:3954} INFO - Setting next_dagrun for example_setup_teardown_taskflow to 2026-03-24 00:00:00+00:00, run_after=2026-03-25 00:00:00+00:00
[2026-03-25T11:24:12.010+0000] {processor.py:183} INFO - Processing /home/airflow/.local/lib/python3.12/site-packages/airflow/example_dags/example_setup_teardown_taskflow.py took 0.137 seconds
[2026-03-25T11:24:45.590+0000] {processor.py:161} INFO - Started process (PID=1091) to work on /home/airflow/.local/lib/python3.12/site-packages/airflow/example_dags/example_setup_teardown_taskflow.py
[2026-03-25T11:24:45.594+0000] {processor.py:830} INFO - Processing file /home/airflow/.local/lib/python3.12/site-packages/airflow/example_dags/example_setup_teardown_taskflow.py for tasks to queue
[2026-03-25T11:24:45.600+0000] {logging_mixin.py:188} INFO - [2026-03-25T11:24:45.598+0000] {dagbag.py:540} INFO - Filling up the DagBag from /home/airflow/.local/lib/python3.12/site-packages/airflow/example_dags/example_setup_teardown_taskflow.py
[2026-03-25T11:24:45.624+0000] {processor.py:840} INFO - DAG(s) 'example_setup_teardown_taskflow' retrieved from /home/airflow/.local/lib/python3.12/site-packages/airflow/example_dags/example_setup_teardown_taskflow.py
[2026-03-25T11:24:45.685+0000] {logging_mixin.py:188} INFO - [2026-03-25T11:24:45.685+0000] {dag.py:3096} INFO - Sync 1 DAGs
[2026-03-25T11:24:45.739+0000] {logging_mixin.py:188} INFO - [2026-03-25T11:24:45.738+0000] {dag.py:3954} INFO - Setting next_dagrun for example_setup_teardown_taskflow to 2026-03-24 00:00:00+00:00, run_after=2026-03-25 00:00:00+00:00
[2026-03-25T11:24:45.839+0000] {processor.py:183} INFO - Processing /home/airflow/.local/lib/python3.12/site-packages/airflow/example_dags/example_setup_teardown_taskflow.py took 0.264 seconds
[2026-03-25T11:25:17.415+0000] {processor.py:161} INFO - Started process (PID=1144) to work on /home/airflow/.local/lib/python3.12/site-packages/airflow/example_dags/example_setup_teardown_taskflow.py
[2026-03-25T11:25:17.416+0000] {processor.py:830} INFO - Processing file /home/airflow/.local/lib/python3.12/site-packages/airflow/example_dags/example_setup_teardown_taskflow.py for tasks to queue
[2026-03-25T11:25:17.418+0000] {logging_mixin.py:188} INFO - [2026-03-25T11:25:17.418+0000] {dagbag.py:540} INFO - Filling up the DagBag from /home/airflow/.local/lib/python3.12/site-packages/airflow/example_dags/example_setup_teardown_taskflow.py
[2026-03-25T11:25:17.427+0000] {processor.py:840} INFO - DAG(s) 'example_setup_teardown_taskflow' retrieved from /home/airflow/.local/lib/python3.12/site-packages/airflow/example_dags/example_setup_teardown_taskflow.py
[2026-03-25T11:25:17.452+0000] {logging_mixin.py:188} INFO - [2026-03-25T11:25:17.452+0000] {dag.py:3096} INFO - Sync 1 DAGs
[2026-03-25T11:25:17.474+0000] {logging_mixin.py:188} INFO - [2026-03-25T11:25:17.474+0000] {dag.py:3954} INFO - Setting next_dagrun for example_setup_teardown_taskflow to 2026-03-24 00:00:00+00:00, run_after=2026-03-25 00:00:00+00:00
[2026-03-25T11:25:17.600+0000] {processor.py:183} INFO - Processing /home/airflow/.local/lib/python3.12/site-packages/airflow/example_dags/example_setup_teardown_taskflow.py took 0.192 seconds
[2026-03-25T11:25:50.636+0000] {processor.py:161} INFO - Started process (PID=1209) to work on /home/airflow/.local/lib/python3.12/site-packages/airflow/example_dags/example_setup_teardown_taskflow.py
[2026-03-25T11:25:50.637+0000] {processor.py:830} INFO - Processing file /home/airflow/.local/lib/python3.12/site-packages/airflow/example_dags/example_setup_teardown_taskflow.py for tasks to queue
[2026-03-25T11:25:50.639+0000] {logging_mixin.py:188} INFO - [2026-03-25T11:25:50.639+0000] {dagbag.py:540} INFO - Filling up the DagBag from /home/airflow/.local/lib/python3.12/site-packages/airflow/example_dags/example_setup_teardown_taskflow.py
[2026-03-25T11:25:50.648+0000] {processor.py:840} INFO - DAG(s) 'example_setup_teardown_taskflow' retrieved from /home/airflow/.local/lib/python3.12/site-packages/airflow/example_dags/example_setup_teardown_taskflow.py
[2026-03-25T11:25:50.671+0000] {logging_mixin.py:188} INFO - [2026-03-25T11:25:50.670+0000] {dag.py:3096} INFO - Sync 1 DAGs
[2026-03-25T11:25:50.694+0000] {logging_mixin.py:188} INFO - [2026-03-25T11:25:50.694+0000] {dag.py:3954} INFO - Setting next_dagrun for example_setup_teardown_taskflow to 2026-03-24 00:00:00+00:00, run_after=2026-03-25 00:00:00+00:00
[2026-03-25T11:25:50.747+0000] {processor.py:183} INFO - Processing /home/airflow/.local/lib/python3.12/site-packages/airflow/example_dags/example_setup_teardown_taskflow.py took 0.116 seconds
[2026-03-25T11:26:23.487+0000] {processor.py:161} INFO - Started process (PID=1269) to work on /home/airflow/.local/lib/python3.12/site-packages/airflow/example_dags/example_setup_teardown_taskflow.py
[2026-03-25T11:26:23.488+0000] {processor.py:830} INFO - Processing file /home/airflow/.local/lib/python3.12/site-packages/airflow/example_dags/example_setup_teardown_taskflow.py for tasks to queue
[2026-03-25T11:26:23.490+0000] {logging_mixin.py:188} INFO - [2026-03-25T11:26:23.490+0000] {dagbag.py:540} INFO - Filling up the DagBag from /home/airflow/.local/lib/python3.12/site-packages/airflow/example_dags/example_setup_teardown_taskflow.py
[2026-03-25T11:26:23.499+0000] {processor.py:840} INFO - DAG(s) 'example_setup_teardown_taskflow' retrieved from /home/airflow/.local/lib/python3.12/site-packages/airflow/example_dags/example_setup_teardown_taskflow.py
[2026-03-25T11:26:23.521+0000] {logging_mixin.py:188} INFO - [2026-03-25T11:26:23.521+0000] {dag.py:3096} INFO - Sync 1 DAGs
[2026-03-25T11:26:23.542+0000] {logging_mixin.py:188} INFO - [2026-03-25T11:26:23.542+0000] {dag.py:3954} INFO - Setting next_dagrun for example_setup_teardown_taskflow to 2026-03-24 00:00:00+00:00, run_after=2026-03-25 00:00:00+00:00
[2026-03-25T11:26:23.581+0000] {processor.py:183} INFO - Processing /home/airflow/.local/lib/python3.12/site-packages/airflow/example_dags/example_setup_teardown_taskflow.py took 0.100 seconds
[2026-03-25T11:26:56.336+0000] {processor.py:161} INFO - Started process (PID=1328) to work on /home/airflow/.local/lib/python3.12/site-packages/airflow/example_dags/example_setup_teardown_taskflow.py
[2026-03-25T11:26:56.338+0000] {processor.py:830} INFO - Processing file /home/airflow/.local/lib/python3.12/site-packages/airflow/example_dags/example_setup_teardown_taskflow.py for tasks to queue
[2026-03-25T11:26:56.340+0000] {logging_mixin.py:188} INFO - [2026-03-25T11:26:56.339+0000] {dagbag.py:540} INFO - Filling up the DagBag from /home/airflow/.local/lib/python3.12/site-packages/airflow/example_dags/example_setup_teardown_taskflow.py
[2026-03-25T11:26:56.353+0000] {processor.py:840} INFO - DAG(s) 'example_setup_teardown_taskflow' retrieved from /home/airflow/.local/lib/python3.12/site-packages/airflow/example_dags/example_setup_teardown_taskflow.py
[2026-03-25T11:26:56.386+0000] {logging_mixin.py:188} INFO - [2026-03-25T11:26:56.385+0000] {dag.py:3096} INFO - Sync 1 DAGs
[2026-03-25T11:26:56.418+0000] {logging_mixin.py:188} INFO - [2026-03-25T11:26:56.418+0000] {dag.py:3954} INFO - Setting next_dagrun for example_setup_teardown_taskflow to 2026-03-24 00:00:00+00:00, run_after=2026-03-25 00:00:00+00:00
[2026-03-25T11:26:56.467+0000] {processor.py:183} INFO - Processing /home/airflow/.local/lib/python3.12/site-packages/airflow/example_dags/example_setup_teardown_taskflow.py took 0.137 seconds
[2026-03-25T11:27:29.406+0000] {processor.py:161} INFO - Started process (PID=1387) to work on /home/airflow/.local/lib/python3.12/site-packages/airflow/example_dags/example_setup_teardown_taskflow.py
[2026-03-25T11:27:29.408+0000] {processor.py:830} INFO - Processing file /home/airflow/.local/lib/python3.12/site-packages/airflow/example_dags/example_setup_teardown_taskflow.py for tasks to queue
[2026-03-25T11:27:29.413+0000] {logging_mixin.py:188} INFO - [2026-03-25T11:27:29.412+0000] {dagbag.py:540} INFO - Filling up the DagBag from /home/airflow/.local/lib/python3.12/site-packages/airflow/example_dags/example_setup_teardown_taskflow.py
[2026-03-25T11:27:29.443+0000] {processor.py:840} INFO - DAG(s) 'example_setup_teardown_taskflow' retrieved from /home/airflow/.local/lib/python3.12/site-packages/airflow/example_dags/example_setup_teardown_taskflow.py
[2026-03-25T11:27:29.512+0000] {logging_mixin.py:188} INFO - [2026-03-25T11:27:29.512+0000] {dag.py:3096} INFO - Sync 1 DAGs
[2026-03-25T11:27:29.572+0000] {logging_mixin.py:188} INFO - [2026-03-25T11:27:29.571+0000] {dag.py:3954} INFO - Setting next_dagrun for example_setup_teardown_taskflow to 2026-03-24 00:00:00+00:00, run_after=2026-03-25 00:00:00+00:00
[2026-03-25T11:27:29.896+0000] {processor.py:183} INFO - Processing /home/airflow/.local/lib/python3.12/site-packages/airflow/example_dags/example_setup_teardown_taskflow.py took 0.507 seconds
[2026-03-25T11:28:01.390+0000] {processor.py:161} INFO - Started process (PID=1440) to work on /home/airflow/.local/lib/python3.12/site-packages/airflow/example_dags/example_setup_teardown_taskflow.py
[2026-03-25T11:28:01.391+0000] {processor.py:830} INFO - Processing file /home/airflow/.local/lib/python3.12/site-packages/airflow/example_dags/example_setup_teardown_taskflow.py for tasks to queue
[2026-03-25T11:28:01.394+0000] {logging_mixin.py:188} INFO - [2026-03-25T11:28:01.393+0000] {dagbag.py:540} INFO - Filling up the DagBag from /home/airflow/.local/lib/python3.12/site-packages/airflow/example_dags/example_setup_teardown_taskflow.py
[2026-03-25T11:28:01.406+0000] {processor.py:840} INFO - DAG(s) 'example_setup_teardown_taskflow' retrieved from /home/airflow/.local/lib/python3.12/site-packages/airflow/example_dags/example_setup_teardown_taskflow.py
[2026-03-25T11:28:01.435+0000] {logging_mixin.py:188} INFO - [2026-03-25T11:28:01.435+0000] {dag.py:3096} INFO - Sync 1 DAGs
[2026-03-25T11:28:01.462+0000] {logging_mixin.py:188} INFO - [2026-03-25T11:28:01.461+0000] {dag.py:3954} INFO - Setting next_dagrun for example_setup_teardown_taskflow to 2026-03-24 00:00:00+00:00, run_after=2026-03-25 00:00:00+00:00
[2026-03-25T11:28:01.509+0000] {processor.py:183} INFO - Processing /home/airflow/.local/lib/python3.12/site-packages/airflow/example_dags/example_setup_teardown_taskflow.py took 0.126 seconds
[2026-03-25T11:28:36.135+0000] {processor.py:161} INFO - Started process (PID=1515) to work on /home/airflow/.local/lib/python3.12/site-packages/airflow/example_dags/example_setup_teardown_taskflow.py
[2026-03-25T11:28:36.137+0000] {processor.py:830} INFO - Processing file /home/airflow/.local/lib/python3.12/site-packages/airflow/example_dags/example_setup_teardown_taskflow.py for tasks to queue
[2026-03-25T11:28:36.141+0000] {logging_mixin.py:188} INFO - [2026-03-25T11:28:36.140+0000] {dagbag.py:540} INFO - Filling up the DagBag from /home/airflow/.local/lib/python3.12/site-packages/airflow/example_dags/example_setup_teardown_taskflow.py
[2026-03-25T11:28:36.157+0000] {processor.py:840} INFO - DAG(s) 'example_setup_teardown_taskflow' retrieved from /home/airflow/.local/lib/python3.12/site-packages/airflow/example_dags/example_setup_teardown_taskflow.py
[2026-03-25T11:28:36.194+0000] {logging_mixin.py:188} INFO - [2026-03-25T11:28:36.193+0000] {dag.py:3096} INFO - Sync 1 DAGs
[2026-03-25T11:28:36.227+0000] {logging_mixin.py:188} INFO - [2026-03-25T11:28:36.227+0000] {dag.py:3954} INFO - Setting next_dagrun for example_setup_teardown_taskflow to 2026-03-24 00:00:00+00:00, run_after=2026-03-25 00:00:00+00:00
[2026-03-25T11:28:36.383+0000] {processor.py:183} INFO - Processing /home/airflow/.local/lib/python3.12/site-packages/airflow/example_dags/example_setup_teardown_taskflow.py took 0.258 seconds
[2026-03-25T11:29:07.417+0000] {processor.py:161} INFO - Started process (PID=1574) to work on /home/airflow/.local/lib/python3.12/site-packages/airflow/example_dags/example_setup_teardown_taskflow.py
[2026-03-25T11:29:07.418+0000] {processor.py:830} INFO - Processing file /home/airflow/.local/lib/python3.12/site-packages/airflow/example_dags/example_setup_teardown_taskflow.py for tasks to queue
[2026-03-25T11:29:07.420+0000] {logging_mixin.py:188} INFO - [2026-03-25T11:29:07.420+0000] {dagbag.py:540} INFO - Filling up the DagBag from /home/airflow/.local/lib/python3.12/site-packages/airflow/example_dags/example_setup_teardown_taskflow.py
[2026-03-25T11:29:07.429+0000] {processor.py:840} INFO - DAG(s) 'example_setup_teardown_taskflow' retrieved from /home/airflow/.local/lib/python3.12/site-packages/airflow/example_dags/example_setup_teardown_taskflow.py
[2026-03-25T11:29:07.455+0000] {logging_mixin.py:188} INFO - [2026-03-25T11:29:07.454+0000] {dag.py:3096} INFO - Sync 1 DAGs
[2026-03-25T11:29:07.479+0000] {logging_mixin.py:188} INFO - [2026-03-25T11:29:07.478+0000] {dag.py:3954} INFO - Setting next_dagrun for example_setup_teardown_taskflow to 2026-03-24 00:00:00+00:00, run_after=2026-03-25 00:00:00+00:00
[2026-03-25T11:29:07.619+0000] {processor.py:183} INFO - Processing /home/airflow/.local/lib/python3.12/site-packages/airflow/example_dags/example_setup_teardown_taskflow.py took 0.207 seconds
[2026-03-25T11:29:38.651+0000] {processor.py:161} INFO - Started process (PID=1633) to work on /home/airflow/.local/lib/python3.12/site-packages/airflow/example_dags/example_setup_teardown_taskflow.py
[2026-03-25T11:29:38.653+0000] {processor.py:830} INFO - Processing file /home/airflow/.local/lib/python3.12/site-packages/airflow/example_dags/example_setup_teardown_taskflow.py for tasks to queue
[2026-03-25T11:29:38.657+0000] {logging_mixin.py:188} INFO - [2026-03-25T11:29:38.656+0000] {dagbag.py:540} INFO - Filling up the DagBag from /home/airflow/.local/lib/python3.12/site-packages/airflow/example_dags/example_setup_teardown_taskflow.py
[2026-03-25T11:29:38.676+0000] {processor.py:840} INFO - DAG(s) 'example_setup_teardown_taskflow' retrieved from /home/airflow/.local/lib/python3.12/site-packages/airflow/example_dags/example_setup_teardown_taskflow.py
[2026-03-25T11:29:38.721+0000] {logging_mixin.py:188} INFO - [2026-03-25T11:29:38.720+0000] {dag.py:3096} INFO - Sync 1 DAGs
[2026-03-25T11:29:38.767+0000] {logging_mixin.py:188} INFO - [2026-03-25T11:29:38.766+0000] {dag.py:3954} INFO - Setting next_dagrun for example_setup_teardown_taskflow to 2026-03-24 00:00:00+00:00, run_after=2026-03-25 00:00:00+00:00
[2026-03-25T11:29:38.832+0000] {processor.py:183} INFO - Processing /home/airflow/.local/lib/python3.12/site-packages/airflow/example_dags/example_setup_teardown_taskflow.py took 0.192 seconds
[2026-03-25T11:30:09.326+0000] {processor.py:161} INFO - Started process (PID=1686) to work on /home/airflow/.local/lib/python3.12/site-packages/airflow/example_dags/example_setup_teardown_taskflow.py
[2026-03-25T11:30:09.328+0000] {processor.py:830} INFO - Processing file /home/airflow/.local/lib/python3.12/site-packages/airflow/example_dags/example_setup_teardown_taskflow.py for tasks to queue
[2026-03-25T11:30:09.331+0000] {logging_mixin.py:188} INFO - [2026-03-25T11:30:09.330+0000] {dagbag.py:540} INFO - Filling up the DagBag from /home/airflow/.local/lib/python3.12/site-packages/airflow/example_dags/example_setup_teardown_taskflow.py
[2026-03-25T11:30:09.344+0000] {processor.py:840} INFO - DAG(s) 'example_setup_teardown_taskflow' retrieved from /home/airflow/.local/lib/python3.12/site-packages/airflow/example_dags/example_setup_teardown_taskflow.py
[2026-03-25T11:30:09.386+0000] {logging_mixin.py:188} INFO - [2026-03-25T11:30:09.385+0000] {dag.py:3096} INFO - Sync 1 DAGs
[2026-03-25T11:30:09.421+0000] {logging_mixin.py:188} INFO - [2026-03-25T11:30:09.421+0000] {dag.py:3954} INFO - Setting next_dagrun for example_setup_teardown_taskflow to 2026-03-24 00:00:00+00:00, run_after=2026-03-25 00:00:00+00:00
[2026-03-25T11:30:09.480+0000] {processor.py:183} INFO - Processing /home/airflow/.local/lib/python3.12/site-packages/airflow/example_dags/example_setup_teardown_taskflow.py took 0.162 seconds
[2026-03-25T11:30:39.536+0000] {processor.py:161} INFO - Started process (PID=1745) to work on /home/airflow/.local/lib/python3.12/site-packages/airflow/example_dags/example_setup_teardown_taskflow.py
[2026-03-25T11:30:39.537+0000] {processor.py:830} INFO - Processing file /home/airflow/.local/lib/python3.12/site-packages/airflow/example_dags/example_setup_teardown_taskflow.py for tasks to queue
[2026-03-25T11:30:39.539+0000] {logging_mixin.py:188} INFO - [2026-03-25T11:30:39.539+0000] {dagbag.py:540} INFO - Filling up the DagBag from /home/airflow/.local/lib/python3.12/site-packages/airflow/example_dags/example_setup_teardown_taskflow.py
[2026-03-25T11:30:39.548+0000] {processor.py:840} INFO - DAG(s) 'example_setup_teardown_taskflow' retrieved from /home/airflow/.local/lib/python3.12/site-packages/airflow/example_dags/example_setup_teardown_taskflow.py
[2026-03-25T11:30:39.570+0000] {logging_mixin.py:188} INFO - [2026-03-25T11:30:39.570+0000] {dag.py:3096} INFO - Sync 1 DAGs
[2026-03-25T11:30:39.592+0000] {logging_mixin.py:188} INFO - [2026-03-25T11:30:39.592+0000] {dag.py:3954} INFO - Setting next_dagrun for example_setup_teardown_taskflow to 2026-03-24 00:00:00+00:00, run_after=2026-03-25 00:00:00+00:00
[2026-03-25T11:30:39.638+0000] {processor.py:183} INFO - Processing /home/airflow/.local/lib/python3.12/site-packages/airflow/example_dags/example_setup_teardown_taskflow.py took 0.108 seconds
[2026-03-25T11:31:10.556+0000] {processor.py:161} INFO - Started process (PID=1804) to work on /home/airflow/.local/lib/python3.12/site-packages/airflow/example_dags/example_setup_teardown_taskflow.py
[2026-03-25T11:31:10.557+0000] {processor.py:830} INFO - Processing file /home/airflow/.local/lib/python3.12/site-packages/airflow/example_dags/example_setup_teardown_taskflow.py for tasks to queue
[2026-03-25T11:31:10.559+0000] {logging_mixin.py:188} INFO - [2026-03-25T11:31:10.559+0000] {dagbag.py:540} INFO - Filling up the DagBag from /home/airflow/.local/lib/python3.12/site-packages/airflow/example_dags/example_setup_teardown_taskflow.py
[2026-03-25T11:31:10.572+0000] {processor.py:840} INFO - DAG(s) 'example_setup_teardown_taskflow' retrieved from /home/airflow/.local/lib/python3.12/site-packages/airflow/example_dags/example_setup_teardown_taskflow.py
[2026-03-25T11:31:10.597+0000] {logging_mixin.py:188} INFO - [2026-03-25T11:31:10.597+0000] {dag.py:3096} INFO - Sync 1 DAGs
[2026-03-25T11:31:10.619+0000] {logging_mixin.py:188} INFO - [2026-03-25T11:31:10.619+0000] {dag.py:3954} INFO - Setting next_dagrun for example_setup_teardown_taskflow to 2026-03-24 00:00:00+00:00, run_after=2026-03-25 00:00:00+00:00
[2026-03-25T11:31:10.719+0000] {processor.py:183} INFO - Processing /home/airflow/.local/lib/python3.12/site-packages/airflow/example_dags/example_setup_teardown_taskflow.py took 0.170 seconds
[2026-03-25T11:31:40.767+0000] {processor.py:161} INFO - Started process (PID=1863) to work on /home/airflow/.local/lib/python3.12/site-packages/airflow/example_dags/example_setup_teardown_taskflow.py
[2026-03-25T11:31:40.768+0000] {processor.py:830} INFO - Processing file /home/airflow/.local/lib/python3.12/site-packages/airflow/example_dags/example_setup_teardown_taskflow.py for tasks to queue
[2026-03-25T11:31:40.770+0000] {logging_mixin.py:188} INFO - [2026-03-25T11:31:40.770+0000] {dagbag.py:540} INFO - Filling up the DagBag from /home/airflow/.local/lib/python3.12/site-packages/airflow/example_dags/example_setup_teardown_taskflow.py
[2026-03-25T11:31:40.779+0000] {processor.py:840} INFO - DAG(s) 'example_setup_teardown_taskflow' retrieved from /home/airflow/.local/lib/python3.12/site-packages/airflow/example_dags/example_setup_teardown_taskflow.py
[2026-03-25T11:31:40.802+0000] {logging_mixin.py:188} INFO - [2026-03-25T11:31:40.802+0000] {dag.py:3096} INFO - Sync 1 DAGs
[2026-03-25T11:31:40.824+0000] {logging_mixin.py:188} INFO - [2026-03-25T11:31:40.824+0000] {dag.py:3954} INFO - Setting next_dagrun for example_setup_teardown_taskflow to 2026-03-24 00:00:00+00:00, run_after=2026-03-25 00:00:00+00:00
[2026-03-25T11:31:40.908+0000] {processor.py:183} INFO - Processing /home/airflow/.local/lib/python3.12/site-packages/airflow/example_dags/example_setup_teardown_taskflow.py took 0.146 seconds
[2026-03-25T11:32:11.612+0000] {processor.py:161} INFO - Started process (PID=1922) to work on /home/airflow/.local/lib/python3.12/site-packages/airflow/example_dags/example_setup_teardown_taskflow.py
[2026-03-25T11:32:11.613+0000] {processor.py:830} INFO - Processing file /home/airflow/.local/lib/python3.12/site-packages/airflow/example_dags/example_setup_teardown_taskflow.py for tasks to queue
[2026-03-25T11:32:11.615+0000] {logging_mixin.py:188} INFO - [2026-03-25T11:32:11.615+0000] {dagbag.py:540} INFO - Filling up the DagBag from /home/airflow/.local/lib/python3.12/site-packages/airflow/example_dags/example_setup_teardown_taskflow.py
[2026-03-25T11:32:11.624+0000] {processor.py:840} INFO - DAG(s) 'example_setup_teardown_taskflow' retrieved from /home/airflow/.local/lib/python3.12/site-packages/airflow/example_dags/example_setup_teardown_taskflow.py
[2026-03-25T11:32:11.646+0000] {logging_mixin.py:188} INFO - [2026-03-25T11:32:11.646+0000] {dag.py:3096} INFO - Sync 1 DAGs
[2026-03-25T11:32:11.669+0000] {logging_mixin.py:188} INFO - [2026-03-25T11:32:11.669+0000] {dag.py:3954} INFO - Setting next_dagrun for example_setup_teardown_taskflow to 2026-03-24 00:00:00+00:00, run_after=2026-03-25 00:00:00+00:00
[2026-03-25T11:32:11.740+0000] {processor.py:183} INFO - Processing /home/airflow/.local/lib/python3.12/site-packages/airflow/example_dags/example_setup_teardown_taskflow.py took 0.133 seconds
[2026-03-25T11:34:38.650+0000] {processor.py:161} INFO - Started process (PID=92) to work on /home/airflow/.local/lib/python3.12/site-packages/airflow/example_dags/example_setup_teardown_taskflow.py
[2026-03-25T11:34:38.651+0000] {processor.py:830} INFO - Processing file /home/airflow/.local/lib/python3.12/site-packages/airflow/example_dags/example_setup_teardown_taskflow.py for tasks to queue
[2026-03-25T11:34:38.655+0000] {logging_mixin.py:188} INFO - [2026-03-25T11:34:38.654+0000] {dagbag.py:540} INFO - Filling up the DagBag from /home/airflow/.local/lib/python3.12/site-packages/airflow/example_dags/example_setup_teardown_taskflow.py
[2026-03-25T11:34:38.670+0000] {processor.py:840} INFO - DAG(s) 'example_setup_teardown_taskflow' retrieved from /home/airflow/.local/lib/python3.12/site-packages/airflow/example_dags/example_setup_teardown_taskflow.py
[2026-03-25T11:34:38.875+0000] {logging_mixin.py:188} INFO - [2026-03-25T11:34:38.875+0000] {dag.py:3096} INFO - Sync 1 DAGs
[2026-03-25T11:34:38.902+0000] {logging_mixin.py:188} INFO - [2026-03-25T11:34:38.901+0000] {dag.py:3954} INFO - Setting next_dagrun for example_setup_teardown_taskflow to 2026-03-24 00:00:00+00:00, run_after=2026-03-25 00:00:00+00:00
[2026-03-25T11:34:38.956+0000] {processor.py:183} INFO - Processing /home/airflow/.local/lib/python3.12/site-packages/airflow/example_dags/example_setup_teardown_taskflow.py took 0.319 seconds
[2026-03-25T11:35:09.616+0000] {processor.py:161} INFO - Started process (PID=151) to work on /home/airflow/.local/lib/python3.12/site-packages/airflow/example_dags/example_setup_teardown_taskflow.py
[2026-03-25T11:35:09.618+0000] {processor.py:830} INFO - Processing file /home/airflow/.local/lib/python3.12/site-packages/airflow/example_dags/example_setup_teardown_taskflow.py for tasks to queue
[2026-03-25T11:35:09.620+0000] {logging_mixin.py:188} INFO - [2026-03-25T11:35:09.619+0000] {dagbag.py:540} INFO - Filling up the DagBag from /home/airflow/.local/lib/python3.12/site-packages/airflow/example_dags/example_setup_teardown_taskflow.py
[2026-03-25T11:35:09.629+0000] {processor.py:840} INFO - DAG(s) 'example_setup_teardown_taskflow' retrieved from /home/airflow/.local/lib/python3.12/site-packages/airflow/example_dags/example_setup_teardown_taskflow.py
[2026-03-25T11:35:09.655+0000] {logging_mixin.py:188} INFO - [2026-03-25T11:35:09.654+0000] {dag.py:3096} INFO - Sync 1 DAGs
[2026-03-25T11:35:09.683+0000] {logging_mixin.py:188} INFO - [2026-03-25T11:35:09.683+0000] {dag.py:3954} INFO - Setting next_dagrun for example_setup_teardown_taskflow to 2026-03-24 00:00:00+00:00, run_after=2026-03-25 00:00:00+00:00
[2026-03-25T11:35:09.735+0000] {processor.py:183} INFO - Processing /home/airflow/.local/lib/python3.12/site-packages/airflow/example_dags/example_setup_teardown_taskflow.py took 0.124 seconds
[2026-03-25T11:35:40.555+0000] {processor.py:161} INFO - Started process (PID=211) to work on /home/airflow/.local/lib/python3.12/site-packages/airflow/example_dags/example_setup_teardown_taskflow.py
[2026-03-25T11:35:40.556+0000] {processor.py:830} INFO - Processing file /home/airflow/.local/lib/python3.12/site-packages/airflow/example_dags/example_setup_teardown_taskflow.py for tasks to queue
[2026-03-25T11:35:40.558+0000] {logging_mixin.py:188} INFO - [2026-03-25T11:35:40.557+0000] {dagbag.py:540} INFO - Filling up the DagBag from /home/airflow/.local/lib/python3.12/site-packages/airflow/example_dags/example_setup_teardown_taskflow.py
[2026-03-25T11:35:40.567+0000] {processor.py:840} INFO - DAG(s) 'example_setup_teardown_taskflow' retrieved from /home/airflow/.local/lib/python3.12/site-packages/airflow/example_dags/example_setup_teardown_taskflow.py
[2026-03-25T11:35:40.590+0000] {logging_mixin.py:188} INFO - [2026-03-25T11:35:40.589+0000] {dag.py:3096} INFO - Sync 1 DAGs
[2026-03-25T11:35:40.613+0000] {logging_mixin.py:188} INFO - [2026-03-25T11:35:40.613+0000] {dag.py:3954} INFO - Setting next_dagrun for example_setup_teardown_taskflow to 2026-03-24 00:00:00+00:00, run_after=2026-03-25 00:00:00+00:00
[2026-03-25T11:35:40.681+0000] {processor.py:183} INFO - Processing /home/airflow/.local/lib/python3.12/site-packages/airflow/example_dags/example_setup_teardown_taskflow.py took 0.132 seconds
[2026-03-25T11:36:14.018+0000] {processor.py:161} INFO - Started process (PID=270) to work on /home/airflow/.local/lib/python3.12/site-packages/airflow/example_dags/example_setup_teardown_taskflow.py
[2026-03-25T11:36:14.020+0000] {processor.py:830} INFO - Processing file /home/airflow/.local/lib/python3.12/site-packages/airflow/example_dags/example_setup_teardown_taskflow.py for tasks to queue
[2026-03-25T11:36:14.022+0000] {logging_mixin.py:188} INFO - [2026-03-25T11:36:14.022+0000] {dagbag.py:540} INFO - Filling up the DagBag from /home/airflow/.local/lib/python3.12/site-packages/airflow/example_dags/example_setup_teardown_taskflow.py
[2026-03-25T11:36:14.033+0000] {processor.py:840} INFO - DAG(s) 'example_setup_teardown_taskflow' retrieved from /home/airflow/.local/lib/python3.12/site-packages/airflow/example_dags/example_setup_teardown_taskflow.py
[2026-03-25T11:36:14.057+0000] {logging_mixin.py:188} INFO - [2026-03-25T11:36:14.057+0000] {dag.py:3096} INFO - Sync 1 DAGs
[2026-03-25T11:36:14.083+0000] {logging_mixin.py:188} INFO - [2026-03-25T11:36:14.083+0000] {dag.py:3954} INFO - Setting next_dagrun for example_setup_teardown_taskflow to 2026-03-24 00:00:00+00:00, run_after=2026-03-25 00:00:00+00:00
[2026-03-25T11:36:14.133+0000] {processor.py:183} INFO - Processing /home/airflow/.local/lib/python3.12/site-packages/airflow/example_dags/example_setup_teardown_taskflow.py took 0.122 seconds
[2026-03-25T11:36:46.540+0000] {processor.py:161} INFO - Started process (PID=329) to work on /home/airflow/.local/lib/python3.12/site-packages/airflow/example_dags/example_setup_teardown_taskflow.py
[2026-03-25T11:36:46.542+0000] {processor.py:830} INFO - Processing file /home/airflow/.local/lib/python3.12/site-packages/airflow/example_dags/example_setup_teardown_taskflow.py for tasks to queue
[2026-03-25T11:36:46.546+0000] {logging_mixin.py:188} INFO - [2026-03-25T11:36:46.545+0000] {dagbag.py:540} INFO - Filling up the DagBag from /home/airflow/.local/lib/python3.12/site-packages/airflow/example_dags/example_setup_teardown_taskflow.py
[2026-03-25T11:36:46.563+0000] {processor.py:840} INFO - DAG(s) 'example_setup_teardown_taskflow' retrieved from /home/airflow/.local/lib/python3.12/site-packages/airflow/example_dags/example_setup_teardown_taskflow.py
[2026-03-25T11:36:46.604+0000] {logging_mixin.py:188} INFO - [2026-03-25T11:36:46.603+0000] {dag.py:3096} INFO - Sync 1 DAGs
[2026-03-25T11:36:46.639+0000] {logging_mixin.py:188} INFO - [2026-03-25T11:36:46.639+0000] {dag.py:3954} INFO - Setting next_dagrun for example_setup_teardown_taskflow to 2026-03-24 00:00:00+00:00, run_after=2026-03-25 00:00:00+00:00
[2026-03-25T11:36:46.722+0000] {processor.py:183} INFO - Processing /home/airflow/.local/lib/python3.12/site-packages/airflow/example_dags/example_setup_teardown_taskflow.py took 0.193 seconds
[2026-03-25T11:37:18.766+0000] {processor.py:161} INFO - Started process (PID=388) to work on /home/airflow/.local/lib/python3.12/site-packages/airflow/example_dags/example_setup_teardown_taskflow.py
[2026-03-25T11:37:18.767+0000] {processor.py:830} INFO - Processing file /home/airflow/.local/lib/python3.12/site-packages/airflow/example_dags/example_setup_teardown_taskflow.py for tasks to queue
[2026-03-25T11:37:18.770+0000] {logging_mixin.py:188} INFO - [2026-03-25T11:37:18.770+0000] {dagbag.py:540} INFO - Filling up the DagBag from /home/airflow/.local/lib/python3.12/site-packages/airflow/example_dags/example_setup_teardown_taskflow.py
[2026-03-25T11:37:18.786+0000] {processor.py:840} INFO - DAG(s) 'example_setup_teardown_taskflow' retrieved from /home/airflow/.local/lib/python3.12/site-packages/airflow/example_dags/example_setup_teardown_taskflow.py
[2026-03-25T11:37:18.832+0000] {logging_mixin.py:188} INFO - [2026-03-25T11:37:18.832+0000] {dag.py:3096} INFO - Sync 1 DAGs
[2026-03-25T11:37:18.880+0000] {logging_mixin.py:188} INFO - [2026-03-25T11:37:18.880+0000] {dag.py:3954} INFO - Setting next_dagrun for example_setup_teardown_taskflow to 2026-03-24 00:00:00+00:00, run_after=2026-03-25 00:00:00+00:00
[2026-03-25T11:37:18.969+0000] {processor.py:183} INFO - Processing /home/airflow/.local/lib/python3.12/site-packages/airflow/example_dags/example_setup_teardown_taskflow.py took 0.212 seconds
[2026-03-25T11:37:51.183+0000] {processor.py:161} INFO - Started process (PID=441) to work on /home/airflow/.local/lib/python3.12/site-packages/airflow/example_dags/example_setup_teardown_taskflow.py
[2026-03-25T11:37:51.185+0000] {processor.py:830} INFO - Processing file /home/airflow/.local/lib/python3.12/site-packages/airflow/example_dags/example_setup_teardown_taskflow.py for tasks to queue
[2026-03-25T11:37:51.189+0000] {logging_mixin.py:188} INFO - [2026-03-25T11:37:51.188+0000] {dagbag.py:540} INFO - Filling up the DagBag from /home/airflow/.local/lib/python3.12/site-packages/airflow/example_dags/example_setup_teardown_taskflow.py
[2026-03-25T11:37:51.207+0000] {processor.py:840} INFO - DAG(s) 'example_setup_teardown_taskflow' retrieved from /home/airflow/.local/lib/python3.12/site-packages/airflow/example_dags/example_setup_teardown_taskflow.py
[2026-03-25T11:37:51.255+0000] {logging_mixin.py:188} INFO - [2026-03-25T11:37:51.254+0000] {dag.py:3096} INFO - Sync 1 DAGs
[2026-03-25T11:37:51.317+0000] {logging_mixin.py:188} INFO - [2026-03-25T11:37:51.316+0000] {dag.py:3954} INFO - Setting next_dagrun for example_setup_teardown_taskflow to 2026-03-24 00:00:00+00:00, run_after=2026-03-25 00:00:00+00:00
[2026-03-25T11:37:51.364+0000] {processor.py:183} INFO - Processing /home/airflow/.local/lib/python3.12/site-packages/airflow/example_dags/example_setup_teardown_taskflow.py took 0.193 seconds
[2026-03-25T11:38:23.148+0000] {processor.py:161} INFO - Started process (PID=500) to work on /home/airflow/.local/lib/python3.12/site-packages/airflow/example_dags/example_setup_teardown_taskflow.py
[2026-03-25T11:38:23.149+0000] {processor.py:830} INFO - Processing file /home/airflow/.local/lib/python3.12/site-packages/airflow/example_dags/example_setup_teardown_taskflow.py for tasks to queue
[2026-03-25T11:38:23.151+0000] {logging_mixin.py:188} INFO - [2026-03-25T11:38:23.151+0000] {dagbag.py:540} INFO - Filling up the DagBag from /home/airflow/.local/lib/python3.12/site-packages/airflow/example_dags/example_setup_teardown_taskflow.py
[2026-03-25T11:38:23.160+0000] {processor.py:840} INFO - DAG(s) 'example_setup_teardown_taskflow' retrieved from /home/airflow/.local/lib/python3.12/site-packages/airflow/example_dags/example_setup_teardown_taskflow.py
[2026-03-25T11:38:23.182+0000] {logging_mixin.py:188} INFO - [2026-03-25T11:38:23.182+0000] {dag.py:3096} INFO - Sync 1 DAGs
[2026-03-25T11:38:23.204+0000] {logging_mixin.py:188} INFO - [2026-03-25T11:38:23.204+0000] {dag.py:3954} INFO - Setting next_dagrun for example_setup_teardown_taskflow to 2026-03-24 00:00:00+00:00, run_after=2026-03-25 00:00:00+00:00
[2026-03-25T11:38:23.249+0000] {processor.py:183} INFO - Processing /home/airflow/.local/lib/python3.12/site-packages/airflow/example_dags/example_setup_teardown_taskflow.py took 0.107 seconds
[2026-03-25T11:38:55.920+0000] {processor.py:161} INFO - Started process (PID=559) to work on /home/airflow/.local/lib/python3.12/site-packages/airflow/example_dags/example_setup_teardown_taskflow.py
[2026-03-25T11:38:55.921+0000] {processor.py:830} INFO - Processing file /home/airflow/.local/lib/python3.12/site-packages/airflow/example_dags/example_setup_teardown_taskflow.py for tasks to queue
[2026-03-25T11:38:55.923+0000] {logging_mixin.py:188} INFO - [2026-03-25T11:38:55.922+0000] {dagbag.py:540} INFO - Filling up the DagBag from /home/airflow/.local/lib/python3.12/site-packages/airflow/example_dags/example_setup_teardown_taskflow.py
[2026-03-25T11:38:55.932+0000] {processor.py:840} INFO - DAG(s) 'example_setup_teardown_taskflow' retrieved from /home/airflow/.local/lib/python3.12/site-packages/airflow/example_dags/example_setup_teardown_taskflow.py
[2026-03-25T11:38:55.956+0000] {logging_mixin.py:188} INFO - [2026-03-25T11:38:55.956+0000] {dag.py:3096} INFO - Sync 1 DAGs
[2026-03-25T11:38:55.979+0000] {logging_mixin.py:188} INFO - [2026-03-25T11:38:55.979+0000] {dag.py:3954} INFO - Setting next_dagrun for example_setup_teardown_taskflow to 2026-03-24 00:00:00+00:00, run_after=2026-03-25 00:00:00+00:00
[2026-03-25T11:38:56.041+0000] {processor.py:183} INFO - Processing /home/airflow/.local/lib/python3.12/site-packages/airflow/example_dags/example_setup_teardown_taskflow.py took 0.127 seconds
[2026-03-25T11:39:28.578+0000] {processor.py:161} INFO - Started process (PID=618) to work on /home/airflow/.local/lib/python3.12/site-packages/airflow/example_dags/example_setup_teardown_taskflow.py
[2026-03-25T11:39:28.579+0000] {processor.py:830} INFO - Processing file /home/airflow/.local/lib/python3.12/site-packages/airflow/example_dags/example_setup_teardown_taskflow.py for tasks to queue
[2026-03-25T11:39:28.583+0000] {logging_mixin.py:188} INFO - [2026-03-25T11:39:28.582+0000] {dagbag.py:540} INFO - Filling up the DagBag from /home/airflow/.local/lib/python3.12/site-packages/airflow/example_dags/example_setup_teardown_taskflow.py
[2026-03-25T11:39:28.602+0000] {processor.py:840} INFO - DAG(s) 'example_setup_teardown_taskflow' retrieved from /home/airflow/.local/lib/python3.12/site-packages/airflow/example_dags/example_setup_teardown_taskflow.py
[2026-03-25T11:39:28.636+0000] {logging_mixin.py:188} INFO - [2026-03-25T11:39:28.635+0000] {dag.py:3096} INFO - Sync 1 DAGs
[2026-03-25T11:39:28.663+0000] {logging_mixin.py:188} INFO - [2026-03-25T11:39:28.662+0000] {dag.py:3954} INFO - Setting next_dagrun for example_setup_teardown_taskflow to 2026-03-24 00:00:00+00:00, run_after=2026-03-25 00:00:00+00:00
[2026-03-25T11:39:28.702+0000] {processor.py:183} INFO - Processing /home/airflow/.local/lib/python3.12/site-packages/airflow/example_dags/example_setup_teardown_taskflow.py took 0.135 seconds
[2026-03-25T11:40:02.064+0000] {processor.py:161} INFO - Started process (PID=677) to work on /home/airflow/.local/lib/python3.12/site-packages/airflow/example_dags/example_setup_teardown_taskflow.py
[2026-03-25T11:40:02.065+0000] {processor.py:830} INFO - Processing file /home/airflow/.local/lib/python3.12/site-packages/airflow/example_dags/example_setup_teardown_taskflow.py for tasks to queue
[2026-03-25T11:40:02.067+0000] {logging_mixin.py:188} INFO - [2026-03-25T11:40:02.067+0000] {dagbag.py:540} INFO - Filling up the DagBag from /home/airflow/.local/lib/python3.12/site-packages/airflow/example_dags/example_setup_teardown_taskflow.py
[2026-03-25T11:40:02.077+0000] {processor.py:840} INFO - DAG(s) 'example_setup_teardown_taskflow' retrieved from /home/airflow/.local/lib/python3.12/site-packages/airflow/example_dags/example_setup_teardown_taskflow.py
[2026-03-25T11:40:02.099+0000] {logging_mixin.py:188} INFO - [2026-03-25T11:40:02.098+0000] {dag.py:3096} INFO - Sync 1 DAGs
[2026-03-25T11:40:02.120+0000] {logging_mixin.py:188} INFO - [2026-03-25T11:40:02.119+0000] {dag.py:3954} INFO - Setting next_dagrun for example_setup_teardown_taskflow to 2026-03-24 00:00:00+00:00, run_after=2026-03-25 00:00:00+00:00
[2026-03-25T11:40:02.155+0000] {processor.py:183} INFO - Processing /home/airflow/.local/lib/python3.12/site-packages/airflow/example_dags/example_setup_teardown_taskflow.py took 0.096 seconds
[2026-03-25T11:40:33.903+0000] {processor.py:161} INFO - Started process (PID=736) to work on /home/airflow/.local/lib/python3.12/site-packages/airflow/example_dags/example_setup_teardown_taskflow.py
[2026-03-25T11:40:33.904+0000] {processor.py:830} INFO - Processing file /home/airflow/.local/lib/python3.12/site-packages/airflow/example_dags/example_setup_teardown_taskflow.py for tasks to queue
[2026-03-25T11:40:33.906+0000] {logging_mixin.py:188} INFO - [2026-03-25T11:40:33.905+0000] {dagbag.py:540} INFO - Filling up the DagBag from /home/airflow/.local/lib/python3.12/site-packages/airflow/example_dags/example_setup_teardown_taskflow.py
[2026-03-25T11:40:33.915+0000] {processor.py:840} INFO - DAG(s) 'example_setup_teardown_taskflow' retrieved from /home/airflow/.local/lib/python3.12/site-packages/airflow/example_dags/example_setup_teardown_taskflow.py
[2026-03-25T11:40:33.938+0000] {logging_mixin.py:188} INFO - [2026-03-25T11:40:33.938+0000] {dag.py:3096} INFO - Sync 1 DAGs
[2026-03-25T11:40:33.962+0000] {logging_mixin.py:188} INFO - [2026-03-25T11:40:33.962+0000] {dag.py:3954} INFO - Setting next_dagrun for example_setup_teardown_taskflow to 2026-03-24 00:00:00+00:00, run_after=2026-03-25 00:00:00+00:00
[2026-03-25T11:40:34.057+0000] {processor.py:183} INFO - Processing /home/airflow/.local/lib/python3.12/site-packages/airflow/example_dags/example_setup_teardown_taskflow.py took 0.160 seconds
[2026-03-25T11:41:06.956+0000] {processor.py:161} INFO - Started process (PID=795) to work on /home/airflow/.local/lib/python3.12/site-packages/airflow/example_dags/example_setup_teardown_taskflow.py
[2026-03-25T11:41:06.957+0000] {processor.py:830} INFO - Processing file /home/airflow/.local/lib/python3.12/site-packages/airflow/example_dags/example_setup_teardown_taskflow.py for tasks to queue
[2026-03-25T11:41:06.959+0000] {logging_mixin.py:188} INFO - [2026-03-25T11:41:06.959+0000] {dagbag.py:540} INFO - Filling up the DagBag from /home/airflow/.local/lib/python3.12/site-packages/airflow/example_dags/example_setup_teardown_taskflow.py
[2026-03-25T11:41:06.969+0000] {processor.py:840} INFO - DAG(s) 'example_setup_teardown_taskflow' retrieved from /home/airflow/.local/lib/python3.12/site-packages/airflow/example_dags/example_setup_teardown_taskflow.py
[2026-03-25T11:41:06.991+0000] {logging_mixin.py:188} INFO - [2026-03-25T11:41:06.991+0000] {dag.py:3096} INFO - Sync 1 DAGs
[2026-03-25T11:41:07.013+0000] {logging_mixin.py:188} INFO - [2026-03-25T11:41:07.013+0000] {dag.py:3954} INFO - Setting next_dagrun for example_setup_teardown_taskflow to 2026-03-24 00:00:00+00:00, run_after=2026-03-25 00:00:00+00:00
[2026-03-25T11:41:07.062+0000] {processor.py:183} INFO - Processing /home/airflow/.local/lib/python3.12/site-packages/airflow/example_dags/example_setup_teardown_taskflow.py took 0.113 seconds
[2026-03-25T11:41:41.063+0000] {processor.py:161} INFO - Started process (PID=854) to work on /home/airflow/.local/lib/python3.12/site-packages/airflow/example_dags/example_setup_teardown_taskflow.py
[2026-03-25T11:41:41.065+0000] {processor.py:830} INFO - Processing file /home/airflow/.local/lib/python3.12/site-packages/airflow/example_dags/example_setup_teardown_taskflow.py for tasks to queue
[2026-03-25T11:41:41.068+0000] {logging_mixin.py:188} INFO - [2026-03-25T11:41:41.068+0000] {dagbag.py:540} INFO - Filling up the DagBag from /home/airflow/.local/lib/python3.12/site-packages/airflow/example_dags/example_setup_teardown_taskflow.py
[2026-03-25T11:41:41.080+0000] {processor.py:840} INFO - DAG(s) 'example_setup_teardown_taskflow' retrieved from /home/airflow/.local/lib/python3.12/site-packages/airflow/example_dags/example_setup_teardown_taskflow.py
[2026-03-25T11:41:41.108+0000] {logging_mixin.py:188} INFO - [2026-03-25T11:41:41.108+0000] {dag.py:3096} INFO - Sync 1 DAGs
[2026-03-25T11:41:41.133+0000] {logging_mixin.py:188} INFO - [2026-03-25T11:41:41.133+0000] {dag.py:3954} INFO - Setting next_dagrun for example_setup_teardown_taskflow to 2026-03-24 00:00:00+00:00, run_after=2026-03-25 00:00:00+00:00
[2026-03-25T11:41:41.283+0000] {processor.py:183} INFO - Processing /home/airflow/.local/lib/python3.12/site-packages/airflow/example_dags/example_setup_teardown_taskflow.py took 0.227 seconds
[2026-03-25T11:42:12.209+0000] {processor.py:161} INFO - Started process (PID=913) to work on /home/airflow/.local/lib/python3.12/site-packages/airflow/example_dags/example_setup_teardown_taskflow.py
[2026-03-25T11:42:12.211+0000] {processor.py:830} INFO - Processing file /home/airflow/.local/lib/python3.12/site-packages/airflow/example_dags/example_setup_teardown_taskflow.py for tasks to queue
[2026-03-25T11:42:12.213+0000] {logging_mixin.py:188} INFO - [2026-03-25T11:42:12.212+0000] {dagbag.py:540} INFO - Filling up the DagBag from /home/airflow/.local/lib/python3.12/site-packages/airflow/example_dags/example_setup_teardown_taskflow.py
[2026-03-25T11:42:12.222+0000] {processor.py:840} INFO - DAG(s) 'example_setup_teardown_taskflow' retrieved from /home/airflow/.local/lib/python3.12/site-packages/airflow/example_dags/example_setup_teardown_taskflow.py
[2026-03-25T11:42:12.246+0000] {logging_mixin.py:188} INFO - [2026-03-25T11:42:12.245+0000] {dag.py:3096} INFO - Sync 1 DAGs
[2026-03-25T11:42:12.268+0000] {logging_mixin.py:188} INFO - [2026-03-25T11:42:12.267+0000] {dag.py:3954} INFO - Setting next_dagrun for example_setup_teardown_taskflow to 2026-03-24 00:00:00+00:00, run_after=2026-03-25 00:00:00+00:00
[2026-03-25T11:42:12.310+0000] {processor.py:183} INFO - Processing /home/airflow/.local/lib/python3.12/site-packages/airflow/example_dags/example_setup_teardown_taskflow.py took 0.106 seconds
[2026-03-25T11:42:45.012+0000] {processor.py:161} INFO - Started process (PID=972) to work on /home/airflow/.local/lib/python3.12/site-packages/airflow/example_dags/example_setup_teardown_taskflow.py
[2026-03-25T11:42:45.013+0000] {processor.py:830} INFO - Processing file /home/airflow/.local/lib/python3.12/site-packages/airflow/example_dags/example_setup_teardown_taskflow.py for tasks to queue
[2026-03-25T11:42:45.016+0000] {logging_mixin.py:188} INFO - [2026-03-25T11:42:45.015+0000] {dagbag.py:540} INFO - Filling up the DagBag from /home/airflow/.local/lib/python3.12/site-packages/airflow/example_dags/example_setup_teardown_taskflow.py
[2026-03-25T11:42:45.025+0000] {processor.py:840} INFO - DAG(s) 'example_setup_teardown_taskflow' retrieved from /home/airflow/.local/lib/python3.12/site-packages/airflow/example_dags/example_setup_teardown_taskflow.py
[2026-03-25T11:42:45.054+0000] {logging_mixin.py:188} INFO - [2026-03-25T11:42:45.054+0000] {dag.py:3096} INFO - Sync 1 DAGs
[2026-03-25T11:42:45.091+0000] {logging_mixin.py:188} INFO - [2026-03-25T11:42:45.090+0000] {dag.py:3954} INFO - Setting next_dagrun for example_setup_teardown_taskflow to 2026-03-24 00:00:00+00:00, run_after=2026-03-25 00:00:00+00:00
[2026-03-25T11:42:45.181+0000] {processor.py:183} INFO - Processing /home/airflow/.local/lib/python3.12/site-packages/airflow/example_dags/example_setup_teardown_taskflow.py took 0.176 seconds
[2026-03-25T11:43:18.515+0000] {processor.py:161} INFO - Started process (PID=1031) to work on /home/airflow/.local/lib/python3.12/site-packages/airflow/example_dags/example_setup_teardown_taskflow.py
[2026-03-25T11:43:18.516+0000] {processor.py:830} INFO - Processing file /home/airflow/.local/lib/python3.12/site-packages/airflow/example_dags/example_setup_teardown_taskflow.py for tasks to queue
[2026-03-25T11:43:18.518+0000] {logging_mixin.py:188} INFO - [2026-03-25T11:43:18.518+0000] {dagbag.py:540} INFO - Filling up the DagBag from /home/airflow/.local/lib/python3.12/site-packages/airflow/example_dags/example_setup_teardown_taskflow.py
[2026-03-25T11:43:18.529+0000] {processor.py:840} INFO - DAG(s) 'example_setup_teardown_taskflow' retrieved from /home/airflow/.local/lib/python3.12/site-packages/airflow/example_dags/example_setup_teardown_taskflow.py
[2026-03-25T11:43:18.556+0000] {logging_mixin.py:188} INFO - [2026-03-25T11:43:18.556+0000] {dag.py:3096} INFO - Sync 1 DAGs
[2026-03-25T11:43:18.581+0000] {logging_mixin.py:188} INFO - [2026-03-25T11:43:18.581+0000] {dag.py:3954} INFO - Setting next_dagrun for example_setup_teardown_taskflow to 2026-03-24 00:00:00+00:00, run_after=2026-03-25 00:00:00+00:00
[2026-03-25T11:43:18.632+0000] {processor.py:183} INFO - Processing /home/airflow/.local/lib/python3.12/site-packages/airflow/example_dags/example_setup_teardown_taskflow.py took 0.123 seconds
[2026-03-25T11:43:50.595+0000] {processor.py:161} INFO - Started process (PID=1090) to work on /home/airflow/.local/lib/python3.12/site-packages/airflow/example_dags/example_setup_teardown_taskflow.py
[2026-03-25T11:43:50.597+0000] {processor.py:830} INFO - Processing file /home/airflow/.local/lib/python3.12/site-packages/airflow/example_dags/example_setup_teardown_taskflow.py for tasks to queue
[2026-03-25T11:43:50.599+0000] {logging_mixin.py:188} INFO - [2026-03-25T11:43:50.598+0000] {dagbag.py:540} INFO - Filling up the DagBag from /home/airflow/.local/lib/python3.12/site-packages/airflow/example_dags/example_setup_teardown_taskflow.py
[2026-03-25T11:43:50.609+0000] {processor.py:840} INFO - DAG(s) 'example_setup_teardown_taskflow' retrieved from /home/airflow/.local/lib/python3.12/site-packages/airflow/example_dags/example_setup_teardown_taskflow.py
[2026-03-25T11:43:50.631+0000] {logging_mixin.py:188} INFO - [2026-03-25T11:43:50.630+0000] {dag.py:3096} INFO - Sync 1 DAGs
[2026-03-25T11:43:50.673+0000] {logging_mixin.py:188} INFO - [2026-03-25T11:43:50.672+0000] {dag.py:3954} INFO - Setting next_dagrun for example_setup_teardown_taskflow to 2026-03-24 00:00:00+00:00, run_after=2026-03-25 00:00:00+00:00
[2026-03-25T11:43:50.788+0000] {processor.py:183} INFO - Processing /home/airflow/.local/lib/python3.12/site-packages/airflow/example_dags/example_setup_teardown_taskflow.py took 0.198 seconds
[2026-03-25T11:44:23.228+0000] {processor.py:161} INFO - Started process (PID=1149) to work on /home/airflow/.local/lib/python3.12/site-packages/airflow/example_dags/example_setup_teardown_taskflow.py
[2026-03-25T11:44:23.229+0000] {processor.py:830} INFO - Processing file /home/airflow/.local/lib/python3.12/site-packages/airflow/example_dags/example_setup_teardown_taskflow.py for tasks to queue
[2026-03-25T11:44:23.231+0000] {logging_mixin.py:188} INFO - [2026-03-25T11:44:23.230+0000] {dagbag.py:540} INFO - Filling up the DagBag from /home/airflow/.local/lib/python3.12/site-packages/airflow/example_dags/example_setup_teardown_taskflow.py
[2026-03-25T11:44:23.240+0000] {processor.py:840} INFO - DAG(s) 'example_setup_teardown_taskflow' retrieved from /home/airflow/.local/lib/python3.12/site-packages/airflow/example_dags/example_setup_teardown_taskflow.py
[2026-03-25T11:44:23.264+0000] {logging_mixin.py:188} INFO - [2026-03-25T11:44:23.264+0000] {dag.py:3096} INFO - Sync 1 DAGs
[2026-03-25T11:44:23.287+0000] {logging_mixin.py:188} INFO - [2026-03-25T11:44:23.287+0000] {dag.py:3954} INFO - Setting next_dagrun for example_setup_teardown_taskflow to 2026-03-24 00:00:00+00:00, run_after=2026-03-25 00:00:00+00:00
[2026-03-25T11:44:23.329+0000] {processor.py:183} INFO - Processing /home/airflow/.local/lib/python3.12/site-packages/airflow/example_dags/example_setup_teardown_taskflow.py took 0.107 seconds
[2026-03-25T11:44:56.271+0000] {processor.py:161} INFO - Started process (PID=1208) to work on /home/airflow/.local/lib/python3.12/site-packages/airflow/example_dags/example_setup_teardown_taskflow.py
[2026-03-25T11:44:56.272+0000] {processor.py:830} INFO - Processing file /home/airflow/.local/lib/python3.12/site-packages/airflow/example_dags/example_setup_teardown_taskflow.py for tasks to queue
[2026-03-25T11:44:56.274+0000] {logging_mixin.py:188} INFO - [2026-03-25T11:44:56.273+0000] {dagbag.py:540} INFO - Filling up the DagBag from /home/airflow/.local/lib/python3.12/site-packages/airflow/example_dags/example_setup_teardown_taskflow.py
[2026-03-25T11:44:56.283+0000] {processor.py:840} INFO - DAG(s) 'example_setup_teardown_taskflow' retrieved from /home/airflow/.local/lib/python3.12/site-packages/airflow/example_dags/example_setup_teardown_taskflow.py
[2026-03-25T11:44:56.307+0000] {logging_mixin.py:188} INFO - [2026-03-25T11:44:56.307+0000] {dag.py:3096} INFO - Sync 1 DAGs
[2026-03-25T11:44:56.331+0000] {logging_mixin.py:188} INFO - [2026-03-25T11:44:56.331+0000] {dag.py:3954} INFO - Setting next_dagrun for example_setup_teardown_taskflow to 2026-03-24 00:00:00+00:00, run_after=2026-03-25 00:00:00+00:00
[2026-03-25T11:44:56.390+0000] {processor.py:183} INFO - Processing /home/airflow/.local/lib/python3.12/site-packages/airflow/example_dags/example_setup_teardown_taskflow.py took 0.125 seconds
[2026-03-25T11:45:29.137+0000] {processor.py:161} INFO - Started process (PID=1267) to work on /home/airflow/.local/lib/python3.12/site-packages/airflow/example_dags/example_setup_teardown_taskflow.py
[2026-03-25T11:45:29.138+0000] {processor.py:830} INFO - Processing file /home/airflow/.local/lib/python3.12/site-packages/airflow/example_dags/example_setup_teardown_taskflow.py for tasks to queue
[2026-03-25T11:45:29.140+0000] {logging_mixin.py:188} INFO - [2026-03-25T11:45:29.140+0000] {dagbag.py:540} INFO - Filling up the DagBag from /home/airflow/.local/lib/python3.12/site-packages/airflow/example_dags/example_setup_teardown_taskflow.py
[2026-03-25T11:45:29.149+0000] {processor.py:840} INFO - DAG(s) 'example_setup_teardown_taskflow' retrieved from /home/airflow/.local/lib/python3.12/site-packages/airflow/example_dags/example_setup_teardown_taskflow.py
[2026-03-25T11:45:29.180+0000] {logging_mixin.py:188} INFO - [2026-03-25T11:45:29.179+0000] {dag.py:3096} INFO - Sync 1 DAGs
[2026-03-25T11:45:29.209+0000] {logging_mixin.py:188} INFO - [2026-03-25T11:45:29.209+0000] {dag.py:3954} INFO - Setting next_dagrun for example_setup_teardown_taskflow to 2026-03-24 00:00:00+00:00, run_after=2026-03-25 00:00:00+00:00
[2026-03-25T11:45:29.277+0000] {processor.py:183} INFO - Processing /home/airflow/.local/lib/python3.12/site-packages/airflow/example_dags/example_setup_teardown_taskflow.py took 0.146 seconds
[2026-03-25T11:46:01.340+0000] {processor.py:161} INFO - Started process (PID=1326) to work on /home/airflow/.local/lib/python3.12/site-packages/airflow/example_dags/example_setup_teardown_taskflow.py
[2026-03-25T11:46:01.341+0000] {processor.py:830} INFO - Processing file /home/airflow/.local/lib/python3.12/site-packages/airflow/example_dags/example_setup_teardown_taskflow.py for tasks to queue
[2026-03-25T11:46:01.343+0000] {logging_mixin.py:188} INFO - [2026-03-25T11:46:01.343+0000] {dagbag.py:540} INFO - Filling up the DagBag from /home/airflow/.local/lib/python3.12/site-packages/airflow/example_dags/example_setup_teardown_taskflow.py
[2026-03-25T11:46:01.353+0000] {processor.py:840} INFO - DAG(s) 'example_setup_teardown_taskflow' retrieved from /home/airflow/.local/lib/python3.12/site-packages/airflow/example_dags/example_setup_teardown_taskflow.py
[2026-03-25T11:46:01.375+0000] {logging_mixin.py:188} INFO - [2026-03-25T11:46:01.375+0000] {dag.py:3096} INFO - Sync 1 DAGs
[2026-03-25T11:46:01.398+0000] {logging_mixin.py:188} INFO - [2026-03-25T11:46:01.397+0000] {dag.py:3954} INFO - Setting next_dagrun for example_setup_teardown_taskflow to 2026-03-24 00:00:00+00:00, run_after=2026-03-25 00:00:00+00:00
[2026-03-25T11:46:01.466+0000] {processor.py:183} INFO - Processing /home/airflow/.local/lib/python3.12/site-packages/airflow/example_dags/example_setup_teardown_taskflow.py took 0.132 seconds
[2026-03-25T11:46:34.566+0000] {processor.py:161} INFO - Started process (PID=1385) to work on /home/airflow/.local/lib/python3.12/site-packages/airflow/example_dags/example_setup_teardown_taskflow.py
[2026-03-25T11:46:34.568+0000] {processor.py:830} INFO - Processing file /home/airflow/.local/lib/python3.12/site-packages/airflow/example_dags/example_setup_teardown_taskflow.py for tasks to queue
[2026-03-25T11:46:34.571+0000] {logging_mixin.py:188} INFO - [2026-03-25T11:46:34.571+0000] {dagbag.py:540} INFO - Filling up the DagBag from /home/airflow/.local/lib/python3.12/site-packages/airflow/example_dags/example_setup_teardown_taskflow.py
[2026-03-25T11:46:34.588+0000] {processor.py:840} INFO - DAG(s) 'example_setup_teardown_taskflow' retrieved from /home/airflow/.local/lib/python3.12/site-packages/airflow/example_dags/example_setup_teardown_taskflow.py
[2026-03-25T11:46:34.633+0000] {logging_mixin.py:188} INFO - [2026-03-25T11:46:34.633+0000] {dag.py:3096} INFO - Sync 1 DAGs
[2026-03-25T11:46:34.673+0000] {logging_mixin.py:188} INFO - [2026-03-25T11:46:34.672+0000] {dag.py:3954} INFO - Setting next_dagrun for example_setup_teardown_taskflow to 2026-03-24 00:00:00+00:00, run_after=2026-03-25 00:00:00+00:00
[2026-03-25T11:46:34.840+0000] {processor.py:183} INFO - Processing /home/airflow/.local/lib/python3.12/site-packages/airflow/example_dags/example_setup_teardown_taskflow.py took 0.286 seconds
[2026-03-25T11:47:09.135+0000] {processor.py:161} INFO - Started process (PID=1444) to work on /home/airflow/.local/lib/python3.12/site-packages/airflow/example_dags/example_setup_teardown_taskflow.py
[2026-03-25T11:47:09.140+0000] {processor.py:830} INFO - Processing file /home/airflow/.local/lib/python3.12/site-packages/airflow/example_dags/example_setup_teardown_taskflow.py for tasks to queue
[2026-03-25T11:47:09.146+0000] {logging_mixin.py:188} INFO - [2026-03-25T11:47:09.145+0000] {dagbag.py:540} INFO - Filling up the DagBag from /home/airflow/.local/lib/python3.12/site-packages/airflow/example_dags/example_setup_teardown_taskflow.py
[2026-03-25T11:47:09.173+0000] {processor.py:840} INFO - DAG(s) 'example_setup_teardown_taskflow' retrieved from /home/airflow/.local/lib/python3.12/site-packages/airflow/example_dags/example_setup_teardown_taskflow.py
[2026-03-25T11:47:09.225+0000] {logging_mixin.py:188} INFO - [2026-03-25T11:47:09.225+0000] {dag.py:3096} INFO - Sync 1 DAGs
[2026-03-25T11:47:09.284+0000] {logging_mixin.py:188} INFO - [2026-03-25T11:47:09.283+0000] {dag.py:3954} INFO - Setting next_dagrun for example_setup_teardown_taskflow to 2026-03-24 00:00:00+00:00, run_after=2026-03-25 00:00:00+00:00
[2026-03-25T11:47:09.362+0000] {processor.py:183} INFO - Processing /home/airflow/.local/lib/python3.12/site-packages/airflow/example_dags/example_setup_teardown_taskflow.py took 0.241 seconds
[2026-03-25T11:47:42.668+0000] {processor.py:161} INFO - Started process (PID=1510) to work on /home/airflow/.local/lib/python3.12/site-packages/airflow/example_dags/example_setup_teardown_taskflow.py
[2026-03-25T11:47:42.669+0000] {processor.py:830} INFO - Processing file /home/airflow/.local/lib/python3.12/site-packages/airflow/example_dags/example_setup_teardown_taskflow.py for tasks to queue
[2026-03-25T11:47:42.671+0000] {logging_mixin.py:188} INFO - [2026-03-25T11:47:42.671+0000] {dagbag.py:540} INFO - Filling up the DagBag from /home/airflow/.local/lib/python3.12/site-packages/airflow/example_dags/example_setup_teardown_taskflow.py
[2026-03-25T11:47:42.682+0000] {processor.py:840} INFO - DAG(s) 'example_setup_teardown_taskflow' retrieved from /home/airflow/.local/lib/python3.12/site-packages/airflow/example_dags/example_setup_teardown_taskflow.py
[2026-03-25T11:47:42.710+0000] {logging_mixin.py:188} INFO - [2026-03-25T11:47:42.710+0000] {dag.py:3096} INFO - Sync 1 DAGs
[2026-03-25T11:47:42.738+0000] {logging_mixin.py:188} INFO - [2026-03-25T11:47:42.738+0000] {dag.py:3954} INFO - Setting next_dagrun for example_setup_teardown_taskflow to 2026-03-24 00:00:00+00:00, run_after=2026-03-25 00:00:00+00:00
[2026-03-25T11:47:42.802+0000] {processor.py:183} INFO - Processing /home/airflow/.local/lib/python3.12/site-packages/airflow/example_dags/example_setup_teardown_taskflow.py took 0.141 seconds
[2026-03-25T11:48:13.016+0000] {processor.py:161} INFO - Started process (PID=1563) to work on /home/airflow/.local/lib/python3.12/site-packages/airflow/example_dags/example_setup_teardown_taskflow.py
[2026-03-25T11:48:13.018+0000] {processor.py:830} INFO - Processing file /home/airflow/.local/lib/python3.12/site-packages/airflow/example_dags/example_setup_teardown_taskflow.py for tasks to queue
[2026-03-25T11:48:13.020+0000] {logging_mixin.py:188} INFO - [2026-03-25T11:48:13.020+0000] {dagbag.py:540} INFO - Filling up the DagBag from /home/airflow/.local/lib/python3.12/site-packages/airflow/example_dags/example_setup_teardown_taskflow.py
[2026-03-25T11:48:13.032+0000] {processor.py:840} INFO - DAG(s) 'example_setup_teardown_taskflow' retrieved from /home/airflow/.local/lib/python3.12/site-packages/airflow/example_dags/example_setup_teardown_taskflow.py
[2026-03-25T11:48:13.060+0000] {logging_mixin.py:188} INFO - [2026-03-25T11:48:13.060+0000] {dag.py:3096} INFO - Sync 1 DAGs
[2026-03-25T11:48:13.083+0000] {logging_mixin.py:188} INFO - [2026-03-25T11:48:13.083+0000] {dag.py:3954} INFO - Setting next_dagrun for example_setup_teardown_taskflow to 2026-03-24 00:00:00+00:00, run_after=2026-03-25 00:00:00+00:00
[2026-03-25T11:48:13.150+0000] {processor.py:183} INFO - Processing /home/airflow/.local/lib/python3.12/site-packages/airflow/example_dags/example_setup_teardown_taskflow.py took 0.140 seconds
[2026-03-25T11:48:44.997+0000] {processor.py:161} INFO - Started process (PID=1622) to work on /home/airflow/.local/lib/python3.12/site-packages/airflow/example_dags/example_setup_teardown_taskflow.py
[2026-03-25T11:48:44.998+0000] {processor.py:830} INFO - Processing file /home/airflow/.local/lib/python3.12/site-packages/airflow/example_dags/example_setup_teardown_taskflow.py for tasks to queue
[2026-03-25T11:48:45.000+0000] {logging_mixin.py:188} INFO - [2026-03-25T11:48:45.000+0000] {dagbag.py:540} INFO - Filling up the DagBag from /home/airflow/.local/lib/python3.12/site-packages/airflow/example_dags/example_setup_teardown_taskflow.py
[2026-03-25T11:48:45.011+0000] {processor.py:840} INFO - DAG(s) 'example_setup_teardown_taskflow' retrieved from /home/airflow/.local/lib/python3.12/site-packages/airflow/example_dags/example_setup_teardown_taskflow.py
[2026-03-25T11:48:45.039+0000] {logging_mixin.py:188} INFO - [2026-03-25T11:48:45.039+0000] {dag.py:3096} INFO - Sync 1 DAGs
[2026-03-25T11:48:45.064+0000] {logging_mixin.py:188} INFO - [2026-03-25T11:48:45.064+0000] {dag.py:3954} INFO - Setting next_dagrun for example_setup_teardown_taskflow to 2026-03-24 00:00:00+00:00, run_after=2026-03-25 00:00:00+00:00
[2026-03-25T11:48:45.110+0000] {processor.py:183} INFO - Processing /home/airflow/.local/lib/python3.12/site-packages/airflow/example_dags/example_setup_teardown_taskflow.py took 0.120 seconds
[2026-03-25T11:49:18.131+0000] {processor.py:161} INFO - Started process (PID=1681) to work on /home/airflow/.local/lib/python3.12/site-packages/airflow/example_dags/example_setup_teardown_taskflow.py
[2026-03-25T11:49:18.132+0000] {processor.py:830} INFO - Processing file /home/airflow/.local/lib/python3.12/site-packages/airflow/example_dags/example_setup_teardown_taskflow.py for tasks to queue
[2026-03-25T11:49:18.134+0000] {logging_mixin.py:188} INFO - [2026-03-25T11:49:18.134+0000] {dagbag.py:540} INFO - Filling up the DagBag from /home/airflow/.local/lib/python3.12/site-packages/airflow/example_dags/example_setup_teardown_taskflow.py
[2026-03-25T11:49:18.146+0000] {processor.py:840} INFO - DAG(s) 'example_setup_teardown_taskflow' retrieved from /home/airflow/.local/lib/python3.12/site-packages/airflow/example_dags/example_setup_teardown_taskflow.py
[2026-03-25T11:49:18.172+0000] {logging_mixin.py:188} INFO - [2026-03-25T11:49:18.171+0000] {dag.py:3096} INFO - Sync 1 DAGs
[2026-03-25T11:49:18.197+0000] {logging_mixin.py:188} INFO - [2026-03-25T11:49:18.197+0000] {dag.py:3954} INFO - Setting next_dagrun for example_setup_teardown_taskflow to 2026-03-24 00:00:00+00:00, run_after=2026-03-25 00:00:00+00:00
[2026-03-25T11:49:18.239+0000] {processor.py:183} INFO - Processing /home/airflow/.local/lib/python3.12/site-packages/airflow/example_dags/example_setup_teardown_taskflow.py took 0.114 seconds
[2026-03-25T11:49:52.594+0000] {processor.py:161} INFO - Started process (PID=1740) to work on /home/airflow/.local/lib/python3.12/site-packages/airflow/example_dags/example_setup_teardown_taskflow.py
[2026-03-25T11:49:52.596+0000] {processor.py:830} INFO - Processing file /home/airflow/.local/lib/python3.12/site-packages/airflow/example_dags/example_setup_teardown_taskflow.py for tasks to queue
[2026-03-25T11:49:52.598+0000] {logging_mixin.py:188} INFO - [2026-03-25T11:49:52.598+0000] {dagbag.py:540} INFO - Filling up the DagBag from /home/airflow/.local/lib/python3.12/site-packages/airflow/example_dags/example_setup_teardown_taskflow.py
[2026-03-25T11:49:52.609+0000] {processor.py:840} INFO - DAG(s) 'example_setup_teardown_taskflow' retrieved from /home/airflow/.local/lib/python3.12/site-packages/airflow/example_dags/example_setup_teardown_taskflow.py
[2026-03-25T11:49:52.637+0000] {logging_mixin.py:188} INFO - [2026-03-25T11:49:52.637+0000] {dag.py:3096} INFO - Sync 1 DAGs
[2026-03-25T11:49:52.667+0000] {logging_mixin.py:188} INFO - [2026-03-25T11:49:52.666+0000] {dag.py:3954} INFO - Setting next_dagrun for example_setup_teardown_taskflow to 2026-03-24 00:00:00+00:00, run_after=2026-03-25 00:00:00+00:00
[2026-03-25T11:49:52.727+0000] {processor.py:183} INFO - Processing /home/airflow/.local/lib/python3.12/site-packages/airflow/example_dags/example_setup_teardown_taskflow.py took 0.139 seconds
[2026-03-25T11:50:23.340+0000] {processor.py:161} INFO - Started process (PID=1799) to work on /home/airflow/.local/lib/python3.12/site-packages/airflow/example_dags/example_setup_teardown_taskflow.py
[2026-03-25T11:50:23.341+0000] {processor.py:830} INFO - Processing file /home/airflow/.local/lib/python3.12/site-packages/airflow/example_dags/example_setup_teardown_taskflow.py for tasks to queue
[2026-03-25T11:50:23.343+0000] {logging_mixin.py:188} INFO - [2026-03-25T11:50:23.343+0000] {dagbag.py:540} INFO - Filling up the DagBag from /home/airflow/.local/lib/python3.12/site-packages/airflow/example_dags/example_setup_teardown_taskflow.py
[2026-03-25T11:50:23.355+0000] {processor.py:840} INFO - DAG(s) 'example_setup_teardown_taskflow' retrieved from /home/airflow/.local/lib/python3.12/site-packages/airflow/example_dags/example_setup_teardown_taskflow.py
[2026-03-25T11:50:23.380+0000] {logging_mixin.py:188} INFO - [2026-03-25T11:50:23.379+0000] {dag.py:3096} INFO - Sync 1 DAGs
[2026-03-25T11:50:23.405+0000] {logging_mixin.py:188} INFO - [2026-03-25T11:50:23.405+0000] {dag.py:3954} INFO - Setting next_dagrun for example_setup_teardown_taskflow to 2026-03-24 00:00:00+00:00, run_after=2026-03-25 00:00:00+00:00
[2026-03-25T11:50:23.557+0000] {processor.py:183} INFO - Processing /home/airflow/.local/lib/python3.12/site-packages/airflow/example_dags/example_setup_teardown_taskflow.py took 0.224 seconds
