[2026-03-25T11:15:34.503+0000] {processor.py:161} INFO - Started process (PID=99) to work on /home/airflow/.local/lib/python3.12/site-packages/airflow/example_dags/example_latest_only.py
[2026-03-25T11:15:34.504+0000] {processor.py:830} INFO - Processing file /home/airflow/.local/lib/python3.12/site-packages/airflow/example_dags/example_latest_only.py for tasks to queue
[2026-03-25T11:15:34.506+0000] {logging_mixin.py:188} INFO - [2026-03-25T11:15:34.506+0000] {dagbag.py:540} INFO - Filling up the DagBag from /home/airflow/.local/lib/python3.12/site-packages/airflow/example_dags/example_latest_only.py
[2026-03-25T11:15:34.512+0000] {processor.py:840} INFO - DAG(s) 'latest_only' retrieved from /home/airflow/.local/lib/python3.12/site-packages/airflow/example_dags/example_latest_only.py
[2026-03-25T11:15:34.623+0000] {logging_mixin.py:188} INFO - [2026-03-25T11:15:34.623+0000] {dag.py:3096} INFO - Sync 1 DAGs
[2026-03-25T11:15:34.643+0000] {logging_mixin.py:188} INFO - [2026-03-25T11:15:34.642+0000] {dag.py:3954} INFO - Setting next_dagrun for latest_only to 2026-03-25 04:00:00+00:00, run_after=2026-03-25 08:00:00+00:00
[2026-03-25T11:15:34.712+0000] {processor.py:183} INFO - Processing /home/airflow/.local/lib/python3.12/site-packages/airflow/example_dags/example_latest_only.py took 0.213 seconds
[2026-03-25T11:16:04.952+0000] {processor.py:161} INFO - Started process (PID=157) to work on /home/airflow/.local/lib/python3.12/site-packages/airflow/example_dags/example_latest_only.py
[2026-03-25T11:16:04.953+0000] {processor.py:830} INFO - Processing file /home/airflow/.local/lib/python3.12/site-packages/airflow/example_dags/example_latest_only.py for tasks to queue
[2026-03-25T11:16:04.955+0000] {logging_mixin.py:188} INFO - [2026-03-25T11:16:04.955+0000] {dagbag.py:540} INFO - Filling up the DagBag from /home/airflow/.local/lib/python3.12/site-packages/airflow/example_dags/example_latest_only.py
[2026-03-25T11:16:04.960+0000] {processor.py:840} INFO - DAG(s) 'latest_only' retrieved from /home/airflow/.local/lib/python3.12/site-packages/airflow/example_dags/example_latest_only.py
[2026-03-25T11:16:04.980+0000] {logging_mixin.py:188} INFO - [2026-03-25T11:16:04.980+0000] {dag.py:3096} INFO - Sync 1 DAGs
[2026-03-25T11:16:05.004+0000] {logging_mixin.py:188} INFO - [2026-03-25T11:16:05.004+0000] {dag.py:3954} INFO - Setting next_dagrun for latest_only to 2026-03-25 04:00:00+00:00, run_after=2026-03-25 08:00:00+00:00
[2026-03-25T11:16:05.053+0000] {processor.py:183} INFO - Processing /home/airflow/.local/lib/python3.12/site-packages/airflow/example_dags/example_latest_only.py took 0.106 seconds
[2026-03-25T11:16:37.577+0000] {processor.py:161} INFO - Started process (PID=217) to work on /home/airflow/.local/lib/python3.12/site-packages/airflow/example_dags/example_latest_only.py
[2026-03-25T11:16:37.578+0000] {processor.py:830} INFO - Processing file /home/airflow/.local/lib/python3.12/site-packages/airflow/example_dags/example_latest_only.py for tasks to queue
[2026-03-25T11:16:37.580+0000] {logging_mixin.py:188} INFO - [2026-03-25T11:16:37.580+0000] {dagbag.py:540} INFO - Filling up the DagBag from /home/airflow/.local/lib/python3.12/site-packages/airflow/example_dags/example_latest_only.py
[2026-03-25T11:16:37.585+0000] {processor.py:840} INFO - DAG(s) 'latest_only' retrieved from /home/airflow/.local/lib/python3.12/site-packages/airflow/example_dags/example_latest_only.py
[2026-03-25T11:16:37.605+0000] {logging_mixin.py:188} INFO - [2026-03-25T11:16:37.604+0000] {dag.py:3096} INFO - Sync 1 DAGs
[2026-03-25T11:16:37.627+0000] {logging_mixin.py:188} INFO - [2026-03-25T11:16:37.627+0000] {dag.py:3954} INFO - Setting next_dagrun for latest_only to 2026-03-25 04:00:00+00:00, run_after=2026-03-25 08:00:00+00:00
[2026-03-25T11:16:37.811+0000] {processor.py:183} INFO - Processing /home/airflow/.local/lib/python3.12/site-packages/airflow/example_dags/example_latest_only.py took 0.239 seconds
[2026-03-25T11:17:11.428+0000] {processor.py:161} INFO - Started process (PID=276) to work on /home/airflow/.local/lib/python3.12/site-packages/airflow/example_dags/example_latest_only.py
[2026-03-25T11:17:11.433+0000] {processor.py:830} INFO - Processing file /home/airflow/.local/lib/python3.12/site-packages/airflow/example_dags/example_latest_only.py for tasks to queue
[2026-03-25T11:17:11.442+0000] {logging_mixin.py:188} INFO - [2026-03-25T11:17:11.440+0000] {dagbag.py:540} INFO - Filling up the DagBag from /home/airflow/.local/lib/python3.12/site-packages/airflow/example_dags/example_latest_only.py
[2026-03-25T11:17:11.466+0000] {processor.py:840} INFO - DAG(s) 'latest_only' retrieved from /home/airflow/.local/lib/python3.12/site-packages/airflow/example_dags/example_latest_only.py
[2026-03-25T11:17:11.572+0000] {logging_mixin.py:188} INFO - [2026-03-25T11:17:11.571+0000] {dag.py:3096} INFO - Sync 1 DAGs
[2026-03-25T11:17:11.708+0000] {logging_mixin.py:188} INFO - [2026-03-25T11:17:11.707+0000] {dag.py:3954} INFO - Setting next_dagrun for latest_only to 2026-03-25 04:00:00+00:00, run_after=2026-03-25 08:00:00+00:00
[2026-03-25T11:17:11.834+0000] {processor.py:183} INFO - Processing /home/airflow/.local/lib/python3.12/site-packages/airflow/example_dags/example_latest_only.py took 0.415 seconds
[2026-03-25T11:17:42.603+0000] {processor.py:161} INFO - Started process (PID=335) to work on /home/airflow/.local/lib/python3.12/site-packages/airflow/example_dags/example_latest_only.py
[2026-03-25T11:17:42.603+0000] {processor.py:830} INFO - Processing file /home/airflow/.local/lib/python3.12/site-packages/airflow/example_dags/example_latest_only.py for tasks to queue
[2026-03-25T11:17:42.605+0000] {logging_mixin.py:188} INFO - [2026-03-25T11:17:42.605+0000] {dagbag.py:540} INFO - Filling up the DagBag from /home/airflow/.local/lib/python3.12/site-packages/airflow/example_dags/example_latest_only.py
[2026-03-25T11:17:42.610+0000] {processor.py:840} INFO - DAG(s) 'latest_only' retrieved from /home/airflow/.local/lib/python3.12/site-packages/airflow/example_dags/example_latest_only.py
[2026-03-25T11:17:42.628+0000] {logging_mixin.py:188} INFO - [2026-03-25T11:17:42.628+0000] {dag.py:3096} INFO - Sync 1 DAGs
[2026-03-25T11:17:42.651+0000] {logging_mixin.py:188} INFO - [2026-03-25T11:17:42.651+0000] {dag.py:3954} INFO - Setting next_dagrun for latest_only to 2026-03-25 04:00:00+00:00, run_after=2026-03-25 08:00:00+00:00
[2026-03-25T11:17:42.719+0000] {processor.py:183} INFO - Processing /home/airflow/.local/lib/python3.12/site-packages/airflow/example_dags/example_latest_only.py took 0.123 seconds
[2026-03-25T11:18:13.238+0000] {processor.py:161} INFO - Started process (PID=394) to work on /home/airflow/.local/lib/python3.12/site-packages/airflow/example_dags/example_latest_only.py
[2026-03-25T11:18:13.239+0000] {processor.py:830} INFO - Processing file /home/airflow/.local/lib/python3.12/site-packages/airflow/example_dags/example_latest_only.py for tasks to queue
[2026-03-25T11:18:13.241+0000] {logging_mixin.py:188} INFO - [2026-03-25T11:18:13.241+0000] {dagbag.py:540} INFO - Filling up the DagBag from /home/airflow/.local/lib/python3.12/site-packages/airflow/example_dags/example_latest_only.py
[2026-03-25T11:18:13.246+0000] {processor.py:840} INFO - DAG(s) 'latest_only' retrieved from /home/airflow/.local/lib/python3.12/site-packages/airflow/example_dags/example_latest_only.py
[2026-03-25T11:18:13.265+0000] {logging_mixin.py:188} INFO - [2026-03-25T11:18:13.265+0000] {dag.py:3096} INFO - Sync 1 DAGs
[2026-03-25T11:18:13.285+0000] {logging_mixin.py:188} INFO - [2026-03-25T11:18:13.285+0000] {dag.py:3954} INFO - Setting next_dagrun for latest_only to 2026-03-25 04:00:00+00:00, run_after=2026-03-25 08:00:00+00:00
[2026-03-25T11:18:13.347+0000] {processor.py:183} INFO - Processing /home/airflow/.local/lib/python3.12/site-packages/airflow/example_dags/example_latest_only.py took 0.114 seconds
[2026-03-25T11:18:45.840+0000] {processor.py:161} INFO - Started process (PID=453) to work on /home/airflow/.local/lib/python3.12/site-packages/airflow/example_dags/example_latest_only.py
[2026-03-25T11:18:45.841+0000] {processor.py:830} INFO - Processing file /home/airflow/.local/lib/python3.12/site-packages/airflow/example_dags/example_latest_only.py for tasks to queue
[2026-03-25T11:18:45.843+0000] {logging_mixin.py:188} INFO - [2026-03-25T11:18:45.843+0000] {dagbag.py:540} INFO - Filling up the DagBag from /home/airflow/.local/lib/python3.12/site-packages/airflow/example_dags/example_latest_only.py
[2026-03-25T11:18:45.848+0000] {processor.py:840} INFO - DAG(s) 'latest_only' retrieved from /home/airflow/.local/lib/python3.12/site-packages/airflow/example_dags/example_latest_only.py
[2026-03-25T11:18:45.867+0000] {logging_mixin.py:188} INFO - [2026-03-25T11:18:45.867+0000] {dag.py:3096} INFO - Sync 1 DAGs
[2026-03-25T11:18:45.891+0000] {logging_mixin.py:188} INFO - [2026-03-25T11:18:45.891+0000] {dag.py:3954} INFO - Setting next_dagrun for latest_only to 2026-03-25 04:00:00+00:00, run_after=2026-03-25 08:00:00+00:00
[2026-03-25T11:18:45.992+0000] {processor.py:183} INFO - Processing /home/airflow/.local/lib/python3.12/site-packages/airflow/example_dags/example_latest_only.py took 0.158 seconds
[2026-03-25T11:19:21.130+0000] {processor.py:161} INFO - Started process (PID=512) to work on /home/airflow/.local/lib/python3.12/site-packages/airflow/example_dags/example_latest_only.py
[2026-03-25T11:19:21.135+0000] {processor.py:830} INFO - Processing file /home/airflow/.local/lib/python3.12/site-packages/airflow/example_dags/example_latest_only.py for tasks to queue
[2026-03-25T11:19:21.144+0000] {logging_mixin.py:188} INFO - [2026-03-25T11:19:21.143+0000] {dagbag.py:540} INFO - Filling up the DagBag from /home/airflow/.local/lib/python3.12/site-packages/airflow/example_dags/example_latest_only.py
[2026-03-25T11:19:21.170+0000] {processor.py:840} INFO - DAG(s) 'latest_only' retrieved from /home/airflow/.local/lib/python3.12/site-packages/airflow/example_dags/example_latest_only.py
[2026-03-25T11:19:21.263+0000] {logging_mixin.py:188} INFO - [2026-03-25T11:19:21.261+0000] {dag.py:3096} INFO - Sync 1 DAGs
[2026-03-25T11:19:21.396+0000] {logging_mixin.py:188} INFO - [2026-03-25T11:19:21.394+0000] {dag.py:3954} INFO - Setting next_dagrun for latest_only to 2026-03-25 04:00:00+00:00, run_after=2026-03-25 08:00:00+00:00
[2026-03-25T11:19:21.562+0000] {processor.py:183} INFO - Processing /home/airflow/.local/lib/python3.12/site-packages/airflow/example_dags/example_latest_only.py took 0.469 seconds
[2026-03-25T11:19:52.287+0000] {processor.py:161} INFO - Started process (PID=571) to work on /home/airflow/.local/lib/python3.12/site-packages/airflow/example_dags/example_latest_only.py
[2026-03-25T11:19:52.288+0000] {processor.py:830} INFO - Processing file /home/airflow/.local/lib/python3.12/site-packages/airflow/example_dags/example_latest_only.py for tasks to queue
[2026-03-25T11:19:52.290+0000] {logging_mixin.py:188} INFO - [2026-03-25T11:19:52.290+0000] {dagbag.py:540} INFO - Filling up the DagBag from /home/airflow/.local/lib/python3.12/site-packages/airflow/example_dags/example_latest_only.py
[2026-03-25T11:19:52.295+0000] {processor.py:840} INFO - DAG(s) 'latest_only' retrieved from /home/airflow/.local/lib/python3.12/site-packages/airflow/example_dags/example_latest_only.py
[2026-03-25T11:19:52.315+0000] {logging_mixin.py:188} INFO - [2026-03-25T11:19:52.314+0000] {dag.py:3096} INFO - Sync 1 DAGs
[2026-03-25T11:19:52.343+0000] {logging_mixin.py:188} INFO - [2026-03-25T11:19:52.343+0000] {dag.py:3954} INFO - Setting next_dagrun for latest_only to 2026-03-25 04:00:00+00:00, run_after=2026-03-25 08:00:00+00:00
[2026-03-25T11:19:52.396+0000] {processor.py:183} INFO - Processing /home/airflow/.local/lib/python3.12/site-packages/airflow/example_dags/example_latest_only.py took 0.114 seconds
[2026-03-25T11:20:24.217+0000] {processor.py:161} INFO - Started process (PID=630) to work on /home/airflow/.local/lib/python3.12/site-packages/airflow/example_dags/example_latest_only.py
[2026-03-25T11:20:24.218+0000] {processor.py:830} INFO - Processing file /home/airflow/.local/lib/python3.12/site-packages/airflow/example_dags/example_latest_only.py for tasks to queue
[2026-03-25T11:20:24.220+0000] {logging_mixin.py:188} INFO - [2026-03-25T11:20:24.220+0000] {dagbag.py:540} INFO - Filling up the DagBag from /home/airflow/.local/lib/python3.12/site-packages/airflow/example_dags/example_latest_only.py
[2026-03-25T11:20:24.225+0000] {processor.py:840} INFO - DAG(s) 'latest_only' retrieved from /home/airflow/.local/lib/python3.12/site-packages/airflow/example_dags/example_latest_only.py
[2026-03-25T11:20:24.247+0000] {logging_mixin.py:188} INFO - [2026-03-25T11:20:24.247+0000] {dag.py:3096} INFO - Sync 1 DAGs
[2026-03-25T11:20:24.267+0000] {logging_mixin.py:188} INFO - [2026-03-25T11:20:24.267+0000] {dag.py:3954} INFO - Setting next_dagrun for latest_only to 2026-03-25 04:00:00+00:00, run_after=2026-03-25 08:00:00+00:00
[2026-03-25T11:20:24.317+0000] {processor.py:183} INFO - Processing /home/airflow/.local/lib/python3.12/site-packages/airflow/example_dags/example_latest_only.py took 0.105 seconds
[2026-03-25T11:20:56.919+0000] {processor.py:161} INFO - Started process (PID=689) to work on /home/airflow/.local/lib/python3.12/site-packages/airflow/example_dags/example_latest_only.py
[2026-03-25T11:20:56.920+0000] {processor.py:830} INFO - Processing file /home/airflow/.local/lib/python3.12/site-packages/airflow/example_dags/example_latest_only.py for tasks to queue
[2026-03-25T11:20:56.922+0000] {logging_mixin.py:188} INFO - [2026-03-25T11:20:56.922+0000] {dagbag.py:540} INFO - Filling up the DagBag from /home/airflow/.local/lib/python3.12/site-packages/airflow/example_dags/example_latest_only.py
[2026-03-25T11:20:56.927+0000] {processor.py:840} INFO - DAG(s) 'latest_only' retrieved from /home/airflow/.local/lib/python3.12/site-packages/airflow/example_dags/example_latest_only.py
[2026-03-25T11:20:56.947+0000] {logging_mixin.py:188} INFO - [2026-03-25T11:20:56.946+0000] {dag.py:3096} INFO - Sync 1 DAGs
[2026-03-25T11:20:56.968+0000] {logging_mixin.py:188} INFO - [2026-03-25T11:20:56.968+0000] {dag.py:3954} INFO - Setting next_dagrun for latest_only to 2026-03-25 04:00:00+00:00, run_after=2026-03-25 08:00:00+00:00
[2026-03-25T11:20:57.012+0000] {processor.py:183} INFO - Processing /home/airflow/.local/lib/python3.12/site-packages/airflow/example_dags/example_latest_only.py took 0.098 seconds
[2026-03-25T11:21:29.665+0000] {processor.py:161} INFO - Started process (PID=748) to work on /home/airflow/.local/lib/python3.12/site-packages/airflow/example_dags/example_latest_only.py
[2026-03-25T11:21:29.666+0000] {processor.py:830} INFO - Processing file /home/airflow/.local/lib/python3.12/site-packages/airflow/example_dags/example_latest_only.py for tasks to queue
[2026-03-25T11:21:29.668+0000] {logging_mixin.py:188} INFO - [2026-03-25T11:21:29.668+0000] {dagbag.py:540} INFO - Filling up the DagBag from /home/airflow/.local/lib/python3.12/site-packages/airflow/example_dags/example_latest_only.py
[2026-03-25T11:21:29.672+0000] {processor.py:840} INFO - DAG(s) 'latest_only' retrieved from /home/airflow/.local/lib/python3.12/site-packages/airflow/example_dags/example_latest_only.py
[2026-03-25T11:21:29.692+0000] {logging_mixin.py:188} INFO - [2026-03-25T11:21:29.691+0000] {dag.py:3096} INFO - Sync 1 DAGs
[2026-03-25T11:21:29.712+0000] {logging_mixin.py:188} INFO - [2026-03-25T11:21:29.712+0000] {dag.py:3954} INFO - Setting next_dagrun for latest_only to 2026-03-25 04:00:00+00:00, run_after=2026-03-25 08:00:00+00:00
[2026-03-25T11:21:29.766+0000] {processor.py:183} INFO - Processing /home/airflow/.local/lib/python3.12/site-packages/airflow/example_dags/example_latest_only.py took 0.107 seconds
[2026-03-25T11:22:03.067+0000] {processor.py:161} INFO - Started process (PID=807) to work on /home/airflow/.local/lib/python3.12/site-packages/airflow/example_dags/example_latest_only.py
[2026-03-25T11:22:03.068+0000] {processor.py:830} INFO - Processing file /home/airflow/.local/lib/python3.12/site-packages/airflow/example_dags/example_latest_only.py for tasks to queue
[2026-03-25T11:22:03.071+0000] {logging_mixin.py:188} INFO - [2026-03-25T11:22:03.070+0000] {dagbag.py:540} INFO - Filling up the DagBag from /home/airflow/.local/lib/python3.12/site-packages/airflow/example_dags/example_latest_only.py
[2026-03-25T11:22:03.077+0000] {processor.py:840} INFO - DAG(s) 'latest_only' retrieved from /home/airflow/.local/lib/python3.12/site-packages/airflow/example_dags/example_latest_only.py
[2026-03-25T11:22:03.101+0000] {logging_mixin.py:188} INFO - [2026-03-25T11:22:03.101+0000] {dag.py:3096} INFO - Sync 1 DAGs
[2026-03-25T11:22:03.139+0000] {logging_mixin.py:188} INFO - [2026-03-25T11:22:03.139+0000] {dag.py:3954} INFO - Setting next_dagrun for latest_only to 2026-03-25 04:00:00+00:00, run_after=2026-03-25 08:00:00+00:00
[2026-03-25T11:22:03.184+0000] {processor.py:183} INFO - Processing /home/airflow/.local/lib/python3.12/site-packages/airflow/example_dags/example_latest_only.py took 0.124 seconds
[2026-03-25T11:22:35.068+0000] {processor.py:161} INFO - Started process (PID=866) to work on /home/airflow/.local/lib/python3.12/site-packages/airflow/example_dags/example_latest_only.py
[2026-03-25T11:22:35.069+0000] {processor.py:830} INFO - Processing file /home/airflow/.local/lib/python3.12/site-packages/airflow/example_dags/example_latest_only.py for tasks to queue
[2026-03-25T11:22:35.071+0000] {logging_mixin.py:188} INFO - [2026-03-25T11:22:35.071+0000] {dagbag.py:540} INFO - Filling up the DagBag from /home/airflow/.local/lib/python3.12/site-packages/airflow/example_dags/example_latest_only.py
[2026-03-25T11:22:35.076+0000] {processor.py:840} INFO - DAG(s) 'latest_only' retrieved from /home/airflow/.local/lib/python3.12/site-packages/airflow/example_dags/example_latest_only.py
[2026-03-25T11:22:35.096+0000] {logging_mixin.py:188} INFO - [2026-03-25T11:22:35.096+0000] {dag.py:3096} INFO - Sync 1 DAGs
[2026-03-25T11:22:35.121+0000] {logging_mixin.py:188} INFO - [2026-03-25T11:22:35.121+0000] {dag.py:3954} INFO - Setting next_dagrun for latest_only to 2026-03-25 04:00:00+00:00, run_after=2026-03-25 08:00:00+00:00
[2026-03-25T11:22:35.173+0000] {processor.py:183} INFO - Processing /home/airflow/.local/lib/python3.12/site-packages/airflow/example_dags/example_latest_only.py took 0.111 seconds
[2026-03-25T11:23:08.568+0000] {processor.py:161} INFO - Started process (PID=925) to work on /home/airflow/.local/lib/python3.12/site-packages/airflow/example_dags/example_latest_only.py
[2026-03-25T11:23:08.570+0000] {processor.py:830} INFO - Processing file /home/airflow/.local/lib/python3.12/site-packages/airflow/example_dags/example_latest_only.py for tasks to queue
[2026-03-25T11:23:08.572+0000] {logging_mixin.py:188} INFO - [2026-03-25T11:23:08.572+0000] {dagbag.py:540} INFO - Filling up the DagBag from /home/airflow/.local/lib/python3.12/site-packages/airflow/example_dags/example_latest_only.py
[2026-03-25T11:23:08.578+0000] {processor.py:840} INFO - DAG(s) 'latest_only' retrieved from /home/airflow/.local/lib/python3.12/site-packages/airflow/example_dags/example_latest_only.py
[2026-03-25T11:23:08.611+0000] {logging_mixin.py:188} INFO - [2026-03-25T11:23:08.610+0000] {dag.py:3096} INFO - Sync 1 DAGs
[2026-03-25T11:23:08.668+0000] {logging_mixin.py:188} INFO - [2026-03-25T11:23:08.667+0000] {dag.py:3954} INFO - Setting next_dagrun for latest_only to 2026-03-25 04:00:00+00:00, run_after=2026-03-25 08:00:00+00:00
[2026-03-25T11:23:08.767+0000] {processor.py:183} INFO - Processing /home/airflow/.local/lib/python3.12/site-packages/airflow/example_dags/example_latest_only.py took 0.204 seconds
[2026-03-25T11:23:40.873+0000] {processor.py:161} INFO - Started process (PID=984) to work on /home/airflow/.local/lib/python3.12/site-packages/airflow/example_dags/example_latest_only.py
[2026-03-25T11:23:40.874+0000] {processor.py:830} INFO - Processing file /home/airflow/.local/lib/python3.12/site-packages/airflow/example_dags/example_latest_only.py for tasks to queue
[2026-03-25T11:23:40.877+0000] {logging_mixin.py:188} INFO - [2026-03-25T11:23:40.876+0000] {dagbag.py:540} INFO - Filling up the DagBag from /home/airflow/.local/lib/python3.12/site-packages/airflow/example_dags/example_latest_only.py
[2026-03-25T11:23:40.882+0000] {processor.py:840} INFO - DAG(s) 'latest_only' retrieved from /home/airflow/.local/lib/python3.12/site-packages/airflow/example_dags/example_latest_only.py
[2026-03-25T11:23:40.904+0000] {logging_mixin.py:188} INFO - [2026-03-25T11:23:40.903+0000] {dag.py:3096} INFO - Sync 1 DAGs
[2026-03-25T11:23:40.926+0000] {logging_mixin.py:188} INFO - [2026-03-25T11:23:40.926+0000] {dag.py:3954} INFO - Setting next_dagrun for latest_only to 2026-03-25 04:00:00+00:00, run_after=2026-03-25 08:00:00+00:00
[2026-03-25T11:23:40.970+0000] {processor.py:183} INFO - Processing /home/airflow/.local/lib/python3.12/site-packages/airflow/example_dags/example_latest_only.py took 0.103 seconds
[2026-03-25T11:24:12.972+0000] {processor.py:161} INFO - Started process (PID=1043) to work on /home/airflow/.local/lib/python3.12/site-packages/airflow/example_dags/example_latest_only.py
[2026-03-25T11:24:12.973+0000] {processor.py:830} INFO - Processing file /home/airflow/.local/lib/python3.12/site-packages/airflow/example_dags/example_latest_only.py for tasks to queue
[2026-03-25T11:24:12.975+0000] {logging_mixin.py:188} INFO - [2026-03-25T11:24:12.975+0000] {dagbag.py:540} INFO - Filling up the DagBag from /home/airflow/.local/lib/python3.12/site-packages/airflow/example_dags/example_latest_only.py
[2026-03-25T11:24:12.980+0000] {processor.py:840} INFO - DAG(s) 'latest_only' retrieved from /home/airflow/.local/lib/python3.12/site-packages/airflow/example_dags/example_latest_only.py
[2026-03-25T11:24:13.000+0000] {logging_mixin.py:188} INFO - [2026-03-25T11:24:12.999+0000] {dag.py:3096} INFO - Sync 1 DAGs
[2026-03-25T11:24:13.023+0000] {logging_mixin.py:188} INFO - [2026-03-25T11:24:13.022+0000] {dag.py:3954} INFO - Setting next_dagrun for latest_only to 2026-03-25 04:00:00+00:00, run_after=2026-03-25 08:00:00+00:00
[2026-03-25T11:24:13.071+0000] {processor.py:183} INFO - Processing /home/airflow/.local/lib/python3.12/site-packages/airflow/example_dags/example_latest_only.py took 0.105 seconds
[2026-03-25T11:24:47.768+0000] {processor.py:161} INFO - Started process (PID=1103) to work on /home/airflow/.local/lib/python3.12/site-packages/airflow/example_dags/example_latest_only.py
[2026-03-25T11:24:47.771+0000] {processor.py:830} INFO - Processing file /home/airflow/.local/lib/python3.12/site-packages/airflow/example_dags/example_latest_only.py for tasks to queue
[2026-03-25T11:24:47.776+0000] {logging_mixin.py:188} INFO - [2026-03-25T11:24:47.775+0000] {dagbag.py:540} INFO - Filling up the DagBag from /home/airflow/.local/lib/python3.12/site-packages/airflow/example_dags/example_latest_only.py
[2026-03-25T11:24:47.789+0000] {processor.py:840} INFO - DAG(s) 'latest_only' retrieved from /home/airflow/.local/lib/python3.12/site-packages/airflow/example_dags/example_latest_only.py
[2026-03-25T11:24:47.834+0000] {logging_mixin.py:188} INFO - [2026-03-25T11:24:47.834+0000] {dag.py:3096} INFO - Sync 1 DAGs
[2026-03-25T11:24:47.895+0000] {logging_mixin.py:188} INFO - [2026-03-25T11:24:47.894+0000] {dag.py:3954} INFO - Setting next_dagrun for latest_only to 2026-03-25 04:00:00+00:00, run_after=2026-03-25 08:00:00+00:00
[2026-03-25T11:24:47.946+0000] {processor.py:183} INFO - Processing /home/airflow/.local/lib/python3.12/site-packages/airflow/example_dags/example_latest_only.py took 0.194 seconds
[2026-03-25T11:25:18.744+0000] {processor.py:161} INFO - Started process (PID=1162) to work on /home/airflow/.local/lib/python3.12/site-packages/airflow/example_dags/example_latest_only.py
[2026-03-25T11:25:18.745+0000] {processor.py:830} INFO - Processing file /home/airflow/.local/lib/python3.12/site-packages/airflow/example_dags/example_latest_only.py for tasks to queue
[2026-03-25T11:25:18.747+0000] {logging_mixin.py:188} INFO - [2026-03-25T11:25:18.746+0000] {dagbag.py:540} INFO - Filling up the DagBag from /home/airflow/.local/lib/python3.12/site-packages/airflow/example_dags/example_latest_only.py
[2026-03-25T11:25:18.752+0000] {processor.py:840} INFO - DAG(s) 'latest_only' retrieved from /home/airflow/.local/lib/python3.12/site-packages/airflow/example_dags/example_latest_only.py
[2026-03-25T11:25:18.772+0000] {logging_mixin.py:188} INFO - [2026-03-25T11:25:18.772+0000] {dag.py:3096} INFO - Sync 1 DAGs
[2026-03-25T11:25:18.793+0000] {logging_mixin.py:188} INFO - [2026-03-25T11:25:18.793+0000] {dag.py:3954} INFO - Setting next_dagrun for latest_only to 2026-03-25 04:00:00+00:00, run_after=2026-03-25 08:00:00+00:00
[2026-03-25T11:25:18.833+0000] {processor.py:183} INFO - Processing /home/airflow/.local/lib/python3.12/site-packages/airflow/example_dags/example_latest_only.py took 0.095 seconds
[2026-03-25T11:25:51.703+0000] {processor.py:161} INFO - Started process (PID=1221) to work on /home/airflow/.local/lib/python3.12/site-packages/airflow/example_dags/example_latest_only.py
[2026-03-25T11:25:51.704+0000] {processor.py:830} INFO - Processing file /home/airflow/.local/lib/python3.12/site-packages/airflow/example_dags/example_latest_only.py for tasks to queue
[2026-03-25T11:25:51.706+0000] {logging_mixin.py:188} INFO - [2026-03-25T11:25:51.706+0000] {dagbag.py:540} INFO - Filling up the DagBag from /home/airflow/.local/lib/python3.12/site-packages/airflow/example_dags/example_latest_only.py
[2026-03-25T11:25:51.711+0000] {processor.py:840} INFO - DAG(s) 'latest_only' retrieved from /home/airflow/.local/lib/python3.12/site-packages/airflow/example_dags/example_latest_only.py
[2026-03-25T11:25:51.734+0000] {logging_mixin.py:188} INFO - [2026-03-25T11:25:51.733+0000] {dag.py:3096} INFO - Sync 1 DAGs
[2026-03-25T11:25:51.760+0000] {logging_mixin.py:188} INFO - [2026-03-25T11:25:51.760+0000] {dag.py:3954} INFO - Setting next_dagrun for latest_only to 2026-03-25 04:00:00+00:00, run_after=2026-03-25 08:00:00+00:00
[2026-03-25T11:25:51.798+0000] {processor.py:183} INFO - Processing /home/airflow/.local/lib/python3.12/site-packages/airflow/example_dags/example_latest_only.py took 0.101 seconds
[2026-03-25T11:26:24.512+0000] {processor.py:161} INFO - Started process (PID=1281) to work on /home/airflow/.local/lib/python3.12/site-packages/airflow/example_dags/example_latest_only.py
[2026-03-25T11:26:24.513+0000] {processor.py:830} INFO - Processing file /home/airflow/.local/lib/python3.12/site-packages/airflow/example_dags/example_latest_only.py for tasks to queue
[2026-03-25T11:26:24.515+0000] {logging_mixin.py:188} INFO - [2026-03-25T11:26:24.515+0000] {dagbag.py:540} INFO - Filling up the DagBag from /home/airflow/.local/lib/python3.12/site-packages/airflow/example_dags/example_latest_only.py
[2026-03-25T11:26:24.520+0000] {processor.py:840} INFO - DAG(s) 'latest_only' retrieved from /home/airflow/.local/lib/python3.12/site-packages/airflow/example_dags/example_latest_only.py
[2026-03-25T11:26:24.546+0000] {logging_mixin.py:188} INFO - [2026-03-25T11:26:24.546+0000] {dag.py:3096} INFO - Sync 1 DAGs
[2026-03-25T11:26:24.575+0000] {logging_mixin.py:188} INFO - [2026-03-25T11:26:24.575+0000] {dag.py:3954} INFO - Setting next_dagrun for latest_only to 2026-03-25 04:00:00+00:00, run_after=2026-03-25 08:00:00+00:00
[2026-03-25T11:26:24.627+0000] {processor.py:183} INFO - Processing /home/airflow/.local/lib/python3.12/site-packages/airflow/example_dags/example_latest_only.py took 0.121 seconds
[2026-03-25T11:26:57.451+0000] {processor.py:161} INFO - Started process (PID=1340) to work on /home/airflow/.local/lib/python3.12/site-packages/airflow/example_dags/example_latest_only.py
[2026-03-25T11:26:57.452+0000] {processor.py:830} INFO - Processing file /home/airflow/.local/lib/python3.12/site-packages/airflow/example_dags/example_latest_only.py for tasks to queue
[2026-03-25T11:26:57.454+0000] {logging_mixin.py:188} INFO - [2026-03-25T11:26:57.454+0000] {dagbag.py:540} INFO - Filling up the DagBag from /home/airflow/.local/lib/python3.12/site-packages/airflow/example_dags/example_latest_only.py
[2026-03-25T11:26:57.460+0000] {processor.py:840} INFO - DAG(s) 'latest_only' retrieved from /home/airflow/.local/lib/python3.12/site-packages/airflow/example_dags/example_latest_only.py
[2026-03-25T11:26:57.485+0000] {logging_mixin.py:188} INFO - [2026-03-25T11:26:57.485+0000] {dag.py:3096} INFO - Sync 1 DAGs
[2026-03-25T11:26:57.519+0000] {logging_mixin.py:188} INFO - [2026-03-25T11:26:57.519+0000] {dag.py:3954} INFO - Setting next_dagrun for latest_only to 2026-03-25 04:00:00+00:00, run_after=2026-03-25 08:00:00+00:00
[2026-03-25T11:26:57.572+0000] {processor.py:183} INFO - Processing /home/airflow/.local/lib/python3.12/site-packages/airflow/example_dags/example_latest_only.py took 0.128 seconds
[2026-03-25T11:27:32.932+0000] {processor.py:161} INFO - Started process (PID=1411) to work on /home/airflow/.local/lib/python3.12/site-packages/airflow/example_dags/example_latest_only.py
[2026-03-25T11:27:32.934+0000] {processor.py:830} INFO - Processing file /home/airflow/.local/lib/python3.12/site-packages/airflow/example_dags/example_latest_only.py for tasks to queue
[2026-03-25T11:27:32.939+0000] {logging_mixin.py:188} INFO - [2026-03-25T11:27:32.938+0000] {dagbag.py:540} INFO - Filling up the DagBag from /home/airflow/.local/lib/python3.12/site-packages/airflow/example_dags/example_latest_only.py
[2026-03-25T11:27:32.950+0000] {processor.py:840} INFO - DAG(s) 'latest_only' retrieved from /home/airflow/.local/lib/python3.12/site-packages/airflow/example_dags/example_latest_only.py
[2026-03-25T11:27:32.992+0000] {logging_mixin.py:188} INFO - [2026-03-25T11:27:32.992+0000] {dag.py:3096} INFO - Sync 1 DAGs
[2026-03-25T11:27:33.046+0000] {logging_mixin.py:188} INFO - [2026-03-25T11:27:33.046+0000] {dag.py:3954} INFO - Setting next_dagrun for latest_only to 2026-03-25 04:00:00+00:00, run_after=2026-03-25 08:00:00+00:00
[2026-03-25T11:27:33.094+0000] {processor.py:183} INFO - Processing /home/airflow/.local/lib/python3.12/site-packages/airflow/example_dags/example_latest_only.py took 0.176 seconds
[2026-03-25T11:28:03.475+0000] {processor.py:161} INFO - Started process (PID=1470) to work on /home/airflow/.local/lib/python3.12/site-packages/airflow/example_dags/example_latest_only.py
[2026-03-25T11:28:03.476+0000] {processor.py:830} INFO - Processing file /home/airflow/.local/lib/python3.12/site-packages/airflow/example_dags/example_latest_only.py for tasks to queue
[2026-03-25T11:28:03.477+0000] {logging_mixin.py:188} INFO - [2026-03-25T11:28:03.477+0000] {dagbag.py:540} INFO - Filling up the DagBag from /home/airflow/.local/lib/python3.12/site-packages/airflow/example_dags/example_latest_only.py
[2026-03-25T11:28:03.482+0000] {processor.py:840} INFO - DAG(s) 'latest_only' retrieved from /home/airflow/.local/lib/python3.12/site-packages/airflow/example_dags/example_latest_only.py
[2026-03-25T11:28:03.502+0000] {logging_mixin.py:188} INFO - [2026-03-25T11:28:03.501+0000] {dag.py:3096} INFO - Sync 1 DAGs
[2026-03-25T11:28:03.526+0000] {logging_mixin.py:188} INFO - [2026-03-25T11:28:03.526+0000] {dag.py:3954} INFO - Setting next_dagrun for latest_only to 2026-03-25 04:00:00+00:00, run_after=2026-03-25 08:00:00+00:00
[2026-03-25T11:28:03.666+0000] {processor.py:183} INFO - Processing /home/airflow/.local/lib/python3.12/site-packages/airflow/example_dags/example_latest_only.py took 0.198 seconds
[2026-03-25T11:28:38.416+0000] {processor.py:161} INFO - Started process (PID=1529) to work on /home/airflow/.local/lib/python3.12/site-packages/airflow/example_dags/example_latest_only.py
[2026-03-25T11:28:38.417+0000] {processor.py:830} INFO - Processing file /home/airflow/.local/lib/python3.12/site-packages/airflow/example_dags/example_latest_only.py for tasks to queue
[2026-03-25T11:28:38.420+0000] {logging_mixin.py:188} INFO - [2026-03-25T11:28:38.419+0000] {dagbag.py:540} INFO - Filling up the DagBag from /home/airflow/.local/lib/python3.12/site-packages/airflow/example_dags/example_latest_only.py
[2026-03-25T11:28:38.425+0000] {processor.py:840} INFO - DAG(s) 'latest_only' retrieved from /home/airflow/.local/lib/python3.12/site-packages/airflow/example_dags/example_latest_only.py
[2026-03-25T11:28:38.447+0000] {logging_mixin.py:188} INFO - [2026-03-25T11:28:38.446+0000] {dag.py:3096} INFO - Sync 1 DAGs
[2026-03-25T11:28:38.471+0000] {logging_mixin.py:188} INFO - [2026-03-25T11:28:38.470+0000] {dag.py:3954} INFO - Setting next_dagrun for latest_only to 2026-03-25 04:00:00+00:00, run_after=2026-03-25 08:00:00+00:00
[2026-03-25T11:28:38.582+0000] {processor.py:183} INFO - Processing /home/airflow/.local/lib/python3.12/site-packages/airflow/example_dags/example_latest_only.py took 0.173 seconds
[2026-03-25T11:29:10.907+0000] {processor.py:161} INFO - Started process (PID=1588) to work on /home/airflow/.local/lib/python3.12/site-packages/airflow/example_dags/example_latest_only.py
[2026-03-25T11:29:10.908+0000] {processor.py:830} INFO - Processing file /home/airflow/.local/lib/python3.12/site-packages/airflow/example_dags/example_latest_only.py for tasks to queue
[2026-03-25T11:29:10.911+0000] {logging_mixin.py:188} INFO - [2026-03-25T11:29:10.910+0000] {dagbag.py:540} INFO - Filling up the DagBag from /home/airflow/.local/lib/python3.12/site-packages/airflow/example_dags/example_latest_only.py
[2026-03-25T11:29:10.916+0000] {processor.py:840} INFO - DAG(s) 'latest_only' retrieved from /home/airflow/.local/lib/python3.12/site-packages/airflow/example_dags/example_latest_only.py
[2026-03-25T11:29:10.946+0000] {logging_mixin.py:188} INFO - [2026-03-25T11:29:10.946+0000] {dag.py:3096} INFO - Sync 1 DAGs
[2026-03-25T11:29:10.972+0000] {logging_mixin.py:188} INFO - [2026-03-25T11:29:10.972+0000] {dag.py:3954} INFO - Setting next_dagrun for latest_only to 2026-03-25 04:00:00+00:00, run_after=2026-03-25 08:00:00+00:00
[2026-03-25T11:29:11.071+0000] {processor.py:183} INFO - Processing /home/airflow/.local/lib/python3.12/site-packages/airflow/example_dags/example_latest_only.py took 0.171 seconds
[2026-03-25T11:29:41.650+0000] {processor.py:161} INFO - Started process (PID=1647) to work on /home/airflow/.local/lib/python3.12/site-packages/airflow/example_dags/example_latest_only.py
[2026-03-25T11:29:41.652+0000] {processor.py:830} INFO - Processing file /home/airflow/.local/lib/python3.12/site-packages/airflow/example_dags/example_latest_only.py for tasks to queue
[2026-03-25T11:29:41.655+0000] {logging_mixin.py:188} INFO - [2026-03-25T11:29:41.655+0000] {dagbag.py:540} INFO - Filling up the DagBag from /home/airflow/.local/lib/python3.12/site-packages/airflow/example_dags/example_latest_only.py
[2026-03-25T11:29:41.665+0000] {processor.py:840} INFO - DAG(s) 'latest_only' retrieved from /home/airflow/.local/lib/python3.12/site-packages/airflow/example_dags/example_latest_only.py
[2026-03-25T11:29:41.704+0000] {logging_mixin.py:188} INFO - [2026-03-25T11:29:41.704+0000] {dag.py:3096} INFO - Sync 1 DAGs
[2026-03-25T11:29:41.747+0000] {logging_mixin.py:188} INFO - [2026-03-25T11:29:41.746+0000] {dag.py:3954} INFO - Setting next_dagrun for latest_only to 2026-03-25 04:00:00+00:00, run_after=2026-03-25 08:00:00+00:00
[2026-03-25T11:29:41.803+0000] {processor.py:183} INFO - Processing /home/airflow/.local/lib/python3.12/site-packages/airflow/example_dags/example_latest_only.py took 0.162 seconds
[2026-03-25T11:30:13.177+0000] {processor.py:161} INFO - Started process (PID=1706) to work on /home/airflow/.local/lib/python3.12/site-packages/airflow/example_dags/example_latest_only.py
[2026-03-25T11:30:13.180+0000] {processor.py:830} INFO - Processing file /home/airflow/.local/lib/python3.12/site-packages/airflow/example_dags/example_latest_only.py for tasks to queue
[2026-03-25T11:30:13.186+0000] {logging_mixin.py:188} INFO - [2026-03-25T11:30:13.185+0000] {dagbag.py:540} INFO - Filling up the DagBag from /home/airflow/.local/lib/python3.12/site-packages/airflow/example_dags/example_latest_only.py
[2026-03-25T11:30:13.200+0000] {processor.py:840} INFO - DAG(s) 'latest_only' retrieved from /home/airflow/.local/lib/python3.12/site-packages/airflow/example_dags/example_latest_only.py
[2026-03-25T11:30:13.252+0000] {logging_mixin.py:188} INFO - [2026-03-25T11:30:13.252+0000] {dag.py:3096} INFO - Sync 1 DAGs
[2026-03-25T11:30:13.315+0000] {logging_mixin.py:188} INFO - [2026-03-25T11:30:13.314+0000] {dag.py:3954} INFO - Setting next_dagrun for latest_only to 2026-03-25 04:00:00+00:00, run_after=2026-03-25 08:00:00+00:00
[2026-03-25T11:30:13.397+0000] {processor.py:183} INFO - Processing /home/airflow/.local/lib/python3.12/site-packages/airflow/example_dags/example_latest_only.py took 0.233 seconds
[2026-03-25T11:30:44.518+0000] {processor.py:161} INFO - Started process (PID=1765) to work on /home/airflow/.local/lib/python3.12/site-packages/airflow/example_dags/example_latest_only.py
[2026-03-25T11:30:44.520+0000] {processor.py:830} INFO - Processing file /home/airflow/.local/lib/python3.12/site-packages/airflow/example_dags/example_latest_only.py for tasks to queue
[2026-03-25T11:30:44.521+0000] {logging_mixin.py:188} INFO - [2026-03-25T11:30:44.521+0000] {dagbag.py:540} INFO - Filling up the DagBag from /home/airflow/.local/lib/python3.12/site-packages/airflow/example_dags/example_latest_only.py
[2026-03-25T11:30:44.526+0000] {processor.py:840} INFO - DAG(s) 'latest_only' retrieved from /home/airflow/.local/lib/python3.12/site-packages/airflow/example_dags/example_latest_only.py
[2026-03-25T11:30:44.545+0000] {logging_mixin.py:188} INFO - [2026-03-25T11:30:44.545+0000] {dag.py:3096} INFO - Sync 1 DAGs
[2026-03-25T11:30:44.569+0000] {logging_mixin.py:188} INFO - [2026-03-25T11:30:44.568+0000] {dag.py:3954} INFO - Setting next_dagrun for latest_only to 2026-03-25 04:00:00+00:00, run_after=2026-03-25 08:00:00+00:00
[2026-03-25T11:30:44.608+0000] {processor.py:183} INFO - Processing /home/airflow/.local/lib/python3.12/site-packages/airflow/example_dags/example_latest_only.py took 0.095 seconds
[2026-03-25T11:31:16.691+0000] {processor.py:161} INFO - Started process (PID=1818) to work on /home/airflow/.local/lib/python3.12/site-packages/airflow/example_dags/example_latest_only.py
[2026-03-25T11:31:16.692+0000] {processor.py:830} INFO - Processing file /home/airflow/.local/lib/python3.12/site-packages/airflow/example_dags/example_latest_only.py for tasks to queue
[2026-03-25T11:31:16.696+0000] {logging_mixin.py:188} INFO - [2026-03-25T11:31:16.695+0000] {dagbag.py:540} INFO - Filling up the DagBag from /home/airflow/.local/lib/python3.12/site-packages/airflow/example_dags/example_latest_only.py
[2026-03-25T11:31:16.702+0000] {processor.py:840} INFO - DAG(s) 'latest_only' retrieved from /home/airflow/.local/lib/python3.12/site-packages/airflow/example_dags/example_latest_only.py
[2026-03-25T11:31:16.727+0000] {logging_mixin.py:188} INFO - [2026-03-25T11:31:16.727+0000] {dag.py:3096} INFO - Sync 1 DAGs
[2026-03-25T11:31:16.761+0000] {logging_mixin.py:188} INFO - [2026-03-25T11:31:16.760+0000] {dag.py:3954} INFO - Setting next_dagrun for latest_only to 2026-03-25 04:00:00+00:00, run_after=2026-03-25 08:00:00+00:00
[2026-03-25T11:31:16.806+0000] {processor.py:183} INFO - Processing /home/airflow/.local/lib/python3.12/site-packages/airflow/example_dags/example_latest_only.py took 0.121 seconds
[2026-03-25T11:31:49.951+0000] {processor.py:161} INFO - Started process (PID=1883) to work on /home/airflow/.local/lib/python3.12/site-packages/airflow/example_dags/example_latest_only.py
[2026-03-25T11:31:49.952+0000] {processor.py:830} INFO - Processing file /home/airflow/.local/lib/python3.12/site-packages/airflow/example_dags/example_latest_only.py for tasks to queue
[2026-03-25T11:31:49.954+0000] {logging_mixin.py:188} INFO - [2026-03-25T11:31:49.953+0000] {dagbag.py:540} INFO - Filling up the DagBag from /home/airflow/.local/lib/python3.12/site-packages/airflow/example_dags/example_latest_only.py
[2026-03-25T11:31:49.960+0000] {processor.py:840} INFO - DAG(s) 'latest_only' retrieved from /home/airflow/.local/lib/python3.12/site-packages/airflow/example_dags/example_latest_only.py
[2026-03-25T11:31:49.981+0000] {logging_mixin.py:188} INFO - [2026-03-25T11:31:49.981+0000] {dag.py:3096} INFO - Sync 1 DAGs
[2026-03-25T11:31:50.005+0000] {logging_mixin.py:188} INFO - [2026-03-25T11:31:50.005+0000] {dag.py:3954} INFO - Setting next_dagrun for latest_only to 2026-03-25 04:00:00+00:00, run_after=2026-03-25 08:00:00+00:00
[2026-03-25T11:31:50.053+0000] {processor.py:183} INFO - Processing /home/airflow/.local/lib/python3.12/site-packages/airflow/example_dags/example_latest_only.py took 0.110 seconds
[2026-03-25T11:32:22.519+0000] {processor.py:161} INFO - Started process (PID=1936) to work on /home/airflow/.local/lib/python3.12/site-packages/airflow/example_dags/example_latest_only.py
[2026-03-25T11:32:22.520+0000] {processor.py:830} INFO - Processing file /home/airflow/.local/lib/python3.12/site-packages/airflow/example_dags/example_latest_only.py for tasks to queue
[2026-03-25T11:32:22.522+0000] {logging_mixin.py:188} INFO - [2026-03-25T11:32:22.522+0000] {dagbag.py:540} INFO - Filling up the DagBag from /home/airflow/.local/lib/python3.12/site-packages/airflow/example_dags/example_latest_only.py
[2026-03-25T11:32:22.527+0000] {processor.py:840} INFO - DAG(s) 'latest_only' retrieved from /home/airflow/.local/lib/python3.12/site-packages/airflow/example_dags/example_latest_only.py
[2026-03-25T11:32:22.547+0000] {logging_mixin.py:188} INFO - [2026-03-25T11:32:22.546+0000] {dag.py:3096} INFO - Sync 1 DAGs
[2026-03-25T11:32:22.567+0000] {logging_mixin.py:188} INFO - [2026-03-25T11:32:22.567+0000] {dag.py:3954} INFO - Setting next_dagrun for latest_only to 2026-03-25 04:00:00+00:00, run_after=2026-03-25 08:00:00+00:00
[2026-03-25T11:32:22.648+0000] {processor.py:183} INFO - Processing /home/airflow/.local/lib/python3.12/site-packages/airflow/example_dags/example_latest_only.py took 0.134 seconds
[2026-03-25T11:34:41.248+0000] {processor.py:161} INFO - Started process (PID=104) to work on /home/airflow/.local/lib/python3.12/site-packages/airflow/example_dags/example_latest_only.py
[2026-03-25T11:34:41.250+0000] {processor.py:830} INFO - Processing file /home/airflow/.local/lib/python3.12/site-packages/airflow/example_dags/example_latest_only.py for tasks to queue
[2026-03-25T11:34:41.252+0000] {logging_mixin.py:188} INFO - [2026-03-25T11:34:41.252+0000] {dagbag.py:540} INFO - Filling up the DagBag from /home/airflow/.local/lib/python3.12/site-packages/airflow/example_dags/example_latest_only.py
[2026-03-25T11:34:41.260+0000] {processor.py:840} INFO - DAG(s) 'latest_only' retrieved from /home/airflow/.local/lib/python3.12/site-packages/airflow/example_dags/example_latest_only.py
[2026-03-25T11:34:41.396+0000] {logging_mixin.py:188} INFO - [2026-03-25T11:34:41.396+0000] {dag.py:3096} INFO - Sync 1 DAGs
[2026-03-25T11:34:41.421+0000] {logging_mixin.py:188} INFO - [2026-03-25T11:34:41.421+0000] {dag.py:3954} INFO - Setting next_dagrun for latest_only to 2026-03-25 04:00:00+00:00, run_after=2026-03-25 08:00:00+00:00
[2026-03-25T11:34:41.461+0000] {processor.py:183} INFO - Processing /home/airflow/.local/lib/python3.12/site-packages/airflow/example_dags/example_latest_only.py took 0.220 seconds
[2026-03-25T11:35:11.727+0000] {processor.py:161} INFO - Started process (PID=163) to work on /home/airflow/.local/lib/python3.12/site-packages/airflow/example_dags/example_latest_only.py
[2026-03-25T11:35:11.728+0000] {processor.py:830} INFO - Processing file /home/airflow/.local/lib/python3.12/site-packages/airflow/example_dags/example_latest_only.py for tasks to queue
[2026-03-25T11:35:11.730+0000] {logging_mixin.py:188} INFO - [2026-03-25T11:35:11.730+0000] {dagbag.py:540} INFO - Filling up the DagBag from /home/airflow/.local/lib/python3.12/site-packages/airflow/example_dags/example_latest_only.py
[2026-03-25T11:35:11.736+0000] {processor.py:840} INFO - DAG(s) 'latest_only' retrieved from /home/airflow/.local/lib/python3.12/site-packages/airflow/example_dags/example_latest_only.py
[2026-03-25T11:35:11.760+0000] {logging_mixin.py:188} INFO - [2026-03-25T11:35:11.759+0000] {dag.py:3096} INFO - Sync 1 DAGs
[2026-03-25T11:35:11.788+0000] {logging_mixin.py:188} INFO - [2026-03-25T11:35:11.787+0000] {dag.py:3954} INFO - Setting next_dagrun for latest_only to 2026-03-25 04:00:00+00:00, run_after=2026-03-25 08:00:00+00:00
[2026-03-25T11:35:11.831+0000] {processor.py:183} INFO - Processing /home/airflow/.local/lib/python3.12/site-packages/airflow/example_dags/example_latest_only.py took 0.111 seconds
[2026-03-25T11:35:42.260+0000] {processor.py:161} INFO - Started process (PID=223) to work on /home/airflow/.local/lib/python3.12/site-packages/airflow/example_dags/example_latest_only.py
[2026-03-25T11:35:42.261+0000] {processor.py:830} INFO - Processing file /home/airflow/.local/lib/python3.12/site-packages/airflow/example_dags/example_latest_only.py for tasks to queue
[2026-03-25T11:35:42.263+0000] {logging_mixin.py:188} INFO - [2026-03-25T11:35:42.263+0000] {dagbag.py:540} INFO - Filling up the DagBag from /home/airflow/.local/lib/python3.12/site-packages/airflow/example_dags/example_latest_only.py
[2026-03-25T11:35:42.268+0000] {processor.py:840} INFO - DAG(s) 'latest_only' retrieved from /home/airflow/.local/lib/python3.12/site-packages/airflow/example_dags/example_latest_only.py
[2026-03-25T11:35:42.290+0000] {logging_mixin.py:188} INFO - [2026-03-25T11:35:42.290+0000] {dag.py:3096} INFO - Sync 1 DAGs
[2026-03-25T11:35:42.313+0000] {logging_mixin.py:188} INFO - [2026-03-25T11:35:42.313+0000] {dag.py:3954} INFO - Setting next_dagrun for latest_only to 2026-03-25 04:00:00+00:00, run_after=2026-03-25 08:00:00+00:00
[2026-03-25T11:35:42.480+0000] {processor.py:183} INFO - Processing /home/airflow/.local/lib/python3.12/site-packages/airflow/example_dags/example_latest_only.py took 0.225 seconds
[2026-03-25T11:36:15.039+0000] {processor.py:161} INFO - Started process (PID=282) to work on /home/airflow/.local/lib/python3.12/site-packages/airflow/example_dags/example_latest_only.py
[2026-03-25T11:36:15.040+0000] {processor.py:830} INFO - Processing file /home/airflow/.local/lib/python3.12/site-packages/airflow/example_dags/example_latest_only.py for tasks to queue
[2026-03-25T11:36:15.042+0000] {logging_mixin.py:188} INFO - [2026-03-25T11:36:15.042+0000] {dagbag.py:540} INFO - Filling up the DagBag from /home/airflow/.local/lib/python3.12/site-packages/airflow/example_dags/example_latest_only.py
[2026-03-25T11:36:15.047+0000] {processor.py:840} INFO - DAG(s) 'latest_only' retrieved from /home/airflow/.local/lib/python3.12/site-packages/airflow/example_dags/example_latest_only.py
[2026-03-25T11:36:15.069+0000] {logging_mixin.py:188} INFO - [2026-03-25T11:36:15.068+0000] {dag.py:3096} INFO - Sync 1 DAGs
[2026-03-25T11:36:15.093+0000] {logging_mixin.py:188} INFO - [2026-03-25T11:36:15.093+0000] {dag.py:3954} INFO - Setting next_dagrun for latest_only to 2026-03-25 04:00:00+00:00, run_after=2026-03-25 08:00:00+00:00
[2026-03-25T11:36:15.138+0000] {processor.py:183} INFO - Processing /home/airflow/.local/lib/python3.12/site-packages/airflow/example_dags/example_latest_only.py took 0.105 seconds
[2026-03-25T11:36:48.218+0000] {processor.py:161} INFO - Started process (PID=341) to work on /home/airflow/.local/lib/python3.12/site-packages/airflow/example_dags/example_latest_only.py
[2026-03-25T11:36:48.219+0000] {processor.py:830} INFO - Processing file /home/airflow/.local/lib/python3.12/site-packages/airflow/example_dags/example_latest_only.py for tasks to queue
[2026-03-25T11:36:48.223+0000] {logging_mixin.py:188} INFO - [2026-03-25T11:36:48.222+0000] {dagbag.py:540} INFO - Filling up the DagBag from /home/airflow/.local/lib/python3.12/site-packages/airflow/example_dags/example_latest_only.py
[2026-03-25T11:36:48.230+0000] {processor.py:840} INFO - DAG(s) 'latest_only' retrieved from /home/airflow/.local/lib/python3.12/site-packages/airflow/example_dags/example_latest_only.py
[2026-03-25T11:36:48.266+0000] {logging_mixin.py:188} INFO - [2026-03-25T11:36:48.266+0000] {dag.py:3096} INFO - Sync 1 DAGs
[2026-03-25T11:36:48.313+0000] {logging_mixin.py:188} INFO - [2026-03-25T11:36:48.313+0000] {dag.py:3954} INFO - Setting next_dagrun for latest_only to 2026-03-25 04:00:00+00:00, run_after=2026-03-25 08:00:00+00:00
[2026-03-25T11:36:48.399+0000] {processor.py:183} INFO - Processing /home/airflow/.local/lib/python3.12/site-packages/airflow/example_dags/example_latest_only.py took 0.190 seconds
[2026-03-25T11:37:20.133+0000] {processor.py:161} INFO - Started process (PID=400) to work on /home/airflow/.local/lib/python3.12/site-packages/airflow/example_dags/example_latest_only.py
[2026-03-25T11:37:20.134+0000] {processor.py:830} INFO - Processing file /home/airflow/.local/lib/python3.12/site-packages/airflow/example_dags/example_latest_only.py for tasks to queue
[2026-03-25T11:37:20.137+0000] {logging_mixin.py:188} INFO - [2026-03-25T11:37:20.136+0000] {dagbag.py:540} INFO - Filling up the DagBag from /home/airflow/.local/lib/python3.12/site-packages/airflow/example_dags/example_latest_only.py
[2026-03-25T11:37:20.153+0000] {processor.py:840} INFO - DAG(s) 'latest_only' retrieved from /home/airflow/.local/lib/python3.12/site-packages/airflow/example_dags/example_latest_only.py
[2026-03-25T11:37:20.217+0000] {logging_mixin.py:188} INFO - [2026-03-25T11:37:20.216+0000] {dag.py:3096} INFO - Sync 1 DAGs
[2026-03-25T11:37:20.283+0000] {logging_mixin.py:188} INFO - [2026-03-25T11:37:20.282+0000] {dag.py:3954} INFO - Setting next_dagrun for latest_only to 2026-03-25 04:00:00+00:00, run_after=2026-03-25 08:00:00+00:00
[2026-03-25T11:37:20.374+0000] {processor.py:183} INFO - Processing /home/airflow/.local/lib/python3.12/site-packages/airflow/example_dags/example_latest_only.py took 0.248 seconds
[2026-03-25T11:37:52.157+0000] {processor.py:161} INFO - Started process (PID=459) to work on /home/airflow/.local/lib/python3.12/site-packages/airflow/example_dags/example_latest_only.py
[2026-03-25T11:37:52.159+0000] {processor.py:830} INFO - Processing file /home/airflow/.local/lib/python3.12/site-packages/airflow/example_dags/example_latest_only.py for tasks to queue
[2026-03-25T11:37:52.160+0000] {logging_mixin.py:188} INFO - [2026-03-25T11:37:52.160+0000] {dagbag.py:540} INFO - Filling up the DagBag from /home/airflow/.local/lib/python3.12/site-packages/airflow/example_dags/example_latest_only.py
[2026-03-25T11:37:52.165+0000] {processor.py:840} INFO - DAG(s) 'latest_only' retrieved from /home/airflow/.local/lib/python3.12/site-packages/airflow/example_dags/example_latest_only.py
[2026-03-25T11:37:52.184+0000] {logging_mixin.py:188} INFO - [2026-03-25T11:37:52.184+0000] {dag.py:3096} INFO - Sync 1 DAGs
[2026-03-25T11:37:52.205+0000] {logging_mixin.py:188} INFO - [2026-03-25T11:37:52.204+0000] {dag.py:3954} INFO - Setting next_dagrun for latest_only to 2026-03-25 04:00:00+00:00, run_after=2026-03-25 08:00:00+00:00
[2026-03-25T11:37:52.268+0000] {processor.py:183} INFO - Processing /home/airflow/.local/lib/python3.12/site-packages/airflow/example_dags/example_latest_only.py took 0.116 seconds
[2026-03-25T11:38:24.230+0000] {processor.py:161} INFO - Started process (PID=512) to work on /home/airflow/.local/lib/python3.12/site-packages/airflow/example_dags/example_latest_only.py
[2026-03-25T11:38:24.231+0000] {processor.py:830} INFO - Processing file /home/airflow/.local/lib/python3.12/site-packages/airflow/example_dags/example_latest_only.py for tasks to queue
[2026-03-25T11:38:24.233+0000] {logging_mixin.py:188} INFO - [2026-03-25T11:38:24.233+0000] {dagbag.py:540} INFO - Filling up the DagBag from /home/airflow/.local/lib/python3.12/site-packages/airflow/example_dags/example_latest_only.py
[2026-03-25T11:38:24.240+0000] {processor.py:840} INFO - DAG(s) 'latest_only' retrieved from /home/airflow/.local/lib/python3.12/site-packages/airflow/example_dags/example_latest_only.py
[2026-03-25T11:38:24.267+0000] {logging_mixin.py:188} INFO - [2026-03-25T11:38:24.267+0000] {dag.py:3096} INFO - Sync 1 DAGs
[2026-03-25T11:38:24.303+0000] {logging_mixin.py:188} INFO - [2026-03-25T11:38:24.303+0000] {dag.py:3954} INFO - Setting next_dagrun for latest_only to 2026-03-25 04:00:00+00:00, run_after=2026-03-25 08:00:00+00:00
[2026-03-25T11:38:24.363+0000] {processor.py:183} INFO - Processing /home/airflow/.local/lib/python3.12/site-packages/airflow/example_dags/example_latest_only.py took 0.140 seconds
[2026-03-25T11:38:56.958+0000] {processor.py:161} INFO - Started process (PID=571) to work on /home/airflow/.local/lib/python3.12/site-packages/airflow/example_dags/example_latest_only.py
[2026-03-25T11:38:56.959+0000] {processor.py:830} INFO - Processing file /home/airflow/.local/lib/python3.12/site-packages/airflow/example_dags/example_latest_only.py for tasks to queue
[2026-03-25T11:38:56.961+0000] {logging_mixin.py:188} INFO - [2026-03-25T11:38:56.960+0000] {dagbag.py:540} INFO - Filling up the DagBag from /home/airflow/.local/lib/python3.12/site-packages/airflow/example_dags/example_latest_only.py
[2026-03-25T11:38:56.967+0000] {processor.py:840} INFO - DAG(s) 'latest_only' retrieved from /home/airflow/.local/lib/python3.12/site-packages/airflow/example_dags/example_latest_only.py
[2026-03-25T11:38:56.988+0000] {logging_mixin.py:188} INFO - [2026-03-25T11:38:56.988+0000] {dag.py:3096} INFO - Sync 1 DAGs
[2026-03-25T11:38:57.012+0000] {logging_mixin.py:188} INFO - [2026-03-25T11:38:57.012+0000] {dag.py:3954} INFO - Setting next_dagrun for latest_only to 2026-03-25 04:00:00+00:00, run_after=2026-03-25 08:00:00+00:00
[2026-03-25T11:38:57.059+0000] {processor.py:183} INFO - Processing /home/airflow/.local/lib/python3.12/site-packages/airflow/example_dags/example_latest_only.py took 0.108 seconds
[2026-03-25T11:39:29.672+0000] {processor.py:161} INFO - Started process (PID=630) to work on /home/airflow/.local/lib/python3.12/site-packages/airflow/example_dags/example_latest_only.py
[2026-03-25T11:39:29.673+0000] {processor.py:830} INFO - Processing file /home/airflow/.local/lib/python3.12/site-packages/airflow/example_dags/example_latest_only.py for tasks to queue
[2026-03-25T11:39:29.675+0000] {logging_mixin.py:188} INFO - [2026-03-25T11:39:29.675+0000] {dagbag.py:540} INFO - Filling up the DagBag from /home/airflow/.local/lib/python3.12/site-packages/airflow/example_dags/example_latest_only.py
[2026-03-25T11:39:29.680+0000] {processor.py:840} INFO - DAG(s) 'latest_only' retrieved from /home/airflow/.local/lib/python3.12/site-packages/airflow/example_dags/example_latest_only.py
[2026-03-25T11:39:29.700+0000] {logging_mixin.py:188} INFO - [2026-03-25T11:39:29.700+0000] {dag.py:3096} INFO - Sync 1 DAGs
[2026-03-25T11:39:29.723+0000] {logging_mixin.py:188} INFO - [2026-03-25T11:39:29.723+0000] {dag.py:3954} INFO - Setting next_dagrun for latest_only to 2026-03-25 04:00:00+00:00, run_after=2026-03-25 08:00:00+00:00
[2026-03-25T11:39:29.765+0000] {processor.py:183} INFO - Processing /home/airflow/.local/lib/python3.12/site-packages/airflow/example_dags/example_latest_only.py took 0.098 seconds
[2026-03-25T11:40:03.280+0000] {processor.py:161} INFO - Started process (PID=695) to work on /home/airflow/.local/lib/python3.12/site-packages/airflow/example_dags/example_latest_only.py
[2026-03-25T11:40:03.281+0000] {processor.py:830} INFO - Processing file /home/airflow/.local/lib/python3.12/site-packages/airflow/example_dags/example_latest_only.py for tasks to queue
[2026-03-25T11:40:03.282+0000] {logging_mixin.py:188} INFO - [2026-03-25T11:40:03.282+0000] {dagbag.py:540} INFO - Filling up the DagBag from /home/airflow/.local/lib/python3.12/site-packages/airflow/example_dags/example_latest_only.py
[2026-03-25T11:40:03.287+0000] {processor.py:840} INFO - DAG(s) 'latest_only' retrieved from /home/airflow/.local/lib/python3.12/site-packages/airflow/example_dags/example_latest_only.py
[2026-03-25T11:40:03.308+0000] {logging_mixin.py:188} INFO - [2026-03-25T11:40:03.308+0000] {dag.py:3096} INFO - Sync 1 DAGs
[2026-03-25T11:40:03.330+0000] {logging_mixin.py:188} INFO - [2026-03-25T11:40:03.330+0000] {dag.py:3954} INFO - Setting next_dagrun for latest_only to 2026-03-25 04:00:00+00:00, run_after=2026-03-25 08:00:00+00:00
[2026-03-25T11:40:03.371+0000] {processor.py:183} INFO - Processing /home/airflow/.local/lib/python3.12/site-packages/airflow/example_dags/example_latest_only.py took 0.097 seconds
[2026-03-25T11:40:35.054+0000] {processor.py:161} INFO - Started process (PID=748) to work on /home/airflow/.local/lib/python3.12/site-packages/airflow/example_dags/example_latest_only.py
[2026-03-25T11:40:35.055+0000] {processor.py:830} INFO - Processing file /home/airflow/.local/lib/python3.12/site-packages/airflow/example_dags/example_latest_only.py for tasks to queue
[2026-03-25T11:40:35.057+0000] {logging_mixin.py:188} INFO - [2026-03-25T11:40:35.057+0000] {dagbag.py:540} INFO - Filling up the DagBag from /home/airflow/.local/lib/python3.12/site-packages/airflow/example_dags/example_latest_only.py
[2026-03-25T11:40:35.061+0000] {processor.py:840} INFO - DAG(s) 'latest_only' retrieved from /home/airflow/.local/lib/python3.12/site-packages/airflow/example_dags/example_latest_only.py
[2026-03-25T11:40:35.081+0000] {logging_mixin.py:188} INFO - [2026-03-25T11:40:35.080+0000] {dag.py:3096} INFO - Sync 1 DAGs
[2026-03-25T11:40:35.103+0000] {logging_mixin.py:188} INFO - [2026-03-25T11:40:35.103+0000] {dag.py:3954} INFO - Setting next_dagrun for latest_only to 2026-03-25 04:00:00+00:00, run_after=2026-03-25 08:00:00+00:00
[2026-03-25T11:40:35.143+0000] {processor.py:183} INFO - Processing /home/airflow/.local/lib/python3.12/site-packages/airflow/example_dags/example_latest_only.py took 0.095 seconds
[2026-03-25T11:41:08.026+0000] {processor.py:161} INFO - Started process (PID=807) to work on /home/airflow/.local/lib/python3.12/site-packages/airflow/example_dags/example_latest_only.py
[2026-03-25T11:41:08.028+0000] {processor.py:830} INFO - Processing file /home/airflow/.local/lib/python3.12/site-packages/airflow/example_dags/example_latest_only.py for tasks to queue
[2026-03-25T11:41:08.029+0000] {logging_mixin.py:188} INFO - [2026-03-25T11:41:08.029+0000] {dagbag.py:540} INFO - Filling up the DagBag from /home/airflow/.local/lib/python3.12/site-packages/airflow/example_dags/example_latest_only.py
[2026-03-25T11:41:08.034+0000] {processor.py:840} INFO - DAG(s) 'latest_only' retrieved from /home/airflow/.local/lib/python3.12/site-packages/airflow/example_dags/example_latest_only.py
[2026-03-25T11:41:08.055+0000] {logging_mixin.py:188} INFO - [2026-03-25T11:41:08.055+0000] {dag.py:3096} INFO - Sync 1 DAGs
[2026-03-25T11:41:08.078+0000] {logging_mixin.py:188} INFO - [2026-03-25T11:41:08.078+0000] {dag.py:3954} INFO - Setting next_dagrun for latest_only to 2026-03-25 04:00:00+00:00, run_after=2026-03-25 08:00:00+00:00
[2026-03-25T11:41:08.130+0000] {processor.py:183} INFO - Processing /home/airflow/.local/lib/python3.12/site-packages/airflow/example_dags/example_latest_only.py took 0.110 seconds
[2026-03-25T11:41:42.265+0000] {processor.py:161} INFO - Started process (PID=872) to work on /home/airflow/.local/lib/python3.12/site-packages/airflow/example_dags/example_latest_only.py
[2026-03-25T11:41:42.266+0000] {processor.py:830} INFO - Processing file /home/airflow/.local/lib/python3.12/site-packages/airflow/example_dags/example_latest_only.py for tasks to queue
[2026-03-25T11:41:42.268+0000] {logging_mixin.py:188} INFO - [2026-03-25T11:41:42.268+0000] {dagbag.py:540} INFO - Filling up the DagBag from /home/airflow/.local/lib/python3.12/site-packages/airflow/example_dags/example_latest_only.py
[2026-03-25T11:41:42.272+0000] {processor.py:840} INFO - DAG(s) 'latest_only' retrieved from /home/airflow/.local/lib/python3.12/site-packages/airflow/example_dags/example_latest_only.py
[2026-03-25T11:41:42.293+0000] {logging_mixin.py:188} INFO - [2026-03-25T11:41:42.292+0000] {dag.py:3096} INFO - Sync 1 DAGs
[2026-03-25T11:41:42.316+0000] {logging_mixin.py:188} INFO - [2026-03-25T11:41:42.316+0000] {dag.py:3954} INFO - Setting next_dagrun for latest_only to 2026-03-25 04:00:00+00:00, run_after=2026-03-25 08:00:00+00:00
[2026-03-25T11:41:42.358+0000] {processor.py:183} INFO - Processing /home/airflow/.local/lib/python3.12/site-packages/airflow/example_dags/example_latest_only.py took 0.099 seconds
[2026-03-25T11:42:13.277+0000] {processor.py:161} INFO - Started process (PID=925) to work on /home/airflow/.local/lib/python3.12/site-packages/airflow/example_dags/example_latest_only.py
[2026-03-25T11:42:13.278+0000] {processor.py:830} INFO - Processing file /home/airflow/.local/lib/python3.12/site-packages/airflow/example_dags/example_latest_only.py for tasks to queue
[2026-03-25T11:42:13.280+0000] {logging_mixin.py:188} INFO - [2026-03-25T11:42:13.279+0000] {dagbag.py:540} INFO - Filling up the DagBag from /home/airflow/.local/lib/python3.12/site-packages/airflow/example_dags/example_latest_only.py
[2026-03-25T11:42:13.285+0000] {processor.py:840} INFO - DAG(s) 'latest_only' retrieved from /home/airflow/.local/lib/python3.12/site-packages/airflow/example_dags/example_latest_only.py
[2026-03-25T11:42:13.309+0000] {logging_mixin.py:188} INFO - [2026-03-25T11:42:13.308+0000] {dag.py:3096} INFO - Sync 1 DAGs
[2026-03-25T11:42:13.331+0000] {logging_mixin.py:188} INFO - [2026-03-25T11:42:13.331+0000] {dag.py:3954} INFO - Setting next_dagrun for latest_only to 2026-03-25 04:00:00+00:00, run_after=2026-03-25 08:00:00+00:00
[2026-03-25T11:42:13.376+0000] {processor.py:183} INFO - Processing /home/airflow/.local/lib/python3.12/site-packages/airflow/example_dags/example_latest_only.py took 0.105 seconds
[2026-03-25T11:42:46.251+0000] {processor.py:161} INFO - Started process (PID=984) to work on /home/airflow/.local/lib/python3.12/site-packages/airflow/example_dags/example_latest_only.py
[2026-03-25T11:42:46.252+0000] {processor.py:830} INFO - Processing file /home/airflow/.local/lib/python3.12/site-packages/airflow/example_dags/example_latest_only.py for tasks to queue
[2026-03-25T11:42:46.255+0000] {logging_mixin.py:188} INFO - [2026-03-25T11:42:46.255+0000] {dagbag.py:540} INFO - Filling up the DagBag from /home/airflow/.local/lib/python3.12/site-packages/airflow/example_dags/example_latest_only.py
[2026-03-25T11:42:46.262+0000] {processor.py:840} INFO - DAG(s) 'latest_only' retrieved from /home/airflow/.local/lib/python3.12/site-packages/airflow/example_dags/example_latest_only.py
[2026-03-25T11:42:46.291+0000] {logging_mixin.py:188} INFO - [2026-03-25T11:42:46.290+0000] {dag.py:3096} INFO - Sync 1 DAGs
[2026-03-25T11:42:46.321+0000] {logging_mixin.py:188} INFO - [2026-03-25T11:42:46.320+0000] {dag.py:3954} INFO - Setting next_dagrun for latest_only to 2026-03-25 04:00:00+00:00, run_after=2026-03-25 08:00:00+00:00
[2026-03-25T11:42:46.368+0000] {processor.py:183} INFO - Processing /home/airflow/.local/lib/python3.12/site-packages/airflow/example_dags/example_latest_only.py took 0.125 seconds
[2026-03-25T11:43:19.607+0000] {processor.py:161} INFO - Started process (PID=1049) to work on /home/airflow/.local/lib/python3.12/site-packages/airflow/example_dags/example_latest_only.py
[2026-03-25T11:43:19.608+0000] {processor.py:830} INFO - Processing file /home/airflow/.local/lib/python3.12/site-packages/airflow/example_dags/example_latest_only.py for tasks to queue
[2026-03-25T11:43:19.610+0000] {logging_mixin.py:188} INFO - [2026-03-25T11:43:19.610+0000] {dagbag.py:540} INFO - Filling up the DagBag from /home/airflow/.local/lib/python3.12/site-packages/airflow/example_dags/example_latest_only.py
[2026-03-25T11:43:19.615+0000] {processor.py:840} INFO - DAG(s) 'latest_only' retrieved from /home/airflow/.local/lib/python3.12/site-packages/airflow/example_dags/example_latest_only.py
[2026-03-25T11:43:19.635+0000] {logging_mixin.py:188} INFO - [2026-03-25T11:43:19.634+0000] {dag.py:3096} INFO - Sync 1 DAGs
[2026-03-25T11:43:19.661+0000] {logging_mixin.py:188} INFO - [2026-03-25T11:43:19.661+0000] {dag.py:3954} INFO - Setting next_dagrun for latest_only to 2026-03-25 04:00:00+00:00, run_after=2026-03-25 08:00:00+00:00
[2026-03-25T11:43:19.700+0000] {processor.py:183} INFO - Processing /home/airflow/.local/lib/python3.12/site-packages/airflow/example_dags/example_latest_only.py took 0.098 seconds
[2026-03-25T11:43:53.037+0000] {processor.py:161} INFO - Started process (PID=1108) to work on /home/airflow/.local/lib/python3.12/site-packages/airflow/example_dags/example_latest_only.py
[2026-03-25T11:43:53.039+0000] {processor.py:830} INFO - Processing file /home/airflow/.local/lib/python3.12/site-packages/airflow/example_dags/example_latest_only.py for tasks to queue
[2026-03-25T11:43:53.042+0000] {logging_mixin.py:188} INFO - [2026-03-25T11:43:53.042+0000] {dagbag.py:540} INFO - Filling up the DagBag from /home/airflow/.local/lib/python3.12/site-packages/airflow/example_dags/example_latest_only.py
[2026-03-25T11:43:53.049+0000] {processor.py:840} INFO - DAG(s) 'latest_only' retrieved from /home/airflow/.local/lib/python3.12/site-packages/airflow/example_dags/example_latest_only.py
[2026-03-25T11:43:53.073+0000] {logging_mixin.py:188} INFO - [2026-03-25T11:43:53.073+0000] {dag.py:3096} INFO - Sync 1 DAGs
[2026-03-25T11:43:53.101+0000] {logging_mixin.py:188} INFO - [2026-03-25T11:43:53.101+0000] {dag.py:3954} INFO - Setting next_dagrun for latest_only to 2026-03-25 04:00:00+00:00, run_after=2026-03-25 08:00:00+00:00
[2026-03-25T11:43:53.148+0000] {processor.py:183} INFO - Processing /home/airflow/.local/lib/python3.12/site-packages/airflow/example_dags/example_latest_only.py took 0.119 seconds
[2026-03-25T11:44:24.292+0000] {processor.py:161} INFO - Started process (PID=1161) to work on /home/airflow/.local/lib/python3.12/site-packages/airflow/example_dags/example_latest_only.py
[2026-03-25T11:44:24.293+0000] {processor.py:830} INFO - Processing file /home/airflow/.local/lib/python3.12/site-packages/airflow/example_dags/example_latest_only.py for tasks to queue
[2026-03-25T11:44:24.295+0000] {logging_mixin.py:188} INFO - [2026-03-25T11:44:24.295+0000] {dagbag.py:540} INFO - Filling up the DagBag from /home/airflow/.local/lib/python3.12/site-packages/airflow/example_dags/example_latest_only.py
[2026-03-25T11:44:24.301+0000] {processor.py:840} INFO - DAG(s) 'latest_only' retrieved from /home/airflow/.local/lib/python3.12/site-packages/airflow/example_dags/example_latest_only.py
[2026-03-25T11:44:24.326+0000] {logging_mixin.py:188} INFO - [2026-03-25T11:44:24.325+0000] {dag.py:3096} INFO - Sync 1 DAGs
[2026-03-25T11:44:24.357+0000] {logging_mixin.py:188} INFO - [2026-03-25T11:44:24.357+0000] {dag.py:3954} INFO - Setting next_dagrun for latest_only to 2026-03-25 04:00:00+00:00, run_after=2026-03-25 08:00:00+00:00
[2026-03-25T11:44:24.413+0000] {processor.py:183} INFO - Processing /home/airflow/.local/lib/python3.12/site-packages/airflow/example_dags/example_latest_only.py took 0.128 seconds
[2026-03-25T11:44:57.357+0000] {processor.py:161} INFO - Started process (PID=1220) to work on /home/airflow/.local/lib/python3.12/site-packages/airflow/example_dags/example_latest_only.py
[2026-03-25T11:44:57.358+0000] {processor.py:830} INFO - Processing file /home/airflow/.local/lib/python3.12/site-packages/airflow/example_dags/example_latest_only.py for tasks to queue
[2026-03-25T11:44:57.360+0000] {logging_mixin.py:188} INFO - [2026-03-25T11:44:57.359+0000] {dagbag.py:540} INFO - Filling up the DagBag from /home/airflow/.local/lib/python3.12/site-packages/airflow/example_dags/example_latest_only.py
[2026-03-25T11:44:57.364+0000] {processor.py:840} INFO - DAG(s) 'latest_only' retrieved from /home/airflow/.local/lib/python3.12/site-packages/airflow/example_dags/example_latest_only.py
[2026-03-25T11:44:57.384+0000] {logging_mixin.py:188} INFO - [2026-03-25T11:44:57.384+0000] {dag.py:3096} INFO - Sync 1 DAGs
[2026-03-25T11:44:57.407+0000] {logging_mixin.py:188} INFO - [2026-03-25T11:44:57.406+0000] {dag.py:3954} INFO - Setting next_dagrun for latest_only to 2026-03-25 04:00:00+00:00, run_after=2026-03-25 08:00:00+00:00
[2026-03-25T11:44:57.446+0000] {processor.py:183} INFO - Processing /home/airflow/.local/lib/python3.12/site-packages/airflow/example_dags/example_latest_only.py took 0.095 seconds
[2026-03-25T11:45:30.348+0000] {processor.py:161} INFO - Started process (PID=1279) to work on /home/airflow/.local/lib/python3.12/site-packages/airflow/example_dags/example_latest_only.py
[2026-03-25T11:45:30.350+0000] {processor.py:830} INFO - Processing file /home/airflow/.local/lib/python3.12/site-packages/airflow/example_dags/example_latest_only.py for tasks to queue
[2026-03-25T11:45:30.352+0000] {logging_mixin.py:188} INFO - [2026-03-25T11:45:30.352+0000] {dagbag.py:540} INFO - Filling up the DagBag from /home/airflow/.local/lib/python3.12/site-packages/airflow/example_dags/example_latest_only.py
[2026-03-25T11:45:30.359+0000] {processor.py:840} INFO - DAG(s) 'latest_only' retrieved from /home/airflow/.local/lib/python3.12/site-packages/airflow/example_dags/example_latest_only.py
[2026-03-25T11:45:30.382+0000] {logging_mixin.py:188} INFO - [2026-03-25T11:45:30.382+0000] {dag.py:3096} INFO - Sync 1 DAGs
[2026-03-25T11:45:30.413+0000] {logging_mixin.py:188} INFO - [2026-03-25T11:45:30.412+0000] {dag.py:3954} INFO - Setting next_dagrun for latest_only to 2026-03-25 04:00:00+00:00, run_after=2026-03-25 08:00:00+00:00
[2026-03-25T11:45:30.456+0000] {processor.py:183} INFO - Processing /home/airflow/.local/lib/python3.12/site-packages/airflow/example_dags/example_latest_only.py took 0.117 seconds
[2026-03-25T11:46:02.620+0000] {processor.py:161} INFO - Started process (PID=1338) to work on /home/airflow/.local/lib/python3.12/site-packages/airflow/example_dags/example_latest_only.py
[2026-03-25T11:46:02.621+0000] {processor.py:830} INFO - Processing file /home/airflow/.local/lib/python3.12/site-packages/airflow/example_dags/example_latest_only.py for tasks to queue
[2026-03-25T11:46:02.624+0000] {logging_mixin.py:188} INFO - [2026-03-25T11:46:02.624+0000] {dagbag.py:540} INFO - Filling up the DagBag from /home/airflow/.local/lib/python3.12/site-packages/airflow/example_dags/example_latest_only.py
[2026-03-25T11:46:02.629+0000] {processor.py:840} INFO - DAG(s) 'latest_only' retrieved from /home/airflow/.local/lib/python3.12/site-packages/airflow/example_dags/example_latest_only.py
[2026-03-25T11:46:02.650+0000] {logging_mixin.py:188} INFO - [2026-03-25T11:46:02.650+0000] {dag.py:3096} INFO - Sync 1 DAGs
[2026-03-25T11:46:02.673+0000] {logging_mixin.py:188} INFO - [2026-03-25T11:46:02.673+0000] {dag.py:3954} INFO - Setting next_dagrun for latest_only to 2026-03-25 04:00:00+00:00, run_after=2026-03-25 08:00:00+00:00
[2026-03-25T11:46:02.721+0000] {processor.py:183} INFO - Processing /home/airflow/.local/lib/python3.12/site-packages/airflow/example_dags/example_latest_only.py took 0.109 seconds
[2026-03-25T11:46:36.207+0000] {processor.py:161} INFO - Started process (PID=1397) to work on /home/airflow/.local/lib/python3.12/site-packages/airflow/example_dags/example_latest_only.py
[2026-03-25T11:46:36.208+0000] {processor.py:830} INFO - Processing file /home/airflow/.local/lib/python3.12/site-packages/airflow/example_dags/example_latest_only.py for tasks to queue
[2026-03-25T11:46:36.210+0000] {logging_mixin.py:188} INFO - [2026-03-25T11:46:36.210+0000] {dagbag.py:540} INFO - Filling up the DagBag from /home/airflow/.local/lib/python3.12/site-packages/airflow/example_dags/example_latest_only.py
[2026-03-25T11:46:36.217+0000] {processor.py:840} INFO - DAG(s) 'latest_only' retrieved from /home/airflow/.local/lib/python3.12/site-packages/airflow/example_dags/example_latest_only.py
[2026-03-25T11:46:36.243+0000] {logging_mixin.py:188} INFO - [2026-03-25T11:46:36.243+0000] {dag.py:3096} INFO - Sync 1 DAGs
[2026-03-25T11:46:36.283+0000] {logging_mixin.py:188} INFO - [2026-03-25T11:46:36.282+0000] {dag.py:3954} INFO - Setting next_dagrun for latest_only to 2026-03-25 04:00:00+00:00, run_after=2026-03-25 08:00:00+00:00
[2026-03-25T11:46:36.344+0000] {processor.py:183} INFO - Processing /home/airflow/.local/lib/python3.12/site-packages/airflow/example_dags/example_latest_only.py took 0.146 seconds
[2026-03-25T11:47:10.909+0000] {processor.py:161} INFO - Started process (PID=1463) to work on /home/airflow/.local/lib/python3.12/site-packages/airflow/example_dags/example_latest_only.py
[2026-03-25T11:47:10.911+0000] {processor.py:830} INFO - Processing file /home/airflow/.local/lib/python3.12/site-packages/airflow/example_dags/example_latest_only.py for tasks to queue
[2026-03-25T11:47:10.914+0000] {logging_mixin.py:188} INFO - [2026-03-25T11:47:10.913+0000] {dagbag.py:540} INFO - Filling up the DagBag from /home/airflow/.local/lib/python3.12/site-packages/airflow/example_dags/example_latest_only.py
[2026-03-25T11:47:10.922+0000] {processor.py:840} INFO - DAG(s) 'latest_only' retrieved from /home/airflow/.local/lib/python3.12/site-packages/airflow/example_dags/example_latest_only.py
[2026-03-25T11:47:10.952+0000] {logging_mixin.py:188} INFO - [2026-03-25T11:47:10.952+0000] {dag.py:3096} INFO - Sync 1 DAGs
[2026-03-25T11:47:10.985+0000] {logging_mixin.py:188} INFO - [2026-03-25T11:47:10.985+0000] {dag.py:3954} INFO - Setting next_dagrun for latest_only to 2026-03-25 04:00:00+00:00, run_after=2026-03-25 08:00:00+00:00
[2026-03-25T11:47:11.067+0000] {processor.py:183} INFO - Processing /home/airflow/.local/lib/python3.12/site-packages/airflow/example_dags/example_latest_only.py took 0.170 seconds
[2026-03-25T11:47:43.896+0000] {processor.py:161} INFO - Started process (PID=1522) to work on /home/airflow/.local/lib/python3.12/site-packages/airflow/example_dags/example_latest_only.py
[2026-03-25T11:47:43.898+0000] {processor.py:830} INFO - Processing file /home/airflow/.local/lib/python3.12/site-packages/airflow/example_dags/example_latest_only.py for tasks to queue
[2026-03-25T11:47:43.902+0000] {logging_mixin.py:188} INFO - [2026-03-25T11:47:43.901+0000] {dagbag.py:540} INFO - Filling up the DagBag from /home/airflow/.local/lib/python3.12/site-packages/airflow/example_dags/example_latest_only.py
[2026-03-25T11:47:43.912+0000] {processor.py:840} INFO - DAG(s) 'latest_only' retrieved from /home/airflow/.local/lib/python3.12/site-packages/airflow/example_dags/example_latest_only.py
[2026-03-25T11:47:43.943+0000] {logging_mixin.py:188} INFO - [2026-03-25T11:47:43.943+0000] {dag.py:3096} INFO - Sync 1 DAGs
[2026-03-25T11:47:43.975+0000] {logging_mixin.py:188} INFO - [2026-03-25T11:47:43.974+0000] {dag.py:3954} INFO - Setting next_dagrun for latest_only to 2026-03-25 04:00:00+00:00, run_after=2026-03-25 08:00:00+00:00
[2026-03-25T11:47:44.019+0000] {processor.py:183} INFO - Processing /home/airflow/.local/lib/python3.12/site-packages/airflow/example_dags/example_latest_only.py took 0.133 seconds
[2026-03-25T11:48:14.065+0000] {processor.py:161} INFO - Started process (PID=1575) to work on /home/airflow/.local/lib/python3.12/site-packages/airflow/example_dags/example_latest_only.py
[2026-03-25T11:48:14.067+0000] {processor.py:830} INFO - Processing file /home/airflow/.local/lib/python3.12/site-packages/airflow/example_dags/example_latest_only.py for tasks to queue
[2026-03-25T11:48:14.069+0000] {logging_mixin.py:188} INFO - [2026-03-25T11:48:14.069+0000] {dagbag.py:540} INFO - Filling up the DagBag from /home/airflow/.local/lib/python3.12/site-packages/airflow/example_dags/example_latest_only.py
[2026-03-25T11:48:14.075+0000] {processor.py:840} INFO - DAG(s) 'latest_only' retrieved from /home/airflow/.local/lib/python3.12/site-packages/airflow/example_dags/example_latest_only.py
[2026-03-25T11:48:14.101+0000] {logging_mixin.py:188} INFO - [2026-03-25T11:48:14.100+0000] {dag.py:3096} INFO - Sync 1 DAGs
[2026-03-25T11:48:14.127+0000] {logging_mixin.py:188} INFO - [2026-03-25T11:48:14.127+0000] {dag.py:3954} INFO - Setting next_dagrun for latest_only to 2026-03-25 04:00:00+00:00, run_after=2026-03-25 08:00:00+00:00
[2026-03-25T11:48:14.186+0000] {processor.py:183} INFO - Processing /home/airflow/.local/lib/python3.12/site-packages/airflow/example_dags/example_latest_only.py took 0.128 seconds
[2026-03-25T11:48:46.148+0000] {processor.py:161} INFO - Started process (PID=1634) to work on /home/airflow/.local/lib/python3.12/site-packages/airflow/example_dags/example_latest_only.py
[2026-03-25T11:48:46.149+0000] {processor.py:830} INFO - Processing file /home/airflow/.local/lib/python3.12/site-packages/airflow/example_dags/example_latest_only.py for tasks to queue
[2026-03-25T11:48:46.151+0000] {logging_mixin.py:188} INFO - [2026-03-25T11:48:46.151+0000] {dagbag.py:540} INFO - Filling up the DagBag from /home/airflow/.local/lib/python3.12/site-packages/airflow/example_dags/example_latest_only.py
[2026-03-25T11:48:46.157+0000] {processor.py:840} INFO - DAG(s) 'latest_only' retrieved from /home/airflow/.local/lib/python3.12/site-packages/airflow/example_dags/example_latest_only.py
[2026-03-25T11:48:46.178+0000] {logging_mixin.py:188} INFO - [2026-03-25T11:48:46.178+0000] {dag.py:3096} INFO - Sync 1 DAGs
[2026-03-25T11:48:46.202+0000] {logging_mixin.py:188} INFO - [2026-03-25T11:48:46.202+0000] {dag.py:3954} INFO - Setting next_dagrun for latest_only to 2026-03-25 04:00:00+00:00, run_after=2026-03-25 08:00:00+00:00
[2026-03-25T11:48:46.247+0000] {processor.py:183} INFO - Processing /home/airflow/.local/lib/python3.12/site-packages/airflow/example_dags/example_latest_only.py took 0.106 seconds
[2026-03-25T11:49:19.572+0000] {processor.py:161} INFO - Started process (PID=1693) to work on /home/airflow/.local/lib/python3.12/site-packages/airflow/example_dags/example_latest_only.py
[2026-03-25T11:49:19.577+0000] {processor.py:830} INFO - Processing file /home/airflow/.local/lib/python3.12/site-packages/airflow/example_dags/example_latest_only.py for tasks to queue
[2026-03-25T11:49:19.586+0000] {logging_mixin.py:188} INFO - [2026-03-25T11:49:19.584+0000] {dagbag.py:540} INFO - Filling up the DagBag from /home/airflow/.local/lib/python3.12/site-packages/airflow/example_dags/example_latest_only.py
[2026-03-25T11:49:19.609+0000] {processor.py:840} INFO - DAG(s) 'latest_only' retrieved from /home/airflow/.local/lib/python3.12/site-packages/airflow/example_dags/example_latest_only.py
[2026-03-25T11:49:19.701+0000] {logging_mixin.py:188} INFO - [2026-03-25T11:49:19.700+0000] {dag.py:3096} INFO - Sync 1 DAGs
[2026-03-25T11:49:19.844+0000] {logging_mixin.py:188} INFO - [2026-03-25T11:49:19.843+0000] {dag.py:3954} INFO - Setting next_dagrun for latest_only to 2026-03-25 04:00:00+00:00, run_after=2026-03-25 08:00:00+00:00
[2026-03-25T11:49:19.955+0000] {processor.py:183} INFO - Processing /home/airflow/.local/lib/python3.12/site-packages/airflow/example_dags/example_latest_only.py took 0.411 seconds
[2026-03-25T11:49:53.917+0000] {processor.py:161} INFO - Started process (PID=1758) to work on /home/airflow/.local/lib/python3.12/site-packages/airflow/example_dags/example_latest_only.py
[2026-03-25T11:49:53.918+0000] {processor.py:830} INFO - Processing file /home/airflow/.local/lib/python3.12/site-packages/airflow/example_dags/example_latest_only.py for tasks to queue
[2026-03-25T11:49:53.920+0000] {logging_mixin.py:188} INFO - [2026-03-25T11:49:53.920+0000] {dagbag.py:540} INFO - Filling up the DagBag from /home/airflow/.local/lib/python3.12/site-packages/airflow/example_dags/example_latest_only.py
[2026-03-25T11:49:53.926+0000] {processor.py:840} INFO - DAG(s) 'latest_only' retrieved from /home/airflow/.local/lib/python3.12/site-packages/airflow/example_dags/example_latest_only.py
[2026-03-25T11:49:53.952+0000] {logging_mixin.py:188} INFO - [2026-03-25T11:49:53.952+0000] {dag.py:3096} INFO - Sync 1 DAGs
[2026-03-25T11:49:53.982+0000] {logging_mixin.py:188} INFO - [2026-03-25T11:49:53.982+0000] {dag.py:3954} INFO - Setting next_dagrun for latest_only to 2026-03-25 04:00:00+00:00, run_after=2026-03-25 08:00:00+00:00
[2026-03-25T11:49:54.045+0000] {processor.py:183} INFO - Processing /home/airflow/.local/lib/python3.12/site-packages/airflow/example_dags/example_latest_only.py took 0.135 seconds
[2026-03-25T11:50:24.570+0000] {processor.py:161} INFO - Started process (PID=1811) to work on /home/airflow/.local/lib/python3.12/site-packages/airflow/example_dags/example_latest_only.py
[2026-03-25T11:50:24.571+0000] {processor.py:830} INFO - Processing file /home/airflow/.local/lib/python3.12/site-packages/airflow/example_dags/example_latest_only.py for tasks to queue
[2026-03-25T11:50:24.573+0000] {logging_mixin.py:188} INFO - [2026-03-25T11:50:24.572+0000] {dagbag.py:540} INFO - Filling up the DagBag from /home/airflow/.local/lib/python3.12/site-packages/airflow/example_dags/example_latest_only.py
[2026-03-25T11:50:24.578+0000] {processor.py:840} INFO - DAG(s) 'latest_only' retrieved from /home/airflow/.local/lib/python3.12/site-packages/airflow/example_dags/example_latest_only.py
[2026-03-25T11:50:24.601+0000] {logging_mixin.py:188} INFO - [2026-03-25T11:50:24.601+0000] {dag.py:3096} INFO - Sync 1 DAGs
[2026-03-25T11:50:24.628+0000] {logging_mixin.py:188} INFO - [2026-03-25T11:50:24.627+0000] {dag.py:3954} INFO - Setting next_dagrun for latest_only to 2026-03-25 04:00:00+00:00, run_after=2026-03-25 08:00:00+00:00
[2026-03-25T11:50:24.737+0000] {processor.py:183} INFO - Processing /home/airflow/.local/lib/python3.12/site-packages/airflow/example_dags/example_latest_only.py took 0.174 seconds
