[2026-03-25T11:15:33.513+0000] {processor.py:161} INFO - Started process (PID=94) to work on /home/airflow/.local/lib/python3.12/site-packages/airflow/example_dags/example_short_circuit_operator.py
[2026-03-25T11:15:33.515+0000] {processor.py:830} INFO - Processing file /home/airflow/.local/lib/python3.12/site-packages/airflow/example_dags/example_short_circuit_operator.py for tasks to queue
[2026-03-25T11:15:33.517+0000] {logging_mixin.py:188} INFO - [2026-03-25T11:15:33.517+0000] {dagbag.py:540} INFO - Filling up the DagBag from /home/airflow/.local/lib/python3.12/site-packages/airflow/example_dags/example_short_circuit_operator.py
[2026-03-25T11:15:33.527+0000] {processor.py:840} INFO - DAG(s) 'example_short_circuit_operator' retrieved from /home/airflow/.local/lib/python3.12/site-packages/airflow/example_dags/example_short_circuit_operator.py
[2026-03-25T11:15:33.657+0000] {logging_mixin.py:188} INFO - [2026-03-25T11:15:33.657+0000] {dag.py:3096} INFO - Sync 1 DAGs
[2026-03-25T11:15:33.680+0000] {logging_mixin.py:188} INFO - [2026-03-25T11:15:33.680+0000] {dag.py:3954} INFO - Setting next_dagrun for example_short_circuit_operator to 2026-03-24 00:00:00+00:00, run_after=2026-03-25 00:00:00+00:00
[2026-03-25T11:15:33.750+0000] {processor.py:183} INFO - Processing /home/airflow/.local/lib/python3.12/site-packages/airflow/example_dags/example_short_circuit_operator.py took 0.242 seconds
[2026-03-25T11:16:04.362+0000] {processor.py:161} INFO - Started process (PID=153) to work on /home/airflow/.local/lib/python3.12/site-packages/airflow/example_dags/example_short_circuit_operator.py
[2026-03-25T11:16:04.363+0000] {processor.py:830} INFO - Processing file /home/airflow/.local/lib/python3.12/site-packages/airflow/example_dags/example_short_circuit_operator.py for tasks to queue
[2026-03-25T11:16:04.365+0000] {logging_mixin.py:188} INFO - [2026-03-25T11:16:04.365+0000] {dagbag.py:540} INFO - Filling up the DagBag from /home/airflow/.local/lib/python3.12/site-packages/airflow/example_dags/example_short_circuit_operator.py
[2026-03-25T11:16:04.374+0000] {processor.py:840} INFO - DAG(s) 'example_short_circuit_operator' retrieved from /home/airflow/.local/lib/python3.12/site-packages/airflow/example_dags/example_short_circuit_operator.py
[2026-03-25T11:16:04.403+0000] {logging_mixin.py:188} INFO - [2026-03-25T11:16:04.403+0000] {dag.py:3096} INFO - Sync 1 DAGs
[2026-03-25T11:16:04.430+0000] {logging_mixin.py:188} INFO - [2026-03-25T11:16:04.430+0000] {dag.py:3954} INFO - Setting next_dagrun for example_short_circuit_operator to 2026-03-24 00:00:00+00:00, run_after=2026-03-25 00:00:00+00:00
[2026-03-25T11:16:04.522+0000] {processor.py:183} INFO - Processing /home/airflow/.local/lib/python3.12/site-packages/airflow/example_dags/example_short_circuit_operator.py took 0.166 seconds
[2026-03-25T11:16:36.744+0000] {processor.py:161} INFO - Started process (PID=212) to work on /home/airflow/.local/lib/python3.12/site-packages/airflow/example_dags/example_short_circuit_operator.py
[2026-03-25T11:16:36.745+0000] {processor.py:830} INFO - Processing file /home/airflow/.local/lib/python3.12/site-packages/airflow/example_dags/example_short_circuit_operator.py for tasks to queue
[2026-03-25T11:16:36.747+0000] {logging_mixin.py:188} INFO - [2026-03-25T11:16:36.747+0000] {dagbag.py:540} INFO - Filling up the DagBag from /home/airflow/.local/lib/python3.12/site-packages/airflow/example_dags/example_short_circuit_operator.py
[2026-03-25T11:16:36.759+0000] {processor.py:840} INFO - DAG(s) 'example_short_circuit_operator' retrieved from /home/airflow/.local/lib/python3.12/site-packages/airflow/example_dags/example_short_circuit_operator.py
[2026-03-25T11:16:36.790+0000] {logging_mixin.py:188} INFO - [2026-03-25T11:16:36.789+0000] {dag.py:3096} INFO - Sync 1 DAGs
[2026-03-25T11:16:36.822+0000] {logging_mixin.py:188} INFO - [2026-03-25T11:16:36.821+0000] {dag.py:3954} INFO - Setting next_dagrun for example_short_circuit_operator to 2026-03-24 00:00:00+00:00, run_after=2026-03-25 00:00:00+00:00
[2026-03-25T11:16:37.036+0000] {processor.py:183} INFO - Processing /home/airflow/.local/lib/python3.12/site-packages/airflow/example_dags/example_short_circuit_operator.py took 0.299 seconds
[2026-03-25T11:17:10.830+0000] {processor.py:161} INFO - Started process (PID=271) to work on /home/airflow/.local/lib/python3.12/site-packages/airflow/example_dags/example_short_circuit_operator.py
[2026-03-25T11:17:10.832+0000] {processor.py:830} INFO - Processing file /home/airflow/.local/lib/python3.12/site-packages/airflow/example_dags/example_short_circuit_operator.py for tasks to queue
[2026-03-25T11:17:10.834+0000] {logging_mixin.py:188} INFO - [2026-03-25T11:17:10.833+0000] {dagbag.py:540} INFO - Filling up the DagBag from /home/airflow/.local/lib/python3.12/site-packages/airflow/example_dags/example_short_circuit_operator.py
[2026-03-25T11:17:10.847+0000] {processor.py:840} INFO - DAG(s) 'example_short_circuit_operator' retrieved from /home/airflow/.local/lib/python3.12/site-packages/airflow/example_dags/example_short_circuit_operator.py
[2026-03-25T11:17:10.886+0000] {logging_mixin.py:188} INFO - [2026-03-25T11:17:10.886+0000] {dag.py:3096} INFO - Sync 1 DAGs
[2026-03-25T11:17:10.934+0000] {logging_mixin.py:188} INFO - [2026-03-25T11:17:10.933+0000] {dag.py:3954} INFO - Setting next_dagrun for example_short_circuit_operator to 2026-03-24 00:00:00+00:00, run_after=2026-03-25 00:00:00+00:00
[2026-03-25T11:17:11.007+0000] {processor.py:183} INFO - Processing /home/airflow/.local/lib/python3.12/site-packages/airflow/example_dags/example_short_circuit_operator.py took 0.182 seconds
[2026-03-25T11:17:41.179+0000] {processor.py:161} INFO - Started process (PID=330) to work on /home/airflow/.local/lib/python3.12/site-packages/airflow/example_dags/example_short_circuit_operator.py
[2026-03-25T11:17:41.181+0000] {processor.py:830} INFO - Processing file /home/airflow/.local/lib/python3.12/site-packages/airflow/example_dags/example_short_circuit_operator.py for tasks to queue
[2026-03-25T11:17:41.183+0000] {logging_mixin.py:188} INFO - [2026-03-25T11:17:41.183+0000] {dagbag.py:540} INFO - Filling up the DagBag from /home/airflow/.local/lib/python3.12/site-packages/airflow/example_dags/example_short_circuit_operator.py
[2026-03-25T11:17:41.191+0000] {processor.py:840} INFO - DAG(s) 'example_short_circuit_operator' retrieved from /home/airflow/.local/lib/python3.12/site-packages/airflow/example_dags/example_short_circuit_operator.py
[2026-03-25T11:17:41.214+0000] {logging_mixin.py:188} INFO - [2026-03-25T11:17:41.213+0000] {dag.py:3096} INFO - Sync 1 DAGs
[2026-03-25T11:17:41.235+0000] {logging_mixin.py:188} INFO - [2026-03-25T11:17:41.235+0000] {dag.py:3954} INFO - Setting next_dagrun for example_short_circuit_operator to 2026-03-24 00:00:00+00:00, run_after=2026-03-25 00:00:00+00:00
[2026-03-25T11:17:41.281+0000] {processor.py:183} INFO - Processing /home/airflow/.local/lib/python3.12/site-packages/airflow/example_dags/example_short_circuit_operator.py took 0.108 seconds
[2026-03-25T11:18:12.785+0000] {processor.py:161} INFO - Started process (PID=389) to work on /home/airflow/.local/lib/python3.12/site-packages/airflow/example_dags/example_short_circuit_operator.py
[2026-03-25T11:18:12.786+0000] {processor.py:830} INFO - Processing file /home/airflow/.local/lib/python3.12/site-packages/airflow/example_dags/example_short_circuit_operator.py for tasks to queue
[2026-03-25T11:18:12.788+0000] {logging_mixin.py:188} INFO - [2026-03-25T11:18:12.788+0000] {dagbag.py:540} INFO - Filling up the DagBag from /home/airflow/.local/lib/python3.12/site-packages/airflow/example_dags/example_short_circuit_operator.py
[2026-03-25T11:18:12.797+0000] {processor.py:840} INFO - DAG(s) 'example_short_circuit_operator' retrieved from /home/airflow/.local/lib/python3.12/site-packages/airflow/example_dags/example_short_circuit_operator.py
[2026-03-25T11:18:12.823+0000] {logging_mixin.py:188} INFO - [2026-03-25T11:18:12.823+0000] {dag.py:3096} INFO - Sync 1 DAGs
[2026-03-25T11:18:12.845+0000] {logging_mixin.py:188} INFO - [2026-03-25T11:18:12.844+0000] {dag.py:3954} INFO - Setting next_dagrun for example_short_circuit_operator to 2026-03-24 00:00:00+00:00, run_after=2026-03-25 00:00:00+00:00
[2026-03-25T11:18:12.882+0000] {processor.py:183} INFO - Processing /home/airflow/.local/lib/python3.12/site-packages/airflow/example_dags/example_short_circuit_operator.py took 0.103 seconds
[2026-03-25T11:18:45.455+0000] {processor.py:161} INFO - Started process (PID=448) to work on /home/airflow/.local/lib/python3.12/site-packages/airflow/example_dags/example_short_circuit_operator.py
[2026-03-25T11:18:45.456+0000] {processor.py:830} INFO - Processing file /home/airflow/.local/lib/python3.12/site-packages/airflow/example_dags/example_short_circuit_operator.py for tasks to queue
[2026-03-25T11:18:45.458+0000] {logging_mixin.py:188} INFO - [2026-03-25T11:18:45.458+0000] {dagbag.py:540} INFO - Filling up the DagBag from /home/airflow/.local/lib/python3.12/site-packages/airflow/example_dags/example_short_circuit_operator.py
[2026-03-25T11:18:45.466+0000] {processor.py:840} INFO - DAG(s) 'example_short_circuit_operator' retrieved from /home/airflow/.local/lib/python3.12/site-packages/airflow/example_dags/example_short_circuit_operator.py
[2026-03-25T11:18:45.489+0000] {logging_mixin.py:188} INFO - [2026-03-25T11:18:45.489+0000] {dag.py:3096} INFO - Sync 1 DAGs
[2026-03-25T11:18:45.512+0000] {logging_mixin.py:188} INFO - [2026-03-25T11:18:45.512+0000] {dag.py:3954} INFO - Setting next_dagrun for example_short_circuit_operator to 2026-03-24 00:00:00+00:00, run_after=2026-03-25 00:00:00+00:00
[2026-03-25T11:18:45.557+0000] {processor.py:183} INFO - Processing /home/airflow/.local/lib/python3.12/site-packages/airflow/example_dags/example_short_circuit_operator.py took 0.108 seconds
[2026-03-25T11:19:20.433+0000] {processor.py:161} INFO - Started process (PID=507) to work on /home/airflow/.local/lib/python3.12/site-packages/airflow/example_dags/example_short_circuit_operator.py
[2026-03-25T11:19:20.437+0000] {processor.py:830} INFO - Processing file /home/airflow/.local/lib/python3.12/site-packages/airflow/example_dags/example_short_circuit_operator.py for tasks to queue
[2026-03-25T11:19:20.448+0000] {logging_mixin.py:188} INFO - [2026-03-25T11:19:20.447+0000] {dagbag.py:540} INFO - Filling up the DagBag from /home/airflow/.local/lib/python3.12/site-packages/airflow/example_dags/example_short_circuit_operator.py
[2026-03-25T11:19:20.483+0000] {processor.py:840} INFO - DAG(s) 'example_short_circuit_operator' retrieved from /home/airflow/.local/lib/python3.12/site-packages/airflow/example_dags/example_short_circuit_operator.py
[2026-03-25T11:19:20.588+0000] {logging_mixin.py:188} INFO - [2026-03-25T11:19:20.587+0000] {dag.py:3096} INFO - Sync 1 DAGs
[2026-03-25T11:19:20.642+0000] {logging_mixin.py:188} INFO - [2026-03-25T11:19:20.642+0000] {dag.py:3954} INFO - Setting next_dagrun for example_short_circuit_operator to 2026-03-24 00:00:00+00:00, run_after=2026-03-25 00:00:00+00:00
[2026-03-25T11:19:20.735+0000] {processor.py:183} INFO - Processing /home/airflow/.local/lib/python3.12/site-packages/airflow/example_dags/example_short_circuit_operator.py took 0.333 seconds
[2026-03-25T11:19:51.831+0000] {processor.py:161} INFO - Started process (PID=566) to work on /home/airflow/.local/lib/python3.12/site-packages/airflow/example_dags/example_short_circuit_operator.py
[2026-03-25T11:19:51.832+0000] {processor.py:830} INFO - Processing file /home/airflow/.local/lib/python3.12/site-packages/airflow/example_dags/example_short_circuit_operator.py for tasks to queue
[2026-03-25T11:19:51.834+0000] {logging_mixin.py:188} INFO - [2026-03-25T11:19:51.834+0000] {dagbag.py:540} INFO - Filling up the DagBag from /home/airflow/.local/lib/python3.12/site-packages/airflow/example_dags/example_short_circuit_operator.py
[2026-03-25T11:19:51.843+0000] {processor.py:840} INFO - DAG(s) 'example_short_circuit_operator' retrieved from /home/airflow/.local/lib/python3.12/site-packages/airflow/example_dags/example_short_circuit_operator.py
[2026-03-25T11:19:51.872+0000] {logging_mixin.py:188} INFO - [2026-03-25T11:19:51.871+0000] {dag.py:3096} INFO - Sync 1 DAGs
[2026-03-25T11:19:51.895+0000] {logging_mixin.py:188} INFO - [2026-03-25T11:19:51.895+0000] {dag.py:3954} INFO - Setting next_dagrun for example_short_circuit_operator to 2026-03-24 00:00:00+00:00, run_after=2026-03-25 00:00:00+00:00
[2026-03-25T11:19:51.939+0000] {processor.py:183} INFO - Processing /home/airflow/.local/lib/python3.12/site-packages/airflow/example_dags/example_short_circuit_operator.py took 0.115 seconds
[2026-03-25T11:20:23.778+0000] {processor.py:161} INFO - Started process (PID=625) to work on /home/airflow/.local/lib/python3.12/site-packages/airflow/example_dags/example_short_circuit_operator.py
[2026-03-25T11:20:23.779+0000] {processor.py:830} INFO - Processing file /home/airflow/.local/lib/python3.12/site-packages/airflow/example_dags/example_short_circuit_operator.py for tasks to queue
[2026-03-25T11:20:23.781+0000] {logging_mixin.py:188} INFO - [2026-03-25T11:20:23.781+0000] {dagbag.py:540} INFO - Filling up the DagBag from /home/airflow/.local/lib/python3.12/site-packages/airflow/example_dags/example_short_circuit_operator.py
[2026-03-25T11:20:23.789+0000] {processor.py:840} INFO - DAG(s) 'example_short_circuit_operator' retrieved from /home/airflow/.local/lib/python3.12/site-packages/airflow/example_dags/example_short_circuit_operator.py
[2026-03-25T11:20:23.814+0000] {logging_mixin.py:188} INFO - [2026-03-25T11:20:23.814+0000] {dag.py:3096} INFO - Sync 1 DAGs
[2026-03-25T11:20:23.836+0000] {logging_mixin.py:188} INFO - [2026-03-25T11:20:23.836+0000] {dag.py:3954} INFO - Setting next_dagrun for example_short_circuit_operator to 2026-03-24 00:00:00+00:00, run_after=2026-03-25 00:00:00+00:00
[2026-03-25T11:20:23.880+0000] {processor.py:183} INFO - Processing /home/airflow/.local/lib/python3.12/site-packages/airflow/example_dags/example_short_circuit_operator.py took 0.107 seconds
[2026-03-25T11:20:56.494+0000] {processor.py:161} INFO - Started process (PID=684) to work on /home/airflow/.local/lib/python3.12/site-packages/airflow/example_dags/example_short_circuit_operator.py
[2026-03-25T11:20:56.495+0000] {processor.py:830} INFO - Processing file /home/airflow/.local/lib/python3.12/site-packages/airflow/example_dags/example_short_circuit_operator.py for tasks to queue
[2026-03-25T11:20:56.498+0000] {logging_mixin.py:188} INFO - [2026-03-25T11:20:56.497+0000] {dagbag.py:540} INFO - Filling up the DagBag from /home/airflow/.local/lib/python3.12/site-packages/airflow/example_dags/example_short_circuit_operator.py
[2026-03-25T11:20:56.506+0000] {processor.py:840} INFO - DAG(s) 'example_short_circuit_operator' retrieved from /home/airflow/.local/lib/python3.12/site-packages/airflow/example_dags/example_short_circuit_operator.py
[2026-03-25T11:20:56.532+0000] {logging_mixin.py:188} INFO - [2026-03-25T11:20:56.532+0000] {dag.py:3096} INFO - Sync 1 DAGs
[2026-03-25T11:20:56.553+0000] {logging_mixin.py:188} INFO - [2026-03-25T11:20:56.553+0000] {dag.py:3954} INFO - Setting next_dagrun for example_short_circuit_operator to 2026-03-24 00:00:00+00:00, run_after=2026-03-25 00:00:00+00:00
[2026-03-25T11:20:56.596+0000] {processor.py:183} INFO - Processing /home/airflow/.local/lib/python3.12/site-packages/airflow/example_dags/example_short_circuit_operator.py took 0.108 seconds
[2026-03-25T11:21:29.137+0000] {processor.py:161} INFO - Started process (PID=743) to work on /home/airflow/.local/lib/python3.12/site-packages/airflow/example_dags/example_short_circuit_operator.py
[2026-03-25T11:21:29.138+0000] {processor.py:830} INFO - Processing file /home/airflow/.local/lib/python3.12/site-packages/airflow/example_dags/example_short_circuit_operator.py for tasks to queue
[2026-03-25T11:21:29.142+0000] {logging_mixin.py:188} INFO - [2026-03-25T11:21:29.141+0000] {dagbag.py:540} INFO - Filling up the DagBag from /home/airflow/.local/lib/python3.12/site-packages/airflow/example_dags/example_short_circuit_operator.py
[2026-03-25T11:21:29.161+0000] {processor.py:840} INFO - DAG(s) 'example_short_circuit_operator' retrieved from /home/airflow/.local/lib/python3.12/site-packages/airflow/example_dags/example_short_circuit_operator.py
[2026-03-25T11:21:29.212+0000] {logging_mixin.py:188} INFO - [2026-03-25T11:21:29.211+0000] {dag.py:3096} INFO - Sync 1 DAGs
[2026-03-25T11:21:29.257+0000] {logging_mixin.py:188} INFO - [2026-03-25T11:21:29.257+0000] {dag.py:3954} INFO - Setting next_dagrun for example_short_circuit_operator to 2026-03-24 00:00:00+00:00, run_after=2026-03-25 00:00:00+00:00
[2026-03-25T11:21:29.313+0000] {processor.py:183} INFO - Processing /home/airflow/.local/lib/python3.12/site-packages/airflow/example_dags/example_short_circuit_operator.py took 0.186 seconds
[2026-03-25T11:22:02.498+0000] {processor.py:161} INFO - Started process (PID=802) to work on /home/airflow/.local/lib/python3.12/site-packages/airflow/example_dags/example_short_circuit_operator.py
[2026-03-25T11:22:02.500+0000] {processor.py:830} INFO - Processing file /home/airflow/.local/lib/python3.12/site-packages/airflow/example_dags/example_short_circuit_operator.py for tasks to queue
[2026-03-25T11:22:02.503+0000] {logging_mixin.py:188} INFO - [2026-03-25T11:22:02.502+0000] {dagbag.py:540} INFO - Filling up the DagBag from /home/airflow/.local/lib/python3.12/site-packages/airflow/example_dags/example_short_circuit_operator.py
[2026-03-25T11:22:02.514+0000] {processor.py:840} INFO - DAG(s) 'example_short_circuit_operator' retrieved from /home/airflow/.local/lib/python3.12/site-packages/airflow/example_dags/example_short_circuit_operator.py
[2026-03-25T11:22:02.547+0000] {logging_mixin.py:188} INFO - [2026-03-25T11:22:02.547+0000] {dag.py:3096} INFO - Sync 1 DAGs
[2026-03-25T11:22:02.575+0000] {logging_mixin.py:188} INFO - [2026-03-25T11:22:02.575+0000] {dag.py:3954} INFO - Setting next_dagrun for example_short_circuit_operator to 2026-03-24 00:00:00+00:00, run_after=2026-03-25 00:00:00+00:00
[2026-03-25T11:22:02.627+0000] {processor.py:183} INFO - Processing /home/airflow/.local/lib/python3.12/site-packages/airflow/example_dags/example_short_circuit_operator.py took 0.137 seconds
[2026-03-25T11:22:34.629+0000] {processor.py:161} INFO - Started process (PID=861) to work on /home/airflow/.local/lib/python3.12/site-packages/airflow/example_dags/example_short_circuit_operator.py
[2026-03-25T11:22:34.630+0000] {processor.py:830} INFO - Processing file /home/airflow/.local/lib/python3.12/site-packages/airflow/example_dags/example_short_circuit_operator.py for tasks to queue
[2026-03-25T11:22:34.632+0000] {logging_mixin.py:188} INFO - [2026-03-25T11:22:34.632+0000] {dagbag.py:540} INFO - Filling up the DagBag from /home/airflow/.local/lib/python3.12/site-packages/airflow/example_dags/example_short_circuit_operator.py
[2026-03-25T11:22:34.640+0000] {processor.py:840} INFO - DAG(s) 'example_short_circuit_operator' retrieved from /home/airflow/.local/lib/python3.12/site-packages/airflow/example_dags/example_short_circuit_operator.py
[2026-03-25T11:22:34.664+0000] {logging_mixin.py:188} INFO - [2026-03-25T11:22:34.664+0000] {dag.py:3096} INFO - Sync 1 DAGs
[2026-03-25T11:22:34.686+0000] {logging_mixin.py:188} INFO - [2026-03-25T11:22:34.686+0000] {dag.py:3954} INFO - Setting next_dagrun for example_short_circuit_operator to 2026-03-24 00:00:00+00:00, run_after=2026-03-25 00:00:00+00:00
[2026-03-25T11:22:34.726+0000] {processor.py:183} INFO - Processing /home/airflow/.local/lib/python3.12/site-packages/airflow/example_dags/example_short_circuit_operator.py took 0.103 seconds
[2026-03-25T11:23:08.004+0000] {processor.py:161} INFO - Started process (PID=920) to work on /home/airflow/.local/lib/python3.12/site-packages/airflow/example_dags/example_short_circuit_operator.py
[2026-03-25T11:23:08.006+0000] {processor.py:830} INFO - Processing file /home/airflow/.local/lib/python3.12/site-packages/airflow/example_dags/example_short_circuit_operator.py for tasks to queue
[2026-03-25T11:23:08.010+0000] {logging_mixin.py:188} INFO - [2026-03-25T11:23:08.010+0000] {dagbag.py:540} INFO - Filling up the DagBag from /home/airflow/.local/lib/python3.12/site-packages/airflow/example_dags/example_short_circuit_operator.py
[2026-03-25T11:23:08.033+0000] {processor.py:840} INFO - DAG(s) 'example_short_circuit_operator' retrieved from /home/airflow/.local/lib/python3.12/site-packages/airflow/example_dags/example_short_circuit_operator.py
[2026-03-25T11:23:08.093+0000] {logging_mixin.py:188} INFO - [2026-03-25T11:23:08.092+0000] {dag.py:3096} INFO - Sync 1 DAGs
[2026-03-25T11:23:08.140+0000] {logging_mixin.py:188} INFO - [2026-03-25T11:23:08.139+0000] {dag.py:3954} INFO - Setting next_dagrun for example_short_circuit_operator to 2026-03-24 00:00:00+00:00, run_after=2026-03-25 00:00:00+00:00
[2026-03-25T11:23:08.207+0000] {processor.py:183} INFO - Processing /home/airflow/.local/lib/python3.12/site-packages/airflow/example_dags/example_short_circuit_operator.py took 0.221 seconds
[2026-03-25T11:23:40.399+0000] {processor.py:161} INFO - Started process (PID=979) to work on /home/airflow/.local/lib/python3.12/site-packages/airflow/example_dags/example_short_circuit_operator.py
[2026-03-25T11:23:40.400+0000] {processor.py:830} INFO - Processing file /home/airflow/.local/lib/python3.12/site-packages/airflow/example_dags/example_short_circuit_operator.py for tasks to queue
[2026-03-25T11:23:40.402+0000] {logging_mixin.py:188} INFO - [2026-03-25T11:23:40.402+0000] {dagbag.py:540} INFO - Filling up the DagBag from /home/airflow/.local/lib/python3.12/site-packages/airflow/example_dags/example_short_circuit_operator.py
[2026-03-25T11:23:40.411+0000] {processor.py:840} INFO - DAG(s) 'example_short_circuit_operator' retrieved from /home/airflow/.local/lib/python3.12/site-packages/airflow/example_dags/example_short_circuit_operator.py
[2026-03-25T11:23:40.440+0000] {logging_mixin.py:188} INFO - [2026-03-25T11:23:40.439+0000] {dag.py:3096} INFO - Sync 1 DAGs
[2026-03-25T11:23:40.463+0000] {logging_mixin.py:188} INFO - [2026-03-25T11:23:40.463+0000] {dag.py:3954} INFO - Setting next_dagrun for example_short_circuit_operator to 2026-03-24 00:00:00+00:00, run_after=2026-03-25 00:00:00+00:00
[2026-03-25T11:23:40.505+0000] {processor.py:183} INFO - Processing /home/airflow/.local/lib/python3.12/site-packages/airflow/example_dags/example_short_circuit_operator.py took 0.113 seconds
[2026-03-25T11:24:12.533+0000] {processor.py:161} INFO - Started process (PID=1038) to work on /home/airflow/.local/lib/python3.12/site-packages/airflow/example_dags/example_short_circuit_operator.py
[2026-03-25T11:24:12.534+0000] {processor.py:830} INFO - Processing file /home/airflow/.local/lib/python3.12/site-packages/airflow/example_dags/example_short_circuit_operator.py for tasks to queue
[2026-03-25T11:24:12.536+0000] {logging_mixin.py:188} INFO - [2026-03-25T11:24:12.536+0000] {dagbag.py:540} INFO - Filling up the DagBag from /home/airflow/.local/lib/python3.12/site-packages/airflow/example_dags/example_short_circuit_operator.py
[2026-03-25T11:24:12.543+0000] {processor.py:840} INFO - DAG(s) 'example_short_circuit_operator' retrieved from /home/airflow/.local/lib/python3.12/site-packages/airflow/example_dags/example_short_circuit_operator.py
[2026-03-25T11:24:12.572+0000] {logging_mixin.py:188} INFO - [2026-03-25T11:24:12.571+0000] {dag.py:3096} INFO - Sync 1 DAGs
[2026-03-25T11:24:12.594+0000] {logging_mixin.py:188} INFO - [2026-03-25T11:24:12.594+0000] {dag.py:3954} INFO - Setting next_dagrun for example_short_circuit_operator to 2026-03-24 00:00:00+00:00, run_after=2026-03-25 00:00:00+00:00
[2026-03-25T11:24:12.638+0000] {processor.py:183} INFO - Processing /home/airflow/.local/lib/python3.12/site-packages/airflow/example_dags/example_short_circuit_operator.py took 0.111 seconds
[2026-03-25T11:24:46.709+0000] {processor.py:161} INFO - Started process (PID=1098) to work on /home/airflow/.local/lib/python3.12/site-packages/airflow/example_dags/example_short_circuit_operator.py
[2026-03-25T11:24:46.711+0000] {processor.py:830} INFO - Processing file /home/airflow/.local/lib/python3.12/site-packages/airflow/example_dags/example_short_circuit_operator.py for tasks to queue
[2026-03-25T11:24:46.714+0000] {logging_mixin.py:188} INFO - [2026-03-25T11:24:46.713+0000] {dagbag.py:540} INFO - Filling up the DagBag from /home/airflow/.local/lib/python3.12/site-packages/airflow/example_dags/example_short_circuit_operator.py
[2026-03-25T11:24:46.724+0000] {processor.py:840} INFO - DAG(s) 'example_short_circuit_operator' retrieved from /home/airflow/.local/lib/python3.12/site-packages/airflow/example_dags/example_short_circuit_operator.py
[2026-03-25T11:24:46.762+0000] {logging_mixin.py:188} INFO - [2026-03-25T11:24:46.761+0000] {dag.py:3096} INFO - Sync 1 DAGs
[2026-03-25T11:24:46.811+0000] {logging_mixin.py:188} INFO - [2026-03-25T11:24:46.810+0000] {dag.py:3954} INFO - Setting next_dagrun for example_short_circuit_operator to 2026-03-24 00:00:00+00:00, run_after=2026-03-25 00:00:00+00:00
[2026-03-25T11:24:46.869+0000] {processor.py:183} INFO - Processing /home/airflow/.local/lib/python3.12/site-packages/airflow/example_dags/example_short_circuit_operator.py took 0.171 seconds
[2026-03-25T11:25:18.303+0000] {processor.py:161} INFO - Started process (PID=1157) to work on /home/airflow/.local/lib/python3.12/site-packages/airflow/example_dags/example_short_circuit_operator.py
[2026-03-25T11:25:18.304+0000] {processor.py:830} INFO - Processing file /home/airflow/.local/lib/python3.12/site-packages/airflow/example_dags/example_short_circuit_operator.py for tasks to queue
[2026-03-25T11:25:18.306+0000] {logging_mixin.py:188} INFO - [2026-03-25T11:25:18.306+0000] {dagbag.py:540} INFO - Filling up the DagBag from /home/airflow/.local/lib/python3.12/site-packages/airflow/example_dags/example_short_circuit_operator.py
[2026-03-25T11:25:18.313+0000] {processor.py:840} INFO - DAG(s) 'example_short_circuit_operator' retrieved from /home/airflow/.local/lib/python3.12/site-packages/airflow/example_dags/example_short_circuit_operator.py
[2026-03-25T11:25:18.337+0000] {logging_mixin.py:188} INFO - [2026-03-25T11:25:18.337+0000] {dag.py:3096} INFO - Sync 1 DAGs
[2026-03-25T11:25:18.359+0000] {logging_mixin.py:188} INFO - [2026-03-25T11:25:18.359+0000] {dag.py:3954} INFO - Setting next_dagrun for example_short_circuit_operator to 2026-03-24 00:00:00+00:00, run_after=2026-03-25 00:00:00+00:00
[2026-03-25T11:25:18.406+0000] {processor.py:183} INFO - Processing /home/airflow/.local/lib/python3.12/site-packages/airflow/example_dags/example_short_circuit_operator.py took 0.108 seconds
[2026-03-25T11:25:51.202+0000] {processor.py:161} INFO - Started process (PID=1216) to work on /home/airflow/.local/lib/python3.12/site-packages/airflow/example_dags/example_short_circuit_operator.py
[2026-03-25T11:25:51.203+0000] {processor.py:830} INFO - Processing file /home/airflow/.local/lib/python3.12/site-packages/airflow/example_dags/example_short_circuit_operator.py for tasks to queue
[2026-03-25T11:25:51.205+0000] {logging_mixin.py:188} INFO - [2026-03-25T11:25:51.205+0000] {dagbag.py:540} INFO - Filling up the DagBag from /home/airflow/.local/lib/python3.12/site-packages/airflow/example_dags/example_short_circuit_operator.py
[2026-03-25T11:25:51.213+0000] {processor.py:840} INFO - DAG(s) 'example_short_circuit_operator' retrieved from /home/airflow/.local/lib/python3.12/site-packages/airflow/example_dags/example_short_circuit_operator.py
[2026-03-25T11:25:51.239+0000] {logging_mixin.py:188} INFO - [2026-03-25T11:25:51.238+0000] {dag.py:3096} INFO - Sync 1 DAGs
[2026-03-25T11:25:51.261+0000] {logging_mixin.py:188} INFO - [2026-03-25T11:25:51.261+0000] {dag.py:3954} INFO - Setting next_dagrun for example_short_circuit_operator to 2026-03-24 00:00:00+00:00, run_after=2026-03-25 00:00:00+00:00
[2026-03-25T11:25:51.394+0000] {processor.py:183} INFO - Processing /home/airflow/.local/lib/python3.12/site-packages/airflow/example_dags/example_short_circuit_operator.py took 0.198 seconds
[2026-03-25T11:26:24.122+0000] {processor.py:161} INFO - Started process (PID=1276) to work on /home/airflow/.local/lib/python3.12/site-packages/airflow/example_dags/example_short_circuit_operator.py
[2026-03-25T11:26:24.123+0000] {processor.py:830} INFO - Processing file /home/airflow/.local/lib/python3.12/site-packages/airflow/example_dags/example_short_circuit_operator.py for tasks to queue
[2026-03-25T11:26:24.125+0000] {logging_mixin.py:188} INFO - [2026-03-25T11:26:24.124+0000] {dagbag.py:540} INFO - Filling up the DagBag from /home/airflow/.local/lib/python3.12/site-packages/airflow/example_dags/example_short_circuit_operator.py
[2026-03-25T11:26:24.132+0000] {processor.py:840} INFO - DAG(s) 'example_short_circuit_operator' retrieved from /home/airflow/.local/lib/python3.12/site-packages/airflow/example_dags/example_short_circuit_operator.py
[2026-03-25T11:26:24.154+0000] {logging_mixin.py:188} INFO - [2026-03-25T11:26:24.154+0000] {dag.py:3096} INFO - Sync 1 DAGs
[2026-03-25T11:26:24.174+0000] {logging_mixin.py:188} INFO - [2026-03-25T11:26:24.174+0000] {dag.py:3954} INFO - Setting next_dagrun for example_short_circuit_operator to 2026-03-24 00:00:00+00:00, run_after=2026-03-25 00:00:00+00:00
[2026-03-25T11:26:24.210+0000] {processor.py:183} INFO - Processing /home/airflow/.local/lib/python3.12/site-packages/airflow/example_dags/example_short_circuit_operator.py took 0.093 seconds
[2026-03-25T11:26:56.960+0000] {processor.py:161} INFO - Started process (PID=1335) to work on /home/airflow/.local/lib/python3.12/site-packages/airflow/example_dags/example_short_circuit_operator.py
[2026-03-25T11:26:56.961+0000] {processor.py:830} INFO - Processing file /home/airflow/.local/lib/python3.12/site-packages/airflow/example_dags/example_short_circuit_operator.py for tasks to queue
[2026-03-25T11:26:56.963+0000] {logging_mixin.py:188} INFO - [2026-03-25T11:26:56.963+0000] {dagbag.py:540} INFO - Filling up the DagBag from /home/airflow/.local/lib/python3.12/site-packages/airflow/example_dags/example_short_circuit_operator.py
[2026-03-25T11:26:56.973+0000] {processor.py:840} INFO - DAG(s) 'example_short_circuit_operator' retrieved from /home/airflow/.local/lib/python3.12/site-packages/airflow/example_dags/example_short_circuit_operator.py
[2026-03-25T11:26:57.003+0000] {logging_mixin.py:188} INFO - [2026-03-25T11:26:57.003+0000] {dag.py:3096} INFO - Sync 1 DAGs
[2026-03-25T11:26:57.030+0000] {logging_mixin.py:188} INFO - [2026-03-25T11:26:57.030+0000] {dag.py:3954} INFO - Setting next_dagrun for example_short_circuit_operator to 2026-03-24 00:00:00+00:00, run_after=2026-03-25 00:00:00+00:00
[2026-03-25T11:26:57.067+0000] {processor.py:183} INFO - Processing /home/airflow/.local/lib/python3.12/site-packages/airflow/example_dags/example_short_circuit_operator.py took 0.114 seconds
[2026-03-25T11:27:30.739+0000] {processor.py:161} INFO - Started process (PID=1394) to work on /home/airflow/.local/lib/python3.12/site-packages/airflow/example_dags/example_short_circuit_operator.py
[2026-03-25T11:27:30.742+0000] {processor.py:830} INFO - Processing file /home/airflow/.local/lib/python3.12/site-packages/airflow/example_dags/example_short_circuit_operator.py for tasks to queue
[2026-03-25T11:27:30.749+0000] {logging_mixin.py:188} INFO - [2026-03-25T11:27:30.748+0000] {dagbag.py:540} INFO - Filling up the DagBag from /home/airflow/.local/lib/python3.12/site-packages/airflow/example_dags/example_short_circuit_operator.py
[2026-03-25T11:27:30.767+0000] {processor.py:840} INFO - DAG(s) 'example_short_circuit_operator' retrieved from /home/airflow/.local/lib/python3.12/site-packages/airflow/example_dags/example_short_circuit_operator.py
[2026-03-25T11:27:30.811+0000] {logging_mixin.py:188} INFO - [2026-03-25T11:27:30.811+0000] {dag.py:3096} INFO - Sync 1 DAGs
[2026-03-25T11:27:30.840+0000] {logging_mixin.py:188} INFO - [2026-03-25T11:27:30.840+0000] {dag.py:3954} INFO - Setting next_dagrun for example_short_circuit_operator to 2026-03-24 00:00:00+00:00, run_after=2026-03-25 00:00:00+00:00
[2026-03-25T11:27:30.888+0000] {processor.py:183} INFO - Processing /home/airflow/.local/lib/python3.12/site-packages/airflow/example_dags/example_short_circuit_operator.py took 0.163 seconds
[2026-03-25T11:28:02.103+0000] {processor.py:161} INFO - Started process (PID=1455) to work on /home/airflow/.local/lib/python3.12/site-packages/airflow/example_dags/example_short_circuit_operator.py
[2026-03-25T11:28:02.104+0000] {processor.py:830} INFO - Processing file /home/airflow/.local/lib/python3.12/site-packages/airflow/example_dags/example_short_circuit_operator.py for tasks to queue
[2026-03-25T11:28:02.106+0000] {logging_mixin.py:188} INFO - [2026-03-25T11:28:02.106+0000] {dagbag.py:540} INFO - Filling up the DagBag from /home/airflow/.local/lib/python3.12/site-packages/airflow/example_dags/example_short_circuit_operator.py
[2026-03-25T11:28:02.115+0000] {processor.py:840} INFO - DAG(s) 'example_short_circuit_operator' retrieved from /home/airflow/.local/lib/python3.12/site-packages/airflow/example_dags/example_short_circuit_operator.py
[2026-03-25T11:28:02.142+0000] {logging_mixin.py:188} INFO - [2026-03-25T11:28:02.142+0000] {dag.py:3096} INFO - Sync 1 DAGs
[2026-03-25T11:28:02.167+0000] {logging_mixin.py:188} INFO - [2026-03-25T11:28:02.167+0000] {dag.py:3954} INFO - Setting next_dagrun for example_short_circuit_operator to 2026-03-24 00:00:00+00:00, run_after=2026-03-25 00:00:00+00:00
[2026-03-25T11:28:02.241+0000] {processor.py:183} INFO - Processing /home/airflow/.local/lib/python3.12/site-packages/airflow/example_dags/example_short_circuit_operator.py took 0.144 seconds
[2026-03-25T11:28:37.707+0000] {processor.py:161} INFO - Started process (PID=1522) to work on /home/airflow/.local/lib/python3.12/site-packages/airflow/example_dags/example_short_circuit_operator.py
[2026-03-25T11:28:37.708+0000] {processor.py:830} INFO - Processing file /home/airflow/.local/lib/python3.12/site-packages/airflow/example_dags/example_short_circuit_operator.py for tasks to queue
[2026-03-25T11:28:37.710+0000] {logging_mixin.py:188} INFO - [2026-03-25T11:28:37.710+0000] {dagbag.py:540} INFO - Filling up the DagBag from /home/airflow/.local/lib/python3.12/site-packages/airflow/example_dags/example_short_circuit_operator.py
[2026-03-25T11:28:37.717+0000] {processor.py:840} INFO - DAG(s) 'example_short_circuit_operator' retrieved from /home/airflow/.local/lib/python3.12/site-packages/airflow/example_dags/example_short_circuit_operator.py
[2026-03-25T11:28:37.740+0000] {logging_mixin.py:188} INFO - [2026-03-25T11:28:37.740+0000] {dag.py:3096} INFO - Sync 1 DAGs
[2026-03-25T11:28:37.762+0000] {logging_mixin.py:188} INFO - [2026-03-25T11:28:37.762+0000] {dag.py:3954} INFO - Setting next_dagrun for example_short_circuit_operator to 2026-03-24 00:00:00+00:00, run_after=2026-03-25 00:00:00+00:00
[2026-03-25T11:28:37.828+0000] {processor.py:183} INFO - Processing /home/airflow/.local/lib/python3.12/site-packages/airflow/example_dags/example_short_circuit_operator.py took 0.126 seconds
[2026-03-25T11:29:09.312+0000] {processor.py:161} INFO - Started process (PID=1583) to work on /home/airflow/.local/lib/python3.12/site-packages/airflow/example_dags/example_short_circuit_operator.py
[2026-03-25T11:29:09.317+0000] {processor.py:830} INFO - Processing file /home/airflow/.local/lib/python3.12/site-packages/airflow/example_dags/example_short_circuit_operator.py for tasks to queue
[2026-03-25T11:29:09.329+0000] {logging_mixin.py:188} INFO - [2026-03-25T11:29:09.327+0000] {dagbag.py:540} INFO - Filling up the DagBag from /home/airflow/.local/lib/python3.12/site-packages/airflow/example_dags/example_short_circuit_operator.py
[2026-03-25T11:29:09.388+0000] {processor.py:840} INFO - DAG(s) 'example_short_circuit_operator' retrieved from /home/airflow/.local/lib/python3.12/site-packages/airflow/example_dags/example_short_circuit_operator.py
[2026-03-25T11:29:09.642+0000] {logging_mixin.py:188} INFO - [2026-03-25T11:29:09.641+0000] {dag.py:3096} INFO - Sync 1 DAGs
[2026-03-25T11:29:09.912+0000] {logging_mixin.py:188} INFO - [2026-03-25T11:29:09.908+0000] {dag.py:3954} INFO - Setting next_dagrun for example_short_circuit_operator to 2026-03-24 00:00:00+00:00, run_after=2026-03-25 00:00:00+00:00
[2026-03-25T11:29:10.234+0000] {processor.py:183} INFO - Processing /home/airflow/.local/lib/python3.12/site-packages/airflow/example_dags/example_short_circuit_operator.py took 0.958 seconds
[2026-03-25T11:29:40.907+0000] {processor.py:161} INFO - Started process (PID=1642) to work on /home/airflow/.local/lib/python3.12/site-packages/airflow/example_dags/example_short_circuit_operator.py
[2026-03-25T11:29:40.909+0000] {processor.py:830} INFO - Processing file /home/airflow/.local/lib/python3.12/site-packages/airflow/example_dags/example_short_circuit_operator.py for tasks to queue
[2026-03-25T11:29:40.915+0000] {logging_mixin.py:188} INFO - [2026-03-25T11:29:40.914+0000] {dagbag.py:540} INFO - Filling up the DagBag from /home/airflow/.local/lib/python3.12/site-packages/airflow/example_dags/example_short_circuit_operator.py
[2026-03-25T11:29:40.939+0000] {processor.py:840} INFO - DAG(s) 'example_short_circuit_operator' retrieved from /home/airflow/.local/lib/python3.12/site-packages/airflow/example_dags/example_short_circuit_operator.py
[2026-03-25T11:29:40.998+0000] {logging_mixin.py:188} INFO - [2026-03-25T11:29:40.998+0000] {dag.py:3096} INFO - Sync 1 DAGs
[2026-03-25T11:29:41.045+0000] {logging_mixin.py:188} INFO - [2026-03-25T11:29:41.045+0000] {dag.py:3954} INFO - Setting next_dagrun for example_short_circuit_operator to 2026-03-24 00:00:00+00:00, run_after=2026-03-25 00:00:00+00:00
[2026-03-25T11:29:41.159+0000] {processor.py:183} INFO - Processing /home/airflow/.local/lib/python3.12/site-packages/airflow/example_dags/example_short_circuit_operator.py took 0.274 seconds
[2026-03-25T11:30:12.358+0000] {processor.py:161} INFO - Started process (PID=1695) to work on /home/airflow/.local/lib/python3.12/site-packages/airflow/example_dags/example_short_circuit_operator.py
[2026-03-25T11:30:12.360+0000] {processor.py:830} INFO - Processing file /home/airflow/.local/lib/python3.12/site-packages/airflow/example_dags/example_short_circuit_operator.py for tasks to queue
[2026-03-25T11:30:12.363+0000] {logging_mixin.py:188} INFO - [2026-03-25T11:30:12.362+0000] {dagbag.py:540} INFO - Filling up the DagBag from /home/airflow/.local/lib/python3.12/site-packages/airflow/example_dags/example_short_circuit_operator.py
[2026-03-25T11:30:12.377+0000] {processor.py:840} INFO - DAG(s) 'example_short_circuit_operator' retrieved from /home/airflow/.local/lib/python3.12/site-packages/airflow/example_dags/example_short_circuit_operator.py
[2026-03-25T11:30:12.430+0000] {logging_mixin.py:188} INFO - [2026-03-25T11:30:12.429+0000] {dag.py:3096} INFO - Sync 1 DAGs
[2026-03-25T11:30:12.476+0000] {logging_mixin.py:188} INFO - [2026-03-25T11:30:12.476+0000] {dag.py:3954} INFO - Setting next_dagrun for example_short_circuit_operator to 2026-03-24 00:00:00+00:00, run_after=2026-03-25 00:00:00+00:00
[2026-03-25T11:30:12.525+0000] {processor.py:183} INFO - Processing /home/airflow/.local/lib/python3.12/site-packages/airflow/example_dags/example_short_circuit_operator.py took 0.175 seconds
[2026-03-25T11:30:44.010+0000] {processor.py:161} INFO - Started process (PID=1754) to work on /home/airflow/.local/lib/python3.12/site-packages/airflow/example_dags/example_short_circuit_operator.py
[2026-03-25T11:30:44.011+0000] {processor.py:830} INFO - Processing file /home/airflow/.local/lib/python3.12/site-packages/airflow/example_dags/example_short_circuit_operator.py for tasks to queue
[2026-03-25T11:30:44.013+0000] {logging_mixin.py:188} INFO - [2026-03-25T11:30:44.013+0000] {dagbag.py:540} INFO - Filling up the DagBag from /home/airflow/.local/lib/python3.12/site-packages/airflow/example_dags/example_short_circuit_operator.py
[2026-03-25T11:30:44.022+0000] {processor.py:840} INFO - DAG(s) 'example_short_circuit_operator' retrieved from /home/airflow/.local/lib/python3.12/site-packages/airflow/example_dags/example_short_circuit_operator.py
[2026-03-25T11:30:44.046+0000] {logging_mixin.py:188} INFO - [2026-03-25T11:30:44.046+0000] {dag.py:3096} INFO - Sync 1 DAGs
[2026-03-25T11:30:44.069+0000] {logging_mixin.py:188} INFO - [2026-03-25T11:30:44.068+0000] {dag.py:3954} INFO - Setting next_dagrun for example_short_circuit_operator to 2026-03-24 00:00:00+00:00, run_after=2026-03-25 00:00:00+00:00
[2026-03-25T11:30:44.111+0000] {processor.py:183} INFO - Processing /home/airflow/.local/lib/python3.12/site-packages/airflow/example_dags/example_short_circuit_operator.py took 0.107 seconds
[2026-03-25T11:31:16.243+0000] {processor.py:161} INFO - Started process (PID=1813) to work on /home/airflow/.local/lib/python3.12/site-packages/airflow/example_dags/example_short_circuit_operator.py
[2026-03-25T11:31:16.244+0000] {processor.py:830} INFO - Processing file /home/airflow/.local/lib/python3.12/site-packages/airflow/example_dags/example_short_circuit_operator.py for tasks to queue
[2026-03-25T11:31:16.246+0000] {logging_mixin.py:188} INFO - [2026-03-25T11:31:16.246+0000] {dagbag.py:540} INFO - Filling up the DagBag from /home/airflow/.local/lib/python3.12/site-packages/airflow/example_dags/example_short_circuit_operator.py
[2026-03-25T11:31:16.255+0000] {processor.py:840} INFO - DAG(s) 'example_short_circuit_operator' retrieved from /home/airflow/.local/lib/python3.12/site-packages/airflow/example_dags/example_short_circuit_operator.py
[2026-03-25T11:31:16.279+0000] {logging_mixin.py:188} INFO - [2026-03-25T11:31:16.279+0000] {dag.py:3096} INFO - Sync 1 DAGs
[2026-03-25T11:31:16.302+0000] {logging_mixin.py:188} INFO - [2026-03-25T11:31:16.302+0000] {dag.py:3954} INFO - Setting next_dagrun for example_short_circuit_operator to 2026-03-24 00:00:00+00:00, run_after=2026-03-25 00:00:00+00:00
[2026-03-25T11:31:16.363+0000] {processor.py:183} INFO - Processing /home/airflow/.local/lib/python3.12/site-packages/airflow/example_dags/example_short_circuit_operator.py took 0.125 seconds
[2026-03-25T11:31:49.411+0000] {processor.py:161} INFO - Started process (PID=1872) to work on /home/airflow/.local/lib/python3.12/site-packages/airflow/example_dags/example_short_circuit_operator.py
[2026-03-25T11:31:49.412+0000] {processor.py:830} INFO - Processing file /home/airflow/.local/lib/python3.12/site-packages/airflow/example_dags/example_short_circuit_operator.py for tasks to queue
[2026-03-25T11:31:49.414+0000] {logging_mixin.py:188} INFO - [2026-03-25T11:31:49.414+0000] {dagbag.py:540} INFO - Filling up the DagBag from /home/airflow/.local/lib/python3.12/site-packages/airflow/example_dags/example_short_circuit_operator.py
[2026-03-25T11:31:49.423+0000] {processor.py:840} INFO - DAG(s) 'example_short_circuit_operator' retrieved from /home/airflow/.local/lib/python3.12/site-packages/airflow/example_dags/example_short_circuit_operator.py
[2026-03-25T11:31:49.453+0000] {logging_mixin.py:188} INFO - [2026-03-25T11:31:49.453+0000] {dag.py:3096} INFO - Sync 1 DAGs
[2026-03-25T11:31:49.481+0000] {logging_mixin.py:188} INFO - [2026-03-25T11:31:49.481+0000] {dag.py:3954} INFO - Setting next_dagrun for example_short_circuit_operator to 2026-03-24 00:00:00+00:00, run_after=2026-03-25 00:00:00+00:00
[2026-03-25T11:31:49.528+0000] {processor.py:183} INFO - Processing /home/airflow/.local/lib/python3.12/site-packages/airflow/example_dags/example_short_circuit_operator.py took 0.123 seconds
[2026-03-25T11:32:22.106+0000] {processor.py:161} INFO - Started process (PID=1931) to work on /home/airflow/.local/lib/python3.12/site-packages/airflow/example_dags/example_short_circuit_operator.py
[2026-03-25T11:32:22.107+0000] {processor.py:830} INFO - Processing file /home/airflow/.local/lib/python3.12/site-packages/airflow/example_dags/example_short_circuit_operator.py for tasks to queue
[2026-03-25T11:32:22.110+0000] {logging_mixin.py:188} INFO - [2026-03-25T11:32:22.109+0000] {dagbag.py:540} INFO - Filling up the DagBag from /home/airflow/.local/lib/python3.12/site-packages/airflow/example_dags/example_short_circuit_operator.py
[2026-03-25T11:32:22.119+0000] {processor.py:840} INFO - DAG(s) 'example_short_circuit_operator' retrieved from /home/airflow/.local/lib/python3.12/site-packages/airflow/example_dags/example_short_circuit_operator.py
[2026-03-25T11:32:22.146+0000] {logging_mixin.py:188} INFO - [2026-03-25T11:32:22.146+0000] {dag.py:3096} INFO - Sync 1 DAGs
[2026-03-25T11:32:22.171+0000] {logging_mixin.py:188} INFO - [2026-03-25T11:32:22.171+0000] {dag.py:3954} INFO - Setting next_dagrun for example_short_circuit_operator to 2026-03-24 00:00:00+00:00, run_after=2026-03-25 00:00:00+00:00
[2026-03-25T11:32:22.214+0000] {processor.py:183} INFO - Processing /home/airflow/.local/lib/python3.12/site-packages/airflow/example_dags/example_short_circuit_operator.py took 0.115 seconds
[2026-03-25T11:34:39.975+0000] {processor.py:161} INFO - Started process (PID=99) to work on /home/airflow/.local/lib/python3.12/site-packages/airflow/example_dags/example_short_circuit_operator.py
[2026-03-25T11:34:39.977+0000] {processor.py:830} INFO - Processing file /home/airflow/.local/lib/python3.12/site-packages/airflow/example_dags/example_short_circuit_operator.py for tasks to queue
[2026-03-25T11:34:39.981+0000] {logging_mixin.py:188} INFO - [2026-03-25T11:34:39.980+0000] {dagbag.py:540} INFO - Filling up the DagBag from /home/airflow/.local/lib/python3.12/site-packages/airflow/example_dags/example_short_circuit_operator.py
[2026-03-25T11:34:39.996+0000] {processor.py:840} INFO - DAG(s) 'example_short_circuit_operator' retrieved from /home/airflow/.local/lib/python3.12/site-packages/airflow/example_dags/example_short_circuit_operator.py
[2026-03-25T11:34:40.165+0000] {logging_mixin.py:188} INFO - [2026-03-25T11:34:40.165+0000] {dag.py:3096} INFO - Sync 1 DAGs
[2026-03-25T11:34:40.193+0000] {logging_mixin.py:188} INFO - [2026-03-25T11:34:40.192+0000] {dag.py:3954} INFO - Setting next_dagrun for example_short_circuit_operator to 2026-03-24 00:00:00+00:00, run_after=2026-03-25 00:00:00+00:00
[2026-03-25T11:34:40.245+0000] {processor.py:183} INFO - Processing /home/airflow/.local/lib/python3.12/site-packages/airflow/example_dags/example_short_circuit_operator.py took 0.279 seconds
[2026-03-25T11:35:11.217+0000] {processor.py:161} INFO - Started process (PID=158) to work on /home/airflow/.local/lib/python3.12/site-packages/airflow/example_dags/example_short_circuit_operator.py
[2026-03-25T11:35:11.218+0000] {processor.py:830} INFO - Processing file /home/airflow/.local/lib/python3.12/site-packages/airflow/example_dags/example_short_circuit_operator.py for tasks to queue
[2026-03-25T11:35:11.221+0000] {logging_mixin.py:188} INFO - [2026-03-25T11:35:11.221+0000] {dagbag.py:540} INFO - Filling up the DagBag from /home/airflow/.local/lib/python3.12/site-packages/airflow/example_dags/example_short_circuit_operator.py
[2026-03-25T11:35:11.230+0000] {processor.py:840} INFO - DAG(s) 'example_short_circuit_operator' retrieved from /home/airflow/.local/lib/python3.12/site-packages/airflow/example_dags/example_short_circuit_operator.py
[2026-03-25T11:35:11.260+0000] {logging_mixin.py:188} INFO - [2026-03-25T11:35:11.260+0000] {dag.py:3096} INFO - Sync 1 DAGs
[2026-03-25T11:35:11.290+0000] {logging_mixin.py:188} INFO - [2026-03-25T11:35:11.290+0000] {dag.py:3954} INFO - Setting next_dagrun for example_short_circuit_operator to 2026-03-24 00:00:00+00:00, run_after=2026-03-25 00:00:00+00:00
[2026-03-25T11:35:11.336+0000] {processor.py:183} INFO - Processing /home/airflow/.local/lib/python3.12/site-packages/airflow/example_dags/example_short_circuit_operator.py took 0.128 seconds
[2026-03-25T11:35:41.495+0000] {processor.py:161} INFO - Started process (PID=218) to work on /home/airflow/.local/lib/python3.12/site-packages/airflow/example_dags/example_short_circuit_operator.py
[2026-03-25T11:35:41.496+0000] {processor.py:830} INFO - Processing file /home/airflow/.local/lib/python3.12/site-packages/airflow/example_dags/example_short_circuit_operator.py for tasks to queue
[2026-03-25T11:35:41.498+0000] {logging_mixin.py:188} INFO - [2026-03-25T11:35:41.498+0000] {dagbag.py:540} INFO - Filling up the DagBag from /home/airflow/.local/lib/python3.12/site-packages/airflow/example_dags/example_short_circuit_operator.py
[2026-03-25T11:35:41.505+0000] {processor.py:840} INFO - DAG(s) 'example_short_circuit_operator' retrieved from /home/airflow/.local/lib/python3.12/site-packages/airflow/example_dags/example_short_circuit_operator.py
[2026-03-25T11:35:41.529+0000] {logging_mixin.py:188} INFO - [2026-03-25T11:35:41.529+0000] {dag.py:3096} INFO - Sync 1 DAGs
[2026-03-25T11:35:41.550+0000] {logging_mixin.py:188} INFO - [2026-03-25T11:35:41.550+0000] {dag.py:3954} INFO - Setting next_dagrun for example_short_circuit_operator to 2026-03-24 00:00:00+00:00, run_after=2026-03-25 00:00:00+00:00
[2026-03-25T11:35:41.594+0000] {processor.py:183} INFO - Processing /home/airflow/.local/lib/python3.12/site-packages/airflow/example_dags/example_short_circuit_operator.py took 0.105 seconds
[2026-03-25T11:36:14.647+0000] {processor.py:161} INFO - Started process (PID=277) to work on /home/airflow/.local/lib/python3.12/site-packages/airflow/example_dags/example_short_circuit_operator.py
[2026-03-25T11:36:14.648+0000] {processor.py:830} INFO - Processing file /home/airflow/.local/lib/python3.12/site-packages/airflow/example_dags/example_short_circuit_operator.py for tasks to queue
[2026-03-25T11:36:14.651+0000] {logging_mixin.py:188} INFO - [2026-03-25T11:36:14.651+0000] {dagbag.py:540} INFO - Filling up the DagBag from /home/airflow/.local/lib/python3.12/site-packages/airflow/example_dags/example_short_circuit_operator.py
[2026-03-25T11:36:14.666+0000] {processor.py:840} INFO - DAG(s) 'example_short_circuit_operator' retrieved from /home/airflow/.local/lib/python3.12/site-packages/airflow/example_dags/example_short_circuit_operator.py
[2026-03-25T11:36:14.700+0000] {logging_mixin.py:188} INFO - [2026-03-25T11:36:14.699+0000] {dag.py:3096} INFO - Sync 1 DAGs
[2026-03-25T11:36:14.723+0000] {logging_mixin.py:188} INFO - [2026-03-25T11:36:14.723+0000] {dag.py:3954} INFO - Setting next_dagrun for example_short_circuit_operator to 2026-03-24 00:00:00+00:00, run_after=2026-03-25 00:00:00+00:00
[2026-03-25T11:36:14.764+0000] {processor.py:183} INFO - Processing /home/airflow/.local/lib/python3.12/site-packages/airflow/example_dags/example_short_circuit_operator.py took 0.125 seconds
[2026-03-25T11:36:47.544+0000] {processor.py:161} INFO - Started process (PID=336) to work on /home/airflow/.local/lib/python3.12/site-packages/airflow/example_dags/example_short_circuit_operator.py
[2026-03-25T11:36:47.546+0000] {processor.py:830} INFO - Processing file /home/airflow/.local/lib/python3.12/site-packages/airflow/example_dags/example_short_circuit_operator.py for tasks to queue
[2026-03-25T11:36:47.548+0000] {logging_mixin.py:188} INFO - [2026-03-25T11:36:47.548+0000] {dagbag.py:540} INFO - Filling up the DagBag from /home/airflow/.local/lib/python3.12/site-packages/airflow/example_dags/example_short_circuit_operator.py
[2026-03-25T11:36:47.560+0000] {processor.py:840} INFO - DAG(s) 'example_short_circuit_operator' retrieved from /home/airflow/.local/lib/python3.12/site-packages/airflow/example_dags/example_short_circuit_operator.py
[2026-03-25T11:36:47.601+0000] {logging_mixin.py:188} INFO - [2026-03-25T11:36:47.601+0000] {dag.py:3096} INFO - Sync 1 DAGs
[2026-03-25T11:36:47.644+0000] {logging_mixin.py:188} INFO - [2026-03-25T11:36:47.644+0000] {dag.py:3954} INFO - Setting next_dagrun for example_short_circuit_operator to 2026-03-24 00:00:00+00:00, run_after=2026-03-25 00:00:00+00:00
[2026-03-25T11:36:47.729+0000] {processor.py:183} INFO - Processing /home/airflow/.local/lib/python3.12/site-packages/airflow/example_dags/example_short_circuit_operator.py took 0.196 seconds
[2026-03-25T11:37:19.605+0000] {processor.py:161} INFO - Started process (PID=395) to work on /home/airflow/.local/lib/python3.12/site-packages/airflow/example_dags/example_short_circuit_operator.py
[2026-03-25T11:37:19.606+0000] {processor.py:830} INFO - Processing file /home/airflow/.local/lib/python3.12/site-packages/airflow/example_dags/example_short_circuit_operator.py for tasks to queue
[2026-03-25T11:37:19.610+0000] {logging_mixin.py:188} INFO - [2026-03-25T11:37:19.609+0000] {dagbag.py:540} INFO - Filling up the DagBag from /home/airflow/.local/lib/python3.12/site-packages/airflow/example_dags/example_short_circuit_operator.py
[2026-03-25T11:37:19.621+0000] {processor.py:840} INFO - DAG(s) 'example_short_circuit_operator' retrieved from /home/airflow/.local/lib/python3.12/site-packages/airflow/example_dags/example_short_circuit_operator.py
[2026-03-25T11:37:19.651+0000] {logging_mixin.py:188} INFO - [2026-03-25T11:37:19.651+0000] {dag.py:3096} INFO - Sync 1 DAGs
[2026-03-25T11:37:19.683+0000] {logging_mixin.py:188} INFO - [2026-03-25T11:37:19.682+0000] {dag.py:3954} INFO - Setting next_dagrun for example_short_circuit_operator to 2026-03-24 00:00:00+00:00, run_after=2026-03-25 00:00:00+00:00
[2026-03-25T11:37:19.729+0000] {processor.py:183} INFO - Processing /home/airflow/.local/lib/python3.12/site-packages/airflow/example_dags/example_short_circuit_operator.py took 0.131 seconds
[2026-03-25T11:37:51.765+0000] {processor.py:161} INFO - Started process (PID=454) to work on /home/airflow/.local/lib/python3.12/site-packages/airflow/example_dags/example_short_circuit_operator.py
[2026-03-25T11:37:51.766+0000] {processor.py:830} INFO - Processing file /home/airflow/.local/lib/python3.12/site-packages/airflow/example_dags/example_short_circuit_operator.py for tasks to queue
[2026-03-25T11:37:51.768+0000] {logging_mixin.py:188} INFO - [2026-03-25T11:37:51.767+0000] {dagbag.py:540} INFO - Filling up the DagBag from /home/airflow/.local/lib/python3.12/site-packages/airflow/example_dags/example_short_circuit_operator.py
[2026-03-25T11:37:51.775+0000] {processor.py:840} INFO - DAG(s) 'example_short_circuit_operator' retrieved from /home/airflow/.local/lib/python3.12/site-packages/airflow/example_dags/example_short_circuit_operator.py
[2026-03-25T11:37:51.798+0000] {logging_mixin.py:188} INFO - [2026-03-25T11:37:51.798+0000] {dag.py:3096} INFO - Sync 1 DAGs
[2026-03-25T11:37:51.819+0000] {logging_mixin.py:188} INFO - [2026-03-25T11:37:51.819+0000] {dag.py:3954} INFO - Setting next_dagrun for example_short_circuit_operator to 2026-03-24 00:00:00+00:00, run_after=2026-03-25 00:00:00+00:00
[2026-03-25T11:37:51.858+0000] {processor.py:183} INFO - Processing /home/airflow/.local/lib/python3.12/site-packages/airflow/example_dags/example_short_circuit_operator.py took 0.099 seconds
[2026-03-25T11:38:23.761+0000] {processor.py:161} INFO - Started process (PID=507) to work on /home/airflow/.local/lib/python3.12/site-packages/airflow/example_dags/example_short_circuit_operator.py
[2026-03-25T11:38:23.762+0000] {processor.py:830} INFO - Processing file /home/airflow/.local/lib/python3.12/site-packages/airflow/example_dags/example_short_circuit_operator.py for tasks to queue
[2026-03-25T11:38:23.765+0000] {logging_mixin.py:188} INFO - [2026-03-25T11:38:23.764+0000] {dagbag.py:540} INFO - Filling up the DagBag from /home/airflow/.local/lib/python3.12/site-packages/airflow/example_dags/example_short_circuit_operator.py
[2026-03-25T11:38:23.773+0000] {processor.py:840} INFO - DAG(s) 'example_short_circuit_operator' retrieved from /home/airflow/.local/lib/python3.12/site-packages/airflow/example_dags/example_short_circuit_operator.py
[2026-03-25T11:38:23.800+0000] {logging_mixin.py:188} INFO - [2026-03-25T11:38:23.800+0000] {dag.py:3096} INFO - Sync 1 DAGs
[2026-03-25T11:38:23.826+0000] {logging_mixin.py:188} INFO - [2026-03-25T11:38:23.826+0000] {dag.py:3954} INFO - Setting next_dagrun for example_short_circuit_operator to 2026-03-24 00:00:00+00:00, run_after=2026-03-25 00:00:00+00:00
[2026-03-25T11:38:23.875+0000] {processor.py:183} INFO - Processing /home/airflow/.local/lib/python3.12/site-packages/airflow/example_dags/example_short_circuit_operator.py took 0.121 seconds
[2026-03-25T11:38:56.514+0000] {processor.py:161} INFO - Started process (PID=566) to work on /home/airflow/.local/lib/python3.12/site-packages/airflow/example_dags/example_short_circuit_operator.py
[2026-03-25T11:38:56.515+0000] {processor.py:830} INFO - Processing file /home/airflow/.local/lib/python3.12/site-packages/airflow/example_dags/example_short_circuit_operator.py for tasks to queue
[2026-03-25T11:38:56.517+0000] {logging_mixin.py:188} INFO - [2026-03-25T11:38:56.516+0000] {dagbag.py:540} INFO - Filling up the DagBag from /home/airflow/.local/lib/python3.12/site-packages/airflow/example_dags/example_short_circuit_operator.py
[2026-03-25T11:38:56.524+0000] {processor.py:840} INFO - DAG(s) 'example_short_circuit_operator' retrieved from /home/airflow/.local/lib/python3.12/site-packages/airflow/example_dags/example_short_circuit_operator.py
[2026-03-25T11:38:56.548+0000] {logging_mixin.py:188} INFO - [2026-03-25T11:38:56.547+0000] {dag.py:3096} INFO - Sync 1 DAGs
[2026-03-25T11:38:56.570+0000] {logging_mixin.py:188} INFO - [2026-03-25T11:38:56.569+0000] {dag.py:3954} INFO - Setting next_dagrun for example_short_circuit_operator to 2026-03-24 00:00:00+00:00, run_after=2026-03-25 00:00:00+00:00
[2026-03-25T11:38:56.612+0000] {processor.py:183} INFO - Processing /home/airflow/.local/lib/python3.12/site-packages/airflow/example_dags/example_short_circuit_operator.py took 0.104 seconds
[2026-03-25T11:39:29.239+0000] {processor.py:161} INFO - Started process (PID=625) to work on /home/airflow/.local/lib/python3.12/site-packages/airflow/example_dags/example_short_circuit_operator.py
[2026-03-25T11:39:29.240+0000] {processor.py:830} INFO - Processing file /home/airflow/.local/lib/python3.12/site-packages/airflow/example_dags/example_short_circuit_operator.py for tasks to queue
[2026-03-25T11:39:29.242+0000] {logging_mixin.py:188} INFO - [2026-03-25T11:39:29.242+0000] {dagbag.py:540} INFO - Filling up the DagBag from /home/airflow/.local/lib/python3.12/site-packages/airflow/example_dags/example_short_circuit_operator.py
[2026-03-25T11:39:29.250+0000] {processor.py:840} INFO - DAG(s) 'example_short_circuit_operator' retrieved from /home/airflow/.local/lib/python3.12/site-packages/airflow/example_dags/example_short_circuit_operator.py
[2026-03-25T11:39:29.278+0000] {logging_mixin.py:188} INFO - [2026-03-25T11:39:29.278+0000] {dag.py:3096} INFO - Sync 1 DAGs
[2026-03-25T11:39:29.304+0000] {logging_mixin.py:188} INFO - [2026-03-25T11:39:29.304+0000] {dag.py:3954} INFO - Setting next_dagrun for example_short_circuit_operator to 2026-03-24 00:00:00+00:00, run_after=2026-03-25 00:00:00+00:00
[2026-03-25T11:39:29.348+0000] {processor.py:183} INFO - Processing /home/airflow/.local/lib/python3.12/site-packages/airflow/example_dags/example_short_circuit_operator.py took 0.115 seconds
[2026-03-25T11:40:02.719+0000] {processor.py:161} INFO - Started process (PID=690) to work on /home/airflow/.local/lib/python3.12/site-packages/airflow/example_dags/example_short_circuit_operator.py
[2026-03-25T11:40:02.721+0000] {processor.py:830} INFO - Processing file /home/airflow/.local/lib/python3.12/site-packages/airflow/example_dags/example_short_circuit_operator.py for tasks to queue
[2026-03-25T11:40:02.723+0000] {logging_mixin.py:188} INFO - [2026-03-25T11:40:02.723+0000] {dagbag.py:540} INFO - Filling up the DagBag from /home/airflow/.local/lib/python3.12/site-packages/airflow/example_dags/example_short_circuit_operator.py
[2026-03-25T11:40:02.733+0000] {processor.py:840} INFO - DAG(s) 'example_short_circuit_operator' retrieved from /home/airflow/.local/lib/python3.12/site-packages/airflow/example_dags/example_short_circuit_operator.py
[2026-03-25T11:40:02.757+0000] {logging_mixin.py:188} INFO - [2026-03-25T11:40:02.757+0000] {dag.py:3096} INFO - Sync 1 DAGs
[2026-03-25T11:40:02.782+0000] {logging_mixin.py:188} INFO - [2026-03-25T11:40:02.781+0000] {dag.py:3954} INFO - Setting next_dagrun for example_short_circuit_operator to 2026-03-24 00:00:00+00:00, run_after=2026-03-25 00:00:00+00:00
[2026-03-25T11:40:02.823+0000] {processor.py:183} INFO - Processing /home/airflow/.local/lib/python3.12/site-packages/airflow/example_dags/example_short_circuit_operator.py took 0.112 seconds
[2026-03-25T11:40:34.616+0000] {processor.py:161} INFO - Started process (PID=743) to work on /home/airflow/.local/lib/python3.12/site-packages/airflow/example_dags/example_short_circuit_operator.py
[2026-03-25T11:40:34.617+0000] {processor.py:830} INFO - Processing file /home/airflow/.local/lib/python3.12/site-packages/airflow/example_dags/example_short_circuit_operator.py for tasks to queue
[2026-03-25T11:40:34.620+0000] {logging_mixin.py:188} INFO - [2026-03-25T11:40:34.619+0000] {dagbag.py:540} INFO - Filling up the DagBag from /home/airflow/.local/lib/python3.12/site-packages/airflow/example_dags/example_short_circuit_operator.py
[2026-03-25T11:40:34.628+0000] {processor.py:840} INFO - DAG(s) 'example_short_circuit_operator' retrieved from /home/airflow/.local/lib/python3.12/site-packages/airflow/example_dags/example_short_circuit_operator.py
[2026-03-25T11:40:34.655+0000] {logging_mixin.py:188} INFO - [2026-03-25T11:40:34.655+0000] {dag.py:3096} INFO - Sync 1 DAGs
[2026-03-25T11:40:34.682+0000] {logging_mixin.py:188} INFO - [2026-03-25T11:40:34.681+0000] {dag.py:3954} INFO - Setting next_dagrun for example_short_circuit_operator to 2026-03-24 00:00:00+00:00, run_after=2026-03-25 00:00:00+00:00
[2026-03-25T11:40:34.729+0000] {processor.py:183} INFO - Processing /home/airflow/.local/lib/python3.12/site-packages/airflow/example_dags/example_short_circuit_operator.py took 0.119 seconds
[2026-03-25T11:41:07.585+0000] {processor.py:161} INFO - Started process (PID=802) to work on /home/airflow/.local/lib/python3.12/site-packages/airflow/example_dags/example_short_circuit_operator.py
[2026-03-25T11:41:07.586+0000] {processor.py:830} INFO - Processing file /home/airflow/.local/lib/python3.12/site-packages/airflow/example_dags/example_short_circuit_operator.py for tasks to queue
[2026-03-25T11:41:07.589+0000] {logging_mixin.py:188} INFO - [2026-03-25T11:41:07.589+0000] {dagbag.py:540} INFO - Filling up the DagBag from /home/airflow/.local/lib/python3.12/site-packages/airflow/example_dags/example_short_circuit_operator.py
[2026-03-25T11:41:07.602+0000] {processor.py:840} INFO - DAG(s) 'example_short_circuit_operator' retrieved from /home/airflow/.local/lib/python3.12/site-packages/airflow/example_dags/example_short_circuit_operator.py
[2026-03-25T11:41:07.631+0000] {logging_mixin.py:188} INFO - [2026-03-25T11:41:07.631+0000] {dag.py:3096} INFO - Sync 1 DAGs
[2026-03-25T11:41:07.661+0000] {logging_mixin.py:188} INFO - [2026-03-25T11:41:07.661+0000] {dag.py:3954} INFO - Setting next_dagrun for example_short_circuit_operator to 2026-03-24 00:00:00+00:00, run_after=2026-03-25 00:00:00+00:00
[2026-03-25T11:41:07.703+0000] {processor.py:183} INFO - Processing /home/airflow/.local/lib/python3.12/site-packages/airflow/example_dags/example_short_circuit_operator.py took 0.127 seconds
[2026-03-25T11:41:41.846+0000] {processor.py:161} INFO - Started process (PID=867) to work on /home/airflow/.local/lib/python3.12/site-packages/airflow/example_dags/example_short_circuit_operator.py
[2026-03-25T11:41:41.847+0000] {processor.py:830} INFO - Processing file /home/airflow/.local/lib/python3.12/site-packages/airflow/example_dags/example_short_circuit_operator.py for tasks to queue
[2026-03-25T11:41:41.849+0000] {logging_mixin.py:188} INFO - [2026-03-25T11:41:41.849+0000] {dagbag.py:540} INFO - Filling up the DagBag from /home/airflow/.local/lib/python3.12/site-packages/airflow/example_dags/example_short_circuit_operator.py
[2026-03-25T11:41:41.857+0000] {processor.py:840} INFO - DAG(s) 'example_short_circuit_operator' retrieved from /home/airflow/.local/lib/python3.12/site-packages/airflow/example_dags/example_short_circuit_operator.py
[2026-03-25T11:41:41.880+0000] {logging_mixin.py:188} INFO - [2026-03-25T11:41:41.880+0000] {dag.py:3096} INFO - Sync 1 DAGs
[2026-03-25T11:41:41.902+0000] {logging_mixin.py:188} INFO - [2026-03-25T11:41:41.902+0000] {dag.py:3954} INFO - Setting next_dagrun for example_short_circuit_operator to 2026-03-24 00:00:00+00:00, run_after=2026-03-25 00:00:00+00:00
[2026-03-25T11:41:41.960+0000] {processor.py:183} INFO - Processing /home/airflow/.local/lib/python3.12/site-packages/airflow/example_dags/example_short_circuit_operator.py took 0.119 seconds
[2026-03-25T11:42:12.796+0000] {processor.py:161} INFO - Started process (PID=920) to work on /home/airflow/.local/lib/python3.12/site-packages/airflow/example_dags/example_short_circuit_operator.py
[2026-03-25T11:42:12.797+0000] {processor.py:830} INFO - Processing file /home/airflow/.local/lib/python3.12/site-packages/airflow/example_dags/example_short_circuit_operator.py for tasks to queue
[2026-03-25T11:42:12.800+0000] {logging_mixin.py:188} INFO - [2026-03-25T11:42:12.799+0000] {dagbag.py:540} INFO - Filling up the DagBag from /home/airflow/.local/lib/python3.12/site-packages/airflow/example_dags/example_short_circuit_operator.py
[2026-03-25T11:42:12.809+0000] {processor.py:840} INFO - DAG(s) 'example_short_circuit_operator' retrieved from /home/airflow/.local/lib/python3.12/site-packages/airflow/example_dags/example_short_circuit_operator.py
[2026-03-25T11:42:12.844+0000] {logging_mixin.py:188} INFO - [2026-03-25T11:42:12.844+0000] {dag.py:3096} INFO - Sync 1 DAGs
[2026-03-25T11:42:12.871+0000] {logging_mixin.py:188} INFO - [2026-03-25T11:42:12.871+0000] {dag.py:3954} INFO - Setting next_dagrun for example_short_circuit_operator to 2026-03-24 00:00:00+00:00, run_after=2026-03-25 00:00:00+00:00
[2026-03-25T11:42:12.930+0000] {processor.py:183} INFO - Processing /home/airflow/.local/lib/python3.12/site-packages/airflow/example_dags/example_short_circuit_operator.py took 0.141 seconds
[2026-03-25T11:42:45.802+0000] {processor.py:161} INFO - Started process (PID=979) to work on /home/airflow/.local/lib/python3.12/site-packages/airflow/example_dags/example_short_circuit_operator.py
[2026-03-25T11:42:45.804+0000] {processor.py:830} INFO - Processing file /home/airflow/.local/lib/python3.12/site-packages/airflow/example_dags/example_short_circuit_operator.py for tasks to queue
[2026-03-25T11:42:45.806+0000] {logging_mixin.py:188} INFO - [2026-03-25T11:42:45.806+0000] {dagbag.py:540} INFO - Filling up the DagBag from /home/airflow/.local/lib/python3.12/site-packages/airflow/example_dags/example_short_circuit_operator.py
[2026-03-25T11:42:45.815+0000] {processor.py:840} INFO - DAG(s) 'example_short_circuit_operator' retrieved from /home/airflow/.local/lib/python3.12/site-packages/airflow/example_dags/example_short_circuit_operator.py
[2026-03-25T11:42:45.844+0000] {logging_mixin.py:188} INFO - [2026-03-25T11:42:45.844+0000] {dag.py:3096} INFO - Sync 1 DAGs
[2026-03-25T11:42:45.871+0000] {logging_mixin.py:188} INFO - [2026-03-25T11:42:45.871+0000] {dag.py:3954} INFO - Setting next_dagrun for example_short_circuit_operator to 2026-03-24 00:00:00+00:00, run_after=2026-03-25 00:00:00+00:00
[2026-03-25T11:42:45.918+0000] {processor.py:183} INFO - Processing /home/airflow/.local/lib/python3.12/site-packages/airflow/example_dags/example_short_circuit_operator.py took 0.122 seconds
[2026-03-25T11:43:19.154+0000] {processor.py:161} INFO - Started process (PID=1038) to work on /home/airflow/.local/lib/python3.12/site-packages/airflow/example_dags/example_short_circuit_operator.py
[2026-03-25T11:43:19.155+0000] {processor.py:830} INFO - Processing file /home/airflow/.local/lib/python3.12/site-packages/airflow/example_dags/example_short_circuit_operator.py for tasks to queue
[2026-03-25T11:43:19.157+0000] {logging_mixin.py:188} INFO - [2026-03-25T11:43:19.157+0000] {dagbag.py:540} INFO - Filling up the DagBag from /home/airflow/.local/lib/python3.12/site-packages/airflow/example_dags/example_short_circuit_operator.py
[2026-03-25T11:43:19.164+0000] {processor.py:840} INFO - DAG(s) 'example_short_circuit_operator' retrieved from /home/airflow/.local/lib/python3.12/site-packages/airflow/example_dags/example_short_circuit_operator.py
[2026-03-25T11:43:19.188+0000] {logging_mixin.py:188} INFO - [2026-03-25T11:43:19.188+0000] {dag.py:3096} INFO - Sync 1 DAGs
[2026-03-25T11:43:19.210+0000] {logging_mixin.py:188} INFO - [2026-03-25T11:43:19.209+0000] {dag.py:3954} INFO - Setting next_dagrun for example_short_circuit_operator to 2026-03-24 00:00:00+00:00, run_after=2026-03-25 00:00:00+00:00
[2026-03-25T11:43:19.252+0000] {processor.py:183} INFO - Processing /home/airflow/.local/lib/python3.12/site-packages/airflow/example_dags/example_short_circuit_operator.py took 0.104 seconds
[2026-03-25T11:43:52.520+0000] {processor.py:161} INFO - Started process (PID=1103) to work on /home/airflow/.local/lib/python3.12/site-packages/airflow/example_dags/example_short_circuit_operator.py
[2026-03-25T11:43:52.521+0000] {processor.py:830} INFO - Processing file /home/airflow/.local/lib/python3.12/site-packages/airflow/example_dags/example_short_circuit_operator.py for tasks to queue
[2026-03-25T11:43:52.523+0000] {logging_mixin.py:188} INFO - [2026-03-25T11:43:52.523+0000] {dagbag.py:540} INFO - Filling up the DagBag from /home/airflow/.local/lib/python3.12/site-packages/airflow/example_dags/example_short_circuit_operator.py
[2026-03-25T11:43:52.531+0000] {processor.py:840} INFO - DAG(s) 'example_short_circuit_operator' retrieved from /home/airflow/.local/lib/python3.12/site-packages/airflow/example_dags/example_short_circuit_operator.py
[2026-03-25T11:43:52.560+0000] {logging_mixin.py:188} INFO - [2026-03-25T11:43:52.559+0000] {dag.py:3096} INFO - Sync 1 DAGs
[2026-03-25T11:43:52.588+0000] {logging_mixin.py:188} INFO - [2026-03-25T11:43:52.588+0000] {dag.py:3954} INFO - Setting next_dagrun for example_short_circuit_operator to 2026-03-24 00:00:00+00:00, run_after=2026-03-25 00:00:00+00:00
[2026-03-25T11:43:52.628+0000] {processor.py:183} INFO - Processing /home/airflow/.local/lib/python3.12/site-packages/airflow/example_dags/example_short_circuit_operator.py took 0.115 seconds
[2026-03-25T11:44:23.816+0000] {processor.py:161} INFO - Started process (PID=1156) to work on /home/airflow/.local/lib/python3.12/site-packages/airflow/example_dags/example_short_circuit_operator.py
[2026-03-25T11:44:23.818+0000] {processor.py:830} INFO - Processing file /home/airflow/.local/lib/python3.12/site-packages/airflow/example_dags/example_short_circuit_operator.py for tasks to queue
[2026-03-25T11:44:23.824+0000] {logging_mixin.py:188} INFO - [2026-03-25T11:44:23.824+0000] {dagbag.py:540} INFO - Filling up the DagBag from /home/airflow/.local/lib/python3.12/site-packages/airflow/example_dags/example_short_circuit_operator.py
[2026-03-25T11:44:23.841+0000] {processor.py:840} INFO - DAG(s) 'example_short_circuit_operator' retrieved from /home/airflow/.local/lib/python3.12/site-packages/airflow/example_dags/example_short_circuit_operator.py
[2026-03-25T11:44:23.889+0000] {logging_mixin.py:188} INFO - [2026-03-25T11:44:23.889+0000] {dag.py:3096} INFO - Sync 1 DAGs
[2026-03-25T11:44:23.921+0000] {logging_mixin.py:188} INFO - [2026-03-25T11:44:23.921+0000] {dag.py:3954} INFO - Setting next_dagrun for example_short_circuit_operator to 2026-03-24 00:00:00+00:00, run_after=2026-03-25 00:00:00+00:00
[2026-03-25T11:44:23.963+0000] {processor.py:183} INFO - Processing /home/airflow/.local/lib/python3.12/site-packages/airflow/example_dags/example_short_circuit_operator.py took 0.158 seconds
[2026-03-25T11:44:56.896+0000] {processor.py:161} INFO - Started process (PID=1215) to work on /home/airflow/.local/lib/python3.12/site-packages/airflow/example_dags/example_short_circuit_operator.py
[2026-03-25T11:44:56.897+0000] {processor.py:830} INFO - Processing file /home/airflow/.local/lib/python3.12/site-packages/airflow/example_dags/example_short_circuit_operator.py for tasks to queue
[2026-03-25T11:44:56.900+0000] {logging_mixin.py:188} INFO - [2026-03-25T11:44:56.899+0000] {dagbag.py:540} INFO - Filling up the DagBag from /home/airflow/.local/lib/python3.12/site-packages/airflow/example_dags/example_short_circuit_operator.py
[2026-03-25T11:44:56.915+0000] {processor.py:840} INFO - DAG(s) 'example_short_circuit_operator' retrieved from /home/airflow/.local/lib/python3.12/site-packages/airflow/example_dags/example_short_circuit_operator.py
[2026-03-25T11:44:56.954+0000] {logging_mixin.py:188} INFO - [2026-03-25T11:44:56.954+0000] {dag.py:3096} INFO - Sync 1 DAGs
[2026-03-25T11:44:56.982+0000] {logging_mixin.py:188} INFO - [2026-03-25T11:44:56.982+0000] {dag.py:3954} INFO - Setting next_dagrun for example_short_circuit_operator to 2026-03-24 00:00:00+00:00, run_after=2026-03-25 00:00:00+00:00
[2026-03-25T11:44:57.031+0000] {processor.py:183} INFO - Processing /home/airflow/.local/lib/python3.12/site-packages/airflow/example_dags/example_short_circuit_operator.py took 0.144 seconds
[2026-03-25T11:45:29.752+0000] {processor.py:161} INFO - Started process (PID=1274) to work on /home/airflow/.local/lib/python3.12/site-packages/airflow/example_dags/example_short_circuit_operator.py
[2026-03-25T11:45:29.753+0000] {processor.py:830} INFO - Processing file /home/airflow/.local/lib/python3.12/site-packages/airflow/example_dags/example_short_circuit_operator.py for tasks to queue
[2026-03-25T11:45:29.755+0000] {logging_mixin.py:188} INFO - [2026-03-25T11:45:29.755+0000] {dagbag.py:540} INFO - Filling up the DagBag from /home/airflow/.local/lib/python3.12/site-packages/airflow/example_dags/example_short_circuit_operator.py
[2026-03-25T11:45:29.763+0000] {processor.py:840} INFO - DAG(s) 'example_short_circuit_operator' retrieved from /home/airflow/.local/lib/python3.12/site-packages/airflow/example_dags/example_short_circuit_operator.py
[2026-03-25T11:45:29.786+0000] {logging_mixin.py:188} INFO - [2026-03-25T11:45:29.786+0000] {dag.py:3096} INFO - Sync 1 DAGs
[2026-03-25T11:45:29.807+0000] {logging_mixin.py:188} INFO - [2026-03-25T11:45:29.807+0000] {dag.py:3954} INFO - Setting next_dagrun for example_short_circuit_operator to 2026-03-24 00:00:00+00:00, run_after=2026-03-25 00:00:00+00:00
[2026-03-25T11:45:29.854+0000] {processor.py:183} INFO - Processing /home/airflow/.local/lib/python3.12/site-packages/airflow/example_dags/example_short_circuit_operator.py took 0.108 seconds
[2026-03-25T11:46:02.118+0000] {processor.py:161} INFO - Started process (PID=1333) to work on /home/airflow/.local/lib/python3.12/site-packages/airflow/example_dags/example_short_circuit_operator.py
[2026-03-25T11:46:02.119+0000] {processor.py:830} INFO - Processing file /home/airflow/.local/lib/python3.12/site-packages/airflow/example_dags/example_short_circuit_operator.py for tasks to queue
[2026-03-25T11:46:02.122+0000] {logging_mixin.py:188} INFO - [2026-03-25T11:46:02.121+0000] {dagbag.py:540} INFO - Filling up the DagBag from /home/airflow/.local/lib/python3.12/site-packages/airflow/example_dags/example_short_circuit_operator.py
[2026-03-25T11:46:02.131+0000] {processor.py:840} INFO - DAG(s) 'example_short_circuit_operator' retrieved from /home/airflow/.local/lib/python3.12/site-packages/airflow/example_dags/example_short_circuit_operator.py
[2026-03-25T11:46:02.161+0000] {logging_mixin.py:188} INFO - [2026-03-25T11:46:02.160+0000] {dag.py:3096} INFO - Sync 1 DAGs
[2026-03-25T11:46:02.187+0000] {logging_mixin.py:188} INFO - [2026-03-25T11:46:02.187+0000] {dag.py:3954} INFO - Setting next_dagrun for example_short_circuit_operator to 2026-03-24 00:00:00+00:00, run_after=2026-03-25 00:00:00+00:00
[2026-03-25T11:46:02.234+0000] {processor.py:183} INFO - Processing /home/airflow/.local/lib/python3.12/site-packages/airflow/example_dags/example_short_circuit_operator.py took 0.123 seconds
[2026-03-25T11:46:35.538+0000] {processor.py:161} INFO - Started process (PID=1392) to work on /home/airflow/.local/lib/python3.12/site-packages/airflow/example_dags/example_short_circuit_operator.py
[2026-03-25T11:46:35.539+0000] {processor.py:830} INFO - Processing file /home/airflow/.local/lib/python3.12/site-packages/airflow/example_dags/example_short_circuit_operator.py for tasks to queue
[2026-03-25T11:46:35.541+0000] {logging_mixin.py:188} INFO - [2026-03-25T11:46:35.541+0000] {dagbag.py:540} INFO - Filling up the DagBag from /home/airflow/.local/lib/python3.12/site-packages/airflow/example_dags/example_short_circuit_operator.py
[2026-03-25T11:46:35.553+0000] {processor.py:840} INFO - DAG(s) 'example_short_circuit_operator' retrieved from /home/airflow/.local/lib/python3.12/site-packages/airflow/example_dags/example_short_circuit_operator.py
[2026-03-25T11:46:35.596+0000] {logging_mixin.py:188} INFO - [2026-03-25T11:46:35.596+0000] {dag.py:3096} INFO - Sync 1 DAGs
[2026-03-25T11:46:35.627+0000] {logging_mixin.py:188} INFO - [2026-03-25T11:46:35.627+0000] {dag.py:3954} INFO - Setting next_dagrun for example_short_circuit_operator to 2026-03-24 00:00:00+00:00, run_after=2026-03-25 00:00:00+00:00
[2026-03-25T11:46:35.730+0000] {processor.py:183} INFO - Processing /home/airflow/.local/lib/python3.12/site-packages/airflow/example_dags/example_short_circuit_operator.py took 0.200 seconds
[2026-03-25T11:47:10.317+0000] {processor.py:161} INFO - Started process (PID=1458) to work on /home/airflow/.local/lib/python3.12/site-packages/airflow/example_dags/example_short_circuit_operator.py
[2026-03-25T11:47:10.318+0000] {processor.py:830} INFO - Processing file /home/airflow/.local/lib/python3.12/site-packages/airflow/example_dags/example_short_circuit_operator.py for tasks to queue
[2026-03-25T11:47:10.321+0000] {logging_mixin.py:188} INFO - [2026-03-25T11:47:10.321+0000] {dagbag.py:540} INFO - Filling up the DagBag from /home/airflow/.local/lib/python3.12/site-packages/airflow/example_dags/example_short_circuit_operator.py
[2026-03-25T11:47:10.335+0000] {processor.py:840} INFO - DAG(s) 'example_short_circuit_operator' retrieved from /home/airflow/.local/lib/python3.12/site-packages/airflow/example_dags/example_short_circuit_operator.py
[2026-03-25T11:47:10.375+0000] {logging_mixin.py:188} INFO - [2026-03-25T11:47:10.375+0000] {dag.py:3096} INFO - Sync 1 DAGs
[2026-03-25T11:47:10.408+0000] {logging_mixin.py:188} INFO - [2026-03-25T11:47:10.408+0000] {dag.py:3954} INFO - Setting next_dagrun for example_short_circuit_operator to 2026-03-24 00:00:00+00:00, run_after=2026-03-25 00:00:00+00:00
[2026-03-25T11:47:10.457+0000] {processor.py:183} INFO - Processing /home/airflow/.local/lib/python3.12/site-packages/airflow/example_dags/example_short_circuit_operator.py took 0.152 seconds
[2026-03-25T11:47:43.305+0000] {processor.py:161} INFO - Started process (PID=1517) to work on /home/airflow/.local/lib/python3.12/site-packages/airflow/example_dags/example_short_circuit_operator.py
[2026-03-25T11:47:43.307+0000] {processor.py:830} INFO - Processing file /home/airflow/.local/lib/python3.12/site-packages/airflow/example_dags/example_short_circuit_operator.py for tasks to queue
[2026-03-25T11:47:43.309+0000] {logging_mixin.py:188} INFO - [2026-03-25T11:47:43.308+0000] {dagbag.py:540} INFO - Filling up the DagBag from /home/airflow/.local/lib/python3.12/site-packages/airflow/example_dags/example_short_circuit_operator.py
[2026-03-25T11:47:43.317+0000] {processor.py:840} INFO - DAG(s) 'example_short_circuit_operator' retrieved from /home/airflow/.local/lib/python3.12/site-packages/airflow/example_dags/example_short_circuit_operator.py
[2026-03-25T11:47:43.346+0000] {logging_mixin.py:188} INFO - [2026-03-25T11:47:43.346+0000] {dag.py:3096} INFO - Sync 1 DAGs
[2026-03-25T11:47:43.376+0000] {logging_mixin.py:188} INFO - [2026-03-25T11:47:43.375+0000] {dag.py:3954} INFO - Setting next_dagrun for example_short_circuit_operator to 2026-03-24 00:00:00+00:00, run_after=2026-03-25 00:00:00+00:00
[2026-03-25T11:47:43.420+0000] {processor.py:183} INFO - Processing /home/airflow/.local/lib/python3.12/site-packages/airflow/example_dags/example_short_circuit_operator.py took 0.120 seconds
[2026-03-25T11:48:13.595+0000] {processor.py:161} INFO - Started process (PID=1570) to work on /home/airflow/.local/lib/python3.12/site-packages/airflow/example_dags/example_short_circuit_operator.py
[2026-03-25T11:48:13.596+0000] {processor.py:830} INFO - Processing file /home/airflow/.local/lib/python3.12/site-packages/airflow/example_dags/example_short_circuit_operator.py for tasks to queue
[2026-03-25T11:48:13.598+0000] {logging_mixin.py:188} INFO - [2026-03-25T11:48:13.598+0000] {dagbag.py:540} INFO - Filling up the DagBag from /home/airflow/.local/lib/python3.12/site-packages/airflow/example_dags/example_short_circuit_operator.py
[2026-03-25T11:48:13.607+0000] {processor.py:840} INFO - DAG(s) 'example_short_circuit_operator' retrieved from /home/airflow/.local/lib/python3.12/site-packages/airflow/example_dags/example_short_circuit_operator.py
[2026-03-25T11:48:13.631+0000] {logging_mixin.py:188} INFO - [2026-03-25T11:48:13.631+0000] {dag.py:3096} INFO - Sync 1 DAGs
[2026-03-25T11:48:13.653+0000] {logging_mixin.py:188} INFO - [2026-03-25T11:48:13.653+0000] {dag.py:3954} INFO - Setting next_dagrun for example_short_circuit_operator to 2026-03-24 00:00:00+00:00, run_after=2026-03-25 00:00:00+00:00
[2026-03-25T11:48:13.693+0000] {processor.py:183} INFO - Processing /home/airflow/.local/lib/python3.12/site-packages/airflow/example_dags/example_short_circuit_operator.py took 0.104 seconds
[2026-03-25T11:48:45.689+0000] {processor.py:161} INFO - Started process (PID=1629) to work on /home/airflow/.local/lib/python3.12/site-packages/airflow/example_dags/example_short_circuit_operator.py
[2026-03-25T11:48:45.690+0000] {processor.py:830} INFO - Processing file /home/airflow/.local/lib/python3.12/site-packages/airflow/example_dags/example_short_circuit_operator.py for tasks to queue
[2026-03-25T11:48:45.692+0000] {logging_mixin.py:188} INFO - [2026-03-25T11:48:45.692+0000] {dagbag.py:540} INFO - Filling up the DagBag from /home/airflow/.local/lib/python3.12/site-packages/airflow/example_dags/example_short_circuit_operator.py
[2026-03-25T11:48:45.701+0000] {processor.py:840} INFO - DAG(s) 'example_short_circuit_operator' retrieved from /home/airflow/.local/lib/python3.12/site-packages/airflow/example_dags/example_short_circuit_operator.py
[2026-03-25T11:48:45.726+0000] {logging_mixin.py:188} INFO - [2026-03-25T11:48:45.726+0000] {dag.py:3096} INFO - Sync 1 DAGs
[2026-03-25T11:48:45.754+0000] {logging_mixin.py:188} INFO - [2026-03-25T11:48:45.753+0000] {dag.py:3954} INFO - Setting next_dagrun for example_short_circuit_operator to 2026-03-24 00:00:00+00:00, run_after=2026-03-25 00:00:00+00:00
[2026-03-25T11:48:45.805+0000] {processor.py:183} INFO - Processing /home/airflow/.local/lib/python3.12/site-packages/airflow/example_dags/example_short_circuit_operator.py took 0.122 seconds
[2026-03-25T11:49:18.668+0000] {processor.py:161} INFO - Started process (PID=1688) to work on /home/airflow/.local/lib/python3.12/site-packages/airflow/example_dags/example_short_circuit_operator.py
[2026-03-25T11:49:18.669+0000] {processor.py:830} INFO - Processing file /home/airflow/.local/lib/python3.12/site-packages/airflow/example_dags/example_short_circuit_operator.py for tasks to queue
[2026-03-25T11:49:18.671+0000] {logging_mixin.py:188} INFO - [2026-03-25T11:49:18.671+0000] {dagbag.py:540} INFO - Filling up the DagBag from /home/airflow/.local/lib/python3.12/site-packages/airflow/example_dags/example_short_circuit_operator.py
[2026-03-25T11:49:18.679+0000] {processor.py:840} INFO - DAG(s) 'example_short_circuit_operator' retrieved from /home/airflow/.local/lib/python3.12/site-packages/airflow/example_dags/example_short_circuit_operator.py
[2026-03-25T11:49:18.704+0000] {logging_mixin.py:188} INFO - [2026-03-25T11:49:18.704+0000] {dag.py:3096} INFO - Sync 1 DAGs
[2026-03-25T11:49:18.728+0000] {logging_mixin.py:188} INFO - [2026-03-25T11:49:18.728+0000] {dag.py:3954} INFO - Setting next_dagrun for example_short_circuit_operator to 2026-03-24 00:00:00+00:00, run_after=2026-03-25 00:00:00+00:00
[2026-03-25T11:49:18.773+0000] {processor.py:183} INFO - Processing /home/airflow/.local/lib/python3.12/site-packages/airflow/example_dags/example_short_circuit_operator.py took 0.110 seconds
[2026-03-25T11:49:53.337+0000] {processor.py:161} INFO - Started process (PID=1753) to work on /home/airflow/.local/lib/python3.12/site-packages/airflow/example_dags/example_short_circuit_operator.py
[2026-03-25T11:49:53.339+0000] {processor.py:830} INFO - Processing file /home/airflow/.local/lib/python3.12/site-packages/airflow/example_dags/example_short_circuit_operator.py for tasks to queue
[2026-03-25T11:49:53.342+0000] {logging_mixin.py:188} INFO - [2026-03-25T11:49:53.341+0000] {dagbag.py:540} INFO - Filling up the DagBag from /home/airflow/.local/lib/python3.12/site-packages/airflow/example_dags/example_short_circuit_operator.py
[2026-03-25T11:49:53.352+0000] {processor.py:840} INFO - DAG(s) 'example_short_circuit_operator' retrieved from /home/airflow/.local/lib/python3.12/site-packages/airflow/example_dags/example_short_circuit_operator.py
[2026-03-25T11:49:53.385+0000] {logging_mixin.py:188} INFO - [2026-03-25T11:49:53.385+0000] {dag.py:3096} INFO - Sync 1 DAGs
[2026-03-25T11:49:53.415+0000] {logging_mixin.py:188} INFO - [2026-03-25T11:49:53.415+0000] {dag.py:3954} INFO - Setting next_dagrun for example_short_circuit_operator to 2026-03-24 00:00:00+00:00, run_after=2026-03-25 00:00:00+00:00
[2026-03-25T11:49:53.466+0000] {processor.py:183} INFO - Processing /home/airflow/.local/lib/python3.12/site-packages/airflow/example_dags/example_short_circuit_operator.py took 0.139 seconds
[2026-03-25T11:50:24.084+0000] {processor.py:161} INFO - Started process (PID=1806) to work on /home/airflow/.local/lib/python3.12/site-packages/airflow/example_dags/example_short_circuit_operator.py
[2026-03-25T11:50:24.086+0000] {processor.py:830} INFO - Processing file /home/airflow/.local/lib/python3.12/site-packages/airflow/example_dags/example_short_circuit_operator.py for tasks to queue
[2026-03-25T11:50:24.088+0000] {logging_mixin.py:188} INFO - [2026-03-25T11:50:24.088+0000] {dagbag.py:540} INFO - Filling up the DagBag from /home/airflow/.local/lib/python3.12/site-packages/airflow/example_dags/example_short_circuit_operator.py
[2026-03-25T11:50:24.101+0000] {processor.py:840} INFO - DAG(s) 'example_short_circuit_operator' retrieved from /home/airflow/.local/lib/python3.12/site-packages/airflow/example_dags/example_short_circuit_operator.py
[2026-03-25T11:50:24.143+0000] {logging_mixin.py:188} INFO - [2026-03-25T11:50:24.143+0000] {dag.py:3096} INFO - Sync 1 DAGs
[2026-03-25T11:50:24.173+0000] {logging_mixin.py:188} INFO - [2026-03-25T11:50:24.173+0000] {dag.py:3954} INFO - Setting next_dagrun for example_short_circuit_operator to 2026-03-24 00:00:00+00:00, run_after=2026-03-25 00:00:00+00:00
[2026-03-25T11:50:24.219+0000] {processor.py:183} INFO - Processing /home/airflow/.local/lib/python3.12/site-packages/airflow/example_dags/example_short_circuit_operator.py took 0.141 seconds
