[2026-03-25T11:15:31.809+0000] {processor.py:161} INFO - Started process (PID=83) to work on /home/airflow/.local/lib/python3.12/site-packages/airflow/example_dags/example_nested_branch_dag.py
[2026-03-25T11:15:31.810+0000] {processor.py:830} INFO - Processing file /home/airflow/.local/lib/python3.12/site-packages/airflow/example_dags/example_nested_branch_dag.py for tasks to queue
[2026-03-25T11:15:31.812+0000] {logging_mixin.py:188} INFO - [2026-03-25T11:15:31.812+0000] {dagbag.py:540} INFO - Filling up the DagBag from /home/airflow/.local/lib/python3.12/site-packages/airflow/example_dags/example_nested_branch_dag.py
[2026-03-25T11:15:31.824+0000] {processor.py:840} INFO - DAG(s) 'example_nested_branch_dag' retrieved from /home/airflow/.local/lib/python3.12/site-packages/airflow/example_dags/example_nested_branch_dag.py
[2026-03-25T11:15:31.971+0000] {logging_mixin.py:188} INFO - [2026-03-25T11:15:31.971+0000] {dag.py:3096} INFO - Sync 1 DAGs
[2026-03-25T11:15:31.996+0000] {logging_mixin.py:188} INFO - [2026-03-25T11:15:31.996+0000] {dag.py:3954} INFO - Setting next_dagrun for example_nested_branch_dag to 2026-03-24 00:00:00+00:00, run_after=2026-03-25 00:00:00+00:00
[2026-03-25T11:15:32.071+0000] {processor.py:183} INFO - Processing /home/airflow/.local/lib/python3.12/site-packages/airflow/example_dags/example_nested_branch_dag.py took 0.268 seconds
[2026-03-25T11:16:02.193+0000] {processor.py:161} INFO - Started process (PID=142) to work on /home/airflow/.local/lib/python3.12/site-packages/airflow/example_dags/example_nested_branch_dag.py
[2026-03-25T11:16:02.194+0000] {processor.py:830} INFO - Processing file /home/airflow/.local/lib/python3.12/site-packages/airflow/example_dags/example_nested_branch_dag.py for tasks to queue
[2026-03-25T11:16:02.196+0000] {logging_mixin.py:188} INFO - [2026-03-25T11:16:02.195+0000] {dagbag.py:540} INFO - Filling up the DagBag from /home/airflow/.local/lib/python3.12/site-packages/airflow/example_dags/example_nested_branch_dag.py
[2026-03-25T11:16:02.205+0000] {processor.py:840} INFO - DAG(s) 'example_nested_branch_dag' retrieved from /home/airflow/.local/lib/python3.12/site-packages/airflow/example_dags/example_nested_branch_dag.py
[2026-03-25T11:16:02.227+0000] {logging_mixin.py:188} INFO - [2026-03-25T11:16:02.226+0000] {dag.py:3096} INFO - Sync 1 DAGs
[2026-03-25T11:16:02.248+0000] {logging_mixin.py:188} INFO - [2026-03-25T11:16:02.248+0000] {dag.py:3954} INFO - Setting next_dagrun for example_nested_branch_dag to 2026-03-24 00:00:00+00:00, run_after=2026-03-25 00:00:00+00:00
[2026-03-25T11:16:02.301+0000] {processor.py:183} INFO - Processing /home/airflow/.local/lib/python3.12/site-packages/airflow/example_dags/example_nested_branch_dag.py took 0.114 seconds
[2026-03-25T11:16:35.312+0000] {processor.py:161} INFO - Started process (PID=201) to work on /home/airflow/.local/lib/python3.12/site-packages/airflow/example_dags/example_nested_branch_dag.py
[2026-03-25T11:16:35.314+0000] {processor.py:830} INFO - Processing file /home/airflow/.local/lib/python3.12/site-packages/airflow/example_dags/example_nested_branch_dag.py for tasks to queue
[2026-03-25T11:16:35.317+0000] {logging_mixin.py:188} INFO - [2026-03-25T11:16:35.316+0000] {dagbag.py:540} INFO - Filling up the DagBag from /home/airflow/.local/lib/python3.12/site-packages/airflow/example_dags/example_nested_branch_dag.py
[2026-03-25T11:16:35.338+0000] {processor.py:840} INFO - DAG(s) 'example_nested_branch_dag' retrieved from /home/airflow/.local/lib/python3.12/site-packages/airflow/example_dags/example_nested_branch_dag.py
[2026-03-25T11:16:35.382+0000] {logging_mixin.py:188} INFO - [2026-03-25T11:16:35.382+0000] {dag.py:3096} INFO - Sync 1 DAGs
[2026-03-25T11:16:35.432+0000] {logging_mixin.py:188} INFO - [2026-03-25T11:16:35.432+0000] {dag.py:3954} INFO - Setting next_dagrun for example_nested_branch_dag to 2026-03-24 00:00:00+00:00, run_after=2026-03-25 00:00:00+00:00
[2026-03-25T11:16:35.493+0000] {processor.py:183} INFO - Processing /home/airflow/.local/lib/python3.12/site-packages/airflow/example_dags/example_nested_branch_dag.py took 0.192 seconds
[2026-03-25T11:17:09.528+0000] {processor.py:161} INFO - Started process (PID=260) to work on /home/airflow/.local/lib/python3.12/site-packages/airflow/example_dags/example_nested_branch_dag.py
[2026-03-25T11:17:09.529+0000] {processor.py:830} INFO - Processing file /home/airflow/.local/lib/python3.12/site-packages/airflow/example_dags/example_nested_branch_dag.py for tasks to queue
[2026-03-25T11:17:09.532+0000] {logging_mixin.py:188} INFO - [2026-03-25T11:17:09.531+0000] {dagbag.py:540} INFO - Filling up the DagBag from /home/airflow/.local/lib/python3.12/site-packages/airflow/example_dags/example_nested_branch_dag.py
[2026-03-25T11:17:09.714+0000] {processor.py:840} INFO - DAG(s) 'example_nested_branch_dag' retrieved from /home/airflow/.local/lib/python3.12/site-packages/airflow/example_dags/example_nested_branch_dag.py
[2026-03-25T11:17:09.738+0000] {logging_mixin.py:188} INFO - [2026-03-25T11:17:09.738+0000] {dag.py:3096} INFO - Sync 1 DAGs
[2026-03-25T11:17:09.761+0000] {logging_mixin.py:188} INFO - [2026-03-25T11:17:09.760+0000] {dag.py:3954} INFO - Setting next_dagrun for example_nested_branch_dag to 2026-03-24 00:00:00+00:00, run_after=2026-03-25 00:00:00+00:00
[2026-03-25T11:17:09.810+0000] {processor.py:183} INFO - Processing /home/airflow/.local/lib/python3.12/site-packages/airflow/example_dags/example_nested_branch_dag.py took 0.289 seconds
[2026-03-25T11:17:39.926+0000] {processor.py:161} INFO - Started process (PID=319) to work on /home/airflow/.local/lib/python3.12/site-packages/airflow/example_dags/example_nested_branch_dag.py
[2026-03-25T11:17:39.927+0000] {processor.py:830} INFO - Processing file /home/airflow/.local/lib/python3.12/site-packages/airflow/example_dags/example_nested_branch_dag.py for tasks to queue
[2026-03-25T11:17:39.930+0000] {logging_mixin.py:188} INFO - [2026-03-25T11:17:39.929+0000] {dagbag.py:540} INFO - Filling up the DagBag from /home/airflow/.local/lib/python3.12/site-packages/airflow/example_dags/example_nested_branch_dag.py
[2026-03-25T11:17:39.939+0000] {processor.py:840} INFO - DAG(s) 'example_nested_branch_dag' retrieved from /home/airflow/.local/lib/python3.12/site-packages/airflow/example_dags/example_nested_branch_dag.py
[2026-03-25T11:17:39.960+0000] {logging_mixin.py:188} INFO - [2026-03-25T11:17:39.960+0000] {dag.py:3096} INFO - Sync 1 DAGs
[2026-03-25T11:17:39.982+0000] {logging_mixin.py:188} INFO - [2026-03-25T11:17:39.982+0000] {dag.py:3954} INFO - Setting next_dagrun for example_nested_branch_dag to 2026-03-24 00:00:00+00:00, run_after=2026-03-25 00:00:00+00:00
[2026-03-25T11:17:40.020+0000] {processor.py:183} INFO - Processing /home/airflow/.local/lib/python3.12/site-packages/airflow/example_dags/example_nested_branch_dag.py took 0.100 seconds
[2026-03-25T11:18:11.779+0000] {processor.py:161} INFO - Started process (PID=378) to work on /home/airflow/.local/lib/python3.12/site-packages/airflow/example_dags/example_nested_branch_dag.py
[2026-03-25T11:18:11.780+0000] {processor.py:830} INFO - Processing file /home/airflow/.local/lib/python3.12/site-packages/airflow/example_dags/example_nested_branch_dag.py for tasks to queue
[2026-03-25T11:18:11.782+0000] {logging_mixin.py:188} INFO - [2026-03-25T11:18:11.782+0000] {dagbag.py:540} INFO - Filling up the DagBag from /home/airflow/.local/lib/python3.12/site-packages/airflow/example_dags/example_nested_branch_dag.py
[2026-03-25T11:18:11.795+0000] {processor.py:840} INFO - DAG(s) 'example_nested_branch_dag' retrieved from /home/airflow/.local/lib/python3.12/site-packages/airflow/example_dags/example_nested_branch_dag.py
[2026-03-25T11:18:11.820+0000] {logging_mixin.py:188} INFO - [2026-03-25T11:18:11.820+0000] {dag.py:3096} INFO - Sync 1 DAGs
[2026-03-25T11:18:11.846+0000] {logging_mixin.py:188} INFO - [2026-03-25T11:18:11.846+0000] {dag.py:3954} INFO - Setting next_dagrun for example_nested_branch_dag to 2026-03-24 00:00:00+00:00, run_after=2026-03-25 00:00:00+00:00
[2026-03-25T11:18:11.888+0000] {processor.py:183} INFO - Processing /home/airflow/.local/lib/python3.12/site-packages/airflow/example_dags/example_nested_branch_dag.py took 0.116 seconds
[2026-03-25T11:18:44.566+0000] {processor.py:161} INFO - Started process (PID=437) to work on /home/airflow/.local/lib/python3.12/site-packages/airflow/example_dags/example_nested_branch_dag.py
[2026-03-25T11:18:44.567+0000] {processor.py:830} INFO - Processing file /home/airflow/.local/lib/python3.12/site-packages/airflow/example_dags/example_nested_branch_dag.py for tasks to queue
[2026-03-25T11:18:44.570+0000] {logging_mixin.py:188} INFO - [2026-03-25T11:18:44.570+0000] {dagbag.py:540} INFO - Filling up the DagBag from /home/airflow/.local/lib/python3.12/site-packages/airflow/example_dags/example_nested_branch_dag.py
[2026-03-25T11:18:44.581+0000] {processor.py:840} INFO - DAG(s) 'example_nested_branch_dag' retrieved from /home/airflow/.local/lib/python3.12/site-packages/airflow/example_dags/example_nested_branch_dag.py
[2026-03-25T11:18:44.605+0000] {logging_mixin.py:188} INFO - [2026-03-25T11:18:44.605+0000] {dag.py:3096} INFO - Sync 1 DAGs
[2026-03-25T11:18:44.629+0000] {logging_mixin.py:188} INFO - [2026-03-25T11:18:44.628+0000] {dag.py:3954} INFO - Setting next_dagrun for example_nested_branch_dag to 2026-03-24 00:00:00+00:00, run_after=2026-03-25 00:00:00+00:00
[2026-03-25T11:18:44.757+0000] {processor.py:183} INFO - Processing /home/airflow/.local/lib/python3.12/site-packages/airflow/example_dags/example_nested_branch_dag.py took 0.199 seconds
[2026-03-25T11:19:17.262+0000] {processor.py:161} INFO - Started process (PID=496) to work on /home/airflow/.local/lib/python3.12/site-packages/airflow/example_dags/example_nested_branch_dag.py
[2026-03-25T11:19:17.263+0000] {processor.py:830} INFO - Processing file /home/airflow/.local/lib/python3.12/site-packages/airflow/example_dags/example_nested_branch_dag.py for tasks to queue
[2026-03-25T11:19:17.268+0000] {logging_mixin.py:188} INFO - [2026-03-25T11:19:17.267+0000] {dagbag.py:540} INFO - Filling up the DagBag from /home/airflow/.local/lib/python3.12/site-packages/airflow/example_dags/example_nested_branch_dag.py
[2026-03-25T11:19:17.283+0000] {processor.py:840} INFO - DAG(s) 'example_nested_branch_dag' retrieved from /home/airflow/.local/lib/python3.12/site-packages/airflow/example_dags/example_nested_branch_dag.py
[2026-03-25T11:19:17.323+0000] {logging_mixin.py:188} INFO - [2026-03-25T11:19:17.323+0000] {dag.py:3096} INFO - Sync 1 DAGs
[2026-03-25T11:19:17.369+0000] {logging_mixin.py:188} INFO - [2026-03-25T11:19:17.369+0000] {dag.py:3954} INFO - Setting next_dagrun for example_nested_branch_dag to 2026-03-24 00:00:00+00:00, run_after=2026-03-25 00:00:00+00:00
[2026-03-25T11:19:17.493+0000] {processor.py:183} INFO - Processing /home/airflow/.local/lib/python3.12/site-packages/airflow/example_dags/example_nested_branch_dag.py took 0.239 seconds
[2026-03-25T11:19:50.785+0000] {processor.py:161} INFO - Started process (PID=555) to work on /home/airflow/.local/lib/python3.12/site-packages/airflow/example_dags/example_nested_branch_dag.py
[2026-03-25T11:19:50.786+0000] {processor.py:830} INFO - Processing file /home/airflow/.local/lib/python3.12/site-packages/airflow/example_dags/example_nested_branch_dag.py for tasks to queue
[2026-03-25T11:19:50.788+0000] {logging_mixin.py:188} INFO - [2026-03-25T11:19:50.788+0000] {dagbag.py:540} INFO - Filling up the DagBag from /home/airflow/.local/lib/python3.12/site-packages/airflow/example_dags/example_nested_branch_dag.py
[2026-03-25T11:19:50.799+0000] {processor.py:840} INFO - DAG(s) 'example_nested_branch_dag' retrieved from /home/airflow/.local/lib/python3.12/site-packages/airflow/example_dags/example_nested_branch_dag.py
[2026-03-25T11:19:50.825+0000] {logging_mixin.py:188} INFO - [2026-03-25T11:19:50.824+0000] {dag.py:3096} INFO - Sync 1 DAGs
[2026-03-25T11:19:50.853+0000] {logging_mixin.py:188} INFO - [2026-03-25T11:19:50.853+0000] {dag.py:3954} INFO - Setting next_dagrun for example_nested_branch_dag to 2026-03-24 00:00:00+00:00, run_after=2026-03-25 00:00:00+00:00
[2026-03-25T11:19:50.895+0000] {processor.py:183} INFO - Processing /home/airflow/.local/lib/python3.12/site-packages/airflow/example_dags/example_nested_branch_dag.py took 0.117 seconds
[2026-03-25T11:20:22.992+0000] {processor.py:161} INFO - Started process (PID=614) to work on /home/airflow/.local/lib/python3.12/site-packages/airflow/example_dags/example_nested_branch_dag.py
[2026-03-25T11:20:22.993+0000] {processor.py:830} INFO - Processing file /home/airflow/.local/lib/python3.12/site-packages/airflow/example_dags/example_nested_branch_dag.py for tasks to queue
[2026-03-25T11:20:22.995+0000] {logging_mixin.py:188} INFO - [2026-03-25T11:20:22.995+0000] {dagbag.py:540} INFO - Filling up the DagBag from /home/airflow/.local/lib/python3.12/site-packages/airflow/example_dags/example_nested_branch_dag.py
[2026-03-25T11:20:23.005+0000] {processor.py:840} INFO - DAG(s) 'example_nested_branch_dag' retrieved from /home/airflow/.local/lib/python3.12/site-packages/airflow/example_dags/example_nested_branch_dag.py
[2026-03-25T11:20:23.026+0000] {logging_mixin.py:188} INFO - [2026-03-25T11:20:23.026+0000] {dag.py:3096} INFO - Sync 1 DAGs
[2026-03-25T11:20:23.048+0000] {logging_mixin.py:188} INFO - [2026-03-25T11:20:23.048+0000] {dag.py:3954} INFO - Setting next_dagrun for example_nested_branch_dag to 2026-03-24 00:00:00+00:00, run_after=2026-03-25 00:00:00+00:00
[2026-03-25T11:20:23.099+0000] {processor.py:183} INFO - Processing /home/airflow/.local/lib/python3.12/site-packages/airflow/example_dags/example_nested_branch_dag.py took 0.112 seconds
[2026-03-25T11:20:55.668+0000] {processor.py:161} INFO - Started process (PID=673) to work on /home/airflow/.local/lib/python3.12/site-packages/airflow/example_dags/example_nested_branch_dag.py
[2026-03-25T11:20:55.669+0000] {processor.py:830} INFO - Processing file /home/airflow/.local/lib/python3.12/site-packages/airflow/example_dags/example_nested_branch_dag.py for tasks to queue
[2026-03-25T11:20:55.671+0000] {logging_mixin.py:188} INFO - [2026-03-25T11:20:55.671+0000] {dagbag.py:540} INFO - Filling up the DagBag from /home/airflow/.local/lib/python3.12/site-packages/airflow/example_dags/example_nested_branch_dag.py
[2026-03-25T11:20:55.682+0000] {processor.py:840} INFO - DAG(s) 'example_nested_branch_dag' retrieved from /home/airflow/.local/lib/python3.12/site-packages/airflow/example_dags/example_nested_branch_dag.py
[2026-03-25T11:20:55.711+0000] {logging_mixin.py:188} INFO - [2026-03-25T11:20:55.711+0000] {dag.py:3096} INFO - Sync 1 DAGs
[2026-03-25T11:20:55.739+0000] {logging_mixin.py:188} INFO - [2026-03-25T11:20:55.739+0000] {dag.py:3954} INFO - Setting next_dagrun for example_nested_branch_dag to 2026-03-24 00:00:00+00:00, run_after=2026-03-25 00:00:00+00:00
[2026-03-25T11:20:55.794+0000] {processor.py:183} INFO - Processing /home/airflow/.local/lib/python3.12/site-packages/airflow/example_dags/example_nested_branch_dag.py took 0.133 seconds
[2026-03-25T11:21:28.271+0000] {processor.py:161} INFO - Started process (PID=732) to work on /home/airflow/.local/lib/python3.12/site-packages/airflow/example_dags/example_nested_branch_dag.py
[2026-03-25T11:21:28.272+0000] {processor.py:830} INFO - Processing file /home/airflow/.local/lib/python3.12/site-packages/airflow/example_dags/example_nested_branch_dag.py for tasks to queue
[2026-03-25T11:21:28.274+0000] {logging_mixin.py:188} INFO - [2026-03-25T11:21:28.274+0000] {dagbag.py:540} INFO - Filling up the DagBag from /home/airflow/.local/lib/python3.12/site-packages/airflow/example_dags/example_nested_branch_dag.py
[2026-03-25T11:21:28.284+0000] {processor.py:840} INFO - DAG(s) 'example_nested_branch_dag' retrieved from /home/airflow/.local/lib/python3.12/site-packages/airflow/example_dags/example_nested_branch_dag.py
[2026-03-25T11:21:28.305+0000] {logging_mixin.py:188} INFO - [2026-03-25T11:21:28.305+0000] {dag.py:3096} INFO - Sync 1 DAGs
[2026-03-25T11:21:28.328+0000] {logging_mixin.py:188} INFO - [2026-03-25T11:21:28.328+0000] {dag.py:3954} INFO - Setting next_dagrun for example_nested_branch_dag to 2026-03-24 00:00:00+00:00, run_after=2026-03-25 00:00:00+00:00
[2026-03-25T11:21:28.372+0000] {processor.py:183} INFO - Processing /home/airflow/.local/lib/python3.12/site-packages/airflow/example_dags/example_nested_branch_dag.py took 0.106 seconds
[2026-03-25T11:22:01.266+0000] {processor.py:161} INFO - Started process (PID=791) to work on /home/airflow/.local/lib/python3.12/site-packages/airflow/example_dags/example_nested_branch_dag.py
[2026-03-25T11:22:01.268+0000] {processor.py:830} INFO - Processing file /home/airflow/.local/lib/python3.12/site-packages/airflow/example_dags/example_nested_branch_dag.py for tasks to queue
[2026-03-25T11:22:01.270+0000] {logging_mixin.py:188} INFO - [2026-03-25T11:22:01.270+0000] {dagbag.py:540} INFO - Filling up the DagBag from /home/airflow/.local/lib/python3.12/site-packages/airflow/example_dags/example_nested_branch_dag.py
[2026-03-25T11:22:01.284+0000] {processor.py:840} INFO - DAG(s) 'example_nested_branch_dag' retrieved from /home/airflow/.local/lib/python3.12/site-packages/airflow/example_dags/example_nested_branch_dag.py
[2026-03-25T11:22:01.324+0000] {logging_mixin.py:188} INFO - [2026-03-25T11:22:01.324+0000] {dag.py:3096} INFO - Sync 1 DAGs
[2026-03-25T11:22:01.371+0000] {logging_mixin.py:188} INFO - [2026-03-25T11:22:01.370+0000] {dag.py:3954} INFO - Setting next_dagrun for example_nested_branch_dag to 2026-03-24 00:00:00+00:00, run_after=2026-03-25 00:00:00+00:00
[2026-03-25T11:22:01.444+0000] {processor.py:183} INFO - Processing /home/airflow/.local/lib/python3.12/site-packages/airflow/example_dags/example_nested_branch_dag.py took 0.186 seconds
[2026-03-25T11:22:33.825+0000] {processor.py:161} INFO - Started process (PID=850) to work on /home/airflow/.local/lib/python3.12/site-packages/airflow/example_dags/example_nested_branch_dag.py
[2026-03-25T11:22:33.827+0000] {processor.py:830} INFO - Processing file /home/airflow/.local/lib/python3.12/site-packages/airflow/example_dags/example_nested_branch_dag.py for tasks to queue
[2026-03-25T11:22:33.828+0000] {logging_mixin.py:188} INFO - [2026-03-25T11:22:33.828+0000] {dagbag.py:540} INFO - Filling up the DagBag from /home/airflow/.local/lib/python3.12/site-packages/airflow/example_dags/example_nested_branch_dag.py
[2026-03-25T11:22:33.838+0000] {processor.py:840} INFO - DAG(s) 'example_nested_branch_dag' retrieved from /home/airflow/.local/lib/python3.12/site-packages/airflow/example_dags/example_nested_branch_dag.py
[2026-03-25T11:22:33.859+0000] {logging_mixin.py:188} INFO - [2026-03-25T11:22:33.859+0000] {dag.py:3096} INFO - Sync 1 DAGs
[2026-03-25T11:22:33.881+0000] {logging_mixin.py:188} INFO - [2026-03-25T11:22:33.880+0000] {dag.py:3954} INFO - Setting next_dagrun for example_nested_branch_dag to 2026-03-24 00:00:00+00:00, run_after=2026-03-25 00:00:00+00:00
[2026-03-25T11:22:33.925+0000] {processor.py:183} INFO - Processing /home/airflow/.local/lib/python3.12/site-packages/airflow/example_dags/example_nested_branch_dag.py took 0.104 seconds
[2026-03-25T11:23:06.683+0000] {processor.py:161} INFO - Started process (PID=909) to work on /home/airflow/.local/lib/python3.12/site-packages/airflow/example_dags/example_nested_branch_dag.py
[2026-03-25T11:23:06.684+0000] {processor.py:830} INFO - Processing file /home/airflow/.local/lib/python3.12/site-packages/airflow/example_dags/example_nested_branch_dag.py for tasks to queue
[2026-03-25T11:23:06.687+0000] {logging_mixin.py:188} INFO - [2026-03-25T11:23:06.686+0000] {dagbag.py:540} INFO - Filling up the DagBag from /home/airflow/.local/lib/python3.12/site-packages/airflow/example_dags/example_nested_branch_dag.py
[2026-03-25T11:23:06.699+0000] {processor.py:840} INFO - DAG(s) 'example_nested_branch_dag' retrieved from /home/airflow/.local/lib/python3.12/site-packages/airflow/example_dags/example_nested_branch_dag.py
[2026-03-25T11:23:06.735+0000] {logging_mixin.py:188} INFO - [2026-03-25T11:23:06.734+0000] {dag.py:3096} INFO - Sync 1 DAGs
[2026-03-25T11:23:06.787+0000] {logging_mixin.py:188} INFO - [2026-03-25T11:23:06.786+0000] {dag.py:3954} INFO - Setting next_dagrun for example_nested_branch_dag to 2026-03-24 00:00:00+00:00, run_after=2026-03-25 00:00:00+00:00
[2026-03-25T11:23:06.845+0000] {processor.py:183} INFO - Processing /home/airflow/.local/lib/python3.12/site-packages/airflow/example_dags/example_nested_branch_dag.py took 0.169 seconds
[2026-03-25T11:23:39.528+0000] {processor.py:161} INFO - Started process (PID=968) to work on /home/airflow/.local/lib/python3.12/site-packages/airflow/example_dags/example_nested_branch_dag.py
[2026-03-25T11:23:39.529+0000] {processor.py:830} INFO - Processing file /home/airflow/.local/lib/python3.12/site-packages/airflow/example_dags/example_nested_branch_dag.py for tasks to queue
[2026-03-25T11:23:39.531+0000] {logging_mixin.py:188} INFO - [2026-03-25T11:23:39.531+0000] {dagbag.py:540} INFO - Filling up the DagBag from /home/airflow/.local/lib/python3.12/site-packages/airflow/example_dags/example_nested_branch_dag.py
[2026-03-25T11:23:39.541+0000] {processor.py:840} INFO - DAG(s) 'example_nested_branch_dag' retrieved from /home/airflow/.local/lib/python3.12/site-packages/airflow/example_dags/example_nested_branch_dag.py
[2026-03-25T11:23:39.563+0000] {logging_mixin.py:188} INFO - [2026-03-25T11:23:39.563+0000] {dag.py:3096} INFO - Sync 1 DAGs
[2026-03-25T11:23:39.586+0000] {logging_mixin.py:188} INFO - [2026-03-25T11:23:39.586+0000] {dag.py:3954} INFO - Setting next_dagrun for example_nested_branch_dag to 2026-03-24 00:00:00+00:00, run_after=2026-03-25 00:00:00+00:00
[2026-03-25T11:23:39.644+0000] {processor.py:183} INFO - Processing /home/airflow/.local/lib/python3.12/site-packages/airflow/example_dags/example_nested_branch_dag.py took 0.124 seconds
[2026-03-25T11:24:11.577+0000] {processor.py:161} INFO - Started process (PID=1021) to work on /home/airflow/.local/lib/python3.12/site-packages/airflow/example_dags/example_nested_branch_dag.py
[2026-03-25T11:24:11.578+0000] {processor.py:830} INFO - Processing file /home/airflow/.local/lib/python3.12/site-packages/airflow/example_dags/example_nested_branch_dag.py for tasks to queue
[2026-03-25T11:24:11.580+0000] {logging_mixin.py:188} INFO - [2026-03-25T11:24:11.580+0000] {dagbag.py:540} INFO - Filling up the DagBag from /home/airflow/.local/lib/python3.12/site-packages/airflow/example_dags/example_nested_branch_dag.py
[2026-03-25T11:24:11.591+0000] {processor.py:840} INFO - DAG(s) 'example_nested_branch_dag' retrieved from /home/airflow/.local/lib/python3.12/site-packages/airflow/example_dags/example_nested_branch_dag.py
[2026-03-25T11:24:11.613+0000] {logging_mixin.py:188} INFO - [2026-03-25T11:24:11.613+0000] {dag.py:3096} INFO - Sync 1 DAGs
[2026-03-25T11:24:11.635+0000] {logging_mixin.py:188} INFO - [2026-03-25T11:24:11.634+0000] {dag.py:3954} INFO - Setting next_dagrun for example_nested_branch_dag to 2026-03-24 00:00:00+00:00, run_after=2026-03-25 00:00:00+00:00
[2026-03-25T11:24:11.681+0000] {processor.py:183} INFO - Processing /home/airflow/.local/lib/python3.12/site-packages/airflow/example_dags/example_nested_branch_dag.py took 0.109 seconds
[2026-03-25T11:24:45.127+0000] {processor.py:161} INFO - Started process (PID=1087) to work on /home/airflow/.local/lib/python3.12/site-packages/airflow/example_dags/example_nested_branch_dag.py
[2026-03-25T11:24:45.129+0000] {processor.py:830} INFO - Processing file /home/airflow/.local/lib/python3.12/site-packages/airflow/example_dags/example_nested_branch_dag.py for tasks to queue
[2026-03-25T11:24:45.132+0000] {logging_mixin.py:188} INFO - [2026-03-25T11:24:45.132+0000] {dagbag.py:540} INFO - Filling up the DagBag from /home/airflow/.local/lib/python3.12/site-packages/airflow/example_dags/example_nested_branch_dag.py
[2026-03-25T11:24:45.151+0000] {processor.py:840} INFO - DAG(s) 'example_nested_branch_dag' retrieved from /home/airflow/.local/lib/python3.12/site-packages/airflow/example_dags/example_nested_branch_dag.py
[2026-03-25T11:24:45.186+0000] {logging_mixin.py:188} INFO - [2026-03-25T11:24:45.186+0000] {dag.py:3096} INFO - Sync 1 DAGs
[2026-03-25T11:24:45.231+0000] {logging_mixin.py:188} INFO - [2026-03-25T11:24:45.230+0000] {dag.py:3954} INFO - Setting next_dagrun for example_nested_branch_dag to 2026-03-24 00:00:00+00:00, run_after=2026-03-25 00:00:00+00:00
[2026-03-25T11:24:45.284+0000] {processor.py:183} INFO - Processing /home/airflow/.local/lib/python3.12/site-packages/airflow/example_dags/example_nested_branch_dag.py took 0.166 seconds
[2026-03-25T11:25:17.141+0000] {processor.py:161} INFO - Started process (PID=1140) to work on /home/airflow/.local/lib/python3.12/site-packages/airflow/example_dags/example_nested_branch_dag.py
[2026-03-25T11:25:17.142+0000] {processor.py:830} INFO - Processing file /home/airflow/.local/lib/python3.12/site-packages/airflow/example_dags/example_nested_branch_dag.py for tasks to queue
[2026-03-25T11:25:17.144+0000] {logging_mixin.py:188} INFO - [2026-03-25T11:25:17.144+0000] {dagbag.py:540} INFO - Filling up the DagBag from /home/airflow/.local/lib/python3.12/site-packages/airflow/example_dags/example_nested_branch_dag.py
[2026-03-25T11:25:17.154+0000] {processor.py:840} INFO - DAG(s) 'example_nested_branch_dag' retrieved from /home/airflow/.local/lib/python3.12/site-packages/airflow/example_dags/example_nested_branch_dag.py
[2026-03-25T11:25:17.175+0000] {logging_mixin.py:188} INFO - [2026-03-25T11:25:17.175+0000] {dag.py:3096} INFO - Sync 1 DAGs
[2026-03-25T11:25:17.196+0000] {logging_mixin.py:188} INFO - [2026-03-25T11:25:17.196+0000] {dag.py:3954} INFO - Setting next_dagrun for example_nested_branch_dag to 2026-03-24 00:00:00+00:00, run_after=2026-03-25 00:00:00+00:00
[2026-03-25T11:25:17.240+0000] {processor.py:183} INFO - Processing /home/airflow/.local/lib/python3.12/site-packages/airflow/example_dags/example_nested_branch_dag.py took 0.104 seconds
[2026-03-25T11:25:50.383+0000] {processor.py:161} INFO - Started process (PID=1205) to work on /home/airflow/.local/lib/python3.12/site-packages/airflow/example_dags/example_nested_branch_dag.py
[2026-03-25T11:25:50.384+0000] {processor.py:830} INFO - Processing file /home/airflow/.local/lib/python3.12/site-packages/airflow/example_dags/example_nested_branch_dag.py for tasks to queue
[2026-03-25T11:25:50.386+0000] {logging_mixin.py:188} INFO - [2026-03-25T11:25:50.386+0000] {dagbag.py:540} INFO - Filling up the DagBag from /home/airflow/.local/lib/python3.12/site-packages/airflow/example_dags/example_nested_branch_dag.py
[2026-03-25T11:25:50.396+0000] {processor.py:840} INFO - DAG(s) 'example_nested_branch_dag' retrieved from /home/airflow/.local/lib/python3.12/site-packages/airflow/example_dags/example_nested_branch_dag.py
[2026-03-25T11:25:50.417+0000] {logging_mixin.py:188} INFO - [2026-03-25T11:25:50.417+0000] {dag.py:3096} INFO - Sync 1 DAGs
[2026-03-25T11:25:50.438+0000] {logging_mixin.py:188} INFO - [2026-03-25T11:25:50.438+0000] {dag.py:3954} INFO - Setting next_dagrun for example_nested_branch_dag to 2026-03-24 00:00:00+00:00, run_after=2026-03-25 00:00:00+00:00
[2026-03-25T11:25:50.482+0000] {processor.py:183} INFO - Processing /home/airflow/.local/lib/python3.12/site-packages/airflow/example_dags/example_nested_branch_dag.py took 0.104 seconds
[2026-03-25T11:26:23.234+0000] {processor.py:161} INFO - Started process (PID=1265) to work on /home/airflow/.local/lib/python3.12/site-packages/airflow/example_dags/example_nested_branch_dag.py
[2026-03-25T11:26:23.235+0000] {processor.py:830} INFO - Processing file /home/airflow/.local/lib/python3.12/site-packages/airflow/example_dags/example_nested_branch_dag.py for tasks to queue
[2026-03-25T11:26:23.237+0000] {logging_mixin.py:188} INFO - [2026-03-25T11:26:23.237+0000] {dagbag.py:540} INFO - Filling up the DagBag from /home/airflow/.local/lib/python3.12/site-packages/airflow/example_dags/example_nested_branch_dag.py
[2026-03-25T11:26:23.247+0000] {processor.py:840} INFO - DAG(s) 'example_nested_branch_dag' retrieved from /home/airflow/.local/lib/python3.12/site-packages/airflow/example_dags/example_nested_branch_dag.py
[2026-03-25T11:26:23.268+0000] {logging_mixin.py:188} INFO - [2026-03-25T11:26:23.268+0000] {dag.py:3096} INFO - Sync 1 DAGs
[2026-03-25T11:26:23.291+0000] {logging_mixin.py:188} INFO - [2026-03-25T11:26:23.291+0000] {dag.py:3954} INFO - Setting next_dagrun for example_nested_branch_dag to 2026-03-24 00:00:00+00:00, run_after=2026-03-25 00:00:00+00:00
[2026-03-25T11:26:23.335+0000] {processor.py:183} INFO - Processing /home/airflow/.local/lib/python3.12/site-packages/airflow/example_dags/example_nested_branch_dag.py took 0.106 seconds
[2026-03-25T11:26:56.015+0000] {processor.py:161} INFO - Started process (PID=1324) to work on /home/airflow/.local/lib/python3.12/site-packages/airflow/example_dags/example_nested_branch_dag.py
[2026-03-25T11:26:56.016+0000] {processor.py:830} INFO - Processing file /home/airflow/.local/lib/python3.12/site-packages/airflow/example_dags/example_nested_branch_dag.py for tasks to queue
[2026-03-25T11:26:56.019+0000] {logging_mixin.py:188} INFO - [2026-03-25T11:26:56.018+0000] {dagbag.py:540} INFO - Filling up the DagBag from /home/airflow/.local/lib/python3.12/site-packages/airflow/example_dags/example_nested_branch_dag.py
[2026-03-25T11:26:56.031+0000] {processor.py:840} INFO - DAG(s) 'example_nested_branch_dag' retrieved from /home/airflow/.local/lib/python3.12/site-packages/airflow/example_dags/example_nested_branch_dag.py
[2026-03-25T11:26:56.054+0000] {logging_mixin.py:188} INFO - [2026-03-25T11:26:56.054+0000] {dag.py:3096} INFO - Sync 1 DAGs
[2026-03-25T11:26:56.082+0000] {logging_mixin.py:188} INFO - [2026-03-25T11:26:56.081+0000] {dag.py:3954} INFO - Setting next_dagrun for example_nested_branch_dag to 2026-03-24 00:00:00+00:00, run_after=2026-03-25 00:00:00+00:00
[2026-03-25T11:26:56.134+0000] {processor.py:183} INFO - Processing /home/airflow/.local/lib/python3.12/site-packages/airflow/example_dags/example_nested_branch_dag.py took 0.125 seconds
[2026-03-25T11:27:28.787+0000] {processor.py:161} INFO - Started process (PID=1383) to work on /home/airflow/.local/lib/python3.12/site-packages/airflow/example_dags/example_nested_branch_dag.py
[2026-03-25T11:27:28.793+0000] {processor.py:830} INFO - Processing file /home/airflow/.local/lib/python3.12/site-packages/airflow/example_dags/example_nested_branch_dag.py for tasks to queue
[2026-03-25T11:27:28.799+0000] {logging_mixin.py:188} INFO - [2026-03-25T11:27:28.798+0000] {dagbag.py:540} INFO - Filling up the DagBag from /home/airflow/.local/lib/python3.12/site-packages/airflow/example_dags/example_nested_branch_dag.py
[2026-03-25T11:27:28.836+0000] {processor.py:840} INFO - DAG(s) 'example_nested_branch_dag' retrieved from /home/airflow/.local/lib/python3.12/site-packages/airflow/example_dags/example_nested_branch_dag.py
[2026-03-25T11:27:28.908+0000] {logging_mixin.py:188} INFO - [2026-03-25T11:27:28.908+0000] {dag.py:3096} INFO - Sync 1 DAGs
[2026-03-25T11:27:28.975+0000] {logging_mixin.py:188} INFO - [2026-03-25T11:27:28.975+0000] {dag.py:3954} INFO - Setting next_dagrun for example_nested_branch_dag to 2026-03-24 00:00:00+00:00, run_after=2026-03-25 00:00:00+00:00
[2026-03-25T11:27:29.041+0000] {processor.py:183} INFO - Processing /home/airflow/.local/lib/python3.12/site-packages/airflow/example_dags/example_nested_branch_dag.py took 0.267 seconds
[2026-03-25T11:28:01.107+0000] {processor.py:161} INFO - Started process (PID=1436) to work on /home/airflow/.local/lib/python3.12/site-packages/airflow/example_dags/example_nested_branch_dag.py
[2026-03-25T11:28:01.108+0000] {processor.py:830} INFO - Processing file /home/airflow/.local/lib/python3.12/site-packages/airflow/example_dags/example_nested_branch_dag.py for tasks to queue
[2026-03-25T11:28:01.110+0000] {logging_mixin.py:188} INFO - [2026-03-25T11:28:01.110+0000] {dagbag.py:540} INFO - Filling up the DagBag from /home/airflow/.local/lib/python3.12/site-packages/airflow/example_dags/example_nested_branch_dag.py
[2026-03-25T11:28:01.123+0000] {processor.py:840} INFO - DAG(s) 'example_nested_branch_dag' retrieved from /home/airflow/.local/lib/python3.12/site-packages/airflow/example_dags/example_nested_branch_dag.py
[2026-03-25T11:28:01.153+0000] {logging_mixin.py:188} INFO - [2026-03-25T11:28:01.153+0000] {dag.py:3096} INFO - Sync 1 DAGs
[2026-03-25T11:28:01.179+0000] {logging_mixin.py:188} INFO - [2026-03-25T11:28:01.179+0000] {dag.py:3954} INFO - Setting next_dagrun for example_nested_branch_dag to 2026-03-24 00:00:00+00:00, run_after=2026-03-25 00:00:00+00:00
[2026-03-25T11:28:01.217+0000] {processor.py:183} INFO - Processing /home/airflow/.local/lib/python3.12/site-packages/airflow/example_dags/example_nested_branch_dag.py took 0.117 seconds
[2026-03-25T11:28:35.706+0000] {processor.py:161} INFO - Started process (PID=1511) to work on /home/airflow/.local/lib/python3.12/site-packages/airflow/example_dags/example_nested_branch_dag.py
[2026-03-25T11:28:35.707+0000] {processor.py:830} INFO - Processing file /home/airflow/.local/lib/python3.12/site-packages/airflow/example_dags/example_nested_branch_dag.py for tasks to queue
[2026-03-25T11:28:35.711+0000] {logging_mixin.py:188} INFO - [2026-03-25T11:28:35.710+0000] {dagbag.py:540} INFO - Filling up the DagBag from /home/airflow/.local/lib/python3.12/site-packages/airflow/example_dags/example_nested_branch_dag.py
[2026-03-25T11:28:35.726+0000] {processor.py:840} INFO - DAG(s) 'example_nested_branch_dag' retrieved from /home/airflow/.local/lib/python3.12/site-packages/airflow/example_dags/example_nested_branch_dag.py
[2026-03-25T11:28:35.760+0000] {logging_mixin.py:188} INFO - [2026-03-25T11:28:35.760+0000] {dag.py:3096} INFO - Sync 1 DAGs
[2026-03-25T11:28:35.789+0000] {logging_mixin.py:188} INFO - [2026-03-25T11:28:35.789+0000] {dag.py:3954} INFO - Setting next_dagrun for example_nested_branch_dag to 2026-03-24 00:00:00+00:00, run_after=2026-03-25 00:00:00+00:00
[2026-03-25T11:28:35.834+0000] {processor.py:183} INFO - Processing /home/airflow/.local/lib/python3.12/site-packages/airflow/example_dags/example_nested_branch_dag.py took 0.136 seconds
[2026-03-25T11:29:07.171+0000] {processor.py:161} INFO - Started process (PID=1570) to work on /home/airflow/.local/lib/python3.12/site-packages/airflow/example_dags/example_nested_branch_dag.py
[2026-03-25T11:29:07.172+0000] {processor.py:830} INFO - Processing file /home/airflow/.local/lib/python3.12/site-packages/airflow/example_dags/example_nested_branch_dag.py for tasks to queue
[2026-03-25T11:29:07.174+0000] {logging_mixin.py:188} INFO - [2026-03-25T11:29:07.174+0000] {dagbag.py:540} INFO - Filling up the DagBag from /home/airflow/.local/lib/python3.12/site-packages/airflow/example_dags/example_nested_branch_dag.py
[2026-03-25T11:29:07.184+0000] {processor.py:840} INFO - DAG(s) 'example_nested_branch_dag' retrieved from /home/airflow/.local/lib/python3.12/site-packages/airflow/example_dags/example_nested_branch_dag.py
[2026-03-25T11:29:07.206+0000] {logging_mixin.py:188} INFO - [2026-03-25T11:29:07.205+0000] {dag.py:3096} INFO - Sync 1 DAGs
[2026-03-25T11:29:07.230+0000] {logging_mixin.py:188} INFO - [2026-03-25T11:29:07.229+0000] {dag.py:3954} INFO - Setting next_dagrun for example_nested_branch_dag to 2026-03-24 00:00:00+00:00, run_after=2026-03-25 00:00:00+00:00
[2026-03-25T11:29:07.262+0000] {processor.py:183} INFO - Processing /home/airflow/.local/lib/python3.12/site-packages/airflow/example_dags/example_nested_branch_dag.py took 0.097 seconds
[2026-03-25T11:29:38.225+0000] {processor.py:161} INFO - Started process (PID=1629) to work on /home/airflow/.local/lib/python3.12/site-packages/airflow/example_dags/example_nested_branch_dag.py
[2026-03-25T11:29:38.227+0000] {processor.py:830} INFO - Processing file /home/airflow/.local/lib/python3.12/site-packages/airflow/example_dags/example_nested_branch_dag.py for tasks to queue
[2026-03-25T11:29:38.230+0000] {logging_mixin.py:188} INFO - [2026-03-25T11:29:38.229+0000] {dagbag.py:540} INFO - Filling up the DagBag from /home/airflow/.local/lib/python3.12/site-packages/airflow/example_dags/example_nested_branch_dag.py
[2026-03-25T11:29:38.249+0000] {processor.py:840} INFO - DAG(s) 'example_nested_branch_dag' retrieved from /home/airflow/.local/lib/python3.12/site-packages/airflow/example_dags/example_nested_branch_dag.py
[2026-03-25T11:29:38.290+0000] {logging_mixin.py:188} INFO - [2026-03-25T11:29:38.289+0000] {dag.py:3096} INFO - Sync 1 DAGs
[2026-03-25T11:29:38.332+0000] {logging_mixin.py:188} INFO - [2026-03-25T11:29:38.332+0000] {dag.py:3954} INFO - Setting next_dagrun for example_nested_branch_dag to 2026-03-24 00:00:00+00:00, run_after=2026-03-25 00:00:00+00:00
[2026-03-25T11:29:38.386+0000] {processor.py:183} INFO - Processing /home/airflow/.local/lib/python3.12/site-packages/airflow/example_dags/example_nested_branch_dag.py took 0.172 seconds
[2026-03-25T11:30:08.989+0000] {processor.py:161} INFO - Started process (PID=1682) to work on /home/airflow/.local/lib/python3.12/site-packages/airflow/example_dags/example_nested_branch_dag.py
[2026-03-25T11:30:08.990+0000] {processor.py:830} INFO - Processing file /home/airflow/.local/lib/python3.12/site-packages/airflow/example_dags/example_nested_branch_dag.py for tasks to queue
[2026-03-25T11:30:08.992+0000] {logging_mixin.py:188} INFO - [2026-03-25T11:30:08.992+0000] {dagbag.py:540} INFO - Filling up the DagBag from /home/airflow/.local/lib/python3.12/site-packages/airflow/example_dags/example_nested_branch_dag.py
[2026-03-25T11:30:09.003+0000] {processor.py:840} INFO - DAG(s) 'example_nested_branch_dag' retrieved from /home/airflow/.local/lib/python3.12/site-packages/airflow/example_dags/example_nested_branch_dag.py
[2026-03-25T11:30:09.029+0000] {logging_mixin.py:188} INFO - [2026-03-25T11:30:09.029+0000] {dag.py:3096} INFO - Sync 1 DAGs
[2026-03-25T11:30:09.057+0000] {logging_mixin.py:188} INFO - [2026-03-25T11:30:09.057+0000] {dag.py:3954} INFO - Setting next_dagrun for example_nested_branch_dag to 2026-03-24 00:00:00+00:00, run_after=2026-03-25 00:00:00+00:00
[2026-03-25T11:30:09.103+0000] {processor.py:183} INFO - Processing /home/airflow/.local/lib/python3.12/site-packages/airflow/example_dags/example_nested_branch_dag.py took 0.120 seconds
[2026-03-25T11:30:39.266+0000] {processor.py:161} INFO - Started process (PID=1741) to work on /home/airflow/.local/lib/python3.12/site-packages/airflow/example_dags/example_nested_branch_dag.py
[2026-03-25T11:30:39.267+0000] {processor.py:830} INFO - Processing file /home/airflow/.local/lib/python3.12/site-packages/airflow/example_dags/example_nested_branch_dag.py for tasks to queue
[2026-03-25T11:30:39.269+0000] {logging_mixin.py:188} INFO - [2026-03-25T11:30:39.269+0000] {dagbag.py:540} INFO - Filling up the DagBag from /home/airflow/.local/lib/python3.12/site-packages/airflow/example_dags/example_nested_branch_dag.py
[2026-03-25T11:30:39.280+0000] {processor.py:840} INFO - DAG(s) 'example_nested_branch_dag' retrieved from /home/airflow/.local/lib/python3.12/site-packages/airflow/example_dags/example_nested_branch_dag.py
[2026-03-25T11:30:39.301+0000] {logging_mixin.py:188} INFO - [2026-03-25T11:30:39.301+0000] {dag.py:3096} INFO - Sync 1 DAGs
[2026-03-25T11:30:39.323+0000] {logging_mixin.py:188} INFO - [2026-03-25T11:30:39.323+0000] {dag.py:3954} INFO - Setting next_dagrun for example_nested_branch_dag to 2026-03-24 00:00:00+00:00, run_after=2026-03-25 00:00:00+00:00
[2026-03-25T11:30:39.368+0000] {processor.py:183} INFO - Processing /home/airflow/.local/lib/python3.12/site-packages/airflow/example_dags/example_nested_branch_dag.py took 0.107 seconds
[2026-03-25T11:31:10.298+0000] {processor.py:161} INFO - Started process (PID=1800) to work on /home/airflow/.local/lib/python3.12/site-packages/airflow/example_dags/example_nested_branch_dag.py
[2026-03-25T11:31:10.299+0000] {processor.py:830} INFO - Processing file /home/airflow/.local/lib/python3.12/site-packages/airflow/example_dags/example_nested_branch_dag.py for tasks to queue
[2026-03-25T11:31:10.302+0000] {logging_mixin.py:188} INFO - [2026-03-25T11:31:10.302+0000] {dagbag.py:540} INFO - Filling up the DagBag from /home/airflow/.local/lib/python3.12/site-packages/airflow/example_dags/example_nested_branch_dag.py
[2026-03-25T11:31:10.312+0000] {processor.py:840} INFO - DAG(s) 'example_nested_branch_dag' retrieved from /home/airflow/.local/lib/python3.12/site-packages/airflow/example_dags/example_nested_branch_dag.py
[2026-03-25T11:31:10.334+0000] {logging_mixin.py:188} INFO - [2026-03-25T11:31:10.334+0000] {dag.py:3096} INFO - Sync 1 DAGs
[2026-03-25T11:31:10.356+0000] {logging_mixin.py:188} INFO - [2026-03-25T11:31:10.355+0000] {dag.py:3954} INFO - Setting next_dagrun for example_nested_branch_dag to 2026-03-24 00:00:00+00:00, run_after=2026-03-25 00:00:00+00:00
[2026-03-25T11:31:10.398+0000] {processor.py:183} INFO - Processing /home/airflow/.local/lib/python3.12/site-packages/airflow/example_dags/example_nested_branch_dag.py took 0.105 seconds
[2026-03-25T11:31:40.482+0000] {processor.py:161} INFO - Started process (PID=1859) to work on /home/airflow/.local/lib/python3.12/site-packages/airflow/example_dags/example_nested_branch_dag.py
[2026-03-25T11:31:40.483+0000] {processor.py:830} INFO - Processing file /home/airflow/.local/lib/python3.12/site-packages/airflow/example_dags/example_nested_branch_dag.py for tasks to queue
[2026-03-25T11:31:40.485+0000] {logging_mixin.py:188} INFO - [2026-03-25T11:31:40.485+0000] {dagbag.py:540} INFO - Filling up the DagBag from /home/airflow/.local/lib/python3.12/site-packages/airflow/example_dags/example_nested_branch_dag.py
[2026-03-25T11:31:40.494+0000] {processor.py:840} INFO - DAG(s) 'example_nested_branch_dag' retrieved from /home/airflow/.local/lib/python3.12/site-packages/airflow/example_dags/example_nested_branch_dag.py
[2026-03-25T11:31:40.515+0000] {logging_mixin.py:188} INFO - [2026-03-25T11:31:40.515+0000] {dag.py:3096} INFO - Sync 1 DAGs
[2026-03-25T11:31:40.537+0000] {logging_mixin.py:188} INFO - [2026-03-25T11:31:40.537+0000] {dag.py:3954} INFO - Setting next_dagrun for example_nested_branch_dag to 2026-03-24 00:00:00+00:00, run_after=2026-03-25 00:00:00+00:00
[2026-03-25T11:31:40.592+0000] {processor.py:183} INFO - Processing /home/airflow/.local/lib/python3.12/site-packages/airflow/example_dags/example_nested_branch_dag.py took 0.116 seconds
[2026-03-25T11:32:11.353+0000] {processor.py:161} INFO - Started process (PID=1918) to work on /home/airflow/.local/lib/python3.12/site-packages/airflow/example_dags/example_nested_branch_dag.py
[2026-03-25T11:32:11.354+0000] {processor.py:830} INFO - Processing file /home/airflow/.local/lib/python3.12/site-packages/airflow/example_dags/example_nested_branch_dag.py for tasks to queue
[2026-03-25T11:32:11.356+0000] {logging_mixin.py:188} INFO - [2026-03-25T11:32:11.356+0000] {dagbag.py:540} INFO - Filling up the DagBag from /home/airflow/.local/lib/python3.12/site-packages/airflow/example_dags/example_nested_branch_dag.py
[2026-03-25T11:32:11.367+0000] {processor.py:840} INFO - DAG(s) 'example_nested_branch_dag' retrieved from /home/airflow/.local/lib/python3.12/site-packages/airflow/example_dags/example_nested_branch_dag.py
[2026-03-25T11:32:11.388+0000] {logging_mixin.py:188} INFO - [2026-03-25T11:32:11.388+0000] {dag.py:3096} INFO - Sync 1 DAGs
[2026-03-25T11:32:11.412+0000] {logging_mixin.py:188} INFO - [2026-03-25T11:32:11.412+0000] {dag.py:3954} INFO - Setting next_dagrun for example_nested_branch_dag to 2026-03-24 00:00:00+00:00, run_after=2026-03-25 00:00:00+00:00
[2026-03-25T11:32:11.454+0000] {processor.py:183} INFO - Processing /home/airflow/.local/lib/python3.12/site-packages/airflow/example_dags/example_nested_branch_dag.py took 0.107 seconds
[2026-03-25T11:34:38.016+0000] {processor.py:161} INFO - Started process (PID=88) to work on /home/airflow/.local/lib/python3.12/site-packages/airflow/example_dags/example_nested_branch_dag.py
[2026-03-25T11:34:38.018+0000] {processor.py:830} INFO - Processing file /home/airflow/.local/lib/python3.12/site-packages/airflow/example_dags/example_nested_branch_dag.py for tasks to queue
[2026-03-25T11:34:38.021+0000] {logging_mixin.py:188} INFO - [2026-03-25T11:34:38.020+0000] {dagbag.py:540} INFO - Filling up the DagBag from /home/airflow/.local/lib/python3.12/site-packages/airflow/example_dags/example_nested_branch_dag.py
[2026-03-25T11:34:38.039+0000] {processor.py:840} INFO - DAG(s) 'example_nested_branch_dag' retrieved from /home/airflow/.local/lib/python3.12/site-packages/airflow/example_dags/example_nested_branch_dag.py
[2026-03-25T11:34:38.200+0000] {logging_mixin.py:188} INFO - [2026-03-25T11:34:38.200+0000] {dag.py:3096} INFO - Sync 1 DAGs
[2026-03-25T11:34:38.231+0000] {logging_mixin.py:188} INFO - [2026-03-25T11:34:38.231+0000] {dag.py:3954} INFO - Setting next_dagrun for example_nested_branch_dag to 2026-03-24 00:00:00+00:00, run_after=2026-03-25 00:00:00+00:00
[2026-03-25T11:34:38.279+0000] {processor.py:183} INFO - Processing /home/airflow/.local/lib/python3.12/site-packages/airflow/example_dags/example_nested_branch_dag.py took 0.272 seconds
[2026-03-25T11:35:09.305+0000] {processor.py:161} INFO - Started process (PID=147) to work on /home/airflow/.local/lib/python3.12/site-packages/airflow/example_dags/example_nested_branch_dag.py
[2026-03-25T11:35:09.306+0000] {processor.py:830} INFO - Processing file /home/airflow/.local/lib/python3.12/site-packages/airflow/example_dags/example_nested_branch_dag.py for tasks to queue
[2026-03-25T11:35:09.308+0000] {logging_mixin.py:188} INFO - [2026-03-25T11:35:09.308+0000] {dagbag.py:540} INFO - Filling up the DagBag from /home/airflow/.local/lib/python3.12/site-packages/airflow/example_dags/example_nested_branch_dag.py
[2026-03-25T11:35:09.320+0000] {processor.py:840} INFO - DAG(s) 'example_nested_branch_dag' retrieved from /home/airflow/.local/lib/python3.12/site-packages/airflow/example_dags/example_nested_branch_dag.py
[2026-03-25T11:35:09.345+0000] {logging_mixin.py:188} INFO - [2026-03-25T11:35:09.345+0000] {dag.py:3096} INFO - Sync 1 DAGs
[2026-03-25T11:35:09.377+0000] {logging_mixin.py:188} INFO - [2026-03-25T11:35:09.377+0000] {dag.py:3954} INFO - Setting next_dagrun for example_nested_branch_dag to 2026-03-24 00:00:00+00:00, run_after=2026-03-25 00:00:00+00:00
[2026-03-25T11:35:09.459+0000] {processor.py:183} INFO - Processing /home/airflow/.local/lib/python3.12/site-packages/airflow/example_dags/example_nested_branch_dag.py took 0.162 seconds
[2026-03-25T11:35:39.626+0000] {processor.py:161} INFO - Started process (PID=200) to work on /home/airflow/.local/lib/python3.12/site-packages/airflow/example_dags/example_nested_branch_dag.py
[2026-03-25T11:35:39.631+0000] {processor.py:830} INFO - Processing file /home/airflow/.local/lib/python3.12/site-packages/airflow/example_dags/example_nested_branch_dag.py for tasks to queue
[2026-03-25T11:35:39.641+0000] {logging_mixin.py:188} INFO - [2026-03-25T11:35:39.639+0000] {dagbag.py:540} INFO - Filling up the DagBag from /home/airflow/.local/lib/python3.12/site-packages/airflow/example_dags/example_nested_branch_dag.py
[2026-03-25T11:35:39.698+0000] {processor.py:840} INFO - DAG(s) 'example_nested_branch_dag' retrieved from /home/airflow/.local/lib/python3.12/site-packages/airflow/example_dags/example_nested_branch_dag.py
[2026-03-25T11:35:39.797+0000] {logging_mixin.py:188} INFO - [2026-03-25T11:35:39.796+0000] {dag.py:3096} INFO - Sync 1 DAGs
[2026-03-25T11:35:39.911+0000] {logging_mixin.py:188} INFO - [2026-03-25T11:35:39.911+0000] {dag.py:3954} INFO - Setting next_dagrun for example_nested_branch_dag to 2026-03-24 00:00:00+00:00, run_after=2026-03-25 00:00:00+00:00
[2026-03-25T11:35:40.022+0000] {processor.py:183} INFO - Processing /home/airflow/.local/lib/python3.12/site-packages/airflow/example_dags/example_nested_branch_dag.py took 0.428 seconds
[2026-03-25T11:36:13.392+0000] {processor.py:161} INFO - Started process (PID=266) to work on /home/airflow/.local/lib/python3.12/site-packages/airflow/example_dags/example_nested_branch_dag.py
[2026-03-25T11:36:13.393+0000] {processor.py:830} INFO - Processing file /home/airflow/.local/lib/python3.12/site-packages/airflow/example_dags/example_nested_branch_dag.py for tasks to queue
[2026-03-25T11:36:13.396+0000] {logging_mixin.py:188} INFO - [2026-03-25T11:36:13.396+0000] {dagbag.py:540} INFO - Filling up the DagBag from /home/airflow/.local/lib/python3.12/site-packages/airflow/example_dags/example_nested_branch_dag.py
[2026-03-25T11:36:13.424+0000] {processor.py:840} INFO - DAG(s) 'example_nested_branch_dag' retrieved from /home/airflow/.local/lib/python3.12/site-packages/airflow/example_dags/example_nested_branch_dag.py
[2026-03-25T11:36:13.618+0000] {logging_mixin.py:188} INFO - [2026-03-25T11:36:13.618+0000] {dag.py:3096} INFO - Sync 1 DAGs
[2026-03-25T11:36:13.650+0000] {logging_mixin.py:188} INFO - [2026-03-25T11:36:13.650+0000] {dag.py:3954} INFO - Setting next_dagrun for example_nested_branch_dag to 2026-03-24 00:00:00+00:00, run_after=2026-03-25 00:00:00+00:00
[2026-03-25T11:36:13.699+0000] {processor.py:183} INFO - Processing /home/airflow/.local/lib/python3.12/site-packages/airflow/example_dags/example_nested_branch_dag.py took 0.313 seconds
[2026-03-25T11:36:46.121+0000] {processor.py:161} INFO - Started process (PID=325) to work on /home/airflow/.local/lib/python3.12/site-packages/airflow/example_dags/example_nested_branch_dag.py
[2026-03-25T11:36:46.122+0000] {processor.py:830} INFO - Processing file /home/airflow/.local/lib/python3.12/site-packages/airflow/example_dags/example_nested_branch_dag.py for tasks to queue
[2026-03-25T11:36:46.126+0000] {logging_mixin.py:188} INFO - [2026-03-25T11:36:46.125+0000] {dagbag.py:540} INFO - Filling up the DagBag from /home/airflow/.local/lib/python3.12/site-packages/airflow/example_dags/example_nested_branch_dag.py
[2026-03-25T11:36:46.142+0000] {processor.py:840} INFO - DAG(s) 'example_nested_branch_dag' retrieved from /home/airflow/.local/lib/python3.12/site-packages/airflow/example_dags/example_nested_branch_dag.py
[2026-03-25T11:36:46.179+0000] {logging_mixin.py:188} INFO - [2026-03-25T11:36:46.179+0000] {dag.py:3096} INFO - Sync 1 DAGs
[2026-03-25T11:36:46.217+0000] {logging_mixin.py:188} INFO - [2026-03-25T11:36:46.216+0000] {dag.py:3954} INFO - Setting next_dagrun for example_nested_branch_dag to 2026-03-24 00:00:00+00:00, run_after=2026-03-25 00:00:00+00:00
[2026-03-25T11:36:46.278+0000] {processor.py:183} INFO - Processing /home/airflow/.local/lib/python3.12/site-packages/airflow/example_dags/example_nested_branch_dag.py took 0.165 seconds
[2026-03-25T11:37:18.381+0000] {processor.py:161} INFO - Started process (PID=378) to work on /home/airflow/.local/lib/python3.12/site-packages/airflow/example_dags/example_nested_branch_dag.py
[2026-03-25T11:37:18.382+0000] {processor.py:830} INFO - Processing file /home/airflow/.local/lib/python3.12/site-packages/airflow/example_dags/example_nested_branch_dag.py for tasks to queue
[2026-03-25T11:37:18.385+0000] {logging_mixin.py:188} INFO - [2026-03-25T11:37:18.384+0000] {dagbag.py:540} INFO - Filling up the DagBag from /home/airflow/.local/lib/python3.12/site-packages/airflow/example_dags/example_nested_branch_dag.py
[2026-03-25T11:37:18.397+0000] {processor.py:840} INFO - DAG(s) 'example_nested_branch_dag' retrieved from /home/airflow/.local/lib/python3.12/site-packages/airflow/example_dags/example_nested_branch_dag.py
[2026-03-25T11:37:18.422+0000] {logging_mixin.py:188} INFO - [2026-03-25T11:37:18.422+0000] {dag.py:3096} INFO - Sync 1 DAGs
[2026-03-25T11:37:18.450+0000] {logging_mixin.py:188} INFO - [2026-03-25T11:37:18.450+0000] {dag.py:3954} INFO - Setting next_dagrun for example_nested_branch_dag to 2026-03-24 00:00:00+00:00, run_after=2026-03-25 00:00:00+00:00
[2026-03-25T11:37:18.492+0000] {processor.py:183} INFO - Processing /home/airflow/.local/lib/python3.12/site-packages/airflow/example_dags/example_nested_branch_dag.py took 0.118 seconds
[2026-03-25T11:37:50.864+0000] {processor.py:161} INFO - Started process (PID=437) to work on /home/airflow/.local/lib/python3.12/site-packages/airflow/example_dags/example_nested_branch_dag.py
[2026-03-25T11:37:50.865+0000] {processor.py:830} INFO - Processing file /home/airflow/.local/lib/python3.12/site-packages/airflow/example_dags/example_nested_branch_dag.py for tasks to queue
[2026-03-25T11:37:50.867+0000] {logging_mixin.py:188} INFO - [2026-03-25T11:37:50.867+0000] {dagbag.py:540} INFO - Filling up the DagBag from /home/airflow/.local/lib/python3.12/site-packages/airflow/example_dags/example_nested_branch_dag.py
[2026-03-25T11:37:50.878+0000] {processor.py:840} INFO - DAG(s) 'example_nested_branch_dag' retrieved from /home/airflow/.local/lib/python3.12/site-packages/airflow/example_dags/example_nested_branch_dag.py
[2026-03-25T11:37:50.902+0000] {logging_mixin.py:188} INFO - [2026-03-25T11:37:50.902+0000] {dag.py:3096} INFO - Sync 1 DAGs
[2026-03-25T11:37:50.928+0000] {logging_mixin.py:188} INFO - [2026-03-25T11:37:50.927+0000] {dag.py:3954} INFO - Setting next_dagrun for example_nested_branch_dag to 2026-03-24 00:00:00+00:00, run_after=2026-03-25 00:00:00+00:00
[2026-03-25T11:37:51.006+0000] {processor.py:183} INFO - Processing /home/airflow/.local/lib/python3.12/site-packages/airflow/example_dags/example_nested_branch_dag.py took 0.147 seconds
[2026-03-25T11:38:22.886+0000] {processor.py:161} INFO - Started process (PID=496) to work on /home/airflow/.local/lib/python3.12/site-packages/airflow/example_dags/example_nested_branch_dag.py
[2026-03-25T11:38:22.888+0000] {processor.py:830} INFO - Processing file /home/airflow/.local/lib/python3.12/site-packages/airflow/example_dags/example_nested_branch_dag.py for tasks to queue
[2026-03-25T11:38:22.890+0000] {logging_mixin.py:188} INFO - [2026-03-25T11:38:22.889+0000] {dagbag.py:540} INFO - Filling up the DagBag from /home/airflow/.local/lib/python3.12/site-packages/airflow/example_dags/example_nested_branch_dag.py
[2026-03-25T11:38:22.900+0000] {processor.py:840} INFO - DAG(s) 'example_nested_branch_dag' retrieved from /home/airflow/.local/lib/python3.12/site-packages/airflow/example_dags/example_nested_branch_dag.py
[2026-03-25T11:38:22.925+0000] {logging_mixin.py:188} INFO - [2026-03-25T11:38:22.925+0000] {dag.py:3096} INFO - Sync 1 DAGs
[2026-03-25T11:38:22.957+0000] {logging_mixin.py:188} INFO - [2026-03-25T11:38:22.957+0000] {dag.py:3954} INFO - Setting next_dagrun for example_nested_branch_dag to 2026-03-24 00:00:00+00:00, run_after=2026-03-25 00:00:00+00:00
[2026-03-25T11:38:22.995+0000] {processor.py:183} INFO - Processing /home/airflow/.local/lib/python3.12/site-packages/airflow/example_dags/example_nested_branch_dag.py took 0.116 seconds
[2026-03-25T11:38:55.650+0000] {processor.py:161} INFO - Started process (PID=555) to work on /home/airflow/.local/lib/python3.12/site-packages/airflow/example_dags/example_nested_branch_dag.py
[2026-03-25T11:38:55.651+0000] {processor.py:830} INFO - Processing file /home/airflow/.local/lib/python3.12/site-packages/airflow/example_dags/example_nested_branch_dag.py for tasks to queue
[2026-03-25T11:38:55.653+0000] {logging_mixin.py:188} INFO - [2026-03-25T11:38:55.653+0000] {dagbag.py:540} INFO - Filling up the DagBag from /home/airflow/.local/lib/python3.12/site-packages/airflow/example_dags/example_nested_branch_dag.py
[2026-03-25T11:38:55.663+0000] {processor.py:840} INFO - DAG(s) 'example_nested_branch_dag' retrieved from /home/airflow/.local/lib/python3.12/site-packages/airflow/example_dags/example_nested_branch_dag.py
[2026-03-25T11:38:55.685+0000] {logging_mixin.py:188} INFO - [2026-03-25T11:38:55.685+0000] {dag.py:3096} INFO - Sync 1 DAGs
[2026-03-25T11:38:55.708+0000] {logging_mixin.py:188} INFO - [2026-03-25T11:38:55.708+0000] {dag.py:3954} INFO - Setting next_dagrun for example_nested_branch_dag to 2026-03-24 00:00:00+00:00, run_after=2026-03-25 00:00:00+00:00
[2026-03-25T11:38:55.750+0000] {processor.py:183} INFO - Processing /home/airflow/.local/lib/python3.12/site-packages/airflow/example_dags/example_nested_branch_dag.py took 0.106 seconds
[2026-03-25T11:39:28.310+0000] {processor.py:161} INFO - Started process (PID=614) to work on /home/airflow/.local/lib/python3.12/site-packages/airflow/example_dags/example_nested_branch_dag.py
[2026-03-25T11:39:28.311+0000] {processor.py:830} INFO - Processing file /home/airflow/.local/lib/python3.12/site-packages/airflow/example_dags/example_nested_branch_dag.py for tasks to queue
[2026-03-25T11:39:28.313+0000] {logging_mixin.py:188} INFO - [2026-03-25T11:39:28.312+0000] {dagbag.py:540} INFO - Filling up the DagBag from /home/airflow/.local/lib/python3.12/site-packages/airflow/example_dags/example_nested_branch_dag.py
[2026-03-25T11:39:28.323+0000] {processor.py:840} INFO - DAG(s) 'example_nested_branch_dag' retrieved from /home/airflow/.local/lib/python3.12/site-packages/airflow/example_dags/example_nested_branch_dag.py
[2026-03-25T11:39:28.344+0000] {logging_mixin.py:188} INFO - [2026-03-25T11:39:28.344+0000] {dag.py:3096} INFO - Sync 1 DAGs
[2026-03-25T11:39:28.365+0000] {logging_mixin.py:188} INFO - [2026-03-25T11:39:28.365+0000] {dag.py:3954} INFO - Setting next_dagrun for example_nested_branch_dag to 2026-03-24 00:00:00+00:00, run_after=2026-03-25 00:00:00+00:00
[2026-03-25T11:39:28.408+0000] {processor.py:183} INFO - Processing /home/airflow/.local/lib/python3.12/site-packages/airflow/example_dags/example_nested_branch_dag.py took 0.105 seconds
[2026-03-25T11:40:01.522+0000] {processor.py:161} INFO - Started process (PID=673) to work on /home/airflow/.local/lib/python3.12/site-packages/airflow/example_dags/example_nested_branch_dag.py
[2026-03-25T11:40:01.524+0000] {processor.py:830} INFO - Processing file /home/airflow/.local/lib/python3.12/site-packages/airflow/example_dags/example_nested_branch_dag.py for tasks to queue
[2026-03-25T11:40:01.526+0000] {logging_mixin.py:188} INFO - [2026-03-25T11:40:01.526+0000] {dagbag.py:540} INFO - Filling up the DagBag from /home/airflow/.local/lib/python3.12/site-packages/airflow/example_dags/example_nested_branch_dag.py
[2026-03-25T11:40:01.542+0000] {processor.py:840} INFO - DAG(s) 'example_nested_branch_dag' retrieved from /home/airflow/.local/lib/python3.12/site-packages/airflow/example_dags/example_nested_branch_dag.py
[2026-03-25T11:40:01.566+0000] {logging_mixin.py:188} INFO - [2026-03-25T11:40:01.566+0000] {dag.py:3096} INFO - Sync 1 DAGs
[2026-03-25T11:40:01.591+0000] {logging_mixin.py:188} INFO - [2026-03-25T11:40:01.591+0000] {dag.py:3954} INFO - Setting next_dagrun for example_nested_branch_dag to 2026-03-24 00:00:00+00:00, run_after=2026-03-25 00:00:00+00:00
[2026-03-25T11:40:01.661+0000] {processor.py:183} INFO - Processing /home/airflow/.local/lib/python3.12/site-packages/airflow/example_dags/example_nested_branch_dag.py took 0.148 seconds
[2026-03-25T11:40:33.610+0000] {processor.py:161} INFO - Started process (PID=732) to work on /home/airflow/.local/lib/python3.12/site-packages/airflow/example_dags/example_nested_branch_dag.py
[2026-03-25T11:40:33.611+0000] {processor.py:830} INFO - Processing file /home/airflow/.local/lib/python3.12/site-packages/airflow/example_dags/example_nested_branch_dag.py for tasks to queue
[2026-03-25T11:40:33.613+0000] {logging_mixin.py:188} INFO - [2026-03-25T11:40:33.613+0000] {dagbag.py:540} INFO - Filling up the DagBag from /home/airflow/.local/lib/python3.12/site-packages/airflow/example_dags/example_nested_branch_dag.py
[2026-03-25T11:40:33.624+0000] {processor.py:840} INFO - DAG(s) 'example_nested_branch_dag' retrieved from /home/airflow/.local/lib/python3.12/site-packages/airflow/example_dags/example_nested_branch_dag.py
[2026-03-25T11:40:33.648+0000] {logging_mixin.py:188} INFO - [2026-03-25T11:40:33.647+0000] {dag.py:3096} INFO - Sync 1 DAGs
[2026-03-25T11:40:33.670+0000] {logging_mixin.py:188} INFO - [2026-03-25T11:40:33.670+0000] {dag.py:3954} INFO - Setting next_dagrun for example_nested_branch_dag to 2026-03-24 00:00:00+00:00, run_after=2026-03-25 00:00:00+00:00
[2026-03-25T11:40:33.720+0000] {processor.py:183} INFO - Processing /home/airflow/.local/lib/python3.12/site-packages/airflow/example_dags/example_nested_branch_dag.py took 0.116 seconds
[2026-03-25T11:41:06.663+0000] {processor.py:161} INFO - Started process (PID=791) to work on /home/airflow/.local/lib/python3.12/site-packages/airflow/example_dags/example_nested_branch_dag.py
[2026-03-25T11:41:06.664+0000] {processor.py:830} INFO - Processing file /home/airflow/.local/lib/python3.12/site-packages/airflow/example_dags/example_nested_branch_dag.py for tasks to queue
[2026-03-25T11:41:06.666+0000] {logging_mixin.py:188} INFO - [2026-03-25T11:41:06.666+0000] {dagbag.py:540} INFO - Filling up the DagBag from /home/airflow/.local/lib/python3.12/site-packages/airflow/example_dags/example_nested_branch_dag.py
[2026-03-25T11:41:06.678+0000] {processor.py:840} INFO - DAG(s) 'example_nested_branch_dag' retrieved from /home/airflow/.local/lib/python3.12/site-packages/airflow/example_dags/example_nested_branch_dag.py
[2026-03-25T11:41:06.701+0000] {logging_mixin.py:188} INFO - [2026-03-25T11:41:06.701+0000] {dag.py:3096} INFO - Sync 1 DAGs
[2026-03-25T11:41:06.725+0000] {logging_mixin.py:188} INFO - [2026-03-25T11:41:06.724+0000] {dag.py:3954} INFO - Setting next_dagrun for example_nested_branch_dag to 2026-03-24 00:00:00+00:00, run_after=2026-03-25 00:00:00+00:00
[2026-03-25T11:41:06.789+0000] {processor.py:183} INFO - Processing /home/airflow/.local/lib/python3.12/site-packages/airflow/example_dags/example_nested_branch_dag.py took 0.133 seconds
[2026-03-25T11:41:40.777+0000] {processor.py:161} INFO - Started process (PID=850) to work on /home/airflow/.local/lib/python3.12/site-packages/airflow/example_dags/example_nested_branch_dag.py
[2026-03-25T11:41:40.778+0000] {processor.py:830} INFO - Processing file /home/airflow/.local/lib/python3.12/site-packages/airflow/example_dags/example_nested_branch_dag.py for tasks to queue
[2026-03-25T11:41:40.780+0000] {logging_mixin.py:188} INFO - [2026-03-25T11:41:40.780+0000] {dagbag.py:540} INFO - Filling up the DagBag from /home/airflow/.local/lib/python3.12/site-packages/airflow/example_dags/example_nested_branch_dag.py
[2026-03-25T11:41:40.792+0000] {processor.py:840} INFO - DAG(s) 'example_nested_branch_dag' retrieved from /home/airflow/.local/lib/python3.12/site-packages/airflow/example_dags/example_nested_branch_dag.py
[2026-03-25T11:41:40.817+0000] {logging_mixin.py:188} INFO - [2026-03-25T11:41:40.816+0000] {dag.py:3096} INFO - Sync 1 DAGs
[2026-03-25T11:41:40.840+0000] {logging_mixin.py:188} INFO - [2026-03-25T11:41:40.839+0000] {dag.py:3954} INFO - Setting next_dagrun for example_nested_branch_dag to 2026-03-24 00:00:00+00:00, run_after=2026-03-25 00:00:00+00:00
[2026-03-25T11:41:40.904+0000] {processor.py:183} INFO - Processing /home/airflow/.local/lib/python3.12/site-packages/airflow/example_dags/example_nested_branch_dag.py took 0.133 seconds
[2026-03-25T11:42:11.913+0000] {processor.py:161} INFO - Started process (PID=909) to work on /home/airflow/.local/lib/python3.12/site-packages/airflow/example_dags/example_nested_branch_dag.py
[2026-03-25T11:42:11.915+0000] {processor.py:830} INFO - Processing file /home/airflow/.local/lib/python3.12/site-packages/airflow/example_dags/example_nested_branch_dag.py for tasks to queue
[2026-03-25T11:42:11.917+0000] {logging_mixin.py:188} INFO - [2026-03-25T11:42:11.917+0000] {dagbag.py:540} INFO - Filling up the DagBag from /home/airflow/.local/lib/python3.12/site-packages/airflow/example_dags/example_nested_branch_dag.py
[2026-03-25T11:42:11.931+0000] {processor.py:840} INFO - DAG(s) 'example_nested_branch_dag' retrieved from /home/airflow/.local/lib/python3.12/site-packages/airflow/example_dags/example_nested_branch_dag.py
[2026-03-25T11:42:11.955+0000] {logging_mixin.py:188} INFO - [2026-03-25T11:42:11.955+0000] {dag.py:3096} INFO - Sync 1 DAGs
[2026-03-25T11:42:11.980+0000] {logging_mixin.py:188} INFO - [2026-03-25T11:42:11.979+0000] {dag.py:3954} INFO - Setting next_dagrun for example_nested_branch_dag to 2026-03-24 00:00:00+00:00, run_after=2026-03-25 00:00:00+00:00
[2026-03-25T11:42:12.026+0000] {processor.py:183} INFO - Processing /home/airflow/.local/lib/python3.12/site-packages/airflow/example_dags/example_nested_branch_dag.py took 0.121 seconds
[2026-03-25T11:42:44.735+0000] {processor.py:161} INFO - Started process (PID=968) to work on /home/airflow/.local/lib/python3.12/site-packages/airflow/example_dags/example_nested_branch_dag.py
[2026-03-25T11:42:44.736+0000] {processor.py:830} INFO - Processing file /home/airflow/.local/lib/python3.12/site-packages/airflow/example_dags/example_nested_branch_dag.py for tasks to queue
[2026-03-25T11:42:44.738+0000] {logging_mixin.py:188} INFO - [2026-03-25T11:42:44.738+0000] {dagbag.py:540} INFO - Filling up the DagBag from /home/airflow/.local/lib/python3.12/site-packages/airflow/example_dags/example_nested_branch_dag.py
[2026-03-25T11:42:44.748+0000] {processor.py:840} INFO - DAG(s) 'example_nested_branch_dag' retrieved from /home/airflow/.local/lib/python3.12/site-packages/airflow/example_dags/example_nested_branch_dag.py
[2026-03-25T11:42:44.770+0000] {logging_mixin.py:188} INFO - [2026-03-25T11:42:44.769+0000] {dag.py:3096} INFO - Sync 1 DAGs
[2026-03-25T11:42:44.792+0000] {logging_mixin.py:188} INFO - [2026-03-25T11:42:44.792+0000] {dag.py:3954} INFO - Setting next_dagrun for example_nested_branch_dag to 2026-03-24 00:00:00+00:00, run_after=2026-03-25 00:00:00+00:00
[2026-03-25T11:42:44.834+0000] {processor.py:183} INFO - Processing /home/airflow/.local/lib/python3.12/site-packages/airflow/example_dags/example_nested_branch_dag.py took 0.104 seconds
[2026-03-25T11:43:18.227+0000] {processor.py:161} INFO - Started process (PID=1027) to work on /home/airflow/.local/lib/python3.12/site-packages/airflow/example_dags/example_nested_branch_dag.py
[2026-03-25T11:43:18.228+0000] {processor.py:830} INFO - Processing file /home/airflow/.local/lib/python3.12/site-packages/airflow/example_dags/example_nested_branch_dag.py for tasks to queue
[2026-03-25T11:43:18.230+0000] {logging_mixin.py:188} INFO - [2026-03-25T11:43:18.230+0000] {dagbag.py:540} INFO - Filling up the DagBag from /home/airflow/.local/lib/python3.12/site-packages/airflow/example_dags/example_nested_branch_dag.py
[2026-03-25T11:43:18.242+0000] {processor.py:840} INFO - DAG(s) 'example_nested_branch_dag' retrieved from /home/airflow/.local/lib/python3.12/site-packages/airflow/example_dags/example_nested_branch_dag.py
[2026-03-25T11:43:18.267+0000] {logging_mixin.py:188} INFO - [2026-03-25T11:43:18.267+0000] {dag.py:3096} INFO - Sync 1 DAGs
[2026-03-25T11:43:18.291+0000] {logging_mixin.py:188} INFO - [2026-03-25T11:43:18.291+0000] {dag.py:3954} INFO - Setting next_dagrun for example_nested_branch_dag to 2026-03-24 00:00:00+00:00, run_after=2026-03-25 00:00:00+00:00
[2026-03-25T11:43:18.332+0000] {processor.py:183} INFO - Processing /home/airflow/.local/lib/python3.12/site-packages/airflow/example_dags/example_nested_branch_dag.py took 0.111 seconds
[2026-03-25T11:43:50.332+0000] {processor.py:161} INFO - Started process (PID=1086) to work on /home/airflow/.local/lib/python3.12/site-packages/airflow/example_dags/example_nested_branch_dag.py
[2026-03-25T11:43:50.333+0000] {processor.py:830} INFO - Processing file /home/airflow/.local/lib/python3.12/site-packages/airflow/example_dags/example_nested_branch_dag.py for tasks to queue
[2026-03-25T11:43:50.335+0000] {logging_mixin.py:188} INFO - [2026-03-25T11:43:50.334+0000] {dagbag.py:540} INFO - Filling up the DagBag from /home/airflow/.local/lib/python3.12/site-packages/airflow/example_dags/example_nested_branch_dag.py
[2026-03-25T11:43:50.345+0000] {processor.py:840} INFO - DAG(s) 'example_nested_branch_dag' retrieved from /home/airflow/.local/lib/python3.12/site-packages/airflow/example_dags/example_nested_branch_dag.py
[2026-03-25T11:43:50.366+0000] {logging_mixin.py:188} INFO - [2026-03-25T11:43:50.365+0000] {dag.py:3096} INFO - Sync 1 DAGs
[2026-03-25T11:43:50.388+0000] {logging_mixin.py:188} INFO - [2026-03-25T11:43:50.388+0000] {dag.py:3954} INFO - Setting next_dagrun for example_nested_branch_dag to 2026-03-24 00:00:00+00:00, run_after=2026-03-25 00:00:00+00:00
[2026-03-25T11:43:50.432+0000] {processor.py:183} INFO - Processing /home/airflow/.local/lib/python3.12/site-packages/airflow/example_dags/example_nested_branch_dag.py took 0.106 seconds
[2026-03-25T11:44:22.945+0000] {processor.py:161} INFO - Started process (PID=1145) to work on /home/airflow/.local/lib/python3.12/site-packages/airflow/example_dags/example_nested_branch_dag.py
[2026-03-25T11:44:22.946+0000] {processor.py:830} INFO - Processing file /home/airflow/.local/lib/python3.12/site-packages/airflow/example_dags/example_nested_branch_dag.py for tasks to queue
[2026-03-25T11:44:22.948+0000] {logging_mixin.py:188} INFO - [2026-03-25T11:44:22.948+0000] {dagbag.py:540} INFO - Filling up the DagBag from /home/airflow/.local/lib/python3.12/site-packages/airflow/example_dags/example_nested_branch_dag.py
[2026-03-25T11:44:22.959+0000] {processor.py:840} INFO - DAG(s) 'example_nested_branch_dag' retrieved from /home/airflow/.local/lib/python3.12/site-packages/airflow/example_dags/example_nested_branch_dag.py
[2026-03-25T11:44:22.983+0000] {logging_mixin.py:188} INFO - [2026-03-25T11:44:22.983+0000] {dag.py:3096} INFO - Sync 1 DAGs
[2026-03-25T11:44:23.010+0000] {logging_mixin.py:188} INFO - [2026-03-25T11:44:23.010+0000] {dag.py:3954} INFO - Setting next_dagrun for example_nested_branch_dag to 2026-03-24 00:00:00+00:00, run_after=2026-03-25 00:00:00+00:00
[2026-03-25T11:44:23.056+0000] {processor.py:183} INFO - Processing /home/airflow/.local/lib/python3.12/site-packages/airflow/example_dags/example_nested_branch_dag.py took 0.118 seconds
[2026-03-25T11:44:55.979+0000] {processor.py:161} INFO - Started process (PID=1204) to work on /home/airflow/.local/lib/python3.12/site-packages/airflow/example_dags/example_nested_branch_dag.py
[2026-03-25T11:44:55.980+0000] {processor.py:830} INFO - Processing file /home/airflow/.local/lib/python3.12/site-packages/airflow/example_dags/example_nested_branch_dag.py for tasks to queue
[2026-03-25T11:44:55.982+0000] {logging_mixin.py:188} INFO - [2026-03-25T11:44:55.982+0000] {dagbag.py:540} INFO - Filling up the DagBag from /home/airflow/.local/lib/python3.12/site-packages/airflow/example_dags/example_nested_branch_dag.py
[2026-03-25T11:44:55.994+0000] {processor.py:840} INFO - DAG(s) 'example_nested_branch_dag' retrieved from /home/airflow/.local/lib/python3.12/site-packages/airflow/example_dags/example_nested_branch_dag.py
[2026-03-25T11:44:56.018+0000] {logging_mixin.py:188} INFO - [2026-03-25T11:44:56.018+0000] {dag.py:3096} INFO - Sync 1 DAGs
[2026-03-25T11:44:56.045+0000] {logging_mixin.py:188} INFO - [2026-03-25T11:44:56.045+0000] {dag.py:3954} INFO - Setting next_dagrun for example_nested_branch_dag to 2026-03-24 00:00:00+00:00, run_after=2026-03-25 00:00:00+00:00
[2026-03-25T11:44:56.096+0000] {processor.py:183} INFO - Processing /home/airflow/.local/lib/python3.12/site-packages/airflow/example_dags/example_nested_branch_dag.py took 0.125 seconds
[2026-03-25T11:45:28.780+0000] {processor.py:161} INFO - Started process (PID=1263) to work on /home/airflow/.local/lib/python3.12/site-packages/airflow/example_dags/example_nested_branch_dag.py
[2026-03-25T11:45:28.781+0000] {processor.py:830} INFO - Processing file /home/airflow/.local/lib/python3.12/site-packages/airflow/example_dags/example_nested_branch_dag.py for tasks to queue
[2026-03-25T11:45:28.782+0000] {logging_mixin.py:188} INFO - [2026-03-25T11:45:28.782+0000] {dagbag.py:540} INFO - Filling up the DagBag from /home/airflow/.local/lib/python3.12/site-packages/airflow/example_dags/example_nested_branch_dag.py
[2026-03-25T11:45:28.792+0000] {processor.py:840} INFO - DAG(s) 'example_nested_branch_dag' retrieved from /home/airflow/.local/lib/python3.12/site-packages/airflow/example_dags/example_nested_branch_dag.py
[2026-03-25T11:45:28.813+0000] {logging_mixin.py:188} INFO - [2026-03-25T11:45:28.813+0000] {dag.py:3096} INFO - Sync 1 DAGs
[2026-03-25T11:45:28.835+0000] {logging_mixin.py:188} INFO - [2026-03-25T11:45:28.835+0000] {dag.py:3954} INFO - Setting next_dagrun for example_nested_branch_dag to 2026-03-24 00:00:00+00:00, run_after=2026-03-25 00:00:00+00:00
[2026-03-25T11:45:28.884+0000] {processor.py:183} INFO - Processing /home/airflow/.local/lib/python3.12/site-packages/airflow/example_dags/example_nested_branch_dag.py took 0.110 seconds
[2026-03-25T11:46:01.039+0000] {processor.py:161} INFO - Started process (PID=1322) to work on /home/airflow/.local/lib/python3.12/site-packages/airflow/example_dags/example_nested_branch_dag.py
[2026-03-25T11:46:01.040+0000] {processor.py:830} INFO - Processing file /home/airflow/.local/lib/python3.12/site-packages/airflow/example_dags/example_nested_branch_dag.py for tasks to queue
[2026-03-25T11:46:01.042+0000] {logging_mixin.py:188} INFO - [2026-03-25T11:46:01.042+0000] {dagbag.py:540} INFO - Filling up the DagBag from /home/airflow/.local/lib/python3.12/site-packages/airflow/example_dags/example_nested_branch_dag.py
[2026-03-25T11:46:01.052+0000] {processor.py:840} INFO - DAG(s) 'example_nested_branch_dag' retrieved from /home/airflow/.local/lib/python3.12/site-packages/airflow/example_dags/example_nested_branch_dag.py
[2026-03-25T11:46:01.074+0000] {logging_mixin.py:188} INFO - [2026-03-25T11:46:01.073+0000] {dag.py:3096} INFO - Sync 1 DAGs
[2026-03-25T11:46:01.098+0000] {logging_mixin.py:188} INFO - [2026-03-25T11:46:01.098+0000] {dag.py:3954} INFO - Setting next_dagrun for example_nested_branch_dag to 2026-03-24 00:00:00+00:00, run_after=2026-03-25 00:00:00+00:00
[2026-03-25T11:46:01.138+0000] {processor.py:183} INFO - Processing /home/airflow/.local/lib/python3.12/site-packages/airflow/example_dags/example_nested_branch_dag.py took 0.104 seconds
[2026-03-25T11:46:34.222+0000] {processor.py:161} INFO - Started process (PID=1381) to work on /home/airflow/.local/lib/python3.12/site-packages/airflow/example_dags/example_nested_branch_dag.py
[2026-03-25T11:46:34.224+0000] {processor.py:830} INFO - Processing file /home/airflow/.local/lib/python3.12/site-packages/airflow/example_dags/example_nested_branch_dag.py for tasks to queue
[2026-03-25T11:46:34.226+0000] {logging_mixin.py:188} INFO - [2026-03-25T11:46:34.226+0000] {dagbag.py:540} INFO - Filling up the DagBag from /home/airflow/.local/lib/python3.12/site-packages/airflow/example_dags/example_nested_branch_dag.py
[2026-03-25T11:46:34.239+0000] {processor.py:840} INFO - DAG(s) 'example_nested_branch_dag' retrieved from /home/airflow/.local/lib/python3.12/site-packages/airflow/example_dags/example_nested_branch_dag.py
[2026-03-25T11:46:34.266+0000] {logging_mixin.py:188} INFO - [2026-03-25T11:46:34.266+0000] {dag.py:3096} INFO - Sync 1 DAGs
[2026-03-25T11:46:34.297+0000] {logging_mixin.py:188} INFO - [2026-03-25T11:46:34.297+0000] {dag.py:3954} INFO - Setting next_dagrun for example_nested_branch_dag to 2026-03-24 00:00:00+00:00, run_after=2026-03-25 00:00:00+00:00
[2026-03-25T11:46:34.351+0000] {processor.py:183} INFO - Processing /home/airflow/.local/lib/python3.12/site-packages/airflow/example_dags/example_nested_branch_dag.py took 0.140 seconds
[2026-03-25T11:47:07.923+0000] {processor.py:161} INFO - Started process (PID=1440) to work on /home/airflow/.local/lib/python3.12/site-packages/airflow/example_dags/example_nested_branch_dag.py
[2026-03-25T11:47:07.929+0000] {processor.py:830} INFO - Processing file /home/airflow/.local/lib/python3.12/site-packages/airflow/example_dags/example_nested_branch_dag.py for tasks to queue
[2026-03-25T11:47:07.932+0000] {logging_mixin.py:188} INFO - [2026-03-25T11:47:07.932+0000] {dagbag.py:540} INFO - Filling up the DagBag from /home/airflow/.local/lib/python3.12/site-packages/airflow/example_dags/example_nested_branch_dag.py
[2026-03-25T11:47:07.957+0000] {processor.py:840} INFO - DAG(s) 'example_nested_branch_dag' retrieved from /home/airflow/.local/lib/python3.12/site-packages/airflow/example_dags/example_nested_branch_dag.py
[2026-03-25T11:47:08.015+0000] {logging_mixin.py:188} INFO - [2026-03-25T11:47:08.015+0000] {dag.py:3096} INFO - Sync 1 DAGs
[2026-03-25T11:47:08.075+0000] {logging_mixin.py:188} INFO - [2026-03-25T11:47:08.074+0000] {dag.py:3954} INFO - Setting next_dagrun for example_nested_branch_dag to 2026-03-24 00:00:00+00:00, run_after=2026-03-25 00:00:00+00:00
[2026-03-25T11:47:08.151+0000] {processor.py:183} INFO - Processing /home/airflow/.local/lib/python3.12/site-packages/airflow/example_dags/example_nested_branch_dag.py took 0.243 seconds
[2026-03-25T11:47:42.303+0000] {processor.py:161} INFO - Started process (PID=1506) to work on /home/airflow/.local/lib/python3.12/site-packages/airflow/example_dags/example_nested_branch_dag.py
[2026-03-25T11:47:42.305+0000] {processor.py:830} INFO - Processing file /home/airflow/.local/lib/python3.12/site-packages/airflow/example_dags/example_nested_branch_dag.py for tasks to queue
[2026-03-25T11:47:42.308+0000] {logging_mixin.py:188} INFO - [2026-03-25T11:47:42.308+0000] {dagbag.py:540} INFO - Filling up the DagBag from /home/airflow/.local/lib/python3.12/site-packages/airflow/example_dags/example_nested_branch_dag.py
[2026-03-25T11:47:42.323+0000] {processor.py:840} INFO - DAG(s) 'example_nested_branch_dag' retrieved from /home/airflow/.local/lib/python3.12/site-packages/airflow/example_dags/example_nested_branch_dag.py
[2026-03-25T11:47:42.354+0000] {logging_mixin.py:188} INFO - [2026-03-25T11:47:42.354+0000] {dag.py:3096} INFO - Sync 1 DAGs
[2026-03-25T11:47:42.386+0000] {logging_mixin.py:188} INFO - [2026-03-25T11:47:42.386+0000] {dag.py:3954} INFO - Setting next_dagrun for example_nested_branch_dag to 2026-03-24 00:00:00+00:00, run_after=2026-03-25 00:00:00+00:00
[2026-03-25T11:47:42.473+0000] {processor.py:183} INFO - Processing /home/airflow/.local/lib/python3.12/site-packages/airflow/example_dags/example_nested_branch_dag.py took 0.177 seconds
[2026-03-25T11:48:12.723+0000] {processor.py:161} INFO - Started process (PID=1559) to work on /home/airflow/.local/lib/python3.12/site-packages/airflow/example_dags/example_nested_branch_dag.py
[2026-03-25T11:48:12.724+0000] {processor.py:830} INFO - Processing file /home/airflow/.local/lib/python3.12/site-packages/airflow/example_dags/example_nested_branch_dag.py for tasks to queue
[2026-03-25T11:48:12.727+0000] {logging_mixin.py:188} INFO - [2026-03-25T11:48:12.726+0000] {dagbag.py:540} INFO - Filling up the DagBag from /home/airflow/.local/lib/python3.12/site-packages/airflow/example_dags/example_nested_branch_dag.py
[2026-03-25T11:48:12.741+0000] {processor.py:840} INFO - DAG(s) 'example_nested_branch_dag' retrieved from /home/airflow/.local/lib/python3.12/site-packages/airflow/example_dags/example_nested_branch_dag.py
[2026-03-25T11:48:12.766+0000] {logging_mixin.py:188} INFO - [2026-03-25T11:48:12.766+0000] {dag.py:3096} INFO - Sync 1 DAGs
[2026-03-25T11:48:12.797+0000] {logging_mixin.py:188} INFO - [2026-03-25T11:48:12.797+0000] {dag.py:3954} INFO - Setting next_dagrun for example_nested_branch_dag to 2026-03-24 00:00:00+00:00, run_after=2026-03-25 00:00:00+00:00
[2026-03-25T11:48:12.842+0000] {processor.py:183} INFO - Processing /home/airflow/.local/lib/python3.12/site-packages/airflow/example_dags/example_nested_branch_dag.py took 0.127 seconds
[2026-03-25T11:48:44.685+0000] {processor.py:161} INFO - Started process (PID=1618) to work on /home/airflow/.local/lib/python3.12/site-packages/airflow/example_dags/example_nested_branch_dag.py
[2026-03-25T11:48:44.687+0000] {processor.py:830} INFO - Processing file /home/airflow/.local/lib/python3.12/site-packages/airflow/example_dags/example_nested_branch_dag.py for tasks to queue
[2026-03-25T11:48:44.689+0000] {logging_mixin.py:188} INFO - [2026-03-25T11:48:44.688+0000] {dagbag.py:540} INFO - Filling up the DagBag from /home/airflow/.local/lib/python3.12/site-packages/airflow/example_dags/example_nested_branch_dag.py
[2026-03-25T11:48:44.700+0000] {processor.py:840} INFO - DAG(s) 'example_nested_branch_dag' retrieved from /home/airflow/.local/lib/python3.12/site-packages/airflow/example_dags/example_nested_branch_dag.py
[2026-03-25T11:48:44.727+0000] {logging_mixin.py:188} INFO - [2026-03-25T11:48:44.726+0000] {dag.py:3096} INFO - Sync 1 DAGs
[2026-03-25T11:48:44.755+0000] {logging_mixin.py:188} INFO - [2026-03-25T11:48:44.755+0000] {dag.py:3954} INFO - Setting next_dagrun for example_nested_branch_dag to 2026-03-24 00:00:00+00:00, run_after=2026-03-25 00:00:00+00:00
[2026-03-25T11:48:44.805+0000] {processor.py:183} INFO - Processing /home/airflow/.local/lib/python3.12/site-packages/airflow/example_dags/example_nested_branch_dag.py took 0.126 seconds
[2026-03-25T11:49:17.795+0000] {processor.py:161} INFO - Started process (PID=1677) to work on /home/airflow/.local/lib/python3.12/site-packages/airflow/example_dags/example_nested_branch_dag.py
[2026-03-25T11:49:17.796+0000] {processor.py:830} INFO - Processing file /home/airflow/.local/lib/python3.12/site-packages/airflow/example_dags/example_nested_branch_dag.py for tasks to queue
[2026-03-25T11:49:17.798+0000] {logging_mixin.py:188} INFO - [2026-03-25T11:49:17.798+0000] {dagbag.py:540} INFO - Filling up the DagBag from /home/airflow/.local/lib/python3.12/site-packages/airflow/example_dags/example_nested_branch_dag.py
[2026-03-25T11:49:17.808+0000] {processor.py:840} INFO - DAG(s) 'example_nested_branch_dag' retrieved from /home/airflow/.local/lib/python3.12/site-packages/airflow/example_dags/example_nested_branch_dag.py
[2026-03-25T11:49:17.831+0000] {logging_mixin.py:188} INFO - [2026-03-25T11:49:17.831+0000] {dag.py:3096} INFO - Sync 1 DAGs
[2026-03-25T11:49:17.858+0000] {logging_mixin.py:188} INFO - [2026-03-25T11:49:17.858+0000] {dag.py:3954} INFO - Setting next_dagrun for example_nested_branch_dag to 2026-03-24 00:00:00+00:00, run_after=2026-03-25 00:00:00+00:00
[2026-03-25T11:49:17.907+0000] {processor.py:183} INFO - Processing /home/airflow/.local/lib/python3.12/site-packages/airflow/example_dags/example_nested_branch_dag.py took 0.117 seconds
[2026-03-25T11:49:52.271+0000] {processor.py:161} INFO - Started process (PID=1736) to work on /home/airflow/.local/lib/python3.12/site-packages/airflow/example_dags/example_nested_branch_dag.py
[2026-03-25T11:49:52.273+0000] {processor.py:830} INFO - Processing file /home/airflow/.local/lib/python3.12/site-packages/airflow/example_dags/example_nested_branch_dag.py for tasks to queue
[2026-03-25T11:49:52.275+0000] {logging_mixin.py:188} INFO - [2026-03-25T11:49:52.275+0000] {dagbag.py:540} INFO - Filling up the DagBag from /home/airflow/.local/lib/python3.12/site-packages/airflow/example_dags/example_nested_branch_dag.py
[2026-03-25T11:49:52.288+0000] {processor.py:840} INFO - DAG(s) 'example_nested_branch_dag' retrieved from /home/airflow/.local/lib/python3.12/site-packages/airflow/example_dags/example_nested_branch_dag.py
[2026-03-25T11:49:52.315+0000] {logging_mixin.py:188} INFO - [2026-03-25T11:49:52.314+0000] {dag.py:3096} INFO - Sync 1 DAGs
[2026-03-25T11:49:52.343+0000] {logging_mixin.py:188} INFO - [2026-03-25T11:49:52.342+0000] {dag.py:3954} INFO - Setting next_dagrun for example_nested_branch_dag to 2026-03-24 00:00:00+00:00, run_after=2026-03-25 00:00:00+00:00
[2026-03-25T11:49:52.389+0000] {processor.py:183} INFO - Processing /home/airflow/.local/lib/python3.12/site-packages/airflow/example_dags/example_nested_branch_dag.py took 0.125 seconds
[2026-03-25T11:50:23.052+0000] {processor.py:161} INFO - Started process (PID=1795) to work on /home/airflow/.local/lib/python3.12/site-packages/airflow/example_dags/example_nested_branch_dag.py
[2026-03-25T11:50:23.053+0000] {processor.py:830} INFO - Processing file /home/airflow/.local/lib/python3.12/site-packages/airflow/example_dags/example_nested_branch_dag.py for tasks to queue
[2026-03-25T11:50:23.055+0000] {logging_mixin.py:188} INFO - [2026-03-25T11:50:23.054+0000] {dagbag.py:540} INFO - Filling up the DagBag from /home/airflow/.local/lib/python3.12/site-packages/airflow/example_dags/example_nested_branch_dag.py
[2026-03-25T11:50:23.065+0000] {processor.py:840} INFO - DAG(s) 'example_nested_branch_dag' retrieved from /home/airflow/.local/lib/python3.12/site-packages/airflow/example_dags/example_nested_branch_dag.py
[2026-03-25T11:50:23.095+0000] {logging_mixin.py:188} INFO - [2026-03-25T11:50:23.095+0000] {dag.py:3096} INFO - Sync 1 DAGs
[2026-03-25T11:50:23.121+0000] {logging_mixin.py:188} INFO - [2026-03-25T11:50:23.121+0000] {dag.py:3954} INFO - Setting next_dagrun for example_nested_branch_dag to 2026-03-24 00:00:00+00:00, run_after=2026-03-25 00:00:00+00:00
[2026-03-25T11:50:23.171+0000] {processor.py:183} INFO - Processing /home/airflow/.local/lib/python3.12/site-packages/airflow/example_dags/example_nested_branch_dag.py took 0.127 seconds
