[2026-03-25T11:15:34.791+0000] {processor.py:161} INFO - Started process (PID=101) to work on /home/airflow/.local/lib/python3.12/site-packages/airflow/example_dags/example_branch_operator.py
[2026-03-25T11:15:34.792+0000] {processor.py:830} INFO - Processing file /home/airflow/.local/lib/python3.12/site-packages/airflow/example_dags/example_branch_operator.py for tasks to queue
[2026-03-25T11:15:34.794+0000] {logging_mixin.py:188} INFO - [2026-03-25T11:15:34.794+0000] {dagbag.py:540} INFO - Filling up the DagBag from /home/airflow/.local/lib/python3.12/site-packages/airflow/example_dags/example_branch_operator.py
[2026-03-25T11:15:34.819+0000] {processor.py:840} INFO - DAG(s) 'example_branch_operator' retrieved from /home/airflow/.local/lib/python3.12/site-packages/airflow/example_dags/example_branch_operator.py
[2026-03-25T11:15:34.939+0000] {logging_mixin.py:188} INFO - [2026-03-25T11:15:34.939+0000] {dag.py:3096} INFO - Sync 1 DAGs
[2026-03-25T11:15:34.959+0000] {logging_mixin.py:188} INFO - [2026-03-25T11:15:34.959+0000] {dag.py:3954} INFO - Setting next_dagrun for example_branch_operator to 2026-03-24 00:00:00+00:00, run_after=2026-03-25 00:00:00+00:00
[2026-03-25T11:15:35.027+0000] {processor.py:183} INFO - Processing /home/airflow/.local/lib/python3.12/site-packages/airflow/example_dags/example_branch_operator.py took 0.241 seconds
[2026-03-25T11:16:05.140+0000] {processor.py:161} INFO - Started process (PID=160) to work on /home/airflow/.local/lib/python3.12/site-packages/airflow/example_dags/example_branch_operator.py
[2026-03-25T11:16:05.142+0000] {processor.py:830} INFO - Processing file /home/airflow/.local/lib/python3.12/site-packages/airflow/example_dags/example_branch_operator.py for tasks to queue
[2026-03-25T11:16:05.145+0000] {logging_mixin.py:188} INFO - [2026-03-25T11:16:05.144+0000] {dagbag.py:540} INFO - Filling up the DagBag from /home/airflow/.local/lib/python3.12/site-packages/airflow/example_dags/example_branch_operator.py
[2026-03-25T11:16:05.182+0000] {processor.py:840} INFO - DAG(s) 'example_branch_operator' retrieved from /home/airflow/.local/lib/python3.12/site-packages/airflow/example_dags/example_branch_operator.py
[2026-03-25T11:16:05.228+0000] {logging_mixin.py:188} INFO - [2026-03-25T11:16:05.227+0000] {dag.py:3096} INFO - Sync 1 DAGs
[2026-03-25T11:16:05.254+0000] {logging_mixin.py:188} INFO - [2026-03-25T11:16:05.254+0000] {dag.py:3954} INFO - Setting next_dagrun for example_branch_operator to 2026-03-24 00:00:00+00:00, run_after=2026-03-25 00:00:00+00:00
[2026-03-25T11:16:05.300+0000] {processor.py:183} INFO - Processing /home/airflow/.local/lib/python3.12/site-packages/airflow/example_dags/example_branch_operator.py took 0.169 seconds
[2026-03-25T11:16:37.846+0000] {processor.py:161} INFO - Started process (PID=219) to work on /home/airflow/.local/lib/python3.12/site-packages/airflow/example_dags/example_branch_operator.py
[2026-03-25T11:16:37.847+0000] {processor.py:830} INFO - Processing file /home/airflow/.local/lib/python3.12/site-packages/airflow/example_dags/example_branch_operator.py for tasks to queue
[2026-03-25T11:16:37.849+0000] {logging_mixin.py:188} INFO - [2026-03-25T11:16:37.849+0000] {dagbag.py:540} INFO - Filling up the DagBag from /home/airflow/.local/lib/python3.12/site-packages/airflow/example_dags/example_branch_operator.py
[2026-03-25T11:16:37.865+0000] {processor.py:840} INFO - DAG(s) 'example_branch_operator' retrieved from /home/airflow/.local/lib/python3.12/site-packages/airflow/example_dags/example_branch_operator.py
[2026-03-25T11:16:37.896+0000] {logging_mixin.py:188} INFO - [2026-03-25T11:16:37.896+0000] {dag.py:3096} INFO - Sync 1 DAGs
[2026-03-25T11:16:38.043+0000] {logging_mixin.py:188} INFO - [2026-03-25T11:16:38.043+0000] {dag.py:3954} INFO - Setting next_dagrun for example_branch_operator to 2026-03-24 00:00:00+00:00, run_after=2026-03-25 00:00:00+00:00
[2026-03-25T11:16:38.114+0000] {processor.py:183} INFO - Processing /home/airflow/.local/lib/python3.12/site-packages/airflow/example_dags/example_branch_operator.py took 0.273 seconds
[2026-03-25T11:17:11.979+0000] {processor.py:161} INFO - Started process (PID=278) to work on /home/airflow/.local/lib/python3.12/site-packages/airflow/example_dags/example_branch_operator.py
[2026-03-25T11:17:11.985+0000] {processor.py:830} INFO - Processing file /home/airflow/.local/lib/python3.12/site-packages/airflow/example_dags/example_branch_operator.py for tasks to queue
[2026-03-25T11:17:11.993+0000] {logging_mixin.py:188} INFO - [2026-03-25T11:17:11.992+0000] {dagbag.py:540} INFO - Filling up the DagBag from /home/airflow/.local/lib/python3.12/site-packages/airflow/example_dags/example_branch_operator.py
[2026-03-25T11:17:12.082+0000] {processor.py:840} INFO - DAG(s) 'example_branch_operator' retrieved from /home/airflow/.local/lib/python3.12/site-packages/airflow/example_dags/example_branch_operator.py
[2026-03-25T11:17:12.267+0000] {logging_mixin.py:188} INFO - [2026-03-25T11:17:12.266+0000] {dag.py:3096} INFO - Sync 1 DAGs
[2026-03-25T11:17:12.394+0000] {logging_mixin.py:188} INFO - [2026-03-25T11:17:12.393+0000] {dag.py:3954} INFO - Setting next_dagrun for example_branch_operator to 2026-03-24 00:00:00+00:00, run_after=2026-03-25 00:00:00+00:00
[2026-03-25T11:17:12.517+0000] {processor.py:183} INFO - Processing /home/airflow/.local/lib/python3.12/site-packages/airflow/example_dags/example_branch_operator.py took 0.565 seconds
[2026-03-25T11:17:42.762+0000] {processor.py:161} INFO - Started process (PID=337) to work on /home/airflow/.local/lib/python3.12/site-packages/airflow/example_dags/example_branch_operator.py
[2026-03-25T11:17:42.763+0000] {processor.py:830} INFO - Processing file /home/airflow/.local/lib/python3.12/site-packages/airflow/example_dags/example_branch_operator.py for tasks to queue
[2026-03-25T11:17:42.765+0000] {logging_mixin.py:188} INFO - [2026-03-25T11:17:42.765+0000] {dagbag.py:540} INFO - Filling up the DagBag from /home/airflow/.local/lib/python3.12/site-packages/airflow/example_dags/example_branch_operator.py
[2026-03-25T11:17:42.781+0000] {processor.py:840} INFO - DAG(s) 'example_branch_operator' retrieved from /home/airflow/.local/lib/python3.12/site-packages/airflow/example_dags/example_branch_operator.py
[2026-03-25T11:17:42.812+0000] {logging_mixin.py:188} INFO - [2026-03-25T11:17:42.812+0000] {dag.py:3096} INFO - Sync 1 DAGs
[2026-03-25T11:17:42.836+0000] {logging_mixin.py:188} INFO - [2026-03-25T11:17:42.835+0000] {dag.py:3954} INFO - Setting next_dagrun for example_branch_operator to 2026-03-24 00:00:00+00:00, run_after=2026-03-25 00:00:00+00:00
[2026-03-25T11:17:42.887+0000] {processor.py:183} INFO - Processing /home/airflow/.local/lib/python3.12/site-packages/airflow/example_dags/example_branch_operator.py took 0.130 seconds
[2026-03-25T11:18:13.380+0000] {processor.py:161} INFO - Started process (PID=396) to work on /home/airflow/.local/lib/python3.12/site-packages/airflow/example_dags/example_branch_operator.py
[2026-03-25T11:18:13.381+0000] {processor.py:830} INFO - Processing file /home/airflow/.local/lib/python3.12/site-packages/airflow/example_dags/example_branch_operator.py for tasks to queue
[2026-03-25T11:18:13.383+0000] {logging_mixin.py:188} INFO - [2026-03-25T11:18:13.382+0000] {dagbag.py:540} INFO - Filling up the DagBag from /home/airflow/.local/lib/python3.12/site-packages/airflow/example_dags/example_branch_operator.py
[2026-03-25T11:18:13.399+0000] {processor.py:840} INFO - DAG(s) 'example_branch_operator' retrieved from /home/airflow/.local/lib/python3.12/site-packages/airflow/example_dags/example_branch_operator.py
[2026-03-25T11:18:13.428+0000] {logging_mixin.py:188} INFO - [2026-03-25T11:18:13.428+0000] {dag.py:3096} INFO - Sync 1 DAGs
[2026-03-25T11:18:13.449+0000] {logging_mixin.py:188} INFO - [2026-03-25T11:18:13.449+0000] {dag.py:3954} INFO - Setting next_dagrun for example_branch_operator to 2026-03-24 00:00:00+00:00, run_after=2026-03-25 00:00:00+00:00
[2026-03-25T11:18:13.489+0000] {processor.py:183} INFO - Processing /home/airflow/.local/lib/python3.12/site-packages/airflow/example_dags/example_branch_operator.py took 0.115 seconds
[2026-03-25T11:18:46.024+0000] {processor.py:161} INFO - Started process (PID=455) to work on /home/airflow/.local/lib/python3.12/site-packages/airflow/example_dags/example_branch_operator.py
[2026-03-25T11:18:46.026+0000] {processor.py:830} INFO - Processing file /home/airflow/.local/lib/python3.12/site-packages/airflow/example_dags/example_branch_operator.py for tasks to queue
[2026-03-25T11:18:46.028+0000] {logging_mixin.py:188} INFO - [2026-03-25T11:18:46.027+0000] {dagbag.py:540} INFO - Filling up the DagBag from /home/airflow/.local/lib/python3.12/site-packages/airflow/example_dags/example_branch_operator.py
[2026-03-25T11:18:46.044+0000] {processor.py:840} INFO - DAG(s) 'example_branch_operator' retrieved from /home/airflow/.local/lib/python3.12/site-packages/airflow/example_dags/example_branch_operator.py
[2026-03-25T11:18:46.073+0000] {logging_mixin.py:188} INFO - [2026-03-25T11:18:46.073+0000] {dag.py:3096} INFO - Sync 1 DAGs
[2026-03-25T11:18:46.097+0000] {logging_mixin.py:188} INFO - [2026-03-25T11:18:46.096+0000] {dag.py:3954} INFO - Setting next_dagrun for example_branch_operator to 2026-03-24 00:00:00+00:00, run_after=2026-03-25 00:00:00+00:00
[2026-03-25T11:18:46.155+0000] {processor.py:183} INFO - Processing /home/airflow/.local/lib/python3.12/site-packages/airflow/example_dags/example_branch_operator.py took 0.136 seconds
[2026-03-25T11:19:21.705+0000] {processor.py:161} INFO - Started process (PID=514) to work on /home/airflow/.local/lib/python3.12/site-packages/airflow/example_dags/example_branch_operator.py
[2026-03-25T11:19:21.710+0000] {processor.py:830} INFO - Processing file /home/airflow/.local/lib/python3.12/site-packages/airflow/example_dags/example_branch_operator.py for tasks to queue
[2026-03-25T11:19:21.720+0000] {logging_mixin.py:188} INFO - [2026-03-25T11:19:21.719+0000] {dagbag.py:540} INFO - Filling up the DagBag from /home/airflow/.local/lib/python3.12/site-packages/airflow/example_dags/example_branch_operator.py
[2026-03-25T11:19:21.901+0000] {processor.py:840} INFO - DAG(s) 'example_branch_operator' retrieved from /home/airflow/.local/lib/python3.12/site-packages/airflow/example_dags/example_branch_operator.py
[2026-03-25T11:19:22.108+0000] {logging_mixin.py:188} INFO - [2026-03-25T11:19:22.107+0000] {dag.py:3096} INFO - Sync 1 DAGs
[2026-03-25T11:19:22.233+0000] {logging_mixin.py:188} INFO - [2026-03-25T11:19:22.232+0000] {dag.py:3954} INFO - Setting next_dagrun for example_branch_operator to 2026-03-24 00:00:00+00:00, run_after=2026-03-25 00:00:00+00:00
[2026-03-25T11:19:22.358+0000] {processor.py:183} INFO - Processing /home/airflow/.local/lib/python3.12/site-packages/airflow/example_dags/example_branch_operator.py took 0.687 seconds
[2026-03-25T11:19:52.438+0000] {processor.py:161} INFO - Started process (PID=573) to work on /home/airflow/.local/lib/python3.12/site-packages/airflow/example_dags/example_branch_operator.py
[2026-03-25T11:19:52.439+0000] {processor.py:830} INFO - Processing file /home/airflow/.local/lib/python3.12/site-packages/airflow/example_dags/example_branch_operator.py for tasks to queue
[2026-03-25T11:19:52.441+0000] {logging_mixin.py:188} INFO - [2026-03-25T11:19:52.441+0000] {dagbag.py:540} INFO - Filling up the DagBag from /home/airflow/.local/lib/python3.12/site-packages/airflow/example_dags/example_branch_operator.py
[2026-03-25T11:19:52.461+0000] {processor.py:840} INFO - DAG(s) 'example_branch_operator' retrieved from /home/airflow/.local/lib/python3.12/site-packages/airflow/example_dags/example_branch_operator.py
[2026-03-25T11:19:52.501+0000] {logging_mixin.py:188} INFO - [2026-03-25T11:19:52.500+0000] {dag.py:3096} INFO - Sync 1 DAGs
[2026-03-25T11:19:52.531+0000] {logging_mixin.py:188} INFO - [2026-03-25T11:19:52.531+0000] {dag.py:3954} INFO - Setting next_dagrun for example_branch_operator to 2026-03-24 00:00:00+00:00, run_after=2026-03-25 00:00:00+00:00
[2026-03-25T11:19:52.567+0000] {processor.py:183} INFO - Processing /home/airflow/.local/lib/python3.12/site-packages/airflow/example_dags/example_branch_operator.py took 0.136 seconds
[2026-03-25T11:20:24.539+0000] {processor.py:161} INFO - Started process (PID=632) to work on /home/airflow/.local/lib/python3.12/site-packages/airflow/example_dags/example_branch_operator.py
[2026-03-25T11:20:24.540+0000] {processor.py:830} INFO - Processing file /home/airflow/.local/lib/python3.12/site-packages/airflow/example_dags/example_branch_operator.py for tasks to queue
[2026-03-25T11:20:24.542+0000] {logging_mixin.py:188} INFO - [2026-03-25T11:20:24.541+0000] {dagbag.py:540} INFO - Filling up the DagBag from /home/airflow/.local/lib/python3.12/site-packages/airflow/example_dags/example_branch_operator.py
[2026-03-25T11:20:24.559+0000] {processor.py:840} INFO - DAG(s) 'example_branch_operator' retrieved from /home/airflow/.local/lib/python3.12/site-packages/airflow/example_dags/example_branch_operator.py
[2026-03-25T11:20:24.589+0000] {logging_mixin.py:188} INFO - [2026-03-25T11:20:24.588+0000] {dag.py:3096} INFO - Sync 1 DAGs
[2026-03-25T11:20:24.610+0000] {logging_mixin.py:188} INFO - [2026-03-25T11:20:24.610+0000] {dag.py:3954} INFO - Setting next_dagrun for example_branch_operator to 2026-03-24 00:00:00+00:00, run_after=2026-03-25 00:00:00+00:00
[2026-03-25T11:20:24.673+0000] {processor.py:183} INFO - Processing /home/airflow/.local/lib/python3.12/site-packages/airflow/example_dags/example_branch_operator.py took 0.140 seconds
[2026-03-25T11:20:57.045+0000] {processor.py:161} INFO - Started process (PID=691) to work on /home/airflow/.local/lib/python3.12/site-packages/airflow/example_dags/example_branch_operator.py
[2026-03-25T11:20:57.046+0000] {processor.py:830} INFO - Processing file /home/airflow/.local/lib/python3.12/site-packages/airflow/example_dags/example_branch_operator.py for tasks to queue
[2026-03-25T11:20:57.048+0000] {logging_mixin.py:188} INFO - [2026-03-25T11:20:57.048+0000] {dagbag.py:540} INFO - Filling up the DagBag from /home/airflow/.local/lib/python3.12/site-packages/airflow/example_dags/example_branch_operator.py
[2026-03-25T11:20:57.065+0000] {processor.py:840} INFO - DAG(s) 'example_branch_operator' retrieved from /home/airflow/.local/lib/python3.12/site-packages/airflow/example_dags/example_branch_operator.py
[2026-03-25T11:20:57.096+0000] {logging_mixin.py:188} INFO - [2026-03-25T11:20:57.095+0000] {dag.py:3096} INFO - Sync 1 DAGs
[2026-03-25T11:20:57.120+0000] {logging_mixin.py:188} INFO - [2026-03-25T11:20:57.119+0000] {dag.py:3954} INFO - Setting next_dagrun for example_branch_operator to 2026-03-24 00:00:00+00:00, run_after=2026-03-25 00:00:00+00:00
[2026-03-25T11:20:57.164+0000] {processor.py:183} INFO - Processing /home/airflow/.local/lib/python3.12/site-packages/airflow/example_dags/example_branch_operator.py took 0.125 seconds
[2026-03-25T11:21:29.798+0000] {processor.py:161} INFO - Started process (PID=750) to work on /home/airflow/.local/lib/python3.12/site-packages/airflow/example_dags/example_branch_operator.py
[2026-03-25T11:21:29.799+0000] {processor.py:830} INFO - Processing file /home/airflow/.local/lib/python3.12/site-packages/airflow/example_dags/example_branch_operator.py for tasks to queue
[2026-03-25T11:21:29.801+0000] {logging_mixin.py:188} INFO - [2026-03-25T11:21:29.801+0000] {dagbag.py:540} INFO - Filling up the DagBag from /home/airflow/.local/lib/python3.12/site-packages/airflow/example_dags/example_branch_operator.py
[2026-03-25T11:21:29.817+0000] {processor.py:840} INFO - DAG(s) 'example_branch_operator' retrieved from /home/airflow/.local/lib/python3.12/site-packages/airflow/example_dags/example_branch_operator.py
[2026-03-25T11:21:29.848+0000] {logging_mixin.py:188} INFO - [2026-03-25T11:21:29.848+0000] {dag.py:3096} INFO - Sync 1 DAGs
[2026-03-25T11:21:29.872+0000] {logging_mixin.py:188} INFO - [2026-03-25T11:21:29.872+0000] {dag.py:3954} INFO - Setting next_dagrun for example_branch_operator to 2026-03-24 00:00:00+00:00, run_after=2026-03-25 00:00:00+00:00
[2026-03-25T11:21:29.917+0000] {processor.py:183} INFO - Processing /home/airflow/.local/lib/python3.12/site-packages/airflow/example_dags/example_branch_operator.py took 0.125 seconds
[2026-03-25T11:22:03.229+0000] {processor.py:161} INFO - Started process (PID=809) to work on /home/airflow/.local/lib/python3.12/site-packages/airflow/example_dags/example_branch_operator.py
[2026-03-25T11:22:03.230+0000] {processor.py:830} INFO - Processing file /home/airflow/.local/lib/python3.12/site-packages/airflow/example_dags/example_branch_operator.py for tasks to queue
[2026-03-25T11:22:03.233+0000] {logging_mixin.py:188} INFO - [2026-03-25T11:22:03.233+0000] {dagbag.py:540} INFO - Filling up the DagBag from /home/airflow/.local/lib/python3.12/site-packages/airflow/example_dags/example_branch_operator.py
[2026-03-25T11:22:03.253+0000] {processor.py:840} INFO - DAG(s) 'example_branch_operator' retrieved from /home/airflow/.local/lib/python3.12/site-packages/airflow/example_dags/example_branch_operator.py
[2026-03-25T11:22:03.289+0000] {logging_mixin.py:188} INFO - [2026-03-25T11:22:03.288+0000] {dag.py:3096} INFO - Sync 1 DAGs
[2026-03-25T11:22:03.323+0000] {logging_mixin.py:188} INFO - [2026-03-25T11:22:03.323+0000] {dag.py:3954} INFO - Setting next_dagrun for example_branch_operator to 2026-03-24 00:00:00+00:00, run_after=2026-03-25 00:00:00+00:00
[2026-03-25T11:22:03.367+0000] {processor.py:183} INFO - Processing /home/airflow/.local/lib/python3.12/site-packages/airflow/example_dags/example_branch_operator.py took 0.145 seconds
[2026-03-25T11:22:35.206+0000] {processor.py:161} INFO - Started process (PID=868) to work on /home/airflow/.local/lib/python3.12/site-packages/airflow/example_dags/example_branch_operator.py
[2026-03-25T11:22:35.207+0000] {processor.py:830} INFO - Processing file /home/airflow/.local/lib/python3.12/site-packages/airflow/example_dags/example_branch_operator.py for tasks to queue
[2026-03-25T11:22:35.209+0000] {logging_mixin.py:188} INFO - [2026-03-25T11:22:35.208+0000] {dagbag.py:540} INFO - Filling up the DagBag from /home/airflow/.local/lib/python3.12/site-packages/airflow/example_dags/example_branch_operator.py
[2026-03-25T11:22:35.229+0000] {processor.py:840} INFO - DAG(s) 'example_branch_operator' retrieved from /home/airflow/.local/lib/python3.12/site-packages/airflow/example_dags/example_branch_operator.py
[2026-03-25T11:22:35.259+0000] {logging_mixin.py:188} INFO - [2026-03-25T11:22:35.258+0000] {dag.py:3096} INFO - Sync 1 DAGs
[2026-03-25T11:22:35.280+0000] {logging_mixin.py:188} INFO - [2026-03-25T11:22:35.280+0000] {dag.py:3954} INFO - Setting next_dagrun for example_branch_operator to 2026-03-24 00:00:00+00:00, run_after=2026-03-25 00:00:00+00:00
[2026-03-25T11:22:35.315+0000] {processor.py:183} INFO - Processing /home/airflow/.local/lib/python3.12/site-packages/airflow/example_dags/example_branch_operator.py took 0.115 seconds
[2026-03-25T11:23:08.853+0000] {processor.py:161} INFO - Started process (PID=927) to work on /home/airflow/.local/lib/python3.12/site-packages/airflow/example_dags/example_branch_operator.py
[2026-03-25T11:23:08.855+0000] {processor.py:830} INFO - Processing file /home/airflow/.local/lib/python3.12/site-packages/airflow/example_dags/example_branch_operator.py for tasks to queue
[2026-03-25T11:23:08.859+0000] {logging_mixin.py:188} INFO - [2026-03-25T11:23:08.858+0000] {dagbag.py:540} INFO - Filling up the DagBag from /home/airflow/.local/lib/python3.12/site-packages/airflow/example_dags/example_branch_operator.py
[2026-03-25T11:23:08.896+0000] {processor.py:840} INFO - DAG(s) 'example_branch_operator' retrieved from /home/airflow/.local/lib/python3.12/site-packages/airflow/example_dags/example_branch_operator.py
[2026-03-25T11:23:08.948+0000] {logging_mixin.py:188} INFO - [2026-03-25T11:23:08.947+0000] {dag.py:3096} INFO - Sync 1 DAGs
[2026-03-25T11:23:08.993+0000] {logging_mixin.py:188} INFO - [2026-03-25T11:23:08.992+0000] {dag.py:3954} INFO - Setting next_dagrun for example_branch_operator to 2026-03-24 00:00:00+00:00, run_after=2026-03-25 00:00:00+00:00
[2026-03-25T11:23:09.054+0000] {processor.py:183} INFO - Processing /home/airflow/.local/lib/python3.12/site-packages/airflow/example_dags/example_branch_operator.py took 0.219 seconds
[2026-03-25T11:23:41.005+0000] {processor.py:161} INFO - Started process (PID=986) to work on /home/airflow/.local/lib/python3.12/site-packages/airflow/example_dags/example_branch_operator.py
[2026-03-25T11:23:41.006+0000] {processor.py:830} INFO - Processing file /home/airflow/.local/lib/python3.12/site-packages/airflow/example_dags/example_branch_operator.py for tasks to queue
[2026-03-25T11:23:41.008+0000] {logging_mixin.py:188} INFO - [2026-03-25T11:23:41.008+0000] {dagbag.py:540} INFO - Filling up the DagBag from /home/airflow/.local/lib/python3.12/site-packages/airflow/example_dags/example_branch_operator.py
[2026-03-25T11:23:41.036+0000] {processor.py:840} INFO - DAG(s) 'example_branch_operator' retrieved from /home/airflow/.local/lib/python3.12/site-packages/airflow/example_dags/example_branch_operator.py
[2026-03-25T11:23:41.072+0000] {logging_mixin.py:188} INFO - [2026-03-25T11:23:41.072+0000] {dag.py:3096} INFO - Sync 1 DAGs
[2026-03-25T11:23:41.093+0000] {logging_mixin.py:188} INFO - [2026-03-25T11:23:41.093+0000] {dag.py:3954} INFO - Setting next_dagrun for example_branch_operator to 2026-03-24 00:00:00+00:00, run_after=2026-03-25 00:00:00+00:00
[2026-03-25T11:23:41.133+0000] {processor.py:183} INFO - Processing /home/airflow/.local/lib/python3.12/site-packages/airflow/example_dags/example_branch_operator.py took 0.135 seconds
[2026-03-25T11:24:13.114+0000] {processor.py:161} INFO - Started process (PID=1045) to work on /home/airflow/.local/lib/python3.12/site-packages/airflow/example_dags/example_branch_operator.py
[2026-03-25T11:24:13.115+0000] {processor.py:830} INFO - Processing file /home/airflow/.local/lib/python3.12/site-packages/airflow/example_dags/example_branch_operator.py for tasks to queue
[2026-03-25T11:24:13.118+0000] {logging_mixin.py:188} INFO - [2026-03-25T11:24:13.117+0000] {dagbag.py:540} INFO - Filling up the DagBag from /home/airflow/.local/lib/python3.12/site-packages/airflow/example_dags/example_branch_operator.py
[2026-03-25T11:24:13.139+0000] {processor.py:840} INFO - DAG(s) 'example_branch_operator' retrieved from /home/airflow/.local/lib/python3.12/site-packages/airflow/example_dags/example_branch_operator.py
[2026-03-25T11:24:13.172+0000] {logging_mixin.py:188} INFO - [2026-03-25T11:24:13.171+0000] {dag.py:3096} INFO - Sync 1 DAGs
[2026-03-25T11:24:13.197+0000] {logging_mixin.py:188} INFO - [2026-03-25T11:24:13.197+0000] {dag.py:3954} INFO - Setting next_dagrun for example_branch_operator to 2026-03-24 00:00:00+00:00, run_after=2026-03-25 00:00:00+00:00
[2026-03-25T11:24:13.238+0000] {processor.py:183} INFO - Processing /home/airflow/.local/lib/python3.12/site-packages/airflow/example_dags/example_branch_operator.py took 0.132 seconds
[2026-03-25T11:24:47.987+0000] {processor.py:161} INFO - Started process (PID=1105) to work on /home/airflow/.local/lib/python3.12/site-packages/airflow/example_dags/example_branch_operator.py
[2026-03-25T11:24:47.989+0000] {processor.py:830} INFO - Processing file /home/airflow/.local/lib/python3.12/site-packages/airflow/example_dags/example_branch_operator.py for tasks to queue
[2026-03-25T11:24:47.992+0000] {logging_mixin.py:188} INFO - [2026-03-25T11:24:47.992+0000] {dagbag.py:540} INFO - Filling up the DagBag from /home/airflow/.local/lib/python3.12/site-packages/airflow/example_dags/example_branch_operator.py
[2026-03-25T11:24:48.022+0000] {processor.py:840} INFO - DAG(s) 'example_branch_operator' retrieved from /home/airflow/.local/lib/python3.12/site-packages/airflow/example_dags/example_branch_operator.py
[2026-03-25T11:24:48.081+0000] {logging_mixin.py:188} INFO - [2026-03-25T11:24:48.081+0000] {dag.py:3096} INFO - Sync 1 DAGs
[2026-03-25T11:24:48.123+0000] {logging_mixin.py:188} INFO - [2026-03-25T11:24:48.123+0000] {dag.py:3954} INFO - Setting next_dagrun for example_branch_operator to 2026-03-24 00:00:00+00:00, run_after=2026-03-25 00:00:00+00:00
[2026-03-25T11:24:48.175+0000] {processor.py:183} INFO - Processing /home/airflow/.local/lib/python3.12/site-packages/airflow/example_dags/example_branch_operator.py took 0.196 seconds
[2026-03-25T11:25:18.865+0000] {processor.py:161} INFO - Started process (PID=1164) to work on /home/airflow/.local/lib/python3.12/site-packages/airflow/example_dags/example_branch_operator.py
[2026-03-25T11:25:18.866+0000] {processor.py:830} INFO - Processing file /home/airflow/.local/lib/python3.12/site-packages/airflow/example_dags/example_branch_operator.py for tasks to queue
[2026-03-25T11:25:18.868+0000] {logging_mixin.py:188} INFO - [2026-03-25T11:25:18.867+0000] {dagbag.py:540} INFO - Filling up the DagBag from /home/airflow/.local/lib/python3.12/site-packages/airflow/example_dags/example_branch_operator.py
[2026-03-25T11:25:18.886+0000] {processor.py:840} INFO - DAG(s) 'example_branch_operator' retrieved from /home/airflow/.local/lib/python3.12/site-packages/airflow/example_dags/example_branch_operator.py
[2026-03-25T11:25:18.917+0000] {logging_mixin.py:188} INFO - [2026-03-25T11:25:18.917+0000] {dag.py:3096} INFO - Sync 1 DAGs
[2026-03-25T11:25:18.943+0000] {logging_mixin.py:188} INFO - [2026-03-25T11:25:18.943+0000] {dag.py:3954} INFO - Setting next_dagrun for example_branch_operator to 2026-03-24 00:00:00+00:00, run_after=2026-03-25 00:00:00+00:00
[2026-03-25T11:25:18.988+0000] {processor.py:183} INFO - Processing /home/airflow/.local/lib/python3.12/site-packages/airflow/example_dags/example_branch_operator.py took 0.128 seconds
[2026-03-25T11:25:51.833+0000] {processor.py:161} INFO - Started process (PID=1223) to work on /home/airflow/.local/lib/python3.12/site-packages/airflow/example_dags/example_branch_operator.py
[2026-03-25T11:25:51.834+0000] {processor.py:830} INFO - Processing file /home/airflow/.local/lib/python3.12/site-packages/airflow/example_dags/example_branch_operator.py for tasks to queue
[2026-03-25T11:25:51.836+0000] {logging_mixin.py:188} INFO - [2026-03-25T11:25:51.836+0000] {dagbag.py:540} INFO - Filling up the DagBag from /home/airflow/.local/lib/python3.12/site-packages/airflow/example_dags/example_branch_operator.py
[2026-03-25T11:25:51.852+0000] {processor.py:840} INFO - DAG(s) 'example_branch_operator' retrieved from /home/airflow/.local/lib/python3.12/site-packages/airflow/example_dags/example_branch_operator.py
[2026-03-25T11:25:51.884+0000] {logging_mixin.py:188} INFO - [2026-03-25T11:25:51.884+0000] {dag.py:3096} INFO - Sync 1 DAGs
[2026-03-25T11:25:51.908+0000] {logging_mixin.py:188} INFO - [2026-03-25T11:25:51.908+0000] {dag.py:3954} INFO - Setting next_dagrun for example_branch_operator to 2026-03-24 00:00:00+00:00, run_after=2026-03-25 00:00:00+00:00
[2026-03-25T11:25:51.951+0000] {processor.py:183} INFO - Processing /home/airflow/.local/lib/python3.12/site-packages/airflow/example_dags/example_branch_operator.py took 0.124 seconds
[2026-03-25T11:26:24.662+0000] {processor.py:161} INFO - Started process (PID=1283) to work on /home/airflow/.local/lib/python3.12/site-packages/airflow/example_dags/example_branch_operator.py
[2026-03-25T11:26:24.663+0000] {processor.py:830} INFO - Processing file /home/airflow/.local/lib/python3.12/site-packages/airflow/example_dags/example_branch_operator.py for tasks to queue
[2026-03-25T11:26:24.665+0000] {logging_mixin.py:188} INFO - [2026-03-25T11:26:24.665+0000] {dagbag.py:540} INFO - Filling up the DagBag from /home/airflow/.local/lib/python3.12/site-packages/airflow/example_dags/example_branch_operator.py
[2026-03-25T11:26:24.689+0000] {processor.py:840} INFO - DAG(s) 'example_branch_operator' retrieved from /home/airflow/.local/lib/python3.12/site-packages/airflow/example_dags/example_branch_operator.py
[2026-03-25T11:26:24.723+0000] {logging_mixin.py:188} INFO - [2026-03-25T11:26:24.723+0000] {dag.py:3096} INFO - Sync 1 DAGs
[2026-03-25T11:26:24.751+0000] {logging_mixin.py:188} INFO - [2026-03-25T11:26:24.751+0000] {dag.py:3954} INFO - Setting next_dagrun for example_branch_operator to 2026-03-24 00:00:00+00:00, run_after=2026-03-25 00:00:00+00:00
[2026-03-25T11:26:24.800+0000] {processor.py:183} INFO - Processing /home/airflow/.local/lib/python3.12/site-packages/airflow/example_dags/example_branch_operator.py took 0.144 seconds
[2026-03-25T11:26:57.609+0000] {processor.py:161} INFO - Started process (PID=1342) to work on /home/airflow/.local/lib/python3.12/site-packages/airflow/example_dags/example_branch_operator.py
[2026-03-25T11:26:57.610+0000] {processor.py:830} INFO - Processing file /home/airflow/.local/lib/python3.12/site-packages/airflow/example_dags/example_branch_operator.py for tasks to queue
[2026-03-25T11:26:57.612+0000] {logging_mixin.py:188} INFO - [2026-03-25T11:26:57.612+0000] {dagbag.py:540} INFO - Filling up the DagBag from /home/airflow/.local/lib/python3.12/site-packages/airflow/example_dags/example_branch_operator.py
[2026-03-25T11:26:57.630+0000] {processor.py:840} INFO - DAG(s) 'example_branch_operator' retrieved from /home/airflow/.local/lib/python3.12/site-packages/airflow/example_dags/example_branch_operator.py
[2026-03-25T11:26:57.666+0000] {logging_mixin.py:188} INFO - [2026-03-25T11:26:57.665+0000] {dag.py:3096} INFO - Sync 1 DAGs
[2026-03-25T11:26:57.694+0000] {logging_mixin.py:188} INFO - [2026-03-25T11:26:57.694+0000] {dag.py:3954} INFO - Setting next_dagrun for example_branch_operator to 2026-03-24 00:00:00+00:00, run_after=2026-03-25 00:00:00+00:00
[2026-03-25T11:26:57.747+0000] {processor.py:183} INFO - Processing /home/airflow/.local/lib/python3.12/site-packages/airflow/example_dags/example_branch_operator.py took 0.144 seconds
[2026-03-25T11:27:33.149+0000] {processor.py:161} INFO - Started process (PID=1413) to work on /home/airflow/.local/lib/python3.12/site-packages/airflow/example_dags/example_branch_operator.py
[2026-03-25T11:27:33.151+0000] {processor.py:830} INFO - Processing file /home/airflow/.local/lib/python3.12/site-packages/airflow/example_dags/example_branch_operator.py for tasks to queue
[2026-03-25T11:27:33.155+0000] {logging_mixin.py:188} INFO - [2026-03-25T11:27:33.154+0000] {dagbag.py:540} INFO - Filling up the DagBag from /home/airflow/.local/lib/python3.12/site-packages/airflow/example_dags/example_branch_operator.py
[2026-03-25T11:27:33.191+0000] {processor.py:840} INFO - DAG(s) 'example_branch_operator' retrieved from /home/airflow/.local/lib/python3.12/site-packages/airflow/example_dags/example_branch_operator.py
[2026-03-25T11:27:33.231+0000] {logging_mixin.py:188} INFO - [2026-03-25T11:27:33.230+0000] {dag.py:3096} INFO - Sync 1 DAGs
[2026-03-25T11:27:33.281+0000] {logging_mixin.py:188} INFO - [2026-03-25T11:27:33.281+0000] {dag.py:3954} INFO - Setting next_dagrun for example_branch_operator to 2026-03-24 00:00:00+00:00, run_after=2026-03-25 00:00:00+00:00
[2026-03-25T11:27:33.346+0000] {processor.py:183} INFO - Processing /home/airflow/.local/lib/python3.12/site-packages/airflow/example_dags/example_branch_operator.py took 0.208 seconds
[2026-03-25T11:28:03.864+0000] {processor.py:161} INFO - Started process (PID=1472) to work on /home/airflow/.local/lib/python3.12/site-packages/airflow/example_dags/example_branch_operator.py
[2026-03-25T11:28:03.865+0000] {processor.py:830} INFO - Processing file /home/airflow/.local/lib/python3.12/site-packages/airflow/example_dags/example_branch_operator.py for tasks to queue
[2026-03-25T11:28:03.867+0000] {logging_mixin.py:188} INFO - [2026-03-25T11:28:03.866+0000] {dagbag.py:540} INFO - Filling up the DagBag from /home/airflow/.local/lib/python3.12/site-packages/airflow/example_dags/example_branch_operator.py
[2026-03-25T11:28:03.884+0000] {processor.py:840} INFO - DAG(s) 'example_branch_operator' retrieved from /home/airflow/.local/lib/python3.12/site-packages/airflow/example_dags/example_branch_operator.py
[2026-03-25T11:28:03.915+0000] {logging_mixin.py:188} INFO - [2026-03-25T11:28:03.915+0000] {dag.py:3096} INFO - Sync 1 DAGs
[2026-03-25T11:28:03.937+0000] {logging_mixin.py:188} INFO - [2026-03-25T11:28:03.936+0000] {dag.py:3954} INFO - Setting next_dagrun for example_branch_operator to 2026-03-24 00:00:00+00:00, run_after=2026-03-25 00:00:00+00:00
[2026-03-25T11:28:03.984+0000] {processor.py:183} INFO - Processing /home/airflow/.local/lib/python3.12/site-packages/airflow/example_dags/example_branch_operator.py took 0.126 seconds
[2026-03-25T11:28:38.621+0000] {processor.py:161} INFO - Started process (PID=1531) to work on /home/airflow/.local/lib/python3.12/site-packages/airflow/example_dags/example_branch_operator.py
[2026-03-25T11:28:38.622+0000] {processor.py:830} INFO - Processing file /home/airflow/.local/lib/python3.12/site-packages/airflow/example_dags/example_branch_operator.py for tasks to queue
[2026-03-25T11:28:38.624+0000] {logging_mixin.py:188} INFO - [2026-03-25T11:28:38.624+0000] {dagbag.py:540} INFO - Filling up the DagBag from /home/airflow/.local/lib/python3.12/site-packages/airflow/example_dags/example_branch_operator.py
[2026-03-25T11:28:38.642+0000] {processor.py:840} INFO - DAG(s) 'example_branch_operator' retrieved from /home/airflow/.local/lib/python3.12/site-packages/airflow/example_dags/example_branch_operator.py
[2026-03-25T11:28:38.671+0000] {logging_mixin.py:188} INFO - [2026-03-25T11:28:38.671+0000] {dag.py:3096} INFO - Sync 1 DAGs
[2026-03-25T11:28:38.692+0000] {logging_mixin.py:188} INFO - [2026-03-25T11:28:38.692+0000] {dag.py:3954} INFO - Setting next_dagrun for example_branch_operator to 2026-03-24 00:00:00+00:00, run_after=2026-03-25 00:00:00+00:00
[2026-03-25T11:28:38.771+0000] {processor.py:183} INFO - Processing /home/airflow/.local/lib/python3.12/site-packages/airflow/example_dags/example_branch_operator.py took 0.157 seconds
[2026-03-25T11:29:11.113+0000] {processor.py:161} INFO - Started process (PID=1590) to work on /home/airflow/.local/lib/python3.12/site-packages/airflow/example_dags/example_branch_operator.py
[2026-03-25T11:29:11.114+0000] {processor.py:830} INFO - Processing file /home/airflow/.local/lib/python3.12/site-packages/airflow/example_dags/example_branch_operator.py for tasks to queue
[2026-03-25T11:29:11.116+0000] {logging_mixin.py:188} INFO - [2026-03-25T11:29:11.116+0000] {dagbag.py:540} INFO - Filling up the DagBag from /home/airflow/.local/lib/python3.12/site-packages/airflow/example_dags/example_branch_operator.py
[2026-03-25T11:29:11.137+0000] {processor.py:840} INFO - DAG(s) 'example_branch_operator' retrieved from /home/airflow/.local/lib/python3.12/site-packages/airflow/example_dags/example_branch_operator.py
[2026-03-25T11:29:11.182+0000] {logging_mixin.py:188} INFO - [2026-03-25T11:29:11.182+0000] {dag.py:3096} INFO - Sync 1 DAGs
[2026-03-25T11:29:11.222+0000] {logging_mixin.py:188} INFO - [2026-03-25T11:29:11.222+0000] {dag.py:3954} INFO - Setting next_dagrun for example_branch_operator to 2026-03-24 00:00:00+00:00, run_after=2026-03-25 00:00:00+00:00
[2026-03-25T11:29:11.274+0000] {processor.py:183} INFO - Processing /home/airflow/.local/lib/python3.12/site-packages/airflow/example_dags/example_branch_operator.py took 0.167 seconds
[2026-03-25T11:29:41.859+0000] {processor.py:161} INFO - Started process (PID=1649) to work on /home/airflow/.local/lib/python3.12/site-packages/airflow/example_dags/example_branch_operator.py
[2026-03-25T11:29:41.860+0000] {processor.py:830} INFO - Processing file /home/airflow/.local/lib/python3.12/site-packages/airflow/example_dags/example_branch_operator.py for tasks to queue
[2026-03-25T11:29:41.863+0000] {logging_mixin.py:188} INFO - [2026-03-25T11:29:41.862+0000] {dagbag.py:540} INFO - Filling up the DagBag from /home/airflow/.local/lib/python3.12/site-packages/airflow/example_dags/example_branch_operator.py
[2026-03-25T11:29:41.898+0000] {processor.py:840} INFO - DAG(s) 'example_branch_operator' retrieved from /home/airflow/.local/lib/python3.12/site-packages/airflow/example_dags/example_branch_operator.py
[2026-03-25T11:29:41.958+0000] {logging_mixin.py:188} INFO - [2026-03-25T11:29:41.958+0000] {dag.py:3096} INFO - Sync 1 DAGs
[2026-03-25T11:29:42.028+0000] {logging_mixin.py:188} INFO - [2026-03-25T11:29:42.028+0000] {dag.py:3954} INFO - Setting next_dagrun for example_branch_operator to 2026-03-24 00:00:00+00:00, run_after=2026-03-25 00:00:00+00:00
[2026-03-25T11:29:42.113+0000] {processor.py:183} INFO - Processing /home/airflow/.local/lib/python3.12/site-packages/airflow/example_dags/example_branch_operator.py took 0.267 seconds
[2026-03-25T11:30:13.732+0000] {processor.py:161} INFO - Started process (PID=1708) to work on /home/airflow/.local/lib/python3.12/site-packages/airflow/example_dags/example_branch_operator.py
[2026-03-25T11:30:13.734+0000] {processor.py:830} INFO - Processing file /home/airflow/.local/lib/python3.12/site-packages/airflow/example_dags/example_branch_operator.py for tasks to queue
[2026-03-25T11:30:13.737+0000] {logging_mixin.py:188} INFO - [2026-03-25T11:30:13.736+0000] {dagbag.py:540} INFO - Filling up the DagBag from /home/airflow/.local/lib/python3.12/site-packages/airflow/example_dags/example_branch_operator.py
[2026-03-25T11:30:13.766+0000] {processor.py:840} INFO - DAG(s) 'example_branch_operator' retrieved from /home/airflow/.local/lib/python3.12/site-packages/airflow/example_dags/example_branch_operator.py
[2026-03-25T11:30:13.822+0000] {logging_mixin.py:188} INFO - [2026-03-25T11:30:13.822+0000] {dag.py:3096} INFO - Sync 1 DAGs
[2026-03-25T11:30:13.853+0000] {logging_mixin.py:188} INFO - [2026-03-25T11:30:13.853+0000] {dag.py:3954} INFO - Setting next_dagrun for example_branch_operator to 2026-03-24 00:00:00+00:00, run_after=2026-03-25 00:00:00+00:00
[2026-03-25T11:30:13.923+0000] {processor.py:183} INFO - Processing /home/airflow/.local/lib/python3.12/site-packages/airflow/example_dags/example_branch_operator.py took 0.199 seconds
[2026-03-25T11:30:44.642+0000] {processor.py:161} INFO - Started process (PID=1767) to work on /home/airflow/.local/lib/python3.12/site-packages/airflow/example_dags/example_branch_operator.py
[2026-03-25T11:30:44.644+0000] {processor.py:830} INFO - Processing file /home/airflow/.local/lib/python3.12/site-packages/airflow/example_dags/example_branch_operator.py for tasks to queue
[2026-03-25T11:30:44.645+0000] {logging_mixin.py:188} INFO - [2026-03-25T11:30:44.645+0000] {dagbag.py:540} INFO - Filling up the DagBag from /home/airflow/.local/lib/python3.12/site-packages/airflow/example_dags/example_branch_operator.py
[2026-03-25T11:30:44.662+0000] {processor.py:840} INFO - DAG(s) 'example_branch_operator' retrieved from /home/airflow/.local/lib/python3.12/site-packages/airflow/example_dags/example_branch_operator.py
[2026-03-25T11:30:44.693+0000] {logging_mixin.py:188} INFO - [2026-03-25T11:30:44.693+0000] {dag.py:3096} INFO - Sync 1 DAGs
[2026-03-25T11:30:44.718+0000] {logging_mixin.py:188} INFO - [2026-03-25T11:30:44.718+0000] {dag.py:3954} INFO - Setting next_dagrun for example_branch_operator to 2026-03-24 00:00:00+00:00, run_after=2026-03-25 00:00:00+00:00
[2026-03-25T11:30:44.766+0000] {processor.py:183} INFO - Processing /home/airflow/.local/lib/python3.12/site-packages/airflow/example_dags/example_branch_operator.py took 0.130 seconds
[2026-03-25T11:31:16.842+0000] {processor.py:161} INFO - Started process (PID=1820) to work on /home/airflow/.local/lib/python3.12/site-packages/airflow/example_dags/example_branch_operator.py
[2026-03-25T11:31:16.843+0000] {processor.py:830} INFO - Processing file /home/airflow/.local/lib/python3.12/site-packages/airflow/example_dags/example_branch_operator.py for tasks to queue
[2026-03-25T11:31:16.845+0000] {logging_mixin.py:188} INFO - [2026-03-25T11:31:16.845+0000] {dagbag.py:540} INFO - Filling up the DagBag from /home/airflow/.local/lib/python3.12/site-packages/airflow/example_dags/example_branch_operator.py
[2026-03-25T11:31:16.865+0000] {processor.py:840} INFO - DAG(s) 'example_branch_operator' retrieved from /home/airflow/.local/lib/python3.12/site-packages/airflow/example_dags/example_branch_operator.py
[2026-03-25T11:31:16.902+0000] {logging_mixin.py:188} INFO - [2026-03-25T11:31:16.902+0000] {dag.py:3096} INFO - Sync 1 DAGs
[2026-03-25T11:31:16.928+0000] {logging_mixin.py:188} INFO - [2026-03-25T11:31:16.928+0000] {dag.py:3954} INFO - Setting next_dagrun for example_branch_operator to 2026-03-24 00:00:00+00:00, run_after=2026-03-25 00:00:00+00:00
[2026-03-25T11:31:16.973+0000] {processor.py:183} INFO - Processing /home/airflow/.local/lib/python3.12/site-packages/airflow/example_dags/example_branch_operator.py took 0.139 seconds
[2026-03-25T11:31:50.085+0000] {processor.py:161} INFO - Started process (PID=1885) to work on /home/airflow/.local/lib/python3.12/site-packages/airflow/example_dags/example_branch_operator.py
[2026-03-25T11:31:50.086+0000] {processor.py:830} INFO - Processing file /home/airflow/.local/lib/python3.12/site-packages/airflow/example_dags/example_branch_operator.py for tasks to queue
[2026-03-25T11:31:50.088+0000] {logging_mixin.py:188} INFO - [2026-03-25T11:31:50.087+0000] {dagbag.py:540} INFO - Filling up the DagBag from /home/airflow/.local/lib/python3.12/site-packages/airflow/example_dags/example_branch_operator.py
[2026-03-25T11:31:50.104+0000] {processor.py:840} INFO - DAG(s) 'example_branch_operator' retrieved from /home/airflow/.local/lib/python3.12/site-packages/airflow/example_dags/example_branch_operator.py
[2026-03-25T11:31:50.135+0000] {logging_mixin.py:188} INFO - [2026-03-25T11:31:50.134+0000] {dag.py:3096} INFO - Sync 1 DAGs
[2026-03-25T11:31:50.157+0000] {logging_mixin.py:188} INFO - [2026-03-25T11:31:50.156+0000] {dag.py:3954} INFO - Setting next_dagrun for example_branch_operator to 2026-03-24 00:00:00+00:00, run_after=2026-03-25 00:00:00+00:00
[2026-03-25T11:31:50.195+0000] {processor.py:183} INFO - Processing /home/airflow/.local/lib/python3.12/site-packages/airflow/example_dags/example_branch_operator.py took 0.116 seconds
[2026-03-25T11:32:22.847+0000] {processor.py:161} INFO - Started process (PID=1944) to work on /home/airflow/.local/lib/python3.12/site-packages/airflow/example_dags/example_branch_operator.py
[2026-03-25T11:32:22.848+0000] {processor.py:830} INFO - Processing file /home/airflow/.local/lib/python3.12/site-packages/airflow/example_dags/example_branch_operator.py for tasks to queue
[2026-03-25T11:32:22.850+0000] {logging_mixin.py:188} INFO - [2026-03-25T11:32:22.850+0000] {dagbag.py:540} INFO - Filling up the DagBag from /home/airflow/.local/lib/python3.12/site-packages/airflow/example_dags/example_branch_operator.py
[2026-03-25T11:32:22.880+0000] {processor.py:840} INFO - DAG(s) 'example_branch_operator' retrieved from /home/airflow/.local/lib/python3.12/site-packages/airflow/example_dags/example_branch_operator.py
[2026-03-25T11:32:22.920+0000] {logging_mixin.py:188} INFO - [2026-03-25T11:32:22.920+0000] {dag.py:3096} INFO - Sync 1 DAGs
[2026-03-25T11:32:22.955+0000] {logging_mixin.py:188} INFO - [2026-03-25T11:32:22.955+0000] {dag.py:3954} INFO - Setting next_dagrun for example_branch_operator to 2026-03-24 00:00:00+00:00, run_after=2026-03-25 00:00:00+00:00
[2026-03-25T11:32:23.105+0000] {processor.py:183} INFO - Processing /home/airflow/.local/lib/python3.12/site-packages/airflow/example_dags/example_branch_operator.py took 0.265 seconds
[2026-03-25T11:34:41.520+0000] {processor.py:161} INFO - Started process (PID=106) to work on /home/airflow/.local/lib/python3.12/site-packages/airflow/example_dags/example_branch_operator.py
[2026-03-25T11:34:41.521+0000] {processor.py:830} INFO - Processing file /home/airflow/.local/lib/python3.12/site-packages/airflow/example_dags/example_branch_operator.py for tasks to queue
[2026-03-25T11:34:41.523+0000] {logging_mixin.py:188} INFO - [2026-03-25T11:34:41.523+0000] {dagbag.py:540} INFO - Filling up the DagBag from /home/airflow/.local/lib/python3.12/site-packages/airflow/example_dags/example_branch_operator.py
[2026-03-25T11:34:41.542+0000] {processor.py:840} INFO - DAG(s) 'example_branch_operator' retrieved from /home/airflow/.local/lib/python3.12/site-packages/airflow/example_dags/example_branch_operator.py
[2026-03-25T11:34:41.693+0000] {logging_mixin.py:188} INFO - [2026-03-25T11:34:41.693+0000] {dag.py:3096} INFO - Sync 1 DAGs
[2026-03-25T11:34:41.724+0000] {logging_mixin.py:188} INFO - [2026-03-25T11:34:41.724+0000] {dag.py:3954} INFO - Setting next_dagrun for example_branch_operator to 2026-03-24 00:00:00+00:00, run_after=2026-03-25 00:00:00+00:00
[2026-03-25T11:34:41.778+0000] {processor.py:183} INFO - Processing /home/airflow/.local/lib/python3.12/site-packages/airflow/example_dags/example_branch_operator.py took 0.264 seconds
[2026-03-25T11:35:11.867+0000] {processor.py:161} INFO - Started process (PID=165) to work on /home/airflow/.local/lib/python3.12/site-packages/airflow/example_dags/example_branch_operator.py
[2026-03-25T11:35:11.869+0000] {processor.py:830} INFO - Processing file /home/airflow/.local/lib/python3.12/site-packages/airflow/example_dags/example_branch_operator.py for tasks to queue
[2026-03-25T11:35:11.871+0000] {logging_mixin.py:188} INFO - [2026-03-25T11:35:11.871+0000] {dagbag.py:540} INFO - Filling up the DagBag from /home/airflow/.local/lib/python3.12/site-packages/airflow/example_dags/example_branch_operator.py
[2026-03-25T11:35:11.888+0000] {processor.py:840} INFO - DAG(s) 'example_branch_operator' retrieved from /home/airflow/.local/lib/python3.12/site-packages/airflow/example_dags/example_branch_operator.py
[2026-03-25T11:35:11.919+0000] {logging_mixin.py:188} INFO - [2026-03-25T11:35:11.919+0000] {dag.py:3096} INFO - Sync 1 DAGs
[2026-03-25T11:35:11.943+0000] {logging_mixin.py:188} INFO - [2026-03-25T11:35:11.942+0000] {dag.py:3954} INFO - Setting next_dagrun for example_branch_operator to 2026-03-24 00:00:00+00:00, run_after=2026-03-25 00:00:00+00:00
[2026-03-25T11:35:11.983+0000] {processor.py:183} INFO - Processing /home/airflow/.local/lib/python3.12/site-packages/airflow/example_dags/example_branch_operator.py took 0.124 seconds
[2026-03-25T11:35:42.513+0000] {processor.py:161} INFO - Started process (PID=225) to work on /home/airflow/.local/lib/python3.12/site-packages/airflow/example_dags/example_branch_operator.py
[2026-03-25T11:35:42.514+0000] {processor.py:830} INFO - Processing file /home/airflow/.local/lib/python3.12/site-packages/airflow/example_dags/example_branch_operator.py for tasks to queue
[2026-03-25T11:35:42.516+0000] {logging_mixin.py:188} INFO - [2026-03-25T11:35:42.516+0000] {dagbag.py:540} INFO - Filling up the DagBag from /home/airflow/.local/lib/python3.12/site-packages/airflow/example_dags/example_branch_operator.py
[2026-03-25T11:35:42.534+0000] {processor.py:840} INFO - DAG(s) 'example_branch_operator' retrieved from /home/airflow/.local/lib/python3.12/site-packages/airflow/example_dags/example_branch_operator.py
[2026-03-25T11:35:42.563+0000] {logging_mixin.py:188} INFO - [2026-03-25T11:35:42.562+0000] {dag.py:3096} INFO - Sync 1 DAGs
[2026-03-25T11:35:42.699+0000] {logging_mixin.py:188} INFO - [2026-03-25T11:35:42.698+0000] {dag.py:3954} INFO - Setting next_dagrun for example_branch_operator to 2026-03-24 00:00:00+00:00, run_after=2026-03-25 00:00:00+00:00
[2026-03-25T11:35:42.739+0000] {processor.py:183} INFO - Processing /home/airflow/.local/lib/python3.12/site-packages/airflow/example_dags/example_branch_operator.py took 0.231 seconds
[2026-03-25T11:36:15.171+0000] {processor.py:161} INFO - Started process (PID=284) to work on /home/airflow/.local/lib/python3.12/site-packages/airflow/example_dags/example_branch_operator.py
[2026-03-25T11:36:15.173+0000] {processor.py:830} INFO - Processing file /home/airflow/.local/lib/python3.12/site-packages/airflow/example_dags/example_branch_operator.py for tasks to queue
[2026-03-25T11:36:15.175+0000] {logging_mixin.py:188} INFO - [2026-03-25T11:36:15.174+0000] {dagbag.py:540} INFO - Filling up the DagBag from /home/airflow/.local/lib/python3.12/site-packages/airflow/example_dags/example_branch_operator.py
[2026-03-25T11:36:15.194+0000] {processor.py:840} INFO - DAG(s) 'example_branch_operator' retrieved from /home/airflow/.local/lib/python3.12/site-packages/airflow/example_dags/example_branch_operator.py
[2026-03-25T11:36:15.230+0000] {logging_mixin.py:188} INFO - [2026-03-25T11:36:15.230+0000] {dag.py:3096} INFO - Sync 1 DAGs
[2026-03-25T11:36:15.257+0000] {logging_mixin.py:188} INFO - [2026-03-25T11:36:15.257+0000] {dag.py:3954} INFO - Setting next_dagrun for example_branch_operator to 2026-03-24 00:00:00+00:00, run_after=2026-03-25 00:00:00+00:00
[2026-03-25T11:36:15.354+0000] {processor.py:183} INFO - Processing /home/airflow/.local/lib/python3.12/site-packages/airflow/example_dags/example_branch_operator.py took 0.189 seconds
[2026-03-25T11:36:48.446+0000] {processor.py:161} INFO - Started process (PID=343) to work on /home/airflow/.local/lib/python3.12/site-packages/airflow/example_dags/example_branch_operator.py
[2026-03-25T11:36:48.448+0000] {processor.py:830} INFO - Processing file /home/airflow/.local/lib/python3.12/site-packages/airflow/example_dags/example_branch_operator.py for tasks to queue
[2026-03-25T11:36:48.451+0000] {logging_mixin.py:188} INFO - [2026-03-25T11:36:48.451+0000] {dagbag.py:540} INFO - Filling up the DagBag from /home/airflow/.local/lib/python3.12/site-packages/airflow/example_dags/example_branch_operator.py
[2026-03-25T11:36:48.483+0000] {processor.py:840} INFO - DAG(s) 'example_branch_operator' retrieved from /home/airflow/.local/lib/python3.12/site-packages/airflow/example_dags/example_branch_operator.py
[2026-03-25T11:36:48.536+0000] {logging_mixin.py:188} INFO - [2026-03-25T11:36:48.536+0000] {dag.py:3096} INFO - Sync 1 DAGs
[2026-03-25T11:36:48.580+0000] {logging_mixin.py:188} INFO - [2026-03-25T11:36:48.579+0000] {dag.py:3954} INFO - Setting next_dagrun for example_branch_operator to 2026-03-24 00:00:00+00:00, run_after=2026-03-25 00:00:00+00:00
[2026-03-25T11:36:48.637+0000] {processor.py:183} INFO - Processing /home/airflow/.local/lib/python3.12/site-packages/airflow/example_dags/example_branch_operator.py took 0.199 seconds
[2026-03-25T11:37:20.470+0000] {processor.py:161} INFO - Started process (PID=402) to work on /home/airflow/.local/lib/python3.12/site-packages/airflow/example_dags/example_branch_operator.py
[2026-03-25T11:37:20.472+0000] {processor.py:830} INFO - Processing file /home/airflow/.local/lib/python3.12/site-packages/airflow/example_dags/example_branch_operator.py for tasks to queue
[2026-03-25T11:37:20.478+0000] {logging_mixin.py:188} INFO - [2026-03-25T11:37:20.476+0000] {dagbag.py:540} INFO - Filling up the DagBag from /home/airflow/.local/lib/python3.12/site-packages/airflow/example_dags/example_branch_operator.py
[2026-03-25T11:37:20.529+0000] {processor.py:840} INFO - DAG(s) 'example_branch_operator' retrieved from /home/airflow/.local/lib/python3.12/site-packages/airflow/example_dags/example_branch_operator.py
[2026-03-25T11:37:20.617+0000] {logging_mixin.py:188} INFO - [2026-03-25T11:37:20.616+0000] {dag.py:3096} INFO - Sync 1 DAGs
[2026-03-25T11:37:20.700+0000] {logging_mixin.py:188} INFO - [2026-03-25T11:37:20.699+0000] {dag.py:3954} INFO - Setting next_dagrun for example_branch_operator to 2026-03-24 00:00:00+00:00, run_after=2026-03-25 00:00:00+00:00
[2026-03-25T11:37:20.809+0000] {processor.py:183} INFO - Processing /home/airflow/.local/lib/python3.12/site-packages/airflow/example_dags/example_branch_operator.py took 0.354 seconds
[2026-03-25T11:37:52.306+0000] {processor.py:161} INFO - Started process (PID=461) to work on /home/airflow/.local/lib/python3.12/site-packages/airflow/example_dags/example_branch_operator.py
[2026-03-25T11:37:52.307+0000] {processor.py:830} INFO - Processing file /home/airflow/.local/lib/python3.12/site-packages/airflow/example_dags/example_branch_operator.py for tasks to queue
[2026-03-25T11:37:52.309+0000] {logging_mixin.py:188} INFO - [2026-03-25T11:37:52.308+0000] {dagbag.py:540} INFO - Filling up the DagBag from /home/airflow/.local/lib/python3.12/site-packages/airflow/example_dags/example_branch_operator.py
[2026-03-25T11:37:52.328+0000] {processor.py:840} INFO - DAG(s) 'example_branch_operator' retrieved from /home/airflow/.local/lib/python3.12/site-packages/airflow/example_dags/example_branch_operator.py
[2026-03-25T11:37:52.362+0000] {logging_mixin.py:188} INFO - [2026-03-25T11:37:52.362+0000] {dag.py:3096} INFO - Sync 1 DAGs
[2026-03-25T11:37:52.383+0000] {logging_mixin.py:188} INFO - [2026-03-25T11:37:52.383+0000] {dag.py:3954} INFO - Setting next_dagrun for example_branch_operator to 2026-03-24 00:00:00+00:00, run_after=2026-03-25 00:00:00+00:00
[2026-03-25T11:37:52.420+0000] {processor.py:183} INFO - Processing /home/airflow/.local/lib/python3.12/site-packages/airflow/example_dags/example_branch_operator.py took 0.120 seconds
[2026-03-25T11:38:24.423+0000] {processor.py:161} INFO - Started process (PID=520) to work on /home/airflow/.local/lib/python3.12/site-packages/airflow/example_dags/example_branch_operator.py
[2026-03-25T11:38:24.425+0000] {processor.py:830} INFO - Processing file /home/airflow/.local/lib/python3.12/site-packages/airflow/example_dags/example_branch_operator.py for tasks to queue
[2026-03-25T11:38:24.428+0000] {logging_mixin.py:188} INFO - [2026-03-25T11:38:24.428+0000] {dagbag.py:540} INFO - Filling up the DagBag from /home/airflow/.local/lib/python3.12/site-packages/airflow/example_dags/example_branch_operator.py
[2026-03-25T11:38:24.451+0000] {processor.py:840} INFO - DAG(s) 'example_branch_operator' retrieved from /home/airflow/.local/lib/python3.12/site-packages/airflow/example_dags/example_branch_operator.py
[2026-03-25T11:38:24.487+0000] {logging_mixin.py:188} INFO - [2026-03-25T11:38:24.487+0000] {dag.py:3096} INFO - Sync 1 DAGs
[2026-03-25T11:38:24.517+0000] {logging_mixin.py:188} INFO - [2026-03-25T11:38:24.517+0000] {dag.py:3954} INFO - Setting next_dagrun for example_branch_operator to 2026-03-24 00:00:00+00:00, run_after=2026-03-25 00:00:00+00:00
[2026-03-25T11:38:24.559+0000] {processor.py:183} INFO - Processing /home/airflow/.local/lib/python3.12/site-packages/airflow/example_dags/example_branch_operator.py took 0.144 seconds
[2026-03-25T11:38:57.094+0000] {processor.py:161} INFO - Started process (PID=573) to work on /home/airflow/.local/lib/python3.12/site-packages/airflow/example_dags/example_branch_operator.py
[2026-03-25T11:38:57.095+0000] {processor.py:830} INFO - Processing file /home/airflow/.local/lib/python3.12/site-packages/airflow/example_dags/example_branch_operator.py for tasks to queue
[2026-03-25T11:38:57.097+0000] {logging_mixin.py:188} INFO - [2026-03-25T11:38:57.097+0000] {dagbag.py:540} INFO - Filling up the DagBag from /home/airflow/.local/lib/python3.12/site-packages/airflow/example_dags/example_branch_operator.py
[2026-03-25T11:38:57.121+0000] {processor.py:840} INFO - DAG(s) 'example_branch_operator' retrieved from /home/airflow/.local/lib/python3.12/site-packages/airflow/example_dags/example_branch_operator.py
[2026-03-25T11:38:57.159+0000] {logging_mixin.py:188} INFO - [2026-03-25T11:38:57.159+0000] {dag.py:3096} INFO - Sync 1 DAGs
[2026-03-25T11:38:57.182+0000] {logging_mixin.py:188} INFO - [2026-03-25T11:38:57.181+0000] {dag.py:3954} INFO - Setting next_dagrun for example_branch_operator to 2026-03-24 00:00:00+00:00, run_after=2026-03-25 00:00:00+00:00
[2026-03-25T11:38:57.227+0000] {processor.py:183} INFO - Processing /home/airflow/.local/lib/python3.12/site-packages/airflow/example_dags/example_branch_operator.py took 0.139 seconds
[2026-03-25T11:39:29.796+0000] {processor.py:161} INFO - Started process (PID=632) to work on /home/airflow/.local/lib/python3.12/site-packages/airflow/example_dags/example_branch_operator.py
[2026-03-25T11:39:29.797+0000] {processor.py:830} INFO - Processing file /home/airflow/.local/lib/python3.12/site-packages/airflow/example_dags/example_branch_operator.py for tasks to queue
[2026-03-25T11:39:29.799+0000] {logging_mixin.py:188} INFO - [2026-03-25T11:39:29.798+0000] {dagbag.py:540} INFO - Filling up the DagBag from /home/airflow/.local/lib/python3.12/site-packages/airflow/example_dags/example_branch_operator.py
[2026-03-25T11:39:29.819+0000] {processor.py:840} INFO - DAG(s) 'example_branch_operator' retrieved from /home/airflow/.local/lib/python3.12/site-packages/airflow/example_dags/example_branch_operator.py
[2026-03-25T11:39:29.851+0000] {logging_mixin.py:188} INFO - [2026-03-25T11:39:29.851+0000] {dag.py:3096} INFO - Sync 1 DAGs
[2026-03-25T11:39:29.876+0000] {logging_mixin.py:188} INFO - [2026-03-25T11:39:29.876+0000] {dag.py:3954} INFO - Setting next_dagrun for example_branch_operator to 2026-03-24 00:00:00+00:00, run_after=2026-03-25 00:00:00+00:00
[2026-03-25T11:39:29.929+0000] {processor.py:183} INFO - Processing /home/airflow/.local/lib/python3.12/site-packages/airflow/example_dags/example_branch_operator.py took 0.139 seconds
[2026-03-25T11:40:03.404+0000] {processor.py:161} INFO - Started process (PID=697) to work on /home/airflow/.local/lib/python3.12/site-packages/airflow/example_dags/example_branch_operator.py
[2026-03-25T11:40:03.405+0000] {processor.py:830} INFO - Processing file /home/airflow/.local/lib/python3.12/site-packages/airflow/example_dags/example_branch_operator.py for tasks to queue
[2026-03-25T11:40:03.407+0000] {logging_mixin.py:188} INFO - [2026-03-25T11:40:03.406+0000] {dagbag.py:540} INFO - Filling up the DagBag from /home/airflow/.local/lib/python3.12/site-packages/airflow/example_dags/example_branch_operator.py
[2026-03-25T11:40:03.423+0000] {processor.py:840} INFO - DAG(s) 'example_branch_operator' retrieved from /home/airflow/.local/lib/python3.12/site-packages/airflow/example_dags/example_branch_operator.py
[2026-03-25T11:40:03.457+0000] {logging_mixin.py:188} INFO - [2026-03-25T11:40:03.456+0000] {dag.py:3096} INFO - Sync 1 DAGs
[2026-03-25T11:40:03.481+0000] {logging_mixin.py:188} INFO - [2026-03-25T11:40:03.481+0000] {dag.py:3954} INFO - Setting next_dagrun for example_branch_operator to 2026-03-24 00:00:00+00:00, run_after=2026-03-25 00:00:00+00:00
[2026-03-25T11:40:03.533+0000] {processor.py:183} INFO - Processing /home/airflow/.local/lib/python3.12/site-packages/airflow/example_dags/example_branch_operator.py took 0.135 seconds
[2026-03-25T11:40:35.176+0000] {processor.py:161} INFO - Started process (PID=750) to work on /home/airflow/.local/lib/python3.12/site-packages/airflow/example_dags/example_branch_operator.py
[2026-03-25T11:40:35.177+0000] {processor.py:830} INFO - Processing file /home/airflow/.local/lib/python3.12/site-packages/airflow/example_dags/example_branch_operator.py for tasks to queue
[2026-03-25T11:40:35.179+0000] {logging_mixin.py:188} INFO - [2026-03-25T11:40:35.178+0000] {dagbag.py:540} INFO - Filling up the DagBag from /home/airflow/.local/lib/python3.12/site-packages/airflow/example_dags/example_branch_operator.py
[2026-03-25T11:40:35.195+0000] {processor.py:840} INFO - DAG(s) 'example_branch_operator' retrieved from /home/airflow/.local/lib/python3.12/site-packages/airflow/example_dags/example_branch_operator.py
[2026-03-25T11:40:35.224+0000] {logging_mixin.py:188} INFO - [2026-03-25T11:40:35.224+0000] {dag.py:3096} INFO - Sync 1 DAGs
[2026-03-25T11:40:35.248+0000] {logging_mixin.py:188} INFO - [2026-03-25T11:40:35.248+0000] {dag.py:3954} INFO - Setting next_dagrun for example_branch_operator to 2026-03-24 00:00:00+00:00, run_after=2026-03-25 00:00:00+00:00
[2026-03-25T11:40:35.286+0000] {processor.py:183} INFO - Processing /home/airflow/.local/lib/python3.12/site-packages/airflow/example_dags/example_branch_operator.py took 0.116 seconds
[2026-03-25T11:41:08.179+0000] {processor.py:161} INFO - Started process (PID=809) to work on /home/airflow/.local/lib/python3.12/site-packages/airflow/example_dags/example_branch_operator.py
[2026-03-25T11:41:08.181+0000] {processor.py:830} INFO - Processing file /home/airflow/.local/lib/python3.12/site-packages/airflow/example_dags/example_branch_operator.py for tasks to queue
[2026-03-25T11:41:08.185+0000] {logging_mixin.py:188} INFO - [2026-03-25T11:41:08.184+0000] {dagbag.py:540} INFO - Filling up the DagBag from /home/airflow/.local/lib/python3.12/site-packages/airflow/example_dags/example_branch_operator.py
[2026-03-25T11:41:08.223+0000] {processor.py:840} INFO - DAG(s) 'example_branch_operator' retrieved from /home/airflow/.local/lib/python3.12/site-packages/airflow/example_dags/example_branch_operator.py
[2026-03-25T11:41:08.333+0000] {logging_mixin.py:188} INFO - [2026-03-25T11:41:08.333+0000] {dag.py:3096} INFO - Sync 1 DAGs
[2026-03-25T11:41:08.383+0000] {logging_mixin.py:188} INFO - [2026-03-25T11:41:08.383+0000] {dag.py:3954} INFO - Setting next_dagrun for example_branch_operator to 2026-03-24 00:00:00+00:00, run_after=2026-03-25 00:00:00+00:00
[2026-03-25T11:41:08.430+0000] {processor.py:183} INFO - Processing /home/airflow/.local/lib/python3.12/site-packages/airflow/example_dags/example_branch_operator.py took 0.263 seconds
[2026-03-25T11:41:42.394+0000] {processor.py:161} INFO - Started process (PID=874) to work on /home/airflow/.local/lib/python3.12/site-packages/airflow/example_dags/example_branch_operator.py
[2026-03-25T11:41:42.395+0000] {processor.py:830} INFO - Processing file /home/airflow/.local/lib/python3.12/site-packages/airflow/example_dags/example_branch_operator.py for tasks to queue
[2026-03-25T11:41:42.397+0000] {logging_mixin.py:188} INFO - [2026-03-25T11:41:42.397+0000] {dagbag.py:540} INFO - Filling up the DagBag from /home/airflow/.local/lib/python3.12/site-packages/airflow/example_dags/example_branch_operator.py
[2026-03-25T11:41:42.414+0000] {processor.py:840} INFO - DAG(s) 'example_branch_operator' retrieved from /home/airflow/.local/lib/python3.12/site-packages/airflow/example_dags/example_branch_operator.py
[2026-03-25T11:41:42.449+0000] {logging_mixin.py:188} INFO - [2026-03-25T11:41:42.448+0000] {dag.py:3096} INFO - Sync 1 DAGs
[2026-03-25T11:41:42.474+0000] {logging_mixin.py:188} INFO - [2026-03-25T11:41:42.473+0000] {dag.py:3954} INFO - Setting next_dagrun for example_branch_operator to 2026-03-24 00:00:00+00:00, run_after=2026-03-25 00:00:00+00:00
[2026-03-25T11:41:42.531+0000] {processor.py:183} INFO - Processing /home/airflow/.local/lib/python3.12/site-packages/airflow/example_dags/example_branch_operator.py took 0.142 seconds
[2026-03-25T11:42:13.413+0000] {processor.py:161} INFO - Started process (PID=927) to work on /home/airflow/.local/lib/python3.12/site-packages/airflow/example_dags/example_branch_operator.py
[2026-03-25T11:42:13.414+0000] {processor.py:830} INFO - Processing file /home/airflow/.local/lib/python3.12/site-packages/airflow/example_dags/example_branch_operator.py for tasks to queue
[2026-03-25T11:42:13.416+0000] {logging_mixin.py:188} INFO - [2026-03-25T11:42:13.416+0000] {dagbag.py:540} INFO - Filling up the DagBag from /home/airflow/.local/lib/python3.12/site-packages/airflow/example_dags/example_branch_operator.py
[2026-03-25T11:42:13.432+0000] {processor.py:840} INFO - DAG(s) 'example_branch_operator' retrieved from /home/airflow/.local/lib/python3.12/site-packages/airflow/example_dags/example_branch_operator.py
[2026-03-25T11:42:13.464+0000] {logging_mixin.py:188} INFO - [2026-03-25T11:42:13.464+0000] {dag.py:3096} INFO - Sync 1 DAGs
[2026-03-25T11:42:13.489+0000] {logging_mixin.py:188} INFO - [2026-03-25T11:42:13.488+0000] {dag.py:3954} INFO - Setting next_dagrun for example_branch_operator to 2026-03-24 00:00:00+00:00, run_after=2026-03-25 00:00:00+00:00
[2026-03-25T11:42:13.540+0000] {processor.py:183} INFO - Processing /home/airflow/.local/lib/python3.12/site-packages/airflow/example_dags/example_branch_operator.py took 0.133 seconds
[2026-03-25T11:42:46.403+0000] {processor.py:161} INFO - Started process (PID=986) to work on /home/airflow/.local/lib/python3.12/site-packages/airflow/example_dags/example_branch_operator.py
[2026-03-25T11:42:46.404+0000] {processor.py:830} INFO - Processing file /home/airflow/.local/lib/python3.12/site-packages/airflow/example_dags/example_branch_operator.py for tasks to queue
[2026-03-25T11:42:46.406+0000] {logging_mixin.py:188} INFO - [2026-03-25T11:42:46.406+0000] {dagbag.py:540} INFO - Filling up the DagBag from /home/airflow/.local/lib/python3.12/site-packages/airflow/example_dags/example_branch_operator.py
[2026-03-25T11:42:46.425+0000] {processor.py:840} INFO - DAG(s) 'example_branch_operator' retrieved from /home/airflow/.local/lib/python3.12/site-packages/airflow/example_dags/example_branch_operator.py
[2026-03-25T11:42:46.457+0000] {logging_mixin.py:188} INFO - [2026-03-25T11:42:46.457+0000] {dag.py:3096} INFO - Sync 1 DAGs
[2026-03-25T11:42:46.491+0000] {logging_mixin.py:188} INFO - [2026-03-25T11:42:46.491+0000] {dag.py:3954} INFO - Setting next_dagrun for example_branch_operator to 2026-03-24 00:00:00+00:00, run_after=2026-03-25 00:00:00+00:00
[2026-03-25T11:42:46.539+0000] {processor.py:183} INFO - Processing /home/airflow/.local/lib/python3.12/site-packages/airflow/example_dags/example_branch_operator.py took 0.142 seconds
[2026-03-25T11:43:19.733+0000] {processor.py:161} INFO - Started process (PID=1051) to work on /home/airflow/.local/lib/python3.12/site-packages/airflow/example_dags/example_branch_operator.py
[2026-03-25T11:43:19.737+0000] {processor.py:830} INFO - Processing file /home/airflow/.local/lib/python3.12/site-packages/airflow/example_dags/example_branch_operator.py for tasks to queue
[2026-03-25T11:43:19.746+0000] {logging_mixin.py:188} INFO - [2026-03-25T11:43:19.745+0000] {dagbag.py:540} INFO - Filling up the DagBag from /home/airflow/.local/lib/python3.12/site-packages/airflow/example_dags/example_branch_operator.py
[2026-03-25T11:43:19.839+0000] {processor.py:840} INFO - DAG(s) 'example_branch_operator' retrieved from /home/airflow/.local/lib/python3.12/site-packages/airflow/example_dags/example_branch_operator.py
[2026-03-25T11:43:19.981+0000] {logging_mixin.py:188} INFO - [2026-03-25T11:43:19.980+0000] {dag.py:3096} INFO - Sync 1 DAGs
[2026-03-25T11:43:20.092+0000] {logging_mixin.py:188} INFO - [2026-03-25T11:43:20.091+0000] {dag.py:3954} INFO - Setting next_dagrun for example_branch_operator to 2026-03-24 00:00:00+00:00, run_after=2026-03-25 00:00:00+00:00
[2026-03-25T11:43:20.226+0000] {processor.py:183} INFO - Processing /home/airflow/.local/lib/python3.12/site-packages/airflow/example_dags/example_branch_operator.py took 0.499 seconds
[2026-03-25T11:43:53.197+0000] {processor.py:161} INFO - Started process (PID=1110) to work on /home/airflow/.local/lib/python3.12/site-packages/airflow/example_dags/example_branch_operator.py
[2026-03-25T11:43:53.199+0000] {processor.py:830} INFO - Processing file /home/airflow/.local/lib/python3.12/site-packages/airflow/example_dags/example_branch_operator.py for tasks to queue
[2026-03-25T11:43:53.202+0000] {logging_mixin.py:188} INFO - [2026-03-25T11:43:53.202+0000] {dagbag.py:540} INFO - Filling up the DagBag from /home/airflow/.local/lib/python3.12/site-packages/airflow/example_dags/example_branch_operator.py
[2026-03-25T11:43:53.228+0000] {processor.py:840} INFO - DAG(s) 'example_branch_operator' retrieved from /home/airflow/.local/lib/python3.12/site-packages/airflow/example_dags/example_branch_operator.py
[2026-03-25T11:43:53.283+0000] {logging_mixin.py:188} INFO - [2026-03-25T11:43:53.282+0000] {dag.py:3096} INFO - Sync 1 DAGs
[2026-03-25T11:43:53.322+0000] {logging_mixin.py:188} INFO - [2026-03-25T11:43:53.321+0000] {dag.py:3954} INFO - Setting next_dagrun for example_branch_operator to 2026-03-24 00:00:00+00:00, run_after=2026-03-25 00:00:00+00:00
[2026-03-25T11:43:53.417+0000] {processor.py:183} INFO - Processing /home/airflow/.local/lib/python3.12/site-packages/airflow/example_dags/example_branch_operator.py took 0.230 seconds
[2026-03-25T11:44:24.458+0000] {processor.py:161} INFO - Started process (PID=1163) to work on /home/airflow/.local/lib/python3.12/site-packages/airflow/example_dags/example_branch_operator.py
[2026-03-25T11:44:24.459+0000] {processor.py:830} INFO - Processing file /home/airflow/.local/lib/python3.12/site-packages/airflow/example_dags/example_branch_operator.py for tasks to queue
[2026-03-25T11:44:24.461+0000] {logging_mixin.py:188} INFO - [2026-03-25T11:44:24.460+0000] {dagbag.py:540} INFO - Filling up the DagBag from /home/airflow/.local/lib/python3.12/site-packages/airflow/example_dags/example_branch_operator.py
[2026-03-25T11:44:24.479+0000] {processor.py:840} INFO - DAG(s) 'example_branch_operator' retrieved from /home/airflow/.local/lib/python3.12/site-packages/airflow/example_dags/example_branch_operator.py
[2026-03-25T11:44:24.512+0000] {logging_mixin.py:188} INFO - [2026-03-25T11:44:24.511+0000] {dag.py:3096} INFO - Sync 1 DAGs
[2026-03-25T11:44:24.539+0000] {logging_mixin.py:188} INFO - [2026-03-25T11:44:24.538+0000] {dag.py:3954} INFO - Setting next_dagrun for example_branch_operator to 2026-03-24 00:00:00+00:00, run_after=2026-03-25 00:00:00+00:00
[2026-03-25T11:44:24.588+0000] {processor.py:183} INFO - Processing /home/airflow/.local/lib/python3.12/site-packages/airflow/example_dags/example_branch_operator.py took 0.138 seconds
[2026-03-25T11:44:57.478+0000] {processor.py:161} INFO - Started process (PID=1222) to work on /home/airflow/.local/lib/python3.12/site-packages/airflow/example_dags/example_branch_operator.py
[2026-03-25T11:44:57.480+0000] {processor.py:830} INFO - Processing file /home/airflow/.local/lib/python3.12/site-packages/airflow/example_dags/example_branch_operator.py for tasks to queue
[2026-03-25T11:44:57.482+0000] {logging_mixin.py:188} INFO - [2026-03-25T11:44:57.481+0000] {dagbag.py:540} INFO - Filling up the DagBag from /home/airflow/.local/lib/python3.12/site-packages/airflow/example_dags/example_branch_operator.py
[2026-03-25T11:44:57.498+0000] {processor.py:840} INFO - DAG(s) 'example_branch_operator' retrieved from /home/airflow/.local/lib/python3.12/site-packages/airflow/example_dags/example_branch_operator.py
[2026-03-25T11:44:57.530+0000] {logging_mixin.py:188} INFO - [2026-03-25T11:44:57.530+0000] {dag.py:3096} INFO - Sync 1 DAGs
[2026-03-25T11:44:57.552+0000] {logging_mixin.py:188} INFO - [2026-03-25T11:44:57.552+0000] {dag.py:3954} INFO - Setting next_dagrun for example_branch_operator to 2026-03-24 00:00:00+00:00, run_after=2026-03-25 00:00:00+00:00
[2026-03-25T11:44:57.621+0000] {processor.py:183} INFO - Processing /home/airflow/.local/lib/python3.12/site-packages/airflow/example_dags/example_branch_operator.py took 0.149 seconds
[2026-03-25T11:45:30.496+0000] {processor.py:161} INFO - Started process (PID=1281) to work on /home/airflow/.local/lib/python3.12/site-packages/airflow/example_dags/example_branch_operator.py
[2026-03-25T11:45:30.497+0000] {processor.py:830} INFO - Processing file /home/airflow/.local/lib/python3.12/site-packages/airflow/example_dags/example_branch_operator.py for tasks to queue
[2026-03-25T11:45:30.500+0000] {logging_mixin.py:188} INFO - [2026-03-25T11:45:30.499+0000] {dagbag.py:540} INFO - Filling up the DagBag from /home/airflow/.local/lib/python3.12/site-packages/airflow/example_dags/example_branch_operator.py
[2026-03-25T11:45:30.521+0000] {processor.py:840} INFO - DAG(s) 'example_branch_operator' retrieved from /home/airflow/.local/lib/python3.12/site-packages/airflow/example_dags/example_branch_operator.py
[2026-03-25T11:45:30.558+0000] {logging_mixin.py:188} INFO - [2026-03-25T11:45:30.557+0000] {dag.py:3096} INFO - Sync 1 DAGs
[2026-03-25T11:45:30.593+0000] {logging_mixin.py:188} INFO - [2026-03-25T11:45:30.593+0000] {dag.py:3954} INFO - Setting next_dagrun for example_branch_operator to 2026-03-24 00:00:00+00:00, run_after=2026-03-25 00:00:00+00:00
[2026-03-25T11:45:30.640+0000] {processor.py:183} INFO - Processing /home/airflow/.local/lib/python3.12/site-packages/airflow/example_dags/example_branch_operator.py took 0.151 seconds
[2026-03-25T11:46:02.754+0000] {processor.py:161} INFO - Started process (PID=1340) to work on /home/airflow/.local/lib/python3.12/site-packages/airflow/example_dags/example_branch_operator.py
[2026-03-25T11:46:02.755+0000] {processor.py:830} INFO - Processing file /home/airflow/.local/lib/python3.12/site-packages/airflow/example_dags/example_branch_operator.py for tasks to queue
[2026-03-25T11:46:02.757+0000] {logging_mixin.py:188} INFO - [2026-03-25T11:46:02.757+0000] {dagbag.py:540} INFO - Filling up the DagBag from /home/airflow/.local/lib/python3.12/site-packages/airflow/example_dags/example_branch_operator.py
[2026-03-25T11:46:02.774+0000] {processor.py:840} INFO - DAG(s) 'example_branch_operator' retrieved from /home/airflow/.local/lib/python3.12/site-packages/airflow/example_dags/example_branch_operator.py
[2026-03-25T11:46:02.806+0000] {logging_mixin.py:188} INFO - [2026-03-25T11:46:02.806+0000] {dag.py:3096} INFO - Sync 1 DAGs
[2026-03-25T11:46:02.830+0000] {logging_mixin.py:188} INFO - [2026-03-25T11:46:02.830+0000] {dag.py:3954} INFO - Setting next_dagrun for example_branch_operator to 2026-03-24 00:00:00+00:00, run_after=2026-03-25 00:00:00+00:00
[2026-03-25T11:46:02.872+0000] {processor.py:183} INFO - Processing /home/airflow/.local/lib/python3.12/site-packages/airflow/example_dags/example_branch_operator.py took 0.123 seconds
[2026-03-25T11:46:36.390+0000] {processor.py:161} INFO - Started process (PID=1405) to work on /home/airflow/.local/lib/python3.12/site-packages/airflow/example_dags/example_branch_operator.py
[2026-03-25T11:46:36.391+0000] {processor.py:830} INFO - Processing file /home/airflow/.local/lib/python3.12/site-packages/airflow/example_dags/example_branch_operator.py for tasks to queue
[2026-03-25T11:46:36.395+0000] {logging_mixin.py:188} INFO - [2026-03-25T11:46:36.394+0000] {dagbag.py:540} INFO - Filling up the DagBag from /home/airflow/.local/lib/python3.12/site-packages/airflow/example_dags/example_branch_operator.py
[2026-03-25T11:46:36.427+0000] {processor.py:840} INFO - DAG(s) 'example_branch_operator' retrieved from /home/airflow/.local/lib/python3.12/site-packages/airflow/example_dags/example_branch_operator.py
[2026-03-25T11:46:36.481+0000] {logging_mixin.py:188} INFO - [2026-03-25T11:46:36.481+0000] {dag.py:3096} INFO - Sync 1 DAGs
[2026-03-25T11:46:36.522+0000] {logging_mixin.py:188} INFO - [2026-03-25T11:46:36.522+0000] {dag.py:3954} INFO - Setting next_dagrun for example_branch_operator to 2026-03-24 00:00:00+00:00, run_after=2026-03-25 00:00:00+00:00
[2026-03-25T11:46:36.591+0000] {processor.py:183} INFO - Processing /home/airflow/.local/lib/python3.12/site-packages/airflow/example_dags/example_branch_operator.py took 0.210 seconds
[2026-03-25T11:47:11.391+0000] {processor.py:161} INFO - Started process (PID=1465) to work on /home/airflow/.local/lib/python3.12/site-packages/airflow/example_dags/example_branch_operator.py
[2026-03-25T11:47:11.393+0000] {processor.py:830} INFO - Processing file /home/airflow/.local/lib/python3.12/site-packages/airflow/example_dags/example_branch_operator.py for tasks to queue
[2026-03-25T11:47:11.397+0000] {logging_mixin.py:188} INFO - [2026-03-25T11:47:11.396+0000] {dagbag.py:540} INFO - Filling up the DagBag from /home/airflow/.local/lib/python3.12/site-packages/airflow/example_dags/example_branch_operator.py
[2026-03-25T11:47:11.454+0000] {processor.py:840} INFO - DAG(s) 'example_branch_operator' retrieved from /home/airflow/.local/lib/python3.12/site-packages/airflow/example_dags/example_branch_operator.py
[2026-03-25T11:47:11.517+0000] {logging_mixin.py:188} INFO - [2026-03-25T11:47:11.517+0000] {dag.py:3096} INFO - Sync 1 DAGs
[2026-03-25T11:47:11.549+0000] {logging_mixin.py:188} INFO - [2026-03-25T11:47:11.548+0000] {dag.py:3954} INFO - Setting next_dagrun for example_branch_operator to 2026-03-24 00:00:00+00:00, run_after=2026-03-25 00:00:00+00:00
[2026-03-25T11:47:11.674+0000] {processor.py:183} INFO - Processing /home/airflow/.local/lib/python3.12/site-packages/airflow/example_dags/example_branch_operator.py took 0.293 seconds
[2026-03-25T11:47:44.057+0000] {processor.py:161} INFO - Started process (PID=1524) to work on /home/airflow/.local/lib/python3.12/site-packages/airflow/example_dags/example_branch_operator.py
[2026-03-25T11:47:44.058+0000] {processor.py:830} INFO - Processing file /home/airflow/.local/lib/python3.12/site-packages/airflow/example_dags/example_branch_operator.py for tasks to queue
[2026-03-25T11:47:44.060+0000] {logging_mixin.py:188} INFO - [2026-03-25T11:47:44.060+0000] {dagbag.py:540} INFO - Filling up the DagBag from /home/airflow/.local/lib/python3.12/site-packages/airflow/example_dags/example_branch_operator.py
[2026-03-25T11:47:44.082+0000] {processor.py:840} INFO - DAG(s) 'example_branch_operator' retrieved from /home/airflow/.local/lib/python3.12/site-packages/airflow/example_dags/example_branch_operator.py
[2026-03-25T11:47:44.120+0000] {logging_mixin.py:188} INFO - [2026-03-25T11:47:44.120+0000] {dag.py:3096} INFO - Sync 1 DAGs
[2026-03-25T11:47:44.148+0000] {logging_mixin.py:188} INFO - [2026-03-25T11:47:44.148+0000] {dag.py:3954} INFO - Setting next_dagrun for example_branch_operator to 2026-03-24 00:00:00+00:00, run_after=2026-03-25 00:00:00+00:00
[2026-03-25T11:47:44.191+0000] {processor.py:183} INFO - Processing /home/airflow/.local/lib/python3.12/site-packages/airflow/example_dags/example_branch_operator.py took 0.140 seconds
[2026-03-25T11:48:14.225+0000] {processor.py:161} INFO - Started process (PID=1577) to work on /home/airflow/.local/lib/python3.12/site-packages/airflow/example_dags/example_branch_operator.py
[2026-03-25T11:48:14.226+0000] {processor.py:830} INFO - Processing file /home/airflow/.local/lib/python3.12/site-packages/airflow/example_dags/example_branch_operator.py for tasks to queue
[2026-03-25T11:48:14.228+0000] {logging_mixin.py:188} INFO - [2026-03-25T11:48:14.228+0000] {dagbag.py:540} INFO - Filling up the DagBag from /home/airflow/.local/lib/python3.12/site-packages/airflow/example_dags/example_branch_operator.py
[2026-03-25T11:48:14.248+0000] {processor.py:840} INFO - DAG(s) 'example_branch_operator' retrieved from /home/airflow/.local/lib/python3.12/site-packages/airflow/example_dags/example_branch_operator.py
[2026-03-25T11:48:14.285+0000] {logging_mixin.py:188} INFO - [2026-03-25T11:48:14.285+0000] {dag.py:3096} INFO - Sync 1 DAGs
[2026-03-25T11:48:14.307+0000] {logging_mixin.py:188} INFO - [2026-03-25T11:48:14.307+0000] {dag.py:3954} INFO - Setting next_dagrun for example_branch_operator to 2026-03-24 00:00:00+00:00, run_after=2026-03-25 00:00:00+00:00
[2026-03-25T11:48:14.347+0000] {processor.py:183} INFO - Processing /home/airflow/.local/lib/python3.12/site-packages/airflow/example_dags/example_branch_operator.py took 0.129 seconds
[2026-03-25T11:48:46.283+0000] {processor.py:161} INFO - Started process (PID=1636) to work on /home/airflow/.local/lib/python3.12/site-packages/airflow/example_dags/example_branch_operator.py
[2026-03-25T11:48:46.284+0000] {processor.py:830} INFO - Processing file /home/airflow/.local/lib/python3.12/site-packages/airflow/example_dags/example_branch_operator.py for tasks to queue
[2026-03-25T11:48:46.286+0000] {logging_mixin.py:188} INFO - [2026-03-25T11:48:46.285+0000] {dagbag.py:540} INFO - Filling up the DagBag from /home/airflow/.local/lib/python3.12/site-packages/airflow/example_dags/example_branch_operator.py
[2026-03-25T11:48:46.304+0000] {processor.py:840} INFO - DAG(s) 'example_branch_operator' retrieved from /home/airflow/.local/lib/python3.12/site-packages/airflow/example_dags/example_branch_operator.py
[2026-03-25T11:48:46.339+0000] {logging_mixin.py:188} INFO - [2026-03-25T11:48:46.339+0000] {dag.py:3096} INFO - Sync 1 DAGs
[2026-03-25T11:48:46.366+0000] {logging_mixin.py:188} INFO - [2026-03-25T11:48:46.366+0000] {dag.py:3954} INFO - Setting next_dagrun for example_branch_operator to 2026-03-24 00:00:00+00:00, run_after=2026-03-25 00:00:00+00:00
[2026-03-25T11:48:46.408+0000] {processor.py:183} INFO - Processing /home/airflow/.local/lib/python3.12/site-packages/airflow/example_dags/example_branch_operator.py took 0.131 seconds
[2026-03-25T11:49:20.088+0000] {processor.py:161} INFO - Started process (PID=1695) to work on /home/airflow/.local/lib/python3.12/site-packages/airflow/example_dags/example_branch_operator.py
[2026-03-25T11:49:20.093+0000] {processor.py:830} INFO - Processing file /home/airflow/.local/lib/python3.12/site-packages/airflow/example_dags/example_branch_operator.py for tasks to queue
[2026-03-25T11:49:20.102+0000] {logging_mixin.py:188} INFO - [2026-03-25T11:49:20.100+0000] {dagbag.py:540} INFO - Filling up the DagBag from /home/airflow/.local/lib/python3.12/site-packages/airflow/example_dags/example_branch_operator.py
[2026-03-25T11:49:20.199+0000] {processor.py:840} INFO - DAG(s) 'example_branch_operator' retrieved from /home/airflow/.local/lib/python3.12/site-packages/airflow/example_dags/example_branch_operator.py
[2026-03-25T11:49:20.375+0000] {logging_mixin.py:188} INFO - [2026-03-25T11:49:20.374+0000] {dag.py:3096} INFO - Sync 1 DAGs
[2026-03-25T11:49:20.502+0000] {logging_mixin.py:188} INFO - [2026-03-25T11:49:20.502+0000] {dag.py:3954} INFO - Setting next_dagrun for example_branch_operator to 2026-03-24 00:00:00+00:00, run_after=2026-03-25 00:00:00+00:00
[2026-03-25T11:49:20.613+0000] {processor.py:183} INFO - Processing /home/airflow/.local/lib/python3.12/site-packages/airflow/example_dags/example_branch_operator.py took 0.556 seconds
[2026-03-25T11:49:54.087+0000] {processor.py:161} INFO - Started process (PID=1760) to work on /home/airflow/.local/lib/python3.12/site-packages/airflow/example_dags/example_branch_operator.py
[2026-03-25T11:49:54.089+0000] {processor.py:830} INFO - Processing file /home/airflow/.local/lib/python3.12/site-packages/airflow/example_dags/example_branch_operator.py for tasks to queue
[2026-03-25T11:49:54.092+0000] {logging_mixin.py:188} INFO - [2026-03-25T11:49:54.092+0000] {dagbag.py:540} INFO - Filling up the DagBag from /home/airflow/.local/lib/python3.12/site-packages/airflow/example_dags/example_branch_operator.py
[2026-03-25T11:49:54.118+0000] {processor.py:840} INFO - DAG(s) 'example_branch_operator' retrieved from /home/airflow/.local/lib/python3.12/site-packages/airflow/example_dags/example_branch_operator.py
[2026-03-25T11:49:54.187+0000] {logging_mixin.py:188} INFO - [2026-03-25T11:49:54.186+0000] {dag.py:3096} INFO - Sync 1 DAGs
[2026-03-25T11:49:54.230+0000] {logging_mixin.py:188} INFO - [2026-03-25T11:49:54.230+0000] {dag.py:3954} INFO - Setting next_dagrun for example_branch_operator to 2026-03-24 00:00:00+00:00, run_after=2026-03-25 00:00:00+00:00
[2026-03-25T11:49:54.324+0000] {processor.py:183} INFO - Processing /home/airflow/.local/lib/python3.12/site-packages/airflow/example_dags/example_branch_operator.py took 0.244 seconds
[2026-03-25T11:50:24.773+0000] {processor.py:161} INFO - Started process (PID=1813) to work on /home/airflow/.local/lib/python3.12/site-packages/airflow/example_dags/example_branch_operator.py
[2026-03-25T11:50:24.775+0000] {processor.py:830} INFO - Processing file /home/airflow/.local/lib/python3.12/site-packages/airflow/example_dags/example_branch_operator.py for tasks to queue
[2026-03-25T11:50:24.777+0000] {logging_mixin.py:188} INFO - [2026-03-25T11:50:24.777+0000] {dagbag.py:540} INFO - Filling up the DagBag from /home/airflow/.local/lib/python3.12/site-packages/airflow/example_dags/example_branch_operator.py
[2026-03-25T11:50:24.795+0000] {processor.py:840} INFO - DAG(s) 'example_branch_operator' retrieved from /home/airflow/.local/lib/python3.12/site-packages/airflow/example_dags/example_branch_operator.py
[2026-03-25T11:50:24.827+0000] {logging_mixin.py:188} INFO - [2026-03-25T11:50:24.827+0000] {dag.py:3096} INFO - Sync 1 DAGs
[2026-03-25T11:50:24.851+0000] {logging_mixin.py:188} INFO - [2026-03-25T11:50:24.851+0000] {dag.py:3954} INFO - Setting next_dagrun for example_branch_operator to 2026-03-24 00:00:00+00:00, run_after=2026-03-25 00:00:00+00:00
[2026-03-25T11:50:24.895+0000] {processor.py:183} INFO - Processing /home/airflow/.local/lib/python3.12/site-packages/airflow/example_dags/example_branch_operator.py took 0.128 seconds
