[2026-03-25T11:15:33.378+0000] {processor.py:161} INFO - Started process (PID=93) to work on /home/airflow/.local/lib/python3.12/site-packages/airflow/example_dags/example_sensors.py
[2026-03-25T11:15:33.379+0000] {processor.py:830} INFO - Processing file /home/airflow/.local/lib/python3.12/site-packages/airflow/example_dags/example_sensors.py for tasks to queue
[2026-03-25T11:15:33.381+0000] {logging_mixin.py:188} INFO - [2026-03-25T11:15:33.381+0000] {dagbag.py:540} INFO - Filling up the DagBag from /home/airflow/.local/lib/python3.12/site-packages/airflow/example_dags/example_sensors.py
[2026-03-25T11:15:33.392+0000] {processor.py:840} INFO - DAG(s) 'example_sensors' retrieved from /home/airflow/.local/lib/python3.12/site-packages/airflow/example_dags/example_sensors.py
[2026-03-25T11:15:33.496+0000] {logging_mixin.py:188} INFO - [2026-03-25T11:15:33.496+0000] {dag.py:3096} INFO - Sync 1 DAGs
[2026-03-25T11:15:33.509+0000] {logging_mixin.py:188} INFO - [2026-03-25T11:15:33.509+0000] {dag.py:3954} INFO - Setting next_dagrun for example_sensors to None, run_after=None
[2026-03-25T11:15:33.564+0000] {processor.py:183} INFO - Processing /home/airflow/.local/lib/python3.12/site-packages/airflow/example_dags/example_sensors.py took 0.192 seconds
[2026-03-25T11:16:04.294+0000] {processor.py:161} INFO - Started process (PID=152) to work on /home/airflow/.local/lib/python3.12/site-packages/airflow/example_dags/example_sensors.py
[2026-03-25T11:16:04.295+0000] {processor.py:830} INFO - Processing file /home/airflow/.local/lib/python3.12/site-packages/airflow/example_dags/example_sensors.py for tasks to queue
[2026-03-25T11:16:04.297+0000] {logging_mixin.py:188} INFO - [2026-03-25T11:16:04.297+0000] {dagbag.py:540} INFO - Filling up the DagBag from /home/airflow/.local/lib/python3.12/site-packages/airflow/example_dags/example_sensors.py
[2026-03-25T11:16:04.307+0000] {processor.py:840} INFO - DAG(s) 'example_sensors' retrieved from /home/airflow/.local/lib/python3.12/site-packages/airflow/example_dags/example_sensors.py
[2026-03-25T11:16:04.334+0000] {logging_mixin.py:188} INFO - [2026-03-25T11:16:04.333+0000] {dag.py:3096} INFO - Sync 1 DAGs
[2026-03-25T11:16:04.348+0000] {logging_mixin.py:188} INFO - [2026-03-25T11:16:04.348+0000] {dag.py:3954} INFO - Setting next_dagrun for example_sensors to None, run_after=None
[2026-03-25T11:16:04.403+0000] {processor.py:183} INFO - Processing /home/airflow/.local/lib/python3.12/site-packages/airflow/example_dags/example_sensors.py took 0.116 seconds
[2026-03-25T11:16:36.624+0000] {processor.py:161} INFO - Started process (PID=211) to work on /home/airflow/.local/lib/python3.12/site-packages/airflow/example_dags/example_sensors.py
[2026-03-25T11:16:36.626+0000] {processor.py:830} INFO - Processing file /home/airflow/.local/lib/python3.12/site-packages/airflow/example_dags/example_sensors.py for tasks to queue
[2026-03-25T11:16:36.628+0000] {logging_mixin.py:188} INFO - [2026-03-25T11:16:36.628+0000] {dagbag.py:540} INFO - Filling up the DagBag from /home/airflow/.local/lib/python3.12/site-packages/airflow/example_dags/example_sensors.py
[2026-03-25T11:16:36.638+0000] {processor.py:840} INFO - DAG(s) 'example_sensors' retrieved from /home/airflow/.local/lib/python3.12/site-packages/airflow/example_dags/example_sensors.py
[2026-03-25T11:16:36.668+0000] {logging_mixin.py:188} INFO - [2026-03-25T11:16:36.668+0000] {dag.py:3096} INFO - Sync 1 DAGs
[2026-03-25T11:16:36.685+0000] {logging_mixin.py:188} INFO - [2026-03-25T11:16:36.685+0000] {dag.py:3954} INFO - Setting next_dagrun for example_sensors to None, run_after=None
[2026-03-25T11:16:36.737+0000] {processor.py:183} INFO - Processing /home/airflow/.local/lib/python3.12/site-packages/airflow/example_dags/example_sensors.py took 0.119 seconds
[2026-03-25T11:17:10.830+0000] {processor.py:161} INFO - Started process (PID=270) to work on /home/airflow/.local/lib/python3.12/site-packages/airflow/example_dags/example_sensors.py
[2026-03-25T11:17:10.832+0000] {processor.py:830} INFO - Processing file /home/airflow/.local/lib/python3.12/site-packages/airflow/example_dags/example_sensors.py for tasks to queue
[2026-03-25T11:17:10.834+0000] {logging_mixin.py:188} INFO - [2026-03-25T11:17:10.833+0000] {dagbag.py:540} INFO - Filling up the DagBag from /home/airflow/.local/lib/python3.12/site-packages/airflow/example_dags/example_sensors.py
[2026-03-25T11:17:10.849+0000] {processor.py:840} INFO - DAG(s) 'example_sensors' retrieved from /home/airflow/.local/lib/python3.12/site-packages/airflow/example_dags/example_sensors.py
[2026-03-25T11:17:10.887+0000] {logging_mixin.py:188} INFO - [2026-03-25T11:17:10.887+0000] {dag.py:3096} INFO - Sync 1 DAGs
[2026-03-25T11:17:10.905+0000] {logging_mixin.py:188} INFO - [2026-03-25T11:17:10.905+0000] {dag.py:3954} INFO - Setting next_dagrun for example_sensors to None, run_after=None
[2026-03-25T11:17:10.971+0000] {processor.py:183} INFO - Processing /home/airflow/.local/lib/python3.12/site-packages/airflow/example_dags/example_sensors.py took 0.146 seconds
[2026-03-25T11:17:41.076+0000] {processor.py:161} INFO - Started process (PID=329) to work on /home/airflow/.local/lib/python3.12/site-packages/airflow/example_dags/example_sensors.py
[2026-03-25T11:17:41.077+0000] {processor.py:830} INFO - Processing file /home/airflow/.local/lib/python3.12/site-packages/airflow/example_dags/example_sensors.py for tasks to queue
[2026-03-25T11:17:41.080+0000] {logging_mixin.py:188} INFO - [2026-03-25T11:17:41.079+0000] {dagbag.py:540} INFO - Filling up the DagBag from /home/airflow/.local/lib/python3.12/site-packages/airflow/example_dags/example_sensors.py
[2026-03-25T11:17:41.097+0000] {processor.py:840} INFO - DAG(s) 'example_sensors' retrieved from /home/airflow/.local/lib/python3.12/site-packages/airflow/example_dags/example_sensors.py
[2026-03-25T11:17:41.123+0000] {logging_mixin.py:188} INFO - [2026-03-25T11:17:41.123+0000] {dag.py:3096} INFO - Sync 1 DAGs
[2026-03-25T11:17:41.136+0000] {logging_mixin.py:188} INFO - [2026-03-25T11:17:41.135+0000] {dag.py:3954} INFO - Setting next_dagrun for example_sensors to None, run_after=None
[2026-03-25T11:17:41.170+0000] {processor.py:183} INFO - Processing /home/airflow/.local/lib/python3.12/site-packages/airflow/example_dags/example_sensors.py took 0.102 seconds
[2026-03-25T11:18:12.756+0000] {processor.py:161} INFO - Started process (PID=388) to work on /home/airflow/.local/lib/python3.12/site-packages/airflow/example_dags/example_sensors.py
[2026-03-25T11:18:12.757+0000] {processor.py:830} INFO - Processing file /home/airflow/.local/lib/python3.12/site-packages/airflow/example_dags/example_sensors.py for tasks to queue
[2026-03-25T11:18:12.759+0000] {logging_mixin.py:188} INFO - [2026-03-25T11:18:12.759+0000] {dagbag.py:540} INFO - Filling up the DagBag from /home/airflow/.local/lib/python3.12/site-packages/airflow/example_dags/example_sensors.py
[2026-03-25T11:18:12.769+0000] {processor.py:840} INFO - DAG(s) 'example_sensors' retrieved from /home/airflow/.local/lib/python3.12/site-packages/airflow/example_dags/example_sensors.py
[2026-03-25T11:18:12.797+0000] {logging_mixin.py:188} INFO - [2026-03-25T11:18:12.797+0000] {dag.py:3096} INFO - Sync 1 DAGs
[2026-03-25T11:18:12.811+0000] {logging_mixin.py:188} INFO - [2026-03-25T11:18:12.811+0000] {dag.py:3954} INFO - Setting next_dagrun for example_sensors to None, run_after=None
[2026-03-25T11:18:12.859+0000] {processor.py:183} INFO - Processing /home/airflow/.local/lib/python3.12/site-packages/airflow/example_dags/example_sensors.py took 0.109 seconds
[2026-03-25T11:18:45.357+0000] {processor.py:161} INFO - Started process (PID=447) to work on /home/airflow/.local/lib/python3.12/site-packages/airflow/example_dags/example_sensors.py
[2026-03-25T11:18:45.358+0000] {processor.py:830} INFO - Processing file /home/airflow/.local/lib/python3.12/site-packages/airflow/example_dags/example_sensors.py for tasks to queue
[2026-03-25T11:18:45.360+0000] {logging_mixin.py:188} INFO - [2026-03-25T11:18:45.359+0000] {dagbag.py:540} INFO - Filling up the DagBag from /home/airflow/.local/lib/python3.12/site-packages/airflow/example_dags/example_sensors.py
[2026-03-25T11:18:45.369+0000] {processor.py:840} INFO - DAG(s) 'example_sensors' retrieved from /home/airflow/.local/lib/python3.12/site-packages/airflow/example_dags/example_sensors.py
[2026-03-25T11:18:45.394+0000] {logging_mixin.py:188} INFO - [2026-03-25T11:18:45.394+0000] {dag.py:3096} INFO - Sync 1 DAGs
[2026-03-25T11:18:45.406+0000] {logging_mixin.py:188} INFO - [2026-03-25T11:18:45.406+0000] {dag.py:3954} INFO - Setting next_dagrun for example_sensors to None, run_after=None
[2026-03-25T11:18:45.444+0000] {processor.py:183} INFO - Processing /home/airflow/.local/lib/python3.12/site-packages/airflow/example_dags/example_sensors.py took 0.094 seconds
[2026-03-25T11:19:19.985+0000] {processor.py:161} INFO - Started process (PID=506) to work on /home/airflow/.local/lib/python3.12/site-packages/airflow/example_dags/example_sensors.py
[2026-03-25T11:19:19.989+0000] {processor.py:830} INFO - Processing file /home/airflow/.local/lib/python3.12/site-packages/airflow/example_dags/example_sensors.py for tasks to queue
[2026-03-25T11:19:19.997+0000] {logging_mixin.py:188} INFO - [2026-03-25T11:19:19.995+0000] {dagbag.py:540} INFO - Filling up the DagBag from /home/airflow/.local/lib/python3.12/site-packages/airflow/example_dags/example_sensors.py
[2026-03-25T11:19:20.044+0000] {processor.py:840} INFO - DAG(s) 'example_sensors' retrieved from /home/airflow/.local/lib/python3.12/site-packages/airflow/example_dags/example_sensors.py
[2026-03-25T11:19:20.176+0000] {logging_mixin.py:188} INFO - [2026-03-25T11:19:20.175+0000] {dag.py:3096} INFO - Sync 1 DAGs
[2026-03-25T11:19:20.241+0000] {logging_mixin.py:188} INFO - [2026-03-25T11:19:20.240+0000] {dag.py:3954} INFO - Setting next_dagrun for example_sensors to None, run_after=None
[2026-03-25T11:19:20.383+0000] {processor.py:183} INFO - Processing /home/airflow/.local/lib/python3.12/site-packages/airflow/example_dags/example_sensors.py took 0.430 seconds
[2026-03-25T11:19:51.745+0000] {processor.py:161} INFO - Started process (PID=565) to work on /home/airflow/.local/lib/python3.12/site-packages/airflow/example_dags/example_sensors.py
[2026-03-25T11:19:51.747+0000] {processor.py:830} INFO - Processing file /home/airflow/.local/lib/python3.12/site-packages/airflow/example_dags/example_sensors.py for tasks to queue
[2026-03-25T11:19:51.749+0000] {logging_mixin.py:188} INFO - [2026-03-25T11:19:51.749+0000] {dagbag.py:540} INFO - Filling up the DagBag from /home/airflow/.local/lib/python3.12/site-packages/airflow/example_dags/example_sensors.py
[2026-03-25T11:19:51.760+0000] {processor.py:840} INFO - DAG(s) 'example_sensors' retrieved from /home/airflow/.local/lib/python3.12/site-packages/airflow/example_dags/example_sensors.py
[2026-03-25T11:19:51.791+0000] {logging_mixin.py:188} INFO - [2026-03-25T11:19:51.791+0000] {dag.py:3096} INFO - Sync 1 DAGs
[2026-03-25T11:19:51.807+0000] {logging_mixin.py:188} INFO - [2026-03-25T11:19:51.806+0000] {dag.py:3954} INFO - Setting next_dagrun for example_sensors to None, run_after=None
[2026-03-25T11:19:51.849+0000] {processor.py:183} INFO - Processing /home/airflow/.local/lib/python3.12/site-packages/airflow/example_dags/example_sensors.py took 0.110 seconds
[2026-03-25T11:20:23.709+0000] {processor.py:161} INFO - Started process (PID=624) to work on /home/airflow/.local/lib/python3.12/site-packages/airflow/example_dags/example_sensors.py
[2026-03-25T11:20:23.710+0000] {processor.py:830} INFO - Processing file /home/airflow/.local/lib/python3.12/site-packages/airflow/example_dags/example_sensors.py for tasks to queue
[2026-03-25T11:20:23.712+0000] {logging_mixin.py:188} INFO - [2026-03-25T11:20:23.711+0000] {dagbag.py:540} INFO - Filling up the DagBag from /home/airflow/.local/lib/python3.12/site-packages/airflow/example_dags/example_sensors.py
[2026-03-25T11:20:23.720+0000] {processor.py:840} INFO - DAG(s) 'example_sensors' retrieved from /home/airflow/.local/lib/python3.12/site-packages/airflow/example_dags/example_sensors.py
[2026-03-25T11:20:23.746+0000] {logging_mixin.py:188} INFO - [2026-03-25T11:20:23.745+0000] {dag.py:3096} INFO - Sync 1 DAGs
[2026-03-25T11:20:23.759+0000] {logging_mixin.py:188} INFO - [2026-03-25T11:20:23.758+0000] {dag.py:3954} INFO - Setting next_dagrun for example_sensors to None, run_after=None
[2026-03-25T11:20:23.801+0000] {processor.py:183} INFO - Processing /home/airflow/.local/lib/python3.12/site-packages/airflow/example_dags/example_sensors.py took 0.098 seconds
[2026-03-25T11:20:56.405+0000] {processor.py:161} INFO - Started process (PID=683) to work on /home/airflow/.local/lib/python3.12/site-packages/airflow/example_dags/example_sensors.py
[2026-03-25T11:20:56.406+0000] {processor.py:830} INFO - Processing file /home/airflow/.local/lib/python3.12/site-packages/airflow/example_dags/example_sensors.py for tasks to queue
[2026-03-25T11:20:56.408+0000] {logging_mixin.py:188} INFO - [2026-03-25T11:20:56.408+0000] {dagbag.py:540} INFO - Filling up the DagBag from /home/airflow/.local/lib/python3.12/site-packages/airflow/example_dags/example_sensors.py
[2026-03-25T11:20:56.417+0000] {processor.py:840} INFO - DAG(s) 'example_sensors' retrieved from /home/airflow/.local/lib/python3.12/site-packages/airflow/example_dags/example_sensors.py
[2026-03-25T11:20:56.444+0000] {logging_mixin.py:188} INFO - [2026-03-25T11:20:56.443+0000] {dag.py:3096} INFO - Sync 1 DAGs
[2026-03-25T11:20:56.456+0000] {logging_mixin.py:188} INFO - [2026-03-25T11:20:56.456+0000] {dag.py:3954} INFO - Setting next_dagrun for example_sensors to None, run_after=None
[2026-03-25T11:20:56.504+0000] {processor.py:183} INFO - Processing /home/airflow/.local/lib/python3.12/site-packages/airflow/example_dags/example_sensors.py took 0.106 seconds
[2026-03-25T11:21:29.020+0000] {processor.py:161} INFO - Started process (PID=742) to work on /home/airflow/.local/lib/python3.12/site-packages/airflow/example_dags/example_sensors.py
[2026-03-25T11:21:29.022+0000] {processor.py:830} INFO - Processing file /home/airflow/.local/lib/python3.12/site-packages/airflow/example_dags/example_sensors.py for tasks to queue
[2026-03-25T11:21:29.024+0000] {logging_mixin.py:188} INFO - [2026-03-25T11:21:29.024+0000] {dagbag.py:540} INFO - Filling up the DagBag from /home/airflow/.local/lib/python3.12/site-packages/airflow/example_dags/example_sensors.py
[2026-03-25T11:21:29.033+0000] {processor.py:840} INFO - DAG(s) 'example_sensors' retrieved from /home/airflow/.local/lib/python3.12/site-packages/airflow/example_dags/example_sensors.py
[2026-03-25T11:21:29.068+0000] {logging_mixin.py:188} INFO - [2026-03-25T11:21:29.068+0000] {dag.py:3096} INFO - Sync 1 DAGs
[2026-03-25T11:21:29.084+0000] {logging_mixin.py:188} INFO - [2026-03-25T11:21:29.084+0000] {dag.py:3954} INFO - Setting next_dagrun for example_sensors to None, run_after=None
[2026-03-25T11:21:29.134+0000] {processor.py:183} INFO - Processing /home/airflow/.local/lib/python3.12/site-packages/airflow/example_dags/example_sensors.py took 0.120 seconds
[2026-03-25T11:22:02.390+0000] {processor.py:161} INFO - Started process (PID=801) to work on /home/airflow/.local/lib/python3.12/site-packages/airflow/example_dags/example_sensors.py
[2026-03-25T11:22:02.391+0000] {processor.py:830} INFO - Processing file /home/airflow/.local/lib/python3.12/site-packages/airflow/example_dags/example_sensors.py for tasks to queue
[2026-03-25T11:22:02.393+0000] {logging_mixin.py:188} INFO - [2026-03-25T11:22:02.393+0000] {dagbag.py:540} INFO - Filling up the DagBag from /home/airflow/.local/lib/python3.12/site-packages/airflow/example_dags/example_sensors.py
[2026-03-25T11:22:02.404+0000] {processor.py:840} INFO - DAG(s) 'example_sensors' retrieved from /home/airflow/.local/lib/python3.12/site-packages/airflow/example_dags/example_sensors.py
[2026-03-25T11:22:02.439+0000] {logging_mixin.py:188} INFO - [2026-03-25T11:22:02.439+0000] {dag.py:3096} INFO - Sync 1 DAGs
[2026-03-25T11:22:02.453+0000] {logging_mixin.py:188} INFO - [2026-03-25T11:22:02.453+0000] {dag.py:3954} INFO - Setting next_dagrun for example_sensors to None, run_after=None
[2026-03-25T11:22:02.496+0000] {processor.py:183} INFO - Processing /home/airflow/.local/lib/python3.12/site-packages/airflow/example_dags/example_sensors.py took 0.111 seconds
[2026-03-25T11:22:34.546+0000] {processor.py:161} INFO - Started process (PID=860) to work on /home/airflow/.local/lib/python3.12/site-packages/airflow/example_dags/example_sensors.py
[2026-03-25T11:22:34.548+0000] {processor.py:830} INFO - Processing file /home/airflow/.local/lib/python3.12/site-packages/airflow/example_dags/example_sensors.py for tasks to queue
[2026-03-25T11:22:34.550+0000] {logging_mixin.py:188} INFO - [2026-03-25T11:22:34.549+0000] {dagbag.py:540} INFO - Filling up the DagBag from /home/airflow/.local/lib/python3.12/site-packages/airflow/example_dags/example_sensors.py
[2026-03-25T11:22:34.561+0000] {processor.py:840} INFO - DAG(s) 'example_sensors' retrieved from /home/airflow/.local/lib/python3.12/site-packages/airflow/example_dags/example_sensors.py
[2026-03-25T11:22:34.591+0000] {logging_mixin.py:188} INFO - [2026-03-25T11:22:34.590+0000] {dag.py:3096} INFO - Sync 1 DAGs
[2026-03-25T11:22:34.607+0000] {logging_mixin.py:188} INFO - [2026-03-25T11:22:34.607+0000] {dag.py:3954} INFO - Setting next_dagrun for example_sensors to None, run_after=None
[2026-03-25T11:22:34.652+0000] {processor.py:183} INFO - Processing /home/airflow/.local/lib/python3.12/site-packages/airflow/example_dags/example_sensors.py took 0.112 seconds
[2026-03-25T11:23:07.869+0000] {processor.py:161} INFO - Started process (PID=919) to work on /home/airflow/.local/lib/python3.12/site-packages/airflow/example_dags/example_sensors.py
[2026-03-25T11:23:07.871+0000] {processor.py:830} INFO - Processing file /home/airflow/.local/lib/python3.12/site-packages/airflow/example_dags/example_sensors.py for tasks to queue
[2026-03-25T11:23:07.873+0000] {logging_mixin.py:188} INFO - [2026-03-25T11:23:07.873+0000] {dagbag.py:540} INFO - Filling up the DagBag from /home/airflow/.local/lib/python3.12/site-packages/airflow/example_dags/example_sensors.py
[2026-03-25T11:23:07.884+0000] {processor.py:840} INFO - DAG(s) 'example_sensors' retrieved from /home/airflow/.local/lib/python3.12/site-packages/airflow/example_dags/example_sensors.py
[2026-03-25T11:23:07.916+0000] {logging_mixin.py:188} INFO - [2026-03-25T11:23:07.915+0000] {dag.py:3096} INFO - Sync 1 DAGs
[2026-03-25T11:23:07.931+0000] {logging_mixin.py:188} INFO - [2026-03-25T11:23:07.931+0000] {dag.py:3954} INFO - Setting next_dagrun for example_sensors to None, run_after=None
[2026-03-25T11:23:07.987+0000] {processor.py:183} INFO - Processing /home/airflow/.local/lib/python3.12/site-packages/airflow/example_dags/example_sensors.py took 0.125 seconds
[2026-03-25T11:23:40.293+0000] {processor.py:161} INFO - Started process (PID=978) to work on /home/airflow/.local/lib/python3.12/site-packages/airflow/example_dags/example_sensors.py
[2026-03-25T11:23:40.294+0000] {processor.py:830} INFO - Processing file /home/airflow/.local/lib/python3.12/site-packages/airflow/example_dags/example_sensors.py for tasks to queue
[2026-03-25T11:23:40.296+0000] {logging_mixin.py:188} INFO - [2026-03-25T11:23:40.296+0000] {dagbag.py:540} INFO - Filling up the DagBag from /home/airflow/.local/lib/python3.12/site-packages/airflow/example_dags/example_sensors.py
[2026-03-25T11:23:40.305+0000] {processor.py:840} INFO - DAG(s) 'example_sensors' retrieved from /home/airflow/.local/lib/python3.12/site-packages/airflow/example_dags/example_sensors.py
[2026-03-25T11:23:40.331+0000] {logging_mixin.py:188} INFO - [2026-03-25T11:23:40.331+0000] {dag.py:3096} INFO - Sync 1 DAGs
[2026-03-25T11:23:40.345+0000] {logging_mixin.py:188} INFO - [2026-03-25T11:23:40.345+0000] {dag.py:3954} INFO - Setting next_dagrun for example_sensors to None, run_after=None
[2026-03-25T11:23:40.479+0000] {processor.py:183} INFO - Processing /home/airflow/.local/lib/python3.12/site-packages/airflow/example_dags/example_sensors.py took 0.192 seconds
[2026-03-25T11:24:12.460+0000] {processor.py:161} INFO - Started process (PID=1037) to work on /home/airflow/.local/lib/python3.12/site-packages/airflow/example_dags/example_sensors.py
[2026-03-25T11:24:12.461+0000] {processor.py:830} INFO - Processing file /home/airflow/.local/lib/python3.12/site-packages/airflow/example_dags/example_sensors.py for tasks to queue
[2026-03-25T11:24:12.463+0000] {logging_mixin.py:188} INFO - [2026-03-25T11:24:12.463+0000] {dagbag.py:540} INFO - Filling up the DagBag from /home/airflow/.local/lib/python3.12/site-packages/airflow/example_dags/example_sensors.py
[2026-03-25T11:24:12.472+0000] {processor.py:840} INFO - DAG(s) 'example_sensors' retrieved from /home/airflow/.local/lib/python3.12/site-packages/airflow/example_dags/example_sensors.py
[2026-03-25T11:24:12.498+0000] {logging_mixin.py:188} INFO - [2026-03-25T11:24:12.498+0000] {dag.py:3096} INFO - Sync 1 DAGs
[2026-03-25T11:24:12.512+0000] {logging_mixin.py:188} INFO - [2026-03-25T11:24:12.512+0000] {dag.py:3954} INFO - Setting next_dagrun for example_sensors to None, run_after=None
[2026-03-25T11:24:12.551+0000] {processor.py:183} INFO - Processing /home/airflow/.local/lib/python3.12/site-packages/airflow/example_dags/example_sensors.py took 0.096 seconds
[2026-03-25T11:24:46.677+0000] {processor.py:161} INFO - Started process (PID=1097) to work on /home/airflow/.local/lib/python3.12/site-packages/airflow/example_dags/example_sensors.py
[2026-03-25T11:24:46.679+0000] {processor.py:830} INFO - Processing file /home/airflow/.local/lib/python3.12/site-packages/airflow/example_dags/example_sensors.py for tasks to queue
[2026-03-25T11:24:46.682+0000] {logging_mixin.py:188} INFO - [2026-03-25T11:24:46.681+0000] {dagbag.py:540} INFO - Filling up the DagBag from /home/airflow/.local/lib/python3.12/site-packages/airflow/example_dags/example_sensors.py
[2026-03-25T11:24:46.698+0000] {processor.py:840} INFO - DAG(s) 'example_sensors' retrieved from /home/airflow/.local/lib/python3.12/site-packages/airflow/example_dags/example_sensors.py
[2026-03-25T11:24:46.739+0000] {logging_mixin.py:188} INFO - [2026-03-25T11:24:46.739+0000] {dag.py:3096} INFO - Sync 1 DAGs
[2026-03-25T11:24:46.765+0000] {logging_mixin.py:188} INFO - [2026-03-25T11:24:46.765+0000] {dag.py:3954} INFO - Setting next_dagrun for example_sensors to None, run_after=None
[2026-03-25T11:24:46.817+0000] {processor.py:183} INFO - Processing /home/airflow/.local/lib/python3.12/site-packages/airflow/example_dags/example_sensors.py took 0.149 seconds
[2026-03-25T11:25:18.224+0000] {processor.py:161} INFO - Started process (PID=1156) to work on /home/airflow/.local/lib/python3.12/site-packages/airflow/example_dags/example_sensors.py
[2026-03-25T11:25:18.225+0000] {processor.py:830} INFO - Processing file /home/airflow/.local/lib/python3.12/site-packages/airflow/example_dags/example_sensors.py for tasks to queue
[2026-03-25T11:25:18.227+0000] {logging_mixin.py:188} INFO - [2026-03-25T11:25:18.227+0000] {dagbag.py:540} INFO - Filling up the DagBag from /home/airflow/.local/lib/python3.12/site-packages/airflow/example_dags/example_sensors.py
[2026-03-25T11:25:18.236+0000] {processor.py:840} INFO - DAG(s) 'example_sensors' retrieved from /home/airflow/.local/lib/python3.12/site-packages/airflow/example_dags/example_sensors.py
[2026-03-25T11:25:18.261+0000] {logging_mixin.py:188} INFO - [2026-03-25T11:25:18.261+0000] {dag.py:3096} INFO - Sync 1 DAGs
[2026-03-25T11:25:18.273+0000] {logging_mixin.py:188} INFO - [2026-03-25T11:25:18.273+0000] {dag.py:3954} INFO - Setting next_dagrun for example_sensors to None, run_after=None
[2026-03-25T11:25:18.315+0000] {processor.py:183} INFO - Processing /home/airflow/.local/lib/python3.12/site-packages/airflow/example_dags/example_sensors.py took 0.096 seconds
[2026-03-25T11:25:51.123+0000] {processor.py:161} INFO - Started process (PID=1215) to work on /home/airflow/.local/lib/python3.12/site-packages/airflow/example_dags/example_sensors.py
[2026-03-25T11:25:51.124+0000] {processor.py:830} INFO - Processing file /home/airflow/.local/lib/python3.12/site-packages/airflow/example_dags/example_sensors.py for tasks to queue
[2026-03-25T11:25:51.126+0000] {logging_mixin.py:188} INFO - [2026-03-25T11:25:51.125+0000] {dagbag.py:540} INFO - Filling up the DagBag from /home/airflow/.local/lib/python3.12/site-packages/airflow/example_dags/example_sensors.py
[2026-03-25T11:25:51.135+0000] {processor.py:840} INFO - DAG(s) 'example_sensors' retrieved from /home/airflow/.local/lib/python3.12/site-packages/airflow/example_dags/example_sensors.py
[2026-03-25T11:25:51.160+0000] {logging_mixin.py:188} INFO - [2026-03-25T11:25:51.160+0000] {dag.py:3096} INFO - Sync 1 DAGs
[2026-03-25T11:25:51.173+0000] {logging_mixin.py:188} INFO - [2026-03-25T11:25:51.172+0000] {dag.py:3954} INFO - Setting next_dagrun for example_sensors to None, run_after=None
[2026-03-25T11:25:51.231+0000] {processor.py:183} INFO - Processing /home/airflow/.local/lib/python3.12/site-packages/airflow/example_dags/example_sensors.py took 0.114 seconds
[2026-03-25T11:26:23.938+0000] {processor.py:161} INFO - Started process (PID=1275) to work on /home/airflow/.local/lib/python3.12/site-packages/airflow/example_dags/example_sensors.py
[2026-03-25T11:26:23.939+0000] {processor.py:830} INFO - Processing file /home/airflow/.local/lib/python3.12/site-packages/airflow/example_dags/example_sensors.py for tasks to queue
[2026-03-25T11:26:23.941+0000] {logging_mixin.py:188} INFO - [2026-03-25T11:26:23.940+0000] {dagbag.py:540} INFO - Filling up the DagBag from /home/airflow/.local/lib/python3.12/site-packages/airflow/example_dags/example_sensors.py
[2026-03-25T11:26:23.950+0000] {processor.py:840} INFO - DAG(s) 'example_sensors' retrieved from /home/airflow/.local/lib/python3.12/site-packages/airflow/example_dags/example_sensors.py
[2026-03-25T11:26:23.975+0000] {logging_mixin.py:188} INFO - [2026-03-25T11:26:23.975+0000] {dag.py:3096} INFO - Sync 1 DAGs
[2026-03-25T11:26:23.987+0000] {logging_mixin.py:188} INFO - [2026-03-25T11:26:23.987+0000] {dag.py:3954} INFO - Setting next_dagrun for example_sensors to None, run_after=None
[2026-03-25T11:26:24.101+0000] {processor.py:183} INFO - Processing /home/airflow/.local/lib/python3.12/site-packages/airflow/example_dags/example_sensors.py took 0.169 seconds
[2026-03-25T11:26:56.857+0000] {processor.py:161} INFO - Started process (PID=1334) to work on /home/airflow/.local/lib/python3.12/site-packages/airflow/example_dags/example_sensors.py
[2026-03-25T11:26:56.858+0000] {processor.py:830} INFO - Processing file /home/airflow/.local/lib/python3.12/site-packages/airflow/example_dags/example_sensors.py for tasks to queue
[2026-03-25T11:26:56.861+0000] {logging_mixin.py:188} INFO - [2026-03-25T11:26:56.861+0000] {dagbag.py:540} INFO - Filling up the DagBag from /home/airflow/.local/lib/python3.12/site-packages/airflow/example_dags/example_sensors.py
[2026-03-25T11:26:56.873+0000] {processor.py:840} INFO - DAG(s) 'example_sensors' retrieved from /home/airflow/.local/lib/python3.12/site-packages/airflow/example_dags/example_sensors.py
[2026-03-25T11:26:56.903+0000] {logging_mixin.py:188} INFO - [2026-03-25T11:26:56.903+0000] {dag.py:3096} INFO - Sync 1 DAGs
[2026-03-25T11:26:56.917+0000] {logging_mixin.py:188} INFO - [2026-03-25T11:26:56.917+0000] {dag.py:3954} INFO - Setting next_dagrun for example_sensors to None, run_after=None
[2026-03-25T11:26:56.965+0000] {processor.py:183} INFO - Processing /home/airflow/.local/lib/python3.12/site-packages/airflow/example_dags/example_sensors.py took 0.115 seconds
[2026-03-25T11:27:30.569+0000] {processor.py:161} INFO - Started process (PID=1393) to work on /home/airflow/.local/lib/python3.12/site-packages/airflow/example_dags/example_sensors.py
[2026-03-25T11:27:30.572+0000] {processor.py:830} INFO - Processing file /home/airflow/.local/lib/python3.12/site-packages/airflow/example_dags/example_sensors.py for tasks to queue
[2026-03-25T11:27:30.576+0000] {logging_mixin.py:188} INFO - [2026-03-25T11:27:30.575+0000] {dagbag.py:540} INFO - Filling up the DagBag from /home/airflow/.local/lib/python3.12/site-packages/airflow/example_dags/example_sensors.py
[2026-03-25T11:27:30.608+0000] {processor.py:840} INFO - DAG(s) 'example_sensors' retrieved from /home/airflow/.local/lib/python3.12/site-packages/airflow/example_dags/example_sensors.py
[2026-03-25T11:27:30.654+0000] {logging_mixin.py:188} INFO - [2026-03-25T11:27:30.654+0000] {dag.py:3096} INFO - Sync 1 DAGs
[2026-03-25T11:27:30.671+0000] {logging_mixin.py:188} INFO - [2026-03-25T11:27:30.671+0000] {dag.py:3954} INFO - Setting next_dagrun for example_sensors to None, run_after=None
[2026-03-25T11:27:30.719+0000] {processor.py:183} INFO - Processing /home/airflow/.local/lib/python3.12/site-packages/airflow/example_dags/example_sensors.py took 0.162 seconds
[2026-03-25T11:28:02.073+0000] {processor.py:161} INFO - Started process (PID=1454) to work on /home/airflow/.local/lib/python3.12/site-packages/airflow/example_dags/example_sensors.py
[2026-03-25T11:28:02.075+0000] {processor.py:830} INFO - Processing file /home/airflow/.local/lib/python3.12/site-packages/airflow/example_dags/example_sensors.py for tasks to queue
[2026-03-25T11:28:02.077+0000] {logging_mixin.py:188} INFO - [2026-03-25T11:28:02.076+0000] {dagbag.py:540} INFO - Filling up the DagBag from /home/airflow/.local/lib/python3.12/site-packages/airflow/example_dags/example_sensors.py
[2026-03-25T11:28:02.088+0000] {processor.py:840} INFO - DAG(s) 'example_sensors' retrieved from /home/airflow/.local/lib/python3.12/site-packages/airflow/example_dags/example_sensors.py
[2026-03-25T11:28:02.117+0000] {logging_mixin.py:188} INFO - [2026-03-25T11:28:02.116+0000] {dag.py:3096} INFO - Sync 1 DAGs
[2026-03-25T11:28:02.132+0000] {logging_mixin.py:188} INFO - [2026-03-25T11:28:02.131+0000] {dag.py:3954} INFO - Setting next_dagrun for example_sensors to None, run_after=None
[2026-03-25T11:28:02.212+0000] {processor.py:183} INFO - Processing /home/airflow/.local/lib/python3.12/site-packages/airflow/example_dags/example_sensors.py took 0.145 seconds
[2026-03-25T11:28:37.648+0000] {processor.py:161} INFO - Started process (PID=1521) to work on /home/airflow/.local/lib/python3.12/site-packages/airflow/example_dags/example_sensors.py
[2026-03-25T11:28:37.649+0000] {processor.py:830} INFO - Processing file /home/airflow/.local/lib/python3.12/site-packages/airflow/example_dags/example_sensors.py for tasks to queue
[2026-03-25T11:28:37.651+0000] {logging_mixin.py:188} INFO - [2026-03-25T11:28:37.650+0000] {dagbag.py:540} INFO - Filling up the DagBag from /home/airflow/.local/lib/python3.12/site-packages/airflow/example_dags/example_sensors.py
[2026-03-25T11:28:37.659+0000] {processor.py:840} INFO - DAG(s) 'example_sensors' retrieved from /home/airflow/.local/lib/python3.12/site-packages/airflow/example_dags/example_sensors.py
[2026-03-25T11:28:37.686+0000] {logging_mixin.py:188} INFO - [2026-03-25T11:28:37.686+0000] {dag.py:3096} INFO - Sync 1 DAGs
[2026-03-25T11:28:37.700+0000] {logging_mixin.py:188} INFO - [2026-03-25T11:28:37.700+0000] {dag.py:3954} INFO - Setting next_dagrun for example_sensors to None, run_after=None
[2026-03-25T11:28:37.757+0000] {processor.py:183} INFO - Processing /home/airflow/.local/lib/python3.12/site-packages/airflow/example_dags/example_sensors.py took 0.115 seconds
[2026-03-25T11:29:08.222+0000] {processor.py:161} INFO - Started process (PID=1580) to work on /home/airflow/.local/lib/python3.12/site-packages/airflow/example_dags/example_sensors.py
[2026-03-25T11:29:08.228+0000] {processor.py:830} INFO - Processing file /home/airflow/.local/lib/python3.12/site-packages/airflow/example_dags/example_sensors.py for tasks to queue
[2026-03-25T11:29:08.241+0000] {logging_mixin.py:188} INFO - [2026-03-25T11:29:08.238+0000] {dagbag.py:540} INFO - Filling up the DagBag from /home/airflow/.local/lib/python3.12/site-packages/airflow/example_dags/example_sensors.py
[2026-03-25T11:29:08.322+0000] {processor.py:840} INFO - DAG(s) 'example_sensors' retrieved from /home/airflow/.local/lib/python3.12/site-packages/airflow/example_dags/example_sensors.py
[2026-03-25T11:29:08.510+0000] {logging_mixin.py:188} INFO - [2026-03-25T11:29:08.509+0000] {dag.py:3096} INFO - Sync 1 DAGs
[2026-03-25T11:29:08.634+0000] {logging_mixin.py:188} INFO - [2026-03-25T11:29:08.632+0000] {dag.py:3954} INFO - Setting next_dagrun for example_sensors to None, run_after=None
[2026-03-25T11:29:08.770+0000] {processor.py:183} INFO - Processing /home/airflow/.local/lib/python3.12/site-packages/airflow/example_dags/example_sensors.py took 0.599 seconds
[2026-03-25T11:29:39.694+0000] {processor.py:161} INFO - Started process (PID=1640) to work on /home/airflow/.local/lib/python3.12/site-packages/airflow/example_dags/example_sensors.py
[2026-03-25T11:29:39.696+0000] {processor.py:830} INFO - Processing file /home/airflow/.local/lib/python3.12/site-packages/airflow/example_dags/example_sensors.py for tasks to queue
[2026-03-25T11:29:39.700+0000] {logging_mixin.py:188} INFO - [2026-03-25T11:29:39.699+0000] {dagbag.py:540} INFO - Filling up the DagBag from /home/airflow/.local/lib/python3.12/site-packages/airflow/example_dags/example_sensors.py
[2026-03-25T11:29:39.714+0000] {processor.py:840} INFO - DAG(s) 'example_sensors' retrieved from /home/airflow/.local/lib/python3.12/site-packages/airflow/example_dags/example_sensors.py
[2026-03-25T11:29:39.758+0000] {logging_mixin.py:188} INFO - [2026-03-25T11:29:39.758+0000] {dag.py:3096} INFO - Sync 1 DAGs
[2026-03-25T11:29:39.775+0000] {logging_mixin.py:188} INFO - [2026-03-25T11:29:39.775+0000] {dag.py:3954} INFO - Setting next_dagrun for example_sensors to None, run_after=None
[2026-03-25T11:29:39.831+0000] {processor.py:183} INFO - Processing /home/airflow/.local/lib/python3.12/site-packages/airflow/example_dags/example_sensors.py took 0.148 seconds
[2026-03-25T11:30:12.201+0000] {processor.py:161} INFO - Started process (PID=1694) to work on /home/airflow/.local/lib/python3.12/site-packages/airflow/example_dags/example_sensors.py
[2026-03-25T11:30:12.203+0000] {processor.py:830} INFO - Processing file /home/airflow/.local/lib/python3.12/site-packages/airflow/example_dags/example_sensors.py for tasks to queue
[2026-03-25T11:30:12.207+0000] {logging_mixin.py:188} INFO - [2026-03-25T11:30:12.207+0000] {dagbag.py:540} INFO - Filling up the DagBag from /home/airflow/.local/lib/python3.12/site-packages/airflow/example_dags/example_sensors.py
[2026-03-25T11:30:12.223+0000] {processor.py:840} INFO - DAG(s) 'example_sensors' retrieved from /home/airflow/.local/lib/python3.12/site-packages/airflow/example_dags/example_sensors.py
[2026-03-25T11:30:12.275+0000] {logging_mixin.py:188} INFO - [2026-03-25T11:30:12.274+0000] {dag.py:3096} INFO - Sync 1 DAGs
[2026-03-25T11:30:12.298+0000] {logging_mixin.py:188} INFO - [2026-03-25T11:30:12.298+0000] {dag.py:3954} INFO - Setting next_dagrun for example_sensors to None, run_after=None
[2026-03-25T11:30:12.373+0000] {processor.py:183} INFO - Processing /home/airflow/.local/lib/python3.12/site-packages/airflow/example_dags/example_sensors.py took 0.182 seconds
[2026-03-25T11:30:43.914+0000] {processor.py:161} INFO - Started process (PID=1753) to work on /home/airflow/.local/lib/python3.12/site-packages/airflow/example_dags/example_sensors.py
[2026-03-25T11:30:43.915+0000] {processor.py:830} INFO - Processing file /home/airflow/.local/lib/python3.12/site-packages/airflow/example_dags/example_sensors.py for tasks to queue
[2026-03-25T11:30:43.917+0000] {logging_mixin.py:188} INFO - [2026-03-25T11:30:43.917+0000] {dagbag.py:540} INFO - Filling up the DagBag from /home/airflow/.local/lib/python3.12/site-packages/airflow/example_dags/example_sensors.py
[2026-03-25T11:30:43.926+0000] {processor.py:840} INFO - DAG(s) 'example_sensors' retrieved from /home/airflow/.local/lib/python3.12/site-packages/airflow/example_dags/example_sensors.py
[2026-03-25T11:30:43.952+0000] {logging_mixin.py:188} INFO - [2026-03-25T11:30:43.952+0000] {dag.py:3096} INFO - Sync 1 DAGs
[2026-03-25T11:30:43.965+0000] {logging_mixin.py:188} INFO - [2026-03-25T11:30:43.964+0000] {dag.py:3954} INFO - Setting next_dagrun for example_sensors to None, run_after=None
[2026-03-25T11:30:44.007+0000] {processor.py:183} INFO - Processing /home/airflow/.local/lib/python3.12/site-packages/airflow/example_dags/example_sensors.py took 0.098 seconds
[2026-03-25T11:31:16.112+0000] {processor.py:161} INFO - Started process (PID=1812) to work on /home/airflow/.local/lib/python3.12/site-packages/airflow/example_dags/example_sensors.py
[2026-03-25T11:31:16.114+0000] {processor.py:830} INFO - Processing file /home/airflow/.local/lib/python3.12/site-packages/airflow/example_dags/example_sensors.py for tasks to queue
[2026-03-25T11:31:16.118+0000] {logging_mixin.py:188} INFO - [2026-03-25T11:31:16.118+0000] {dagbag.py:540} INFO - Filling up the DagBag from /home/airflow/.local/lib/python3.12/site-packages/airflow/example_dags/example_sensors.py
[2026-03-25T11:31:16.146+0000] {processor.py:840} INFO - DAG(s) 'example_sensors' retrieved from /home/airflow/.local/lib/python3.12/site-packages/airflow/example_dags/example_sensors.py
[2026-03-25T11:31:16.189+0000] {logging_mixin.py:188} INFO - [2026-03-25T11:31:16.189+0000] {dag.py:3096} INFO - Sync 1 DAGs
[2026-03-25T11:31:16.206+0000] {logging_mixin.py:188} INFO - [2026-03-25T11:31:16.205+0000] {dag.py:3954} INFO - Setting next_dagrun for example_sensors to None, run_after=None
[2026-03-25T11:31:16.252+0000] {processor.py:183} INFO - Processing /home/airflow/.local/lib/python3.12/site-packages/airflow/example_dags/example_sensors.py took 0.151 seconds
[2026-03-25T11:31:49.281+0000] {processor.py:161} INFO - Started process (PID=1871) to work on /home/airflow/.local/lib/python3.12/site-packages/airflow/example_dags/example_sensors.py
[2026-03-25T11:31:49.282+0000] {processor.py:830} INFO - Processing file /home/airflow/.local/lib/python3.12/site-packages/airflow/example_dags/example_sensors.py for tasks to queue
[2026-03-25T11:31:49.284+0000] {logging_mixin.py:188} INFO - [2026-03-25T11:31:49.284+0000] {dagbag.py:540} INFO - Filling up the DagBag from /home/airflow/.local/lib/python3.12/site-packages/airflow/example_dags/example_sensors.py
[2026-03-25T11:31:49.292+0000] {processor.py:840} INFO - DAG(s) 'example_sensors' retrieved from /home/airflow/.local/lib/python3.12/site-packages/airflow/example_dags/example_sensors.py
[2026-03-25T11:31:49.320+0000] {logging_mixin.py:188} INFO - [2026-03-25T11:31:49.320+0000] {dag.py:3096} INFO - Sync 1 DAGs
[2026-03-25T11:31:49.333+0000] {logging_mixin.py:188} INFO - [2026-03-25T11:31:49.333+0000] {dag.py:3954} INFO - Setting next_dagrun for example_sensors to None, run_after=None
[2026-03-25T11:31:49.400+0000] {processor.py:183} INFO - Processing /home/airflow/.local/lib/python3.12/site-packages/airflow/example_dags/example_sensors.py took 0.124 seconds
[2026-03-25T11:32:21.985+0000] {processor.py:161} INFO - Started process (PID=1930) to work on /home/airflow/.local/lib/python3.12/site-packages/airflow/example_dags/example_sensors.py
[2026-03-25T11:32:21.989+0000] {processor.py:830} INFO - Processing file /home/airflow/.local/lib/python3.12/site-packages/airflow/example_dags/example_sensors.py for tasks to queue
[2026-03-25T11:32:21.994+0000] {logging_mixin.py:188} INFO - [2026-03-25T11:32:21.993+0000] {dagbag.py:540} INFO - Filling up the DagBag from /home/airflow/.local/lib/python3.12/site-packages/airflow/example_dags/example_sensors.py
[2026-03-25T11:32:22.015+0000] {processor.py:840} INFO - DAG(s) 'example_sensors' retrieved from /home/airflow/.local/lib/python3.12/site-packages/airflow/example_dags/example_sensors.py
[2026-03-25T11:32:22.047+0000] {logging_mixin.py:188} INFO - [2026-03-25T11:32:22.047+0000] {dag.py:3096} INFO - Sync 1 DAGs
[2026-03-25T11:32:22.061+0000] {logging_mixin.py:188} INFO - [2026-03-25T11:32:22.061+0000] {dag.py:3954} INFO - Setting next_dagrun for example_sensors to None, run_after=None
[2026-03-25T11:32:22.115+0000] {processor.py:183} INFO - Processing /home/airflow/.local/lib/python3.12/site-packages/airflow/example_dags/example_sensors.py took 0.136 seconds
[2026-03-25T11:34:39.770+0000] {processor.py:161} INFO - Started process (PID=98) to work on /home/airflow/.local/lib/python3.12/site-packages/airflow/example_dags/example_sensors.py
[2026-03-25T11:34:39.771+0000] {processor.py:830} INFO - Processing file /home/airflow/.local/lib/python3.12/site-packages/airflow/example_dags/example_sensors.py for tasks to queue
[2026-03-25T11:34:39.774+0000] {logging_mixin.py:188} INFO - [2026-03-25T11:34:39.773+0000] {dagbag.py:540} INFO - Filling up the DagBag from /home/airflow/.local/lib/python3.12/site-packages/airflow/example_dags/example_sensors.py
[2026-03-25T11:34:39.789+0000] {processor.py:840} INFO - DAG(s) 'example_sensors' retrieved from /home/airflow/.local/lib/python3.12/site-packages/airflow/example_dags/example_sensors.py
[2026-03-25T11:34:39.986+0000] {logging_mixin.py:188} INFO - [2026-03-25T11:34:39.986+0000] {dag.py:3096} INFO - Sync 1 DAGs
[2026-03-25T11:34:40.010+0000] {logging_mixin.py:188} INFO - [2026-03-25T11:34:40.010+0000] {dag.py:3954} INFO - Setting next_dagrun for example_sensors to None, run_after=None
[2026-03-25T11:34:40.062+0000] {processor.py:183} INFO - Processing /home/airflow/.local/lib/python3.12/site-packages/airflow/example_dags/example_sensors.py took 0.300 seconds
[2026-03-25T11:35:10.101+0000] {processor.py:161} INFO - Started process (PID=157) to work on /home/airflow/.local/lib/python3.12/site-packages/airflow/example_dags/example_sensors.py
[2026-03-25T11:35:10.102+0000] {processor.py:830} INFO - Processing file /home/airflow/.local/lib/python3.12/site-packages/airflow/example_dags/example_sensors.py for tasks to queue
[2026-03-25T11:35:10.104+0000] {logging_mixin.py:188} INFO - [2026-03-25T11:35:10.104+0000] {dagbag.py:540} INFO - Filling up the DagBag from /home/airflow/.local/lib/python3.12/site-packages/airflow/example_dags/example_sensors.py
[2026-03-25T11:35:10.113+0000] {processor.py:840} INFO - DAG(s) 'example_sensors' retrieved from /home/airflow/.local/lib/python3.12/site-packages/airflow/example_dags/example_sensors.py
[2026-03-25T11:35:10.142+0000] {logging_mixin.py:188} INFO - [2026-03-25T11:35:10.142+0000] {dag.py:3096} INFO - Sync 1 DAGs
[2026-03-25T11:35:10.156+0000] {logging_mixin.py:188} INFO - [2026-03-25T11:35:10.156+0000] {dag.py:3954} INFO - Setting next_dagrun for example_sensors to None, run_after=None
[2026-03-25T11:35:10.200+0000] {processor.py:183} INFO - Processing /home/airflow/.local/lib/python3.12/site-packages/airflow/example_dags/example_sensors.py took 0.105 seconds
[2026-03-25T11:35:41.330+0000] {processor.py:161} INFO - Started process (PID=217) to work on /home/airflow/.local/lib/python3.12/site-packages/airflow/example_dags/example_sensors.py
[2026-03-25T11:35:41.332+0000] {processor.py:830} INFO - Processing file /home/airflow/.local/lib/python3.12/site-packages/airflow/example_dags/example_sensors.py for tasks to queue
[2026-03-25T11:35:41.337+0000] {logging_mixin.py:188} INFO - [2026-03-25T11:35:41.336+0000] {dagbag.py:540} INFO - Filling up the DagBag from /home/airflow/.local/lib/python3.12/site-packages/airflow/example_dags/example_sensors.py
[2026-03-25T11:35:41.355+0000] {processor.py:840} INFO - DAG(s) 'example_sensors' retrieved from /home/airflow/.local/lib/python3.12/site-packages/airflow/example_dags/example_sensors.py
[2026-03-25T11:35:41.383+0000] {logging_mixin.py:188} INFO - [2026-03-25T11:35:41.383+0000] {dag.py:3096} INFO - Sync 1 DAGs
[2026-03-25T11:35:41.396+0000] {logging_mixin.py:188} INFO - [2026-03-25T11:35:41.395+0000] {dag.py:3954} INFO - Setting next_dagrun for example_sensors to None, run_after=None
[2026-03-25T11:35:41.454+0000] {processor.py:183} INFO - Processing /home/airflow/.local/lib/python3.12/site-packages/airflow/example_dags/example_sensors.py took 0.139 seconds
[2026-03-25T11:36:14.539+0000] {processor.py:161} INFO - Started process (PID=276) to work on /home/airflow/.local/lib/python3.12/site-packages/airflow/example_dags/example_sensors.py
[2026-03-25T11:36:14.541+0000] {processor.py:830} INFO - Processing file /home/airflow/.local/lib/python3.12/site-packages/airflow/example_dags/example_sensors.py for tasks to queue
[2026-03-25T11:36:14.543+0000] {logging_mixin.py:188} INFO - [2026-03-25T11:36:14.543+0000] {dagbag.py:540} INFO - Filling up the DagBag from /home/airflow/.local/lib/python3.12/site-packages/airflow/example_dags/example_sensors.py
[2026-03-25T11:36:14.555+0000] {processor.py:840} INFO - DAG(s) 'example_sensors' retrieved from /home/airflow/.local/lib/python3.12/site-packages/airflow/example_dags/example_sensors.py
[2026-03-25T11:36:14.586+0000] {logging_mixin.py:188} INFO - [2026-03-25T11:36:14.586+0000] {dag.py:3096} INFO - Sync 1 DAGs
[2026-03-25T11:36:14.601+0000] {logging_mixin.py:188} INFO - [2026-03-25T11:36:14.601+0000] {dag.py:3954} INFO - Setting next_dagrun for example_sensors to None, run_after=None
[2026-03-25T11:36:14.645+0000] {processor.py:183} INFO - Processing /home/airflow/.local/lib/python3.12/site-packages/airflow/example_dags/example_sensors.py took 0.113 seconds
[2026-03-25T11:36:47.402+0000] {processor.py:161} INFO - Started process (PID=335) to work on /home/airflow/.local/lib/python3.12/site-packages/airflow/example_dags/example_sensors.py
[2026-03-25T11:36:47.404+0000] {processor.py:830} INFO - Processing file /home/airflow/.local/lib/python3.12/site-packages/airflow/example_dags/example_sensors.py for tasks to queue
[2026-03-25T11:36:47.408+0000] {logging_mixin.py:188} INFO - [2026-03-25T11:36:47.407+0000] {dagbag.py:540} INFO - Filling up the DagBag from /home/airflow/.local/lib/python3.12/site-packages/airflow/example_dags/example_sensors.py
[2026-03-25T11:36:47.424+0000] {processor.py:840} INFO - DAG(s) 'example_sensors' retrieved from /home/airflow/.local/lib/python3.12/site-packages/airflow/example_dags/example_sensors.py
[2026-03-25T11:36:47.470+0000] {logging_mixin.py:188} INFO - [2026-03-25T11:36:47.470+0000] {dag.py:3096} INFO - Sync 1 DAGs
[2026-03-25T11:36:47.496+0000] {logging_mixin.py:188} INFO - [2026-03-25T11:36:47.495+0000] {dag.py:3954} INFO - Setting next_dagrun for example_sensors to None, run_after=None
[2026-03-25T11:36:47.548+0000] {processor.py:183} INFO - Processing /home/airflow/.local/lib/python3.12/site-packages/airflow/example_dags/example_sensors.py took 0.156 seconds
[2026-03-25T11:37:19.474+0000] {processor.py:161} INFO - Started process (PID=394) to work on /home/airflow/.local/lib/python3.12/site-packages/airflow/example_dags/example_sensors.py
[2026-03-25T11:37:19.475+0000] {processor.py:830} INFO - Processing file /home/airflow/.local/lib/python3.12/site-packages/airflow/example_dags/example_sensors.py for tasks to queue
[2026-03-25T11:37:19.477+0000] {logging_mixin.py:188} INFO - [2026-03-25T11:37:19.477+0000] {dagbag.py:540} INFO - Filling up the DagBag from /home/airflow/.local/lib/python3.12/site-packages/airflow/example_dags/example_sensors.py
[2026-03-25T11:37:19.490+0000] {processor.py:840} INFO - DAG(s) 'example_sensors' retrieved from /home/airflow/.local/lib/python3.12/site-packages/airflow/example_dags/example_sensors.py
[2026-03-25T11:37:19.534+0000] {logging_mixin.py:188} INFO - [2026-03-25T11:37:19.534+0000] {dag.py:3096} INFO - Sync 1 DAGs
[2026-03-25T11:37:19.553+0000] {logging_mixin.py:188} INFO - [2026-03-25T11:37:19.553+0000] {dag.py:3954} INFO - Setting next_dagrun for example_sensors to None, run_after=None
[2026-03-25T11:37:19.603+0000] {processor.py:183} INFO - Processing /home/airflow/.local/lib/python3.12/site-packages/airflow/example_dags/example_sensors.py took 0.137 seconds
[2026-03-25T11:37:51.691+0000] {processor.py:161} INFO - Started process (PID=453) to work on /home/airflow/.local/lib/python3.12/site-packages/airflow/example_dags/example_sensors.py
[2026-03-25T11:37:51.692+0000] {processor.py:830} INFO - Processing file /home/airflow/.local/lib/python3.12/site-packages/airflow/example_dags/example_sensors.py for tasks to queue
[2026-03-25T11:37:51.694+0000] {logging_mixin.py:188} INFO - [2026-03-25T11:37:51.694+0000] {dagbag.py:540} INFO - Filling up the DagBag from /home/airflow/.local/lib/python3.12/site-packages/airflow/example_dags/example_sensors.py
[2026-03-25T11:37:51.703+0000] {processor.py:840} INFO - DAG(s) 'example_sensors' retrieved from /home/airflow/.local/lib/python3.12/site-packages/airflow/example_dags/example_sensors.py
[2026-03-25T11:37:51.729+0000] {logging_mixin.py:188} INFO - [2026-03-25T11:37:51.728+0000] {dag.py:3096} INFO - Sync 1 DAGs
[2026-03-25T11:37:51.741+0000] {logging_mixin.py:188} INFO - [2026-03-25T11:37:51.741+0000] {dag.py:3954} INFO - Setting next_dagrun for example_sensors to None, run_after=None
[2026-03-25T11:37:51.781+0000] {processor.py:183} INFO - Processing /home/airflow/.local/lib/python3.12/site-packages/airflow/example_dags/example_sensors.py took 0.096 seconds
[2026-03-25T11:38:23.596+0000] {processor.py:161} INFO - Started process (PID=506) to work on /home/airflow/.local/lib/python3.12/site-packages/airflow/example_dags/example_sensors.py
[2026-03-25T11:38:23.599+0000] {processor.py:830} INFO - Processing file /home/airflow/.local/lib/python3.12/site-packages/airflow/example_dags/example_sensors.py for tasks to queue
[2026-03-25T11:38:23.602+0000] {logging_mixin.py:188} INFO - [2026-03-25T11:38:23.601+0000] {dagbag.py:540} INFO - Filling up the DagBag from /home/airflow/.local/lib/python3.12/site-packages/airflow/example_dags/example_sensors.py
[2026-03-25T11:38:23.614+0000] {processor.py:840} INFO - DAG(s) 'example_sensors' retrieved from /home/airflow/.local/lib/python3.12/site-packages/airflow/example_dags/example_sensors.py
[2026-03-25T11:38:23.648+0000] {logging_mixin.py:188} INFO - [2026-03-25T11:38:23.648+0000] {dag.py:3096} INFO - Sync 1 DAGs
[2026-03-25T11:38:23.665+0000] {logging_mixin.py:188} INFO - [2026-03-25T11:38:23.665+0000] {dag.py:3954} INFO - Setting next_dagrun for example_sensors to None, run_after=None
[2026-03-25T11:38:23.748+0000] {processor.py:183} INFO - Processing /home/airflow/.local/lib/python3.12/site-packages/airflow/example_dags/example_sensors.py took 0.160 seconds
[2026-03-25T11:38:56.486+0000] {processor.py:161} INFO - Started process (PID=565) to work on /home/airflow/.local/lib/python3.12/site-packages/airflow/example_dags/example_sensors.py
[2026-03-25T11:38:56.487+0000] {processor.py:830} INFO - Processing file /home/airflow/.local/lib/python3.12/site-packages/airflow/example_dags/example_sensors.py for tasks to queue
[2026-03-25T11:38:56.489+0000] {logging_mixin.py:188} INFO - [2026-03-25T11:38:56.489+0000] {dagbag.py:540} INFO - Filling up the DagBag from /home/airflow/.local/lib/python3.12/site-packages/airflow/example_dags/example_sensors.py
[2026-03-25T11:38:56.498+0000] {processor.py:840} INFO - DAG(s) 'example_sensors' retrieved from /home/airflow/.local/lib/python3.12/site-packages/airflow/example_dags/example_sensors.py
[2026-03-25T11:38:56.524+0000] {logging_mixin.py:188} INFO - [2026-03-25T11:38:56.524+0000] {dag.py:3096} INFO - Sync 1 DAGs
[2026-03-25T11:38:56.537+0000] {logging_mixin.py:188} INFO - [2026-03-25T11:38:56.536+0000] {dag.py:3954} INFO - Setting next_dagrun for example_sensors to None, run_after=None
[2026-03-25T11:38:56.577+0000] {processor.py:183} INFO - Processing /home/airflow/.local/lib/python3.12/site-packages/airflow/example_dags/example_sensors.py took 0.097 seconds
[2026-03-25T11:39:29.052+0000] {processor.py:161} INFO - Started process (PID=624) to work on /home/airflow/.local/lib/python3.12/site-packages/airflow/example_dags/example_sensors.py
[2026-03-25T11:39:29.053+0000] {processor.py:830} INFO - Processing file /home/airflow/.local/lib/python3.12/site-packages/airflow/example_dags/example_sensors.py for tasks to queue
[2026-03-25T11:39:29.055+0000] {logging_mixin.py:188} INFO - [2026-03-25T11:39:29.055+0000] {dagbag.py:540} INFO - Filling up the DagBag from /home/airflow/.local/lib/python3.12/site-packages/airflow/example_dags/example_sensors.py
[2026-03-25T11:39:29.065+0000] {processor.py:840} INFO - DAG(s) 'example_sensors' retrieved from /home/airflow/.local/lib/python3.12/site-packages/airflow/example_dags/example_sensors.py
[2026-03-25T11:39:29.092+0000] {logging_mixin.py:188} INFO - [2026-03-25T11:39:29.091+0000] {dag.py:3096} INFO - Sync 1 DAGs
[2026-03-25T11:39:29.110+0000] {logging_mixin.py:188} INFO - [2026-03-25T11:39:29.109+0000] {dag.py:3954} INFO - Setting next_dagrun for example_sensors to None, run_after=None
[2026-03-25T11:39:29.219+0000] {processor.py:183} INFO - Processing /home/airflow/.local/lib/python3.12/site-packages/airflow/example_dags/example_sensors.py took 0.173 seconds
[2026-03-25T11:40:02.570+0000] {processor.py:161} INFO - Started process (PID=683) to work on /home/airflow/.local/lib/python3.12/site-packages/airflow/example_dags/example_sensors.py
[2026-03-25T11:40:02.571+0000] {processor.py:830} INFO - Processing file /home/airflow/.local/lib/python3.12/site-packages/airflow/example_dags/example_sensors.py for tasks to queue
[2026-03-25T11:40:02.574+0000] {logging_mixin.py:188} INFO - [2026-03-25T11:40:02.574+0000] {dagbag.py:540} INFO - Filling up the DagBag from /home/airflow/.local/lib/python3.12/site-packages/airflow/example_dags/example_sensors.py
[2026-03-25T11:40:02.592+0000] {processor.py:840} INFO - DAG(s) 'example_sensors' retrieved from /home/airflow/.local/lib/python3.12/site-packages/airflow/example_dags/example_sensors.py
[2026-03-25T11:40:02.643+0000] {logging_mixin.py:188} INFO - [2026-03-25T11:40:02.642+0000] {dag.py:3096} INFO - Sync 1 DAGs
[2026-03-25T11:40:02.665+0000] {logging_mixin.py:188} INFO - [2026-03-25T11:40:02.665+0000] {dag.py:3954} INFO - Setting next_dagrun for example_sensors to None, run_after=None
[2026-03-25T11:40:02.719+0000] {processor.py:183} INFO - Processing /home/airflow/.local/lib/python3.12/site-packages/airflow/example_dags/example_sensors.py took 0.158 seconds
[2026-03-25T11:40:34.433+0000] {processor.py:161} INFO - Started process (PID=742) to work on /home/airflow/.local/lib/python3.12/site-packages/airflow/example_dags/example_sensors.py
[2026-03-25T11:40:34.434+0000] {processor.py:830} INFO - Processing file /home/airflow/.local/lib/python3.12/site-packages/airflow/example_dags/example_sensors.py for tasks to queue
[2026-03-25T11:40:34.436+0000] {logging_mixin.py:188} INFO - [2026-03-25T11:40:34.436+0000] {dagbag.py:540} INFO - Filling up the DagBag from /home/airflow/.local/lib/python3.12/site-packages/airflow/example_dags/example_sensors.py
[2026-03-25T11:40:34.445+0000] {processor.py:840} INFO - DAG(s) 'example_sensors' retrieved from /home/airflow/.local/lib/python3.12/site-packages/airflow/example_dags/example_sensors.py
[2026-03-25T11:40:34.472+0000] {logging_mixin.py:188} INFO - [2026-03-25T11:40:34.472+0000] {dag.py:3096} INFO - Sync 1 DAGs
[2026-03-25T11:40:34.484+0000] {logging_mixin.py:188} INFO - [2026-03-25T11:40:34.484+0000] {dag.py:3954} INFO - Setting next_dagrun for example_sensors to None, run_after=None
[2026-03-25T11:40:34.610+0000] {processor.py:183} INFO - Processing /home/airflow/.local/lib/python3.12/site-packages/airflow/example_dags/example_sensors.py took 0.183 seconds
[2026-03-25T11:41:07.462+0000] {processor.py:161} INFO - Started process (PID=801) to work on /home/airflow/.local/lib/python3.12/site-packages/airflow/example_dags/example_sensors.py
[2026-03-25T11:41:07.463+0000] {processor.py:830} INFO - Processing file /home/airflow/.local/lib/python3.12/site-packages/airflow/example_dags/example_sensors.py for tasks to queue
[2026-03-25T11:41:07.466+0000] {logging_mixin.py:188} INFO - [2026-03-25T11:41:07.465+0000] {dagbag.py:540} INFO - Filling up the DagBag from /home/airflow/.local/lib/python3.12/site-packages/airflow/example_dags/example_sensors.py
[2026-03-25T11:41:07.475+0000] {processor.py:840} INFO - DAG(s) 'example_sensors' retrieved from /home/airflow/.local/lib/python3.12/site-packages/airflow/example_dags/example_sensors.py
[2026-03-25T11:41:07.505+0000] {logging_mixin.py:188} INFO - [2026-03-25T11:41:07.505+0000] {dag.py:3096} INFO - Sync 1 DAGs
[2026-03-25T11:41:07.523+0000] {logging_mixin.py:188} INFO - [2026-03-25T11:41:07.523+0000] {dag.py:3954} INFO - Setting next_dagrun for example_sensors to None, run_after=None
[2026-03-25T11:41:07.574+0000] {processor.py:183} INFO - Processing /home/airflow/.local/lib/python3.12/site-packages/airflow/example_dags/example_sensors.py took 0.118 seconds
[2026-03-25T11:41:41.759+0000] {processor.py:161} INFO - Started process (PID=866) to work on /home/airflow/.local/lib/python3.12/site-packages/airflow/example_dags/example_sensors.py
[2026-03-25T11:41:41.760+0000] {processor.py:830} INFO - Processing file /home/airflow/.local/lib/python3.12/site-packages/airflow/example_dags/example_sensors.py for tasks to queue
[2026-03-25T11:41:41.762+0000] {logging_mixin.py:188} INFO - [2026-03-25T11:41:41.762+0000] {dagbag.py:540} INFO - Filling up the DagBag from /home/airflow/.local/lib/python3.12/site-packages/airflow/example_dags/example_sensors.py
[2026-03-25T11:41:41.771+0000] {processor.py:840} INFO - DAG(s) 'example_sensors' retrieved from /home/airflow/.local/lib/python3.12/site-packages/airflow/example_dags/example_sensors.py
[2026-03-25T11:41:41.797+0000] {logging_mixin.py:188} INFO - [2026-03-25T11:41:41.796+0000] {dag.py:3096} INFO - Sync 1 DAGs
[2026-03-25T11:41:41.809+0000] {logging_mixin.py:188} INFO - [2026-03-25T11:41:41.809+0000] {dag.py:3954} INFO - Setting next_dagrun for example_sensors to None, run_after=None
[2026-03-25T11:41:41.848+0000] {processor.py:183} INFO - Processing /home/airflow/.local/lib/python3.12/site-packages/airflow/example_dags/example_sensors.py took 0.095 seconds
[2026-03-25T11:42:12.683+0000] {processor.py:161} INFO - Started process (PID=919) to work on /home/airflow/.local/lib/python3.12/site-packages/airflow/example_dags/example_sensors.py
[2026-03-25T11:42:12.685+0000] {processor.py:830} INFO - Processing file /home/airflow/.local/lib/python3.12/site-packages/airflow/example_dags/example_sensors.py for tasks to queue
[2026-03-25T11:42:12.687+0000] {logging_mixin.py:188} INFO - [2026-03-25T11:42:12.686+0000] {dagbag.py:540} INFO - Filling up the DagBag from /home/airflow/.local/lib/python3.12/site-packages/airflow/example_dags/example_sensors.py
[2026-03-25T11:42:12.697+0000] {processor.py:840} INFO - DAG(s) 'example_sensors' retrieved from /home/airflow/.local/lib/python3.12/site-packages/airflow/example_dags/example_sensors.py
[2026-03-25T11:42:12.725+0000] {logging_mixin.py:188} INFO - [2026-03-25T11:42:12.725+0000] {dag.py:3096} INFO - Sync 1 DAGs
[2026-03-25T11:42:12.739+0000] {logging_mixin.py:188} INFO - [2026-03-25T11:42:12.739+0000] {dag.py:3954} INFO - Setting next_dagrun for example_sensors to None, run_after=None
[2026-03-25T11:42:12.788+0000] {processor.py:183} INFO - Processing /home/airflow/.local/lib/python3.12/site-packages/airflow/example_dags/example_sensors.py took 0.111 seconds
[2026-03-25T11:42:45.698+0000] {processor.py:161} INFO - Started process (PID=978) to work on /home/airflow/.local/lib/python3.12/site-packages/airflow/example_dags/example_sensors.py
[2026-03-25T11:42:45.700+0000] {processor.py:830} INFO - Processing file /home/airflow/.local/lib/python3.12/site-packages/airflow/example_dags/example_sensors.py for tasks to queue
[2026-03-25T11:42:45.703+0000] {logging_mixin.py:188} INFO - [2026-03-25T11:42:45.702+0000] {dagbag.py:540} INFO - Filling up the DagBag from /home/airflow/.local/lib/python3.12/site-packages/airflow/example_dags/example_sensors.py
[2026-03-25T11:42:45.714+0000] {processor.py:840} INFO - DAG(s) 'example_sensors' retrieved from /home/airflow/.local/lib/python3.12/site-packages/airflow/example_dags/example_sensors.py
[2026-03-25T11:42:45.750+0000] {logging_mixin.py:188} INFO - [2026-03-25T11:42:45.750+0000] {dag.py:3096} INFO - Sync 1 DAGs
[2026-03-25T11:42:45.767+0000] {logging_mixin.py:188} INFO - [2026-03-25T11:42:45.767+0000] {dag.py:3954} INFO - Setting next_dagrun for example_sensors to None, run_after=None
[2026-03-25T11:42:45.829+0000] {processor.py:183} INFO - Processing /home/airflow/.local/lib/python3.12/site-packages/airflow/example_dags/example_sensors.py took 0.138 seconds
[2026-03-25T11:43:19.035+0000] {processor.py:161} INFO - Started process (PID=1037) to work on /home/airflow/.local/lib/python3.12/site-packages/airflow/example_dags/example_sensors.py
[2026-03-25T11:43:19.037+0000] {processor.py:830} INFO - Processing file /home/airflow/.local/lib/python3.12/site-packages/airflow/example_dags/example_sensors.py for tasks to queue
[2026-03-25T11:43:19.039+0000] {logging_mixin.py:188} INFO - [2026-03-25T11:43:19.038+0000] {dagbag.py:540} INFO - Filling up the DagBag from /home/airflow/.local/lib/python3.12/site-packages/airflow/example_dags/example_sensors.py
[2026-03-25T11:43:19.051+0000] {processor.py:840} INFO - DAG(s) 'example_sensors' retrieved from /home/airflow/.local/lib/python3.12/site-packages/airflow/example_dags/example_sensors.py
[2026-03-25T11:43:19.089+0000] {logging_mixin.py:188} INFO - [2026-03-25T11:43:19.089+0000] {dag.py:3096} INFO - Sync 1 DAGs
[2026-03-25T11:43:19.107+0000] {logging_mixin.py:188} INFO - [2026-03-25T11:43:19.106+0000] {dag.py:3954} INFO - Setting next_dagrun for example_sensors to None, run_after=None
[2026-03-25T11:43:19.151+0000] {processor.py:183} INFO - Processing /home/airflow/.local/lib/python3.12/site-packages/airflow/example_dags/example_sensors.py took 0.122 seconds
[2026-03-25T11:43:52.444+0000] {processor.py:161} INFO - Started process (PID=1102) to work on /home/airflow/.local/lib/python3.12/site-packages/airflow/example_dags/example_sensors.py
[2026-03-25T11:43:52.445+0000] {processor.py:830} INFO - Processing file /home/airflow/.local/lib/python3.12/site-packages/airflow/example_dags/example_sensors.py for tasks to queue
[2026-03-25T11:43:52.448+0000] {logging_mixin.py:188} INFO - [2026-03-25T11:43:52.447+0000] {dagbag.py:540} INFO - Filling up the DagBag from /home/airflow/.local/lib/python3.12/site-packages/airflow/example_dags/example_sensors.py
[2026-03-25T11:43:52.458+0000] {processor.py:840} INFO - DAG(s) 'example_sensors' retrieved from /home/airflow/.local/lib/python3.12/site-packages/airflow/example_dags/example_sensors.py
[2026-03-25T11:43:52.494+0000] {logging_mixin.py:188} INFO - [2026-03-25T11:43:52.494+0000] {dag.py:3096} INFO - Sync 1 DAGs
[2026-03-25T11:43:52.511+0000] {logging_mixin.py:188} INFO - [2026-03-25T11:43:52.511+0000] {dag.py:3954} INFO - Setting next_dagrun for example_sensors to None, run_after=None
[2026-03-25T11:43:52.554+0000] {processor.py:183} INFO - Processing /home/airflow/.local/lib/python3.12/site-packages/airflow/example_dags/example_sensors.py took 0.119 seconds
[2026-03-25T11:44:23.707+0000] {processor.py:161} INFO - Started process (PID=1155) to work on /home/airflow/.local/lib/python3.12/site-packages/airflow/example_dags/example_sensors.py
[2026-03-25T11:44:23.708+0000] {processor.py:830} INFO - Processing file /home/airflow/.local/lib/python3.12/site-packages/airflow/example_dags/example_sensors.py for tasks to queue
[2026-03-25T11:44:23.711+0000] {logging_mixin.py:188} INFO - [2026-03-25T11:44:23.710+0000] {dagbag.py:540} INFO - Filling up the DagBag from /home/airflow/.local/lib/python3.12/site-packages/airflow/example_dags/example_sensors.py
[2026-03-25T11:44:23.726+0000] {processor.py:840} INFO - DAG(s) 'example_sensors' retrieved from /home/airflow/.local/lib/python3.12/site-packages/airflow/example_dags/example_sensors.py
[2026-03-25T11:44:23.758+0000] {logging_mixin.py:188} INFO - [2026-03-25T11:44:23.757+0000] {dag.py:3096} INFO - Sync 1 DAGs
[2026-03-25T11:44:23.772+0000] {logging_mixin.py:188} INFO - [2026-03-25T11:44:23.771+0000] {dag.py:3954} INFO - Setting next_dagrun for example_sensors to None, run_after=None
[2026-03-25T11:44:23.828+0000] {processor.py:183} INFO - Processing /home/airflow/.local/lib/python3.12/site-packages/airflow/example_dags/example_sensors.py took 0.130 seconds
[2026-03-25T11:44:56.803+0000] {processor.py:161} INFO - Started process (PID=1214) to work on /home/airflow/.local/lib/python3.12/site-packages/airflow/example_dags/example_sensors.py
[2026-03-25T11:44:56.804+0000] {processor.py:830} INFO - Processing file /home/airflow/.local/lib/python3.12/site-packages/airflow/example_dags/example_sensors.py for tasks to queue
[2026-03-25T11:44:56.807+0000] {logging_mixin.py:188} INFO - [2026-03-25T11:44:56.806+0000] {dagbag.py:540} INFO - Filling up the DagBag from /home/airflow/.local/lib/python3.12/site-packages/airflow/example_dags/example_sensors.py
[2026-03-25T11:44:56.817+0000] {processor.py:840} INFO - DAG(s) 'example_sensors' retrieved from /home/airflow/.local/lib/python3.12/site-packages/airflow/example_dags/example_sensors.py
[2026-03-25T11:44:56.850+0000] {logging_mixin.py:188} INFO - [2026-03-25T11:44:56.850+0000] {dag.py:3096} INFO - Sync 1 DAGs
[2026-03-25T11:44:56.874+0000] {logging_mixin.py:188} INFO - [2026-03-25T11:44:56.874+0000] {dag.py:3954} INFO - Setting next_dagrun for example_sensors to None, run_after=None
[2026-03-25T11:44:56.944+0000] {processor.py:183} INFO - Processing /home/airflow/.local/lib/python3.12/site-packages/airflow/example_dags/example_sensors.py took 0.147 seconds
[2026-03-25T11:45:29.645+0000] {processor.py:161} INFO - Started process (PID=1273) to work on /home/airflow/.local/lib/python3.12/site-packages/airflow/example_dags/example_sensors.py
[2026-03-25T11:45:29.646+0000] {processor.py:830} INFO - Processing file /home/airflow/.local/lib/python3.12/site-packages/airflow/example_dags/example_sensors.py for tasks to queue
[2026-03-25T11:45:29.648+0000] {logging_mixin.py:188} INFO - [2026-03-25T11:45:29.648+0000] {dagbag.py:540} INFO - Filling up the DagBag from /home/airflow/.local/lib/python3.12/site-packages/airflow/example_dags/example_sensors.py
[2026-03-25T11:45:29.657+0000] {processor.py:840} INFO - DAG(s) 'example_sensors' retrieved from /home/airflow/.local/lib/python3.12/site-packages/airflow/example_dags/example_sensors.py
[2026-03-25T11:45:29.682+0000] {logging_mixin.py:188} INFO - [2026-03-25T11:45:29.682+0000] {dag.py:3096} INFO - Sync 1 DAGs
[2026-03-25T11:45:29.694+0000] {logging_mixin.py:188} INFO - [2026-03-25T11:45:29.694+0000] {dag.py:3954} INFO - Setting next_dagrun for example_sensors to None, run_after=None
[2026-03-25T11:45:29.744+0000] {processor.py:183} INFO - Processing /home/airflow/.local/lib/python3.12/site-packages/airflow/example_dags/example_sensors.py took 0.105 seconds
[2026-03-25T11:46:02.000+0000] {processor.py:161} INFO - Started process (PID=1332) to work on /home/airflow/.local/lib/python3.12/site-packages/airflow/example_dags/example_sensors.py
[2026-03-25T11:46:02.002+0000] {processor.py:830} INFO - Processing file /home/airflow/.local/lib/python3.12/site-packages/airflow/example_dags/example_sensors.py for tasks to queue
[2026-03-25T11:46:02.004+0000] {logging_mixin.py:188} INFO - [2026-03-25T11:46:02.004+0000] {dagbag.py:540} INFO - Filling up the DagBag from /home/airflow/.local/lib/python3.12/site-packages/airflow/example_dags/example_sensors.py
[2026-03-25T11:46:02.017+0000] {processor.py:840} INFO - DAG(s) 'example_sensors' retrieved from /home/airflow/.local/lib/python3.12/site-packages/airflow/example_dags/example_sensors.py
[2026-03-25T11:46:02.048+0000] {logging_mixin.py:188} INFO - [2026-03-25T11:46:02.048+0000] {dag.py:3096} INFO - Sync 1 DAGs
[2026-03-25T11:46:02.062+0000] {logging_mixin.py:188} INFO - [2026-03-25T11:46:02.062+0000] {dag.py:3954} INFO - Setting next_dagrun for example_sensors to None, run_after=None
[2026-03-25T11:46:02.105+0000] {processor.py:183} INFO - Processing /home/airflow/.local/lib/python3.12/site-packages/airflow/example_dags/example_sensors.py took 0.112 seconds
[2026-03-25T11:46:35.412+0000] {processor.py:161} INFO - Started process (PID=1391) to work on /home/airflow/.local/lib/python3.12/site-packages/airflow/example_dags/example_sensors.py
[2026-03-25T11:46:35.414+0000] {processor.py:830} INFO - Processing file /home/airflow/.local/lib/python3.12/site-packages/airflow/example_dags/example_sensors.py for tasks to queue
[2026-03-25T11:46:35.417+0000] {logging_mixin.py:188} INFO - [2026-03-25T11:46:35.416+0000] {dagbag.py:540} INFO - Filling up the DagBag from /home/airflow/.local/lib/python3.12/site-packages/airflow/example_dags/example_sensors.py
[2026-03-25T11:46:35.433+0000] {processor.py:840} INFO - DAG(s) 'example_sensors' retrieved from /home/airflow/.local/lib/python3.12/site-packages/airflow/example_dags/example_sensors.py
[2026-03-25T11:46:35.471+0000] {logging_mixin.py:188} INFO - [2026-03-25T11:46:35.471+0000] {dag.py:3096} INFO - Sync 1 DAGs
[2026-03-25T11:46:35.491+0000] {logging_mixin.py:188} INFO - [2026-03-25T11:46:35.491+0000] {dag.py:3954} INFO - Setting next_dagrun for example_sensors to None, run_after=None
[2026-03-25T11:46:35.541+0000] {processor.py:183} INFO - Processing /home/airflow/.local/lib/python3.12/site-packages/airflow/example_dags/example_sensors.py took 0.144 seconds
[2026-03-25T11:47:10.264+0000] {processor.py:161} INFO - Started process (PID=1457) to work on /home/airflow/.local/lib/python3.12/site-packages/airflow/example_dags/example_sensors.py
[2026-03-25T11:47:10.266+0000] {processor.py:830} INFO - Processing file /home/airflow/.local/lib/python3.12/site-packages/airflow/example_dags/example_sensors.py for tasks to queue
[2026-03-25T11:47:10.269+0000] {logging_mixin.py:188} INFO - [2026-03-25T11:47:10.269+0000] {dagbag.py:540} INFO - Filling up the DagBag from /home/airflow/.local/lib/python3.12/site-packages/airflow/example_dags/example_sensors.py
[2026-03-25T11:47:10.284+0000] {processor.py:840} INFO - DAG(s) 'example_sensors' retrieved from /home/airflow/.local/lib/python3.12/site-packages/airflow/example_dags/example_sensors.py
[2026-03-25T11:47:10.328+0000] {logging_mixin.py:188} INFO - [2026-03-25T11:47:10.328+0000] {dag.py:3096} INFO - Sync 1 DAGs
[2026-03-25T11:47:10.348+0000] {logging_mixin.py:188} INFO - [2026-03-25T11:47:10.347+0000] {dag.py:3954} INFO - Setting next_dagrun for example_sensors to None, run_after=None
[2026-03-25T11:47:10.404+0000] {processor.py:183} INFO - Processing /home/airflow/.local/lib/python3.12/site-packages/airflow/example_dags/example_sensors.py took 0.152 seconds
[2026-03-25T11:47:43.206+0000] {processor.py:161} INFO - Started process (PID=1516) to work on /home/airflow/.local/lib/python3.12/site-packages/airflow/example_dags/example_sensors.py
[2026-03-25T11:47:43.207+0000] {processor.py:830} INFO - Processing file /home/airflow/.local/lib/python3.12/site-packages/airflow/example_dags/example_sensors.py for tasks to queue
[2026-03-25T11:47:43.209+0000] {logging_mixin.py:188} INFO - [2026-03-25T11:47:43.209+0000] {dagbag.py:540} INFO - Filling up the DagBag from /home/airflow/.local/lib/python3.12/site-packages/airflow/example_dags/example_sensors.py
[2026-03-25T11:47:43.219+0000] {processor.py:840} INFO - DAG(s) 'example_sensors' retrieved from /home/airflow/.local/lib/python3.12/site-packages/airflow/example_dags/example_sensors.py
[2026-03-25T11:47:43.251+0000] {logging_mixin.py:188} INFO - [2026-03-25T11:47:43.251+0000] {dag.py:3096} INFO - Sync 1 DAGs
[2026-03-25T11:47:43.266+0000] {logging_mixin.py:188} INFO - [2026-03-25T11:47:43.266+0000] {dag.py:3954} INFO - Setting next_dagrun for example_sensors to None, run_after=None
[2026-03-25T11:47:43.308+0000] {processor.py:183} INFO - Processing /home/airflow/.local/lib/python3.12/site-packages/airflow/example_dags/example_sensors.py took 0.108 seconds
[2026-03-25T11:48:13.496+0000] {processor.py:161} INFO - Started process (PID=1569) to work on /home/airflow/.local/lib/python3.12/site-packages/airflow/example_dags/example_sensors.py
[2026-03-25T11:48:13.497+0000] {processor.py:830} INFO - Processing file /home/airflow/.local/lib/python3.12/site-packages/airflow/example_dags/example_sensors.py for tasks to queue
[2026-03-25T11:48:13.499+0000] {logging_mixin.py:188} INFO - [2026-03-25T11:48:13.499+0000] {dagbag.py:540} INFO - Filling up the DagBag from /home/airflow/.local/lib/python3.12/site-packages/airflow/example_dags/example_sensors.py
[2026-03-25T11:48:13.508+0000] {processor.py:840} INFO - DAG(s) 'example_sensors' retrieved from /home/airflow/.local/lib/python3.12/site-packages/airflow/example_dags/example_sensors.py
[2026-03-25T11:48:13.537+0000] {logging_mixin.py:188} INFO - [2026-03-25T11:48:13.537+0000] {dag.py:3096} INFO - Sync 1 DAGs
[2026-03-25T11:48:13.551+0000] {logging_mixin.py:188} INFO - [2026-03-25T11:48:13.551+0000] {dag.py:3954} INFO - Setting next_dagrun for example_sensors to None, run_after=None
[2026-03-25T11:48:13.598+0000] {processor.py:183} INFO - Processing /home/airflow/.local/lib/python3.12/site-packages/airflow/example_dags/example_sensors.py took 0.107 seconds
[2026-03-25T11:48:45.583+0000] {processor.py:161} INFO - Started process (PID=1628) to work on /home/airflow/.local/lib/python3.12/site-packages/airflow/example_dags/example_sensors.py
[2026-03-25T11:48:45.584+0000] {processor.py:830} INFO - Processing file /home/airflow/.local/lib/python3.12/site-packages/airflow/example_dags/example_sensors.py for tasks to queue
[2026-03-25T11:48:45.586+0000] {logging_mixin.py:188} INFO - [2026-03-25T11:48:45.586+0000] {dagbag.py:540} INFO - Filling up the DagBag from /home/airflow/.local/lib/python3.12/site-packages/airflow/example_dags/example_sensors.py
[2026-03-25T11:48:45.596+0000] {processor.py:840} INFO - DAG(s) 'example_sensors' retrieved from /home/airflow/.local/lib/python3.12/site-packages/airflow/example_dags/example_sensors.py
[2026-03-25T11:48:45.628+0000] {logging_mixin.py:188} INFO - [2026-03-25T11:48:45.627+0000] {dag.py:3096} INFO - Sync 1 DAGs
[2026-03-25T11:48:45.644+0000] {logging_mixin.py:188} INFO - [2026-03-25T11:48:45.643+0000] {dag.py:3954} INFO - Setting next_dagrun for example_sensors to None, run_after=None
[2026-03-25T11:48:45.689+0000] {processor.py:183} INFO - Processing /home/airflow/.local/lib/python3.12/site-packages/airflow/example_dags/example_sensors.py took 0.112 seconds
[2026-03-25T11:49:18.583+0000] {processor.py:161} INFO - Started process (PID=1687) to work on /home/airflow/.local/lib/python3.12/site-packages/airflow/example_dags/example_sensors.py
[2026-03-25T11:49:18.584+0000] {processor.py:830} INFO - Processing file /home/airflow/.local/lib/python3.12/site-packages/airflow/example_dags/example_sensors.py for tasks to queue
[2026-03-25T11:49:18.586+0000] {logging_mixin.py:188} INFO - [2026-03-25T11:49:18.586+0000] {dagbag.py:540} INFO - Filling up the DagBag from /home/airflow/.local/lib/python3.12/site-packages/airflow/example_dags/example_sensors.py
[2026-03-25T11:49:18.596+0000] {processor.py:840} INFO - DAG(s) 'example_sensors' retrieved from /home/airflow/.local/lib/python3.12/site-packages/airflow/example_dags/example_sensors.py
[2026-03-25T11:49:18.624+0000] {logging_mixin.py:188} INFO - [2026-03-25T11:49:18.623+0000] {dag.py:3096} INFO - Sync 1 DAGs
[2026-03-25T11:49:18.637+0000] {logging_mixin.py:188} INFO - [2026-03-25T11:49:18.637+0000] {dag.py:3954} INFO - Setting next_dagrun for example_sensors to None, run_after=None
[2026-03-25T11:49:18.687+0000] {processor.py:183} INFO - Processing /home/airflow/.local/lib/python3.12/site-packages/airflow/example_dags/example_sensors.py took 0.110 seconds
[2026-03-25T11:49:53.192+0000] {processor.py:161} INFO - Started process (PID=1746) to work on /home/airflow/.local/lib/python3.12/site-packages/airflow/example_dags/example_sensors.py
[2026-03-25T11:49:53.193+0000] {processor.py:830} INFO - Processing file /home/airflow/.local/lib/python3.12/site-packages/airflow/example_dags/example_sensors.py for tasks to queue
[2026-03-25T11:49:53.195+0000] {logging_mixin.py:188} INFO - [2026-03-25T11:49:53.195+0000] {dagbag.py:540} INFO - Filling up the DagBag from /home/airflow/.local/lib/python3.12/site-packages/airflow/example_dags/example_sensors.py
[2026-03-25T11:49:53.208+0000] {processor.py:840} INFO - DAG(s) 'example_sensors' retrieved from /home/airflow/.local/lib/python3.12/site-packages/airflow/example_dags/example_sensors.py
[2026-03-25T11:49:53.243+0000] {logging_mixin.py:188} INFO - [2026-03-25T11:49:53.243+0000] {dag.py:3096} INFO - Sync 1 DAGs
[2026-03-25T11:49:53.261+0000] {logging_mixin.py:188} INFO - [2026-03-25T11:49:53.261+0000] {dag.py:3954} INFO - Setting next_dagrun for example_sensors to None, run_after=None
[2026-03-25T11:49:53.327+0000] {processor.py:183} INFO - Processing /home/airflow/.local/lib/python3.12/site-packages/airflow/example_dags/example_sensors.py took 0.143 seconds
[2026-03-25T11:50:23.967+0000] {processor.py:161} INFO - Started process (PID=1805) to work on /home/airflow/.local/lib/python3.12/site-packages/airflow/example_dags/example_sensors.py
[2026-03-25T11:50:23.969+0000] {processor.py:830} INFO - Processing file /home/airflow/.local/lib/python3.12/site-packages/airflow/example_dags/example_sensors.py for tasks to queue
[2026-03-25T11:50:23.971+0000] {logging_mixin.py:188} INFO - [2026-03-25T11:50:23.971+0000] {dagbag.py:540} INFO - Filling up the DagBag from /home/airflow/.local/lib/python3.12/site-packages/airflow/example_dags/example_sensors.py
[2026-03-25T11:50:23.982+0000] {processor.py:840} INFO - DAG(s) 'example_sensors' retrieved from /home/airflow/.local/lib/python3.12/site-packages/airflow/example_dags/example_sensors.py
[2026-03-25T11:50:24.013+0000] {logging_mixin.py:188} INFO - [2026-03-25T11:50:24.013+0000] {dag.py:3096} INFO - Sync 1 DAGs
[2026-03-25T11:50:24.030+0000] {logging_mixin.py:188} INFO - [2026-03-25T11:50:24.030+0000] {dag.py:3954} INFO - Setting next_dagrun for example_sensors to None, run_after=None
[2026-03-25T11:50:24.079+0000] {processor.py:183} INFO - Processing /home/airflow/.local/lib/python3.12/site-packages/airflow/example_dags/example_sensors.py took 0.119 seconds
