[2026-03-25T11:15:30.444+0000] {processor.py:161} INFO - Started process (PID=74) to work on /home/airflow/.local/lib/python3.12/site-packages/airflow/example_dags/example_time_delta_sensor_async.py
[2026-03-25T11:15:30.445+0000] {processor.py:830} INFO - Processing file /home/airflow/.local/lib/python3.12/site-packages/airflow/example_dags/example_time_delta_sensor_async.py for tasks to queue
[2026-03-25T11:15:30.447+0000] {logging_mixin.py:188} INFO - [2026-03-25T11:15:30.447+0000] {dagbag.py:540} INFO - Filling up the DagBag from /home/airflow/.local/lib/python3.12/site-packages/airflow/example_dags/example_time_delta_sensor_async.py
[2026-03-25T11:15:30.453+0000] {processor.py:840} INFO - DAG(s) 'example_time_delta_sensor_async' retrieved from /home/airflow/.local/lib/python3.12/site-packages/airflow/example_dags/example_time_delta_sensor_async.py
[2026-03-25T11:15:30.601+0000] {logging_mixin.py:188} INFO - [2026-03-25T11:15:30.600+0000] {dag.py:3096} INFO - Sync 1 DAGs
[2026-03-25T11:15:30.618+0000] {logging_mixin.py:188} INFO - [2026-03-25T11:15:30.618+0000] {dag.py:3954} INFO - Setting next_dagrun for example_time_delta_sensor_async to None, run_after=None
[2026-03-25T11:15:30.716+0000] {processor.py:183} INFO - Processing /home/airflow/.local/lib/python3.12/site-packages/airflow/example_dags/example_time_delta_sensor_async.py took 0.277 seconds
[2026-03-25T11:16:01.272+0000] {processor.py:161} INFO - Started process (PID=133) to work on /home/airflow/.local/lib/python3.12/site-packages/airflow/example_dags/example_time_delta_sensor_async.py
[2026-03-25T11:16:01.273+0000] {processor.py:830} INFO - Processing file /home/airflow/.local/lib/python3.12/site-packages/airflow/example_dags/example_time_delta_sensor_async.py for tasks to queue
[2026-03-25T11:16:01.275+0000] {logging_mixin.py:188} INFO - [2026-03-25T11:16:01.275+0000] {dagbag.py:540} INFO - Filling up the DagBag from /home/airflow/.local/lib/python3.12/site-packages/airflow/example_dags/example_time_delta_sensor_async.py
[2026-03-25T11:16:01.281+0000] {processor.py:840} INFO - DAG(s) 'example_time_delta_sensor_async' retrieved from /home/airflow/.local/lib/python3.12/site-packages/airflow/example_dags/example_time_delta_sensor_async.py
[2026-03-25T11:16:01.303+0000] {logging_mixin.py:188} INFO - [2026-03-25T11:16:01.303+0000] {dag.py:3096} INFO - Sync 1 DAGs
[2026-03-25T11:16:01.316+0000] {logging_mixin.py:188} INFO - [2026-03-25T11:16:01.316+0000] {dag.py:3954} INFO - Setting next_dagrun for example_time_delta_sensor_async to None, run_after=None
[2026-03-25T11:16:01.357+0000] {processor.py:183} INFO - Processing /home/airflow/.local/lib/python3.12/site-packages/airflow/example_dags/example_time_delta_sensor_async.py took 0.094 seconds
[2026-03-25T11:16:34.387+0000] {processor.py:161} INFO - Started process (PID=192) to work on /home/airflow/.local/lib/python3.12/site-packages/airflow/example_dags/example_time_delta_sensor_async.py
[2026-03-25T11:16:34.388+0000] {processor.py:830} INFO - Processing file /home/airflow/.local/lib/python3.12/site-packages/airflow/example_dags/example_time_delta_sensor_async.py for tasks to queue
[2026-03-25T11:16:34.391+0000] {logging_mixin.py:188} INFO - [2026-03-25T11:16:34.390+0000] {dagbag.py:540} INFO - Filling up the DagBag from /home/airflow/.local/lib/python3.12/site-packages/airflow/example_dags/example_time_delta_sensor_async.py
[2026-03-25T11:16:34.398+0000] {processor.py:840} INFO - DAG(s) 'example_time_delta_sensor_async' retrieved from /home/airflow/.local/lib/python3.12/site-packages/airflow/example_dags/example_time_delta_sensor_async.py
[2026-03-25T11:16:34.428+0000] {logging_mixin.py:188} INFO - [2026-03-25T11:16:34.428+0000] {dag.py:3096} INFO - Sync 1 DAGs
[2026-03-25T11:16:34.449+0000] {logging_mixin.py:188} INFO - [2026-03-25T11:16:34.449+0000] {dag.py:3954} INFO - Setting next_dagrun for example_time_delta_sensor_async to None, run_after=None
[2026-03-25T11:16:34.501+0000] {processor.py:183} INFO - Processing /home/airflow/.local/lib/python3.12/site-packages/airflow/example_dags/example_time_delta_sensor_async.py took 0.123 seconds
[2026-03-25T11:17:07.989+0000] {processor.py:161} INFO - Started process (PID=251) to work on /home/airflow/.local/lib/python3.12/site-packages/airflow/example_dags/example_time_delta_sensor_async.py
[2026-03-25T11:17:07.991+0000] {processor.py:830} INFO - Processing file /home/airflow/.local/lib/python3.12/site-packages/airflow/example_dags/example_time_delta_sensor_async.py for tasks to queue
[2026-03-25T11:17:07.994+0000] {logging_mixin.py:188} INFO - [2026-03-25T11:17:07.993+0000] {dagbag.py:540} INFO - Filling up the DagBag from /home/airflow/.local/lib/python3.12/site-packages/airflow/example_dags/example_time_delta_sensor_async.py
[2026-03-25T11:17:08.001+0000] {processor.py:840} INFO - DAG(s) 'example_time_delta_sensor_async' retrieved from /home/airflow/.local/lib/python3.12/site-packages/airflow/example_dags/example_time_delta_sensor_async.py
[2026-03-25T11:17:08.188+0000] {logging_mixin.py:188} INFO - [2026-03-25T11:17:08.188+0000] {dag.py:3096} INFO - Sync 1 DAGs
[2026-03-25T11:17:08.198+0000] {logging_mixin.py:188} INFO - [2026-03-25T11:17:08.198+0000] {dag.py:3954} INFO - Setting next_dagrun for example_time_delta_sensor_async to None, run_after=None
[2026-03-25T11:17:08.244+0000] {processor.py:183} INFO - Processing /home/airflow/.local/lib/python3.12/site-packages/airflow/example_dags/example_time_delta_sensor_async.py took 0.263 seconds
[2026-03-25T11:17:39.120+0000] {processor.py:161} INFO - Started process (PID=310) to work on /home/airflow/.local/lib/python3.12/site-packages/airflow/example_dags/example_time_delta_sensor_async.py
[2026-03-25T11:17:39.121+0000] {processor.py:830} INFO - Processing file /home/airflow/.local/lib/python3.12/site-packages/airflow/example_dags/example_time_delta_sensor_async.py for tasks to queue
[2026-03-25T11:17:39.123+0000] {logging_mixin.py:188} INFO - [2026-03-25T11:17:39.123+0000] {dagbag.py:540} INFO - Filling up the DagBag from /home/airflow/.local/lib/python3.12/site-packages/airflow/example_dags/example_time_delta_sensor_async.py
[2026-03-25T11:17:39.127+0000] {processor.py:840} INFO - DAG(s) 'example_time_delta_sensor_async' retrieved from /home/airflow/.local/lib/python3.12/site-packages/airflow/example_dags/example_time_delta_sensor_async.py
[2026-03-25T11:17:39.148+0000] {logging_mixin.py:188} INFO - [2026-03-25T11:17:39.148+0000] {dag.py:3096} INFO - Sync 1 DAGs
[2026-03-25T11:17:39.161+0000] {logging_mixin.py:188} INFO - [2026-03-25T11:17:39.161+0000] {dag.py:3954} INFO - Setting next_dagrun for example_time_delta_sensor_async to None, run_after=None
[2026-03-25T11:17:39.231+0000] {processor.py:183} INFO - Processing /home/airflow/.local/lib/python3.12/site-packages/airflow/example_dags/example_time_delta_sensor_async.py took 0.116 seconds
[2026-03-25T11:18:11.146+0000] {processor.py:161} INFO - Started process (PID=369) to work on /home/airflow/.local/lib/python3.12/site-packages/airflow/example_dags/example_time_delta_sensor_async.py
[2026-03-25T11:18:11.147+0000] {processor.py:830} INFO - Processing file /home/airflow/.local/lib/python3.12/site-packages/airflow/example_dags/example_time_delta_sensor_async.py for tasks to queue
[2026-03-25T11:18:11.149+0000] {logging_mixin.py:188} INFO - [2026-03-25T11:18:11.148+0000] {dagbag.py:540} INFO - Filling up the DagBag from /home/airflow/.local/lib/python3.12/site-packages/airflow/example_dags/example_time_delta_sensor_async.py
[2026-03-25T11:18:11.153+0000] {processor.py:840} INFO - DAG(s) 'example_time_delta_sensor_async' retrieved from /home/airflow/.local/lib/python3.12/site-packages/airflow/example_dags/example_time_delta_sensor_async.py
[2026-03-25T11:18:11.173+0000] {logging_mixin.py:188} INFO - [2026-03-25T11:18:11.172+0000] {dag.py:3096} INFO - Sync 1 DAGs
[2026-03-25T11:18:11.185+0000] {logging_mixin.py:188} INFO - [2026-03-25T11:18:11.185+0000] {dag.py:3954} INFO - Setting next_dagrun for example_time_delta_sensor_async to None, run_after=None
[2026-03-25T11:18:11.248+0000] {processor.py:183} INFO - Processing /home/airflow/.local/lib/python3.12/site-packages/airflow/example_dags/example_time_delta_sensor_async.py took 0.108 seconds
[2026-03-25T11:18:43.887+0000] {processor.py:161} INFO - Started process (PID=422) to work on /home/airflow/.local/lib/python3.12/site-packages/airflow/example_dags/example_time_delta_sensor_async.py
[2026-03-25T11:18:43.888+0000] {processor.py:830} INFO - Processing file /home/airflow/.local/lib/python3.12/site-packages/airflow/example_dags/example_time_delta_sensor_async.py for tasks to queue
[2026-03-25T11:18:43.890+0000] {logging_mixin.py:188} INFO - [2026-03-25T11:18:43.890+0000] {dagbag.py:540} INFO - Filling up the DagBag from /home/airflow/.local/lib/python3.12/site-packages/airflow/example_dags/example_time_delta_sensor_async.py
[2026-03-25T11:18:43.894+0000] {processor.py:840} INFO - DAG(s) 'example_time_delta_sensor_async' retrieved from /home/airflow/.local/lib/python3.12/site-packages/airflow/example_dags/example_time_delta_sensor_async.py
[2026-03-25T11:18:43.918+0000] {logging_mixin.py:188} INFO - [2026-03-25T11:18:43.918+0000] {dag.py:3096} INFO - Sync 1 DAGs
[2026-03-25T11:18:43.932+0000] {logging_mixin.py:188} INFO - [2026-03-25T11:18:43.931+0000] {dag.py:3954} INFO - Setting next_dagrun for example_time_delta_sensor_async to None, run_after=None
[2026-03-25T11:18:43.995+0000] {processor.py:183} INFO - Processing /home/airflow/.local/lib/python3.12/site-packages/airflow/example_dags/example_time_delta_sensor_async.py took 0.115 seconds
[2026-03-25T11:19:16.403+0000] {processor.py:161} INFO - Started process (PID=481) to work on /home/airflow/.local/lib/python3.12/site-packages/airflow/example_dags/example_time_delta_sensor_async.py
[2026-03-25T11:19:16.404+0000] {processor.py:830} INFO - Processing file /home/airflow/.local/lib/python3.12/site-packages/airflow/example_dags/example_time_delta_sensor_async.py for tasks to queue
[2026-03-25T11:19:16.406+0000] {logging_mixin.py:188} INFO - [2026-03-25T11:19:16.406+0000] {dagbag.py:540} INFO - Filling up the DagBag from /home/airflow/.local/lib/python3.12/site-packages/airflow/example_dags/example_time_delta_sensor_async.py
[2026-03-25T11:19:16.410+0000] {processor.py:840} INFO - DAG(s) 'example_time_delta_sensor_async' retrieved from /home/airflow/.local/lib/python3.12/site-packages/airflow/example_dags/example_time_delta_sensor_async.py
[2026-03-25T11:19:16.435+0000] {logging_mixin.py:188} INFO - [2026-03-25T11:19:16.434+0000] {dag.py:3096} INFO - Sync 1 DAGs
[2026-03-25T11:19:16.452+0000] {logging_mixin.py:188} INFO - [2026-03-25T11:19:16.452+0000] {dag.py:3954} INFO - Setting next_dagrun for example_time_delta_sensor_async to None, run_after=None
[2026-03-25T11:19:16.526+0000] {processor.py:183} INFO - Processing /home/airflow/.local/lib/python3.12/site-packages/airflow/example_dags/example_time_delta_sensor_async.py took 0.128 seconds
[2026-03-25T11:19:49.944+0000] {processor.py:161} INFO - Started process (PID=546) to work on /home/airflow/.local/lib/python3.12/site-packages/airflow/example_dags/example_time_delta_sensor_async.py
[2026-03-25T11:19:49.945+0000] {processor.py:830} INFO - Processing file /home/airflow/.local/lib/python3.12/site-packages/airflow/example_dags/example_time_delta_sensor_async.py for tasks to queue
[2026-03-25T11:19:49.949+0000] {logging_mixin.py:188} INFO - [2026-03-25T11:19:49.947+0000] {dagbag.py:540} INFO - Filling up the DagBag from /home/airflow/.local/lib/python3.12/site-packages/airflow/example_dags/example_time_delta_sensor_async.py
[2026-03-25T11:19:49.957+0000] {processor.py:840} INFO - DAG(s) 'example_time_delta_sensor_async' retrieved from /home/airflow/.local/lib/python3.12/site-packages/airflow/example_dags/example_time_delta_sensor_async.py
[2026-03-25T11:19:49.985+0000] {logging_mixin.py:188} INFO - [2026-03-25T11:19:49.985+0000] {dag.py:3096} INFO - Sync 1 DAGs
[2026-03-25T11:19:50.002+0000] {logging_mixin.py:188} INFO - [2026-03-25T11:19:50.002+0000] {dag.py:3954} INFO - Setting next_dagrun for example_time_delta_sensor_async to None, run_after=None
[2026-03-25T11:19:50.054+0000] {processor.py:183} INFO - Processing /home/airflow/.local/lib/python3.12/site-packages/airflow/example_dags/example_time_delta_sensor_async.py took 0.117 seconds
[2026-03-25T11:20:22.304+0000] {processor.py:161} INFO - Started process (PID=605) to work on /home/airflow/.local/lib/python3.12/site-packages/airflow/example_dags/example_time_delta_sensor_async.py
[2026-03-25T11:20:22.305+0000] {processor.py:830} INFO - Processing file /home/airflow/.local/lib/python3.12/site-packages/airflow/example_dags/example_time_delta_sensor_async.py for tasks to queue
[2026-03-25T11:20:22.307+0000] {logging_mixin.py:188} INFO - [2026-03-25T11:20:22.307+0000] {dagbag.py:540} INFO - Filling up the DagBag from /home/airflow/.local/lib/python3.12/site-packages/airflow/example_dags/example_time_delta_sensor_async.py
[2026-03-25T11:20:22.312+0000] {processor.py:840} INFO - DAG(s) 'example_time_delta_sensor_async' retrieved from /home/airflow/.local/lib/python3.12/site-packages/airflow/example_dags/example_time_delta_sensor_async.py
[2026-03-25T11:20:22.330+0000] {logging_mixin.py:188} INFO - [2026-03-25T11:20:22.330+0000] {dag.py:3096} INFO - Sync 1 DAGs
[2026-03-25T11:20:22.342+0000] {logging_mixin.py:188} INFO - [2026-03-25T11:20:22.342+0000] {dag.py:3954} INFO - Setting next_dagrun for example_time_delta_sensor_async to None, run_after=None
[2026-03-25T11:20:22.423+0000] {processor.py:183} INFO - Processing /home/airflow/.local/lib/python3.12/site-packages/airflow/example_dags/example_time_delta_sensor_async.py took 0.125 seconds
[2026-03-25T11:20:54.846+0000] {processor.py:161} INFO - Started process (PID=658) to work on /home/airflow/.local/lib/python3.12/site-packages/airflow/example_dags/example_time_delta_sensor_async.py
[2026-03-25T11:20:54.847+0000] {processor.py:830} INFO - Processing file /home/airflow/.local/lib/python3.12/site-packages/airflow/example_dags/example_time_delta_sensor_async.py for tasks to queue
[2026-03-25T11:20:54.850+0000] {logging_mixin.py:188} INFO - [2026-03-25T11:20:54.849+0000] {dagbag.py:540} INFO - Filling up the DagBag from /home/airflow/.local/lib/python3.12/site-packages/airflow/example_dags/example_time_delta_sensor_async.py
[2026-03-25T11:20:54.854+0000] {processor.py:840} INFO - DAG(s) 'example_time_delta_sensor_async' retrieved from /home/airflow/.local/lib/python3.12/site-packages/airflow/example_dags/example_time_delta_sensor_async.py
[2026-03-25T11:20:54.875+0000] {logging_mixin.py:188} INFO - [2026-03-25T11:20:54.875+0000] {dag.py:3096} INFO - Sync 1 DAGs
[2026-03-25T11:20:54.889+0000] {logging_mixin.py:188} INFO - [2026-03-25T11:20:54.888+0000] {dag.py:3954} INFO - Setting next_dagrun for example_time_delta_sensor_async to None, run_after=None
[2026-03-25T11:20:54.931+0000] {processor.py:183} INFO - Processing /home/airflow/.local/lib/python3.12/site-packages/airflow/example_dags/example_time_delta_sensor_async.py took 0.092 seconds
[2026-03-25T11:21:27.592+0000] {processor.py:161} INFO - Started process (PID=717) to work on /home/airflow/.local/lib/python3.12/site-packages/airflow/example_dags/example_time_delta_sensor_async.py
[2026-03-25T11:21:27.594+0000] {processor.py:830} INFO - Processing file /home/airflow/.local/lib/python3.12/site-packages/airflow/example_dags/example_time_delta_sensor_async.py for tasks to queue
[2026-03-25T11:21:27.596+0000] {logging_mixin.py:188} INFO - [2026-03-25T11:21:27.595+0000] {dagbag.py:540} INFO - Filling up the DagBag from /home/airflow/.local/lib/python3.12/site-packages/airflow/example_dags/example_time_delta_sensor_async.py
[2026-03-25T11:21:27.601+0000] {processor.py:840} INFO - DAG(s) 'example_time_delta_sensor_async' retrieved from /home/airflow/.local/lib/python3.12/site-packages/airflow/example_dags/example_time_delta_sensor_async.py
[2026-03-25T11:21:27.625+0000] {logging_mixin.py:188} INFO - [2026-03-25T11:21:27.624+0000] {dag.py:3096} INFO - Sync 1 DAGs
[2026-03-25T11:21:27.639+0000] {logging_mixin.py:188} INFO - [2026-03-25T11:21:27.638+0000] {dag.py:3954} INFO - Setting next_dagrun for example_time_delta_sensor_async to None, run_after=None
[2026-03-25T11:21:27.716+0000] {processor.py:183} INFO - Processing /home/airflow/.local/lib/python3.12/site-packages/airflow/example_dags/example_time_delta_sensor_async.py took 0.131 seconds
[2026-03-25T11:22:00.397+0000] {processor.py:161} INFO - Started process (PID=776) to work on /home/airflow/.local/lib/python3.12/site-packages/airflow/example_dags/example_time_delta_sensor_async.py
[2026-03-25T11:22:00.399+0000] {processor.py:830} INFO - Processing file /home/airflow/.local/lib/python3.12/site-packages/airflow/example_dags/example_time_delta_sensor_async.py for tasks to queue
[2026-03-25T11:22:00.402+0000] {logging_mixin.py:188} INFO - [2026-03-25T11:22:00.401+0000] {dagbag.py:540} INFO - Filling up the DagBag from /home/airflow/.local/lib/python3.12/site-packages/airflow/example_dags/example_time_delta_sensor_async.py
[2026-03-25T11:22:00.409+0000] {processor.py:840} INFO - DAG(s) 'example_time_delta_sensor_async' retrieved from /home/airflow/.local/lib/python3.12/site-packages/airflow/example_dags/example_time_delta_sensor_async.py
[2026-03-25T11:22:00.435+0000] {logging_mixin.py:188} INFO - [2026-03-25T11:22:00.434+0000] {dag.py:3096} INFO - Sync 1 DAGs
[2026-03-25T11:22:00.450+0000] {logging_mixin.py:188} INFO - [2026-03-25T11:22:00.450+0000] {dag.py:3954} INFO - Setting next_dagrun for example_time_delta_sensor_async to None, run_after=None
[2026-03-25T11:22:00.565+0000] {processor.py:183} INFO - Processing /home/airflow/.local/lib/python3.12/site-packages/airflow/example_dags/example_time_delta_sensor_async.py took 0.176 seconds
[2026-03-25T11:22:33.180+0000] {processor.py:161} INFO - Started process (PID=835) to work on /home/airflow/.local/lib/python3.12/site-packages/airflow/example_dags/example_time_delta_sensor_async.py
[2026-03-25T11:22:33.181+0000] {processor.py:830} INFO - Processing file /home/airflow/.local/lib/python3.12/site-packages/airflow/example_dags/example_time_delta_sensor_async.py for tasks to queue
[2026-03-25T11:22:33.184+0000] {logging_mixin.py:188} INFO - [2026-03-25T11:22:33.183+0000] {dagbag.py:540} INFO - Filling up the DagBag from /home/airflow/.local/lib/python3.12/site-packages/airflow/example_dags/example_time_delta_sensor_async.py
[2026-03-25T11:22:33.189+0000] {processor.py:840} INFO - DAG(s) 'example_time_delta_sensor_async' retrieved from /home/airflow/.local/lib/python3.12/site-packages/airflow/example_dags/example_time_delta_sensor_async.py
[2026-03-25T11:22:33.213+0000] {logging_mixin.py:188} INFO - [2026-03-25T11:22:33.212+0000] {dag.py:3096} INFO - Sync 1 DAGs
[2026-03-25T11:22:33.226+0000] {logging_mixin.py:188} INFO - [2026-03-25T11:22:33.226+0000] {dag.py:3954} INFO - Setting next_dagrun for example_time_delta_sensor_async to None, run_after=None
[2026-03-25T11:22:33.265+0000] {processor.py:183} INFO - Processing /home/airflow/.local/lib/python3.12/site-packages/airflow/example_dags/example_time_delta_sensor_async.py took 0.092 seconds
[2026-03-25T11:23:05.907+0000] {processor.py:161} INFO - Started process (PID=894) to work on /home/airflow/.local/lib/python3.12/site-packages/airflow/example_dags/example_time_delta_sensor_async.py
[2026-03-25T11:23:05.909+0000] {processor.py:830} INFO - Processing file /home/airflow/.local/lib/python3.12/site-packages/airflow/example_dags/example_time_delta_sensor_async.py for tasks to queue
[2026-03-25T11:23:05.912+0000] {logging_mixin.py:188} INFO - [2026-03-25T11:23:05.912+0000] {dagbag.py:540} INFO - Filling up the DagBag from /home/airflow/.local/lib/python3.12/site-packages/airflow/example_dags/example_time_delta_sensor_async.py
[2026-03-25T11:23:05.919+0000] {processor.py:840} INFO - DAG(s) 'example_time_delta_sensor_async' retrieved from /home/airflow/.local/lib/python3.12/site-packages/airflow/example_dags/example_time_delta_sensor_async.py
[2026-03-25T11:23:05.948+0000] {logging_mixin.py:188} INFO - [2026-03-25T11:23:05.947+0000] {dag.py:3096} INFO - Sync 1 DAGs
[2026-03-25T11:23:05.966+0000] {logging_mixin.py:188} INFO - [2026-03-25T11:23:05.966+0000] {dag.py:3954} INFO - Setting next_dagrun for example_time_delta_sensor_async to None, run_after=None
[2026-03-25T11:23:06.012+0000] {processor.py:183} INFO - Processing /home/airflow/.local/lib/python3.12/site-packages/airflow/example_dags/example_time_delta_sensor_async.py took 0.112 seconds
[2026-03-25T11:23:38.762+0000] {processor.py:161} INFO - Started process (PID=953) to work on /home/airflow/.local/lib/python3.12/site-packages/airflow/example_dags/example_time_delta_sensor_async.py
[2026-03-25T11:23:38.763+0000] {processor.py:830} INFO - Processing file /home/airflow/.local/lib/python3.12/site-packages/airflow/example_dags/example_time_delta_sensor_async.py for tasks to queue
[2026-03-25T11:23:38.765+0000] {logging_mixin.py:188} INFO - [2026-03-25T11:23:38.765+0000] {dagbag.py:540} INFO - Filling up the DagBag from /home/airflow/.local/lib/python3.12/site-packages/airflow/example_dags/example_time_delta_sensor_async.py
[2026-03-25T11:23:38.770+0000] {processor.py:840} INFO - DAG(s) 'example_time_delta_sensor_async' retrieved from /home/airflow/.local/lib/python3.12/site-packages/airflow/example_dags/example_time_delta_sensor_async.py
[2026-03-25T11:23:38.792+0000] {logging_mixin.py:188} INFO - [2026-03-25T11:23:38.792+0000] {dag.py:3096} INFO - Sync 1 DAGs
[2026-03-25T11:23:38.805+0000] {logging_mixin.py:188} INFO - [2026-03-25T11:23:38.804+0000] {dag.py:3954} INFO - Setting next_dagrun for example_time_delta_sensor_async to None, run_after=None
[2026-03-25T11:23:38.877+0000] {processor.py:183} INFO - Processing /home/airflow/.local/lib/python3.12/site-packages/airflow/example_dags/example_time_delta_sensor_async.py took 0.121 seconds
[2026-03-25T11:24:10.893+0000] {processor.py:161} INFO - Started process (PID=1012) to work on /home/airflow/.local/lib/python3.12/site-packages/airflow/example_dags/example_time_delta_sensor_async.py
[2026-03-25T11:24:10.894+0000] {processor.py:830} INFO - Processing file /home/airflow/.local/lib/python3.12/site-packages/airflow/example_dags/example_time_delta_sensor_async.py for tasks to queue
[2026-03-25T11:24:10.897+0000] {logging_mixin.py:188} INFO - [2026-03-25T11:24:10.896+0000] {dagbag.py:540} INFO - Filling up the DagBag from /home/airflow/.local/lib/python3.12/site-packages/airflow/example_dags/example_time_delta_sensor_async.py
[2026-03-25T11:24:10.902+0000] {processor.py:840} INFO - DAG(s) 'example_time_delta_sensor_async' retrieved from /home/airflow/.local/lib/python3.12/site-packages/airflow/example_dags/example_time_delta_sensor_async.py
[2026-03-25T11:24:10.926+0000] {logging_mixin.py:188} INFO - [2026-03-25T11:24:10.926+0000] {dag.py:3096} INFO - Sync 1 DAGs
[2026-03-25T11:24:10.947+0000] {logging_mixin.py:188} INFO - [2026-03-25T11:24:10.946+0000] {dag.py:3954} INFO - Setting next_dagrun for example_time_delta_sensor_async to None, run_after=None
[2026-03-25T11:24:10.997+0000] {processor.py:183} INFO - Processing /home/airflow/.local/lib/python3.12/site-packages/airflow/example_dags/example_time_delta_sensor_async.py took 0.109 seconds
[2026-03-25T11:24:44.234+0000] {processor.py:161} INFO - Started process (PID=1072) to work on /home/airflow/.local/lib/python3.12/site-packages/airflow/example_dags/example_time_delta_sensor_async.py
[2026-03-25T11:24:44.236+0000] {processor.py:830} INFO - Processing file /home/airflow/.local/lib/python3.12/site-packages/airflow/example_dags/example_time_delta_sensor_async.py for tasks to queue
[2026-03-25T11:24:44.239+0000] {logging_mixin.py:188} INFO - [2026-03-25T11:24:44.238+0000] {dagbag.py:540} INFO - Filling up the DagBag from /home/airflow/.local/lib/python3.12/site-packages/airflow/example_dags/example_time_delta_sensor_async.py
[2026-03-25T11:24:44.247+0000] {processor.py:840} INFO - DAG(s) 'example_time_delta_sensor_async' retrieved from /home/airflow/.local/lib/python3.12/site-packages/airflow/example_dags/example_time_delta_sensor_async.py
[2026-03-25T11:24:44.277+0000] {logging_mixin.py:188} INFO - [2026-03-25T11:24:44.277+0000] {dag.py:3096} INFO - Sync 1 DAGs
[2026-03-25T11:24:44.297+0000] {logging_mixin.py:188} INFO - [2026-03-25T11:24:44.296+0000] {dag.py:3954} INFO - Setting next_dagrun for example_time_delta_sensor_async to None, run_after=None
[2026-03-25T11:24:44.349+0000] {processor.py:183} INFO - Processing /home/airflow/.local/lib/python3.12/site-packages/airflow/example_dags/example_time_delta_sensor_async.py took 0.129 seconds
[2026-03-25T11:25:16.594+0000] {processor.py:161} INFO - Started process (PID=1131) to work on /home/airflow/.local/lib/python3.12/site-packages/airflow/example_dags/example_time_delta_sensor_async.py
[2026-03-25T11:25:16.595+0000] {processor.py:830} INFO - Processing file /home/airflow/.local/lib/python3.12/site-packages/airflow/example_dags/example_time_delta_sensor_async.py for tasks to queue
[2026-03-25T11:25:16.598+0000] {logging_mixin.py:188} INFO - [2026-03-25T11:25:16.597+0000] {dagbag.py:540} INFO - Filling up the DagBag from /home/airflow/.local/lib/python3.12/site-packages/airflow/example_dags/example_time_delta_sensor_async.py
[2026-03-25T11:25:16.602+0000] {processor.py:840} INFO - DAG(s) 'example_time_delta_sensor_async' retrieved from /home/airflow/.local/lib/python3.12/site-packages/airflow/example_dags/example_time_delta_sensor_async.py
[2026-03-25T11:25:16.621+0000] {logging_mixin.py:188} INFO - [2026-03-25T11:25:16.621+0000] {dag.py:3096} INFO - Sync 1 DAGs
[2026-03-25T11:25:16.634+0000] {logging_mixin.py:188} INFO - [2026-03-25T11:25:16.633+0000] {dag.py:3954} INFO - Setting next_dagrun for example_time_delta_sensor_async to None, run_after=None
[2026-03-25T11:25:16.679+0000] {processor.py:183} INFO - Processing /home/airflow/.local/lib/python3.12/site-packages/airflow/example_dags/example_time_delta_sensor_async.py took 0.090 seconds
[2026-03-25T11:25:49.843+0000] {processor.py:161} INFO - Started process (PID=1190) to work on /home/airflow/.local/lib/python3.12/site-packages/airflow/example_dags/example_time_delta_sensor_async.py
[2026-03-25T11:25:49.844+0000] {processor.py:830} INFO - Processing file /home/airflow/.local/lib/python3.12/site-packages/airflow/example_dags/example_time_delta_sensor_async.py for tasks to queue
[2026-03-25T11:25:49.847+0000] {logging_mixin.py:188} INFO - [2026-03-25T11:25:49.847+0000] {dagbag.py:540} INFO - Filling up the DagBag from /home/airflow/.local/lib/python3.12/site-packages/airflow/example_dags/example_time_delta_sensor_async.py
[2026-03-25T11:25:49.852+0000] {processor.py:840} INFO - DAG(s) 'example_time_delta_sensor_async' retrieved from /home/airflow/.local/lib/python3.12/site-packages/airflow/example_dags/example_time_delta_sensor_async.py
[2026-03-25T11:25:49.872+0000] {logging_mixin.py:188} INFO - [2026-03-25T11:25:49.872+0000] {dag.py:3096} INFO - Sync 1 DAGs
[2026-03-25T11:25:49.884+0000] {logging_mixin.py:188} INFO - [2026-03-25T11:25:49.884+0000] {dag.py:3954} INFO - Setting next_dagrun for example_time_delta_sensor_async to None, run_after=None
[2026-03-25T11:25:49.924+0000] {processor.py:183} INFO - Processing /home/airflow/.local/lib/python3.12/site-packages/airflow/example_dags/example_time_delta_sensor_async.py took 0.086 seconds
[2026-03-25T11:26:22.617+0000] {processor.py:161} INFO - Started process (PID=1250) to work on /home/airflow/.local/lib/python3.12/site-packages/airflow/example_dags/example_time_delta_sensor_async.py
[2026-03-25T11:26:22.618+0000] {processor.py:830} INFO - Processing file /home/airflow/.local/lib/python3.12/site-packages/airflow/example_dags/example_time_delta_sensor_async.py for tasks to queue
[2026-03-25T11:26:22.620+0000] {logging_mixin.py:188} INFO - [2026-03-25T11:26:22.620+0000] {dagbag.py:540} INFO - Filling up the DagBag from /home/airflow/.local/lib/python3.12/site-packages/airflow/example_dags/example_time_delta_sensor_async.py
[2026-03-25T11:26:22.625+0000] {processor.py:840} INFO - DAG(s) 'example_time_delta_sensor_async' retrieved from /home/airflow/.local/lib/python3.12/site-packages/airflow/example_dags/example_time_delta_sensor_async.py
[2026-03-25T11:26:22.643+0000] {logging_mixin.py:188} INFO - [2026-03-25T11:26:22.643+0000] {dag.py:3096} INFO - Sync 1 DAGs
[2026-03-25T11:26:22.656+0000] {logging_mixin.py:188} INFO - [2026-03-25T11:26:22.656+0000] {dag.py:3954} INFO - Setting next_dagrun for example_time_delta_sensor_async to None, run_after=None
[2026-03-25T11:26:22.707+0000] {processor.py:183} INFO - Processing /home/airflow/.local/lib/python3.12/site-packages/airflow/example_dags/example_time_delta_sensor_async.py took 0.095 seconds
[2026-03-25T11:26:55.315+0000] {processor.py:161} INFO - Started process (PID=1309) to work on /home/airflow/.local/lib/python3.12/site-packages/airflow/example_dags/example_time_delta_sensor_async.py
[2026-03-25T11:26:55.316+0000] {processor.py:830} INFO - Processing file /home/airflow/.local/lib/python3.12/site-packages/airflow/example_dags/example_time_delta_sensor_async.py for tasks to queue
[2026-03-25T11:26:55.319+0000] {logging_mixin.py:188} INFO - [2026-03-25T11:26:55.318+0000] {dagbag.py:540} INFO - Filling up the DagBag from /home/airflow/.local/lib/python3.12/site-packages/airflow/example_dags/example_time_delta_sensor_async.py
[2026-03-25T11:26:55.323+0000] {processor.py:840} INFO - DAG(s) 'example_time_delta_sensor_async' retrieved from /home/airflow/.local/lib/python3.12/site-packages/airflow/example_dags/example_time_delta_sensor_async.py
[2026-03-25T11:26:55.343+0000] {logging_mixin.py:188} INFO - [2026-03-25T11:26:55.343+0000] {dag.py:3096} INFO - Sync 1 DAGs
[2026-03-25T11:26:55.356+0000] {logging_mixin.py:188} INFO - [2026-03-25T11:26:55.356+0000] {dag.py:3954} INFO - Setting next_dagrun for example_time_delta_sensor_async to None, run_after=None
[2026-03-25T11:26:55.422+0000] {processor.py:183} INFO - Processing /home/airflow/.local/lib/python3.12/site-packages/airflow/example_dags/example_time_delta_sensor_async.py took 0.113 seconds
[2026-03-25T11:27:27.745+0000] {processor.py:161} INFO - Started process (PID=1368) to work on /home/airflow/.local/lib/python3.12/site-packages/airflow/example_dags/example_time_delta_sensor_async.py
[2026-03-25T11:27:27.747+0000] {processor.py:830} INFO - Processing file /home/airflow/.local/lib/python3.12/site-packages/airflow/example_dags/example_time_delta_sensor_async.py for tasks to queue
[2026-03-25T11:27:27.749+0000] {logging_mixin.py:188} INFO - [2026-03-25T11:27:27.749+0000] {dagbag.py:540} INFO - Filling up the DagBag from /home/airflow/.local/lib/python3.12/site-packages/airflow/example_dags/example_time_delta_sensor_async.py
[2026-03-25T11:27:27.756+0000] {processor.py:840} INFO - DAG(s) 'example_time_delta_sensor_async' retrieved from /home/airflow/.local/lib/python3.12/site-packages/airflow/example_dags/example_time_delta_sensor_async.py
[2026-03-25T11:27:27.793+0000] {logging_mixin.py:188} INFO - [2026-03-25T11:27:27.792+0000] {dag.py:3096} INFO - Sync 1 DAGs
[2026-03-25T11:27:27.816+0000] {logging_mixin.py:188} INFO - [2026-03-25T11:27:27.816+0000] {dag.py:3954} INFO - Setting next_dagrun for example_time_delta_sensor_async to None, run_after=None
[2026-03-25T11:27:27.880+0000] {processor.py:183} INFO - Processing /home/airflow/.local/lib/python3.12/site-packages/airflow/example_dags/example_time_delta_sensor_async.py took 0.145 seconds
[2026-03-25T11:28:00.430+0000] {processor.py:161} INFO - Started process (PID=1427) to work on /home/airflow/.local/lib/python3.12/site-packages/airflow/example_dags/example_time_delta_sensor_async.py
[2026-03-25T11:28:00.431+0000] {processor.py:830} INFO - Processing file /home/airflow/.local/lib/python3.12/site-packages/airflow/example_dags/example_time_delta_sensor_async.py for tasks to queue
[2026-03-25T11:28:00.433+0000] {logging_mixin.py:188} INFO - [2026-03-25T11:28:00.433+0000] {dagbag.py:540} INFO - Filling up the DagBag from /home/airflow/.local/lib/python3.12/site-packages/airflow/example_dags/example_time_delta_sensor_async.py
[2026-03-25T11:28:00.438+0000] {processor.py:840} INFO - DAG(s) 'example_time_delta_sensor_async' retrieved from /home/airflow/.local/lib/python3.12/site-packages/airflow/example_dags/example_time_delta_sensor_async.py
[2026-03-25T11:28:00.457+0000] {logging_mixin.py:188} INFO - [2026-03-25T11:28:00.457+0000] {dag.py:3096} INFO - Sync 1 DAGs
[2026-03-25T11:28:00.473+0000] {logging_mixin.py:188} INFO - [2026-03-25T11:28:00.473+0000] {dag.py:3954} INFO - Setting next_dagrun for example_time_delta_sensor_async to None, run_after=None
[2026-03-25T11:28:00.536+0000] {processor.py:183} INFO - Processing /home/airflow/.local/lib/python3.12/site-packages/airflow/example_dags/example_time_delta_sensor_async.py took 0.112 seconds
[2026-03-25T11:28:34.655+0000] {processor.py:161} INFO - Started process (PID=1502) to work on /home/airflow/.local/lib/python3.12/site-packages/airflow/example_dags/example_time_delta_sensor_async.py
[2026-03-25T11:28:34.656+0000] {processor.py:830} INFO - Processing file /home/airflow/.local/lib/python3.12/site-packages/airflow/example_dags/example_time_delta_sensor_async.py for tasks to queue
[2026-03-25T11:28:34.659+0000] {logging_mixin.py:188} INFO - [2026-03-25T11:28:34.658+0000] {dagbag.py:540} INFO - Filling up the DagBag from /home/airflow/.local/lib/python3.12/site-packages/airflow/example_dags/example_time_delta_sensor_async.py
[2026-03-25T11:28:34.664+0000] {processor.py:840} INFO - DAG(s) 'example_time_delta_sensor_async' retrieved from /home/airflow/.local/lib/python3.12/site-packages/airflow/example_dags/example_time_delta_sensor_async.py
[2026-03-25T11:28:34.692+0000] {logging_mixin.py:188} INFO - [2026-03-25T11:28:34.692+0000] {dag.py:3096} INFO - Sync 1 DAGs
[2026-03-25T11:28:34.711+0000] {logging_mixin.py:188} INFO - [2026-03-25T11:28:34.711+0000] {dag.py:3954} INFO - Setting next_dagrun for example_time_delta_sensor_async to None, run_after=None
[2026-03-25T11:28:34.949+0000] {processor.py:183} INFO - Processing /home/airflow/.local/lib/python3.12/site-packages/airflow/example_dags/example_time_delta_sensor_async.py took 0.302 seconds
[2026-03-25T11:29:06.582+0000] {processor.py:161} INFO - Started process (PID=1555) to work on /home/airflow/.local/lib/python3.12/site-packages/airflow/example_dags/example_time_delta_sensor_async.py
[2026-03-25T11:29:06.583+0000] {processor.py:830} INFO - Processing file /home/airflow/.local/lib/python3.12/site-packages/airflow/example_dags/example_time_delta_sensor_async.py for tasks to queue
[2026-03-25T11:29:06.585+0000] {logging_mixin.py:188} INFO - [2026-03-25T11:29:06.584+0000] {dagbag.py:540} INFO - Filling up the DagBag from /home/airflow/.local/lib/python3.12/site-packages/airflow/example_dags/example_time_delta_sensor_async.py
[2026-03-25T11:29:06.589+0000] {processor.py:840} INFO - DAG(s) 'example_time_delta_sensor_async' retrieved from /home/airflow/.local/lib/python3.12/site-packages/airflow/example_dags/example_time_delta_sensor_async.py
[2026-03-25T11:29:06.611+0000] {logging_mixin.py:188} INFO - [2026-03-25T11:29:06.611+0000] {dag.py:3096} INFO - Sync 1 DAGs
[2026-03-25T11:29:06.625+0000] {logging_mixin.py:188} INFO - [2026-03-25T11:29:06.625+0000] {dag.py:3954} INFO - Setting next_dagrun for example_time_delta_sensor_async to None, run_after=None
[2026-03-25T11:29:06.673+0000] {processor.py:183} INFO - Processing /home/airflow/.local/lib/python3.12/site-packages/airflow/example_dags/example_time_delta_sensor_async.py took 0.097 seconds
[2026-03-25T11:29:37.197+0000] {processor.py:161} INFO - Started process (PID=1620) to work on /home/airflow/.local/lib/python3.12/site-packages/airflow/example_dags/example_time_delta_sensor_async.py
[2026-03-25T11:29:37.198+0000] {processor.py:830} INFO - Processing file /home/airflow/.local/lib/python3.12/site-packages/airflow/example_dags/example_time_delta_sensor_async.py for tasks to queue
[2026-03-25T11:29:37.201+0000] {logging_mixin.py:188} INFO - [2026-03-25T11:29:37.200+0000] {dagbag.py:540} INFO - Filling up the DagBag from /home/airflow/.local/lib/python3.12/site-packages/airflow/example_dags/example_time_delta_sensor_async.py
[2026-03-25T11:29:37.207+0000] {processor.py:840} INFO - DAG(s) 'example_time_delta_sensor_async' retrieved from /home/airflow/.local/lib/python3.12/site-packages/airflow/example_dags/example_time_delta_sensor_async.py
[2026-03-25T11:29:37.242+0000] {logging_mixin.py:188} INFO - [2026-03-25T11:29:37.241+0000] {dag.py:3096} INFO - Sync 1 DAGs
[2026-03-25T11:29:37.264+0000] {logging_mixin.py:188} INFO - [2026-03-25T11:29:37.264+0000] {dag.py:3954} INFO - Setting next_dagrun for example_time_delta_sensor_async to None, run_after=None
[2026-03-25T11:29:37.323+0000] {processor.py:183} INFO - Processing /home/airflow/.local/lib/python3.12/site-packages/airflow/example_dags/example_time_delta_sensor_async.py took 0.133 seconds
[2026-03-25T11:30:08.017+0000] {processor.py:161} INFO - Started process (PID=1672) to work on /home/airflow/.local/lib/python3.12/site-packages/airflow/example_dags/example_time_delta_sensor_async.py
[2026-03-25T11:30:08.019+0000] {processor.py:830} INFO - Processing file /home/airflow/.local/lib/python3.12/site-packages/airflow/example_dags/example_time_delta_sensor_async.py for tasks to queue
[2026-03-25T11:30:08.022+0000] {logging_mixin.py:188} INFO - [2026-03-25T11:30:08.021+0000] {dagbag.py:540} INFO - Filling up the DagBag from /home/airflow/.local/lib/python3.12/site-packages/airflow/example_dags/example_time_delta_sensor_async.py
[2026-03-25T11:30:08.030+0000] {processor.py:840} INFO - DAG(s) 'example_time_delta_sensor_async' retrieved from /home/airflow/.local/lib/python3.12/site-packages/airflow/example_dags/example_time_delta_sensor_async.py
[2026-03-25T11:30:08.059+0000] {logging_mixin.py:188} INFO - [2026-03-25T11:30:08.059+0000] {dag.py:3096} INFO - Sync 1 DAGs
[2026-03-25T11:30:08.077+0000] {logging_mixin.py:188} INFO - [2026-03-25T11:30:08.077+0000] {dag.py:3954} INFO - Setting next_dagrun for example_time_delta_sensor_async to None, run_after=None
[2026-03-25T11:30:08.129+0000] {processor.py:183} INFO - Processing /home/airflow/.local/lib/python3.12/site-packages/airflow/example_dags/example_time_delta_sensor_async.py took 0.122 seconds
[2026-03-25T11:30:38.175+0000] {processor.py:161} INFO - Started process (PID=1731) to work on /home/airflow/.local/lib/python3.12/site-packages/airflow/example_dags/example_time_delta_sensor_async.py
[2026-03-25T11:30:38.177+0000] {processor.py:830} INFO - Processing file /home/airflow/.local/lib/python3.12/site-packages/airflow/example_dags/example_time_delta_sensor_async.py for tasks to queue
[2026-03-25T11:30:38.179+0000] {logging_mixin.py:188} INFO - [2026-03-25T11:30:38.179+0000] {dagbag.py:540} INFO - Filling up the DagBag from /home/airflow/.local/lib/python3.12/site-packages/airflow/example_dags/example_time_delta_sensor_async.py
[2026-03-25T11:30:38.184+0000] {processor.py:840} INFO - DAG(s) 'example_time_delta_sensor_async' retrieved from /home/airflow/.local/lib/python3.12/site-packages/airflow/example_dags/example_time_delta_sensor_async.py
[2026-03-25T11:30:38.210+0000] {logging_mixin.py:188} INFO - [2026-03-25T11:30:38.209+0000] {dag.py:3096} INFO - Sync 1 DAGs
[2026-03-25T11:30:38.225+0000] {logging_mixin.py:188} INFO - [2026-03-25T11:30:38.225+0000] {dag.py:3954} INFO - Setting next_dagrun for example_time_delta_sensor_async to None, run_after=None
[2026-03-25T11:30:38.282+0000] {processor.py:183} INFO - Processing /home/airflow/.local/lib/python3.12/site-packages/airflow/example_dags/example_time_delta_sensor_async.py took 0.113 seconds
[2026-03-25T11:31:08.612+0000] {processor.py:161} INFO - Started process (PID=1790) to work on /home/airflow/.local/lib/python3.12/site-packages/airflow/example_dags/example_time_delta_sensor_async.py
[2026-03-25T11:31:08.613+0000] {processor.py:830} INFO - Processing file /home/airflow/.local/lib/python3.12/site-packages/airflow/example_dags/example_time_delta_sensor_async.py for tasks to queue
[2026-03-25T11:31:08.615+0000] {logging_mixin.py:188} INFO - [2026-03-25T11:31:08.615+0000] {dagbag.py:540} INFO - Filling up the DagBag from /home/airflow/.local/lib/python3.12/site-packages/airflow/example_dags/example_time_delta_sensor_async.py
[2026-03-25T11:31:08.620+0000] {processor.py:840} INFO - DAG(s) 'example_time_delta_sensor_async' retrieved from /home/airflow/.local/lib/python3.12/site-packages/airflow/example_dags/example_time_delta_sensor_async.py
[2026-03-25T11:31:08.642+0000] {logging_mixin.py:188} INFO - [2026-03-25T11:31:08.642+0000] {dag.py:3096} INFO - Sync 1 DAGs
[2026-03-25T11:31:08.657+0000] {logging_mixin.py:188} INFO - [2026-03-25T11:31:08.657+0000] {dag.py:3954} INFO - Setting next_dagrun for example_time_delta_sensor_async to None, run_after=None
[2026-03-25T11:31:08.704+0000] {processor.py:183} INFO - Processing /home/airflow/.local/lib/python3.12/site-packages/airflow/example_dags/example_time_delta_sensor_async.py took 0.097 seconds
[2026-03-25T11:31:38.888+0000] {processor.py:161} INFO - Started process (PID=1850) to work on /home/airflow/.local/lib/python3.12/site-packages/airflow/example_dags/example_time_delta_sensor_async.py
[2026-03-25T11:31:38.889+0000] {processor.py:830} INFO - Processing file /home/airflow/.local/lib/python3.12/site-packages/airflow/example_dags/example_time_delta_sensor_async.py for tasks to queue
[2026-03-25T11:31:38.891+0000] {logging_mixin.py:188} INFO - [2026-03-25T11:31:38.891+0000] {dagbag.py:540} INFO - Filling up the DagBag from /home/airflow/.local/lib/python3.12/site-packages/airflow/example_dags/example_time_delta_sensor_async.py
[2026-03-25T11:31:38.896+0000] {processor.py:840} INFO - DAG(s) 'example_time_delta_sensor_async' retrieved from /home/airflow/.local/lib/python3.12/site-packages/airflow/example_dags/example_time_delta_sensor_async.py
[2026-03-25T11:31:38.915+0000] {logging_mixin.py:188} INFO - [2026-03-25T11:31:38.914+0000] {dag.py:3096} INFO - Sync 1 DAGs
[2026-03-25T11:31:38.927+0000] {logging_mixin.py:188} INFO - [2026-03-25T11:31:38.927+0000] {dag.py:3954} INFO - Setting next_dagrun for example_time_delta_sensor_async to None, run_after=None
[2026-03-25T11:31:38.968+0000] {processor.py:183} INFO - Processing /home/airflow/.local/lib/python3.12/site-packages/airflow/example_dags/example_time_delta_sensor_async.py took 0.086 seconds
[2026-03-25T11:32:09.612+0000] {processor.py:161} INFO - Started process (PID=1909) to work on /home/airflow/.local/lib/python3.12/site-packages/airflow/example_dags/example_time_delta_sensor_async.py
[2026-03-25T11:32:09.613+0000] {processor.py:830} INFO - Processing file /home/airflow/.local/lib/python3.12/site-packages/airflow/example_dags/example_time_delta_sensor_async.py for tasks to queue
[2026-03-25T11:32:09.615+0000] {logging_mixin.py:188} INFO - [2026-03-25T11:32:09.615+0000] {dagbag.py:540} INFO - Filling up the DagBag from /home/airflow/.local/lib/python3.12/site-packages/airflow/example_dags/example_time_delta_sensor_async.py
[2026-03-25T11:32:09.620+0000] {processor.py:840} INFO - DAG(s) 'example_time_delta_sensor_async' retrieved from /home/airflow/.local/lib/python3.12/site-packages/airflow/example_dags/example_time_delta_sensor_async.py
[2026-03-25T11:32:09.641+0000] {logging_mixin.py:188} INFO - [2026-03-25T11:32:09.641+0000] {dag.py:3096} INFO - Sync 1 DAGs
[2026-03-25T11:32:09.658+0000] {logging_mixin.py:188} INFO - [2026-03-25T11:32:09.657+0000] {dag.py:3954} INFO - Setting next_dagrun for example_time_delta_sensor_async to None, run_after=None
[2026-03-25T11:32:09.745+0000] {processor.py:183} INFO - Processing /home/airflow/.local/lib/python3.12/site-packages/airflow/example_dags/example_time_delta_sensor_async.py took 0.139 seconds
[2026-03-25T11:34:36.391+0000] {processor.py:161} INFO - Started process (PID=79) to work on /home/airflow/.local/lib/python3.12/site-packages/airflow/example_dags/example_time_delta_sensor_async.py
[2026-03-25T11:34:36.393+0000] {processor.py:830} INFO - Processing file /home/airflow/.local/lib/python3.12/site-packages/airflow/example_dags/example_time_delta_sensor_async.py for tasks to queue
[2026-03-25T11:34:36.397+0000] {logging_mixin.py:188} INFO - [2026-03-25T11:34:36.396+0000] {dagbag.py:540} INFO - Filling up the DagBag from /home/airflow/.local/lib/python3.12/site-packages/airflow/example_dags/example_time_delta_sensor_async.py
[2026-03-25T11:34:36.407+0000] {processor.py:840} INFO - DAG(s) 'example_time_delta_sensor_async' retrieved from /home/airflow/.local/lib/python3.12/site-packages/airflow/example_dags/example_time_delta_sensor_async.py
[2026-03-25T11:34:36.586+0000] {logging_mixin.py:188} INFO - [2026-03-25T11:34:36.586+0000] {dag.py:3096} INFO - Sync 1 DAGs
[2026-03-25T11:34:36.605+0000] {logging_mixin.py:188} INFO - [2026-03-25T11:34:36.605+0000] {dag.py:3954} INFO - Setting next_dagrun for example_time_delta_sensor_async to None, run_after=None
[2026-03-25T11:34:36.657+0000] {processor.py:183} INFO - Processing /home/airflow/.local/lib/python3.12/site-packages/airflow/example_dags/example_time_delta_sensor_async.py took 0.277 seconds
[2026-03-25T11:35:07.509+0000] {processor.py:161} INFO - Started process (PID=138) to work on /home/airflow/.local/lib/python3.12/site-packages/airflow/example_dags/example_time_delta_sensor_async.py
[2026-03-25T11:35:07.510+0000] {processor.py:830} INFO - Processing file /home/airflow/.local/lib/python3.12/site-packages/airflow/example_dags/example_time_delta_sensor_async.py for tasks to queue
[2026-03-25T11:35:07.512+0000] {logging_mixin.py:188} INFO - [2026-03-25T11:35:07.511+0000] {dagbag.py:540} INFO - Filling up the DagBag from /home/airflow/.local/lib/python3.12/site-packages/airflow/example_dags/example_time_delta_sensor_async.py
[2026-03-25T11:35:07.516+0000] {processor.py:840} INFO - DAG(s) 'example_time_delta_sensor_async' retrieved from /home/airflow/.local/lib/python3.12/site-packages/airflow/example_dags/example_time_delta_sensor_async.py
[2026-03-25T11:35:07.536+0000] {logging_mixin.py:188} INFO - [2026-03-25T11:35:07.536+0000] {dag.py:3096} INFO - Sync 1 DAGs
[2026-03-25T11:35:07.550+0000] {logging_mixin.py:188} INFO - [2026-03-25T11:35:07.550+0000] {dag.py:3954} INFO - Setting next_dagrun for example_time_delta_sensor_async to None, run_after=None
[2026-03-25T11:35:07.601+0000] {processor.py:183} INFO - Processing /home/airflow/.local/lib/python3.12/site-packages/airflow/example_dags/example_time_delta_sensor_async.py took 0.097 seconds
[2026-03-25T11:35:38.432+0000] {processor.py:161} INFO - Started process (PID=191) to work on /home/airflow/.local/lib/python3.12/site-packages/airflow/example_dags/example_time_delta_sensor_async.py
[2026-03-25T11:35:38.433+0000] {processor.py:830} INFO - Processing file /home/airflow/.local/lib/python3.12/site-packages/airflow/example_dags/example_time_delta_sensor_async.py for tasks to queue
[2026-03-25T11:35:38.435+0000] {logging_mixin.py:188} INFO - [2026-03-25T11:35:38.435+0000] {dagbag.py:540} INFO - Filling up the DagBag from /home/airflow/.local/lib/python3.12/site-packages/airflow/example_dags/example_time_delta_sensor_async.py
[2026-03-25T11:35:38.441+0000] {processor.py:840} INFO - DAG(s) 'example_time_delta_sensor_async' retrieved from /home/airflow/.local/lib/python3.12/site-packages/airflow/example_dags/example_time_delta_sensor_async.py
[2026-03-25T11:35:38.464+0000] {logging_mixin.py:188} INFO - [2026-03-25T11:35:38.463+0000] {dag.py:3096} INFO - Sync 1 DAGs
[2026-03-25T11:35:38.478+0000] {logging_mixin.py:188} INFO - [2026-03-25T11:35:38.478+0000] {dag.py:3954} INFO - Setting next_dagrun for example_time_delta_sensor_async to None, run_after=None
[2026-03-25T11:35:38.528+0000] {processor.py:183} INFO - Processing /home/airflow/.local/lib/python3.12/site-packages/airflow/example_dags/example_time_delta_sensor_async.py took 0.103 seconds
[2026-03-25T11:36:12.159+0000] {processor.py:161} INFO - Started process (PID=251) to work on /home/airflow/.local/lib/python3.12/site-packages/airflow/example_dags/example_time_delta_sensor_async.py
[2026-03-25T11:36:12.160+0000] {processor.py:830} INFO - Processing file /home/airflow/.local/lib/python3.12/site-packages/airflow/example_dags/example_time_delta_sensor_async.py for tasks to queue
[2026-03-25T11:36:12.162+0000] {logging_mixin.py:188} INFO - [2026-03-25T11:36:12.162+0000] {dagbag.py:540} INFO - Filling up the DagBag from /home/airflow/.local/lib/python3.12/site-packages/airflow/example_dags/example_time_delta_sensor_async.py
[2026-03-25T11:36:12.166+0000] {processor.py:840} INFO - DAG(s) 'example_time_delta_sensor_async' retrieved from /home/airflow/.local/lib/python3.12/site-packages/airflow/example_dags/example_time_delta_sensor_async.py
[2026-03-25T11:36:12.298+0000] {logging_mixin.py:188} INFO - [2026-03-25T11:36:12.298+0000] {dag.py:3096} INFO - Sync 1 DAGs
[2026-03-25T11:36:12.309+0000] {logging_mixin.py:188} INFO - [2026-03-25T11:36:12.309+0000] {dag.py:3954} INFO - Setting next_dagrun for example_time_delta_sensor_async to None, run_after=None
[2026-03-25T11:36:12.359+0000] {processor.py:183} INFO - Processing /home/airflow/.local/lib/python3.12/site-packages/airflow/example_dags/example_time_delta_sensor_async.py took 0.206 seconds
[2026-03-25T11:36:45.153+0000] {processor.py:161} INFO - Started process (PID=310) to work on /home/airflow/.local/lib/python3.12/site-packages/airflow/example_dags/example_time_delta_sensor_async.py
[2026-03-25T11:36:45.154+0000] {processor.py:830} INFO - Processing file /home/airflow/.local/lib/python3.12/site-packages/airflow/example_dags/example_time_delta_sensor_async.py for tasks to queue
[2026-03-25T11:36:45.158+0000] {logging_mixin.py:188} INFO - [2026-03-25T11:36:45.157+0000] {dagbag.py:540} INFO - Filling up the DagBag from /home/airflow/.local/lib/python3.12/site-packages/airflow/example_dags/example_time_delta_sensor_async.py
[2026-03-25T11:36:45.166+0000] {processor.py:840} INFO - DAG(s) 'example_time_delta_sensor_async' retrieved from /home/airflow/.local/lib/python3.12/site-packages/airflow/example_dags/example_time_delta_sensor_async.py
[2026-03-25T11:36:45.197+0000] {logging_mixin.py:188} INFO - [2026-03-25T11:36:45.196+0000] {dag.py:3096} INFO - Sync 1 DAGs
[2026-03-25T11:36:45.217+0000] {logging_mixin.py:188} INFO - [2026-03-25T11:36:45.217+0000] {dag.py:3954} INFO - Setting next_dagrun for example_time_delta_sensor_async to None, run_after=None
[2026-03-25T11:36:45.274+0000] {processor.py:183} INFO - Processing /home/airflow/.local/lib/python3.12/site-packages/airflow/example_dags/example_time_delta_sensor_async.py took 0.131 seconds
[2026-03-25T11:37:17.300+0000] {processor.py:161} INFO - Started process (PID=369) to work on /home/airflow/.local/lib/python3.12/site-packages/airflow/example_dags/example_time_delta_sensor_async.py
[2026-03-25T11:37:17.302+0000] {processor.py:830} INFO - Processing file /home/airflow/.local/lib/python3.12/site-packages/airflow/example_dags/example_time_delta_sensor_async.py for tasks to queue
[2026-03-25T11:37:17.305+0000] {logging_mixin.py:188} INFO - [2026-03-25T11:37:17.305+0000] {dagbag.py:540} INFO - Filling up the DagBag from /home/airflow/.local/lib/python3.12/site-packages/airflow/example_dags/example_time_delta_sensor_async.py
[2026-03-25T11:37:17.313+0000] {processor.py:840} INFO - DAG(s) 'example_time_delta_sensor_async' retrieved from /home/airflow/.local/lib/python3.12/site-packages/airflow/example_dags/example_time_delta_sensor_async.py
[2026-03-25T11:37:17.350+0000] {logging_mixin.py:188} INFO - [2026-03-25T11:37:17.350+0000] {dag.py:3096} INFO - Sync 1 DAGs
[2026-03-25T11:37:17.374+0000] {logging_mixin.py:188} INFO - [2026-03-25T11:37:17.373+0000] {dag.py:3954} INFO - Setting next_dagrun for example_time_delta_sensor_async to None, run_after=None
[2026-03-25T11:37:17.458+0000] {processor.py:183} INFO - Processing /home/airflow/.local/lib/python3.12/site-packages/airflow/example_dags/example_time_delta_sensor_async.py took 0.169 seconds
[2026-03-25T11:37:50.096+0000] {processor.py:161} INFO - Started process (PID=428) to work on /home/airflow/.local/lib/python3.12/site-packages/airflow/example_dags/example_time_delta_sensor_async.py
[2026-03-25T11:37:50.098+0000] {processor.py:830} INFO - Processing file /home/airflow/.local/lib/python3.12/site-packages/airflow/example_dags/example_time_delta_sensor_async.py for tasks to queue
[2026-03-25T11:37:50.100+0000] {logging_mixin.py:188} INFO - [2026-03-25T11:37:50.100+0000] {dagbag.py:540} INFO - Filling up the DagBag from /home/airflow/.local/lib/python3.12/site-packages/airflow/example_dags/example_time_delta_sensor_async.py
[2026-03-25T11:37:50.107+0000] {processor.py:840} INFO - DAG(s) 'example_time_delta_sensor_async' retrieved from /home/airflow/.local/lib/python3.12/site-packages/airflow/example_dags/example_time_delta_sensor_async.py
[2026-03-25T11:37:50.138+0000] {logging_mixin.py:188} INFO - [2026-03-25T11:37:50.137+0000] {dag.py:3096} INFO - Sync 1 DAGs
[2026-03-25T11:37:50.158+0000] {logging_mixin.py:188} INFO - [2026-03-25T11:37:50.158+0000] {dag.py:3954} INFO - Setting next_dagrun for example_time_delta_sensor_async to None, run_after=None
[2026-03-25T11:37:50.206+0000] {processor.py:183} INFO - Processing /home/airflow/.local/lib/python3.12/site-packages/airflow/example_dags/example_time_delta_sensor_async.py took 0.118 seconds
[2026-03-25T11:38:22.182+0000] {processor.py:161} INFO - Started process (PID=487) to work on /home/airflow/.local/lib/python3.12/site-packages/airflow/example_dags/example_time_delta_sensor_async.py
[2026-03-25T11:38:22.183+0000] {processor.py:830} INFO - Processing file /home/airflow/.local/lib/python3.12/site-packages/airflow/example_dags/example_time_delta_sensor_async.py for tasks to queue
[2026-03-25T11:38:22.185+0000] {logging_mixin.py:188} INFO - [2026-03-25T11:38:22.185+0000] {dagbag.py:540} INFO - Filling up the DagBag from /home/airflow/.local/lib/python3.12/site-packages/airflow/example_dags/example_time_delta_sensor_async.py
[2026-03-25T11:38:22.190+0000] {processor.py:840} INFO - DAG(s) 'example_time_delta_sensor_async' retrieved from /home/airflow/.local/lib/python3.12/site-packages/airflow/example_dags/example_time_delta_sensor_async.py
[2026-03-25T11:38:22.208+0000] {logging_mixin.py:188} INFO - [2026-03-25T11:38:22.208+0000] {dag.py:3096} INFO - Sync 1 DAGs
[2026-03-25T11:38:22.221+0000] {logging_mixin.py:188} INFO - [2026-03-25T11:38:22.221+0000] {dag.py:3954} INFO - Setting next_dagrun for example_time_delta_sensor_async to None, run_after=None
[2026-03-25T11:38:22.280+0000] {processor.py:183} INFO - Processing /home/airflow/.local/lib/python3.12/site-packages/airflow/example_dags/example_time_delta_sensor_async.py took 0.103 seconds
[2026-03-25T11:38:54.975+0000] {processor.py:161} INFO - Started process (PID=546) to work on /home/airflow/.local/lib/python3.12/site-packages/airflow/example_dags/example_time_delta_sensor_async.py
[2026-03-25T11:38:54.977+0000] {processor.py:830} INFO - Processing file /home/airflow/.local/lib/python3.12/site-packages/airflow/example_dags/example_time_delta_sensor_async.py for tasks to queue
[2026-03-25T11:38:54.979+0000] {logging_mixin.py:188} INFO - [2026-03-25T11:38:54.978+0000] {dagbag.py:540} INFO - Filling up the DagBag from /home/airflow/.local/lib/python3.12/site-packages/airflow/example_dags/example_time_delta_sensor_async.py
[2026-03-25T11:38:54.983+0000] {processor.py:840} INFO - DAG(s) 'example_time_delta_sensor_async' retrieved from /home/airflow/.local/lib/python3.12/site-packages/airflow/example_dags/example_time_delta_sensor_async.py
[2026-03-25T11:38:55.003+0000] {logging_mixin.py:188} INFO - [2026-03-25T11:38:55.002+0000] {dag.py:3096} INFO - Sync 1 DAGs
[2026-03-25T11:38:55.017+0000] {logging_mixin.py:188} INFO - [2026-03-25T11:38:55.017+0000] {dag.py:3954} INFO - Setting next_dagrun for example_time_delta_sensor_async to None, run_after=None
[2026-03-25T11:38:55.057+0000] {processor.py:183} INFO - Processing /home/airflow/.local/lib/python3.12/site-packages/airflow/example_dags/example_time_delta_sensor_async.py took 0.087 seconds
[2026-03-25T11:39:27.718+0000] {processor.py:161} INFO - Started process (PID=605) to work on /home/airflow/.local/lib/python3.12/site-packages/airflow/example_dags/example_time_delta_sensor_async.py
[2026-03-25T11:39:27.719+0000] {processor.py:830} INFO - Processing file /home/airflow/.local/lib/python3.12/site-packages/airflow/example_dags/example_time_delta_sensor_async.py for tasks to queue
[2026-03-25T11:39:27.721+0000] {logging_mixin.py:188} INFO - [2026-03-25T11:39:27.721+0000] {dagbag.py:540} INFO - Filling up the DagBag from /home/airflow/.local/lib/python3.12/site-packages/airflow/example_dags/example_time_delta_sensor_async.py
[2026-03-25T11:39:27.726+0000] {processor.py:840} INFO - DAG(s) 'example_time_delta_sensor_async' retrieved from /home/airflow/.local/lib/python3.12/site-packages/airflow/example_dags/example_time_delta_sensor_async.py
[2026-03-25T11:39:27.747+0000] {logging_mixin.py:188} INFO - [2026-03-25T11:39:27.747+0000] {dag.py:3096} INFO - Sync 1 DAGs
[2026-03-25T11:39:27.761+0000] {logging_mixin.py:188} INFO - [2026-03-25T11:39:27.761+0000] {dag.py:3954} INFO - Setting next_dagrun for example_time_delta_sensor_async to None, run_after=None
[2026-03-25T11:39:27.809+0000] {processor.py:183} INFO - Processing /home/airflow/.local/lib/python3.12/site-packages/airflow/example_dags/example_time_delta_sensor_async.py took 0.099 seconds
[2026-03-25T11:40:00.861+0000] {processor.py:161} INFO - Started process (PID=664) to work on /home/airflow/.local/lib/python3.12/site-packages/airflow/example_dags/example_time_delta_sensor_async.py
[2026-03-25T11:40:00.862+0000] {processor.py:830} INFO - Processing file /home/airflow/.local/lib/python3.12/site-packages/airflow/example_dags/example_time_delta_sensor_async.py for tasks to queue
[2026-03-25T11:40:00.864+0000] {logging_mixin.py:188} INFO - [2026-03-25T11:40:00.863+0000] {dagbag.py:540} INFO - Filling up the DagBag from /home/airflow/.local/lib/python3.12/site-packages/airflow/example_dags/example_time_delta_sensor_async.py
[2026-03-25T11:40:00.868+0000] {processor.py:840} INFO - DAG(s) 'example_time_delta_sensor_async' retrieved from /home/airflow/.local/lib/python3.12/site-packages/airflow/example_dags/example_time_delta_sensor_async.py
[2026-03-25T11:40:00.889+0000] {logging_mixin.py:188} INFO - [2026-03-25T11:40:00.889+0000] {dag.py:3096} INFO - Sync 1 DAGs
[2026-03-25T11:40:00.902+0000] {logging_mixin.py:188} INFO - [2026-03-25T11:40:00.902+0000] {dag.py:3954} INFO - Setting next_dagrun for example_time_delta_sensor_async to None, run_after=None
[2026-03-25T11:40:00.945+0000] {processor.py:183} INFO - Processing /home/airflow/.local/lib/python3.12/site-packages/airflow/example_dags/example_time_delta_sensor_async.py took 0.090 seconds
[2026-03-25T11:40:32.993+0000] {processor.py:161} INFO - Started process (PID=723) to work on /home/airflow/.local/lib/python3.12/site-packages/airflow/example_dags/example_time_delta_sensor_async.py
[2026-03-25T11:40:32.994+0000] {processor.py:830} INFO - Processing file /home/airflow/.local/lib/python3.12/site-packages/airflow/example_dags/example_time_delta_sensor_async.py for tasks to queue
[2026-03-25T11:40:32.996+0000] {logging_mixin.py:188} INFO - [2026-03-25T11:40:32.996+0000] {dagbag.py:540} INFO - Filling up the DagBag from /home/airflow/.local/lib/python3.12/site-packages/airflow/example_dags/example_time_delta_sensor_async.py
[2026-03-25T11:40:33.000+0000] {processor.py:840} INFO - DAG(s) 'example_time_delta_sensor_async' retrieved from /home/airflow/.local/lib/python3.12/site-packages/airflow/example_dags/example_time_delta_sensor_async.py
[2026-03-25T11:40:33.022+0000] {logging_mixin.py:188} INFO - [2026-03-25T11:40:33.022+0000] {dag.py:3096} INFO - Sync 1 DAGs
[2026-03-25T11:40:33.037+0000] {logging_mixin.py:188} INFO - [2026-03-25T11:40:33.037+0000] {dag.py:3954} INFO - Setting next_dagrun for example_time_delta_sensor_async to None, run_after=None
[2026-03-25T11:40:33.094+0000] {processor.py:183} INFO - Processing /home/airflow/.local/lib/python3.12/site-packages/airflow/example_dags/example_time_delta_sensor_async.py took 0.107 seconds
[2026-03-25T11:41:05.954+0000] {processor.py:161} INFO - Started process (PID=782) to work on /home/airflow/.local/lib/python3.12/site-packages/airflow/example_dags/example_time_delta_sensor_async.py
[2026-03-25T11:41:05.955+0000] {processor.py:830} INFO - Processing file /home/airflow/.local/lib/python3.12/site-packages/airflow/example_dags/example_time_delta_sensor_async.py for tasks to queue
[2026-03-25T11:41:05.957+0000] {logging_mixin.py:188} INFO - [2026-03-25T11:41:05.956+0000] {dagbag.py:540} INFO - Filling up the DagBag from /home/airflow/.local/lib/python3.12/site-packages/airflow/example_dags/example_time_delta_sensor_async.py
[2026-03-25T11:41:05.962+0000] {processor.py:840} INFO - DAG(s) 'example_time_delta_sensor_async' retrieved from /home/airflow/.local/lib/python3.12/site-packages/airflow/example_dags/example_time_delta_sensor_async.py
[2026-03-25T11:41:05.983+0000] {logging_mixin.py:188} INFO - [2026-03-25T11:41:05.983+0000] {dag.py:3096} INFO - Sync 1 DAGs
[2026-03-25T11:41:05.997+0000] {logging_mixin.py:188} INFO - [2026-03-25T11:41:05.997+0000] {dag.py:3954} INFO - Setting next_dagrun for example_time_delta_sensor_async to None, run_after=None
[2026-03-25T11:41:06.120+0000] {processor.py:183} INFO - Processing /home/airflow/.local/lib/python3.12/site-packages/airflow/example_dags/example_time_delta_sensor_async.py took 0.173 seconds
[2026-03-25T11:41:40.175+0000] {processor.py:161} INFO - Started process (PID=841) to work on /home/airflow/.local/lib/python3.12/site-packages/airflow/example_dags/example_time_delta_sensor_async.py
[2026-03-25T11:41:40.177+0000] {processor.py:830} INFO - Processing file /home/airflow/.local/lib/python3.12/site-packages/airflow/example_dags/example_time_delta_sensor_async.py for tasks to queue
[2026-03-25T11:41:40.179+0000] {logging_mixin.py:188} INFO - [2026-03-25T11:41:40.178+0000] {dagbag.py:540} INFO - Filling up the DagBag from /home/airflow/.local/lib/python3.12/site-packages/airflow/example_dags/example_time_delta_sensor_async.py
[2026-03-25T11:41:40.183+0000] {processor.py:840} INFO - DAG(s) 'example_time_delta_sensor_async' retrieved from /home/airflow/.local/lib/python3.12/site-packages/airflow/example_dags/example_time_delta_sensor_async.py
[2026-03-25T11:41:40.203+0000] {logging_mixin.py:188} INFO - [2026-03-25T11:41:40.202+0000] {dag.py:3096} INFO - Sync 1 DAGs
[2026-03-25T11:41:40.216+0000] {logging_mixin.py:188} INFO - [2026-03-25T11:41:40.216+0000] {dag.py:3954} INFO - Setting next_dagrun for example_time_delta_sensor_async to None, run_after=None
[2026-03-25T11:41:40.270+0000] {processor.py:183} INFO - Processing /home/airflow/.local/lib/python3.12/site-packages/airflow/example_dags/example_time_delta_sensor_async.py took 0.100 seconds
[2026-03-25T11:42:11.125+0000] {processor.py:161} INFO - Started process (PID=900) to work on /home/airflow/.local/lib/python3.12/site-packages/airflow/example_dags/example_time_delta_sensor_async.py
[2026-03-25T11:42:11.126+0000] {processor.py:830} INFO - Processing file /home/airflow/.local/lib/python3.12/site-packages/airflow/example_dags/example_time_delta_sensor_async.py for tasks to queue
[2026-03-25T11:42:11.128+0000] {logging_mixin.py:188} INFO - [2026-03-25T11:42:11.128+0000] {dagbag.py:540} INFO - Filling up the DagBag from /home/airflow/.local/lib/python3.12/site-packages/airflow/example_dags/example_time_delta_sensor_async.py
[2026-03-25T11:42:11.132+0000] {processor.py:840} INFO - DAG(s) 'example_time_delta_sensor_async' retrieved from /home/airflow/.local/lib/python3.12/site-packages/airflow/example_dags/example_time_delta_sensor_async.py
[2026-03-25T11:42:11.153+0000] {logging_mixin.py:188} INFO - [2026-03-25T11:42:11.153+0000] {dag.py:3096} INFO - Sync 1 DAGs
[2026-03-25T11:42:11.167+0000] {logging_mixin.py:188} INFO - [2026-03-25T11:42:11.166+0000] {dag.py:3954} INFO - Setting next_dagrun for example_time_delta_sensor_async to None, run_after=None
[2026-03-25T11:42:11.225+0000] {processor.py:183} INFO - Processing /home/airflow/.local/lib/python3.12/site-packages/airflow/example_dags/example_time_delta_sensor_async.py took 0.106 seconds
[2026-03-25T11:42:44.131+0000] {processor.py:161} INFO - Started process (PID=959) to work on /home/airflow/.local/lib/python3.12/site-packages/airflow/example_dags/example_time_delta_sensor_async.py
[2026-03-25T11:42:44.132+0000] {processor.py:830} INFO - Processing file /home/airflow/.local/lib/python3.12/site-packages/airflow/example_dags/example_time_delta_sensor_async.py for tasks to queue
[2026-03-25T11:42:44.134+0000] {logging_mixin.py:188} INFO - [2026-03-25T11:42:44.134+0000] {dagbag.py:540} INFO - Filling up the DagBag from /home/airflow/.local/lib/python3.12/site-packages/airflow/example_dags/example_time_delta_sensor_async.py
[2026-03-25T11:42:44.139+0000] {processor.py:840} INFO - DAG(s) 'example_time_delta_sensor_async' retrieved from /home/airflow/.local/lib/python3.12/site-packages/airflow/example_dags/example_time_delta_sensor_async.py
[2026-03-25T11:42:44.161+0000] {logging_mixin.py:188} INFO - [2026-03-25T11:42:44.161+0000] {dag.py:3096} INFO - Sync 1 DAGs
[2026-03-25T11:42:44.176+0000] {logging_mixin.py:188} INFO - [2026-03-25T11:42:44.175+0000] {dag.py:3954} INFO - Setting next_dagrun for example_time_delta_sensor_async to None, run_after=None
[2026-03-25T11:42:44.233+0000] {processor.py:183} INFO - Processing /home/airflow/.local/lib/python3.12/site-packages/airflow/example_dags/example_time_delta_sensor_async.py took 0.109 seconds
[2026-03-25T11:43:17.546+0000] {processor.py:161} INFO - Started process (PID=1018) to work on /home/airflow/.local/lib/python3.12/site-packages/airflow/example_dags/example_time_delta_sensor_async.py
[2026-03-25T11:43:17.548+0000] {processor.py:830} INFO - Processing file /home/airflow/.local/lib/python3.12/site-packages/airflow/example_dags/example_time_delta_sensor_async.py for tasks to queue
[2026-03-25T11:43:17.550+0000] {logging_mixin.py:188} INFO - [2026-03-25T11:43:17.550+0000] {dagbag.py:540} INFO - Filling up the DagBag from /home/airflow/.local/lib/python3.12/site-packages/airflow/example_dags/example_time_delta_sensor_async.py
[2026-03-25T11:43:17.556+0000] {processor.py:840} INFO - DAG(s) 'example_time_delta_sensor_async' retrieved from /home/airflow/.local/lib/python3.12/site-packages/airflow/example_dags/example_time_delta_sensor_async.py
[2026-03-25T11:43:17.581+0000] {logging_mixin.py:188} INFO - [2026-03-25T11:43:17.581+0000] {dag.py:3096} INFO - Sync 1 DAGs
[2026-03-25T11:43:17.595+0000] {logging_mixin.py:188} INFO - [2026-03-25T11:43:17.595+0000] {dag.py:3954} INFO - Setting next_dagrun for example_time_delta_sensor_async to None, run_after=None
[2026-03-25T11:43:17.650+0000] {processor.py:183} INFO - Processing /home/airflow/.local/lib/python3.12/site-packages/airflow/example_dags/example_time_delta_sensor_async.py took 0.113 seconds
[2026-03-25T11:43:49.765+0000] {processor.py:161} INFO - Started process (PID=1077) to work on /home/airflow/.local/lib/python3.12/site-packages/airflow/example_dags/example_time_delta_sensor_async.py
[2026-03-25T11:43:49.766+0000] {processor.py:830} INFO - Processing file /home/airflow/.local/lib/python3.12/site-packages/airflow/example_dags/example_time_delta_sensor_async.py for tasks to queue
[2026-03-25T11:43:49.768+0000] {logging_mixin.py:188} INFO - [2026-03-25T11:43:49.768+0000] {dagbag.py:540} INFO - Filling up the DagBag from /home/airflow/.local/lib/python3.12/site-packages/airflow/example_dags/example_time_delta_sensor_async.py
[2026-03-25T11:43:49.772+0000] {processor.py:840} INFO - DAG(s) 'example_time_delta_sensor_async' retrieved from /home/airflow/.local/lib/python3.12/site-packages/airflow/example_dags/example_time_delta_sensor_async.py
[2026-03-25T11:43:49.792+0000] {logging_mixin.py:188} INFO - [2026-03-25T11:43:49.792+0000] {dag.py:3096} INFO - Sync 1 DAGs
[2026-03-25T11:43:49.805+0000] {logging_mixin.py:188} INFO - [2026-03-25T11:43:49.805+0000] {dag.py:3954} INFO - Setting next_dagrun for example_time_delta_sensor_async to None, run_after=None
[2026-03-25T11:43:49.846+0000] {processor.py:183} INFO - Processing /home/airflow/.local/lib/python3.12/site-packages/airflow/example_dags/example_time_delta_sensor_async.py took 0.086 seconds
[2026-03-25T11:44:22.241+0000] {processor.py:161} INFO - Started process (PID=1136) to work on /home/airflow/.local/lib/python3.12/site-packages/airflow/example_dags/example_time_delta_sensor_async.py
[2026-03-25T11:44:22.242+0000] {processor.py:830} INFO - Processing file /home/airflow/.local/lib/python3.12/site-packages/airflow/example_dags/example_time_delta_sensor_async.py for tasks to queue
[2026-03-25T11:44:22.244+0000] {logging_mixin.py:188} INFO - [2026-03-25T11:44:22.244+0000] {dagbag.py:540} INFO - Filling up the DagBag from /home/airflow/.local/lib/python3.12/site-packages/airflow/example_dags/example_time_delta_sensor_async.py
[2026-03-25T11:44:22.249+0000] {processor.py:840} INFO - DAG(s) 'example_time_delta_sensor_async' retrieved from /home/airflow/.local/lib/python3.12/site-packages/airflow/example_dags/example_time_delta_sensor_async.py
[2026-03-25T11:44:22.268+0000] {logging_mixin.py:188} INFO - [2026-03-25T11:44:22.268+0000] {dag.py:3096} INFO - Sync 1 DAGs
[2026-03-25T11:44:22.281+0000] {logging_mixin.py:188} INFO - [2026-03-25T11:44:22.281+0000] {dag.py:3954} INFO - Setting next_dagrun for example_time_delta_sensor_async to None, run_after=None
[2026-03-25T11:44:22.438+0000] {processor.py:183} INFO - Processing /home/airflow/.local/lib/python3.12/site-packages/airflow/example_dags/example_time_delta_sensor_async.py took 0.203 seconds
[2026-03-25T11:44:55.245+0000] {processor.py:161} INFO - Started process (PID=1195) to work on /home/airflow/.local/lib/python3.12/site-packages/airflow/example_dags/example_time_delta_sensor_async.py
[2026-03-25T11:44:55.246+0000] {processor.py:830} INFO - Processing file /home/airflow/.local/lib/python3.12/site-packages/airflow/example_dags/example_time_delta_sensor_async.py for tasks to queue
[2026-03-25T11:44:55.249+0000] {logging_mixin.py:188} INFO - [2026-03-25T11:44:55.248+0000] {dagbag.py:540} INFO - Filling up the DagBag from /home/airflow/.local/lib/python3.12/site-packages/airflow/example_dags/example_time_delta_sensor_async.py
[2026-03-25T11:44:55.254+0000] {processor.py:840} INFO - DAG(s) 'example_time_delta_sensor_async' retrieved from /home/airflow/.local/lib/python3.12/site-packages/airflow/example_dags/example_time_delta_sensor_async.py
[2026-03-25T11:44:55.276+0000] {logging_mixin.py:188} INFO - [2026-03-25T11:44:55.276+0000] {dag.py:3096} INFO - Sync 1 DAGs
[2026-03-25T11:44:55.292+0000] {logging_mixin.py:188} INFO - [2026-03-25T11:44:55.291+0000] {dag.py:3954} INFO - Setting next_dagrun for example_time_delta_sensor_async to None, run_after=None
[2026-03-25T11:44:55.339+0000] {processor.py:183} INFO - Processing /home/airflow/.local/lib/python3.12/site-packages/airflow/example_dags/example_time_delta_sensor_async.py took 0.099 seconds
[2026-03-25T11:45:28.202+0000] {processor.py:161} INFO - Started process (PID=1254) to work on /home/airflow/.local/lib/python3.12/site-packages/airflow/example_dags/example_time_delta_sensor_async.py
[2026-03-25T11:45:28.203+0000] {processor.py:830} INFO - Processing file /home/airflow/.local/lib/python3.12/site-packages/airflow/example_dags/example_time_delta_sensor_async.py for tasks to queue
[2026-03-25T11:45:28.205+0000] {logging_mixin.py:188} INFO - [2026-03-25T11:45:28.205+0000] {dagbag.py:540} INFO - Filling up the DagBag from /home/airflow/.local/lib/python3.12/site-packages/airflow/example_dags/example_time_delta_sensor_async.py
[2026-03-25T11:45:28.209+0000] {processor.py:840} INFO - DAG(s) 'example_time_delta_sensor_async' retrieved from /home/airflow/.local/lib/python3.12/site-packages/airflow/example_dags/example_time_delta_sensor_async.py
[2026-03-25T11:45:28.230+0000] {logging_mixin.py:188} INFO - [2026-03-25T11:45:28.230+0000] {dag.py:3096} INFO - Sync 1 DAGs
[2026-03-25T11:45:28.242+0000] {logging_mixin.py:188} INFO - [2026-03-25T11:45:28.242+0000] {dag.py:3954} INFO - Setting next_dagrun for example_time_delta_sensor_async to None, run_after=None
[2026-03-25T11:45:28.282+0000] {processor.py:183} INFO - Processing /home/airflow/.local/lib/python3.12/site-packages/airflow/example_dags/example_time_delta_sensor_async.py took 0.085 seconds
[2026-03-25T11:46:00.451+0000] {processor.py:161} INFO - Started process (PID=1313) to work on /home/airflow/.local/lib/python3.12/site-packages/airflow/example_dags/example_time_delta_sensor_async.py
[2026-03-25T11:46:00.452+0000] {processor.py:830} INFO - Processing file /home/airflow/.local/lib/python3.12/site-packages/airflow/example_dags/example_time_delta_sensor_async.py for tasks to queue
[2026-03-25T11:46:00.454+0000] {logging_mixin.py:188} INFO - [2026-03-25T11:46:00.454+0000] {dagbag.py:540} INFO - Filling up the DagBag from /home/airflow/.local/lib/python3.12/site-packages/airflow/example_dags/example_time_delta_sensor_async.py
[2026-03-25T11:46:00.459+0000] {processor.py:840} INFO - DAG(s) 'example_time_delta_sensor_async' retrieved from /home/airflow/.local/lib/python3.12/site-packages/airflow/example_dags/example_time_delta_sensor_async.py
[2026-03-25T11:46:00.479+0000] {logging_mixin.py:188} INFO - [2026-03-25T11:46:00.479+0000] {dag.py:3096} INFO - Sync 1 DAGs
[2026-03-25T11:46:00.492+0000] {logging_mixin.py:188} INFO - [2026-03-25T11:46:00.492+0000] {dag.py:3954} INFO - Setting next_dagrun for example_time_delta_sensor_async to None, run_after=None
[2026-03-25T11:46:00.550+0000] {processor.py:183} INFO - Processing /home/airflow/.local/lib/python3.12/site-packages/airflow/example_dags/example_time_delta_sensor_async.py took 0.105 seconds
[2026-03-25T11:46:33.457+0000] {processor.py:161} INFO - Started process (PID=1372) to work on /home/airflow/.local/lib/python3.12/site-packages/airflow/example_dags/example_time_delta_sensor_async.py
[2026-03-25T11:46:33.459+0000] {processor.py:830} INFO - Processing file /home/airflow/.local/lib/python3.12/site-packages/airflow/example_dags/example_time_delta_sensor_async.py for tasks to queue
[2026-03-25T11:46:33.461+0000] {logging_mixin.py:188} INFO - [2026-03-25T11:46:33.461+0000] {dagbag.py:540} INFO - Filling up the DagBag from /home/airflow/.local/lib/python3.12/site-packages/airflow/example_dags/example_time_delta_sensor_async.py
[2026-03-25T11:46:33.467+0000] {processor.py:840} INFO - DAG(s) 'example_time_delta_sensor_async' retrieved from /home/airflow/.local/lib/python3.12/site-packages/airflow/example_dags/example_time_delta_sensor_async.py
[2026-03-25T11:46:33.493+0000] {logging_mixin.py:188} INFO - [2026-03-25T11:46:33.492+0000] {dag.py:3096} INFO - Sync 1 DAGs
[2026-03-25T11:46:33.508+0000] {logging_mixin.py:188} INFO - [2026-03-25T11:46:33.508+0000] {dag.py:3954} INFO - Setting next_dagrun for example_time_delta_sensor_async to None, run_after=None
[2026-03-25T11:46:33.558+0000] {processor.py:183} INFO - Processing /home/airflow/.local/lib/python3.12/site-packages/airflow/example_dags/example_time_delta_sensor_async.py took 0.109 seconds
[2026-03-25T11:47:06.924+0000] {processor.py:161} INFO - Started process (PID=1431) to work on /home/airflow/.local/lib/python3.12/site-packages/airflow/example_dags/example_time_delta_sensor_async.py
[2026-03-25T11:47:06.925+0000] {processor.py:830} INFO - Processing file /home/airflow/.local/lib/python3.12/site-packages/airflow/example_dags/example_time_delta_sensor_async.py for tasks to queue
[2026-03-25T11:47:06.927+0000] {logging_mixin.py:188} INFO - [2026-03-25T11:47:06.927+0000] {dagbag.py:540} INFO - Filling up the DagBag from /home/airflow/.local/lib/python3.12/site-packages/airflow/example_dags/example_time_delta_sensor_async.py
[2026-03-25T11:47:06.932+0000] {processor.py:840} INFO - DAG(s) 'example_time_delta_sensor_async' retrieved from /home/airflow/.local/lib/python3.12/site-packages/airflow/example_dags/example_time_delta_sensor_async.py
[2026-03-25T11:47:06.963+0000] {logging_mixin.py:188} INFO - [2026-03-25T11:47:06.962+0000] {dag.py:3096} INFO - Sync 1 DAGs
[2026-03-25T11:47:06.987+0000] {logging_mixin.py:188} INFO - [2026-03-25T11:47:06.987+0000] {dag.py:3954} INFO - Setting next_dagrun for example_time_delta_sensor_async to None, run_after=None
[2026-03-25T11:47:07.041+0000] {processor.py:183} INFO - Processing /home/airflow/.local/lib/python3.12/site-packages/airflow/example_dags/example_time_delta_sensor_async.py took 0.123 seconds
[2026-03-25T11:47:41.534+0000] {processor.py:161} INFO - Started process (PID=1491) to work on /home/airflow/.local/lib/python3.12/site-packages/airflow/example_dags/example_time_delta_sensor_async.py
[2026-03-25T11:47:41.535+0000] {processor.py:830} INFO - Processing file /home/airflow/.local/lib/python3.12/site-packages/airflow/example_dags/example_time_delta_sensor_async.py for tasks to queue
[2026-03-25T11:47:41.539+0000] {logging_mixin.py:188} INFO - [2026-03-25T11:47:41.538+0000] {dagbag.py:540} INFO - Filling up the DagBag from /home/airflow/.local/lib/python3.12/site-packages/airflow/example_dags/example_time_delta_sensor_async.py
[2026-03-25T11:47:41.549+0000] {processor.py:840} INFO - DAG(s) 'example_time_delta_sensor_async' retrieved from /home/airflow/.local/lib/python3.12/site-packages/airflow/example_dags/example_time_delta_sensor_async.py
[2026-03-25T11:47:41.596+0000] {logging_mixin.py:188} INFO - [2026-03-25T11:47:41.596+0000] {dag.py:3096} INFO - Sync 1 DAGs
[2026-03-25T11:47:41.634+0000] {logging_mixin.py:188} INFO - [2026-03-25T11:47:41.633+0000] {dag.py:3954} INFO - Setting next_dagrun for example_time_delta_sensor_async to None, run_after=None
[2026-03-25T11:47:41.749+0000] {processor.py:183} INFO - Processing /home/airflow/.local/lib/python3.12/site-packages/airflow/example_dags/example_time_delta_sensor_async.py took 0.229 seconds
[2026-03-25T11:48:11.991+0000] {processor.py:161} INFO - Started process (PID=1550) to work on /home/airflow/.local/lib/python3.12/site-packages/airflow/example_dags/example_time_delta_sensor_async.py
[2026-03-25T11:48:11.993+0000] {processor.py:830} INFO - Processing file /home/airflow/.local/lib/python3.12/site-packages/airflow/example_dags/example_time_delta_sensor_async.py for tasks to queue
[2026-03-25T11:48:11.998+0000] {logging_mixin.py:188} INFO - [2026-03-25T11:48:11.997+0000] {dagbag.py:540} INFO - Filling up the DagBag from /home/airflow/.local/lib/python3.12/site-packages/airflow/example_dags/example_time_delta_sensor_async.py
[2026-03-25T11:48:12.007+0000] {processor.py:840} INFO - DAG(s) 'example_time_delta_sensor_async' retrieved from /home/airflow/.local/lib/python3.12/site-packages/airflow/example_dags/example_time_delta_sensor_async.py
[2026-03-25T11:48:12.040+0000] {logging_mixin.py:188} INFO - [2026-03-25T11:48:12.039+0000] {dag.py:3096} INFO - Sync 1 DAGs
[2026-03-25T11:48:12.063+0000] {logging_mixin.py:188} INFO - [2026-03-25T11:48:12.062+0000] {dag.py:3954} INFO - Setting next_dagrun for example_time_delta_sensor_async to None, run_after=None
[2026-03-25T11:48:12.123+0000] {processor.py:183} INFO - Processing /home/airflow/.local/lib/python3.12/site-packages/airflow/example_dags/example_time_delta_sensor_async.py took 0.151 seconds
[2026-03-25T11:48:44.021+0000] {processor.py:161} INFO - Started process (PID=1609) to work on /home/airflow/.local/lib/python3.12/site-packages/airflow/example_dags/example_time_delta_sensor_async.py
[2026-03-25T11:48:44.022+0000] {processor.py:830} INFO - Processing file /home/airflow/.local/lib/python3.12/site-packages/airflow/example_dags/example_time_delta_sensor_async.py for tasks to queue
[2026-03-25T11:48:44.024+0000] {logging_mixin.py:188} INFO - [2026-03-25T11:48:44.024+0000] {dagbag.py:540} INFO - Filling up the DagBag from /home/airflow/.local/lib/python3.12/site-packages/airflow/example_dags/example_time_delta_sensor_async.py
[2026-03-25T11:48:44.028+0000] {processor.py:840} INFO - DAG(s) 'example_time_delta_sensor_async' retrieved from /home/airflow/.local/lib/python3.12/site-packages/airflow/example_dags/example_time_delta_sensor_async.py
[2026-03-25T11:48:44.049+0000] {logging_mixin.py:188} INFO - [2026-03-25T11:48:44.049+0000] {dag.py:3096} INFO - Sync 1 DAGs
[2026-03-25T11:48:44.063+0000] {logging_mixin.py:188} INFO - [2026-03-25T11:48:44.063+0000] {dag.py:3954} INFO - Setting next_dagrun for example_time_delta_sensor_async to None, run_after=None
[2026-03-25T11:48:44.129+0000] {processor.py:183} INFO - Processing /home/airflow/.local/lib/python3.12/site-packages/airflow/example_dags/example_time_delta_sensor_async.py took 0.115 seconds
[2026-03-25T11:49:17.075+0000] {processor.py:161} INFO - Started process (PID=1668) to work on /home/airflow/.local/lib/python3.12/site-packages/airflow/example_dags/example_time_delta_sensor_async.py
[2026-03-25T11:49:17.076+0000] {processor.py:830} INFO - Processing file /home/airflow/.local/lib/python3.12/site-packages/airflow/example_dags/example_time_delta_sensor_async.py for tasks to queue
[2026-03-25T11:49:17.079+0000] {logging_mixin.py:188} INFO - [2026-03-25T11:49:17.079+0000] {dagbag.py:540} INFO - Filling up the DagBag from /home/airflow/.local/lib/python3.12/site-packages/airflow/example_dags/example_time_delta_sensor_async.py
[2026-03-25T11:49:17.086+0000] {processor.py:840} INFO - DAG(s) 'example_time_delta_sensor_async' retrieved from /home/airflow/.local/lib/python3.12/site-packages/airflow/example_dags/example_time_delta_sensor_async.py
[2026-03-25T11:49:17.112+0000] {logging_mixin.py:188} INFO - [2026-03-25T11:49:17.111+0000] {dag.py:3096} INFO - Sync 1 DAGs
[2026-03-25T11:49:17.130+0000] {logging_mixin.py:188} INFO - [2026-03-25T11:49:17.129+0000] {dag.py:3954} INFO - Setting next_dagrun for example_time_delta_sensor_async to None, run_after=None
[2026-03-25T11:49:17.220+0000] {processor.py:183} INFO - Processing /home/airflow/.local/lib/python3.12/site-packages/airflow/example_dags/example_time_delta_sensor_async.py took 0.154 seconds
[2026-03-25T11:49:50.150+0000] {processor.py:161} INFO - Started process (PID=1727) to work on /home/airflow/.local/lib/python3.12/site-packages/airflow/example_dags/example_time_delta_sensor_async.py
[2026-03-25T11:49:50.155+0000] {processor.py:830} INFO - Processing file /home/airflow/.local/lib/python3.12/site-packages/airflow/example_dags/example_time_delta_sensor_async.py for tasks to queue
[2026-03-25T11:49:50.165+0000] {logging_mixin.py:188} INFO - [2026-03-25T11:49:50.163+0000] {dagbag.py:540} INFO - Filling up the DagBag from /home/airflow/.local/lib/python3.12/site-packages/airflow/example_dags/example_time_delta_sensor_async.py
[2026-03-25T11:49:50.186+0000] {processor.py:840} INFO - DAG(s) 'example_time_delta_sensor_async' retrieved from /home/airflow/.local/lib/python3.12/site-packages/airflow/example_dags/example_time_delta_sensor_async.py
[2026-03-25T11:49:50.290+0000] {logging_mixin.py:188} INFO - [2026-03-25T11:49:50.289+0000] {dag.py:3096} INFO - Sync 1 DAGs
[2026-03-25T11:49:50.360+0000] {logging_mixin.py:188} INFO - [2026-03-25T11:49:50.359+0000] {dag.py:3954} INFO - Setting next_dagrun for example_time_delta_sensor_async to None, run_after=None
[2026-03-25T11:49:50.473+0000] {processor.py:183} INFO - Processing /home/airflow/.local/lib/python3.12/site-packages/airflow/example_dags/example_time_delta_sensor_async.py took 0.354 seconds
[2026-03-25T11:50:22.479+0000] {processor.py:161} INFO - Started process (PID=1786) to work on /home/airflow/.local/lib/python3.12/site-packages/airflow/example_dags/example_time_delta_sensor_async.py
[2026-03-25T11:50:22.480+0000] {processor.py:830} INFO - Processing file /home/airflow/.local/lib/python3.12/site-packages/airflow/example_dags/example_time_delta_sensor_async.py for tasks to queue
[2026-03-25T11:50:22.481+0000] {logging_mixin.py:188} INFO - [2026-03-25T11:50:22.481+0000] {dagbag.py:540} INFO - Filling up the DagBag from /home/airflow/.local/lib/python3.12/site-packages/airflow/example_dags/example_time_delta_sensor_async.py
[2026-03-25T11:50:22.486+0000] {processor.py:840} INFO - DAG(s) 'example_time_delta_sensor_async' retrieved from /home/airflow/.local/lib/python3.12/site-packages/airflow/example_dags/example_time_delta_sensor_async.py
[2026-03-25T11:50:22.506+0000] {logging_mixin.py:188} INFO - [2026-03-25T11:50:22.505+0000] {dag.py:3096} INFO - Sync 1 DAGs
[2026-03-25T11:50:22.518+0000] {logging_mixin.py:188} INFO - [2026-03-25T11:50:22.518+0000] {dag.py:3954} INFO - Setting next_dagrun for example_time_delta_sensor_async to None, run_after=None
[2026-03-25T11:50:22.564+0000] {processor.py:183} INFO - Processing /home/airflow/.local/lib/python3.12/site-packages/airflow/example_dags/example_time_delta_sensor_async.py took 0.091 seconds
