[2026-03-25T11:15:35.066+0000] {processor.py:161} INFO - Started process (PID=103) to work on /home/airflow/.local/lib/python3.12/site-packages/airflow/example_dags/example_xcom.py
[2026-03-25T11:15:35.067+0000] {processor.py:830} INFO - Processing file /home/airflow/.local/lib/python3.12/site-packages/airflow/example_dags/example_xcom.py for tasks to queue
[2026-03-25T11:15:35.069+0000] {logging_mixin.py:188} INFO - [2026-03-25T11:15:35.069+0000] {dagbag.py:540} INFO - Filling up the DagBag from /home/airflow/.local/lib/python3.12/site-packages/airflow/example_dags/example_xcom.py
[2026-03-25T11:15:35.079+0000] {processor.py:840} INFO - DAG(s) 'example_xcom' retrieved from /home/airflow/.local/lib/python3.12/site-packages/airflow/example_dags/example_xcom.py
[2026-03-25T11:15:35.199+0000] {logging_mixin.py:188} INFO - [2026-03-25T11:15:35.199+0000] {dag.py:3096} INFO - Sync 1 DAGs
[2026-03-25T11:15:35.220+0000] {logging_mixin.py:188} INFO - [2026-03-25T11:15:35.220+0000] {dag.py:3954} INFO - Setting next_dagrun for example_xcom to 2021-01-01 00:00:00+00:00, run_after=2021-01-01 00:00:00+00:00
[2026-03-25T11:15:35.310+0000] {processor.py:183} INFO - Processing /home/airflow/.local/lib/python3.12/site-packages/airflow/example_dags/example_xcom.py took 0.250 seconds
[2026-03-25T11:16:05.500+0000] {processor.py:161} INFO - Started process (PID=162) to work on /home/airflow/.local/lib/python3.12/site-packages/airflow/example_dags/example_xcom.py
[2026-03-25T11:16:05.501+0000] {processor.py:830} INFO - Processing file /home/airflow/.local/lib/python3.12/site-packages/airflow/example_dags/example_xcom.py for tasks to queue
[2026-03-25T11:16:05.503+0000] {logging_mixin.py:188} INFO - [2026-03-25T11:16:05.502+0000] {dagbag.py:540} INFO - Filling up the DagBag from /home/airflow/.local/lib/python3.12/site-packages/airflow/example_dags/example_xcom.py
[2026-03-25T11:16:05.510+0000] {processor.py:840} INFO - DAG(s) 'example_xcom' retrieved from /home/airflow/.local/lib/python3.12/site-packages/airflow/example_dags/example_xcom.py
[2026-03-25T11:16:05.532+0000] {logging_mixin.py:188} INFO - [2026-03-25T11:16:05.532+0000] {dag.py:3096} INFO - Sync 1 DAGs
[2026-03-25T11:16:05.555+0000] {logging_mixin.py:188} INFO - [2026-03-25T11:16:05.555+0000] {dag.py:3954} INFO - Setting next_dagrun for example_xcom to 2021-01-01 00:00:00+00:00, run_after=2021-01-01 00:00:00+00:00
[2026-03-25T11:16:05.609+0000] {processor.py:183} INFO - Processing /home/airflow/.local/lib/python3.12/site-packages/airflow/example_dags/example_xcom.py took 0.115 seconds
[2026-03-25T11:16:38.148+0000] {processor.py:161} INFO - Started process (PID=221) to work on /home/airflow/.local/lib/python3.12/site-packages/airflow/example_dags/example_xcom.py
[2026-03-25T11:16:38.149+0000] {processor.py:830} INFO - Processing file /home/airflow/.local/lib/python3.12/site-packages/airflow/example_dags/example_xcom.py for tasks to queue
[2026-03-25T11:16:38.151+0000] {logging_mixin.py:188} INFO - [2026-03-25T11:16:38.151+0000] {dagbag.py:540} INFO - Filling up the DagBag from /home/airflow/.local/lib/python3.12/site-packages/airflow/example_dags/example_xcom.py
[2026-03-25T11:16:38.158+0000] {processor.py:840} INFO - DAG(s) 'example_xcom' retrieved from /home/airflow/.local/lib/python3.12/site-packages/airflow/example_dags/example_xcom.py
[2026-03-25T11:16:38.180+0000] {logging_mixin.py:188} INFO - [2026-03-25T11:16:38.180+0000] {dag.py:3096} INFO - Sync 1 DAGs
[2026-03-25T11:16:38.326+0000] {logging_mixin.py:188} INFO - [2026-03-25T11:16:38.326+0000] {dag.py:3954} INFO - Setting next_dagrun for example_xcom to 2021-01-01 00:00:00+00:00, run_after=2021-01-01 00:00:00+00:00
[2026-03-25T11:16:38.373+0000] {processor.py:183} INFO - Processing /home/airflow/.local/lib/python3.12/site-packages/airflow/example_dags/example_xcom.py took 0.230 seconds
[2026-03-25T11:17:12.659+0000] {processor.py:161} INFO - Started process (PID=280) to work on /home/airflow/.local/lib/python3.12/site-packages/airflow/example_dags/example_xcom.py
[2026-03-25T11:17:12.664+0000] {processor.py:830} INFO - Processing file /home/airflow/.local/lib/python3.12/site-packages/airflow/example_dags/example_xcom.py for tasks to queue
[2026-03-25T11:17:12.676+0000] {logging_mixin.py:188} INFO - [2026-03-25T11:17:12.675+0000] {dagbag.py:540} INFO - Filling up the DagBag from /home/airflow/.local/lib/python3.12/site-packages/airflow/example_dags/example_xcom.py
[2026-03-25T11:17:12.717+0000] {processor.py:840} INFO - DAG(s) 'example_xcom' retrieved from /home/airflow/.local/lib/python3.12/site-packages/airflow/example_dags/example_xcom.py
[2026-03-25T11:17:12.832+0000] {logging_mixin.py:188} INFO - [2026-03-25T11:17:12.831+0000] {dag.py:3096} INFO - Sync 1 DAGs
[2026-03-25T11:17:12.958+0000] {logging_mixin.py:188} INFO - [2026-03-25T11:17:12.957+0000] {dag.py:3954} INFO - Setting next_dagrun for example_xcom to 2021-01-01 00:00:00+00:00, run_after=2021-01-01 00:00:00+00:00
[2026-03-25T11:17:13.073+0000] {processor.py:183} INFO - Processing /home/airflow/.local/lib/python3.12/site-packages/airflow/example_dags/example_xcom.py took 0.445 seconds
[2026-03-25T11:17:43.927+0000] {processor.py:161} INFO - Started process (PID=339) to work on /home/airflow/.local/lib/python3.12/site-packages/airflow/example_dags/example_xcom.py
[2026-03-25T11:17:43.929+0000] {processor.py:830} INFO - Processing file /home/airflow/.local/lib/python3.12/site-packages/airflow/example_dags/example_xcom.py for tasks to queue
[2026-03-25T11:17:43.930+0000] {logging_mixin.py:188} INFO - [2026-03-25T11:17:43.930+0000] {dagbag.py:540} INFO - Filling up the DagBag from /home/airflow/.local/lib/python3.12/site-packages/airflow/example_dags/example_xcom.py
[2026-03-25T11:17:43.938+0000] {processor.py:840} INFO - DAG(s) 'example_xcom' retrieved from /home/airflow/.local/lib/python3.12/site-packages/airflow/example_dags/example_xcom.py
[2026-03-25T11:17:43.961+0000] {logging_mixin.py:188} INFO - [2026-03-25T11:17:43.961+0000] {dag.py:3096} INFO - Sync 1 DAGs
[2026-03-25T11:17:43.985+0000] {logging_mixin.py:188} INFO - [2026-03-25T11:17:43.984+0000] {dag.py:3954} INFO - Setting next_dagrun for example_xcom to 2021-01-01 00:00:00+00:00, run_after=2021-01-01 00:00:00+00:00
[2026-03-25T11:17:44.032+0000] {processor.py:183} INFO - Processing /home/airflow/.local/lib/python3.12/site-packages/airflow/example_dags/example_xcom.py took 0.109 seconds
[2026-03-25T11:18:14.510+0000] {processor.py:161} INFO - Started process (PID=398) to work on /home/airflow/.local/lib/python3.12/site-packages/airflow/example_dags/example_xcom.py
[2026-03-25T11:18:14.511+0000] {processor.py:830} INFO - Processing file /home/airflow/.local/lib/python3.12/site-packages/airflow/example_dags/example_xcom.py for tasks to queue
[2026-03-25T11:18:14.513+0000] {logging_mixin.py:188} INFO - [2026-03-25T11:18:14.513+0000] {dagbag.py:540} INFO - Filling up the DagBag from /home/airflow/.local/lib/python3.12/site-packages/airflow/example_dags/example_xcom.py
[2026-03-25T11:18:14.521+0000] {processor.py:840} INFO - DAG(s) 'example_xcom' retrieved from /home/airflow/.local/lib/python3.12/site-packages/airflow/example_dags/example_xcom.py
[2026-03-25T11:18:14.543+0000] {logging_mixin.py:188} INFO - [2026-03-25T11:18:14.542+0000] {dag.py:3096} INFO - Sync 1 DAGs
[2026-03-25T11:18:14.564+0000] {logging_mixin.py:188} INFO - [2026-03-25T11:18:14.563+0000] {dag.py:3954} INFO - Setting next_dagrun for example_xcom to 2021-01-01 00:00:00+00:00, run_after=2021-01-01 00:00:00+00:00
[2026-03-25T11:18:14.607+0000] {processor.py:183} INFO - Processing /home/airflow/.local/lib/python3.12/site-packages/airflow/example_dags/example_xcom.py took 0.103 seconds
[2026-03-25T11:18:46.186+0000] {processor.py:161} INFO - Started process (PID=457) to work on /home/airflow/.local/lib/python3.12/site-packages/airflow/example_dags/example_xcom.py
[2026-03-25T11:18:46.187+0000] {processor.py:830} INFO - Processing file /home/airflow/.local/lib/python3.12/site-packages/airflow/example_dags/example_xcom.py for tasks to queue
[2026-03-25T11:18:46.189+0000] {logging_mixin.py:188} INFO - [2026-03-25T11:18:46.188+0000] {dagbag.py:540} INFO - Filling up the DagBag from /home/airflow/.local/lib/python3.12/site-packages/airflow/example_dags/example_xcom.py
[2026-03-25T11:18:46.196+0000] {processor.py:840} INFO - DAG(s) 'example_xcom' retrieved from /home/airflow/.local/lib/python3.12/site-packages/airflow/example_dags/example_xcom.py
[2026-03-25T11:18:46.216+0000] {logging_mixin.py:188} INFO - [2026-03-25T11:18:46.216+0000] {dag.py:3096} INFO - Sync 1 DAGs
[2026-03-25T11:18:46.237+0000] {logging_mixin.py:188} INFO - [2026-03-25T11:18:46.237+0000] {dag.py:3954} INFO - Setting next_dagrun for example_xcom to 2021-01-01 00:00:00+00:00, run_after=2021-01-01 00:00:00+00:00
[2026-03-25T11:18:46.277+0000] {processor.py:183} INFO - Processing /home/airflow/.local/lib/python3.12/site-packages/airflow/example_dags/example_xcom.py took 0.097 seconds
[2026-03-25T11:19:22.531+0000] {processor.py:161} INFO - Started process (PID=516) to work on /home/airflow/.local/lib/python3.12/site-packages/airflow/example_dags/example_xcom.py
[2026-03-25T11:19:22.537+0000] {processor.py:830} INFO - Processing file /home/airflow/.local/lib/python3.12/site-packages/airflow/example_dags/example_xcom.py for tasks to queue
[2026-03-25T11:19:22.548+0000] {logging_mixin.py:188} INFO - [2026-03-25T11:19:22.546+0000] {dagbag.py:540} INFO - Filling up the DagBag from /home/airflow/.local/lib/python3.12/site-packages/airflow/example_dags/example_xcom.py
[2026-03-25T11:19:22.595+0000] {processor.py:840} INFO - DAG(s) 'example_xcom' retrieved from /home/airflow/.local/lib/python3.12/site-packages/airflow/example_dags/example_xcom.py
[2026-03-25T11:19:22.725+0000] {logging_mixin.py:188} INFO - [2026-03-25T11:19:22.723+0000] {dag.py:3096} INFO - Sync 1 DAGs
[2026-03-25T11:19:22.835+0000] {logging_mixin.py:188} INFO - [2026-03-25T11:19:22.834+0000] {dag.py:3954} INFO - Setting next_dagrun for example_xcom to 2021-01-01 00:00:00+00:00, run_after=2021-01-01 00:00:00+00:00
[2026-03-25T11:19:22.980+0000] {processor.py:183} INFO - Processing /home/airflow/.local/lib/python3.12/site-packages/airflow/example_dags/example_xcom.py took 0.485 seconds
[2026-03-25T11:19:53.547+0000] {processor.py:161} INFO - Started process (PID=575) to work on /home/airflow/.local/lib/python3.12/site-packages/airflow/example_dags/example_xcom.py
[2026-03-25T11:19:53.548+0000] {processor.py:830} INFO - Processing file /home/airflow/.local/lib/python3.12/site-packages/airflow/example_dags/example_xcom.py for tasks to queue
[2026-03-25T11:19:53.550+0000] {logging_mixin.py:188} INFO - [2026-03-25T11:19:53.550+0000] {dagbag.py:540} INFO - Filling up the DagBag from /home/airflow/.local/lib/python3.12/site-packages/airflow/example_dags/example_xcom.py
[2026-03-25T11:19:53.557+0000] {processor.py:840} INFO - DAG(s) 'example_xcom' retrieved from /home/airflow/.local/lib/python3.12/site-packages/airflow/example_dags/example_xcom.py
[2026-03-25T11:19:53.579+0000] {logging_mixin.py:188} INFO - [2026-03-25T11:19:53.579+0000] {dag.py:3096} INFO - Sync 1 DAGs
[2026-03-25T11:19:53.602+0000] {logging_mixin.py:188} INFO - [2026-03-25T11:19:53.602+0000] {dag.py:3954} INFO - Setting next_dagrun for example_xcom to 2021-01-01 00:00:00+00:00, run_after=2021-01-01 00:00:00+00:00
[2026-03-25T11:19:53.644+0000] {processor.py:183} INFO - Processing /home/airflow/.local/lib/python3.12/site-packages/airflow/example_dags/example_xcom.py took 0.102 seconds
[2026-03-25T11:20:24.682+0000] {processor.py:161} INFO - Started process (PID=634) to work on /home/airflow/.local/lib/python3.12/site-packages/airflow/example_dags/example_xcom.py
[2026-03-25T11:20:24.683+0000] {processor.py:830} INFO - Processing file /home/airflow/.local/lib/python3.12/site-packages/airflow/example_dags/example_xcom.py for tasks to queue
[2026-03-25T11:20:24.685+0000] {logging_mixin.py:188} INFO - [2026-03-25T11:20:24.685+0000] {dagbag.py:540} INFO - Filling up the DagBag from /home/airflow/.local/lib/python3.12/site-packages/airflow/example_dags/example_xcom.py
[2026-03-25T11:20:24.693+0000] {processor.py:840} INFO - DAG(s) 'example_xcom' retrieved from /home/airflow/.local/lib/python3.12/site-packages/airflow/example_dags/example_xcom.py
[2026-03-25T11:20:24.713+0000] {logging_mixin.py:188} INFO - [2026-03-25T11:20:24.713+0000] {dag.py:3096} INFO - Sync 1 DAGs
[2026-03-25T11:20:24.735+0000] {logging_mixin.py:188} INFO - [2026-03-25T11:20:24.735+0000] {dag.py:3954} INFO - Setting next_dagrun for example_xcom to 2021-01-01 00:00:00+00:00, run_after=2021-01-01 00:00:00+00:00
[2026-03-25T11:20:24.783+0000] {processor.py:183} INFO - Processing /home/airflow/.local/lib/python3.12/site-packages/airflow/example_dags/example_xcom.py took 0.107 seconds
[2026-03-25T11:20:57.196+0000] {processor.py:161} INFO - Started process (PID=693) to work on /home/airflow/.local/lib/python3.12/site-packages/airflow/example_dags/example_xcom.py
[2026-03-25T11:20:57.197+0000] {processor.py:830} INFO - Processing file /home/airflow/.local/lib/python3.12/site-packages/airflow/example_dags/example_xcom.py for tasks to queue
[2026-03-25T11:20:57.199+0000] {logging_mixin.py:188} INFO - [2026-03-25T11:20:57.198+0000] {dagbag.py:540} INFO - Filling up the DagBag from /home/airflow/.local/lib/python3.12/site-packages/airflow/example_dags/example_xcom.py
[2026-03-25T11:20:57.206+0000] {processor.py:840} INFO - DAG(s) 'example_xcom' retrieved from /home/airflow/.local/lib/python3.12/site-packages/airflow/example_dags/example_xcom.py
[2026-03-25T11:20:57.227+0000] {logging_mixin.py:188} INFO - [2026-03-25T11:20:57.226+0000] {dag.py:3096} INFO - Sync 1 DAGs
[2026-03-25T11:20:57.267+0000] {logging_mixin.py:188} INFO - [2026-03-25T11:20:57.266+0000] {dag.py:3954} INFO - Setting next_dagrun for example_xcom to 2021-01-01 00:00:00+00:00, run_after=2021-01-01 00:00:00+00:00
[2026-03-25T11:20:57.319+0000] {processor.py:183} INFO - Processing /home/airflow/.local/lib/python3.12/site-packages/airflow/example_dags/example_xcom.py took 0.128 seconds
[2026-03-25T11:21:29.949+0000] {processor.py:161} INFO - Started process (PID=752) to work on /home/airflow/.local/lib/python3.12/site-packages/airflow/example_dags/example_xcom.py
[2026-03-25T11:21:29.950+0000] {processor.py:830} INFO - Processing file /home/airflow/.local/lib/python3.12/site-packages/airflow/example_dags/example_xcom.py for tasks to queue
[2026-03-25T11:21:29.953+0000] {logging_mixin.py:188} INFO - [2026-03-25T11:21:29.952+0000] {dagbag.py:540} INFO - Filling up the DagBag from /home/airflow/.local/lib/python3.12/site-packages/airflow/example_dags/example_xcom.py
[2026-03-25T11:21:29.961+0000] {processor.py:840} INFO - DAG(s) 'example_xcom' retrieved from /home/airflow/.local/lib/python3.12/site-packages/airflow/example_dags/example_xcom.py
[2026-03-25T11:21:29.981+0000] {logging_mixin.py:188} INFO - [2026-03-25T11:21:29.981+0000] {dag.py:3096} INFO - Sync 1 DAGs
[2026-03-25T11:21:30.001+0000] {logging_mixin.py:188} INFO - [2026-03-25T11:21:30.001+0000] {dag.py:3954} INFO - Setting next_dagrun for example_xcom to 2021-01-01 00:00:00+00:00, run_after=2021-01-01 00:00:00+00:00
[2026-03-25T11:21:30.051+0000] {processor.py:183} INFO - Processing /home/airflow/.local/lib/python3.12/site-packages/airflow/example_dags/example_xcom.py took 0.108 seconds
[2026-03-25T11:22:03.408+0000] {processor.py:161} INFO - Started process (PID=811) to work on /home/airflow/.local/lib/python3.12/site-packages/airflow/example_dags/example_xcom.py
[2026-03-25T11:22:03.410+0000] {processor.py:830} INFO - Processing file /home/airflow/.local/lib/python3.12/site-packages/airflow/example_dags/example_xcom.py for tasks to queue
[2026-03-25T11:22:03.412+0000] {logging_mixin.py:188} INFO - [2026-03-25T11:22:03.412+0000] {dagbag.py:540} INFO - Filling up the DagBag from /home/airflow/.local/lib/python3.12/site-packages/airflow/example_dags/example_xcom.py
[2026-03-25T11:22:03.424+0000] {processor.py:840} INFO - DAG(s) 'example_xcom' retrieved from /home/airflow/.local/lib/python3.12/site-packages/airflow/example_dags/example_xcom.py
[2026-03-25T11:22:03.453+0000] {logging_mixin.py:188} INFO - [2026-03-25T11:22:03.452+0000] {dag.py:3096} INFO - Sync 1 DAGs
[2026-03-25T11:22:03.481+0000] {logging_mixin.py:188} INFO - [2026-03-25T11:22:03.480+0000] {dag.py:3954} INFO - Setting next_dagrun for example_xcom to 2021-01-01 00:00:00+00:00, run_after=2021-01-01 00:00:00+00:00
[2026-03-25T11:22:03.575+0000] {processor.py:183} INFO - Processing /home/airflow/.local/lib/python3.12/site-packages/airflow/example_dags/example_xcom.py took 0.174 seconds
[2026-03-25T11:22:35.350+0000] {processor.py:161} INFO - Started process (PID=870) to work on /home/airflow/.local/lib/python3.12/site-packages/airflow/example_dags/example_xcom.py
[2026-03-25T11:22:35.351+0000] {processor.py:830} INFO - Processing file /home/airflow/.local/lib/python3.12/site-packages/airflow/example_dags/example_xcom.py for tasks to queue
[2026-03-25T11:22:35.354+0000] {logging_mixin.py:188} INFO - [2026-03-25T11:22:35.353+0000] {dagbag.py:540} INFO - Filling up the DagBag from /home/airflow/.local/lib/python3.12/site-packages/airflow/example_dags/example_xcom.py
[2026-03-25T11:22:35.362+0000] {processor.py:840} INFO - DAG(s) 'example_xcom' retrieved from /home/airflow/.local/lib/python3.12/site-packages/airflow/example_dags/example_xcom.py
[2026-03-25T11:22:35.385+0000] {logging_mixin.py:188} INFO - [2026-03-25T11:22:35.385+0000] {dag.py:3096} INFO - Sync 1 DAGs
[2026-03-25T11:22:35.408+0000] {logging_mixin.py:188} INFO - [2026-03-25T11:22:35.408+0000] {dag.py:3954} INFO - Setting next_dagrun for example_xcom to 2021-01-01 00:00:00+00:00, run_after=2021-01-01 00:00:00+00:00
[2026-03-25T11:22:35.505+0000] {processor.py:183} INFO - Processing /home/airflow/.local/lib/python3.12/site-packages/airflow/example_dags/example_xcom.py took 0.160 seconds
[2026-03-25T11:23:09.127+0000] {processor.py:161} INFO - Started process (PID=929) to work on /home/airflow/.local/lib/python3.12/site-packages/airflow/example_dags/example_xcom.py
[2026-03-25T11:23:09.129+0000] {processor.py:830} INFO - Processing file /home/airflow/.local/lib/python3.12/site-packages/airflow/example_dags/example_xcom.py for tasks to queue
[2026-03-25T11:23:09.136+0000] {logging_mixin.py:188} INFO - [2026-03-25T11:23:09.135+0000] {dagbag.py:540} INFO - Filling up the DagBag from /home/airflow/.local/lib/python3.12/site-packages/airflow/example_dags/example_xcom.py
[2026-03-25T11:23:09.163+0000] {processor.py:840} INFO - DAG(s) 'example_xcom' retrieved from /home/airflow/.local/lib/python3.12/site-packages/airflow/example_dags/example_xcom.py
[2026-03-25T11:23:09.213+0000] {logging_mixin.py:188} INFO - [2026-03-25T11:23:09.213+0000] {dag.py:3096} INFO - Sync 1 DAGs
[2026-03-25T11:23:09.255+0000] {logging_mixin.py:188} INFO - [2026-03-25T11:23:09.254+0000] {dag.py:3954} INFO - Setting next_dagrun for example_xcom to 2021-01-01 00:00:00+00:00, run_after=2021-01-01 00:00:00+00:00
[2026-03-25T11:23:09.307+0000] {processor.py:183} INFO - Processing /home/airflow/.local/lib/python3.12/site-packages/airflow/example_dags/example_xcom.py took 0.195 seconds
[2026-03-25T11:23:41.166+0000] {processor.py:161} INFO - Started process (PID=988) to work on /home/airflow/.local/lib/python3.12/site-packages/airflow/example_dags/example_xcom.py
[2026-03-25T11:23:41.167+0000] {processor.py:830} INFO - Processing file /home/airflow/.local/lib/python3.12/site-packages/airflow/example_dags/example_xcom.py for tasks to queue
[2026-03-25T11:23:41.169+0000] {logging_mixin.py:188} INFO - [2026-03-25T11:23:41.169+0000] {dagbag.py:540} INFO - Filling up the DagBag from /home/airflow/.local/lib/python3.12/site-packages/airflow/example_dags/example_xcom.py
[2026-03-25T11:23:41.177+0000] {processor.py:840} INFO - DAG(s) 'example_xcom' retrieved from /home/airflow/.local/lib/python3.12/site-packages/airflow/example_dags/example_xcom.py
[2026-03-25T11:23:41.200+0000] {logging_mixin.py:188} INFO - [2026-03-25T11:23:41.200+0000] {dag.py:3096} INFO - Sync 1 DAGs
[2026-03-25T11:23:41.224+0000] {logging_mixin.py:188} INFO - [2026-03-25T11:23:41.223+0000] {dag.py:3954} INFO - Setting next_dagrun for example_xcom to 2021-01-01 00:00:00+00:00, run_after=2021-01-01 00:00:00+00:00
[2026-03-25T11:23:41.284+0000] {processor.py:183} INFO - Processing /home/airflow/.local/lib/python3.12/site-packages/airflow/example_dags/example_xcom.py took 0.124 seconds
[2026-03-25T11:24:13.275+0000] {processor.py:161} INFO - Started process (PID=1047) to work on /home/airflow/.local/lib/python3.12/site-packages/airflow/example_dags/example_xcom.py
[2026-03-25T11:24:13.276+0000] {processor.py:830} INFO - Processing file /home/airflow/.local/lib/python3.12/site-packages/airflow/example_dags/example_xcom.py for tasks to queue
[2026-03-25T11:24:13.278+0000] {logging_mixin.py:188} INFO - [2026-03-25T11:24:13.278+0000] {dagbag.py:540} INFO - Filling up the DagBag from /home/airflow/.local/lib/python3.12/site-packages/airflow/example_dags/example_xcom.py
[2026-03-25T11:24:13.286+0000] {processor.py:840} INFO - DAG(s) 'example_xcom' retrieved from /home/airflow/.local/lib/python3.12/site-packages/airflow/example_dags/example_xcom.py
[2026-03-25T11:24:13.309+0000] {logging_mixin.py:188} INFO - [2026-03-25T11:24:13.309+0000] {dag.py:3096} INFO - Sync 1 DAGs
[2026-03-25T11:24:13.330+0000] {logging_mixin.py:188} INFO - [2026-03-25T11:24:13.330+0000] {dag.py:3954} INFO - Setting next_dagrun for example_xcom to 2021-01-01 00:00:00+00:00, run_after=2021-01-01 00:00:00+00:00
[2026-03-25T11:24:13.375+0000] {processor.py:183} INFO - Processing /home/airflow/.local/lib/python3.12/site-packages/airflow/example_dags/example_xcom.py took 0.106 seconds
[2026-03-25T11:24:48.211+0000] {processor.py:161} INFO - Started process (PID=1107) to work on /home/airflow/.local/lib/python3.12/site-packages/airflow/example_dags/example_xcom.py
[2026-03-25T11:24:48.212+0000] {processor.py:830} INFO - Processing file /home/airflow/.local/lib/python3.12/site-packages/airflow/example_dags/example_xcom.py for tasks to queue
[2026-03-25T11:24:48.215+0000] {logging_mixin.py:188} INFO - [2026-03-25T11:24:48.215+0000] {dagbag.py:540} INFO - Filling up the DagBag from /home/airflow/.local/lib/python3.12/site-packages/airflow/example_dags/example_xcom.py
[2026-03-25T11:24:48.226+0000] {processor.py:840} INFO - DAG(s) 'example_xcom' retrieved from /home/airflow/.local/lib/python3.12/site-packages/airflow/example_dags/example_xcom.py
[2026-03-25T11:24:48.265+0000] {logging_mixin.py:188} INFO - [2026-03-25T11:24:48.265+0000] {dag.py:3096} INFO - Sync 1 DAGs
[2026-03-25T11:24:48.309+0000] {logging_mixin.py:188} INFO - [2026-03-25T11:24:48.308+0000] {dag.py:3954} INFO - Setting next_dagrun for example_xcom to 2021-01-01 00:00:00+00:00, run_after=2021-01-01 00:00:00+00:00
[2026-03-25T11:24:48.378+0000] {processor.py:183} INFO - Processing /home/airflow/.local/lib/python3.12/site-packages/airflow/example_dags/example_xcom.py took 0.173 seconds
[2026-03-25T11:25:19.024+0000] {processor.py:161} INFO - Started process (PID=1166) to work on /home/airflow/.local/lib/python3.12/site-packages/airflow/example_dags/example_xcom.py
[2026-03-25T11:25:19.025+0000] {processor.py:830} INFO - Processing file /home/airflow/.local/lib/python3.12/site-packages/airflow/example_dags/example_xcom.py for tasks to queue
[2026-03-25T11:25:19.027+0000] {logging_mixin.py:188} INFO - [2026-03-25T11:25:19.027+0000] {dagbag.py:540} INFO - Filling up the DagBag from /home/airflow/.local/lib/python3.12/site-packages/airflow/example_dags/example_xcom.py
[2026-03-25T11:25:19.034+0000] {processor.py:840} INFO - DAG(s) 'example_xcom' retrieved from /home/airflow/.local/lib/python3.12/site-packages/airflow/example_dags/example_xcom.py
[2026-03-25T11:25:19.056+0000] {logging_mixin.py:188} INFO - [2026-03-25T11:25:19.055+0000] {dag.py:3096} INFO - Sync 1 DAGs
[2026-03-25T11:25:19.078+0000] {logging_mixin.py:188} INFO - [2026-03-25T11:25:19.078+0000] {dag.py:3954} INFO - Setting next_dagrun for example_xcom to 2021-01-01 00:00:00+00:00, run_after=2021-01-01 00:00:00+00:00
[2026-03-25T11:25:19.125+0000] {processor.py:183} INFO - Processing /home/airflow/.local/lib/python3.12/site-packages/airflow/example_dags/example_xcom.py took 0.108 seconds
[2026-03-25T11:25:51.983+0000] {processor.py:161} INFO - Started process (PID=1225) to work on /home/airflow/.local/lib/python3.12/site-packages/airflow/example_dags/example_xcom.py
[2026-03-25T11:25:51.984+0000] {processor.py:830} INFO - Processing file /home/airflow/.local/lib/python3.12/site-packages/airflow/example_dags/example_xcom.py for tasks to queue
[2026-03-25T11:25:51.986+0000] {logging_mixin.py:188} INFO - [2026-03-25T11:25:51.985+0000] {dagbag.py:540} INFO - Filling up the DagBag from /home/airflow/.local/lib/python3.12/site-packages/airflow/example_dags/example_xcom.py
[2026-03-25T11:25:51.993+0000] {processor.py:840} INFO - DAG(s) 'example_xcom' retrieved from /home/airflow/.local/lib/python3.12/site-packages/airflow/example_dags/example_xcom.py
[2026-03-25T11:25:52.014+0000] {logging_mixin.py:188} INFO - [2026-03-25T11:25:52.014+0000] {dag.py:3096} INFO - Sync 1 DAGs
[2026-03-25T11:25:52.034+0000] {logging_mixin.py:188} INFO - [2026-03-25T11:25:52.034+0000] {dag.py:3954} INFO - Setting next_dagrun for example_xcom to 2021-01-01 00:00:00+00:00, run_after=2021-01-01 00:00:00+00:00
[2026-03-25T11:25:52.072+0000] {processor.py:183} INFO - Processing /home/airflow/.local/lib/python3.12/site-packages/airflow/example_dags/example_xcom.py took 0.095 seconds
[2026-03-25T11:26:24.839+0000] {processor.py:161} INFO - Started process (PID=1285) to work on /home/airflow/.local/lib/python3.12/site-packages/airflow/example_dags/example_xcom.py
[2026-03-25T11:26:24.840+0000] {processor.py:830} INFO - Processing file /home/airflow/.local/lib/python3.12/site-packages/airflow/example_dags/example_xcom.py for tasks to queue
[2026-03-25T11:26:24.842+0000] {logging_mixin.py:188} INFO - [2026-03-25T11:26:24.842+0000] {dagbag.py:540} INFO - Filling up the DagBag from /home/airflow/.local/lib/python3.12/site-packages/airflow/example_dags/example_xcom.py
[2026-03-25T11:26:24.851+0000] {processor.py:840} INFO - DAG(s) 'example_xcom' retrieved from /home/airflow/.local/lib/python3.12/site-packages/airflow/example_dags/example_xcom.py
[2026-03-25T11:26:24.873+0000] {logging_mixin.py:188} INFO - [2026-03-25T11:26:24.872+0000] {dag.py:3096} INFO - Sync 1 DAGs
[2026-03-25T11:26:24.894+0000] {logging_mixin.py:188} INFO - [2026-03-25T11:26:24.894+0000] {dag.py:3954} INFO - Setting next_dagrun for example_xcom to 2021-01-01 00:00:00+00:00, run_after=2021-01-01 00:00:00+00:00
[2026-03-25T11:26:24.939+0000] {processor.py:183} INFO - Processing /home/airflow/.local/lib/python3.12/site-packages/airflow/example_dags/example_xcom.py took 0.108 seconds
[2026-03-25T11:26:57.790+0000] {processor.py:161} INFO - Started process (PID=1344) to work on /home/airflow/.local/lib/python3.12/site-packages/airflow/example_dags/example_xcom.py
[2026-03-25T11:26:57.792+0000] {processor.py:830} INFO - Processing file /home/airflow/.local/lib/python3.12/site-packages/airflow/example_dags/example_xcom.py for tasks to queue
[2026-03-25T11:26:57.794+0000] {logging_mixin.py:188} INFO - [2026-03-25T11:26:57.794+0000] {dagbag.py:540} INFO - Filling up the DagBag from /home/airflow/.local/lib/python3.12/site-packages/airflow/example_dags/example_xcom.py
[2026-03-25T11:26:57.803+0000] {processor.py:840} INFO - DAG(s) 'example_xcom' retrieved from /home/airflow/.local/lib/python3.12/site-packages/airflow/example_dags/example_xcom.py
[2026-03-25T11:26:57.830+0000] {logging_mixin.py:188} INFO - [2026-03-25T11:26:57.829+0000] {dag.py:3096} INFO - Sync 1 DAGs
[2026-03-25T11:26:57.859+0000] {logging_mixin.py:188} INFO - [2026-03-25T11:26:57.859+0000] {dag.py:3954} INFO - Setting next_dagrun for example_xcom to 2021-01-01 00:00:00+00:00, run_after=2021-01-01 00:00:00+00:00
[2026-03-25T11:26:57.909+0000] {processor.py:183} INFO - Processing /home/airflow/.local/lib/python3.12/site-packages/airflow/example_dags/example_xcom.py took 0.126 seconds
[2026-03-25T11:27:33.396+0000] {processor.py:161} INFO - Started process (PID=1415) to work on /home/airflow/.local/lib/python3.12/site-packages/airflow/example_dags/example_xcom.py
[2026-03-25T11:27:33.397+0000] {processor.py:830} INFO - Processing file /home/airflow/.local/lib/python3.12/site-packages/airflow/example_dags/example_xcom.py for tasks to queue
[2026-03-25T11:27:33.400+0000] {logging_mixin.py:188} INFO - [2026-03-25T11:27:33.400+0000] {dagbag.py:540} INFO - Filling up the DagBag from /home/airflow/.local/lib/python3.12/site-packages/airflow/example_dags/example_xcom.py
[2026-03-25T11:27:33.411+0000] {processor.py:840} INFO - DAG(s) 'example_xcom' retrieved from /home/airflow/.local/lib/python3.12/site-packages/airflow/example_dags/example_xcom.py
[2026-03-25T11:27:33.443+0000] {logging_mixin.py:188} INFO - [2026-03-25T11:27:33.443+0000] {dag.py:3096} INFO - Sync 1 DAGs
[2026-03-25T11:27:33.479+0000] {logging_mixin.py:188} INFO - [2026-03-25T11:27:33.479+0000] {dag.py:3954} INFO - Setting next_dagrun for example_xcom to 2021-01-01 00:00:00+00:00, run_after=2021-01-01 00:00:00+00:00
[2026-03-25T11:27:33.536+0000] {processor.py:183} INFO - Processing /home/airflow/.local/lib/python3.12/site-packages/airflow/example_dags/example_xcom.py took 0.151 seconds
[2026-03-25T11:28:04.027+0000] {processor.py:161} INFO - Started process (PID=1474) to work on /home/airflow/.local/lib/python3.12/site-packages/airflow/example_dags/example_xcom.py
[2026-03-25T11:28:04.028+0000] {processor.py:830} INFO - Processing file /home/airflow/.local/lib/python3.12/site-packages/airflow/example_dags/example_xcom.py for tasks to queue
[2026-03-25T11:28:04.030+0000] {logging_mixin.py:188} INFO - [2026-03-25T11:28:04.030+0000] {dagbag.py:540} INFO - Filling up the DagBag from /home/airflow/.local/lib/python3.12/site-packages/airflow/example_dags/example_xcom.py
[2026-03-25T11:28:04.037+0000] {processor.py:840} INFO - DAG(s) 'example_xcom' retrieved from /home/airflow/.local/lib/python3.12/site-packages/airflow/example_dags/example_xcom.py
[2026-03-25T11:28:04.061+0000] {logging_mixin.py:188} INFO - [2026-03-25T11:28:04.061+0000] {dag.py:3096} INFO - Sync 1 DAGs
[2026-03-25T11:28:04.084+0000] {logging_mixin.py:188} INFO - [2026-03-25T11:28:04.084+0000] {dag.py:3954} INFO - Setting next_dagrun for example_xcom to 2021-01-01 00:00:00+00:00, run_after=2021-01-01 00:00:00+00:00
[2026-03-25T11:28:04.127+0000] {processor.py:183} INFO - Processing /home/airflow/.local/lib/python3.12/site-packages/airflow/example_dags/example_xcom.py took 0.105 seconds
[2026-03-25T11:28:38.806+0000] {processor.py:161} INFO - Started process (PID=1533) to work on /home/airflow/.local/lib/python3.12/site-packages/airflow/example_dags/example_xcom.py
[2026-03-25T11:28:38.807+0000] {processor.py:830} INFO - Processing file /home/airflow/.local/lib/python3.12/site-packages/airflow/example_dags/example_xcom.py for tasks to queue
[2026-03-25T11:28:38.810+0000] {logging_mixin.py:188} INFO - [2026-03-25T11:28:38.809+0000] {dagbag.py:540} INFO - Filling up the DagBag from /home/airflow/.local/lib/python3.12/site-packages/airflow/example_dags/example_xcom.py
[2026-03-25T11:28:38.820+0000] {processor.py:840} INFO - DAG(s) 'example_xcom' retrieved from /home/airflow/.local/lib/python3.12/site-packages/airflow/example_dags/example_xcom.py
[2026-03-25T11:28:38.844+0000] {logging_mixin.py:188} INFO - [2026-03-25T11:28:38.844+0000] {dag.py:3096} INFO - Sync 1 DAGs
[2026-03-25T11:28:38.870+0000] {logging_mixin.py:188} INFO - [2026-03-25T11:28:38.869+0000] {dag.py:3954} INFO - Setting next_dagrun for example_xcom to 2021-01-01 00:00:00+00:00, run_after=2021-01-01 00:00:00+00:00
[2026-03-25T11:28:38.946+0000] {processor.py:183} INFO - Processing /home/airflow/.local/lib/python3.12/site-packages/airflow/example_dags/example_xcom.py took 0.148 seconds
[2026-03-25T11:29:11.319+0000] {processor.py:161} INFO - Started process (PID=1592) to work on /home/airflow/.local/lib/python3.12/site-packages/airflow/example_dags/example_xcom.py
[2026-03-25T11:29:11.320+0000] {processor.py:830} INFO - Processing file /home/airflow/.local/lib/python3.12/site-packages/airflow/example_dags/example_xcom.py for tasks to queue
[2026-03-25T11:29:11.323+0000] {logging_mixin.py:188} INFO - [2026-03-25T11:29:11.322+0000] {dagbag.py:540} INFO - Filling up the DagBag from /home/airflow/.local/lib/python3.12/site-packages/airflow/example_dags/example_xcom.py
[2026-03-25T11:29:11.332+0000] {processor.py:840} INFO - DAG(s) 'example_xcom' retrieved from /home/airflow/.local/lib/python3.12/site-packages/airflow/example_dags/example_xcom.py
[2026-03-25T11:29:11.353+0000] {logging_mixin.py:188} INFO - [2026-03-25T11:29:11.353+0000] {dag.py:3096} INFO - Sync 1 DAGs
[2026-03-25T11:29:11.378+0000] {logging_mixin.py:188} INFO - [2026-03-25T11:29:11.377+0000] {dag.py:3954} INFO - Setting next_dagrun for example_xcom to 2021-01-01 00:00:00+00:00, run_after=2021-01-01 00:00:00+00:00
[2026-03-25T11:29:11.422+0000] {processor.py:183} INFO - Processing /home/airflow/.local/lib/python3.12/site-packages/airflow/example_dags/example_xcom.py took 0.111 seconds
[2026-03-25T11:29:42.181+0000] {processor.py:161} INFO - Started process (PID=1651) to work on /home/airflow/.local/lib/python3.12/site-packages/airflow/example_dags/example_xcom.py
[2026-03-25T11:29:42.188+0000] {processor.py:830} INFO - Processing file /home/airflow/.local/lib/python3.12/site-packages/airflow/example_dags/example_xcom.py for tasks to queue
[2026-03-25T11:29:42.192+0000] {logging_mixin.py:188} INFO - [2026-03-25T11:29:42.191+0000] {dagbag.py:540} INFO - Filling up the DagBag from /home/airflow/.local/lib/python3.12/site-packages/airflow/example_dags/example_xcom.py
[2026-03-25T11:29:42.210+0000] {processor.py:840} INFO - DAG(s) 'example_xcom' retrieved from /home/airflow/.local/lib/python3.12/site-packages/airflow/example_dags/example_xcom.py
[2026-03-25T11:29:42.259+0000] {logging_mixin.py:188} INFO - [2026-03-25T11:29:42.258+0000] {dag.py:3096} INFO - Sync 1 DAGs
[2026-03-25T11:29:42.320+0000] {logging_mixin.py:188} INFO - [2026-03-25T11:29:42.320+0000] {dag.py:3954} INFO - Setting next_dagrun for example_xcom to 2021-01-01 00:00:00+00:00, run_after=2021-01-01 00:00:00+00:00
[2026-03-25T11:29:42.388+0000] {processor.py:183} INFO - Processing /home/airflow/.local/lib/python3.12/site-packages/airflow/example_dags/example_xcom.py took 0.221 seconds
[2026-03-25T11:30:13.927+0000] {processor.py:161} INFO - Started process (PID=1710) to work on /home/airflow/.local/lib/python3.12/site-packages/airflow/example_dags/example_xcom.py
[2026-03-25T11:30:13.929+0000] {processor.py:830} INFO - Processing file /home/airflow/.local/lib/python3.12/site-packages/airflow/example_dags/example_xcom.py for tasks to queue
[2026-03-25T11:30:13.932+0000] {logging_mixin.py:188} INFO - [2026-03-25T11:30:13.932+0000] {dagbag.py:540} INFO - Filling up the DagBag from /home/airflow/.local/lib/python3.12/site-packages/airflow/example_dags/example_xcom.py
[2026-03-25T11:30:13.943+0000] {processor.py:840} INFO - DAG(s) 'example_xcom' retrieved from /home/airflow/.local/lib/python3.12/site-packages/airflow/example_dags/example_xcom.py
[2026-03-25T11:30:13.974+0000] {logging_mixin.py:188} INFO - [2026-03-25T11:30:13.973+0000] {dag.py:3096} INFO - Sync 1 DAGs
[2026-03-25T11:30:14.008+0000] {logging_mixin.py:188} INFO - [2026-03-25T11:30:14.007+0000] {dag.py:3954} INFO - Setting next_dagrun for example_xcom to 2021-01-01 00:00:00+00:00, run_after=2021-01-01 00:00:00+00:00
[2026-03-25T11:30:14.059+0000] {processor.py:183} INFO - Processing /home/airflow/.local/lib/python3.12/site-packages/airflow/example_dags/example_xcom.py took 0.140 seconds
[2026-03-25T11:30:44.800+0000] {processor.py:161} INFO - Started process (PID=1769) to work on /home/airflow/.local/lib/python3.12/site-packages/airflow/example_dags/example_xcom.py
[2026-03-25T11:30:44.801+0000] {processor.py:830} INFO - Processing file /home/airflow/.local/lib/python3.12/site-packages/airflow/example_dags/example_xcom.py for tasks to queue
[2026-03-25T11:30:44.803+0000] {logging_mixin.py:188} INFO - [2026-03-25T11:30:44.803+0000] {dagbag.py:540} INFO - Filling up the DagBag from /home/airflow/.local/lib/python3.12/site-packages/airflow/example_dags/example_xcom.py
[2026-03-25T11:30:44.810+0000] {processor.py:840} INFO - DAG(s) 'example_xcom' retrieved from /home/airflow/.local/lib/python3.12/site-packages/airflow/example_dags/example_xcom.py
[2026-03-25T11:30:44.833+0000] {logging_mixin.py:188} INFO - [2026-03-25T11:30:44.832+0000] {dag.py:3096} INFO - Sync 1 DAGs
[2026-03-25T11:30:44.856+0000] {logging_mixin.py:188} INFO - [2026-03-25T11:30:44.855+0000] {dag.py:3954} INFO - Setting next_dagrun for example_xcom to 2021-01-01 00:00:00+00:00, run_after=2021-01-01 00:00:00+00:00
[2026-03-25T11:30:44.898+0000] {processor.py:183} INFO - Processing /home/airflow/.local/lib/python3.12/site-packages/airflow/example_dags/example_xcom.py took 0.103 seconds
[2026-03-25T11:31:17.005+0000] {processor.py:161} INFO - Started process (PID=1822) to work on /home/airflow/.local/lib/python3.12/site-packages/airflow/example_dags/example_xcom.py
[2026-03-25T11:31:17.006+0000] {processor.py:830} INFO - Processing file /home/airflow/.local/lib/python3.12/site-packages/airflow/example_dags/example_xcom.py for tasks to queue
[2026-03-25T11:31:17.008+0000] {logging_mixin.py:188} INFO - [2026-03-25T11:31:17.008+0000] {dagbag.py:540} INFO - Filling up the DagBag from /home/airflow/.local/lib/python3.12/site-packages/airflow/example_dags/example_xcom.py
[2026-03-25T11:31:17.015+0000] {processor.py:840} INFO - DAG(s) 'example_xcom' retrieved from /home/airflow/.local/lib/python3.12/site-packages/airflow/example_dags/example_xcom.py
[2026-03-25T11:31:17.035+0000] {logging_mixin.py:188} INFO - [2026-03-25T11:31:17.035+0000] {dag.py:3096} INFO - Sync 1 DAGs
[2026-03-25T11:31:17.056+0000] {logging_mixin.py:188} INFO - [2026-03-25T11:31:17.056+0000] {dag.py:3954} INFO - Setting next_dagrun for example_xcom to 2021-01-01 00:00:00+00:00, run_after=2021-01-01 00:00:00+00:00
[2026-03-25T11:31:17.171+0000] {processor.py:183} INFO - Processing /home/airflow/.local/lib/python3.12/site-packages/airflow/example_dags/example_xcom.py took 0.172 seconds
[2026-03-25T11:31:50.227+0000] {processor.py:161} INFO - Started process (PID=1887) to work on /home/airflow/.local/lib/python3.12/site-packages/airflow/example_dags/example_xcom.py
[2026-03-25T11:31:50.228+0000] {processor.py:830} INFO - Processing file /home/airflow/.local/lib/python3.12/site-packages/airflow/example_dags/example_xcom.py for tasks to queue
[2026-03-25T11:31:50.230+0000] {logging_mixin.py:188} INFO - [2026-03-25T11:31:50.230+0000] {dagbag.py:540} INFO - Filling up the DagBag from /home/airflow/.local/lib/python3.12/site-packages/airflow/example_dags/example_xcom.py
[2026-03-25T11:31:50.237+0000] {processor.py:840} INFO - DAG(s) 'example_xcom' retrieved from /home/airflow/.local/lib/python3.12/site-packages/airflow/example_dags/example_xcom.py
[2026-03-25T11:31:50.258+0000] {logging_mixin.py:188} INFO - [2026-03-25T11:31:50.258+0000] {dag.py:3096} INFO - Sync 1 DAGs
[2026-03-25T11:31:50.279+0000] {logging_mixin.py:188} INFO - [2026-03-25T11:31:50.278+0000] {dag.py:3954} INFO - Setting next_dagrun for example_xcom to 2021-01-01 00:00:00+00:00, run_after=2021-01-01 00:00:00+00:00
[2026-03-25T11:31:50.328+0000] {processor.py:183} INFO - Processing /home/airflow/.local/lib/python3.12/site-packages/airflow/example_dags/example_xcom.py took 0.107 seconds
[2026-03-25T11:32:23.111+0000] {processor.py:161} INFO - Started process (PID=1946) to work on /home/airflow/.local/lib/python3.12/site-packages/airflow/example_dags/example_xcom.py
[2026-03-25T11:32:23.112+0000] {processor.py:830} INFO - Processing file /home/airflow/.local/lib/python3.12/site-packages/airflow/example_dags/example_xcom.py for tasks to queue
[2026-03-25T11:32:23.114+0000] {logging_mixin.py:188} INFO - [2026-03-25T11:32:23.114+0000] {dagbag.py:540} INFO - Filling up the DagBag from /home/airflow/.local/lib/python3.12/site-packages/airflow/example_dags/example_xcom.py
[2026-03-25T11:32:23.122+0000] {processor.py:840} INFO - DAG(s) 'example_xcom' retrieved from /home/airflow/.local/lib/python3.12/site-packages/airflow/example_dags/example_xcom.py
[2026-03-25T11:32:23.144+0000] {logging_mixin.py:188} INFO - [2026-03-25T11:32:23.144+0000] {dag.py:3096} INFO - Sync 1 DAGs
[2026-03-25T11:32:23.165+0000] {logging_mixin.py:188} INFO - [2026-03-25T11:32:23.165+0000] {dag.py:3954} INFO - Setting next_dagrun for example_xcom to 2021-01-01 00:00:00+00:00, run_after=2021-01-01 00:00:00+00:00
[2026-03-25T11:32:23.248+0000] {processor.py:183} INFO - Processing /home/airflow/.local/lib/python3.12/site-packages/airflow/example_dags/example_xcom.py took 0.143 seconds
[2026-03-25T11:34:41.815+0000] {processor.py:161} INFO - Started process (PID=108) to work on /home/airflow/.local/lib/python3.12/site-packages/airflow/example_dags/example_xcom.py
[2026-03-25T11:34:41.816+0000] {processor.py:830} INFO - Processing file /home/airflow/.local/lib/python3.12/site-packages/airflow/example_dags/example_xcom.py for tasks to queue
[2026-03-25T11:34:41.818+0000] {logging_mixin.py:188} INFO - [2026-03-25T11:34:41.818+0000] {dagbag.py:540} INFO - Filling up the DagBag from /home/airflow/.local/lib/python3.12/site-packages/airflow/example_dags/example_xcom.py
[2026-03-25T11:34:41.831+0000] {processor.py:840} INFO - DAG(s) 'example_xcom' retrieved from /home/airflow/.local/lib/python3.12/site-packages/airflow/example_dags/example_xcom.py
[2026-03-25T11:34:41.973+0000] {logging_mixin.py:188} INFO - [2026-03-25T11:34:41.973+0000] {dag.py:3096} INFO - Sync 1 DAGs
[2026-03-25T11:34:41.995+0000] {logging_mixin.py:188} INFO - [2026-03-25T11:34:41.995+0000] {dag.py:3954} INFO - Setting next_dagrun for example_xcom to 2021-01-01 00:00:00+00:00, run_after=2021-01-01 00:00:00+00:00
[2026-03-25T11:34:42.042+0000] {processor.py:183} INFO - Processing /home/airflow/.local/lib/python3.12/site-packages/airflow/example_dags/example_xcom.py took 0.235 seconds
[2026-03-25T11:35:12.960+0000] {processor.py:161} INFO - Started process (PID=167) to work on /home/airflow/.local/lib/python3.12/site-packages/airflow/example_dags/example_xcom.py
[2026-03-25T11:35:12.961+0000] {processor.py:830} INFO - Processing file /home/airflow/.local/lib/python3.12/site-packages/airflow/example_dags/example_xcom.py for tasks to queue
[2026-03-25T11:35:12.964+0000] {logging_mixin.py:188} INFO - [2026-03-25T11:35:12.964+0000] {dagbag.py:540} INFO - Filling up the DagBag from /home/airflow/.local/lib/python3.12/site-packages/airflow/example_dags/example_xcom.py
[2026-03-25T11:35:12.975+0000] {processor.py:840} INFO - DAG(s) 'example_xcom' retrieved from /home/airflow/.local/lib/python3.12/site-packages/airflow/example_dags/example_xcom.py
[2026-03-25T11:35:13.000+0000] {logging_mixin.py:188} INFO - [2026-03-25T11:35:12.999+0000] {dag.py:3096} INFO - Sync 1 DAGs
[2026-03-25T11:35:13.027+0000] {logging_mixin.py:188} INFO - [2026-03-25T11:35:13.026+0000] {dag.py:3954} INFO - Setting next_dagrun for example_xcom to 2021-01-01 00:00:00+00:00, run_after=2021-01-01 00:00:00+00:00
[2026-03-25T11:35:13.116+0000] {processor.py:183} INFO - Processing /home/airflow/.local/lib/python3.12/site-packages/airflow/example_dags/example_xcom.py took 0.163 seconds
[2026-03-25T11:35:43.579+0000] {processor.py:161} INFO - Started process (PID=227) to work on /home/airflow/.local/lib/python3.12/site-packages/airflow/example_dags/example_xcom.py
[2026-03-25T11:35:43.580+0000] {processor.py:830} INFO - Processing file /home/airflow/.local/lib/python3.12/site-packages/airflow/example_dags/example_xcom.py for tasks to queue
[2026-03-25T11:35:43.582+0000] {logging_mixin.py:188} INFO - [2026-03-25T11:35:43.582+0000] {dagbag.py:540} INFO - Filling up the DagBag from /home/airflow/.local/lib/python3.12/site-packages/airflow/example_dags/example_xcom.py
[2026-03-25T11:35:43.589+0000] {processor.py:840} INFO - DAG(s) 'example_xcom' retrieved from /home/airflow/.local/lib/python3.12/site-packages/airflow/example_dags/example_xcom.py
[2026-03-25T11:35:43.611+0000] {logging_mixin.py:188} INFO - [2026-03-25T11:35:43.610+0000] {dag.py:3096} INFO - Sync 1 DAGs
[2026-03-25T11:35:43.632+0000] {logging_mixin.py:188} INFO - [2026-03-25T11:35:43.632+0000] {dag.py:3954} INFO - Setting next_dagrun for example_xcom to 2021-01-01 00:00:00+00:00, run_after=2021-01-01 00:00:00+00:00
[2026-03-25T11:35:43.847+0000] {processor.py:183} INFO - Processing /home/airflow/.local/lib/python3.12/site-packages/airflow/example_dags/example_xcom.py took 0.273 seconds
[2026-03-25T11:36:15.390+0000] {processor.py:161} INFO - Started process (PID=286) to work on /home/airflow/.local/lib/python3.12/site-packages/airflow/example_dags/example_xcom.py
[2026-03-25T11:36:15.392+0000] {processor.py:830} INFO - Processing file /home/airflow/.local/lib/python3.12/site-packages/airflow/example_dags/example_xcom.py for tasks to queue
[2026-03-25T11:36:15.394+0000] {logging_mixin.py:188} INFO - [2026-03-25T11:36:15.394+0000] {dagbag.py:540} INFO - Filling up the DagBag from /home/airflow/.local/lib/python3.12/site-packages/airflow/example_dags/example_xcom.py
[2026-03-25T11:36:15.404+0000] {processor.py:840} INFO - DAG(s) 'example_xcom' retrieved from /home/airflow/.local/lib/python3.12/site-packages/airflow/example_dags/example_xcom.py
[2026-03-25T11:36:15.427+0000] {logging_mixin.py:188} INFO - [2026-03-25T11:36:15.427+0000] {dag.py:3096} INFO - Sync 1 DAGs
[2026-03-25T11:36:15.449+0000] {logging_mixin.py:188} INFO - [2026-03-25T11:36:15.448+0000] {dag.py:3954} INFO - Setting next_dagrun for example_xcom to 2021-01-01 00:00:00+00:00, run_after=2021-01-01 00:00:00+00:00
[2026-03-25T11:36:15.497+0000] {processor.py:183} INFO - Processing /home/airflow/.local/lib/python3.12/site-packages/airflow/example_dags/example_xcom.py took 0.114 seconds
[2026-03-25T11:36:48.679+0000] {processor.py:161} INFO - Started process (PID=345) to work on /home/airflow/.local/lib/python3.12/site-packages/airflow/example_dags/example_xcom.py
[2026-03-25T11:36:48.680+0000] {processor.py:830} INFO - Processing file /home/airflow/.local/lib/python3.12/site-packages/airflow/example_dags/example_xcom.py for tasks to queue
[2026-03-25T11:36:48.683+0000] {logging_mixin.py:188} INFO - [2026-03-25T11:36:48.683+0000] {dagbag.py:540} INFO - Filling up the DagBag from /home/airflow/.local/lib/python3.12/site-packages/airflow/example_dags/example_xcom.py
[2026-03-25T11:36:48.696+0000] {processor.py:840} INFO - DAG(s) 'example_xcom' retrieved from /home/airflow/.local/lib/python3.12/site-packages/airflow/example_dags/example_xcom.py
[2026-03-25T11:36:48.729+0000] {logging_mixin.py:188} INFO - [2026-03-25T11:36:48.728+0000] {dag.py:3096} INFO - Sync 1 DAGs
[2026-03-25T11:36:48.774+0000] {logging_mixin.py:188} INFO - [2026-03-25T11:36:48.773+0000] {dag.py:3954} INFO - Setting next_dagrun for example_xcom to 2021-01-01 00:00:00+00:00, run_after=2021-01-01 00:00:00+00:00
[2026-03-25T11:36:48.884+0000] {processor.py:183} INFO - Processing /home/airflow/.local/lib/python3.12/site-packages/airflow/example_dags/example_xcom.py took 0.214 seconds
[2026-03-25T11:37:20.858+0000] {processor.py:161} INFO - Started process (PID=404) to work on /home/airflow/.local/lib/python3.12/site-packages/airflow/example_dags/example_xcom.py
[2026-03-25T11:37:20.859+0000] {processor.py:830} INFO - Processing file /home/airflow/.local/lib/python3.12/site-packages/airflow/example_dags/example_xcom.py for tasks to queue
[2026-03-25T11:37:20.862+0000] {logging_mixin.py:188} INFO - [2026-03-25T11:37:20.862+0000] {dagbag.py:540} INFO - Filling up the DagBag from /home/airflow/.local/lib/python3.12/site-packages/airflow/example_dags/example_xcom.py
[2026-03-25T11:37:20.882+0000] {processor.py:840} INFO - DAG(s) 'example_xcom' retrieved from /home/airflow/.local/lib/python3.12/site-packages/airflow/example_dags/example_xcom.py
[2026-03-25T11:37:20.939+0000] {logging_mixin.py:188} INFO - [2026-03-25T11:37:20.938+0000] {dag.py:3096} INFO - Sync 1 DAGs
[2026-03-25T11:37:21.006+0000] {logging_mixin.py:188} INFO - [2026-03-25T11:37:21.005+0000] {dag.py:3954} INFO - Setting next_dagrun for example_xcom to 2021-01-01 00:00:00+00:00, run_after=2021-01-01 00:00:00+00:00
[2026-03-25T11:37:21.075+0000] {processor.py:183} INFO - Processing /home/airflow/.local/lib/python3.12/site-packages/airflow/example_dags/example_xcom.py took 0.225 seconds
[2026-03-25T11:37:52.452+0000] {processor.py:161} INFO - Started process (PID=463) to work on /home/airflow/.local/lib/python3.12/site-packages/airflow/example_dags/example_xcom.py
[2026-03-25T11:37:52.453+0000] {processor.py:830} INFO - Processing file /home/airflow/.local/lib/python3.12/site-packages/airflow/example_dags/example_xcom.py for tasks to queue
[2026-03-25T11:37:52.455+0000] {logging_mixin.py:188} INFO - [2026-03-25T11:37:52.455+0000] {dagbag.py:540} INFO - Filling up the DagBag from /home/airflow/.local/lib/python3.12/site-packages/airflow/example_dags/example_xcom.py
[2026-03-25T11:37:52.462+0000] {processor.py:840} INFO - DAG(s) 'example_xcom' retrieved from /home/airflow/.local/lib/python3.12/site-packages/airflow/example_dags/example_xcom.py
[2026-03-25T11:37:52.483+0000] {logging_mixin.py:188} INFO - [2026-03-25T11:37:52.483+0000] {dag.py:3096} INFO - Sync 1 DAGs
[2026-03-25T11:37:52.505+0000] {logging_mixin.py:188} INFO - [2026-03-25T11:37:52.505+0000] {dag.py:3954} INFO - Setting next_dagrun for example_xcom to 2021-01-01 00:00:00+00:00, run_after=2021-01-01 00:00:00+00:00
[2026-03-25T11:37:52.570+0000] {processor.py:183} INFO - Processing /home/airflow/.local/lib/python3.12/site-packages/airflow/example_dags/example_xcom.py took 0.123 seconds
[2026-03-25T11:38:24.591+0000] {processor.py:161} INFO - Started process (PID=522) to work on /home/airflow/.local/lib/python3.12/site-packages/airflow/example_dags/example_xcom.py
[2026-03-25T11:38:24.592+0000] {processor.py:830} INFO - Processing file /home/airflow/.local/lib/python3.12/site-packages/airflow/example_dags/example_xcom.py for tasks to queue
[2026-03-25T11:38:24.595+0000] {logging_mixin.py:188} INFO - [2026-03-25T11:38:24.594+0000] {dagbag.py:540} INFO - Filling up the DagBag from /home/airflow/.local/lib/python3.12/site-packages/airflow/example_dags/example_xcom.py
[2026-03-25T11:38:24.603+0000] {processor.py:840} INFO - DAG(s) 'example_xcom' retrieved from /home/airflow/.local/lib/python3.12/site-packages/airflow/example_dags/example_xcom.py
[2026-03-25T11:38:24.627+0000] {logging_mixin.py:188} INFO - [2026-03-25T11:38:24.626+0000] {dag.py:3096} INFO - Sync 1 DAGs
[2026-03-25T11:38:24.651+0000] {logging_mixin.py:188} INFO - [2026-03-25T11:38:24.651+0000] {dag.py:3954} INFO - Setting next_dagrun for example_xcom to 2021-01-01 00:00:00+00:00, run_after=2021-01-01 00:00:00+00:00
[2026-03-25T11:38:24.702+0000] {processor.py:183} INFO - Processing /home/airflow/.local/lib/python3.12/site-packages/airflow/example_dags/example_xcom.py took 0.117 seconds
[2026-03-25T11:38:57.261+0000] {processor.py:161} INFO - Started process (PID=581) to work on /home/airflow/.local/lib/python3.12/site-packages/airflow/example_dags/example_xcom.py
[2026-03-25T11:38:57.262+0000] {processor.py:830} INFO - Processing file /home/airflow/.local/lib/python3.12/site-packages/airflow/example_dags/example_xcom.py for tasks to queue
[2026-03-25T11:38:57.264+0000] {logging_mixin.py:188} INFO - [2026-03-25T11:38:57.263+0000] {dagbag.py:540} INFO - Filling up the DagBag from /home/airflow/.local/lib/python3.12/site-packages/airflow/example_dags/example_xcom.py
[2026-03-25T11:38:57.272+0000] {processor.py:840} INFO - DAG(s) 'example_xcom' retrieved from /home/airflow/.local/lib/python3.12/site-packages/airflow/example_dags/example_xcom.py
[2026-03-25T11:38:57.298+0000] {logging_mixin.py:188} INFO - [2026-03-25T11:38:57.298+0000] {dag.py:3096} INFO - Sync 1 DAGs
[2026-03-25T11:38:57.320+0000] {logging_mixin.py:188} INFO - [2026-03-25T11:38:57.320+0000] {dag.py:3954} INFO - Setting next_dagrun for example_xcom to 2021-01-01 00:00:00+00:00, run_after=2021-01-01 00:00:00+00:00
[2026-03-25T11:38:57.368+0000] {processor.py:183} INFO - Processing /home/airflow/.local/lib/python3.12/site-packages/airflow/example_dags/example_xcom.py took 0.114 seconds
[2026-03-25T11:39:29.962+0000] {processor.py:161} INFO - Started process (PID=640) to work on /home/airflow/.local/lib/python3.12/site-packages/airflow/example_dags/example_xcom.py
[2026-03-25T11:39:29.963+0000] {processor.py:830} INFO - Processing file /home/airflow/.local/lib/python3.12/site-packages/airflow/example_dags/example_xcom.py for tasks to queue
[2026-03-25T11:39:29.966+0000] {logging_mixin.py:188} INFO - [2026-03-25T11:39:29.965+0000] {dagbag.py:540} INFO - Filling up the DagBag from /home/airflow/.local/lib/python3.12/site-packages/airflow/example_dags/example_xcom.py
[2026-03-25T11:39:29.973+0000] {processor.py:840} INFO - DAG(s) 'example_xcom' retrieved from /home/airflow/.local/lib/python3.12/site-packages/airflow/example_dags/example_xcom.py
[2026-03-25T11:39:29.997+0000] {logging_mixin.py:188} INFO - [2026-03-25T11:39:29.997+0000] {dag.py:3096} INFO - Sync 1 DAGs
[2026-03-25T11:39:30.018+0000] {logging_mixin.py:188} INFO - [2026-03-25T11:39:30.018+0000] {dag.py:3954} INFO - Setting next_dagrun for example_xcom to 2021-01-01 00:00:00+00:00, run_after=2021-01-01 00:00:00+00:00
[2026-03-25T11:39:30.061+0000] {processor.py:183} INFO - Processing /home/airflow/.local/lib/python3.12/site-packages/airflow/example_dags/example_xcom.py took 0.105 seconds
[2026-03-25T11:40:03.571+0000] {processor.py:161} INFO - Started process (PID=699) to work on /home/airflow/.local/lib/python3.12/site-packages/airflow/example_dags/example_xcom.py
[2026-03-25T11:40:03.573+0000] {processor.py:830} INFO - Processing file /home/airflow/.local/lib/python3.12/site-packages/airflow/example_dags/example_xcom.py for tasks to queue
[2026-03-25T11:40:03.575+0000] {logging_mixin.py:188} INFO - [2026-03-25T11:40:03.575+0000] {dagbag.py:540} INFO - Filling up the DagBag from /home/airflow/.local/lib/python3.12/site-packages/airflow/example_dags/example_xcom.py
[2026-03-25T11:40:03.586+0000] {processor.py:840} INFO - DAG(s) 'example_xcom' retrieved from /home/airflow/.local/lib/python3.12/site-packages/airflow/example_dags/example_xcom.py
[2026-03-25T11:40:03.614+0000] {logging_mixin.py:188} INFO - [2026-03-25T11:40:03.613+0000] {dag.py:3096} INFO - Sync 1 DAGs
[2026-03-25T11:40:03.641+0000] {logging_mixin.py:188} INFO - [2026-03-25T11:40:03.640+0000] {dag.py:3954} INFO - Setting next_dagrun for example_xcom to 2021-01-01 00:00:00+00:00, run_after=2021-01-01 00:00:00+00:00
[2026-03-25T11:40:03.689+0000] {processor.py:183} INFO - Processing /home/airflow/.local/lib/python3.12/site-packages/airflow/example_dags/example_xcom.py took 0.127 seconds
[2026-03-25T11:40:35.317+0000] {processor.py:161} INFO - Started process (PID=752) to work on /home/airflow/.local/lib/python3.12/site-packages/airflow/example_dags/example_xcom.py
[2026-03-25T11:40:35.318+0000] {processor.py:830} INFO - Processing file /home/airflow/.local/lib/python3.12/site-packages/airflow/example_dags/example_xcom.py for tasks to queue
[2026-03-25T11:40:35.320+0000] {logging_mixin.py:188} INFO - [2026-03-25T11:40:35.320+0000] {dagbag.py:540} INFO - Filling up the DagBag from /home/airflow/.local/lib/python3.12/site-packages/airflow/example_dags/example_xcom.py
[2026-03-25T11:40:35.328+0000] {processor.py:840} INFO - DAG(s) 'example_xcom' retrieved from /home/airflow/.local/lib/python3.12/site-packages/airflow/example_dags/example_xcom.py
[2026-03-25T11:40:35.348+0000] {logging_mixin.py:188} INFO - [2026-03-25T11:40:35.348+0000] {dag.py:3096} INFO - Sync 1 DAGs
[2026-03-25T11:40:35.369+0000] {logging_mixin.py:188} INFO - [2026-03-25T11:40:35.369+0000] {dag.py:3954} INFO - Setting next_dagrun for example_xcom to 2021-01-01 00:00:00+00:00, run_after=2021-01-01 00:00:00+00:00
[2026-03-25T11:40:35.419+0000] {processor.py:183} INFO - Processing /home/airflow/.local/lib/python3.12/site-packages/airflow/example_dags/example_xcom.py took 0.108 seconds
[2026-03-25T11:41:08.459+0000] {processor.py:161} INFO - Started process (PID=817) to work on /home/airflow/.local/lib/python3.12/site-packages/airflow/example_dags/example_xcom.py
[2026-03-25T11:41:08.460+0000] {processor.py:830} INFO - Processing file /home/airflow/.local/lib/python3.12/site-packages/airflow/example_dags/example_xcom.py for tasks to queue
[2026-03-25T11:41:08.462+0000] {logging_mixin.py:188} INFO - [2026-03-25T11:41:08.462+0000] {dagbag.py:540} INFO - Filling up the DagBag from /home/airflow/.local/lib/python3.12/site-packages/airflow/example_dags/example_xcom.py
[2026-03-25T11:41:08.470+0000] {processor.py:840} INFO - DAG(s) 'example_xcom' retrieved from /home/airflow/.local/lib/python3.12/site-packages/airflow/example_dags/example_xcom.py
[2026-03-25T11:41:08.495+0000] {logging_mixin.py:188} INFO - [2026-03-25T11:41:08.494+0000] {dag.py:3096} INFO - Sync 1 DAGs
[2026-03-25T11:41:08.522+0000] {logging_mixin.py:188} INFO - [2026-03-25T11:41:08.522+0000] {dag.py:3954} INFO - Setting next_dagrun for example_xcom to 2021-01-01 00:00:00+00:00, run_after=2021-01-01 00:00:00+00:00
[2026-03-25T11:41:08.612+0000] {processor.py:183} INFO - Processing /home/airflow/.local/lib/python3.12/site-packages/airflow/example_dags/example_xcom.py took 0.159 seconds
[2026-03-25T11:41:42.567+0000] {processor.py:161} INFO - Started process (PID=876) to work on /home/airflow/.local/lib/python3.12/site-packages/airflow/example_dags/example_xcom.py
[2026-03-25T11:41:42.568+0000] {processor.py:830} INFO - Processing file /home/airflow/.local/lib/python3.12/site-packages/airflow/example_dags/example_xcom.py for tasks to queue
[2026-03-25T11:41:42.570+0000] {logging_mixin.py:188} INFO - [2026-03-25T11:41:42.569+0000] {dagbag.py:540} INFO - Filling up the DagBag from /home/airflow/.local/lib/python3.12/site-packages/airflow/example_dags/example_xcom.py
[2026-03-25T11:41:42.577+0000] {processor.py:840} INFO - DAG(s) 'example_xcom' retrieved from /home/airflow/.local/lib/python3.12/site-packages/airflow/example_dags/example_xcom.py
[2026-03-25T11:41:42.598+0000] {logging_mixin.py:188} INFO - [2026-03-25T11:41:42.598+0000] {dag.py:3096} INFO - Sync 1 DAGs
[2026-03-25T11:41:42.620+0000] {logging_mixin.py:188} INFO - [2026-03-25T11:41:42.620+0000] {dag.py:3954} INFO - Setting next_dagrun for example_xcom to 2021-01-01 00:00:00+00:00, run_after=2021-01-01 00:00:00+00:00
[2026-03-25T11:41:42.670+0000] {processor.py:183} INFO - Processing /home/airflow/.local/lib/python3.12/site-packages/airflow/example_dags/example_xcom.py took 0.109 seconds
[2026-03-25T11:42:13.582+0000] {processor.py:161} INFO - Started process (PID=929) to work on /home/airflow/.local/lib/python3.12/site-packages/airflow/example_dags/example_xcom.py
[2026-03-25T11:42:13.583+0000] {processor.py:830} INFO - Processing file /home/airflow/.local/lib/python3.12/site-packages/airflow/example_dags/example_xcom.py for tasks to queue
[2026-03-25T11:42:13.585+0000] {logging_mixin.py:188} INFO - [2026-03-25T11:42:13.585+0000] {dagbag.py:540} INFO - Filling up the DagBag from /home/airflow/.local/lib/python3.12/site-packages/airflow/example_dags/example_xcom.py
[2026-03-25T11:42:13.597+0000] {processor.py:840} INFO - DAG(s) 'example_xcom' retrieved from /home/airflow/.local/lib/python3.12/site-packages/airflow/example_dags/example_xcom.py
[2026-03-25T11:42:13.624+0000] {logging_mixin.py:188} INFO - [2026-03-25T11:42:13.623+0000] {dag.py:3096} INFO - Sync 1 DAGs
[2026-03-25T11:42:13.662+0000] {logging_mixin.py:188} INFO - [2026-03-25T11:42:13.662+0000] {dag.py:3954} INFO - Setting next_dagrun for example_xcom to 2021-01-01 00:00:00+00:00, run_after=2021-01-01 00:00:00+00:00
[2026-03-25T11:42:13.721+0000] {processor.py:183} INFO - Processing /home/airflow/.local/lib/python3.12/site-packages/airflow/example_dags/example_xcom.py took 0.146 seconds
[2026-03-25T11:42:46.580+0000] {processor.py:161} INFO - Started process (PID=988) to work on /home/airflow/.local/lib/python3.12/site-packages/airflow/example_dags/example_xcom.py
[2026-03-25T11:42:46.581+0000] {processor.py:830} INFO - Processing file /home/airflow/.local/lib/python3.12/site-packages/airflow/example_dags/example_xcom.py for tasks to queue
[2026-03-25T11:42:46.583+0000] {logging_mixin.py:188} INFO - [2026-03-25T11:42:46.583+0000] {dagbag.py:540} INFO - Filling up the DagBag from /home/airflow/.local/lib/python3.12/site-packages/airflow/example_dags/example_xcom.py
[2026-03-25T11:42:46.592+0000] {processor.py:840} INFO - DAG(s) 'example_xcom' retrieved from /home/airflow/.local/lib/python3.12/site-packages/airflow/example_dags/example_xcom.py
[2026-03-25T11:42:46.615+0000] {logging_mixin.py:188} INFO - [2026-03-25T11:42:46.614+0000] {dag.py:3096} INFO - Sync 1 DAGs
[2026-03-25T11:42:46.639+0000] {logging_mixin.py:188} INFO - [2026-03-25T11:42:46.639+0000] {dag.py:3954} INFO - Setting next_dagrun for example_xcom to 2021-01-01 00:00:00+00:00, run_after=2021-01-01 00:00:00+00:00
[2026-03-25T11:42:46.764+0000] {processor.py:183} INFO - Processing /home/airflow/.local/lib/python3.12/site-packages/airflow/example_dags/example_xcom.py took 0.190 seconds
[2026-03-25T11:43:20.356+0000] {processor.py:161} INFO - Started process (PID=1053) to work on /home/airflow/.local/lib/python3.12/site-packages/airflow/example_dags/example_xcom.py
[2026-03-25T11:43:20.361+0000] {processor.py:830} INFO - Processing file /home/airflow/.local/lib/python3.12/site-packages/airflow/example_dags/example_xcom.py for tasks to queue
[2026-03-25T11:43:20.369+0000] {logging_mixin.py:188} INFO - [2026-03-25T11:43:20.368+0000] {dagbag.py:540} INFO - Filling up the DagBag from /home/airflow/.local/lib/python3.12/site-packages/airflow/example_dags/example_xcom.py
[2026-03-25T11:43:20.415+0000] {processor.py:840} INFO - DAG(s) 'example_xcom' retrieved from /home/airflow/.local/lib/python3.12/site-packages/airflow/example_dags/example_xcom.py
[2026-03-25T11:43:20.513+0000] {logging_mixin.py:188} INFO - [2026-03-25T11:43:20.512+0000] {dag.py:3096} INFO - Sync 1 DAGs
[2026-03-25T11:43:20.617+0000] {logging_mixin.py:188} INFO - [2026-03-25T11:43:20.616+0000] {dag.py:3954} INFO - Setting next_dagrun for example_xcom to 2021-01-01 00:00:00+00:00, run_after=2021-01-01 00:00:00+00:00
[2026-03-25T11:43:20.720+0000] {processor.py:183} INFO - Processing /home/airflow/.local/lib/python3.12/site-packages/airflow/example_dags/example_xcom.py took 0.389 seconds
[2026-03-25T11:43:53.456+0000] {processor.py:161} INFO - Started process (PID=1112) to work on /home/airflow/.local/lib/python3.12/site-packages/airflow/example_dags/example_xcom.py
[2026-03-25T11:43:53.457+0000] {processor.py:830} INFO - Processing file /home/airflow/.local/lib/python3.12/site-packages/airflow/example_dags/example_xcom.py for tasks to queue
[2026-03-25T11:43:53.460+0000] {logging_mixin.py:188} INFO - [2026-03-25T11:43:53.459+0000] {dagbag.py:540} INFO - Filling up the DagBag from /home/airflow/.local/lib/python3.12/site-packages/airflow/example_dags/example_xcom.py
[2026-03-25T11:43:53.471+0000] {processor.py:840} INFO - DAG(s) 'example_xcom' retrieved from /home/airflow/.local/lib/python3.12/site-packages/airflow/example_dags/example_xcom.py
[2026-03-25T11:43:53.505+0000] {logging_mixin.py:188} INFO - [2026-03-25T11:43:53.504+0000] {dag.py:3096} INFO - Sync 1 DAGs
[2026-03-25T11:43:53.540+0000] {logging_mixin.py:188} INFO - [2026-03-25T11:43:53.540+0000] {dag.py:3954} INFO - Setting next_dagrun for example_xcom to 2021-01-01 00:00:00+00:00, run_after=2021-01-01 00:00:00+00:00
[2026-03-25T11:43:53.607+0000] {processor.py:183} INFO - Processing /home/airflow/.local/lib/python3.12/site-packages/airflow/example_dags/example_xcom.py took 0.159 seconds
[2026-03-25T11:44:24.624+0000] {processor.py:161} INFO - Started process (PID=1165) to work on /home/airflow/.local/lib/python3.12/site-packages/airflow/example_dags/example_xcom.py
[2026-03-25T11:44:24.625+0000] {processor.py:830} INFO - Processing file /home/airflow/.local/lib/python3.12/site-packages/airflow/example_dags/example_xcom.py for tasks to queue
[2026-03-25T11:44:24.628+0000] {logging_mixin.py:188} INFO - [2026-03-25T11:44:24.627+0000] {dagbag.py:540} INFO - Filling up the DagBag from /home/airflow/.local/lib/python3.12/site-packages/airflow/example_dags/example_xcom.py
[2026-03-25T11:44:24.635+0000] {processor.py:840} INFO - DAG(s) 'example_xcom' retrieved from /home/airflow/.local/lib/python3.12/site-packages/airflow/example_dags/example_xcom.py
[2026-03-25T11:44:24.658+0000] {logging_mixin.py:188} INFO - [2026-03-25T11:44:24.658+0000] {dag.py:3096} INFO - Sync 1 DAGs
[2026-03-25T11:44:24.682+0000] {logging_mixin.py:188} INFO - [2026-03-25T11:44:24.682+0000] {dag.py:3954} INFO - Setting next_dagrun for example_xcom to 2021-01-01 00:00:00+00:00, run_after=2021-01-01 00:00:00+00:00
[2026-03-25T11:44:24.731+0000] {processor.py:183} INFO - Processing /home/airflow/.local/lib/python3.12/site-packages/airflow/example_dags/example_xcom.py took 0.114 seconds
[2026-03-25T11:44:57.654+0000] {processor.py:161} INFO - Started process (PID=1224) to work on /home/airflow/.local/lib/python3.12/site-packages/airflow/example_dags/example_xcom.py
[2026-03-25T11:44:57.655+0000] {processor.py:830} INFO - Processing file /home/airflow/.local/lib/python3.12/site-packages/airflow/example_dags/example_xcom.py for tasks to queue
[2026-03-25T11:44:57.657+0000] {logging_mixin.py:188} INFO - [2026-03-25T11:44:57.657+0000] {dagbag.py:540} INFO - Filling up the DagBag from /home/airflow/.local/lib/python3.12/site-packages/airflow/example_dags/example_xcom.py
[2026-03-25T11:44:57.664+0000] {processor.py:840} INFO - DAG(s) 'example_xcom' retrieved from /home/airflow/.local/lib/python3.12/site-packages/airflow/example_dags/example_xcom.py
[2026-03-25T11:44:57.685+0000] {logging_mixin.py:188} INFO - [2026-03-25T11:44:57.685+0000] {dag.py:3096} INFO - Sync 1 DAGs
[2026-03-25T11:44:57.707+0000] {logging_mixin.py:188} INFO - [2026-03-25T11:44:57.707+0000] {dag.py:3954} INFO - Setting next_dagrun for example_xcom to 2021-01-01 00:00:00+00:00, run_after=2021-01-01 00:00:00+00:00
[2026-03-25T11:44:57.772+0000] {processor.py:183} INFO - Processing /home/airflow/.local/lib/python3.12/site-packages/airflow/example_dags/example_xcom.py took 0.124 seconds
[2026-03-25T11:45:30.700+0000] {processor.py:161} INFO - Started process (PID=1283) to work on /home/airflow/.local/lib/python3.12/site-packages/airflow/example_dags/example_xcom.py
[2026-03-25T11:45:30.702+0000] {processor.py:830} INFO - Processing file /home/airflow/.local/lib/python3.12/site-packages/airflow/example_dags/example_xcom.py for tasks to queue
[2026-03-25T11:45:30.706+0000] {logging_mixin.py:188} INFO - [2026-03-25T11:45:30.705+0000] {dagbag.py:540} INFO - Filling up the DagBag from /home/airflow/.local/lib/python3.12/site-packages/airflow/example_dags/example_xcom.py
[2026-03-25T11:45:30.722+0000] {processor.py:840} INFO - DAG(s) 'example_xcom' retrieved from /home/airflow/.local/lib/python3.12/site-packages/airflow/example_dags/example_xcom.py
[2026-03-25T11:45:30.756+0000] {logging_mixin.py:188} INFO - [2026-03-25T11:45:30.756+0000] {dag.py:3096} INFO - Sync 1 DAGs
[2026-03-25T11:45:30.789+0000] {logging_mixin.py:188} INFO - [2026-03-25T11:45:30.789+0000] {dag.py:3954} INFO - Setting next_dagrun for example_xcom to 2021-01-01 00:00:00+00:00, run_after=2021-01-01 00:00:00+00:00
[2026-03-25T11:45:30.828+0000] {processor.py:183} INFO - Processing /home/airflow/.local/lib/python3.12/site-packages/airflow/example_dags/example_xcom.py took 0.139 seconds
[2026-03-25T11:46:02.900+0000] {processor.py:161} INFO - Started process (PID=1342) to work on /home/airflow/.local/lib/python3.12/site-packages/airflow/example_dags/example_xcom.py
[2026-03-25T11:46:02.901+0000] {processor.py:830} INFO - Processing file /home/airflow/.local/lib/python3.12/site-packages/airflow/example_dags/example_xcom.py for tasks to queue
[2026-03-25T11:46:02.903+0000] {logging_mixin.py:188} INFO - [2026-03-25T11:46:02.903+0000] {dagbag.py:540} INFO - Filling up the DagBag from /home/airflow/.local/lib/python3.12/site-packages/airflow/example_dags/example_xcom.py
[2026-03-25T11:46:02.912+0000] {processor.py:840} INFO - DAG(s) 'example_xcom' retrieved from /home/airflow/.local/lib/python3.12/site-packages/airflow/example_dags/example_xcom.py
[2026-03-25T11:46:02.932+0000] {logging_mixin.py:188} INFO - [2026-03-25T11:46:02.932+0000] {dag.py:3096} INFO - Sync 1 DAGs
[2026-03-25T11:46:02.954+0000] {logging_mixin.py:188} INFO - [2026-03-25T11:46:02.953+0000] {dag.py:3954} INFO - Setting next_dagrun for example_xcom to 2021-01-01 00:00:00+00:00, run_after=2021-01-01 00:00:00+00:00
[2026-03-25T11:46:03.026+0000] {processor.py:183} INFO - Processing /home/airflow/.local/lib/python3.12/site-packages/airflow/example_dags/example_xcom.py took 0.131 seconds
[2026-03-25T11:46:36.643+0000] {processor.py:161} INFO - Started process (PID=1407) to work on /home/airflow/.local/lib/python3.12/site-packages/airflow/example_dags/example_xcom.py
[2026-03-25T11:46:36.645+0000] {processor.py:830} INFO - Processing file /home/airflow/.local/lib/python3.12/site-packages/airflow/example_dags/example_xcom.py for tasks to queue
[2026-03-25T11:46:36.648+0000] {logging_mixin.py:188} INFO - [2026-03-25T11:46:36.647+0000] {dagbag.py:540} INFO - Filling up the DagBag from /home/airflow/.local/lib/python3.12/site-packages/airflow/example_dags/example_xcom.py
[2026-03-25T11:46:36.662+0000] {processor.py:840} INFO - DAG(s) 'example_xcom' retrieved from /home/airflow/.local/lib/python3.12/site-packages/airflow/example_dags/example_xcom.py
[2026-03-25T11:46:36.698+0000] {logging_mixin.py:188} INFO - [2026-03-25T11:46:36.697+0000] {dag.py:3096} INFO - Sync 1 DAGs
[2026-03-25T11:46:36.730+0000] {logging_mixin.py:188} INFO - [2026-03-25T11:46:36.730+0000] {dag.py:3954} INFO - Setting next_dagrun for example_xcom to 2021-01-01 00:00:00+00:00, run_after=2021-01-01 00:00:00+00:00
[2026-03-25T11:46:36.789+0000] {processor.py:183} INFO - Processing /home/airflow/.local/lib/python3.12/site-packages/airflow/example_dags/example_xcom.py took 0.157 seconds
[2026-03-25T11:47:11.701+0000] {processor.py:161} INFO - Started process (PID=1467) to work on /home/airflow/.local/lib/python3.12/site-packages/airflow/example_dags/example_xcom.py
[2026-03-25T11:47:11.703+0000] {processor.py:830} INFO - Processing file /home/airflow/.local/lib/python3.12/site-packages/airflow/example_dags/example_xcom.py for tasks to queue
[2026-03-25T11:47:11.706+0000] {logging_mixin.py:188} INFO - [2026-03-25T11:47:11.705+0000] {dagbag.py:540} INFO - Filling up the DagBag from /home/airflow/.local/lib/python3.12/site-packages/airflow/example_dags/example_xcom.py
[2026-03-25T11:47:11.722+0000] {processor.py:840} INFO - DAG(s) 'example_xcom' retrieved from /home/airflow/.local/lib/python3.12/site-packages/airflow/example_dags/example_xcom.py
[2026-03-25T11:47:11.765+0000] {logging_mixin.py:188} INFO - [2026-03-25T11:47:11.764+0000] {dag.py:3096} INFO - Sync 1 DAGs
[2026-03-25T11:47:11.796+0000] {logging_mixin.py:188} INFO - [2026-03-25T11:47:11.795+0000] {dag.py:3954} INFO - Setting next_dagrun for example_xcom to 2021-01-01 00:00:00+00:00, run_after=2021-01-01 00:00:00+00:00
[2026-03-25T11:47:11.863+0000] {processor.py:183} INFO - Processing /home/airflow/.local/lib/python3.12/site-packages/airflow/example_dags/example_xcom.py took 0.176 seconds
[2026-03-25T11:47:44.226+0000] {processor.py:161} INFO - Started process (PID=1526) to work on /home/airflow/.local/lib/python3.12/site-packages/airflow/example_dags/example_xcom.py
[2026-03-25T11:47:44.228+0000] {processor.py:830} INFO - Processing file /home/airflow/.local/lib/python3.12/site-packages/airflow/example_dags/example_xcom.py for tasks to queue
[2026-03-25T11:47:44.230+0000] {logging_mixin.py:188} INFO - [2026-03-25T11:47:44.230+0000] {dagbag.py:540} INFO - Filling up the DagBag from /home/airflow/.local/lib/python3.12/site-packages/airflow/example_dags/example_xcom.py
[2026-03-25T11:47:44.239+0000] {processor.py:840} INFO - DAG(s) 'example_xcom' retrieved from /home/airflow/.local/lib/python3.12/site-packages/airflow/example_dags/example_xcom.py
[2026-03-25T11:47:44.264+0000] {logging_mixin.py:188} INFO - [2026-03-25T11:47:44.264+0000] {dag.py:3096} INFO - Sync 1 DAGs
[2026-03-25T11:47:44.289+0000] {logging_mixin.py:188} INFO - [2026-03-25T11:47:44.289+0000] {dag.py:3954} INFO - Setting next_dagrun for example_xcom to 2021-01-01 00:00:00+00:00, run_after=2021-01-01 00:00:00+00:00
[2026-03-25T11:47:44.340+0000] {processor.py:183} INFO - Processing /home/airflow/.local/lib/python3.12/site-packages/airflow/example_dags/example_xcom.py took 0.120 seconds
[2026-03-25T11:48:14.384+0000] {processor.py:161} INFO - Started process (PID=1579) to work on /home/airflow/.local/lib/python3.12/site-packages/airflow/example_dags/example_xcom.py
[2026-03-25T11:48:14.385+0000] {processor.py:830} INFO - Processing file /home/airflow/.local/lib/python3.12/site-packages/airflow/example_dags/example_xcom.py for tasks to queue
[2026-03-25T11:48:14.388+0000] {logging_mixin.py:188} INFO - [2026-03-25T11:48:14.387+0000] {dagbag.py:540} INFO - Filling up the DagBag from /home/airflow/.local/lib/python3.12/site-packages/airflow/example_dags/example_xcom.py
[2026-03-25T11:48:14.397+0000] {processor.py:840} INFO - DAG(s) 'example_xcom' retrieved from /home/airflow/.local/lib/python3.12/site-packages/airflow/example_dags/example_xcom.py
[2026-03-25T11:48:14.418+0000] {logging_mixin.py:188} INFO - [2026-03-25T11:48:14.417+0000] {dag.py:3096} INFO - Sync 1 DAGs
[2026-03-25T11:48:14.439+0000] {logging_mixin.py:188} INFO - [2026-03-25T11:48:14.439+0000] {dag.py:3954} INFO - Setting next_dagrun for example_xcom to 2021-01-01 00:00:00+00:00, run_after=2021-01-01 00:00:00+00:00
[2026-03-25T11:48:14.492+0000] {processor.py:183} INFO - Processing /home/airflow/.local/lib/python3.12/site-packages/airflow/example_dags/example_xcom.py took 0.115 seconds
[2026-03-25T11:48:46.442+0000] {processor.py:161} INFO - Started process (PID=1638) to work on /home/airflow/.local/lib/python3.12/site-packages/airflow/example_dags/example_xcom.py
[2026-03-25T11:48:46.444+0000] {processor.py:830} INFO - Processing file /home/airflow/.local/lib/python3.12/site-packages/airflow/example_dags/example_xcom.py for tasks to queue
[2026-03-25T11:48:46.446+0000] {logging_mixin.py:188} INFO - [2026-03-25T11:48:46.445+0000] {dagbag.py:540} INFO - Filling up the DagBag from /home/airflow/.local/lib/python3.12/site-packages/airflow/example_dags/example_xcom.py
[2026-03-25T11:48:46.455+0000] {processor.py:840} INFO - DAG(s) 'example_xcom' retrieved from /home/airflow/.local/lib/python3.12/site-packages/airflow/example_dags/example_xcom.py
[2026-03-25T11:48:46.480+0000] {logging_mixin.py:188} INFO - [2026-03-25T11:48:46.480+0000] {dag.py:3096} INFO - Sync 1 DAGs
[2026-03-25T11:48:46.503+0000] {logging_mixin.py:188} INFO - [2026-03-25T11:48:46.503+0000] {dag.py:3954} INFO - Setting next_dagrun for example_xcom to 2021-01-01 00:00:00+00:00, run_after=2021-01-01 00:00:00+00:00
[2026-03-25T11:48:46.615+0000] {processor.py:183} INFO - Processing /home/airflow/.local/lib/python3.12/site-packages/airflow/example_dags/example_xcom.py took 0.180 seconds
[2026-03-25T11:49:20.741+0000] {processor.py:161} INFO - Started process (PID=1703) to work on /home/airflow/.local/lib/python3.12/site-packages/airflow/example_dags/example_xcom.py
[2026-03-25T11:49:20.744+0000] {processor.py:830} INFO - Processing file /home/airflow/.local/lib/python3.12/site-packages/airflow/example_dags/example_xcom.py for tasks to queue
[2026-03-25T11:49:20.752+0000] {logging_mixin.py:188} INFO - [2026-03-25T11:49:20.751+0000] {dagbag.py:540} INFO - Filling up the DagBag from /home/airflow/.local/lib/python3.12/site-packages/airflow/example_dags/example_xcom.py
[2026-03-25T11:49:20.790+0000] {processor.py:840} INFO - DAG(s) 'example_xcom' retrieved from /home/airflow/.local/lib/python3.12/site-packages/airflow/example_dags/example_xcom.py
[2026-03-25T11:49:20.893+0000] {logging_mixin.py:188} INFO - [2026-03-25T11:49:20.892+0000] {dag.py:3096} INFO - Sync 1 DAGs
[2026-03-25T11:49:21.012+0000] {logging_mixin.py:188} INFO - [2026-03-25T11:49:21.011+0000] {dag.py:3954} INFO - Setting next_dagrun for example_xcom to 2021-01-01 00:00:00+00:00, run_after=2021-01-01 00:00:00+00:00
[2026-03-25T11:49:21.134+0000] {processor.py:183} INFO - Processing /home/airflow/.local/lib/python3.12/site-packages/airflow/example_dags/example_xcom.py took 0.419 seconds
[2026-03-25T11:49:54.384+0000] {processor.py:161} INFO - Started process (PID=1762) to work on /home/airflow/.local/lib/python3.12/site-packages/airflow/example_dags/example_xcom.py
[2026-03-25T11:49:54.386+0000] {processor.py:830} INFO - Processing file /home/airflow/.local/lib/python3.12/site-packages/airflow/example_dags/example_xcom.py for tasks to queue
[2026-03-25T11:49:54.390+0000] {logging_mixin.py:188} INFO - [2026-03-25T11:49:54.389+0000] {dagbag.py:540} INFO - Filling up the DagBag from /home/airflow/.local/lib/python3.12/site-packages/airflow/example_dags/example_xcom.py
[2026-03-25T11:49:54.403+0000] {processor.py:840} INFO - DAG(s) 'example_xcom' retrieved from /home/airflow/.local/lib/python3.12/site-packages/airflow/example_dags/example_xcom.py
[2026-03-25T11:49:54.435+0000] {logging_mixin.py:188} INFO - [2026-03-25T11:49:54.435+0000] {dag.py:3096} INFO - Sync 1 DAGs
[2026-03-25T11:49:54.464+0000] {logging_mixin.py:188} INFO - [2026-03-25T11:49:54.464+0000] {dag.py:3954} INFO - Setting next_dagrun for example_xcom to 2021-01-01 00:00:00+00:00, run_after=2021-01-01 00:00:00+00:00
[2026-03-25T11:49:54.588+0000] {processor.py:183} INFO - Processing /home/airflow/.local/lib/python3.12/site-packages/airflow/example_dags/example_xcom.py took 0.215 seconds
[2026-03-25T11:50:24.934+0000] {processor.py:161} INFO - Started process (PID=1815) to work on /home/airflow/.local/lib/python3.12/site-packages/airflow/example_dags/example_xcom.py
[2026-03-25T11:50:24.935+0000] {processor.py:830} INFO - Processing file /home/airflow/.local/lib/python3.12/site-packages/airflow/example_dags/example_xcom.py for tasks to queue
[2026-03-25T11:50:24.938+0000] {logging_mixin.py:188} INFO - [2026-03-25T11:50:24.937+0000] {dagbag.py:540} INFO - Filling up the DagBag from /home/airflow/.local/lib/python3.12/site-packages/airflow/example_dags/example_xcom.py
[2026-03-25T11:50:24.947+0000] {processor.py:840} INFO - DAG(s) 'example_xcom' retrieved from /home/airflow/.local/lib/python3.12/site-packages/airflow/example_dags/example_xcom.py
[2026-03-25T11:50:24.973+0000] {logging_mixin.py:188} INFO - [2026-03-25T11:50:24.973+0000] {dag.py:3096} INFO - Sync 1 DAGs
[2026-03-25T11:50:25.001+0000] {logging_mixin.py:188} INFO - [2026-03-25T11:50:25.000+0000] {dag.py:3954} INFO - Setting next_dagrun for example_xcom to 2021-01-01 00:00:00+00:00, run_after=2021-01-01 00:00:00+00:00
[2026-03-25T11:50:25.041+0000] {processor.py:183} INFO - Processing /home/airflow/.local/lib/python3.12/site-packages/airflow/example_dags/example_xcom.py took 0.114 seconds
