[2026-03-25T11:15:29.267+0000] {processor.py:161} INFO - Started process (PID=67) to work on /home/airflow/.local/lib/python3.12/site-packages/airflow/example_dags/example_xcomargs.py
[2026-03-25T11:15:29.268+0000] {processor.py:830} INFO - Processing file /home/airflow/.local/lib/python3.12/site-packages/airflow/example_dags/example_xcomargs.py for tasks to queue
[2026-03-25T11:15:29.271+0000] {logging_mixin.py:188} INFO - [2026-03-25T11:15:29.271+0000] {dagbag.py:540} INFO - Filling up the DagBag from /home/airflow/.local/lib/python3.12/site-packages/airflow/example_dags/example_xcomargs.py
[2026-03-25T11:15:29.287+0000] {processor.py:840} INFO - DAG(s) 'example_xcom_args', 'example_xcom_args_with_operators' retrieved from /home/airflow/.local/lib/python3.12/site-packages/airflow/example_dags/example_xcomargs.py
[2026-03-25T11:15:29.512+0000] {logging_mixin.py:188} INFO - [2026-03-25T11:15:29.511+0000] {dag.py:3096} INFO - Sync 2 DAGs
[2026-03-25T11:15:29.532+0000] {logging_mixin.py:188} INFO - [2026-03-25T11:15:29.532+0000] {dag.py:3954} INFO - Setting next_dagrun for example_xcom_args to None, run_after=None
[2026-03-25T11:15:29.538+0000] {logging_mixin.py:188} INFO - [2026-03-25T11:15:29.537+0000] {dag.py:3954} INFO - Setting next_dagrun for example_xcom_args_with_operators to None, run_after=None
[2026-03-25T11:15:29.598+0000] {processor.py:183} INFO - Processing /home/airflow/.local/lib/python3.12/site-packages/airflow/example_dags/example_xcomargs.py took 0.341 seconds
[2026-03-25T11:16:00.529+0000] {processor.py:161} INFO - Started process (PID=126) to work on /home/airflow/.local/lib/python3.12/site-packages/airflow/example_dags/example_xcomargs.py
[2026-03-25T11:16:00.530+0000] {processor.py:830} INFO - Processing file /home/airflow/.local/lib/python3.12/site-packages/airflow/example_dags/example_xcomargs.py for tasks to queue
[2026-03-25T11:16:00.532+0000] {logging_mixin.py:188} INFO - [2026-03-25T11:16:00.532+0000] {dagbag.py:540} INFO - Filling up the DagBag from /home/airflow/.local/lib/python3.12/site-packages/airflow/example_dags/example_xcomargs.py
[2026-03-25T11:16:00.540+0000] {processor.py:840} INFO - DAG(s) 'example_xcom_args_with_operators', 'example_xcom_args' retrieved from /home/airflow/.local/lib/python3.12/site-packages/airflow/example_dags/example_xcomargs.py
[2026-03-25T11:16:00.565+0000] {logging_mixin.py:188} INFO - [2026-03-25T11:16:00.564+0000] {dag.py:3096} INFO - Sync 2 DAGs
[2026-03-25T11:16:00.578+0000] {logging_mixin.py:188} INFO - [2026-03-25T11:16:00.577+0000] {dag.py:3954} INFO - Setting next_dagrun for example_xcom_args to None, run_after=None
[2026-03-25T11:16:00.582+0000] {logging_mixin.py:188} INFO - [2026-03-25T11:16:00.582+0000] {dag.py:3954} INFO - Setting next_dagrun for example_xcom_args_with_operators to None, run_after=None
[2026-03-25T11:16:00.627+0000] {processor.py:183} INFO - Processing /home/airflow/.local/lib/python3.12/site-packages/airflow/example_dags/example_xcomargs.py took 0.103 seconds
[2026-03-25T11:16:33.644+0000] {processor.py:161} INFO - Started process (PID=185) to work on /home/airflow/.local/lib/python3.12/site-packages/airflow/example_dags/example_xcomargs.py
[2026-03-25T11:16:33.645+0000] {processor.py:830} INFO - Processing file /home/airflow/.local/lib/python3.12/site-packages/airflow/example_dags/example_xcomargs.py for tasks to queue
[2026-03-25T11:16:33.648+0000] {logging_mixin.py:188} INFO - [2026-03-25T11:16:33.648+0000] {dagbag.py:540} INFO - Filling up the DagBag from /home/airflow/.local/lib/python3.12/site-packages/airflow/example_dags/example_xcomargs.py
[2026-03-25T11:16:33.666+0000] {processor.py:840} INFO - DAG(s) 'example_xcom_args_with_operators', 'example_xcom_args' retrieved from /home/airflow/.local/lib/python3.12/site-packages/airflow/example_dags/example_xcomargs.py
[2026-03-25T11:16:33.705+0000] {logging_mixin.py:188} INFO - [2026-03-25T11:16:33.704+0000] {dag.py:3096} INFO - Sync 2 DAGs
[2026-03-25T11:16:33.734+0000] {logging_mixin.py:188} INFO - [2026-03-25T11:16:33.734+0000] {dag.py:3954} INFO - Setting next_dagrun for example_xcom_args to None, run_after=None
[2026-03-25T11:16:33.740+0000] {logging_mixin.py:188} INFO - [2026-03-25T11:16:33.739+0000] {dag.py:3954} INFO - Setting next_dagrun for example_xcom_args_with_operators to None, run_after=None
[2026-03-25T11:16:33.799+0000] {processor.py:183} INFO - Processing /home/airflow/.local/lib/python3.12/site-packages/airflow/example_dags/example_xcomargs.py took 0.165 seconds
[2026-03-25T11:17:06.983+0000] {processor.py:161} INFO - Started process (PID=244) to work on /home/airflow/.local/lib/python3.12/site-packages/airflow/example_dags/example_xcomargs.py
[2026-03-25T11:17:06.984+0000] {processor.py:830} INFO - Processing file /home/airflow/.local/lib/python3.12/site-packages/airflow/example_dags/example_xcomargs.py for tasks to queue
[2026-03-25T11:17:06.986+0000] {logging_mixin.py:188} INFO - [2026-03-25T11:17:06.986+0000] {dagbag.py:540} INFO - Filling up the DagBag from /home/airflow/.local/lib/python3.12/site-packages/airflow/example_dags/example_xcomargs.py
[2026-03-25T11:17:06.994+0000] {processor.py:840} INFO - DAG(s) 'example_xcom_args_with_operators', 'example_xcom_args' retrieved from /home/airflow/.local/lib/python3.12/site-packages/airflow/example_dags/example_xcomargs.py
[2026-03-25T11:17:07.147+0000] {logging_mixin.py:188} INFO - [2026-03-25T11:17:07.146+0000] {dag.py:3096} INFO - Sync 2 DAGs
[2026-03-25T11:17:07.160+0000] {logging_mixin.py:188} INFO - [2026-03-25T11:17:07.160+0000] {dag.py:3954} INFO - Setting next_dagrun for example_xcom_args to None, run_after=None
[2026-03-25T11:17:07.164+0000] {logging_mixin.py:188} INFO - [2026-03-25T11:17:07.164+0000] {dag.py:3954} INFO - Setting next_dagrun for example_xcom_args_with_operators to None, run_after=None
[2026-03-25T11:17:07.302+0000] {processor.py:183} INFO - Processing /home/airflow/.local/lib/python3.12/site-packages/airflow/example_dags/example_xcomargs.py took 0.325 seconds
[2026-03-25T11:17:37.728+0000] {processor.py:161} INFO - Started process (PID=303) to work on /home/airflow/.local/lib/python3.12/site-packages/airflow/example_dags/example_xcomargs.py
[2026-03-25T11:17:37.729+0000] {processor.py:830} INFO - Processing file /home/airflow/.local/lib/python3.12/site-packages/airflow/example_dags/example_xcomargs.py for tasks to queue
[2026-03-25T11:17:37.731+0000] {logging_mixin.py:188} INFO - [2026-03-25T11:17:37.731+0000] {dagbag.py:540} INFO - Filling up the DagBag from /home/airflow/.local/lib/python3.12/site-packages/airflow/example_dags/example_xcomargs.py
[2026-03-25T11:17:37.740+0000] {processor.py:840} INFO - DAG(s) 'example_xcom_args', 'example_xcom_args_with_operators' retrieved from /home/airflow/.local/lib/python3.12/site-packages/airflow/example_dags/example_xcomargs.py
[2026-03-25T11:17:37.763+0000] {logging_mixin.py:188} INFO - [2026-03-25T11:17:37.763+0000] {dag.py:3096} INFO - Sync 2 DAGs
[2026-03-25T11:17:37.776+0000] {logging_mixin.py:188} INFO - [2026-03-25T11:17:37.776+0000] {dag.py:3954} INFO - Setting next_dagrun for example_xcom_args to None, run_after=None
[2026-03-25T11:17:37.780+0000] {logging_mixin.py:188} INFO - [2026-03-25T11:17:37.780+0000] {dag.py:3954} INFO - Setting next_dagrun for example_xcom_args_with_operators to None, run_after=None
[2026-03-25T11:17:37.818+0000] {processor.py:183} INFO - Processing /home/airflow/.local/lib/python3.12/site-packages/airflow/example_dags/example_xcomargs.py took 0.096 seconds
[2026-03-25T11:18:08.390+0000] {processor.py:161} INFO - Started process (PID=356) to work on /home/airflow/.local/lib/python3.12/site-packages/airflow/example_dags/example_xcomargs.py
[2026-03-25T11:18:08.391+0000] {processor.py:830} INFO - Processing file /home/airflow/.local/lib/python3.12/site-packages/airflow/example_dags/example_xcomargs.py for tasks to queue
[2026-03-25T11:18:08.393+0000] {logging_mixin.py:188} INFO - [2026-03-25T11:18:08.393+0000] {dagbag.py:540} INFO - Filling up the DagBag from /home/airflow/.local/lib/python3.12/site-packages/airflow/example_dags/example_xcomargs.py
[2026-03-25T11:18:08.401+0000] {processor.py:840} INFO - DAG(s) 'example_xcom_args', 'example_xcom_args_with_operators' retrieved from /home/airflow/.local/lib/python3.12/site-packages/airflow/example_dags/example_xcomargs.py
[2026-03-25T11:18:08.424+0000] {logging_mixin.py:188} INFO - [2026-03-25T11:18:08.424+0000] {dag.py:3096} INFO - Sync 2 DAGs
[2026-03-25T11:18:08.437+0000] {logging_mixin.py:188} INFO - [2026-03-25T11:18:08.437+0000] {dag.py:3954} INFO - Setting next_dagrun for example_xcom_args to None, run_after=None
[2026-03-25T11:18:08.441+0000] {logging_mixin.py:188} INFO - [2026-03-25T11:18:08.441+0000] {dag.py:3954} INFO - Setting next_dagrun for example_xcom_args_with_operators to None, run_after=None
[2026-03-25T11:18:08.505+0000] {processor.py:183} INFO - Processing /home/airflow/.local/lib/python3.12/site-packages/airflow/example_dags/example_xcomargs.py took 0.120 seconds
[2026-03-25T11:18:38.668+0000] {processor.py:161} INFO - Started process (PID=415) to work on /home/airflow/.local/lib/python3.12/site-packages/airflow/example_dags/example_xcomargs.py
[2026-03-25T11:18:38.670+0000] {processor.py:830} INFO - Processing file /home/airflow/.local/lib/python3.12/site-packages/airflow/example_dags/example_xcomargs.py for tasks to queue
[2026-03-25T11:18:38.673+0000] {logging_mixin.py:188} INFO - [2026-03-25T11:18:38.672+0000] {dagbag.py:540} INFO - Filling up the DagBag from /home/airflow/.local/lib/python3.12/site-packages/airflow/example_dags/example_xcomargs.py
[2026-03-25T11:18:38.683+0000] {processor.py:840} INFO - DAG(s) 'example_xcom_args', 'example_xcom_args_with_operators' retrieved from /home/airflow/.local/lib/python3.12/site-packages/airflow/example_dags/example_xcomargs.py
[2026-03-25T11:18:38.713+0000] {logging_mixin.py:188} INFO - [2026-03-25T11:18:38.713+0000] {dag.py:3096} INFO - Sync 2 DAGs
[2026-03-25T11:18:38.727+0000] {logging_mixin.py:188} INFO - [2026-03-25T11:18:38.726+0000] {dag.py:3954} INFO - Setting next_dagrun for example_xcom_args to None, run_after=None
[2026-03-25T11:18:38.730+0000] {logging_mixin.py:188} INFO - [2026-03-25T11:18:38.730+0000] {dag.py:3954} INFO - Setting next_dagrun for example_xcom_args_with_operators to None, run_after=None
[2026-03-25T11:18:38.777+0000] {processor.py:183} INFO - Processing /home/airflow/.local/lib/python3.12/site-packages/airflow/example_dags/example_xcomargs.py took 0.116 seconds
[2026-03-25T11:19:09.263+0000] {processor.py:161} INFO - Started process (PID=474) to work on /home/airflow/.local/lib/python3.12/site-packages/airflow/example_dags/example_xcomargs.py
[2026-03-25T11:19:09.264+0000] {processor.py:830} INFO - Processing file /home/airflow/.local/lib/python3.12/site-packages/airflow/example_dags/example_xcomargs.py for tasks to queue
[2026-03-25T11:19:09.266+0000] {logging_mixin.py:188} INFO - [2026-03-25T11:19:09.266+0000] {dagbag.py:540} INFO - Filling up the DagBag from /home/airflow/.local/lib/python3.12/site-packages/airflow/example_dags/example_xcomargs.py
[2026-03-25T11:19:09.277+0000] {processor.py:840} INFO - DAG(s) 'example_xcom_args_with_operators', 'example_xcom_args' retrieved from /home/airflow/.local/lib/python3.12/site-packages/airflow/example_dags/example_xcomargs.py
[2026-03-25T11:19:09.300+0000] {logging_mixin.py:188} INFO - [2026-03-25T11:19:09.299+0000] {dag.py:3096} INFO - Sync 2 DAGs
[2026-03-25T11:19:09.313+0000] {logging_mixin.py:188} INFO - [2026-03-25T11:19:09.312+0000] {dag.py:3954} INFO - Setting next_dagrun for example_xcom_args to None, run_after=None
[2026-03-25T11:19:09.316+0000] {logging_mixin.py:188} INFO - [2026-03-25T11:19:09.316+0000] {dag.py:3954} INFO - Setting next_dagrun for example_xcom_args_with_operators to None, run_after=None
[2026-03-25T11:19:09.352+0000] {processor.py:183} INFO - Processing /home/airflow/.local/lib/python3.12/site-packages/airflow/example_dags/example_xcomargs.py took 0.095 seconds
[2026-03-25T11:19:39.694+0000] {processor.py:161} INFO - Started process (PID=533) to work on /home/airflow/.local/lib/python3.12/site-packages/airflow/example_dags/example_xcomargs.py
[2026-03-25T11:19:39.695+0000] {processor.py:830} INFO - Processing file /home/airflow/.local/lib/python3.12/site-packages/airflow/example_dags/example_xcomargs.py for tasks to queue
[2026-03-25T11:19:39.697+0000] {logging_mixin.py:188} INFO - [2026-03-25T11:19:39.696+0000] {dagbag.py:540} INFO - Filling up the DagBag from /home/airflow/.local/lib/python3.12/site-packages/airflow/example_dags/example_xcomargs.py
[2026-03-25T11:19:39.706+0000] {processor.py:840} INFO - DAG(s) 'example_xcom_args', 'example_xcom_args_with_operators' retrieved from /home/airflow/.local/lib/python3.12/site-packages/airflow/example_dags/example_xcomargs.py
[2026-03-25T11:19:39.732+0000] {logging_mixin.py:188} INFO - [2026-03-25T11:19:39.731+0000] {dag.py:3096} INFO - Sync 2 DAGs
[2026-03-25T11:19:39.747+0000] {logging_mixin.py:188} INFO - [2026-03-25T11:19:39.747+0000] {dag.py:3954} INFO - Setting next_dagrun for example_xcom_args to None, run_after=None
[2026-03-25T11:19:39.753+0000] {logging_mixin.py:188} INFO - [2026-03-25T11:19:39.753+0000] {dag.py:3954} INFO - Setting next_dagrun for example_xcom_args_with_operators to None, run_after=None
[2026-03-25T11:19:39.802+0000] {processor.py:183} INFO - Processing /home/airflow/.local/lib/python3.12/site-packages/airflow/example_dags/example_xcomargs.py took 0.115 seconds
[2026-03-25T11:20:10.053+0000] {processor.py:161} INFO - Started process (PID=592) to work on /home/airflow/.local/lib/python3.12/site-packages/airflow/example_dags/example_xcomargs.py
[2026-03-25T11:20:10.054+0000] {processor.py:830} INFO - Processing file /home/airflow/.local/lib/python3.12/site-packages/airflow/example_dags/example_xcomargs.py for tasks to queue
[2026-03-25T11:20:10.056+0000] {logging_mixin.py:188} INFO - [2026-03-25T11:20:10.056+0000] {dagbag.py:540} INFO - Filling up the DagBag from /home/airflow/.local/lib/python3.12/site-packages/airflow/example_dags/example_xcomargs.py
[2026-03-25T11:20:10.066+0000] {processor.py:840} INFO - DAG(s) 'example_xcom_args_with_operators', 'example_xcom_args' retrieved from /home/airflow/.local/lib/python3.12/site-packages/airflow/example_dags/example_xcomargs.py
[2026-03-25T11:20:10.090+0000] {logging_mixin.py:188} INFO - [2026-03-25T11:20:10.090+0000] {dag.py:3096} INFO - Sync 2 DAGs
[2026-03-25T11:20:10.105+0000] {logging_mixin.py:188} INFO - [2026-03-25T11:20:10.104+0000] {dag.py:3954} INFO - Setting next_dagrun for example_xcom_args to None, run_after=None
[2026-03-25T11:20:10.109+0000] {logging_mixin.py:188} INFO - [2026-03-25T11:20:10.108+0000] {dag.py:3954} INFO - Setting next_dagrun for example_xcom_args_with_operators to None, run_after=None
[2026-03-25T11:20:10.153+0000] {processor.py:183} INFO - Processing /home/airflow/.local/lib/python3.12/site-packages/airflow/example_dags/example_xcomargs.py took 0.107 seconds
[2026-03-25T11:20:41.650+0000] {processor.py:161} INFO - Started process (PID=651) to work on /home/airflow/.local/lib/python3.12/site-packages/airflow/example_dags/example_xcomargs.py
[2026-03-25T11:20:41.656+0000] {processor.py:830} INFO - Processing file /home/airflow/.local/lib/python3.12/site-packages/airflow/example_dags/example_xcomargs.py for tasks to queue
[2026-03-25T11:20:41.667+0000] {logging_mixin.py:188} INFO - [2026-03-25T11:20:41.665+0000] {dagbag.py:540} INFO - Filling up the DagBag from /home/airflow/.local/lib/python3.12/site-packages/airflow/example_dags/example_xcomargs.py
[2026-03-25T11:20:41.724+0000] {processor.py:840} INFO - DAG(s) 'example_xcom_args', 'example_xcom_args_with_operators' retrieved from /home/airflow/.local/lib/python3.12/site-packages/airflow/example_dags/example_xcomargs.py
[2026-03-25T11:20:41.847+0000] {logging_mixin.py:188} INFO - [2026-03-25T11:20:41.846+0000] {dag.py:3096} INFO - Sync 2 DAGs
[2026-03-25T11:20:41.917+0000] {logging_mixin.py:188} INFO - [2026-03-25T11:20:41.916+0000] {dag.py:3954} INFO - Setting next_dagrun for example_xcom_args to None, run_after=None
[2026-03-25T11:20:41.936+0000] {logging_mixin.py:188} INFO - [2026-03-25T11:20:41.935+0000] {dag.py:3954} INFO - Setting next_dagrun for example_xcom_args_with_operators to None, run_after=None
[2026-03-25T11:20:42.075+0000] {processor.py:183} INFO - Processing /home/airflow/.local/lib/python3.12/site-packages/airflow/example_dags/example_xcomargs.py took 0.460 seconds
[2026-03-25T11:21:12.353+0000] {processor.py:161} INFO - Started process (PID=710) to work on /home/airflow/.local/lib/python3.12/site-packages/airflow/example_dags/example_xcomargs.py
[2026-03-25T11:21:12.354+0000] {processor.py:830} INFO - Processing file /home/airflow/.local/lib/python3.12/site-packages/airflow/example_dags/example_xcomargs.py for tasks to queue
[2026-03-25T11:21:12.356+0000] {logging_mixin.py:188} INFO - [2026-03-25T11:21:12.355+0000] {dagbag.py:540} INFO - Filling up the DagBag from /home/airflow/.local/lib/python3.12/site-packages/airflow/example_dags/example_xcomargs.py
[2026-03-25T11:21:12.364+0000] {processor.py:840} INFO - DAG(s) 'example_xcom_args_with_operators', 'example_xcom_args' retrieved from /home/airflow/.local/lib/python3.12/site-packages/airflow/example_dags/example_xcomargs.py
[2026-03-25T11:21:12.388+0000] {logging_mixin.py:188} INFO - [2026-03-25T11:21:12.387+0000] {dag.py:3096} INFO - Sync 2 DAGs
[2026-03-25T11:21:12.400+0000] {logging_mixin.py:188} INFO - [2026-03-25T11:21:12.400+0000] {dag.py:3954} INFO - Setting next_dagrun for example_xcom_args to None, run_after=None
[2026-03-25T11:21:12.404+0000] {logging_mixin.py:188} INFO - [2026-03-25T11:21:12.404+0000] {dag.py:3954} INFO - Setting next_dagrun for example_xcom_args_with_operators to None, run_after=None
[2026-03-25T11:21:12.445+0000] {processor.py:183} INFO - Processing /home/airflow/.local/lib/python3.12/site-packages/airflow/example_dags/example_xcomargs.py took 0.098 seconds
[2026-03-25T11:21:43.090+0000] {processor.py:161} INFO - Started process (PID=769) to work on /home/airflow/.local/lib/python3.12/site-packages/airflow/example_dags/example_xcomargs.py
[2026-03-25T11:21:43.091+0000] {processor.py:830} INFO - Processing file /home/airflow/.local/lib/python3.12/site-packages/airflow/example_dags/example_xcomargs.py for tasks to queue
[2026-03-25T11:21:43.093+0000] {logging_mixin.py:188} INFO - [2026-03-25T11:21:43.093+0000] {dagbag.py:540} INFO - Filling up the DagBag from /home/airflow/.local/lib/python3.12/site-packages/airflow/example_dags/example_xcomargs.py
[2026-03-25T11:21:43.103+0000] {processor.py:840} INFO - DAG(s) 'example_xcom_args_with_operators', 'example_xcom_args' retrieved from /home/airflow/.local/lib/python3.12/site-packages/airflow/example_dags/example_xcomargs.py
[2026-03-25T11:21:43.128+0000] {logging_mixin.py:188} INFO - [2026-03-25T11:21:43.127+0000] {dag.py:3096} INFO - Sync 2 DAGs
[2026-03-25T11:21:43.141+0000] {logging_mixin.py:188} INFO - [2026-03-25T11:21:43.141+0000] {dag.py:3954} INFO - Setting next_dagrun for example_xcom_args to None, run_after=None
[2026-03-25T11:21:43.145+0000] {logging_mixin.py:188} INFO - [2026-03-25T11:21:43.145+0000] {dag.py:3954} INFO - Setting next_dagrun for example_xcom_args_with_operators to None, run_after=None
[2026-03-25T11:21:43.191+0000] {processor.py:183} INFO - Processing /home/airflow/.local/lib/python3.12/site-packages/airflow/example_dags/example_xcomargs.py took 0.107 seconds
[2026-03-25T11:22:13.776+0000] {processor.py:161} INFO - Started process (PID=828) to work on /home/airflow/.local/lib/python3.12/site-packages/airflow/example_dags/example_xcomargs.py
[2026-03-25T11:22:13.778+0000] {processor.py:830} INFO - Processing file /home/airflow/.local/lib/python3.12/site-packages/airflow/example_dags/example_xcomargs.py for tasks to queue
[2026-03-25T11:22:13.781+0000] {logging_mixin.py:188} INFO - [2026-03-25T11:22:13.780+0000] {dagbag.py:540} INFO - Filling up the DagBag from /home/airflow/.local/lib/python3.12/site-packages/airflow/example_dags/example_xcomargs.py
[2026-03-25T11:22:13.792+0000] {processor.py:840} INFO - DAG(s) 'example_xcom_args_with_operators', 'example_xcom_args' retrieved from /home/airflow/.local/lib/python3.12/site-packages/airflow/example_dags/example_xcomargs.py
[2026-03-25T11:22:13.823+0000] {logging_mixin.py:188} INFO - [2026-03-25T11:22:13.822+0000] {dag.py:3096} INFO - Sync 2 DAGs
[2026-03-25T11:22:13.847+0000] {logging_mixin.py:188} INFO - [2026-03-25T11:22:13.846+0000] {dag.py:3954} INFO - Setting next_dagrun for example_xcom_args to None, run_after=None
[2026-03-25T11:22:13.853+0000] {logging_mixin.py:188} INFO - [2026-03-25T11:22:13.853+0000] {dag.py:3954} INFO - Setting next_dagrun for example_xcom_args_with_operators to None, run_after=None
[2026-03-25T11:22:13.914+0000] {processor.py:183} INFO - Processing /home/airflow/.local/lib/python3.12/site-packages/airflow/example_dags/example_xcomargs.py took 0.147 seconds
[2026-03-25T11:22:44.592+0000] {processor.py:161} INFO - Started process (PID=887) to work on /home/airflow/.local/lib/python3.12/site-packages/airflow/example_dags/example_xcomargs.py
[2026-03-25T11:22:44.593+0000] {processor.py:830} INFO - Processing file /home/airflow/.local/lib/python3.12/site-packages/airflow/example_dags/example_xcomargs.py for tasks to queue
[2026-03-25T11:22:44.594+0000] {logging_mixin.py:188} INFO - [2026-03-25T11:22:44.594+0000] {dagbag.py:540} INFO - Filling up the DagBag from /home/airflow/.local/lib/python3.12/site-packages/airflow/example_dags/example_xcomargs.py
[2026-03-25T11:22:44.603+0000] {processor.py:840} INFO - DAG(s) 'example_xcom_args', 'example_xcom_args_with_operators' retrieved from /home/airflow/.local/lib/python3.12/site-packages/airflow/example_dags/example_xcomargs.py
[2026-03-25T11:22:44.627+0000] {logging_mixin.py:188} INFO - [2026-03-25T11:22:44.626+0000] {dag.py:3096} INFO - Sync 2 DAGs
[2026-03-25T11:22:44.641+0000] {logging_mixin.py:188} INFO - [2026-03-25T11:22:44.641+0000] {dag.py:3954} INFO - Setting next_dagrun for example_xcom_args to None, run_after=None
[2026-03-25T11:22:44.645+0000] {logging_mixin.py:188} INFO - [2026-03-25T11:22:44.645+0000] {dag.py:3954} INFO - Setting next_dagrun for example_xcom_args_with_operators to None, run_after=None
[2026-03-25T11:22:44.681+0000] {processor.py:183} INFO - Processing /home/airflow/.local/lib/python3.12/site-packages/airflow/example_dags/example_xcomargs.py took 0.094 seconds
[2026-03-25T11:23:15.390+0000] {processor.py:161} INFO - Started process (PID=946) to work on /home/airflow/.local/lib/python3.12/site-packages/airflow/example_dags/example_xcomargs.py
[2026-03-25T11:23:15.392+0000] {processor.py:830} INFO - Processing file /home/airflow/.local/lib/python3.12/site-packages/airflow/example_dags/example_xcomargs.py for tasks to queue
[2026-03-25T11:23:15.395+0000] {logging_mixin.py:188} INFO - [2026-03-25T11:23:15.394+0000] {dagbag.py:540} INFO - Filling up the DagBag from /home/airflow/.local/lib/python3.12/site-packages/airflow/example_dags/example_xcomargs.py
[2026-03-25T11:23:15.404+0000] {processor.py:840} INFO - DAG(s) 'example_xcom_args', 'example_xcom_args_with_operators' retrieved from /home/airflow/.local/lib/python3.12/site-packages/airflow/example_dags/example_xcomargs.py
[2026-03-25T11:23:15.429+0000] {logging_mixin.py:188} INFO - [2026-03-25T11:23:15.429+0000] {dag.py:3096} INFO - Sync 2 DAGs
[2026-03-25T11:23:15.444+0000] {logging_mixin.py:188} INFO - [2026-03-25T11:23:15.444+0000] {dag.py:3954} INFO - Setting next_dagrun for example_xcom_args to None, run_after=None
[2026-03-25T11:23:15.448+0000] {logging_mixin.py:188} INFO - [2026-03-25T11:23:15.448+0000] {dag.py:3954} INFO - Setting next_dagrun for example_xcom_args_with_operators to None, run_after=None
[2026-03-25T11:23:15.490+0000] {processor.py:183} INFO - Processing /home/airflow/.local/lib/python3.12/site-packages/airflow/example_dags/example_xcomargs.py took 0.106 seconds
[2026-03-25T11:23:45.545+0000] {processor.py:161} INFO - Started process (PID=1005) to work on /home/airflow/.local/lib/python3.12/site-packages/airflow/example_dags/example_xcomargs.py
[2026-03-25T11:23:45.547+0000] {processor.py:830} INFO - Processing file /home/airflow/.local/lib/python3.12/site-packages/airflow/example_dags/example_xcomargs.py for tasks to queue
[2026-03-25T11:23:45.550+0000] {logging_mixin.py:188} INFO - [2026-03-25T11:23:45.550+0000] {dagbag.py:540} INFO - Filling up the DagBag from /home/airflow/.local/lib/python3.12/site-packages/airflow/example_dags/example_xcomargs.py
[2026-03-25T11:23:45.558+0000] {processor.py:840} INFO - DAG(s) 'example_xcom_args', 'example_xcom_args_with_operators' retrieved from /home/airflow/.local/lib/python3.12/site-packages/airflow/example_dags/example_xcomargs.py
[2026-03-25T11:23:45.584+0000] {logging_mixin.py:188} INFO - [2026-03-25T11:23:45.584+0000] {dag.py:3096} INFO - Sync 2 DAGs
[2026-03-25T11:23:45.598+0000] {logging_mixin.py:188} INFO - [2026-03-25T11:23:45.597+0000] {dag.py:3954} INFO - Setting next_dagrun for example_xcom_args to None, run_after=None
[2026-03-25T11:23:45.602+0000] {logging_mixin.py:188} INFO - [2026-03-25T11:23:45.602+0000] {dag.py:3954} INFO - Setting next_dagrun for example_xcom_args_with_operators to None, run_after=None
[2026-03-25T11:23:45.637+0000] {processor.py:183} INFO - Processing /home/airflow/.local/lib/python3.12/site-packages/airflow/example_dags/example_xcomargs.py took 0.097 seconds
[2026-03-25T11:24:16.501+0000] {processor.py:161} INFO - Started process (PID=1064) to work on /home/airflow/.local/lib/python3.12/site-packages/airflow/example_dags/example_xcomargs.py
[2026-03-25T11:24:16.502+0000] {processor.py:830} INFO - Processing file /home/airflow/.local/lib/python3.12/site-packages/airflow/example_dags/example_xcomargs.py for tasks to queue
[2026-03-25T11:24:16.505+0000] {logging_mixin.py:188} INFO - [2026-03-25T11:24:16.505+0000] {dagbag.py:540} INFO - Filling up the DagBag from /home/airflow/.local/lib/python3.12/site-packages/airflow/example_dags/example_xcomargs.py
[2026-03-25T11:24:16.517+0000] {processor.py:840} INFO - DAG(s) 'example_xcom_args_with_operators', 'example_xcom_args' retrieved from /home/airflow/.local/lib/python3.12/site-packages/airflow/example_dags/example_xcomargs.py
[2026-03-25T11:24:16.552+0000] {logging_mixin.py:188} INFO - [2026-03-25T11:24:16.551+0000] {dag.py:3096} INFO - Sync 2 DAGs
[2026-03-25T11:24:16.578+0000] {logging_mixin.py:188} INFO - [2026-03-25T11:24:16.578+0000] {dag.py:3954} INFO - Setting next_dagrun for example_xcom_args to None, run_after=None
[2026-03-25T11:24:16.584+0000] {logging_mixin.py:188} INFO - [2026-03-25T11:24:16.584+0000] {dag.py:3954} INFO - Setting next_dagrun for example_xcom_args_with_operators to None, run_after=None
[2026-03-25T11:24:16.623+0000] {processor.py:183} INFO - Processing /home/airflow/.local/lib/python3.12/site-packages/airflow/example_dags/example_xcomargs.py took 0.130 seconds
[2026-03-25T11:24:49.734+0000] {processor.py:161} INFO - Started process (PID=1121) to work on /home/airflow/.local/lib/python3.12/site-packages/airflow/example_dags/example_xcomargs.py
[2026-03-25T11:24:49.736+0000] {processor.py:830} INFO - Processing file /home/airflow/.local/lib/python3.12/site-packages/airflow/example_dags/example_xcomargs.py for tasks to queue
[2026-03-25T11:24:49.739+0000] {logging_mixin.py:188} INFO - [2026-03-25T11:24:49.739+0000] {dagbag.py:540} INFO - Filling up the DagBag from /home/airflow/.local/lib/python3.12/site-packages/airflow/example_dags/example_xcomargs.py
[2026-03-25T11:24:49.755+0000] {processor.py:840} INFO - DAG(s) 'example_xcom_args', 'example_xcom_args_with_operators' retrieved from /home/airflow/.local/lib/python3.12/site-packages/airflow/example_dags/example_xcomargs.py
[2026-03-25T11:24:49.798+0000] {logging_mixin.py:188} INFO - [2026-03-25T11:24:49.798+0000] {dag.py:3096} INFO - Sync 2 DAGs
[2026-03-25T11:24:49.826+0000] {logging_mixin.py:188} INFO - [2026-03-25T11:24:49.825+0000] {dag.py:3954} INFO - Setting next_dagrun for example_xcom_args to None, run_after=None
[2026-03-25T11:24:49.833+0000] {logging_mixin.py:188} INFO - [2026-03-25T11:24:49.832+0000] {dag.py:3954} INFO - Setting next_dagrun for example_xcom_args_with_operators to None, run_after=None
[2026-03-25T11:24:49.887+0000] {processor.py:183} INFO - Processing /home/airflow/.local/lib/python3.12/site-packages/airflow/example_dags/example_xcomargs.py took 0.161 seconds
[2026-03-25T11:25:20.061+0000] {processor.py:161} INFO - Started process (PID=1180) to work on /home/airflow/.local/lib/python3.12/site-packages/airflow/example_dags/example_xcomargs.py
[2026-03-25T11:25:20.062+0000] {processor.py:830} INFO - Processing file /home/airflow/.local/lib/python3.12/site-packages/airflow/example_dags/example_xcomargs.py for tasks to queue
[2026-03-25T11:25:20.064+0000] {logging_mixin.py:188} INFO - [2026-03-25T11:25:20.063+0000] {dagbag.py:540} INFO - Filling up the DagBag from /home/airflow/.local/lib/python3.12/site-packages/airflow/example_dags/example_xcomargs.py
[2026-03-25T11:25:20.072+0000] {processor.py:840} INFO - DAG(s) 'example_xcom_args', 'example_xcom_args_with_operators' retrieved from /home/airflow/.local/lib/python3.12/site-packages/airflow/example_dags/example_xcomargs.py
[2026-03-25T11:25:20.097+0000] {logging_mixin.py:188} INFO - [2026-03-25T11:25:20.097+0000] {dag.py:3096} INFO - Sync 2 DAGs
[2026-03-25T11:25:20.112+0000] {logging_mixin.py:188} INFO - [2026-03-25T11:25:20.112+0000] {dag.py:3954} INFO - Setting next_dagrun for example_xcom_args to None, run_after=None
[2026-03-25T11:25:20.117+0000] {logging_mixin.py:188} INFO - [2026-03-25T11:25:20.117+0000] {dag.py:3954} INFO - Setting next_dagrun for example_xcom_args_with_operators to None, run_after=None
[2026-03-25T11:25:20.159+0000] {processor.py:183} INFO - Processing /home/airflow/.local/lib/python3.12/site-packages/airflow/example_dags/example_xcomargs.py took 0.104 seconds
[2026-03-25T11:25:52.859+0000] {processor.py:161} INFO - Started process (PID=1237) to work on /home/airflow/.local/lib/python3.12/site-packages/airflow/example_dags/example_xcomargs.py
[2026-03-25T11:25:52.859+0000] {processor.py:830} INFO - Processing file /home/airflow/.local/lib/python3.12/site-packages/airflow/example_dags/example_xcomargs.py for tasks to queue
[2026-03-25T11:25:52.861+0000] {logging_mixin.py:188} INFO - [2026-03-25T11:25:52.861+0000] {dagbag.py:540} INFO - Filling up the DagBag from /home/airflow/.local/lib/python3.12/site-packages/airflow/example_dags/example_xcomargs.py
[2026-03-25T11:25:52.869+0000] {processor.py:840} INFO - DAG(s) 'example_xcom_args', 'example_xcom_args_with_operators' retrieved from /home/airflow/.local/lib/python3.12/site-packages/airflow/example_dags/example_xcomargs.py
[2026-03-25T11:25:52.892+0000] {logging_mixin.py:188} INFO - [2026-03-25T11:25:52.892+0000] {dag.py:3096} INFO - Sync 2 DAGs
[2026-03-25T11:25:52.905+0000] {logging_mixin.py:188} INFO - [2026-03-25T11:25:52.905+0000] {dag.py:3954} INFO - Setting next_dagrun for example_xcom_args to None, run_after=None
[2026-03-25T11:25:52.910+0000] {logging_mixin.py:188} INFO - [2026-03-25T11:25:52.909+0000] {dag.py:3954} INFO - Setting next_dagrun for example_xcom_args_with_operators to None, run_after=None
[2026-03-25T11:25:52.966+0000] {processor.py:183} INFO - Processing /home/airflow/.local/lib/python3.12/site-packages/airflow/example_dags/example_xcomargs.py took 0.112 seconds
[2026-03-25T11:26:25.696+0000] {processor.py:161} INFO - Started process (PID=1296) to work on /home/airflow/.local/lib/python3.12/site-packages/airflow/example_dags/example_xcomargs.py
[2026-03-25T11:26:25.697+0000] {processor.py:830} INFO - Processing file /home/airflow/.local/lib/python3.12/site-packages/airflow/example_dags/example_xcomargs.py for tasks to queue
[2026-03-25T11:26:25.699+0000] {logging_mixin.py:188} INFO - [2026-03-25T11:26:25.698+0000] {dagbag.py:540} INFO - Filling up the DagBag from /home/airflow/.local/lib/python3.12/site-packages/airflow/example_dags/example_xcomargs.py
[2026-03-25T11:26:25.707+0000] {processor.py:840} INFO - DAG(s) 'example_xcom_args_with_operators', 'example_xcom_args' retrieved from /home/airflow/.local/lib/python3.12/site-packages/airflow/example_dags/example_xcomargs.py
[2026-03-25T11:26:25.730+0000] {logging_mixin.py:188} INFO - [2026-03-25T11:26:25.729+0000] {dag.py:3096} INFO - Sync 2 DAGs
[2026-03-25T11:26:25.742+0000] {logging_mixin.py:188} INFO - [2026-03-25T11:26:25.742+0000] {dag.py:3954} INFO - Setting next_dagrun for example_xcom_args to None, run_after=None
[2026-03-25T11:26:25.746+0000] {logging_mixin.py:188} INFO - [2026-03-25T11:26:25.746+0000] {dag.py:3954} INFO - Setting next_dagrun for example_xcom_args_with_operators to None, run_after=None
[2026-03-25T11:26:25.792+0000] {processor.py:183} INFO - Processing /home/airflow/.local/lib/python3.12/site-packages/airflow/example_dags/example_xcomargs.py took 0.101 seconds
[2026-03-25T11:26:58.549+0000] {processor.py:161} INFO - Started process (PID=1355) to work on /home/airflow/.local/lib/python3.12/site-packages/airflow/example_dags/example_xcomargs.py
[2026-03-25T11:26:58.550+0000] {processor.py:830} INFO - Processing file /home/airflow/.local/lib/python3.12/site-packages/airflow/example_dags/example_xcomargs.py for tasks to queue
[2026-03-25T11:26:58.552+0000] {logging_mixin.py:188} INFO - [2026-03-25T11:26:58.552+0000] {dagbag.py:540} INFO - Filling up the DagBag from /home/airflow/.local/lib/python3.12/site-packages/airflow/example_dags/example_xcomargs.py
[2026-03-25T11:26:58.562+0000] {processor.py:840} INFO - DAG(s) 'example_xcom_args_with_operators', 'example_xcom_args' retrieved from /home/airflow/.local/lib/python3.12/site-packages/airflow/example_dags/example_xcomargs.py
[2026-03-25T11:26:58.586+0000] {logging_mixin.py:188} INFO - [2026-03-25T11:26:58.586+0000] {dag.py:3096} INFO - Sync 2 DAGs
[2026-03-25T11:26:58.601+0000] {logging_mixin.py:188} INFO - [2026-03-25T11:26:58.601+0000] {dag.py:3954} INFO - Setting next_dagrun for example_xcom_args to None, run_after=None
[2026-03-25T11:26:58.605+0000] {logging_mixin.py:188} INFO - [2026-03-25T11:26:58.605+0000] {dag.py:3954} INFO - Setting next_dagrun for example_xcom_args_with_operators to None, run_after=None
[2026-03-25T11:26:58.643+0000] {processor.py:183} INFO - Processing /home/airflow/.local/lib/python3.12/site-packages/airflow/example_dags/example_xcomargs.py took 0.099 seconds
[2026-03-25T11:27:32.061+0000] {processor.py:161} INFO - Started process (PID=1404) to work on /home/airflow/.local/lib/python3.12/site-packages/airflow/example_dags/example_xcomargs.py
[2026-03-25T11:27:32.062+0000] {processor.py:830} INFO - Processing file /home/airflow/.local/lib/python3.12/site-packages/airflow/example_dags/example_xcomargs.py for tasks to queue
[2026-03-25T11:27:32.067+0000] {logging_mixin.py:188} INFO - [2026-03-25T11:27:32.066+0000] {dagbag.py:540} INFO - Filling up the DagBag from /home/airflow/.local/lib/python3.12/site-packages/airflow/example_dags/example_xcomargs.py
[2026-03-25T11:27:32.085+0000] {processor.py:840} INFO - DAG(s) 'example_xcom_args_with_operators', 'example_xcom_args' retrieved from /home/airflow/.local/lib/python3.12/site-packages/airflow/example_dags/example_xcomargs.py
[2026-03-25T11:27:32.133+0000] {logging_mixin.py:188} INFO - [2026-03-25T11:27:32.132+0000] {dag.py:3096} INFO - Sync 2 DAGs
[2026-03-25T11:27:32.158+0000] {logging_mixin.py:188} INFO - [2026-03-25T11:27:32.158+0000] {dag.py:3954} INFO - Setting next_dagrun for example_xcom_args to None, run_after=None
[2026-03-25T11:27:32.166+0000] {logging_mixin.py:188} INFO - [2026-03-25T11:27:32.166+0000] {dag.py:3954} INFO - Setting next_dagrun for example_xcom_args_with_operators to None, run_after=None
[2026-03-25T11:27:32.244+0000] {processor.py:183} INFO - Processing /home/airflow/.local/lib/python3.12/site-packages/airflow/example_dags/example_xcomargs.py took 0.193 seconds
[2026-03-25T11:28:02.882+0000] {processor.py:161} INFO - Started process (PID=1463) to work on /home/airflow/.local/lib/python3.12/site-packages/airflow/example_dags/example_xcomargs.py
[2026-03-25T11:28:02.883+0000] {processor.py:830} INFO - Processing file /home/airflow/.local/lib/python3.12/site-packages/airflow/example_dags/example_xcomargs.py for tasks to queue
[2026-03-25T11:28:02.885+0000] {logging_mixin.py:188} INFO - [2026-03-25T11:28:02.885+0000] {dagbag.py:540} INFO - Filling up the DagBag from /home/airflow/.local/lib/python3.12/site-packages/airflow/example_dags/example_xcomargs.py
[2026-03-25T11:28:02.895+0000] {processor.py:840} INFO - DAG(s) 'example_xcom_args', 'example_xcom_args_with_operators' retrieved from /home/airflow/.local/lib/python3.12/site-packages/airflow/example_dags/example_xcomargs.py
[2026-03-25T11:28:02.919+0000] {logging_mixin.py:188} INFO - [2026-03-25T11:28:02.919+0000] {dag.py:3096} INFO - Sync 2 DAGs
[2026-03-25T11:28:02.933+0000] {logging_mixin.py:188} INFO - [2026-03-25T11:28:02.933+0000] {dag.py:3954} INFO - Setting next_dagrun for example_xcom_args to None, run_after=None
[2026-03-25T11:28:02.938+0000] {logging_mixin.py:188} INFO - [2026-03-25T11:28:02.938+0000] {dag.py:3954} INFO - Setting next_dagrun for example_xcom_args_with_operators to None, run_after=None
[2026-03-25T11:28:02.972+0000] {processor.py:183} INFO - Processing /home/airflow/.local/lib/python3.12/site-packages/airflow/example_dags/example_xcomargs.py took 0.096 seconds
[2026-03-25T11:28:34.258+0000] {processor.py:161} INFO - Started process (PID=1497) to work on /home/airflow/.local/lib/python3.12/site-packages/airflow/example_dags/example_xcomargs.py
[2026-03-25T11:28:34.259+0000] {processor.py:830} INFO - Processing file /home/airflow/.local/lib/python3.12/site-packages/airflow/example_dags/example_xcomargs.py for tasks to queue
[2026-03-25T11:28:34.262+0000] {logging_mixin.py:188} INFO - [2026-03-25T11:28:34.262+0000] {dagbag.py:540} INFO - Filling up the DagBag from /home/airflow/.local/lib/python3.12/site-packages/airflow/example_dags/example_xcomargs.py
[2026-03-25T11:28:34.278+0000] {processor.py:840} INFO - DAG(s) 'example_xcom_args', 'example_xcom_args_with_operators' retrieved from /home/airflow/.local/lib/python3.12/site-packages/airflow/example_dags/example_xcomargs.py
[2026-03-25T11:28:34.305+0000] {logging_mixin.py:188} INFO - [2026-03-25T11:28:34.305+0000] {dag.py:3096} INFO - Sync 2 DAGs
[2026-03-25T11:28:34.320+0000] {logging_mixin.py:188} INFO - [2026-03-25T11:28:34.320+0000] {dag.py:3954} INFO - Setting next_dagrun for example_xcom_args to None, run_after=None
[2026-03-25T11:28:34.325+0000] {logging_mixin.py:188} INFO - [2026-03-25T11:28:34.325+0000] {dag.py:3954} INFO - Setting next_dagrun for example_xcom_args_with_operators to None, run_after=None
[2026-03-25T11:28:34.394+0000] {processor.py:183} INFO - Processing /home/airflow/.local/lib/python3.12/site-packages/airflow/example_dags/example_xcomargs.py took 0.145 seconds
[2026-03-25T11:29:06.189+0000] {processor.py:161} INFO - Started process (PID=1550) to work on /home/airflow/.local/lib/python3.12/site-packages/airflow/example_dags/example_xcomargs.py
[2026-03-25T11:29:06.190+0000] {processor.py:830} INFO - Processing file /home/airflow/.local/lib/python3.12/site-packages/airflow/example_dags/example_xcomargs.py for tasks to queue
[2026-03-25T11:29:06.193+0000] {logging_mixin.py:188} INFO - [2026-03-25T11:29:06.192+0000] {dagbag.py:540} INFO - Filling up the DagBag from /home/airflow/.local/lib/python3.12/site-packages/airflow/example_dags/example_xcomargs.py
[2026-03-25T11:29:06.202+0000] {processor.py:840} INFO - DAG(s) 'example_xcom_args_with_operators', 'example_xcom_args' retrieved from /home/airflow/.local/lib/python3.12/site-packages/airflow/example_dags/example_xcomargs.py
[2026-03-25T11:29:06.226+0000] {logging_mixin.py:188} INFO - [2026-03-25T11:29:06.226+0000] {dag.py:3096} INFO - Sync 2 DAGs
[2026-03-25T11:29:06.240+0000] {logging_mixin.py:188} INFO - [2026-03-25T11:29:06.239+0000] {dag.py:3954} INFO - Setting next_dagrun for example_xcom_args to None, run_after=None
[2026-03-25T11:29:06.244+0000] {logging_mixin.py:188} INFO - [2026-03-25T11:29:06.244+0000] {dag.py:3954} INFO - Setting next_dagrun for example_xcom_args_with_operators to None, run_after=None
[2026-03-25T11:29:06.358+0000] {processor.py:183} INFO - Processing /home/airflow/.local/lib/python3.12/site-packages/airflow/example_dags/example_xcomargs.py took 0.175 seconds
[2026-03-25T11:29:36.628+0000] {processor.py:161} INFO - Started process (PID=1615) to work on /home/airflow/.local/lib/python3.12/site-packages/airflow/example_dags/example_xcomargs.py
[2026-03-25T11:29:36.630+0000] {processor.py:830} INFO - Processing file /home/airflow/.local/lib/python3.12/site-packages/airflow/example_dags/example_xcomargs.py for tasks to queue
[2026-03-25T11:29:36.633+0000] {logging_mixin.py:188} INFO - [2026-03-25T11:29:36.632+0000] {dagbag.py:540} INFO - Filling up the DagBag from /home/airflow/.local/lib/python3.12/site-packages/airflow/example_dags/example_xcomargs.py
[2026-03-25T11:29:36.645+0000] {processor.py:840} INFO - DAG(s) 'example_xcom_args', 'example_xcom_args_with_operators' retrieved from /home/airflow/.local/lib/python3.12/site-packages/airflow/example_dags/example_xcomargs.py
[2026-03-25T11:29:36.678+0000] {logging_mixin.py:188} INFO - [2026-03-25T11:29:36.678+0000] {dag.py:3096} INFO - Sync 2 DAGs
[2026-03-25T11:29:36.697+0000] {logging_mixin.py:188} INFO - [2026-03-25T11:29:36.696+0000] {dag.py:3954} INFO - Setting next_dagrun for example_xcom_args to None, run_after=None
[2026-03-25T11:29:36.700+0000] {logging_mixin.py:188} INFO - [2026-03-25T11:29:36.700+0000] {dag.py:3954} INFO - Setting next_dagrun for example_xcom_args_with_operators to None, run_after=None
[2026-03-25T11:29:36.775+0000] {processor.py:183} INFO - Processing /home/airflow/.local/lib/python3.12/site-packages/airflow/example_dags/example_xcomargs.py took 0.159 seconds
[2026-03-25T11:30:07.667+0000] {processor.py:161} INFO - Started process (PID=1668) to work on /home/airflow/.local/lib/python3.12/site-packages/airflow/example_dags/example_xcomargs.py
[2026-03-25T11:30:07.670+0000] {processor.py:830} INFO - Processing file /home/airflow/.local/lib/python3.12/site-packages/airflow/example_dags/example_xcomargs.py for tasks to queue
[2026-03-25T11:30:07.674+0000] {logging_mixin.py:188} INFO - [2026-03-25T11:30:07.673+0000] {dagbag.py:540} INFO - Filling up the DagBag from /home/airflow/.local/lib/python3.12/site-packages/airflow/example_dags/example_xcomargs.py
[2026-03-25T11:30:07.690+0000] {processor.py:840} INFO - DAG(s) 'example_xcom_args', 'example_xcom_args_with_operators' retrieved from /home/airflow/.local/lib/python3.12/site-packages/airflow/example_dags/example_xcomargs.py
[2026-03-25T11:30:07.733+0000] {logging_mixin.py:188} INFO - [2026-03-25T11:30:07.733+0000] {dag.py:3096} INFO - Sync 2 DAGs
[2026-03-25T11:30:07.761+0000] {logging_mixin.py:188} INFO - [2026-03-25T11:30:07.761+0000] {dag.py:3954} INFO - Setting next_dagrun for example_xcom_args to None, run_after=None
[2026-03-25T11:30:07.768+0000] {logging_mixin.py:188} INFO - [2026-03-25T11:30:07.767+0000] {dag.py:3954} INFO - Setting next_dagrun for example_xcom_args_with_operators to None, run_after=None
[2026-03-25T11:30:07.816+0000] {processor.py:183} INFO - Processing /home/airflow/.local/lib/python3.12/site-packages/airflow/example_dags/example_xcomargs.py took 0.163 seconds
[2026-03-25T11:30:37.883+0000] {processor.py:161} INFO - Started process (PID=1727) to work on /home/airflow/.local/lib/python3.12/site-packages/airflow/example_dags/example_xcomargs.py
[2026-03-25T11:30:37.884+0000] {processor.py:830} INFO - Processing file /home/airflow/.local/lib/python3.12/site-packages/airflow/example_dags/example_xcomargs.py for tasks to queue
[2026-03-25T11:30:37.886+0000] {logging_mixin.py:188} INFO - [2026-03-25T11:30:37.886+0000] {dagbag.py:540} INFO - Filling up the DagBag from /home/airflow/.local/lib/python3.12/site-packages/airflow/example_dags/example_xcomargs.py
[2026-03-25T11:30:37.895+0000] {processor.py:840} INFO - DAG(s) 'example_xcom_args_with_operators', 'example_xcom_args' retrieved from /home/airflow/.local/lib/python3.12/site-packages/airflow/example_dags/example_xcomargs.py
[2026-03-25T11:30:37.918+0000] {logging_mixin.py:188} INFO - [2026-03-25T11:30:37.917+0000] {dag.py:3096} INFO - Sync 2 DAGs
[2026-03-25T11:30:37.932+0000] {logging_mixin.py:188} INFO - [2026-03-25T11:30:37.932+0000] {dag.py:3954} INFO - Setting next_dagrun for example_xcom_args to None, run_after=None
[2026-03-25T11:30:37.936+0000] {logging_mixin.py:188} INFO - [2026-03-25T11:30:37.936+0000] {dag.py:3954} INFO - Setting next_dagrun for example_xcom_args_with_operators to None, run_after=None
[2026-03-25T11:30:37.978+0000] {processor.py:183} INFO - Processing /home/airflow/.local/lib/python3.12/site-packages/airflow/example_dags/example_xcomargs.py took 0.100 seconds
[2026-03-25T11:31:08.347+0000] {processor.py:161} INFO - Started process (PID=1786) to work on /home/airflow/.local/lib/python3.12/site-packages/airflow/example_dags/example_xcomargs.py
[2026-03-25T11:31:08.349+0000] {processor.py:830} INFO - Processing file /home/airflow/.local/lib/python3.12/site-packages/airflow/example_dags/example_xcomargs.py for tasks to queue
[2026-03-25T11:31:08.353+0000] {logging_mixin.py:188} INFO - [2026-03-25T11:31:08.351+0000] {dagbag.py:540} INFO - Filling up the DagBag from /home/airflow/.local/lib/python3.12/site-packages/airflow/example_dags/example_xcomargs.py
[2026-03-25T11:31:08.367+0000] {processor.py:840} INFO - DAG(s) 'example_xcom_args_with_operators', 'example_xcom_args' retrieved from /home/airflow/.local/lib/python3.12/site-packages/airflow/example_dags/example_xcomargs.py
[2026-03-25T11:31:08.393+0000] {logging_mixin.py:188} INFO - [2026-03-25T11:31:08.392+0000] {dag.py:3096} INFO - Sync 2 DAGs
[2026-03-25T11:31:08.408+0000] {logging_mixin.py:188} INFO - [2026-03-25T11:31:08.408+0000] {dag.py:3954} INFO - Setting next_dagrun for example_xcom_args to None, run_after=None
[2026-03-25T11:31:08.413+0000] {logging_mixin.py:188} INFO - [2026-03-25T11:31:08.412+0000] {dag.py:3954} INFO - Setting next_dagrun for example_xcom_args_with_operators to None, run_after=None
[2026-03-25T11:31:08.450+0000] {processor.py:183} INFO - Processing /home/airflow/.local/lib/python3.12/site-packages/airflow/example_dags/example_xcomargs.py took 0.114 seconds
[2026-03-25T11:31:38.575+0000] {processor.py:161} INFO - Started process (PID=1845) to work on /home/airflow/.local/lib/python3.12/site-packages/airflow/example_dags/example_xcomargs.py
[2026-03-25T11:31:38.576+0000] {processor.py:830} INFO - Processing file /home/airflow/.local/lib/python3.12/site-packages/airflow/example_dags/example_xcomargs.py for tasks to queue
[2026-03-25T11:31:38.578+0000] {logging_mixin.py:188} INFO - [2026-03-25T11:31:38.577+0000] {dagbag.py:540} INFO - Filling up the DagBag from /home/airflow/.local/lib/python3.12/site-packages/airflow/example_dags/example_xcomargs.py
[2026-03-25T11:31:38.586+0000] {processor.py:840} INFO - DAG(s) 'example_xcom_args_with_operators', 'example_xcom_args' retrieved from /home/airflow/.local/lib/python3.12/site-packages/airflow/example_dags/example_xcomargs.py
[2026-03-25T11:31:38.612+0000] {logging_mixin.py:188} INFO - [2026-03-25T11:31:38.612+0000] {dag.py:3096} INFO - Sync 2 DAGs
[2026-03-25T11:31:38.627+0000] {logging_mixin.py:188} INFO - [2026-03-25T11:31:38.627+0000] {dag.py:3954} INFO - Setting next_dagrun for example_xcom_args to None, run_after=None
[2026-03-25T11:31:38.632+0000] {logging_mixin.py:188} INFO - [2026-03-25T11:31:38.631+0000] {dag.py:3954} INFO - Setting next_dagrun for example_xcom_args_with_operators to None, run_after=None
[2026-03-25T11:31:38.669+0000] {processor.py:183} INFO - Processing /home/airflow/.local/lib/python3.12/site-packages/airflow/example_dags/example_xcomargs.py took 0.100 seconds
[2026-03-25T11:32:09.333+0000] {processor.py:161} INFO - Started process (PID=1904) to work on /home/airflow/.local/lib/python3.12/site-packages/airflow/example_dags/example_xcomargs.py
[2026-03-25T11:32:09.334+0000] {processor.py:830} INFO - Processing file /home/airflow/.local/lib/python3.12/site-packages/airflow/example_dags/example_xcomargs.py for tasks to queue
[2026-03-25T11:32:09.338+0000] {logging_mixin.py:188} INFO - [2026-03-25T11:32:09.337+0000] {dagbag.py:540} INFO - Filling up the DagBag from /home/airflow/.local/lib/python3.12/site-packages/airflow/example_dags/example_xcomargs.py
[2026-03-25T11:32:09.346+0000] {processor.py:840} INFO - DAG(s) 'example_xcom_args_with_operators', 'example_xcom_args' retrieved from /home/airflow/.local/lib/python3.12/site-packages/airflow/example_dags/example_xcomargs.py
[2026-03-25T11:32:09.369+0000] {logging_mixin.py:188} INFO - [2026-03-25T11:32:09.368+0000] {dag.py:3096} INFO - Sync 2 DAGs
[2026-03-25T11:32:09.381+0000] {logging_mixin.py:188} INFO - [2026-03-25T11:32:09.381+0000] {dag.py:3954} INFO - Setting next_dagrun for example_xcom_args to None, run_after=None
[2026-03-25T11:32:09.386+0000] {logging_mixin.py:188} INFO - [2026-03-25T11:32:09.385+0000] {dag.py:3954} INFO - Setting next_dagrun for example_xcom_args_with_operators to None, run_after=None
[2026-03-25T11:32:09.424+0000] {processor.py:183} INFO - Processing /home/airflow/.local/lib/python3.12/site-packages/airflow/example_dags/example_xcomargs.py took 0.096 seconds
[2026-03-25T11:34:35.145+0000] {processor.py:161} INFO - Started process (PID=72) to work on /home/airflow/.local/lib/python3.12/site-packages/airflow/example_dags/example_xcomargs.py
[2026-03-25T11:34:35.147+0000] {processor.py:830} INFO - Processing file /home/airflow/.local/lib/python3.12/site-packages/airflow/example_dags/example_xcomargs.py for tasks to queue
[2026-03-25T11:34:35.150+0000] {logging_mixin.py:188} INFO - [2026-03-25T11:34:35.150+0000] {dagbag.py:540} INFO - Filling up the DagBag from /home/airflow/.local/lib/python3.12/site-packages/airflow/example_dags/example_xcomargs.py
[2026-03-25T11:34:35.167+0000] {processor.py:840} INFO - DAG(s) 'example_xcom_args', 'example_xcom_args_with_operators' retrieved from /home/airflow/.local/lib/python3.12/site-packages/airflow/example_dags/example_xcomargs.py
[2026-03-25T11:34:35.386+0000] {logging_mixin.py:188} INFO - [2026-03-25T11:34:35.386+0000] {dag.py:3096} INFO - Sync 2 DAGs
[2026-03-25T11:34:35.410+0000] {logging_mixin.py:188} INFO - [2026-03-25T11:34:35.410+0000] {dag.py:3954} INFO - Setting next_dagrun for example_xcom_args to None, run_after=None
[2026-03-25T11:34:35.416+0000] {logging_mixin.py:188} INFO - [2026-03-25T11:34:35.415+0000] {dag.py:3954} INFO - Setting next_dagrun for example_xcom_args_with_operators to None, run_after=None
[2026-03-25T11:34:35.502+0000] {processor.py:183} INFO - Processing /home/airflow/.local/lib/python3.12/site-packages/airflow/example_dags/example_xcomargs.py took 0.370 seconds
[2026-03-25T11:35:05.973+0000] {processor.py:161} INFO - Started process (PID=125) to work on /home/airflow/.local/lib/python3.12/site-packages/airflow/example_dags/example_xcomargs.py
[2026-03-25T11:35:05.974+0000] {processor.py:830} INFO - Processing file /home/airflow/.local/lib/python3.12/site-packages/airflow/example_dags/example_xcomargs.py for tasks to queue
[2026-03-25T11:35:05.976+0000] {logging_mixin.py:188} INFO - [2026-03-25T11:35:05.976+0000] {dagbag.py:540} INFO - Filling up the DagBag from /home/airflow/.local/lib/python3.12/site-packages/airflow/example_dags/example_xcomargs.py
[2026-03-25T11:35:05.984+0000] {processor.py:840} INFO - DAG(s) 'example_xcom_args_with_operators', 'example_xcom_args' retrieved from /home/airflow/.local/lib/python3.12/site-packages/airflow/example_dags/example_xcomargs.py
[2026-03-25T11:35:06.011+0000] {logging_mixin.py:188} INFO - [2026-03-25T11:35:06.011+0000] {dag.py:3096} INFO - Sync 2 DAGs
[2026-03-25T11:35:06.026+0000] {logging_mixin.py:188} INFO - [2026-03-25T11:35:06.026+0000] {dag.py:3954} INFO - Setting next_dagrun for example_xcom_args to None, run_after=None
[2026-03-25T11:35:06.031+0000] {logging_mixin.py:188} INFO - [2026-03-25T11:35:06.030+0000] {dag.py:3954} INFO - Setting next_dagrun for example_xcom_args_with_operators to None, run_after=None
[2026-03-25T11:35:06.116+0000] {processor.py:183} INFO - Processing /home/airflow/.local/lib/python3.12/site-packages/airflow/example_dags/example_xcomargs.py took 0.148 seconds
[2026-03-25T11:35:37.961+0000] {processor.py:161} INFO - Started process (PID=184) to work on /home/airflow/.local/lib/python3.12/site-packages/airflow/example_dags/example_xcomargs.py
[2026-03-25T11:35:37.962+0000] {processor.py:830} INFO - Processing file /home/airflow/.local/lib/python3.12/site-packages/airflow/example_dags/example_xcomargs.py for tasks to queue
[2026-03-25T11:35:37.965+0000] {logging_mixin.py:188} INFO - [2026-03-25T11:35:37.964+0000] {dagbag.py:540} INFO - Filling up the DagBag from /home/airflow/.local/lib/python3.12/site-packages/airflow/example_dags/example_xcomargs.py
[2026-03-25T11:35:37.974+0000] {processor.py:840} INFO - DAG(s) 'example_xcom_args', 'example_xcom_args_with_operators' retrieved from /home/airflow/.local/lib/python3.12/site-packages/airflow/example_dags/example_xcomargs.py
[2026-03-25T11:35:38.000+0000] {logging_mixin.py:188} INFO - [2026-03-25T11:35:38.000+0000] {dag.py:3096} INFO - Sync 2 DAGs
[2026-03-25T11:35:38.015+0000] {logging_mixin.py:188} INFO - [2026-03-25T11:35:38.015+0000] {dag.py:3954} INFO - Setting next_dagrun for example_xcom_args to None, run_after=None
[2026-03-25T11:35:38.019+0000] {logging_mixin.py:188} INFO - [2026-03-25T11:35:38.019+0000] {dag.py:3954} INFO - Setting next_dagrun for example_xcom_args_with_operators to None, run_after=None
[2026-03-25T11:35:38.062+0000] {processor.py:183} INFO - Processing /home/airflow/.local/lib/python3.12/site-packages/airflow/example_dags/example_xcomargs.py took 0.107 seconds
[2026-03-25T11:36:11.319+0000] {processor.py:161} INFO - Started process (PID=244) to work on /home/airflow/.local/lib/python3.12/site-packages/airflow/example_dags/example_xcomargs.py
[2026-03-25T11:36:11.322+0000] {processor.py:830} INFO - Processing file /home/airflow/.local/lib/python3.12/site-packages/airflow/example_dags/example_xcomargs.py for tasks to queue
[2026-03-25T11:36:11.325+0000] {logging_mixin.py:188} INFO - [2026-03-25T11:36:11.325+0000] {dagbag.py:540} INFO - Filling up the DagBag from /home/airflow/.local/lib/python3.12/site-packages/airflow/example_dags/example_xcomargs.py
[2026-03-25T11:36:11.343+0000] {processor.py:840} INFO - DAG(s) 'example_xcom_args', 'example_xcom_args_with_operators' retrieved from /home/airflow/.local/lib/python3.12/site-packages/airflow/example_dags/example_xcomargs.py
[2026-03-25T11:36:11.540+0000] {logging_mixin.py:188} INFO - [2026-03-25T11:36:11.539+0000] {dag.py:3096} INFO - Sync 2 DAGs
[2026-03-25T11:36:11.554+0000] {logging_mixin.py:188} INFO - [2026-03-25T11:36:11.553+0000] {dag.py:3954} INFO - Setting next_dagrun for example_xcom_args to None, run_after=None
[2026-03-25T11:36:11.558+0000] {logging_mixin.py:188} INFO - [2026-03-25T11:36:11.557+0000] {dag.py:3954} INFO - Setting next_dagrun for example_xcom_args_with_operators to None, run_after=None
[2026-03-25T11:36:11.596+0000] {processor.py:183} INFO - Processing /home/airflow/.local/lib/python3.12/site-packages/airflow/example_dags/example_xcomargs.py took 0.289 seconds
[2026-03-25T11:36:44.346+0000] {processor.py:161} INFO - Started process (PID=303) to work on /home/airflow/.local/lib/python3.12/site-packages/airflow/example_dags/example_xcomargs.py
[2026-03-25T11:36:44.348+0000] {processor.py:830} INFO - Processing file /home/airflow/.local/lib/python3.12/site-packages/airflow/example_dags/example_xcomargs.py for tasks to queue
[2026-03-25T11:36:44.351+0000] {logging_mixin.py:188} INFO - [2026-03-25T11:36:44.351+0000] {dagbag.py:540} INFO - Filling up the DagBag from /home/airflow/.local/lib/python3.12/site-packages/airflow/example_dags/example_xcomargs.py
[2026-03-25T11:36:44.370+0000] {processor.py:840} INFO - DAG(s) 'example_xcom_args', 'example_xcom_args_with_operators' retrieved from /home/airflow/.local/lib/python3.12/site-packages/airflow/example_dags/example_xcomargs.py
[2026-03-25T11:36:44.421+0000] {logging_mixin.py:188} INFO - [2026-03-25T11:36:44.420+0000] {dag.py:3096} INFO - Sync 2 DAGs
[2026-03-25T11:36:44.450+0000] {logging_mixin.py:188} INFO - [2026-03-25T11:36:44.449+0000] {dag.py:3954} INFO - Setting next_dagrun for example_xcom_args to None, run_after=None
[2026-03-25T11:36:44.456+0000] {logging_mixin.py:188} INFO - [2026-03-25T11:36:44.456+0000] {dag.py:3954} INFO - Setting next_dagrun for example_xcom_args_with_operators to None, run_after=None
[2026-03-25T11:36:44.542+0000] {processor.py:183} INFO - Processing /home/airflow/.local/lib/python3.12/site-packages/airflow/example_dags/example_xcomargs.py took 0.209 seconds
[2026-03-25T11:37:16.569+0000] {processor.py:161} INFO - Started process (PID=362) to work on /home/airflow/.local/lib/python3.12/site-packages/airflow/example_dags/example_xcomargs.py
[2026-03-25T11:37:16.571+0000] {processor.py:830} INFO - Processing file /home/airflow/.local/lib/python3.12/site-packages/airflow/example_dags/example_xcomargs.py for tasks to queue
[2026-03-25T11:37:16.575+0000] {logging_mixin.py:188} INFO - [2026-03-25T11:37:16.574+0000] {dagbag.py:540} INFO - Filling up the DagBag from /home/airflow/.local/lib/python3.12/site-packages/airflow/example_dags/example_xcomargs.py
[2026-03-25T11:37:16.589+0000] {processor.py:840} INFO - DAG(s) 'example_xcom_args_with_operators', 'example_xcom_args' retrieved from /home/airflow/.local/lib/python3.12/site-packages/airflow/example_dags/example_xcomargs.py
[2026-03-25T11:37:16.626+0000] {logging_mixin.py:188} INFO - [2026-03-25T11:37:16.625+0000] {dag.py:3096} INFO - Sync 2 DAGs
[2026-03-25T11:37:16.660+0000] {logging_mixin.py:188} INFO - [2026-03-25T11:37:16.659+0000] {dag.py:3954} INFO - Setting next_dagrun for example_xcom_args to None, run_after=None
[2026-03-25T11:37:16.670+0000] {logging_mixin.py:188} INFO - [2026-03-25T11:37:16.670+0000] {dag.py:3954} INFO - Setting next_dagrun for example_xcom_args_with_operators to None, run_after=None
[2026-03-25T11:37:16.745+0000] {processor.py:183} INFO - Processing /home/airflow/.local/lib/python3.12/site-packages/airflow/example_dags/example_xcomargs.py took 0.184 seconds
[2026-03-25T11:37:49.368+0000] {processor.py:161} INFO - Started process (PID=421) to work on /home/airflow/.local/lib/python3.12/site-packages/airflow/example_dags/example_xcomargs.py
[2026-03-25T11:37:49.369+0000] {processor.py:830} INFO - Processing file /home/airflow/.local/lib/python3.12/site-packages/airflow/example_dags/example_xcomargs.py for tasks to queue
[2026-03-25T11:37:49.371+0000] {logging_mixin.py:188} INFO - [2026-03-25T11:37:49.370+0000] {dagbag.py:540} INFO - Filling up the DagBag from /home/airflow/.local/lib/python3.12/site-packages/airflow/example_dags/example_xcomargs.py
[2026-03-25T11:37:49.379+0000] {processor.py:840} INFO - DAG(s) 'example_xcom_args_with_operators', 'example_xcom_args' retrieved from /home/airflow/.local/lib/python3.12/site-packages/airflow/example_dags/example_xcomargs.py
[2026-03-25T11:37:49.403+0000] {logging_mixin.py:188} INFO - [2026-03-25T11:37:49.402+0000] {dag.py:3096} INFO - Sync 2 DAGs
[2026-03-25T11:37:49.416+0000] {logging_mixin.py:188} INFO - [2026-03-25T11:37:49.416+0000] {dag.py:3954} INFO - Setting next_dagrun for example_xcom_args to None, run_after=None
[2026-03-25T11:37:49.420+0000] {logging_mixin.py:188} INFO - [2026-03-25T11:37:49.420+0000] {dag.py:3954} INFO - Setting next_dagrun for example_xcom_args_with_operators to None, run_after=None
[2026-03-25T11:37:49.464+0000] {processor.py:183} INFO - Processing /home/airflow/.local/lib/python3.12/site-packages/airflow/example_dags/example_xcomargs.py took 0.101 seconds
[2026-03-25T11:38:21.743+0000] {processor.py:161} INFO - Started process (PID=480) to work on /home/airflow/.local/lib/python3.12/site-packages/airflow/example_dags/example_xcomargs.py
[2026-03-25T11:38:21.744+0000] {processor.py:830} INFO - Processing file /home/airflow/.local/lib/python3.12/site-packages/airflow/example_dags/example_xcomargs.py for tasks to queue
[2026-03-25T11:38:21.746+0000] {logging_mixin.py:188} INFO - [2026-03-25T11:38:21.746+0000] {dagbag.py:540} INFO - Filling up the DagBag from /home/airflow/.local/lib/python3.12/site-packages/airflow/example_dags/example_xcomargs.py
[2026-03-25T11:38:21.754+0000] {processor.py:840} INFO - DAG(s) 'example_xcom_args_with_operators', 'example_xcom_args' retrieved from /home/airflow/.local/lib/python3.12/site-packages/airflow/example_dags/example_xcomargs.py
[2026-03-25T11:38:21.776+0000] {logging_mixin.py:188} INFO - [2026-03-25T11:38:21.776+0000] {dag.py:3096} INFO - Sync 2 DAGs
[2026-03-25T11:38:21.789+0000] {logging_mixin.py:188} INFO - [2026-03-25T11:38:21.789+0000] {dag.py:3954} INFO - Setting next_dagrun for example_xcom_args to None, run_after=None
[2026-03-25T11:38:21.793+0000] {logging_mixin.py:188} INFO - [2026-03-25T11:38:21.792+0000] {dag.py:3954} INFO - Setting next_dagrun for example_xcom_args_with_operators to None, run_after=None
[2026-03-25T11:38:21.832+0000] {processor.py:183} INFO - Processing /home/airflow/.local/lib/python3.12/site-packages/airflow/example_dags/example_xcomargs.py took 0.095 seconds
[2026-03-25T11:38:54.483+0000] {processor.py:161} INFO - Started process (PID=539) to work on /home/airflow/.local/lib/python3.12/site-packages/airflow/example_dags/example_xcomargs.py
[2026-03-25T11:38:54.484+0000] {processor.py:830} INFO - Processing file /home/airflow/.local/lib/python3.12/site-packages/airflow/example_dags/example_xcomargs.py for tasks to queue
[2026-03-25T11:38:54.486+0000] {logging_mixin.py:188} INFO - [2026-03-25T11:38:54.486+0000] {dagbag.py:540} INFO - Filling up the DagBag from /home/airflow/.local/lib/python3.12/site-packages/airflow/example_dags/example_xcomargs.py
[2026-03-25T11:38:54.496+0000] {processor.py:840} INFO - DAG(s) 'example_xcom_args_with_operators', 'example_xcom_args' retrieved from /home/airflow/.local/lib/python3.12/site-packages/airflow/example_dags/example_xcomargs.py
[2026-03-25T11:38:54.521+0000] {logging_mixin.py:188} INFO - [2026-03-25T11:38:54.521+0000] {dag.py:3096} INFO - Sync 2 DAGs
[2026-03-25T11:38:54.535+0000] {logging_mixin.py:188} INFO - [2026-03-25T11:38:54.535+0000] {dag.py:3954} INFO - Setting next_dagrun for example_xcom_args to None, run_after=None
[2026-03-25T11:38:54.539+0000] {logging_mixin.py:188} INFO - [2026-03-25T11:38:54.539+0000] {dag.py:3954} INFO - Setting next_dagrun for example_xcom_args_with_operators to None, run_after=None
[2026-03-25T11:38:54.583+0000] {processor.py:183} INFO - Processing /home/airflow/.local/lib/python3.12/site-packages/airflow/example_dags/example_xcomargs.py took 0.107 seconds
[2026-03-25T11:39:27.194+0000] {processor.py:161} INFO - Started process (PID=598) to work on /home/airflow/.local/lib/python3.12/site-packages/airflow/example_dags/example_xcomargs.py
[2026-03-25T11:39:27.195+0000] {processor.py:830} INFO - Processing file /home/airflow/.local/lib/python3.12/site-packages/airflow/example_dags/example_xcomargs.py for tasks to queue
[2026-03-25T11:39:27.198+0000] {logging_mixin.py:188} INFO - [2026-03-25T11:39:27.197+0000] {dagbag.py:540} INFO - Filling up the DagBag from /home/airflow/.local/lib/python3.12/site-packages/airflow/example_dags/example_xcomargs.py
[2026-03-25T11:39:27.207+0000] {processor.py:840} INFO - DAG(s) 'example_xcom_args_with_operators', 'example_xcom_args' retrieved from /home/airflow/.local/lib/python3.12/site-packages/airflow/example_dags/example_xcomargs.py
[2026-03-25T11:39:27.236+0000] {logging_mixin.py:188} INFO - [2026-03-25T11:39:27.236+0000] {dag.py:3096} INFO - Sync 2 DAGs
[2026-03-25T11:39:27.255+0000] {logging_mixin.py:188} INFO - [2026-03-25T11:39:27.255+0000] {dag.py:3954} INFO - Setting next_dagrun for example_xcom_args to None, run_after=None
[2026-03-25T11:39:27.263+0000] {logging_mixin.py:188} INFO - [2026-03-25T11:39:27.262+0000] {dag.py:3954} INFO - Setting next_dagrun for example_xcom_args_with_operators to None, run_after=None
[2026-03-25T11:39:27.309+0000] {processor.py:183} INFO - Processing /home/airflow/.local/lib/python3.12/site-packages/airflow/example_dags/example_xcomargs.py took 0.121 seconds
[2026-03-25T11:40:00.218+0000] {processor.py:161} INFO - Started process (PID=657) to work on /home/airflow/.local/lib/python3.12/site-packages/airflow/example_dags/example_xcomargs.py
[2026-03-25T11:40:00.219+0000] {processor.py:830} INFO - Processing file /home/airflow/.local/lib/python3.12/site-packages/airflow/example_dags/example_xcomargs.py for tasks to queue
[2026-03-25T11:40:00.221+0000] {logging_mixin.py:188} INFO - [2026-03-25T11:40:00.221+0000] {dagbag.py:540} INFO - Filling up the DagBag from /home/airflow/.local/lib/python3.12/site-packages/airflow/example_dags/example_xcomargs.py
[2026-03-25T11:40:00.230+0000] {processor.py:840} INFO - DAG(s) 'example_xcom_args_with_operators', 'example_xcom_args' retrieved from /home/airflow/.local/lib/python3.12/site-packages/airflow/example_dags/example_xcomargs.py
[2026-03-25T11:40:00.253+0000] {logging_mixin.py:188} INFO - [2026-03-25T11:40:00.252+0000] {dag.py:3096} INFO - Sync 2 DAGs
[2026-03-25T11:40:00.266+0000] {logging_mixin.py:188} INFO - [2026-03-25T11:40:00.266+0000] {dag.py:3954} INFO - Setting next_dagrun for example_xcom_args to None, run_after=None
[2026-03-25T11:40:00.270+0000] {logging_mixin.py:188} INFO - [2026-03-25T11:40:00.270+0000] {dag.py:3954} INFO - Setting next_dagrun for example_xcom_args_with_operators to None, run_after=None
[2026-03-25T11:40:00.310+0000] {processor.py:183} INFO - Processing /home/airflow/.local/lib/python3.12/site-packages/airflow/example_dags/example_xcomargs.py took 0.097 seconds
[2026-03-25T11:40:32.563+0000] {processor.py:161} INFO - Started process (PID=716) to work on /home/airflow/.local/lib/python3.12/site-packages/airflow/example_dags/example_xcomargs.py
[2026-03-25T11:40:32.564+0000] {processor.py:830} INFO - Processing file /home/airflow/.local/lib/python3.12/site-packages/airflow/example_dags/example_xcomargs.py for tasks to queue
[2026-03-25T11:40:32.566+0000] {logging_mixin.py:188} INFO - [2026-03-25T11:40:32.566+0000] {dagbag.py:540} INFO - Filling up the DagBag from /home/airflow/.local/lib/python3.12/site-packages/airflow/example_dags/example_xcomargs.py
[2026-03-25T11:40:32.575+0000] {processor.py:840} INFO - DAG(s) 'example_xcom_args', 'example_xcom_args_with_operators' retrieved from /home/airflow/.local/lib/python3.12/site-packages/airflow/example_dags/example_xcomargs.py
[2026-03-25T11:40:32.598+0000] {logging_mixin.py:188} INFO - [2026-03-25T11:40:32.598+0000] {dag.py:3096} INFO - Sync 2 DAGs
[2026-03-25T11:40:32.613+0000] {logging_mixin.py:188} INFO - [2026-03-25T11:40:32.612+0000] {dag.py:3954} INFO - Setting next_dagrun for example_xcom_args to None, run_after=None
[2026-03-25T11:40:32.617+0000] {logging_mixin.py:188} INFO - [2026-03-25T11:40:32.616+0000] {dag.py:3954} INFO - Setting next_dagrun for example_xcom_args_with_operators to None, run_after=None
[2026-03-25T11:40:32.665+0000] {processor.py:183} INFO - Processing /home/airflow/.local/lib/python3.12/site-packages/airflow/example_dags/example_xcomargs.py took 0.108 seconds
[2026-03-25T11:41:05.531+0000] {processor.py:161} INFO - Started process (PID=775) to work on /home/airflow/.local/lib/python3.12/site-packages/airflow/example_dags/example_xcomargs.py
[2026-03-25T11:41:05.532+0000] {processor.py:830} INFO - Processing file /home/airflow/.local/lib/python3.12/site-packages/airflow/example_dags/example_xcomargs.py for tasks to queue
[2026-03-25T11:41:05.534+0000] {logging_mixin.py:188} INFO - [2026-03-25T11:41:05.533+0000] {dagbag.py:540} INFO - Filling up the DagBag from /home/airflow/.local/lib/python3.12/site-packages/airflow/example_dags/example_xcomargs.py
[2026-03-25T11:41:05.542+0000] {processor.py:840} INFO - DAG(s) 'example_xcom_args', 'example_xcom_args_with_operators' retrieved from /home/airflow/.local/lib/python3.12/site-packages/airflow/example_dags/example_xcomargs.py
[2026-03-25T11:41:05.567+0000] {logging_mixin.py:188} INFO - [2026-03-25T11:41:05.566+0000] {dag.py:3096} INFO - Sync 2 DAGs
[2026-03-25T11:41:05.580+0000] {logging_mixin.py:188} INFO - [2026-03-25T11:41:05.580+0000] {dag.py:3954} INFO - Setting next_dagrun for example_xcom_args to None, run_after=None
[2026-03-25T11:41:05.585+0000] {logging_mixin.py:188} INFO - [2026-03-25T11:41:05.584+0000] {dag.py:3954} INFO - Setting next_dagrun for example_xcom_args_with_operators to None, run_after=None
[2026-03-25T11:41:05.620+0000] {processor.py:183} INFO - Processing /home/airflow/.local/lib/python3.12/site-packages/airflow/example_dags/example_xcomargs.py took 0.096 seconds
[2026-03-25T11:41:39.737+0000] {processor.py:161} INFO - Started process (PID=834) to work on /home/airflow/.local/lib/python3.12/site-packages/airflow/example_dags/example_xcomargs.py
[2026-03-25T11:41:39.738+0000] {processor.py:830} INFO - Processing file /home/airflow/.local/lib/python3.12/site-packages/airflow/example_dags/example_xcomargs.py for tasks to queue
[2026-03-25T11:41:39.740+0000] {logging_mixin.py:188} INFO - [2026-03-25T11:41:39.739+0000] {dagbag.py:540} INFO - Filling up the DagBag from /home/airflow/.local/lib/python3.12/site-packages/airflow/example_dags/example_xcomargs.py
[2026-03-25T11:41:39.748+0000] {processor.py:840} INFO - DAG(s) 'example_xcom_args_with_operators', 'example_xcom_args' retrieved from /home/airflow/.local/lib/python3.12/site-packages/airflow/example_dags/example_xcomargs.py
[2026-03-25T11:41:39.772+0000] {logging_mixin.py:188} INFO - [2026-03-25T11:41:39.772+0000] {dag.py:3096} INFO - Sync 2 DAGs
[2026-03-25T11:41:39.785+0000] {logging_mixin.py:188} INFO - [2026-03-25T11:41:39.785+0000] {dag.py:3954} INFO - Setting next_dagrun for example_xcom_args to None, run_after=None
[2026-03-25T11:41:39.789+0000] {logging_mixin.py:188} INFO - [2026-03-25T11:41:39.789+0000] {dag.py:3954} INFO - Setting next_dagrun for example_xcom_args_with_operators to None, run_after=None
[2026-03-25T11:41:39.829+0000] {processor.py:183} INFO - Processing /home/airflow/.local/lib/python3.12/site-packages/airflow/example_dags/example_xcomargs.py took 0.098 seconds
[2026-03-25T11:42:10.696+0000] {processor.py:161} INFO - Started process (PID=893) to work on /home/airflow/.local/lib/python3.12/site-packages/airflow/example_dags/example_xcomargs.py
[2026-03-25T11:42:10.697+0000] {processor.py:830} INFO - Processing file /home/airflow/.local/lib/python3.12/site-packages/airflow/example_dags/example_xcomargs.py for tasks to queue
[2026-03-25T11:42:10.699+0000] {logging_mixin.py:188} INFO - [2026-03-25T11:42:10.699+0000] {dagbag.py:540} INFO - Filling up the DagBag from /home/airflow/.local/lib/python3.12/site-packages/airflow/example_dags/example_xcomargs.py
[2026-03-25T11:42:10.707+0000] {processor.py:840} INFO - DAG(s) 'example_xcom_args_with_operators', 'example_xcom_args' retrieved from /home/airflow/.local/lib/python3.12/site-packages/airflow/example_dags/example_xcomargs.py
[2026-03-25T11:42:10.731+0000] {logging_mixin.py:188} INFO - [2026-03-25T11:42:10.731+0000] {dag.py:3096} INFO - Sync 2 DAGs
[2026-03-25T11:42:10.745+0000] {logging_mixin.py:188} INFO - [2026-03-25T11:42:10.745+0000] {dag.py:3954} INFO - Setting next_dagrun for example_xcom_args to None, run_after=None
[2026-03-25T11:42:10.750+0000] {logging_mixin.py:188} INFO - [2026-03-25T11:42:10.749+0000] {dag.py:3954} INFO - Setting next_dagrun for example_xcom_args_with_operators to None, run_after=None
[2026-03-25T11:42:10.796+0000] {processor.py:183} INFO - Processing /home/airflow/.local/lib/python3.12/site-packages/airflow/example_dags/example_xcomargs.py took 0.106 seconds
[2026-03-25T11:42:43.630+0000] {processor.py:161} INFO - Started process (PID=952) to work on /home/airflow/.local/lib/python3.12/site-packages/airflow/example_dags/example_xcomargs.py
[2026-03-25T11:42:43.631+0000] {processor.py:830} INFO - Processing file /home/airflow/.local/lib/python3.12/site-packages/airflow/example_dags/example_xcomargs.py for tasks to queue
[2026-03-25T11:42:43.634+0000] {logging_mixin.py:188} INFO - [2026-03-25T11:42:43.633+0000] {dagbag.py:540} INFO - Filling up the DagBag from /home/airflow/.local/lib/python3.12/site-packages/airflow/example_dags/example_xcomargs.py
[2026-03-25T11:42:43.646+0000] {processor.py:840} INFO - DAG(s) 'example_xcom_args_with_operators', 'example_xcom_args' retrieved from /home/airflow/.local/lib/python3.12/site-packages/airflow/example_dags/example_xcomargs.py
[2026-03-25T11:42:43.674+0000] {logging_mixin.py:188} INFO - [2026-03-25T11:42:43.674+0000] {dag.py:3096} INFO - Sync 2 DAGs
[2026-03-25T11:42:43.690+0000] {logging_mixin.py:188} INFO - [2026-03-25T11:42:43.690+0000] {dag.py:3954} INFO - Setting next_dagrun for example_xcom_args to None, run_after=None
[2026-03-25T11:42:43.695+0000] {logging_mixin.py:188} INFO - [2026-03-25T11:42:43.695+0000] {dag.py:3954} INFO - Setting next_dagrun for example_xcom_args_with_operators to None, run_after=None
[2026-03-25T11:42:43.738+0000] {processor.py:183} INFO - Processing /home/airflow/.local/lib/python3.12/site-packages/airflow/example_dags/example_xcomargs.py took 0.115 seconds
[2026-03-25T11:43:17.089+0000] {processor.py:161} INFO - Started process (PID=1011) to work on /home/airflow/.local/lib/python3.12/site-packages/airflow/example_dags/example_xcomargs.py
[2026-03-25T11:43:17.090+0000] {processor.py:830} INFO - Processing file /home/airflow/.local/lib/python3.12/site-packages/airflow/example_dags/example_xcomargs.py for tasks to queue
[2026-03-25T11:43:17.092+0000] {logging_mixin.py:188} INFO - [2026-03-25T11:43:17.092+0000] {dagbag.py:540} INFO - Filling up the DagBag from /home/airflow/.local/lib/python3.12/site-packages/airflow/example_dags/example_xcomargs.py
[2026-03-25T11:43:17.101+0000] {processor.py:840} INFO - DAG(s) 'example_xcom_args_with_operators', 'example_xcom_args' retrieved from /home/airflow/.local/lib/python3.12/site-packages/airflow/example_dags/example_xcomargs.py
[2026-03-25T11:43:17.126+0000] {logging_mixin.py:188} INFO - [2026-03-25T11:43:17.126+0000] {dag.py:3096} INFO - Sync 2 DAGs
[2026-03-25T11:43:17.142+0000] {logging_mixin.py:188} INFO - [2026-03-25T11:43:17.142+0000] {dag.py:3954} INFO - Setting next_dagrun for example_xcom_args to None, run_after=None
[2026-03-25T11:43:17.147+0000] {logging_mixin.py:188} INFO - [2026-03-25T11:43:17.147+0000] {dag.py:3954} INFO - Setting next_dagrun for example_xcom_args_with_operators to None, run_after=None
[2026-03-25T11:43:17.193+0000] {processor.py:183} INFO - Processing /home/airflow/.local/lib/python3.12/site-packages/airflow/example_dags/example_xcomargs.py took 0.112 seconds
[2026-03-25T11:43:49.307+0000] {processor.py:161} INFO - Started process (PID=1070) to work on /home/airflow/.local/lib/python3.12/site-packages/airflow/example_dags/example_xcomargs.py
[2026-03-25T11:43:49.308+0000] {processor.py:830} INFO - Processing file /home/airflow/.local/lib/python3.12/site-packages/airflow/example_dags/example_xcomargs.py for tasks to queue
[2026-03-25T11:43:49.310+0000] {logging_mixin.py:188} INFO - [2026-03-25T11:43:49.310+0000] {dagbag.py:540} INFO - Filling up the DagBag from /home/airflow/.local/lib/python3.12/site-packages/airflow/example_dags/example_xcomargs.py
[2026-03-25T11:43:49.319+0000] {processor.py:840} INFO - DAG(s) 'example_xcom_args', 'example_xcom_args_with_operators' retrieved from /home/airflow/.local/lib/python3.12/site-packages/airflow/example_dags/example_xcomargs.py
[2026-03-25T11:43:49.343+0000] {logging_mixin.py:188} INFO - [2026-03-25T11:43:49.343+0000] {dag.py:3096} INFO - Sync 2 DAGs
[2026-03-25T11:43:49.356+0000] {logging_mixin.py:188} INFO - [2026-03-25T11:43:49.356+0000] {dag.py:3954} INFO - Setting next_dagrun for example_xcom_args to None, run_after=None
[2026-03-25T11:43:49.360+0000] {logging_mixin.py:188} INFO - [2026-03-25T11:43:49.360+0000] {dag.py:3954} INFO - Setting next_dagrun for example_xcom_args_with_operators to None, run_after=None
[2026-03-25T11:43:49.398+0000] {processor.py:183} INFO - Processing /home/airflow/.local/lib/python3.12/site-packages/airflow/example_dags/example_xcomargs.py took 0.096 seconds
[2026-03-25T11:44:21.735+0000] {processor.py:161} INFO - Started process (PID=1129) to work on /home/airflow/.local/lib/python3.12/site-packages/airflow/example_dags/example_xcomargs.py
[2026-03-25T11:44:21.736+0000] {processor.py:830} INFO - Processing file /home/airflow/.local/lib/python3.12/site-packages/airflow/example_dags/example_xcomargs.py for tasks to queue
[2026-03-25T11:44:21.740+0000] {logging_mixin.py:188} INFO - [2026-03-25T11:44:21.739+0000] {dagbag.py:540} INFO - Filling up the DagBag from /home/airflow/.local/lib/python3.12/site-packages/airflow/example_dags/example_xcomargs.py
[2026-03-25T11:44:21.758+0000] {processor.py:840} INFO - DAG(s) 'example_xcom_args', 'example_xcom_args_with_operators' retrieved from /home/airflow/.local/lib/python3.12/site-packages/airflow/example_dags/example_xcomargs.py
[2026-03-25T11:44:21.815+0000] {logging_mixin.py:188} INFO - [2026-03-25T11:44:21.815+0000] {dag.py:3096} INFO - Sync 2 DAGs
[2026-03-25T11:44:21.842+0000] {logging_mixin.py:188} INFO - [2026-03-25T11:44:21.842+0000] {dag.py:3954} INFO - Setting next_dagrun for example_xcom_args to None, run_after=None
[2026-03-25T11:44:21.847+0000] {logging_mixin.py:188} INFO - [2026-03-25T11:44:21.847+0000] {dag.py:3954} INFO - Setting next_dagrun for example_xcom_args_with_operators to None, run_after=None
[2026-03-25T11:44:21.890+0000] {processor.py:183} INFO - Processing /home/airflow/.local/lib/python3.12/site-packages/airflow/example_dags/example_xcomargs.py took 0.168 seconds
[2026-03-25T11:44:54.824+0000] {processor.py:161} INFO - Started process (PID=1188) to work on /home/airflow/.local/lib/python3.12/site-packages/airflow/example_dags/example_xcomargs.py
[2026-03-25T11:44:54.825+0000] {processor.py:830} INFO - Processing file /home/airflow/.local/lib/python3.12/site-packages/airflow/example_dags/example_xcomargs.py for tasks to queue
[2026-03-25T11:44:54.827+0000] {logging_mixin.py:188} INFO - [2026-03-25T11:44:54.826+0000] {dagbag.py:540} INFO - Filling up the DagBag from /home/airflow/.local/lib/python3.12/site-packages/airflow/example_dags/example_xcomargs.py
[2026-03-25T11:44:54.834+0000] {processor.py:840} INFO - DAG(s) 'example_xcom_args', 'example_xcom_args_with_operators' retrieved from /home/airflow/.local/lib/python3.12/site-packages/airflow/example_dags/example_xcomargs.py
[2026-03-25T11:44:54.858+0000] {logging_mixin.py:188} INFO - [2026-03-25T11:44:54.857+0000] {dag.py:3096} INFO - Sync 2 DAGs
[2026-03-25T11:44:54.871+0000] {logging_mixin.py:188} INFO - [2026-03-25T11:44:54.871+0000] {dag.py:3954} INFO - Setting next_dagrun for example_xcom_args to None, run_after=None
[2026-03-25T11:44:54.876+0000] {logging_mixin.py:188} INFO - [2026-03-25T11:44:54.875+0000] {dag.py:3954} INFO - Setting next_dagrun for example_xcom_args_with_operators to None, run_after=None
[2026-03-25T11:44:54.932+0000] {processor.py:183} INFO - Processing /home/airflow/.local/lib/python3.12/site-packages/airflow/example_dags/example_xcomargs.py took 0.113 seconds
[2026-03-25T11:45:27.704+0000] {processor.py:161} INFO - Started process (PID=1247) to work on /home/airflow/.local/lib/python3.12/site-packages/airflow/example_dags/example_xcomargs.py
[2026-03-25T11:45:27.705+0000] {processor.py:830} INFO - Processing file /home/airflow/.local/lib/python3.12/site-packages/airflow/example_dags/example_xcomargs.py for tasks to queue
[2026-03-25T11:45:27.707+0000] {logging_mixin.py:188} INFO - [2026-03-25T11:45:27.706+0000] {dagbag.py:540} INFO - Filling up the DagBag from /home/airflow/.local/lib/python3.12/site-packages/airflow/example_dags/example_xcomargs.py
[2026-03-25T11:45:27.715+0000] {processor.py:840} INFO - DAG(s) 'example_xcom_args_with_operators', 'example_xcom_args' retrieved from /home/airflow/.local/lib/python3.12/site-packages/airflow/example_dags/example_xcomargs.py
[2026-03-25T11:45:27.739+0000] {logging_mixin.py:188} INFO - [2026-03-25T11:45:27.739+0000] {dag.py:3096} INFO - Sync 2 DAGs
[2026-03-25T11:45:27.753+0000] {logging_mixin.py:188} INFO - [2026-03-25T11:45:27.753+0000] {dag.py:3954} INFO - Setting next_dagrun for example_xcom_args to None, run_after=None
[2026-03-25T11:45:27.757+0000] {logging_mixin.py:188} INFO - [2026-03-25T11:45:27.757+0000] {dag.py:3954} INFO - Setting next_dagrun for example_xcom_args_with_operators to None, run_after=None
[2026-03-25T11:45:27.807+0000] {processor.py:183} INFO - Processing /home/airflow/.local/lib/python3.12/site-packages/airflow/example_dags/example_xcomargs.py took 0.109 seconds
[2026-03-25T11:45:59.969+0000] {processor.py:161} INFO - Started process (PID=1306) to work on /home/airflow/.local/lib/python3.12/site-packages/airflow/example_dags/example_xcomargs.py
[2026-03-25T11:45:59.971+0000] {processor.py:830} INFO - Processing file /home/airflow/.local/lib/python3.12/site-packages/airflow/example_dags/example_xcomargs.py for tasks to queue
[2026-03-25T11:45:59.973+0000] {logging_mixin.py:188} INFO - [2026-03-25T11:45:59.973+0000] {dagbag.py:540} INFO - Filling up the DagBag from /home/airflow/.local/lib/python3.12/site-packages/airflow/example_dags/example_xcomargs.py
[2026-03-25T11:45:59.982+0000] {processor.py:840} INFO - DAG(s) 'example_xcom_args', 'example_xcom_args_with_operators' retrieved from /home/airflow/.local/lib/python3.12/site-packages/airflow/example_dags/example_xcomargs.py
[2026-03-25T11:46:00.016+0000] {logging_mixin.py:188} INFO - [2026-03-25T11:46:00.015+0000] {dag.py:3096} INFO - Sync 2 DAGs
[2026-03-25T11:46:00.046+0000] {logging_mixin.py:188} INFO - [2026-03-25T11:46:00.046+0000] {dag.py:3954} INFO - Setting next_dagrun for example_xcom_args to None, run_after=None
[2026-03-25T11:46:00.053+0000] {logging_mixin.py:188} INFO - [2026-03-25T11:46:00.052+0000] {dag.py:3954} INFO - Setting next_dagrun for example_xcom_args_with_operators to None, run_after=None
[2026-03-25T11:46:00.107+0000] {processor.py:183} INFO - Processing /home/airflow/.local/lib/python3.12/site-packages/airflow/example_dags/example_xcomargs.py took 0.143 seconds
[2026-03-25T11:46:32.890+0000] {processor.py:161} INFO - Started process (PID=1365) to work on /home/airflow/.local/lib/python3.12/site-packages/airflow/example_dags/example_xcomargs.py
[2026-03-25T11:46:32.891+0000] {processor.py:830} INFO - Processing file /home/airflow/.local/lib/python3.12/site-packages/airflow/example_dags/example_xcomargs.py for tasks to queue
[2026-03-25T11:46:32.893+0000] {logging_mixin.py:188} INFO - [2026-03-25T11:46:32.893+0000] {dagbag.py:540} INFO - Filling up the DagBag from /home/airflow/.local/lib/python3.12/site-packages/airflow/example_dags/example_xcomargs.py
[2026-03-25T11:46:32.902+0000] {processor.py:840} INFO - DAG(s) 'example_xcom_args_with_operators', 'example_xcom_args' retrieved from /home/airflow/.local/lib/python3.12/site-packages/airflow/example_dags/example_xcomargs.py
[2026-03-25T11:46:32.926+0000] {logging_mixin.py:188} INFO - [2026-03-25T11:46:32.926+0000] {dag.py:3096} INFO - Sync 2 DAGs
[2026-03-25T11:46:32.940+0000] {logging_mixin.py:188} INFO - [2026-03-25T11:46:32.940+0000] {dag.py:3954} INFO - Setting next_dagrun for example_xcom_args to None, run_after=None
[2026-03-25T11:46:32.944+0000] {logging_mixin.py:188} INFO - [2026-03-25T11:46:32.944+0000] {dag.py:3954} INFO - Setting next_dagrun for example_xcom_args_with_operators to None, run_after=None
[2026-03-25T11:46:32.983+0000] {processor.py:183} INFO - Processing /home/airflow/.local/lib/python3.12/site-packages/airflow/example_dags/example_xcomargs.py took 0.100 seconds
[2026-03-25T11:47:06.123+0000] {processor.py:161} INFO - Started process (PID=1424) to work on /home/airflow/.local/lib/python3.12/site-packages/airflow/example_dags/example_xcomargs.py
[2026-03-25T11:47:06.129+0000] {processor.py:830} INFO - Processing file /home/airflow/.local/lib/python3.12/site-packages/airflow/example_dags/example_xcomargs.py for tasks to queue
[2026-03-25T11:47:06.133+0000] {logging_mixin.py:188} INFO - [2026-03-25T11:47:06.132+0000] {dagbag.py:540} INFO - Filling up the DagBag from /home/airflow/.local/lib/python3.12/site-packages/airflow/example_dags/example_xcomargs.py
[2026-03-25T11:47:06.160+0000] {processor.py:840} INFO - DAG(s) 'example_xcom_args', 'example_xcom_args_with_operators' retrieved from /home/airflow/.local/lib/python3.12/site-packages/airflow/example_dags/example_xcomargs.py
[2026-03-25T11:47:06.246+0000] {logging_mixin.py:188} INFO - [2026-03-25T11:47:06.245+0000] {dag.py:3096} INFO - Sync 2 DAGs
[2026-03-25T11:47:06.296+0000] {logging_mixin.py:188} INFO - [2026-03-25T11:47:06.295+0000] {dag.py:3954} INFO - Setting next_dagrun for example_xcom_args to None, run_after=None
[2026-03-25T11:47:06.308+0000] {logging_mixin.py:188} INFO - [2026-03-25T11:47:06.308+0000] {dag.py:3954} INFO - Setting next_dagrun for example_xcom_args_with_operators to None, run_after=None
[2026-03-25T11:47:06.408+0000] {processor.py:183} INFO - Processing /home/airflow/.local/lib/python3.12/site-packages/airflow/example_dags/example_xcomargs.py took 0.299 seconds
[2026-03-25T11:47:40.499+0000] {processor.py:161} INFO - Started process (PID=1484) to work on /home/airflow/.local/lib/python3.12/site-packages/airflow/example_dags/example_xcomargs.py
[2026-03-25T11:47:40.504+0000] {processor.py:830} INFO - Processing file /home/airflow/.local/lib/python3.12/site-packages/airflow/example_dags/example_xcomargs.py for tasks to queue
[2026-03-25T11:47:40.515+0000] {logging_mixin.py:188} INFO - [2026-03-25T11:47:40.512+0000] {dagbag.py:540} INFO - Filling up the DagBag from /home/airflow/.local/lib/python3.12/site-packages/airflow/example_dags/example_xcomargs.py
[2026-03-25T11:47:40.566+0000] {processor.py:840} INFO - DAG(s) 'example_xcom_args', 'example_xcom_args_with_operators' retrieved from /home/airflow/.local/lib/python3.12/site-packages/airflow/example_dags/example_xcomargs.py
[2026-03-25T11:47:40.689+0000] {logging_mixin.py:188} INFO - [2026-03-25T11:47:40.688+0000] {dag.py:3096} INFO - Sync 2 DAGs
[2026-03-25T11:47:40.795+0000] {logging_mixin.py:188} INFO - [2026-03-25T11:47:40.794+0000] {dag.py:3954} INFO - Setting next_dagrun for example_xcom_args to None, run_after=None
[2026-03-25T11:47:40.824+0000] {logging_mixin.py:188} INFO - [2026-03-25T11:47:40.821+0000] {dag.py:3954} INFO - Setting next_dagrun for example_xcom_args_with_operators to None, run_after=None
[2026-03-25T11:47:40.968+0000] {processor.py:183} INFO - Processing /home/airflow/.local/lib/python3.12/site-packages/airflow/example_dags/example_xcomargs.py took 0.508 seconds
[2026-03-25T11:48:11.111+0000] {processor.py:161} INFO - Started process (PID=1543) to work on /home/airflow/.local/lib/python3.12/site-packages/airflow/example_dags/example_xcomargs.py
[2026-03-25T11:48:11.112+0000] {processor.py:830} INFO - Processing file /home/airflow/.local/lib/python3.12/site-packages/airflow/example_dags/example_xcomargs.py for tasks to queue
[2026-03-25T11:48:11.114+0000] {logging_mixin.py:188} INFO - [2026-03-25T11:48:11.114+0000] {dagbag.py:540} INFO - Filling up the DagBag from /home/airflow/.local/lib/python3.12/site-packages/airflow/example_dags/example_xcomargs.py
[2026-03-25T11:48:11.122+0000] {processor.py:840} INFO - DAG(s) 'example_xcom_args', 'example_xcom_args_with_operators' retrieved from /home/airflow/.local/lib/python3.12/site-packages/airflow/example_dags/example_xcomargs.py
[2026-03-25T11:48:11.145+0000] {logging_mixin.py:188} INFO - [2026-03-25T11:48:11.145+0000] {dag.py:3096} INFO - Sync 2 DAGs
[2026-03-25T11:48:11.158+0000] {logging_mixin.py:188} INFO - [2026-03-25T11:48:11.157+0000] {dag.py:3954} INFO - Setting next_dagrun for example_xcom_args to None, run_after=None
[2026-03-25T11:48:11.162+0000] {logging_mixin.py:188} INFO - [2026-03-25T11:48:11.161+0000] {dag.py:3954} INFO - Setting next_dagrun for example_xcom_args_with_operators to None, run_after=None
[2026-03-25T11:48:11.197+0000] {processor.py:183} INFO - Processing /home/airflow/.local/lib/python3.12/site-packages/airflow/example_dags/example_xcomargs.py took 0.092 seconds
[2026-03-25T11:48:43.584+0000] {processor.py:161} INFO - Started process (PID=1602) to work on /home/airflow/.local/lib/python3.12/site-packages/airflow/example_dags/example_xcomargs.py
[2026-03-25T11:48:43.586+0000] {processor.py:830} INFO - Processing file /home/airflow/.local/lib/python3.12/site-packages/airflow/example_dags/example_xcomargs.py for tasks to queue
[2026-03-25T11:48:43.591+0000] {logging_mixin.py:188} INFO - [2026-03-25T11:48:43.590+0000] {dagbag.py:540} INFO - Filling up the DagBag from /home/airflow/.local/lib/python3.12/site-packages/airflow/example_dags/example_xcomargs.py
[2026-03-25T11:48:43.607+0000] {processor.py:840} INFO - DAG(s) 'example_xcom_args_with_operators', 'example_xcom_args' retrieved from /home/airflow/.local/lib/python3.12/site-packages/airflow/example_dags/example_xcomargs.py
[2026-03-25T11:48:43.645+0000] {logging_mixin.py:188} INFO - [2026-03-25T11:48:43.645+0000] {dag.py:3096} INFO - Sync 2 DAGs
[2026-03-25T11:48:43.659+0000] {logging_mixin.py:188} INFO - [2026-03-25T11:48:43.659+0000] {dag.py:3954} INFO - Setting next_dagrun for example_xcom_args to None, run_after=None
[2026-03-25T11:48:43.662+0000] {logging_mixin.py:188} INFO - [2026-03-25T11:48:43.662+0000] {dag.py:3954} INFO - Setting next_dagrun for example_xcom_args_with_operators to None, run_after=None
[2026-03-25T11:48:43.697+0000] {processor.py:183} INFO - Processing /home/airflow/.local/lib/python3.12/site-packages/airflow/example_dags/example_xcomargs.py took 0.126 seconds
[2026-03-25T11:49:16.494+0000] {processor.py:161} INFO - Started process (PID=1661) to work on /home/airflow/.local/lib/python3.12/site-packages/airflow/example_dags/example_xcomargs.py
[2026-03-25T11:49:16.495+0000] {processor.py:830} INFO - Processing file /home/airflow/.local/lib/python3.12/site-packages/airflow/example_dags/example_xcomargs.py for tasks to queue
[2026-03-25T11:49:16.498+0000] {logging_mixin.py:188} INFO - [2026-03-25T11:49:16.497+0000] {dagbag.py:540} INFO - Filling up the DagBag from /home/airflow/.local/lib/python3.12/site-packages/airflow/example_dags/example_xcomargs.py
[2026-03-25T11:49:16.507+0000] {processor.py:840} INFO - DAG(s) 'example_xcom_args_with_operators', 'example_xcom_args' retrieved from /home/airflow/.local/lib/python3.12/site-packages/airflow/example_dags/example_xcomargs.py
[2026-03-25T11:49:16.533+0000] {logging_mixin.py:188} INFO - [2026-03-25T11:49:16.532+0000] {dag.py:3096} INFO - Sync 2 DAGs
[2026-03-25T11:49:16.546+0000] {logging_mixin.py:188} INFO - [2026-03-25T11:49:16.546+0000] {dag.py:3954} INFO - Setting next_dagrun for example_xcom_args to None, run_after=None
[2026-03-25T11:49:16.550+0000] {logging_mixin.py:188} INFO - [2026-03-25T11:49:16.550+0000] {dag.py:3954} INFO - Setting next_dagrun for example_xcom_args_with_operators to None, run_after=None
[2026-03-25T11:49:16.596+0000] {processor.py:183} INFO - Processing /home/airflow/.local/lib/python3.12/site-packages/airflow/example_dags/example_xcomargs.py took 0.108 seconds
[2026-03-25T11:49:49.308+0000] {processor.py:161} INFO - Started process (PID=1720) to work on /home/airflow/.local/lib/python3.12/site-packages/airflow/example_dags/example_xcomargs.py
[2026-03-25T11:49:49.310+0000] {processor.py:830} INFO - Processing file /home/airflow/.local/lib/python3.12/site-packages/airflow/example_dags/example_xcomargs.py for tasks to queue
[2026-03-25T11:49:49.313+0000] {logging_mixin.py:188} INFO - [2026-03-25T11:49:49.312+0000] {dagbag.py:540} INFO - Filling up the DagBag from /home/airflow/.local/lib/python3.12/site-packages/airflow/example_dags/example_xcomargs.py
[2026-03-25T11:49:49.325+0000] {processor.py:840} INFO - DAG(s) 'example_xcom_args_with_operators', 'example_xcom_args' retrieved from /home/airflow/.local/lib/python3.12/site-packages/airflow/example_dags/example_xcomargs.py
[2026-03-25T11:49:49.359+0000] {logging_mixin.py:188} INFO - [2026-03-25T11:49:49.359+0000] {dag.py:3096} INFO - Sync 2 DAGs
[2026-03-25T11:49:49.379+0000] {logging_mixin.py:188} INFO - [2026-03-25T11:49:49.379+0000] {dag.py:3954} INFO - Setting next_dagrun for example_xcom_args to None, run_after=None
[2026-03-25T11:49:49.384+0000] {logging_mixin.py:188} INFO - [2026-03-25T11:49:49.384+0000] {dag.py:3954} INFO - Setting next_dagrun for example_xcom_args_with_operators to None, run_after=None
[2026-03-25T11:49:49.435+0000] {processor.py:183} INFO - Processing /home/airflow/.local/lib/python3.12/site-packages/airflow/example_dags/example_xcomargs.py took 0.139 seconds
[2026-03-25T11:50:21.682+0000] {processor.py:161} INFO - Started process (PID=1779) to work on /home/airflow/.local/lib/python3.12/site-packages/airflow/example_dags/example_xcomargs.py
[2026-03-25T11:50:21.683+0000] {processor.py:830} INFO - Processing file /home/airflow/.local/lib/python3.12/site-packages/airflow/example_dags/example_xcomargs.py for tasks to queue
[2026-03-25T11:50:21.685+0000] {logging_mixin.py:188} INFO - [2026-03-25T11:50:21.685+0000] {dagbag.py:540} INFO - Filling up the DagBag from /home/airflow/.local/lib/python3.12/site-packages/airflow/example_dags/example_xcomargs.py
[2026-03-25T11:50:21.693+0000] {processor.py:840} INFO - DAG(s) 'example_xcom_args', 'example_xcom_args_with_operators' retrieved from /home/airflow/.local/lib/python3.12/site-packages/airflow/example_dags/example_xcomargs.py
[2026-03-25T11:50:21.717+0000] {logging_mixin.py:188} INFO - [2026-03-25T11:50:21.717+0000] {dag.py:3096} INFO - Sync 2 DAGs
[2026-03-25T11:50:21.731+0000] {logging_mixin.py:188} INFO - [2026-03-25T11:50:21.731+0000] {dag.py:3954} INFO - Setting next_dagrun for example_xcom_args to None, run_after=None
[2026-03-25T11:50:21.735+0000] {logging_mixin.py:188} INFO - [2026-03-25T11:50:21.735+0000] {dag.py:3954} INFO - Setting next_dagrun for example_xcom_args_with_operators to None, run_after=None
[2026-03-25T11:50:21.781+0000] {processor.py:183} INFO - Processing /home/airflow/.local/lib/python3.12/site-packages/airflow/example_dags/example_xcomargs.py took 0.105 seconds
