[2026-03-25T11:15:31.762+0000] {processor.py:161} INFO - Started process (PID=82) to work on /home/airflow/.local/lib/python3.12/site-packages/airflow/example_dags/example_task_group.py
[2026-03-25T11:15:31.763+0000] {processor.py:830} INFO - Processing file /home/airflow/.local/lib/python3.12/site-packages/airflow/example_dags/example_task_group.py for tasks to queue
[2026-03-25T11:15:31.765+0000] {logging_mixin.py:188} INFO - [2026-03-25T11:15:31.765+0000] {dagbag.py:540} INFO - Filling up the DagBag from /home/airflow/.local/lib/python3.12/site-packages/airflow/example_dags/example_task_group.py
[2026-03-25T11:15:31.773+0000] {processor.py:840} INFO - DAG(s) 'example_task_group' retrieved from /home/airflow/.local/lib/python3.12/site-packages/airflow/example_dags/example_task_group.py
[2026-03-25T11:15:31.911+0000] {logging_mixin.py:188} INFO - [2026-03-25T11:15:31.911+0000] {dag.py:3096} INFO - Sync 1 DAGs
[2026-03-25T11:15:31.939+0000] {logging_mixin.py:188} INFO - [2026-03-25T11:15:31.939+0000] {dag.py:3954} INFO - Setting next_dagrun for example_task_group to 2026-03-24 00:00:00+00:00, run_after=2026-03-25 00:00:00+00:00
[2026-03-25T11:15:31.991+0000] {processor.py:183} INFO - Processing /home/airflow/.local/lib/python3.12/site-packages/airflow/example_dags/example_task_group.py took 0.235 seconds
[2026-03-25T11:16:02.060+0000] {processor.py:161} INFO - Started process (PID=141) to work on /home/airflow/.local/lib/python3.12/site-packages/airflow/example_dags/example_task_group.py
[2026-03-25T11:16:02.061+0000] {processor.py:830} INFO - Processing file /home/airflow/.local/lib/python3.12/site-packages/airflow/example_dags/example_task_group.py for tasks to queue
[2026-03-25T11:16:02.063+0000] {logging_mixin.py:188} INFO - [2026-03-25T11:16:02.063+0000] {dagbag.py:540} INFO - Filling up the DagBag from /home/airflow/.local/lib/python3.12/site-packages/airflow/example_dags/example_task_group.py
[2026-03-25T11:16:02.070+0000] {processor.py:840} INFO - DAG(s) 'example_task_group' retrieved from /home/airflow/.local/lib/python3.12/site-packages/airflow/example_dags/example_task_group.py
[2026-03-25T11:16:02.092+0000] {logging_mixin.py:188} INFO - [2026-03-25T11:16:02.091+0000] {dag.py:3096} INFO - Sync 1 DAGs
[2026-03-25T11:16:02.115+0000] {logging_mixin.py:188} INFO - [2026-03-25T11:16:02.115+0000] {dag.py:3954} INFO - Setting next_dagrun for example_task_group to 2026-03-24 00:00:00+00:00, run_after=2026-03-25 00:00:00+00:00
[2026-03-25T11:16:02.158+0000] {processor.py:183} INFO - Processing /home/airflow/.local/lib/python3.12/site-packages/airflow/example_dags/example_task_group.py took 0.103 seconds
[2026-03-25T11:16:35.286+0000] {processor.py:161} INFO - Started process (PID=200) to work on /home/airflow/.local/lib/python3.12/site-packages/airflow/example_dags/example_task_group.py
[2026-03-25T11:16:35.288+0000] {processor.py:830} INFO - Processing file /home/airflow/.local/lib/python3.12/site-packages/airflow/example_dags/example_task_group.py for tasks to queue
[2026-03-25T11:16:35.291+0000] {logging_mixin.py:188} INFO - [2026-03-25T11:16:35.290+0000] {dagbag.py:540} INFO - Filling up the DagBag from /home/airflow/.local/lib/python3.12/site-packages/airflow/example_dags/example_task_group.py
[2026-03-25T11:16:35.306+0000] {processor.py:840} INFO - DAG(s) 'example_task_group' retrieved from /home/airflow/.local/lib/python3.12/site-packages/airflow/example_dags/example_task_group.py
[2026-03-25T11:16:35.342+0000] {logging_mixin.py:188} INFO - [2026-03-25T11:16:35.341+0000] {dag.py:3096} INFO - Sync 1 DAGs
[2026-03-25T11:16:35.394+0000] {logging_mixin.py:188} INFO - [2026-03-25T11:16:35.394+0000] {dag.py:3954} INFO - Setting next_dagrun for example_task_group to 2026-03-24 00:00:00+00:00, run_after=2026-03-25 00:00:00+00:00
[2026-03-25T11:16:35.456+0000] {processor.py:183} INFO - Processing /home/airflow/.local/lib/python3.12/site-packages/airflow/example_dags/example_task_group.py took 0.178 seconds
[2026-03-25T11:17:09.317+0000] {processor.py:161} INFO - Started process (PID=259) to work on /home/airflow/.local/lib/python3.12/site-packages/airflow/example_dags/example_task_group.py
[2026-03-25T11:17:09.318+0000] {processor.py:830} INFO - Processing file /home/airflow/.local/lib/python3.12/site-packages/airflow/example_dags/example_task_group.py for tasks to queue
[2026-03-25T11:17:09.321+0000] {logging_mixin.py:188} INFO - [2026-03-25T11:17:09.320+0000] {dagbag.py:540} INFO - Filling up the DagBag from /home/airflow/.local/lib/python3.12/site-packages/airflow/example_dags/example_task_group.py
[2026-03-25T11:17:09.474+0000] {processor.py:840} INFO - DAG(s) 'example_task_group' retrieved from /home/airflow/.local/lib/python3.12/site-packages/airflow/example_dags/example_task_group.py
[2026-03-25T11:17:09.495+0000] {logging_mixin.py:188} INFO - [2026-03-25T11:17:09.495+0000] {dag.py:3096} INFO - Sync 1 DAGs
[2026-03-25T11:17:09.516+0000] {logging_mixin.py:188} INFO - [2026-03-25T11:17:09.516+0000] {dag.py:3954} INFO - Setting next_dagrun for example_task_group to 2026-03-24 00:00:00+00:00, run_after=2026-03-25 00:00:00+00:00
[2026-03-25T11:17:09.568+0000] {processor.py:183} INFO - Processing /home/airflow/.local/lib/python3.12/site-packages/airflow/example_dags/example_task_group.py took 0.257 seconds
[2026-03-25T11:17:39.781+0000] {processor.py:161} INFO - Started process (PID=318) to work on /home/airflow/.local/lib/python3.12/site-packages/airflow/example_dags/example_task_group.py
[2026-03-25T11:17:39.782+0000] {processor.py:830} INFO - Processing file /home/airflow/.local/lib/python3.12/site-packages/airflow/example_dags/example_task_group.py for tasks to queue
[2026-03-25T11:17:39.784+0000] {logging_mixin.py:188} INFO - [2026-03-25T11:17:39.783+0000] {dagbag.py:540} INFO - Filling up the DagBag from /home/airflow/.local/lib/python3.12/site-packages/airflow/example_dags/example_task_group.py
[2026-03-25T11:17:39.791+0000] {processor.py:840} INFO - DAG(s) 'example_task_group' retrieved from /home/airflow/.local/lib/python3.12/site-packages/airflow/example_dags/example_task_group.py
[2026-03-25T11:17:39.816+0000] {logging_mixin.py:188} INFO - [2026-03-25T11:17:39.816+0000] {dag.py:3096} INFO - Sync 1 DAGs
[2026-03-25T11:17:39.842+0000] {logging_mixin.py:188} INFO - [2026-03-25T11:17:39.842+0000] {dag.py:3954} INFO - Setting next_dagrun for example_task_group to 2026-03-24 00:00:00+00:00, run_after=2026-03-25 00:00:00+00:00
[2026-03-25T11:17:39.881+0000] {processor.py:183} INFO - Processing /home/airflow/.local/lib/python3.12/site-packages/airflow/example_dags/example_task_group.py took 0.106 seconds
[2026-03-25T11:18:11.753+0000] {processor.py:161} INFO - Started process (PID=377) to work on /home/airflow/.local/lib/python3.12/site-packages/airflow/example_dags/example_task_group.py
[2026-03-25T11:18:11.754+0000] {processor.py:830} INFO - Processing file /home/airflow/.local/lib/python3.12/site-packages/airflow/example_dags/example_task_group.py for tasks to queue
[2026-03-25T11:18:11.756+0000] {logging_mixin.py:188} INFO - [2026-03-25T11:18:11.756+0000] {dagbag.py:540} INFO - Filling up the DagBag from /home/airflow/.local/lib/python3.12/site-packages/airflow/example_dags/example_task_group.py
[2026-03-25T11:18:11.765+0000] {processor.py:840} INFO - DAG(s) 'example_task_group' retrieved from /home/airflow/.local/lib/python3.12/site-packages/airflow/example_dags/example_task_group.py
[2026-03-25T11:18:11.792+0000] {logging_mixin.py:188} INFO - [2026-03-25T11:18:11.791+0000] {dag.py:3096} INFO - Sync 1 DAGs
[2026-03-25T11:18:11.817+0000] {logging_mixin.py:188} INFO - [2026-03-25T11:18:11.817+0000] {dag.py:3954} INFO - Setting next_dagrun for example_task_group to 2026-03-24 00:00:00+00:00, run_after=2026-03-25 00:00:00+00:00
[2026-03-25T11:18:11.865+0000] {processor.py:183} INFO - Processing /home/airflow/.local/lib/python3.12/site-packages/airflow/example_dags/example_task_group.py took 0.119 seconds
[2026-03-25T11:18:44.477+0000] {processor.py:161} INFO - Started process (PID=436) to work on /home/airflow/.local/lib/python3.12/site-packages/airflow/example_dags/example_task_group.py
[2026-03-25T11:18:44.478+0000] {processor.py:830} INFO - Processing file /home/airflow/.local/lib/python3.12/site-packages/airflow/example_dags/example_task_group.py for tasks to queue
[2026-03-25T11:18:44.481+0000] {logging_mixin.py:188} INFO - [2026-03-25T11:18:44.480+0000] {dagbag.py:540} INFO - Filling up the DagBag from /home/airflow/.local/lib/python3.12/site-packages/airflow/example_dags/example_task_group.py
[2026-03-25T11:18:44.490+0000] {processor.py:840} INFO - DAG(s) 'example_task_group' retrieved from /home/airflow/.local/lib/python3.12/site-packages/airflow/example_dags/example_task_group.py
[2026-03-25T11:18:44.518+0000] {logging_mixin.py:188} INFO - [2026-03-25T11:18:44.517+0000] {dag.py:3096} INFO - Sync 1 DAGs
[2026-03-25T11:18:44.552+0000] {logging_mixin.py:188} INFO - [2026-03-25T11:18:44.552+0000] {dag.py:3954} INFO - Setting next_dagrun for example_task_group to 2026-03-24 00:00:00+00:00, run_after=2026-03-25 00:00:00+00:00
[2026-03-25T11:18:44.593+0000] {processor.py:183} INFO - Processing /home/airflow/.local/lib/python3.12/site-packages/airflow/example_dags/example_task_group.py took 0.122 seconds
[2026-03-25T11:19:17.225+0000] {processor.py:161} INFO - Started process (PID=495) to work on /home/airflow/.local/lib/python3.12/site-packages/airflow/example_dags/example_task_group.py
[2026-03-25T11:19:17.227+0000] {processor.py:830} INFO - Processing file /home/airflow/.local/lib/python3.12/site-packages/airflow/example_dags/example_task_group.py for tasks to queue
[2026-03-25T11:19:17.230+0000] {logging_mixin.py:188} INFO - [2026-03-25T11:19:17.230+0000] {dagbag.py:540} INFO - Filling up the DagBag from /home/airflow/.local/lib/python3.12/site-packages/airflow/example_dags/example_task_group.py
[2026-03-25T11:19:17.245+0000] {processor.py:840} INFO - DAG(s) 'example_task_group' retrieved from /home/airflow/.local/lib/python3.12/site-packages/airflow/example_dags/example_task_group.py
[2026-03-25T11:19:17.281+0000] {logging_mixin.py:188} INFO - [2026-03-25T11:19:17.280+0000] {dag.py:3096} INFO - Sync 1 DAGs
[2026-03-25T11:19:17.323+0000] {logging_mixin.py:188} INFO - [2026-03-25T11:19:17.323+0000] {dag.py:3954} INFO - Setting next_dagrun for example_task_group to 2026-03-24 00:00:00+00:00, run_after=2026-03-25 00:00:00+00:00
[2026-03-25T11:19:17.384+0000] {processor.py:183} INFO - Processing /home/airflow/.local/lib/python3.12/site-packages/airflow/example_dags/example_task_group.py took 0.167 seconds
[2026-03-25T11:19:50.681+0000] {processor.py:161} INFO - Started process (PID=554) to work on /home/airflow/.local/lib/python3.12/site-packages/airflow/example_dags/example_task_group.py
[2026-03-25T11:19:50.683+0000] {processor.py:830} INFO - Processing file /home/airflow/.local/lib/python3.12/site-packages/airflow/example_dags/example_task_group.py for tasks to queue
[2026-03-25T11:19:50.685+0000] {logging_mixin.py:188} INFO - [2026-03-25T11:19:50.685+0000] {dagbag.py:540} INFO - Filling up the DagBag from /home/airflow/.local/lib/python3.12/site-packages/airflow/example_dags/example_task_group.py
[2026-03-25T11:19:50.695+0000] {processor.py:840} INFO - DAG(s) 'example_task_group' retrieved from /home/airflow/.local/lib/python3.12/site-packages/airflow/example_dags/example_task_group.py
[2026-03-25T11:19:50.724+0000] {logging_mixin.py:188} INFO - [2026-03-25T11:19:50.724+0000] {dag.py:3096} INFO - Sync 1 DAGs
[2026-03-25T11:19:50.746+0000] {logging_mixin.py:188} INFO - [2026-03-25T11:19:50.745+0000] {dag.py:3954} INFO - Setting next_dagrun for example_task_group to 2026-03-24 00:00:00+00:00, run_after=2026-03-25 00:00:00+00:00
[2026-03-25T11:19:50.791+0000] {processor.py:183} INFO - Processing /home/airflow/.local/lib/python3.12/site-packages/airflow/example_dags/example_task_group.py took 0.118 seconds
[2026-03-25T11:20:22.946+0000] {processor.py:161} INFO - Started process (PID=613) to work on /home/airflow/.local/lib/python3.12/site-packages/airflow/example_dags/example_task_group.py
[2026-03-25T11:20:22.947+0000] {processor.py:830} INFO - Processing file /home/airflow/.local/lib/python3.12/site-packages/airflow/example_dags/example_task_group.py for tasks to queue
[2026-03-25T11:20:22.949+0000] {logging_mixin.py:188} INFO - [2026-03-25T11:20:22.949+0000] {dagbag.py:540} INFO - Filling up the DagBag from /home/airflow/.local/lib/python3.12/site-packages/airflow/example_dags/example_task_group.py
[2026-03-25T11:20:22.956+0000] {processor.py:840} INFO - DAG(s) 'example_task_group' retrieved from /home/airflow/.local/lib/python3.12/site-packages/airflow/example_dags/example_task_group.py
[2026-03-25T11:20:22.979+0000] {logging_mixin.py:188} INFO - [2026-03-25T11:20:22.978+0000] {dag.py:3096} INFO - Sync 1 DAGs
[2026-03-25T11:20:23.000+0000] {logging_mixin.py:188} INFO - [2026-03-25T11:20:23.000+0000] {dag.py:3954} INFO - Setting next_dagrun for example_task_group to 2026-03-24 00:00:00+00:00, run_after=2026-03-25 00:00:00+00:00
[2026-03-25T11:20:23.038+0000] {processor.py:183} INFO - Processing /home/airflow/.local/lib/python3.12/site-packages/airflow/example_dags/example_task_group.py took 0.097 seconds
[2026-03-25T11:20:55.527+0000] {processor.py:161} INFO - Started process (PID=672) to work on /home/airflow/.local/lib/python3.12/site-packages/airflow/example_dags/example_task_group.py
[2026-03-25T11:20:55.528+0000] {processor.py:830} INFO - Processing file /home/airflow/.local/lib/python3.12/site-packages/airflow/example_dags/example_task_group.py for tasks to queue
[2026-03-25T11:20:55.530+0000] {logging_mixin.py:188} INFO - [2026-03-25T11:20:55.529+0000] {dagbag.py:540} INFO - Filling up the DagBag from /home/airflow/.local/lib/python3.12/site-packages/airflow/example_dags/example_task_group.py
[2026-03-25T11:20:55.538+0000] {processor.py:840} INFO - DAG(s) 'example_task_group' retrieved from /home/airflow/.local/lib/python3.12/site-packages/airflow/example_dags/example_task_group.py
[2026-03-25T11:20:55.560+0000] {logging_mixin.py:188} INFO - [2026-03-25T11:20:55.559+0000] {dag.py:3096} INFO - Sync 1 DAGs
[2026-03-25T11:20:55.588+0000] {logging_mixin.py:188} INFO - [2026-03-25T11:20:55.588+0000] {dag.py:3954} INFO - Setting next_dagrun for example_task_group to 2026-03-24 00:00:00+00:00, run_after=2026-03-25 00:00:00+00:00
[2026-03-25T11:20:55.631+0000] {processor.py:183} INFO - Processing /home/airflow/.local/lib/python3.12/site-packages/airflow/example_dags/example_task_group.py took 0.110 seconds
[2026-03-25T11:21:28.184+0000] {processor.py:161} INFO - Started process (PID=731) to work on /home/airflow/.local/lib/python3.12/site-packages/airflow/example_dags/example_task_group.py
[2026-03-25T11:21:28.186+0000] {processor.py:830} INFO - Processing file /home/airflow/.local/lib/python3.12/site-packages/airflow/example_dags/example_task_group.py for tasks to queue
[2026-03-25T11:21:28.188+0000] {logging_mixin.py:188} INFO - [2026-03-25T11:21:28.187+0000] {dagbag.py:540} INFO - Filling up the DagBag from /home/airflow/.local/lib/python3.12/site-packages/airflow/example_dags/example_task_group.py
[2026-03-25T11:21:28.195+0000] {processor.py:840} INFO - DAG(s) 'example_task_group' retrieved from /home/airflow/.local/lib/python3.12/site-packages/airflow/example_dags/example_task_group.py
[2026-03-25T11:21:28.217+0000] {logging_mixin.py:188} INFO - [2026-03-25T11:21:28.217+0000] {dag.py:3096} INFO - Sync 1 DAGs
[2026-03-25T11:21:28.239+0000] {logging_mixin.py:188} INFO - [2026-03-25T11:21:28.238+0000] {dag.py:3954} INFO - Setting next_dagrun for example_task_group to 2026-03-24 00:00:00+00:00, run_after=2026-03-25 00:00:00+00:00
[2026-03-25T11:21:28.344+0000] {processor.py:183} INFO - Processing /home/airflow/.local/lib/python3.12/site-packages/airflow/example_dags/example_task_group.py took 0.166 seconds
[2026-03-25T11:22:01.150+0000] {processor.py:161} INFO - Started process (PID=790) to work on /home/airflow/.local/lib/python3.12/site-packages/airflow/example_dags/example_task_group.py
[2026-03-25T11:22:01.151+0000] {processor.py:830} INFO - Processing file /home/airflow/.local/lib/python3.12/site-packages/airflow/example_dags/example_task_group.py for tasks to queue
[2026-03-25T11:22:01.154+0000] {logging_mixin.py:188} INFO - [2026-03-25T11:22:01.154+0000] {dagbag.py:540} INFO - Filling up the DagBag from /home/airflow/.local/lib/python3.12/site-packages/airflow/example_dags/example_task_group.py
[2026-03-25T11:22:01.165+0000] {processor.py:840} INFO - DAG(s) 'example_task_group' retrieved from /home/airflow/.local/lib/python3.12/site-packages/airflow/example_dags/example_task_group.py
[2026-03-25T11:22:01.196+0000] {logging_mixin.py:188} INFO - [2026-03-25T11:22:01.196+0000] {dag.py:3096} INFO - Sync 1 DAGs
[2026-03-25T11:22:01.235+0000] {logging_mixin.py:188} INFO - [2026-03-25T11:22:01.234+0000] {dag.py:3954} INFO - Setting next_dagrun for example_task_group to 2026-03-24 00:00:00+00:00, run_after=2026-03-25 00:00:00+00:00
[2026-03-25T11:22:01.284+0000] {processor.py:183} INFO - Processing /home/airflow/.local/lib/python3.12/site-packages/airflow/example_dags/example_task_group.py took 0.142 seconds
[2026-03-25T11:22:33.801+0000] {processor.py:161} INFO - Started process (PID=849) to work on /home/airflow/.local/lib/python3.12/site-packages/airflow/example_dags/example_task_group.py
[2026-03-25T11:22:33.802+0000] {processor.py:830} INFO - Processing file /home/airflow/.local/lib/python3.12/site-packages/airflow/example_dags/example_task_group.py for tasks to queue
[2026-03-25T11:22:33.804+0000] {logging_mixin.py:188} INFO - [2026-03-25T11:22:33.804+0000] {dagbag.py:540} INFO - Filling up the DagBag from /home/airflow/.local/lib/python3.12/site-packages/airflow/example_dags/example_task_group.py
[2026-03-25T11:22:33.812+0000] {processor.py:840} INFO - DAG(s) 'example_task_group' retrieved from /home/airflow/.local/lib/python3.12/site-packages/airflow/example_dags/example_task_group.py
[2026-03-25T11:22:33.833+0000] {logging_mixin.py:188} INFO - [2026-03-25T11:22:33.833+0000] {dag.py:3096} INFO - Sync 1 DAGs
[2026-03-25T11:22:33.855+0000] {logging_mixin.py:188} INFO - [2026-03-25T11:22:33.854+0000] {dag.py:3954} INFO - Setting next_dagrun for example_task_group to 2026-03-24 00:00:00+00:00, run_after=2026-03-25 00:00:00+00:00
[2026-03-25T11:22:33.900+0000] {processor.py:183} INFO - Processing /home/airflow/.local/lib/python3.12/site-packages/airflow/example_dags/example_task_group.py took 0.105 seconds
[2026-03-25T11:23:06.600+0000] {processor.py:161} INFO - Started process (PID=908) to work on /home/airflow/.local/lib/python3.12/site-packages/airflow/example_dags/example_task_group.py
[2026-03-25T11:23:06.601+0000] {processor.py:830} INFO - Processing file /home/airflow/.local/lib/python3.12/site-packages/airflow/example_dags/example_task_group.py for tasks to queue
[2026-03-25T11:23:06.604+0000] {logging_mixin.py:188} INFO - [2026-03-25T11:23:06.604+0000] {dagbag.py:540} INFO - Filling up the DagBag from /home/airflow/.local/lib/python3.12/site-packages/airflow/example_dags/example_task_group.py
[2026-03-25T11:23:06.612+0000] {processor.py:840} INFO - DAG(s) 'example_task_group' retrieved from /home/airflow/.local/lib/python3.12/site-packages/airflow/example_dags/example_task_group.py
[2026-03-25T11:23:06.638+0000] {logging_mixin.py:188} INFO - [2026-03-25T11:23:06.638+0000] {dag.py:3096} INFO - Sync 1 DAGs
[2026-03-25T11:23:06.669+0000] {logging_mixin.py:188} INFO - [2026-03-25T11:23:06.669+0000] {dag.py:3954} INFO - Setting next_dagrun for example_task_group to 2026-03-24 00:00:00+00:00, run_after=2026-03-25 00:00:00+00:00
[2026-03-25T11:23:06.722+0000] {processor.py:183} INFO - Processing /home/airflow/.local/lib/python3.12/site-packages/airflow/example_dags/example_task_group.py took 0.128 seconds
[2026-03-25T11:23:39.506+0000] {processor.py:161} INFO - Started process (PID=967) to work on /home/airflow/.local/lib/python3.12/site-packages/airflow/example_dags/example_task_group.py
[2026-03-25T11:23:39.507+0000] {processor.py:830} INFO - Processing file /home/airflow/.local/lib/python3.12/site-packages/airflow/example_dags/example_task_group.py for tasks to queue
[2026-03-25T11:23:39.513+0000] {logging_mixin.py:188} INFO - [2026-03-25T11:23:39.513+0000] {dagbag.py:540} INFO - Filling up the DagBag from /home/airflow/.local/lib/python3.12/site-packages/airflow/example_dags/example_task_group.py
[2026-03-25T11:23:39.523+0000] {processor.py:840} INFO - DAG(s) 'example_task_group' retrieved from /home/airflow/.local/lib/python3.12/site-packages/airflow/example_dags/example_task_group.py
[2026-03-25T11:23:39.545+0000] {logging_mixin.py:188} INFO - [2026-03-25T11:23:39.545+0000] {dag.py:3096} INFO - Sync 1 DAGs
[2026-03-25T11:23:39.568+0000] {logging_mixin.py:188} INFO - [2026-03-25T11:23:39.568+0000] {dag.py:3954} INFO - Setting next_dagrun for example_task_group to 2026-03-24 00:00:00+00:00, run_after=2026-03-25 00:00:00+00:00
[2026-03-25T11:23:39.627+0000] {processor.py:183} INFO - Processing /home/airflow/.local/lib/python3.12/site-packages/airflow/example_dags/example_task_group.py took 0.132 seconds
[2026-03-25T11:24:11.551+0000] {processor.py:161} INFO - Started process (PID=1020) to work on /home/airflow/.local/lib/python3.12/site-packages/airflow/example_dags/example_task_group.py
[2026-03-25T11:24:11.553+0000] {processor.py:830} INFO - Processing file /home/airflow/.local/lib/python3.12/site-packages/airflow/example_dags/example_task_group.py for tasks to queue
[2026-03-25T11:24:11.555+0000] {logging_mixin.py:188} INFO - [2026-03-25T11:24:11.554+0000] {dagbag.py:540} INFO - Filling up the DagBag from /home/airflow/.local/lib/python3.12/site-packages/airflow/example_dags/example_task_group.py
[2026-03-25T11:24:11.562+0000] {processor.py:840} INFO - DAG(s) 'example_task_group' retrieved from /home/airflow/.local/lib/python3.12/site-packages/airflow/example_dags/example_task_group.py
[2026-03-25T11:24:11.585+0000] {logging_mixin.py:188} INFO - [2026-03-25T11:24:11.585+0000] {dag.py:3096} INFO - Sync 1 DAGs
[2026-03-25T11:24:11.607+0000] {logging_mixin.py:188} INFO - [2026-03-25T11:24:11.607+0000] {dag.py:3954} INFO - Setting next_dagrun for example_task_group to 2026-03-24 00:00:00+00:00, run_after=2026-03-25 00:00:00+00:00
[2026-03-25T11:24:11.662+0000] {processor.py:183} INFO - Processing /home/airflow/.local/lib/python3.12/site-packages/airflow/example_dags/example_task_group.py took 0.116 seconds
[2026-03-25T11:24:45.092+0000] {processor.py:161} INFO - Started process (PID=1086) to work on /home/airflow/.local/lib/python3.12/site-packages/airflow/example_dags/example_task_group.py
[2026-03-25T11:24:45.094+0000] {processor.py:830} INFO - Processing file /home/airflow/.local/lib/python3.12/site-packages/airflow/example_dags/example_task_group.py for tasks to queue
[2026-03-25T11:24:45.099+0000] {logging_mixin.py:188} INFO - [2026-03-25T11:24:45.098+0000] {dagbag.py:540} INFO - Filling up the DagBag from /home/airflow/.local/lib/python3.12/site-packages/airflow/example_dags/example_task_group.py
[2026-03-25T11:24:45.115+0000] {processor.py:840} INFO - DAG(s) 'example_task_group' retrieved from /home/airflow/.local/lib/python3.12/site-packages/airflow/example_dags/example_task_group.py
[2026-03-25T11:24:45.154+0000] {logging_mixin.py:188} INFO - [2026-03-25T11:24:45.154+0000] {dag.py:3096} INFO - Sync 1 DAGs
[2026-03-25T11:24:45.189+0000] {logging_mixin.py:188} INFO - [2026-03-25T11:24:45.189+0000] {dag.py:3954} INFO - Setting next_dagrun for example_task_group to 2026-03-24 00:00:00+00:00, run_after=2026-03-25 00:00:00+00:00
[2026-03-25T11:24:45.250+0000] {processor.py:183} INFO - Processing /home/airflow/.local/lib/python3.12/site-packages/airflow/example_dags/example_task_group.py took 0.170 seconds
[2026-03-25T11:25:17.118+0000] {processor.py:161} INFO - Started process (PID=1139) to work on /home/airflow/.local/lib/python3.12/site-packages/airflow/example_dags/example_task_group.py
[2026-03-25T11:25:17.119+0000] {processor.py:830} INFO - Processing file /home/airflow/.local/lib/python3.12/site-packages/airflow/example_dags/example_task_group.py for tasks to queue
[2026-03-25T11:25:17.121+0000] {logging_mixin.py:188} INFO - [2026-03-25T11:25:17.121+0000] {dagbag.py:540} INFO - Filling up the DagBag from /home/airflow/.local/lib/python3.12/site-packages/airflow/example_dags/example_task_group.py
[2026-03-25T11:25:17.128+0000] {processor.py:840} INFO - DAG(s) 'example_task_group' retrieved from /home/airflow/.local/lib/python3.12/site-packages/airflow/example_dags/example_task_group.py
[2026-03-25T11:25:17.149+0000] {logging_mixin.py:188} INFO - [2026-03-25T11:25:17.149+0000] {dag.py:3096} INFO - Sync 1 DAGs
[2026-03-25T11:25:17.170+0000] {logging_mixin.py:188} INFO - [2026-03-25T11:25:17.170+0000] {dag.py:3954} INFO - Setting next_dagrun for example_task_group to 2026-03-24 00:00:00+00:00, run_after=2026-03-25 00:00:00+00:00
[2026-03-25T11:25:17.217+0000] {processor.py:183} INFO - Processing /home/airflow/.local/lib/python3.12/site-packages/airflow/example_dags/example_task_group.py took 0.106 seconds
[2026-03-25T11:25:50.359+0000] {processor.py:161} INFO - Started process (PID=1204) to work on /home/airflow/.local/lib/python3.12/site-packages/airflow/example_dags/example_task_group.py
[2026-03-25T11:25:50.360+0000] {processor.py:830} INFO - Processing file /home/airflow/.local/lib/python3.12/site-packages/airflow/example_dags/example_task_group.py for tasks to queue
[2026-03-25T11:25:50.362+0000] {logging_mixin.py:188} INFO - [2026-03-25T11:25:50.362+0000] {dagbag.py:540} INFO - Filling up the DagBag from /home/airflow/.local/lib/python3.12/site-packages/airflow/example_dags/example_task_group.py
[2026-03-25T11:25:50.369+0000] {processor.py:840} INFO - DAG(s) 'example_task_group' retrieved from /home/airflow/.local/lib/python3.12/site-packages/airflow/example_dags/example_task_group.py
[2026-03-25T11:25:50.391+0000] {logging_mixin.py:188} INFO - [2026-03-25T11:25:50.390+0000] {dag.py:3096} INFO - Sync 1 DAGs
[2026-03-25T11:25:50.411+0000] {logging_mixin.py:188} INFO - [2026-03-25T11:25:50.411+0000] {dag.py:3954} INFO - Setting next_dagrun for example_task_group to 2026-03-24 00:00:00+00:00, run_after=2026-03-25 00:00:00+00:00
[2026-03-25T11:25:50.459+0000] {processor.py:183} INFO - Processing /home/airflow/.local/lib/python3.12/site-packages/airflow/example_dags/example_task_group.py took 0.105 seconds
[2026-03-25T11:26:23.181+0000] {processor.py:161} INFO - Started process (PID=1264) to work on /home/airflow/.local/lib/python3.12/site-packages/airflow/example_dags/example_task_group.py
[2026-03-25T11:26:23.182+0000] {processor.py:830} INFO - Processing file /home/airflow/.local/lib/python3.12/site-packages/airflow/example_dags/example_task_group.py for tasks to queue
[2026-03-25T11:26:23.184+0000] {logging_mixin.py:188} INFO - [2026-03-25T11:26:23.184+0000] {dagbag.py:540} INFO - Filling up the DagBag from /home/airflow/.local/lib/python3.12/site-packages/airflow/example_dags/example_task_group.py
[2026-03-25T11:26:23.192+0000] {processor.py:840} INFO - DAG(s) 'example_task_group' retrieved from /home/airflow/.local/lib/python3.12/site-packages/airflow/example_dags/example_task_group.py
[2026-03-25T11:26:23.215+0000] {logging_mixin.py:188} INFO - [2026-03-25T11:26:23.214+0000] {dag.py:3096} INFO - Sync 1 DAGs
[2026-03-25T11:26:23.237+0000] {logging_mixin.py:188} INFO - [2026-03-25T11:26:23.237+0000] {dag.py:3954} INFO - Setting next_dagrun for example_task_group to 2026-03-24 00:00:00+00:00, run_after=2026-03-25 00:00:00+00:00
[2026-03-25T11:26:23.277+0000] {processor.py:183} INFO - Processing /home/airflow/.local/lib/python3.12/site-packages/airflow/example_dags/example_task_group.py took 0.102 seconds
[2026-03-25T11:26:55.907+0000] {processor.py:161} INFO - Started process (PID=1323) to work on /home/airflow/.local/lib/python3.12/site-packages/airflow/example_dags/example_task_group.py
[2026-03-25T11:26:55.908+0000] {processor.py:830} INFO - Processing file /home/airflow/.local/lib/python3.12/site-packages/airflow/example_dags/example_task_group.py for tasks to queue
[2026-03-25T11:26:55.910+0000] {logging_mixin.py:188} INFO - [2026-03-25T11:26:55.910+0000] {dagbag.py:540} INFO - Filling up the DagBag from /home/airflow/.local/lib/python3.12/site-packages/airflow/example_dags/example_task_group.py
[2026-03-25T11:26:55.917+0000] {processor.py:840} INFO - DAG(s) 'example_task_group' retrieved from /home/airflow/.local/lib/python3.12/site-packages/airflow/example_dags/example_task_group.py
[2026-03-25T11:26:55.938+0000] {logging_mixin.py:188} INFO - [2026-03-25T11:26:55.938+0000] {dag.py:3096} INFO - Sync 1 DAGs
[2026-03-25T11:26:55.960+0000] {logging_mixin.py:188} INFO - [2026-03-25T11:26:55.960+0000] {dag.py:3954} INFO - Setting next_dagrun for example_task_group to 2026-03-24 00:00:00+00:00, run_after=2026-03-25 00:00:00+00:00
[2026-03-25T11:26:56.003+0000] {processor.py:183} INFO - Processing /home/airflow/.local/lib/python3.12/site-packages/airflow/example_dags/example_task_group.py took 0.102 seconds
[2026-03-25T11:27:28.674+0000] {processor.py:161} INFO - Started process (PID=1382) to work on /home/airflow/.local/lib/python3.12/site-packages/airflow/example_dags/example_task_group.py
[2026-03-25T11:27:28.677+0000] {processor.py:830} INFO - Processing file /home/airflow/.local/lib/python3.12/site-packages/airflow/example_dags/example_task_group.py for tasks to queue
[2026-03-25T11:27:28.684+0000] {logging_mixin.py:188} INFO - [2026-03-25T11:27:28.683+0000] {dagbag.py:540} INFO - Filling up the DagBag from /home/airflow/.local/lib/python3.12/site-packages/airflow/example_dags/example_task_group.py
[2026-03-25T11:27:28.707+0000] {processor.py:840} INFO - DAG(s) 'example_task_group' retrieved from /home/airflow/.local/lib/python3.12/site-packages/airflow/example_dags/example_task_group.py
[2026-03-25T11:27:28.765+0000] {logging_mixin.py:188} INFO - [2026-03-25T11:27:28.765+0000] {dag.py:3096} INFO - Sync 1 DAGs
[2026-03-25T11:27:28.827+0000] {logging_mixin.py:188} INFO - [2026-03-25T11:27:28.827+0000] {dag.py:3954} INFO - Setting next_dagrun for example_task_group to 2026-03-24 00:00:00+00:00, run_after=2026-03-25 00:00:00+00:00
[2026-03-25T11:27:28.912+0000] {processor.py:183} INFO - Processing /home/airflow/.local/lib/python3.12/site-packages/airflow/example_dags/example_task_group.py took 0.249 seconds
[2026-03-25T11:28:01.005+0000] {processor.py:161} INFO - Started process (PID=1435) to work on /home/airflow/.local/lib/python3.12/site-packages/airflow/example_dags/example_task_group.py
[2026-03-25T11:28:01.006+0000] {processor.py:830} INFO - Processing file /home/airflow/.local/lib/python3.12/site-packages/airflow/example_dags/example_task_group.py for tasks to queue
[2026-03-25T11:28:01.008+0000] {logging_mixin.py:188} INFO - [2026-03-25T11:28:01.007+0000] {dagbag.py:540} INFO - Filling up the DagBag from /home/airflow/.local/lib/python3.12/site-packages/airflow/example_dags/example_task_group.py
[2026-03-25T11:28:01.015+0000] {processor.py:840} INFO - DAG(s) 'example_task_group' retrieved from /home/airflow/.local/lib/python3.12/site-packages/airflow/example_dags/example_task_group.py
[2026-03-25T11:28:01.039+0000] {logging_mixin.py:188} INFO - [2026-03-25T11:28:01.039+0000] {dag.py:3096} INFO - Sync 1 DAGs
[2026-03-25T11:28:01.064+0000] {logging_mixin.py:188} INFO - [2026-03-25T11:28:01.063+0000] {dag.py:3954} INFO - Setting next_dagrun for example_task_group to 2026-03-24 00:00:00+00:00, run_after=2026-03-25 00:00:00+00:00
[2026-03-25T11:28:01.106+0000] {processor.py:183} INFO - Processing /home/airflow/.local/lib/python3.12/site-packages/airflow/example_dags/example_task_group.py took 0.107 seconds
[2026-03-25T11:28:35.656+0000] {processor.py:161} INFO - Started process (PID=1510) to work on /home/airflow/.local/lib/python3.12/site-packages/airflow/example_dags/example_task_group.py
[2026-03-25T11:28:35.657+0000] {processor.py:830} INFO - Processing file /home/airflow/.local/lib/python3.12/site-packages/airflow/example_dags/example_task_group.py for tasks to queue
[2026-03-25T11:28:35.659+0000] {logging_mixin.py:188} INFO - [2026-03-25T11:28:35.659+0000] {dagbag.py:540} INFO - Filling up the DagBag from /home/airflow/.local/lib/python3.12/site-packages/airflow/example_dags/example_task_group.py
[2026-03-25T11:28:35.668+0000] {processor.py:840} INFO - DAG(s) 'example_task_group' retrieved from /home/airflow/.local/lib/python3.12/site-packages/airflow/example_dags/example_task_group.py
[2026-03-25T11:28:35.698+0000] {logging_mixin.py:188} INFO - [2026-03-25T11:28:35.698+0000] {dag.py:3096} INFO - Sync 1 DAGs
[2026-03-25T11:28:35.734+0000] {logging_mixin.py:188} INFO - [2026-03-25T11:28:35.734+0000] {dag.py:3954} INFO - Setting next_dagrun for example_task_group to 2026-03-24 00:00:00+00:00, run_after=2026-03-25 00:00:00+00:00
[2026-03-25T11:28:35.792+0000] {processor.py:183} INFO - Processing /home/airflow/.local/lib/python3.12/site-packages/airflow/example_dags/example_task_group.py took 0.144 seconds
[2026-03-25T11:29:07.141+0000] {processor.py:161} INFO - Started process (PID=1569) to work on /home/airflow/.local/lib/python3.12/site-packages/airflow/example_dags/example_task_group.py
[2026-03-25T11:29:07.142+0000] {processor.py:830} INFO - Processing file /home/airflow/.local/lib/python3.12/site-packages/airflow/example_dags/example_task_group.py for tasks to queue
[2026-03-25T11:29:07.144+0000] {logging_mixin.py:188} INFO - [2026-03-25T11:29:07.144+0000] {dagbag.py:540} INFO - Filling up the DagBag from /home/airflow/.local/lib/python3.12/site-packages/airflow/example_dags/example_task_group.py
[2026-03-25T11:29:07.153+0000] {processor.py:840} INFO - DAG(s) 'example_task_group' retrieved from /home/airflow/.local/lib/python3.12/site-packages/airflow/example_dags/example_task_group.py
[2026-03-25T11:29:07.176+0000] {logging_mixin.py:188} INFO - [2026-03-25T11:29:07.175+0000] {dag.py:3096} INFO - Sync 1 DAGs
[2026-03-25T11:29:07.197+0000] {logging_mixin.py:188} INFO - [2026-03-25T11:29:07.197+0000] {dag.py:3954} INFO - Setting next_dagrun for example_task_group to 2026-03-24 00:00:00+00:00, run_after=2026-03-25 00:00:00+00:00
[2026-03-25T11:29:07.241+0000] {processor.py:183} INFO - Processing /home/airflow/.local/lib/python3.12/site-packages/airflow/example_dags/example_task_group.py took 0.107 seconds
[2026-03-25T11:29:38.167+0000] {processor.py:161} INFO - Started process (PID=1628) to work on /home/airflow/.local/lib/python3.12/site-packages/airflow/example_dags/example_task_group.py
[2026-03-25T11:29:38.169+0000] {processor.py:830} INFO - Processing file /home/airflow/.local/lib/python3.12/site-packages/airflow/example_dags/example_task_group.py for tasks to queue
[2026-03-25T11:29:38.172+0000] {logging_mixin.py:188} INFO - [2026-03-25T11:29:38.171+0000] {dagbag.py:540} INFO - Filling up the DagBag from /home/airflow/.local/lib/python3.12/site-packages/airflow/example_dags/example_task_group.py
[2026-03-25T11:29:38.184+0000] {processor.py:840} INFO - DAG(s) 'example_task_group' retrieved from /home/airflow/.local/lib/python3.12/site-packages/airflow/example_dags/example_task_group.py
[2026-03-25T11:29:38.223+0000] {logging_mixin.py:188} INFO - [2026-03-25T11:29:38.223+0000] {dag.py:3096} INFO - Sync 1 DAGs
[2026-03-25T11:29:38.271+0000] {logging_mixin.py:188} INFO - [2026-03-25T11:29:38.271+0000] {dag.py:3954} INFO - Setting next_dagrun for example_task_group to 2026-03-24 00:00:00+00:00, run_after=2026-03-25 00:00:00+00:00
[2026-03-25T11:29:38.335+0000] {processor.py:183} INFO - Processing /home/airflow/.local/lib/python3.12/site-packages/airflow/example_dags/example_task_group.py took 0.175 seconds
[2026-03-25T11:30:08.943+0000] {processor.py:161} INFO - Started process (PID=1681) to work on /home/airflow/.local/lib/python3.12/site-packages/airflow/example_dags/example_task_group.py
[2026-03-25T11:30:08.944+0000] {processor.py:830} INFO - Processing file /home/airflow/.local/lib/python3.12/site-packages/airflow/example_dags/example_task_group.py for tasks to queue
[2026-03-25T11:30:08.947+0000] {logging_mixin.py:188} INFO - [2026-03-25T11:30:08.947+0000] {dagbag.py:540} INFO - Filling up the DagBag from /home/airflow/.local/lib/python3.12/site-packages/airflow/example_dags/example_task_group.py
[2026-03-25T11:30:08.957+0000] {processor.py:840} INFO - DAG(s) 'example_task_group' retrieved from /home/airflow/.local/lib/python3.12/site-packages/airflow/example_dags/example_task_group.py
[2026-03-25T11:30:08.987+0000] {logging_mixin.py:188} INFO - [2026-03-25T11:30:08.987+0000] {dag.py:3096} INFO - Sync 1 DAGs
[2026-03-25T11:30:09.011+0000] {logging_mixin.py:188} INFO - [2026-03-25T11:30:09.011+0000] {dag.py:3954} INFO - Setting next_dagrun for example_task_group to 2026-03-24 00:00:00+00:00, run_after=2026-03-25 00:00:00+00:00
[2026-03-25T11:30:09.060+0000] {processor.py:183} INFO - Processing /home/airflow/.local/lib/python3.12/site-packages/airflow/example_dags/example_task_group.py took 0.124 seconds
[2026-03-25T11:30:39.175+0000] {processor.py:161} INFO - Started process (PID=1740) to work on /home/airflow/.local/lib/python3.12/site-packages/airflow/example_dags/example_task_group.py
[2026-03-25T11:30:39.176+0000] {processor.py:830} INFO - Processing file /home/airflow/.local/lib/python3.12/site-packages/airflow/example_dags/example_task_group.py for tasks to queue
[2026-03-25T11:30:39.178+0000] {logging_mixin.py:188} INFO - [2026-03-25T11:30:39.177+0000] {dagbag.py:540} INFO - Filling up the DagBag from /home/airflow/.local/lib/python3.12/site-packages/airflow/example_dags/example_task_group.py
[2026-03-25T11:30:39.185+0000] {processor.py:840} INFO - DAG(s) 'example_task_group' retrieved from /home/airflow/.local/lib/python3.12/site-packages/airflow/example_dags/example_task_group.py
[2026-03-25T11:30:39.206+0000] {logging_mixin.py:188} INFO - [2026-03-25T11:30:39.206+0000] {dag.py:3096} INFO - Sync 1 DAGs
[2026-03-25T11:30:39.226+0000] {logging_mixin.py:188} INFO - [2026-03-25T11:30:39.226+0000] {dag.py:3954} INFO - Setting next_dagrun for example_task_group to 2026-03-24 00:00:00+00:00, run_after=2026-03-25 00:00:00+00:00
[2026-03-25T11:30:39.273+0000] {processor.py:183} INFO - Processing /home/airflow/.local/lib/python3.12/site-packages/airflow/example_dags/example_task_group.py took 0.103 seconds
[2026-03-25T11:31:10.271+0000] {processor.py:161} INFO - Started process (PID=1799) to work on /home/airflow/.local/lib/python3.12/site-packages/airflow/example_dags/example_task_group.py
[2026-03-25T11:31:10.272+0000] {processor.py:830} INFO - Processing file /home/airflow/.local/lib/python3.12/site-packages/airflow/example_dags/example_task_group.py for tasks to queue
[2026-03-25T11:31:10.275+0000] {logging_mixin.py:188} INFO - [2026-03-25T11:31:10.274+0000] {dagbag.py:540} INFO - Filling up the DagBag from /home/airflow/.local/lib/python3.12/site-packages/airflow/example_dags/example_task_group.py
[2026-03-25T11:31:10.282+0000] {processor.py:840} INFO - DAG(s) 'example_task_group' retrieved from /home/airflow/.local/lib/python3.12/site-packages/airflow/example_dags/example_task_group.py
[2026-03-25T11:31:10.304+0000] {logging_mixin.py:188} INFO - [2026-03-25T11:31:10.304+0000] {dag.py:3096} INFO - Sync 1 DAGs
[2026-03-25T11:31:10.326+0000] {logging_mixin.py:188} INFO - [2026-03-25T11:31:10.326+0000] {dag.py:3954} INFO - Setting next_dagrun for example_task_group to 2026-03-24 00:00:00+00:00, run_after=2026-03-25 00:00:00+00:00
[2026-03-25T11:31:10.365+0000] {processor.py:183} INFO - Processing /home/airflow/.local/lib/python3.12/site-packages/airflow/example_dags/example_task_group.py took 0.100 seconds
[2026-03-25T11:31:40.457+0000] {processor.py:161} INFO - Started process (PID=1858) to work on /home/airflow/.local/lib/python3.12/site-packages/airflow/example_dags/example_task_group.py
[2026-03-25T11:31:40.458+0000] {processor.py:830} INFO - Processing file /home/airflow/.local/lib/python3.12/site-packages/airflow/example_dags/example_task_group.py for tasks to queue
[2026-03-25T11:31:40.461+0000] {logging_mixin.py:188} INFO - [2026-03-25T11:31:40.461+0000] {dagbag.py:540} INFO - Filling up the DagBag from /home/airflow/.local/lib/python3.12/site-packages/airflow/example_dags/example_task_group.py
[2026-03-25T11:31:40.468+0000] {processor.py:840} INFO - DAG(s) 'example_task_group' retrieved from /home/airflow/.local/lib/python3.12/site-packages/airflow/example_dags/example_task_group.py
[2026-03-25T11:31:40.489+0000] {logging_mixin.py:188} INFO - [2026-03-25T11:31:40.489+0000] {dag.py:3096} INFO - Sync 1 DAGs
[2026-03-25T11:31:40.510+0000] {logging_mixin.py:188} INFO - [2026-03-25T11:31:40.510+0000] {dag.py:3954} INFO - Setting next_dagrun for example_task_group to 2026-03-24 00:00:00+00:00, run_after=2026-03-25 00:00:00+00:00
[2026-03-25T11:31:40.566+0000] {processor.py:183} INFO - Processing /home/airflow/.local/lib/python3.12/site-packages/airflow/example_dags/example_task_group.py took 0.114 seconds
[2026-03-25T11:32:11.268+0000] {processor.py:161} INFO - Started process (PID=1917) to work on /home/airflow/.local/lib/python3.12/site-packages/airflow/example_dags/example_task_group.py
[2026-03-25T11:32:11.269+0000] {processor.py:830} INFO - Processing file /home/airflow/.local/lib/python3.12/site-packages/airflow/example_dags/example_task_group.py for tasks to queue
[2026-03-25T11:32:11.271+0000] {logging_mixin.py:188} INFO - [2026-03-25T11:32:11.270+0000] {dagbag.py:540} INFO - Filling up the DagBag from /home/airflow/.local/lib/python3.12/site-packages/airflow/example_dags/example_task_group.py
[2026-03-25T11:32:11.278+0000] {processor.py:840} INFO - DAG(s) 'example_task_group' retrieved from /home/airflow/.local/lib/python3.12/site-packages/airflow/example_dags/example_task_group.py
[2026-03-25T11:32:11.299+0000] {logging_mixin.py:188} INFO - [2026-03-25T11:32:11.299+0000] {dag.py:3096} INFO - Sync 1 DAGs
[2026-03-25T11:32:11.320+0000] {logging_mixin.py:188} INFO - [2026-03-25T11:32:11.319+0000] {dag.py:3954} INFO - Setting next_dagrun for example_task_group to 2026-03-24 00:00:00+00:00, run_after=2026-03-25 00:00:00+00:00
[2026-03-25T11:32:11.358+0000] {processor.py:183} INFO - Processing /home/airflow/.local/lib/python3.12/site-packages/airflow/example_dags/example_task_group.py took 0.096 seconds
[2026-03-25T11:34:37.735+0000] {processor.py:161} INFO - Started process (PID=87) to work on /home/airflow/.local/lib/python3.12/site-packages/airflow/example_dags/example_task_group.py
[2026-03-25T11:34:37.736+0000] {processor.py:830} INFO - Processing file /home/airflow/.local/lib/python3.12/site-packages/airflow/example_dags/example_task_group.py for tasks to queue
[2026-03-25T11:34:37.739+0000] {logging_mixin.py:188} INFO - [2026-03-25T11:34:37.739+0000] {dagbag.py:540} INFO - Filling up the DagBag from /home/airflow/.local/lib/python3.12/site-packages/airflow/example_dags/example_task_group.py
[2026-03-25T11:34:37.751+0000] {processor.py:840} INFO - DAG(s) 'example_task_group' retrieved from /home/airflow/.local/lib/python3.12/site-packages/airflow/example_dags/example_task_group.py
[2026-03-25T11:34:37.932+0000] {logging_mixin.py:188} INFO - [2026-03-25T11:34:37.931+0000] {dag.py:3096} INFO - Sync 1 DAGs
[2026-03-25T11:34:37.962+0000] {logging_mixin.py:188} INFO - [2026-03-25T11:34:37.962+0000] {dag.py:3954} INFO - Setting next_dagrun for example_task_group to 2026-03-24 00:00:00+00:00, run_after=2026-03-25 00:00:00+00:00
[2026-03-25T11:34:38.006+0000] {processor.py:183} INFO - Processing /home/airflow/.local/lib/python3.12/site-packages/airflow/example_dags/example_task_group.py took 0.279 seconds
[2026-03-25T11:35:08.110+0000] {processor.py:161} INFO - Started process (PID=146) to work on /home/airflow/.local/lib/python3.12/site-packages/airflow/example_dags/example_task_group.py
[2026-03-25T11:35:08.112+0000] {processor.py:830} INFO - Processing file /home/airflow/.local/lib/python3.12/site-packages/airflow/example_dags/example_task_group.py for tasks to queue
[2026-03-25T11:35:08.118+0000] {logging_mixin.py:188} INFO - [2026-03-25T11:35:08.117+0000] {dagbag.py:540} INFO - Filling up the DagBag from /home/airflow/.local/lib/python3.12/site-packages/airflow/example_dags/example_task_group.py
[2026-03-25T11:35:08.135+0000] {processor.py:840} INFO - DAG(s) 'example_task_group' retrieved from /home/airflow/.local/lib/python3.12/site-packages/airflow/example_dags/example_task_group.py
[2026-03-25T11:35:08.175+0000] {logging_mixin.py:188} INFO - [2026-03-25T11:35:08.174+0000] {dag.py:3096} INFO - Sync 1 DAGs
[2026-03-25T11:35:08.200+0000] {logging_mixin.py:188} INFO - [2026-03-25T11:35:08.199+0000] {dag.py:3954} INFO - Setting next_dagrun for example_task_group to 2026-03-24 00:00:00+00:00, run_after=2026-03-25 00:00:00+00:00
[2026-03-25T11:35:08.268+0000] {processor.py:183} INFO - Processing /home/airflow/.local/lib/python3.12/site-packages/airflow/example_dags/example_task_group.py took 0.168 seconds
[2026-03-25T11:35:39.550+0000] {processor.py:161} INFO - Started process (PID=199) to work on /home/airflow/.local/lib/python3.12/site-packages/airflow/example_dags/example_task_group.py
[2026-03-25T11:35:39.557+0000] {processor.py:830} INFO - Processing file /home/airflow/.local/lib/python3.12/site-packages/airflow/example_dags/example_task_group.py for tasks to queue
[2026-03-25T11:35:39.569+0000] {logging_mixin.py:188} INFO - [2026-03-25T11:35:39.567+0000] {dagbag.py:540} INFO - Filling up the DagBag from /home/airflow/.local/lib/python3.12/site-packages/airflow/example_dags/example_task_group.py
[2026-03-25T11:35:39.610+0000] {processor.py:840} INFO - DAG(s) 'example_task_group' retrieved from /home/airflow/.local/lib/python3.12/site-packages/airflow/example_dags/example_task_group.py
[2026-03-25T11:35:39.715+0000] {logging_mixin.py:188} INFO - [2026-03-25T11:35:39.714+0000] {dag.py:3096} INFO - Sync 1 DAGs
[2026-03-25T11:35:39.819+0000] {logging_mixin.py:188} INFO - [2026-03-25T11:35:39.818+0000] {dag.py:3954} INFO - Setting next_dagrun for example_task_group to 2026-03-24 00:00:00+00:00, run_after=2026-03-25 00:00:00+00:00
[2026-03-25T11:35:39.918+0000] {processor.py:183} INFO - Processing /home/airflow/.local/lib/python3.12/site-packages/airflow/example_dags/example_task_group.py took 0.403 seconds
[2026-03-25T11:36:13.205+0000] {processor.py:161} INFO - Started process (PID=265) to work on /home/airflow/.local/lib/python3.12/site-packages/airflow/example_dags/example_task_group.py
[2026-03-25T11:36:13.206+0000] {processor.py:830} INFO - Processing file /home/airflow/.local/lib/python3.12/site-packages/airflow/example_dags/example_task_group.py for tasks to queue
[2026-03-25T11:36:13.208+0000] {logging_mixin.py:188} INFO - [2026-03-25T11:36:13.208+0000] {dagbag.py:540} INFO - Filling up the DagBag from /home/airflow/.local/lib/python3.12/site-packages/airflow/example_dags/example_task_group.py
[2026-03-25T11:36:13.216+0000] {processor.py:840} INFO - DAG(s) 'example_task_group' retrieved from /home/airflow/.local/lib/python3.12/site-packages/airflow/example_dags/example_task_group.py
[2026-03-25T11:36:13.372+0000] {logging_mixin.py:188} INFO - [2026-03-25T11:36:13.372+0000] {dag.py:3096} INFO - Sync 1 DAGs
[2026-03-25T11:36:13.394+0000] {logging_mixin.py:188} INFO - [2026-03-25T11:36:13.394+0000] {dag.py:3954} INFO - Setting next_dagrun for example_task_group to 2026-03-24 00:00:00+00:00, run_after=2026-03-25 00:00:00+00:00
[2026-03-25T11:36:13.457+0000] {processor.py:183} INFO - Processing /home/airflow/.local/lib/python3.12/site-packages/airflow/example_dags/example_task_group.py took 0.258 seconds
[2026-03-25T11:36:46.091+0000] {processor.py:161} INFO - Started process (PID=324) to work on /home/airflow/.local/lib/python3.12/site-packages/airflow/example_dags/example_task_group.py
[2026-03-25T11:36:46.093+0000] {processor.py:830} INFO - Processing file /home/airflow/.local/lib/python3.12/site-packages/airflow/example_dags/example_task_group.py for tasks to queue
[2026-03-25T11:36:46.096+0000] {logging_mixin.py:188} INFO - [2026-03-25T11:36:46.095+0000] {dagbag.py:540} INFO - Filling up the DagBag from /home/airflow/.local/lib/python3.12/site-packages/airflow/example_dags/example_task_group.py
[2026-03-25T11:36:46.110+0000] {processor.py:840} INFO - DAG(s) 'example_task_group' retrieved from /home/airflow/.local/lib/python3.12/site-packages/airflow/example_dags/example_task_group.py
[2026-03-25T11:36:46.144+0000] {logging_mixin.py:188} INFO - [2026-03-25T11:36:46.143+0000] {dag.py:3096} INFO - Sync 1 DAGs
[2026-03-25T11:36:46.178+0000] {logging_mixin.py:188} INFO - [2026-03-25T11:36:46.177+0000] {dag.py:3954} INFO - Setting next_dagrun for example_task_group to 2026-03-24 00:00:00+00:00, run_after=2026-03-25 00:00:00+00:00
[2026-03-25T11:36:46.247+0000] {processor.py:183} INFO - Processing /home/airflow/.local/lib/python3.12/site-packages/airflow/example_dags/example_task_group.py took 0.165 seconds
[2026-03-25T11:37:18.355+0000] {processor.py:161} INFO - Started process (PID=377) to work on /home/airflow/.local/lib/python3.12/site-packages/airflow/example_dags/example_task_group.py
[2026-03-25T11:37:18.356+0000] {processor.py:830} INFO - Processing file /home/airflow/.local/lib/python3.12/site-packages/airflow/example_dags/example_task_group.py for tasks to queue
[2026-03-25T11:37:18.359+0000] {logging_mixin.py:188} INFO - [2026-03-25T11:37:18.359+0000] {dagbag.py:540} INFO - Filling up the DagBag from /home/airflow/.local/lib/python3.12/site-packages/airflow/example_dags/example_task_group.py
[2026-03-25T11:37:18.369+0000] {processor.py:840} INFO - DAG(s) 'example_task_group' retrieved from /home/airflow/.local/lib/python3.12/site-packages/airflow/example_dags/example_task_group.py
[2026-03-25T11:37:18.393+0000] {logging_mixin.py:188} INFO - [2026-03-25T11:37:18.393+0000] {dag.py:3096} INFO - Sync 1 DAGs
[2026-03-25T11:37:18.420+0000] {logging_mixin.py:188} INFO - [2026-03-25T11:37:18.420+0000] {dag.py:3954} INFO - Setting next_dagrun for example_task_group to 2026-03-24 00:00:00+00:00, run_after=2026-03-25 00:00:00+00:00
[2026-03-25T11:37:18.467+0000] {processor.py:183} INFO - Processing /home/airflow/.local/lib/python3.12/site-packages/airflow/example_dags/example_task_group.py took 0.120 seconds
[2026-03-25T11:37:50.771+0000] {processor.py:161} INFO - Started process (PID=436) to work on /home/airflow/.local/lib/python3.12/site-packages/airflow/example_dags/example_task_group.py
[2026-03-25T11:37:50.772+0000] {processor.py:830} INFO - Processing file /home/airflow/.local/lib/python3.12/site-packages/airflow/example_dags/example_task_group.py for tasks to queue
[2026-03-25T11:37:50.774+0000] {logging_mixin.py:188} INFO - [2026-03-25T11:37:50.774+0000] {dagbag.py:540} INFO - Filling up the DagBag from /home/airflow/.local/lib/python3.12/site-packages/airflow/example_dags/example_task_group.py
[2026-03-25T11:37:50.782+0000] {processor.py:840} INFO - DAG(s) 'example_task_group' retrieved from /home/airflow/.local/lib/python3.12/site-packages/airflow/example_dags/example_task_group.py
[2026-03-25T11:37:50.803+0000] {logging_mixin.py:188} INFO - [2026-03-25T11:37:50.803+0000] {dag.py:3096} INFO - Sync 1 DAGs
[2026-03-25T11:37:50.824+0000] {logging_mixin.py:188} INFO - [2026-03-25T11:37:50.824+0000] {dag.py:3954} INFO - Setting next_dagrun for example_task_group to 2026-03-24 00:00:00+00:00, run_after=2026-03-25 00:00:00+00:00
[2026-03-25T11:37:50.868+0000] {processor.py:183} INFO - Processing /home/airflow/.local/lib/python3.12/site-packages/airflow/example_dags/example_task_group.py took 0.102 seconds
[2026-03-25T11:38:22.815+0000] {processor.py:161} INFO - Started process (PID=495) to work on /home/airflow/.local/lib/python3.12/site-packages/airflow/example_dags/example_task_group.py
[2026-03-25T11:38:22.817+0000] {processor.py:830} INFO - Processing file /home/airflow/.local/lib/python3.12/site-packages/airflow/example_dags/example_task_group.py for tasks to queue
[2026-03-25T11:38:22.818+0000] {logging_mixin.py:188} INFO - [2026-03-25T11:38:22.818+0000] {dagbag.py:540} INFO - Filling up the DagBag from /home/airflow/.local/lib/python3.12/site-packages/airflow/example_dags/example_task_group.py
[2026-03-25T11:38:22.826+0000] {processor.py:840} INFO - DAG(s) 'example_task_group' retrieved from /home/airflow/.local/lib/python3.12/site-packages/airflow/example_dags/example_task_group.py
[2026-03-25T11:38:22.847+0000] {logging_mixin.py:188} INFO - [2026-03-25T11:38:22.846+0000] {dag.py:3096} INFO - Sync 1 DAGs
[2026-03-25T11:38:22.868+0000] {logging_mixin.py:188} INFO - [2026-03-25T11:38:22.868+0000] {dag.py:3954} INFO - Setting next_dagrun for example_task_group to 2026-03-24 00:00:00+00:00, run_after=2026-03-25 00:00:00+00:00
[2026-03-25T11:38:22.916+0000] {processor.py:183} INFO - Processing /home/airflow/.local/lib/python3.12/site-packages/airflow/example_dags/example_task_group.py took 0.106 seconds
[2026-03-25T11:38:55.633+0000] {processor.py:161} INFO - Started process (PID=554) to work on /home/airflow/.local/lib/python3.12/site-packages/airflow/example_dags/example_task_group.py
[2026-03-25T11:38:55.634+0000] {processor.py:830} INFO - Processing file /home/airflow/.local/lib/python3.12/site-packages/airflow/example_dags/example_task_group.py for tasks to queue
[2026-03-25T11:38:55.637+0000] {logging_mixin.py:188} INFO - [2026-03-25T11:38:55.636+0000] {dagbag.py:540} INFO - Filling up the DagBag from /home/airflow/.local/lib/python3.12/site-packages/airflow/example_dags/example_task_group.py
[2026-03-25T11:38:55.645+0000] {processor.py:840} INFO - DAG(s) 'example_task_group' retrieved from /home/airflow/.local/lib/python3.12/site-packages/airflow/example_dags/example_task_group.py
[2026-03-25T11:38:55.665+0000] {logging_mixin.py:188} INFO - [2026-03-25T11:38:55.665+0000] {dag.py:3096} INFO - Sync 1 DAGs
[2026-03-25T11:38:55.687+0000] {logging_mixin.py:188} INFO - [2026-03-25T11:38:55.687+0000] {dag.py:3954} INFO - Setting next_dagrun for example_task_group to 2026-03-24 00:00:00+00:00, run_after=2026-03-25 00:00:00+00:00
[2026-03-25T11:38:55.725+0000] {processor.py:183} INFO - Processing /home/airflow/.local/lib/python3.12/site-packages/airflow/example_dags/example_task_group.py took 0.097 seconds
[2026-03-25T11:39:28.261+0000] {processor.py:161} INFO - Started process (PID=613) to work on /home/airflow/.local/lib/python3.12/site-packages/airflow/example_dags/example_task_group.py
[2026-03-25T11:39:28.262+0000] {processor.py:830} INFO - Processing file /home/airflow/.local/lib/python3.12/site-packages/airflow/example_dags/example_task_group.py for tasks to queue
[2026-03-25T11:39:28.264+0000] {logging_mixin.py:188} INFO - [2026-03-25T11:39:28.264+0000] {dagbag.py:540} INFO - Filling up the DagBag from /home/airflow/.local/lib/python3.12/site-packages/airflow/example_dags/example_task_group.py
[2026-03-25T11:39:28.271+0000] {processor.py:840} INFO - DAG(s) 'example_task_group' retrieved from /home/airflow/.local/lib/python3.12/site-packages/airflow/example_dags/example_task_group.py
[2026-03-25T11:39:28.294+0000] {logging_mixin.py:188} INFO - [2026-03-25T11:39:28.294+0000] {dag.py:3096} INFO - Sync 1 DAGs
[2026-03-25T11:39:28.318+0000] {logging_mixin.py:188} INFO - [2026-03-25T11:39:28.318+0000] {dag.py:3954} INFO - Setting next_dagrun for example_task_group to 2026-03-24 00:00:00+00:00, run_after=2026-03-25 00:00:00+00:00
[2026-03-25T11:39:28.363+0000] {processor.py:183} INFO - Processing /home/airflow/.local/lib/python3.12/site-packages/airflow/example_dags/example_task_group.py took 0.107 seconds
[2026-03-25T11:40:01.468+0000] {processor.py:161} INFO - Started process (PID=672) to work on /home/airflow/.local/lib/python3.12/site-packages/airflow/example_dags/example_task_group.py
[2026-03-25T11:40:01.470+0000] {processor.py:830} INFO - Processing file /home/airflow/.local/lib/python3.12/site-packages/airflow/example_dags/example_task_group.py for tasks to queue
[2026-03-25T11:40:01.477+0000] {logging_mixin.py:188} INFO - [2026-03-25T11:40:01.476+0000] {dagbag.py:540} INFO - Filling up the DagBag from /home/airflow/.local/lib/python3.12/site-packages/airflow/example_dags/example_task_group.py
[2026-03-25T11:40:01.507+0000] {processor.py:840} INFO - DAG(s) 'example_task_group' retrieved from /home/airflow/.local/lib/python3.12/site-packages/airflow/example_dags/example_task_group.py
[2026-03-25T11:40:01.542+0000] {logging_mixin.py:188} INFO - [2026-03-25T11:40:01.541+0000] {dag.py:3096} INFO - Sync 1 DAGs
[2026-03-25T11:40:01.567+0000] {logging_mixin.py:188} INFO - [2026-03-25T11:40:01.567+0000] {dag.py:3954} INFO - Setting next_dagrun for example_task_group to 2026-03-24 00:00:00+00:00, run_after=2026-03-25 00:00:00+00:00
[2026-03-25T11:40:01.636+0000] {processor.py:183} INFO - Processing /home/airflow/.local/lib/python3.12/site-packages/airflow/example_dags/example_task_group.py took 0.181 seconds
[2026-03-25T11:40:33.580+0000] {processor.py:161} INFO - Started process (PID=731) to work on /home/airflow/.local/lib/python3.12/site-packages/airflow/example_dags/example_task_group.py
[2026-03-25T11:40:33.582+0000] {processor.py:830} INFO - Processing file /home/airflow/.local/lib/python3.12/site-packages/airflow/example_dags/example_task_group.py for tasks to queue
[2026-03-25T11:40:33.584+0000] {logging_mixin.py:188} INFO - [2026-03-25T11:40:33.583+0000] {dagbag.py:540} INFO - Filling up the DagBag from /home/airflow/.local/lib/python3.12/site-packages/airflow/example_dags/example_task_group.py
[2026-03-25T11:40:33.591+0000] {processor.py:840} INFO - DAG(s) 'example_task_group' retrieved from /home/airflow/.local/lib/python3.12/site-packages/airflow/example_dags/example_task_group.py
[2026-03-25T11:40:33.614+0000] {logging_mixin.py:188} INFO - [2026-03-25T11:40:33.613+0000] {dag.py:3096} INFO - Sync 1 DAGs
[2026-03-25T11:40:33.637+0000] {logging_mixin.py:188} INFO - [2026-03-25T11:40:33.637+0000] {dag.py:3954} INFO - Setting next_dagrun for example_task_group to 2026-03-24 00:00:00+00:00, run_after=2026-03-25 00:00:00+00:00
[2026-03-25T11:40:33.682+0000] {processor.py:183} INFO - Processing /home/airflow/.local/lib/python3.12/site-packages/airflow/example_dags/example_task_group.py took 0.107 seconds
[2026-03-25T11:41:06.614+0000] {processor.py:161} INFO - Started process (PID=790) to work on /home/airflow/.local/lib/python3.12/site-packages/airflow/example_dags/example_task_group.py
[2026-03-25T11:41:06.615+0000] {processor.py:830} INFO - Processing file /home/airflow/.local/lib/python3.12/site-packages/airflow/example_dags/example_task_group.py for tasks to queue
[2026-03-25T11:41:06.617+0000] {logging_mixin.py:188} INFO - [2026-03-25T11:41:06.617+0000] {dagbag.py:540} INFO - Filling up the DagBag from /home/airflow/.local/lib/python3.12/site-packages/airflow/example_dags/example_task_group.py
[2026-03-25T11:41:06.625+0000] {processor.py:840} INFO - DAG(s) 'example_task_group' retrieved from /home/airflow/.local/lib/python3.12/site-packages/airflow/example_dags/example_task_group.py
[2026-03-25T11:41:06.650+0000] {logging_mixin.py:188} INFO - [2026-03-25T11:41:06.650+0000] {dag.py:3096} INFO - Sync 1 DAGs
[2026-03-25T11:41:06.675+0000] {logging_mixin.py:188} INFO - [2026-03-25T11:41:06.675+0000] {dag.py:3954} INFO - Setting next_dagrun for example_task_group to 2026-03-24 00:00:00+00:00, run_after=2026-03-25 00:00:00+00:00
[2026-03-25T11:41:06.718+0000] {processor.py:183} INFO - Processing /home/airflow/.local/lib/python3.12/site-packages/airflow/example_dags/example_task_group.py took 0.110 seconds
[2026-03-25T11:41:40.753+0000] {processor.py:161} INFO - Started process (PID=849) to work on /home/airflow/.local/lib/python3.12/site-packages/airflow/example_dags/example_task_group.py
[2026-03-25T11:41:40.754+0000] {processor.py:830} INFO - Processing file /home/airflow/.local/lib/python3.12/site-packages/airflow/example_dags/example_task_group.py for tasks to queue
[2026-03-25T11:41:40.756+0000] {logging_mixin.py:188} INFO - [2026-03-25T11:41:40.756+0000] {dagbag.py:540} INFO - Filling up the DagBag from /home/airflow/.local/lib/python3.12/site-packages/airflow/example_dags/example_task_group.py
[2026-03-25T11:41:40.763+0000] {processor.py:840} INFO - DAG(s) 'example_task_group' retrieved from /home/airflow/.local/lib/python3.12/site-packages/airflow/example_dags/example_task_group.py
[2026-03-25T11:41:40.786+0000] {logging_mixin.py:188} INFO - [2026-03-25T11:41:40.785+0000] {dag.py:3096} INFO - Sync 1 DAGs
[2026-03-25T11:41:40.812+0000] {logging_mixin.py:188} INFO - [2026-03-25T11:41:40.811+0000] {dag.py:3954} INFO - Setting next_dagrun for example_task_group to 2026-03-24 00:00:00+00:00, run_after=2026-03-25 00:00:00+00:00
[2026-03-25T11:41:40.853+0000] {processor.py:183} INFO - Processing /home/airflow/.local/lib/python3.12/site-packages/airflow/example_dags/example_task_group.py took 0.106 seconds
[2026-03-25T11:42:11.798+0000] {processor.py:161} INFO - Started process (PID=908) to work on /home/airflow/.local/lib/python3.12/site-packages/airflow/example_dags/example_task_group.py
[2026-03-25T11:42:11.799+0000] {processor.py:830} INFO - Processing file /home/airflow/.local/lib/python3.12/site-packages/airflow/example_dags/example_task_group.py for tasks to queue
[2026-03-25T11:42:11.801+0000] {logging_mixin.py:188} INFO - [2026-03-25T11:42:11.801+0000] {dagbag.py:540} INFO - Filling up the DagBag from /home/airflow/.local/lib/python3.12/site-packages/airflow/example_dags/example_task_group.py
[2026-03-25T11:42:11.814+0000] {processor.py:840} INFO - DAG(s) 'example_task_group' retrieved from /home/airflow/.local/lib/python3.12/site-packages/airflow/example_dags/example_task_group.py
[2026-03-25T11:42:11.846+0000] {logging_mixin.py:188} INFO - [2026-03-25T11:42:11.846+0000] {dag.py:3096} INFO - Sync 1 DAGs
[2026-03-25T11:42:11.873+0000] {logging_mixin.py:188} INFO - [2026-03-25T11:42:11.872+0000] {dag.py:3954} INFO - Setting next_dagrun for example_task_group to 2026-03-24 00:00:00+00:00, run_after=2026-03-25 00:00:00+00:00
[2026-03-25T11:42:11.918+0000] {processor.py:183} INFO - Processing /home/airflow/.local/lib/python3.12/site-packages/airflow/example_dags/example_task_group.py took 0.128 seconds
[2026-03-25T11:42:44.701+0000] {processor.py:161} INFO - Started process (PID=967) to work on /home/airflow/.local/lib/python3.12/site-packages/airflow/example_dags/example_task_group.py
[2026-03-25T11:42:44.702+0000] {processor.py:830} INFO - Processing file /home/airflow/.local/lib/python3.12/site-packages/airflow/example_dags/example_task_group.py for tasks to queue
[2026-03-25T11:42:44.704+0000] {logging_mixin.py:188} INFO - [2026-03-25T11:42:44.704+0000] {dagbag.py:540} INFO - Filling up the DagBag from /home/airflow/.local/lib/python3.12/site-packages/airflow/example_dags/example_task_group.py
[2026-03-25T11:42:44.713+0000] {processor.py:840} INFO - DAG(s) 'example_task_group' retrieved from /home/airflow/.local/lib/python3.12/site-packages/airflow/example_dags/example_task_group.py
[2026-03-25T11:42:44.736+0000] {logging_mixin.py:188} INFO - [2026-03-25T11:42:44.736+0000] {dag.py:3096} INFO - Sync 1 DAGs
[2026-03-25T11:42:44.758+0000] {logging_mixin.py:188} INFO - [2026-03-25T11:42:44.758+0000] {dag.py:3954} INFO - Setting next_dagrun for example_task_group to 2026-03-24 00:00:00+00:00, run_after=2026-03-25 00:00:00+00:00
[2026-03-25T11:42:44.801+0000] {processor.py:183} INFO - Processing /home/airflow/.local/lib/python3.12/site-packages/airflow/example_dags/example_task_group.py took 0.105 seconds
[2026-03-25T11:43:18.197+0000] {processor.py:161} INFO - Started process (PID=1026) to work on /home/airflow/.local/lib/python3.12/site-packages/airflow/example_dags/example_task_group.py
[2026-03-25T11:43:18.198+0000] {processor.py:830} INFO - Processing file /home/airflow/.local/lib/python3.12/site-packages/airflow/example_dags/example_task_group.py for tasks to queue
[2026-03-25T11:43:18.200+0000] {logging_mixin.py:188} INFO - [2026-03-25T11:43:18.200+0000] {dagbag.py:540} INFO - Filling up the DagBag from /home/airflow/.local/lib/python3.12/site-packages/airflow/example_dags/example_task_group.py
[2026-03-25T11:43:18.208+0000] {processor.py:840} INFO - DAG(s) 'example_task_group' retrieved from /home/airflow/.local/lib/python3.12/site-packages/airflow/example_dags/example_task_group.py
[2026-03-25T11:43:18.231+0000] {logging_mixin.py:188} INFO - [2026-03-25T11:43:18.231+0000] {dag.py:3096} INFO - Sync 1 DAGs
[2026-03-25T11:43:18.256+0000] {logging_mixin.py:188} INFO - [2026-03-25T11:43:18.256+0000] {dag.py:3954} INFO - Setting next_dagrun for example_task_group to 2026-03-24 00:00:00+00:00, run_after=2026-03-25 00:00:00+00:00
[2026-03-25T11:43:18.308+0000] {processor.py:183} INFO - Processing /home/airflow/.local/lib/python3.12/site-packages/airflow/example_dags/example_task_group.py took 0.116 seconds
[2026-03-25T11:43:50.291+0000] {processor.py:161} INFO - Started process (PID=1085) to work on /home/airflow/.local/lib/python3.12/site-packages/airflow/example_dags/example_task_group.py
[2026-03-25T11:43:50.292+0000] {processor.py:830} INFO - Processing file /home/airflow/.local/lib/python3.12/site-packages/airflow/example_dags/example_task_group.py for tasks to queue
[2026-03-25T11:43:50.294+0000] {logging_mixin.py:188} INFO - [2026-03-25T11:43:50.293+0000] {dagbag.py:540} INFO - Filling up the DagBag from /home/airflow/.local/lib/python3.12/site-packages/airflow/example_dags/example_task_group.py
[2026-03-25T11:43:50.301+0000] {processor.py:840} INFO - DAG(s) 'example_task_group' retrieved from /home/airflow/.local/lib/python3.12/site-packages/airflow/example_dags/example_task_group.py
[2026-03-25T11:43:50.324+0000] {logging_mixin.py:188} INFO - [2026-03-25T11:43:50.324+0000] {dag.py:3096} INFO - Sync 1 DAGs
[2026-03-25T11:43:50.347+0000] {logging_mixin.py:188} INFO - [2026-03-25T11:43:50.347+0000] {dag.py:3954} INFO - Setting next_dagrun for example_task_group to 2026-03-24 00:00:00+00:00, run_after=2026-03-25 00:00:00+00:00
[2026-03-25T11:43:50.382+0000] {processor.py:183} INFO - Processing /home/airflow/.local/lib/python3.12/site-packages/airflow/example_dags/example_task_group.py took 0.097 seconds
[2026-03-25T11:44:22.883+0000] {processor.py:161} INFO - Started process (PID=1144) to work on /home/airflow/.local/lib/python3.12/site-packages/airflow/example_dags/example_task_group.py
[2026-03-25T11:44:22.884+0000] {processor.py:830} INFO - Processing file /home/airflow/.local/lib/python3.12/site-packages/airflow/example_dags/example_task_group.py for tasks to queue
[2026-03-25T11:44:22.886+0000] {logging_mixin.py:188} INFO - [2026-03-25T11:44:22.886+0000] {dagbag.py:540} INFO - Filling up the DagBag from /home/airflow/.local/lib/python3.12/site-packages/airflow/example_dags/example_task_group.py
[2026-03-25T11:44:22.893+0000] {processor.py:840} INFO - DAG(s) 'example_task_group' retrieved from /home/airflow/.local/lib/python3.12/site-packages/airflow/example_dags/example_task_group.py
[2026-03-25T11:44:22.916+0000] {logging_mixin.py:188} INFO - [2026-03-25T11:44:22.915+0000] {dag.py:3096} INFO - Sync 1 DAGs
[2026-03-25T11:44:22.938+0000] {logging_mixin.py:188} INFO - [2026-03-25T11:44:22.938+0000] {dag.py:3954} INFO - Setting next_dagrun for example_task_group to 2026-03-24 00:00:00+00:00, run_after=2026-03-25 00:00:00+00:00
[2026-03-25T11:44:22.976+0000] {processor.py:183} INFO - Processing /home/airflow/.local/lib/python3.12/site-packages/airflow/example_dags/example_task_group.py took 0.098 seconds
[2026-03-25T11:44:55.939+0000] {processor.py:161} INFO - Started process (PID=1203) to work on /home/airflow/.local/lib/python3.12/site-packages/airflow/example_dags/example_task_group.py
[2026-03-25T11:44:55.941+0000] {processor.py:830} INFO - Processing file /home/airflow/.local/lib/python3.12/site-packages/airflow/example_dags/example_task_group.py for tasks to queue
[2026-03-25T11:44:55.943+0000] {logging_mixin.py:188} INFO - [2026-03-25T11:44:55.943+0000] {dagbag.py:540} INFO - Filling up the DagBag from /home/airflow/.local/lib/python3.12/site-packages/airflow/example_dags/example_task_group.py
[2026-03-25T11:44:55.953+0000] {processor.py:840} INFO - DAG(s) 'example_task_group' retrieved from /home/airflow/.local/lib/python3.12/site-packages/airflow/example_dags/example_task_group.py
[2026-03-25T11:44:55.980+0000] {logging_mixin.py:188} INFO - [2026-03-25T11:44:55.979+0000] {dag.py:3096} INFO - Sync 1 DAGs
[2026-03-25T11:44:56.005+0000] {logging_mixin.py:188} INFO - [2026-03-25T11:44:56.004+0000] {dag.py:3954} INFO - Setting next_dagrun for example_task_group to 2026-03-24 00:00:00+00:00, run_after=2026-03-25 00:00:00+00:00
[2026-03-25T11:44:56.057+0000] {processor.py:183} INFO - Processing /home/airflow/.local/lib/python3.12/site-packages/airflow/example_dags/example_task_group.py took 0.126 seconds
[2026-03-25T11:45:28.757+0000] {processor.py:161} INFO - Started process (PID=1262) to work on /home/airflow/.local/lib/python3.12/site-packages/airflow/example_dags/example_task_group.py
[2026-03-25T11:45:28.758+0000] {processor.py:830} INFO - Processing file /home/airflow/.local/lib/python3.12/site-packages/airflow/example_dags/example_task_group.py for tasks to queue
[2026-03-25T11:45:28.760+0000] {logging_mixin.py:188} INFO - [2026-03-25T11:45:28.759+0000] {dagbag.py:540} INFO - Filling up the DagBag from /home/airflow/.local/lib/python3.12/site-packages/airflow/example_dags/example_task_group.py
[2026-03-25T11:45:28.767+0000] {processor.py:840} INFO - DAG(s) 'example_task_group' retrieved from /home/airflow/.local/lib/python3.12/site-packages/airflow/example_dags/example_task_group.py
[2026-03-25T11:45:28.789+0000] {logging_mixin.py:188} INFO - [2026-03-25T11:45:28.789+0000] {dag.py:3096} INFO - Sync 1 DAGs
[2026-03-25T11:45:28.812+0000] {logging_mixin.py:188} INFO - [2026-03-25T11:45:28.812+0000] {dag.py:3954} INFO - Setting next_dagrun for example_task_group to 2026-03-24 00:00:00+00:00, run_after=2026-03-25 00:00:00+00:00
[2026-03-25T11:45:28.868+0000] {processor.py:183} INFO - Processing /home/airflow/.local/lib/python3.12/site-packages/airflow/example_dags/example_task_group.py took 0.117 seconds
[2026-03-25T11:46:00.985+0000] {processor.py:161} INFO - Started process (PID=1321) to work on /home/airflow/.local/lib/python3.12/site-packages/airflow/example_dags/example_task_group.py
[2026-03-25T11:46:00.986+0000] {processor.py:830} INFO - Processing file /home/airflow/.local/lib/python3.12/site-packages/airflow/example_dags/example_task_group.py for tasks to queue
[2026-03-25T11:46:00.988+0000] {logging_mixin.py:188} INFO - [2026-03-25T11:46:00.987+0000] {dagbag.py:540} INFO - Filling up the DagBag from /home/airflow/.local/lib/python3.12/site-packages/airflow/example_dags/example_task_group.py
[2026-03-25T11:46:00.995+0000] {processor.py:840} INFO - DAG(s) 'example_task_group' retrieved from /home/airflow/.local/lib/python3.12/site-packages/airflow/example_dags/example_task_group.py
[2026-03-25T11:46:01.018+0000] {logging_mixin.py:188} INFO - [2026-03-25T11:46:01.017+0000] {dag.py:3096} INFO - Sync 1 DAGs
[2026-03-25T11:46:01.040+0000] {logging_mixin.py:188} INFO - [2026-03-25T11:46:01.040+0000] {dag.py:3954} INFO - Setting next_dagrun for example_task_group to 2026-03-24 00:00:00+00:00, run_after=2026-03-25 00:00:00+00:00
[2026-03-25T11:46:01.087+0000] {processor.py:183} INFO - Processing /home/airflow/.local/lib/python3.12/site-packages/airflow/example_dags/example_task_group.py took 0.108 seconds
[2026-03-25T11:46:34.177+0000] {processor.py:161} INFO - Started process (PID=1380) to work on /home/airflow/.local/lib/python3.12/site-packages/airflow/example_dags/example_task_group.py
[2026-03-25T11:46:34.180+0000] {processor.py:830} INFO - Processing file /home/airflow/.local/lib/python3.12/site-packages/airflow/example_dags/example_task_group.py for tasks to queue
[2026-03-25T11:46:34.185+0000] {logging_mixin.py:188} INFO - [2026-03-25T11:46:34.184+0000] {dagbag.py:540} INFO - Filling up the DagBag from /home/airflow/.local/lib/python3.12/site-packages/airflow/example_dags/example_task_group.py
[2026-03-25T11:46:34.199+0000] {processor.py:840} INFO - DAG(s) 'example_task_group' retrieved from /home/airflow/.local/lib/python3.12/site-packages/airflow/example_dags/example_task_group.py
[2026-03-25T11:46:34.232+0000] {logging_mixin.py:188} INFO - [2026-03-25T11:46:34.231+0000] {dag.py:3096} INFO - Sync 1 DAGs
[2026-03-25T11:46:34.259+0000] {logging_mixin.py:188} INFO - [2026-03-25T11:46:34.259+0000] {dag.py:3954} INFO - Setting next_dagrun for example_task_group to 2026-03-24 00:00:00+00:00, run_after=2026-03-25 00:00:00+00:00
[2026-03-25T11:46:34.301+0000] {processor.py:183} INFO - Processing /home/airflow/.local/lib/python3.12/site-packages/airflow/example_dags/example_task_group.py took 0.137 seconds
[2026-03-25T11:47:07.839+0000] {processor.py:161} INFO - Started process (PID=1439) to work on /home/airflow/.local/lib/python3.12/site-packages/airflow/example_dags/example_task_group.py
[2026-03-25T11:47:07.842+0000] {processor.py:830} INFO - Processing file /home/airflow/.local/lib/python3.12/site-packages/airflow/example_dags/example_task_group.py for tasks to queue
[2026-03-25T11:47:07.849+0000] {logging_mixin.py:188} INFO - [2026-03-25T11:47:07.848+0000] {dagbag.py:540} INFO - Filling up the DagBag from /home/airflow/.local/lib/python3.12/site-packages/airflow/example_dags/example_task_group.py
[2026-03-25T11:47:07.867+0000] {processor.py:840} INFO - DAG(s) 'example_task_group' retrieved from /home/airflow/.local/lib/python3.12/site-packages/airflow/example_dags/example_task_group.py
[2026-03-25T11:47:07.955+0000] {logging_mixin.py:188} INFO - [2026-03-25T11:47:07.954+0000] {dag.py:3096} INFO - Sync 1 DAGs
[2026-03-25T11:47:08.006+0000] {logging_mixin.py:188} INFO - [2026-03-25T11:47:08.006+0000] {dag.py:3954} INFO - Setting next_dagrun for example_task_group to 2026-03-24 00:00:00+00:00, run_after=2026-03-25 00:00:00+00:00
[2026-03-25T11:47:08.079+0000] {processor.py:183} INFO - Processing /home/airflow/.local/lib/python3.12/site-packages/airflow/example_dags/example_task_group.py took 0.254 seconds
[2026-03-25T11:47:42.276+0000] {processor.py:161} INFO - Started process (PID=1505) to work on /home/airflow/.local/lib/python3.12/site-packages/airflow/example_dags/example_task_group.py
[2026-03-25T11:47:42.277+0000] {processor.py:830} INFO - Processing file /home/airflow/.local/lib/python3.12/site-packages/airflow/example_dags/example_task_group.py for tasks to queue
[2026-03-25T11:47:42.279+0000] {logging_mixin.py:188} INFO - [2026-03-25T11:47:42.279+0000] {dagbag.py:540} INFO - Filling up the DagBag from /home/airflow/.local/lib/python3.12/site-packages/airflow/example_dags/example_task_group.py
[2026-03-25T11:47:42.287+0000] {processor.py:840} INFO - DAG(s) 'example_task_group' retrieved from /home/airflow/.local/lib/python3.12/site-packages/airflow/example_dags/example_task_group.py
[2026-03-25T11:47:42.315+0000] {logging_mixin.py:188} INFO - [2026-03-25T11:47:42.315+0000] {dag.py:3096} INFO - Sync 1 DAGs
[2026-03-25T11:47:42.348+0000] {logging_mixin.py:188} INFO - [2026-03-25T11:47:42.348+0000] {dag.py:3954} INFO - Setting next_dagrun for example_task_group to 2026-03-24 00:00:00+00:00, run_after=2026-03-25 00:00:00+00:00
[2026-03-25T11:47:42.446+0000] {processor.py:183} INFO - Processing /home/airflow/.local/lib/python3.12/site-packages/airflow/example_dags/example_task_group.py took 0.177 seconds
[2026-03-25T11:48:12.676+0000] {processor.py:161} INFO - Started process (PID=1558) to work on /home/airflow/.local/lib/python3.12/site-packages/airflow/example_dags/example_task_group.py
[2026-03-25T11:48:12.677+0000] {processor.py:830} INFO - Processing file /home/airflow/.local/lib/python3.12/site-packages/airflow/example_dags/example_task_group.py for tasks to queue
[2026-03-25T11:48:12.679+0000] {logging_mixin.py:188} INFO - [2026-03-25T11:48:12.679+0000] {dagbag.py:540} INFO - Filling up the DagBag from /home/airflow/.local/lib/python3.12/site-packages/airflow/example_dags/example_task_group.py
[2026-03-25T11:48:12.688+0000] {processor.py:840} INFO - DAG(s) 'example_task_group' retrieved from /home/airflow/.local/lib/python3.12/site-packages/airflow/example_dags/example_task_group.py
[2026-03-25T11:48:12.715+0000] {logging_mixin.py:188} INFO - [2026-03-25T11:48:12.715+0000] {dag.py:3096} INFO - Sync 1 DAGs
[2026-03-25T11:48:12.739+0000] {logging_mixin.py:188} INFO - [2026-03-25T11:48:12.739+0000] {dag.py:3954} INFO - Setting next_dagrun for example_task_group to 2026-03-24 00:00:00+00:00, run_after=2026-03-25 00:00:00+00:00
[2026-03-25T11:48:12.787+0000] {processor.py:183} INFO - Processing /home/airflow/.local/lib/python3.12/site-packages/airflow/example_dags/example_task_group.py took 0.117 seconds
[2026-03-25T11:48:44.614+0000] {processor.py:161} INFO - Started process (PID=1617) to work on /home/airflow/.local/lib/python3.12/site-packages/airflow/example_dags/example_task_group.py
[2026-03-25T11:48:44.615+0000] {processor.py:830} INFO - Processing file /home/airflow/.local/lib/python3.12/site-packages/airflow/example_dags/example_task_group.py for tasks to queue
[2026-03-25T11:48:44.617+0000] {logging_mixin.py:188} INFO - [2026-03-25T11:48:44.617+0000] {dagbag.py:540} INFO - Filling up the DagBag from /home/airflow/.local/lib/python3.12/site-packages/airflow/example_dags/example_task_group.py
[2026-03-25T11:48:44.624+0000] {processor.py:840} INFO - DAG(s) 'example_task_group' retrieved from /home/airflow/.local/lib/python3.12/site-packages/airflow/example_dags/example_task_group.py
[2026-03-25T11:48:44.648+0000] {logging_mixin.py:188} INFO - [2026-03-25T11:48:44.647+0000] {dag.py:3096} INFO - Sync 1 DAGs
[2026-03-25T11:48:44.675+0000] {logging_mixin.py:188} INFO - [2026-03-25T11:48:44.674+0000] {dag.py:3954} INFO - Setting next_dagrun for example_task_group to 2026-03-24 00:00:00+00:00, run_after=2026-03-25 00:00:00+00:00
[2026-03-25T11:48:44.719+0000] {processor.py:183} INFO - Processing /home/airflow/.local/lib/python3.12/site-packages/airflow/example_dags/example_task_group.py took 0.110 seconds
[2026-03-25T11:49:17.707+0000] {processor.py:161} INFO - Started process (PID=1676) to work on /home/airflow/.local/lib/python3.12/site-packages/airflow/example_dags/example_task_group.py
[2026-03-25T11:49:17.708+0000] {processor.py:830} INFO - Processing file /home/airflow/.local/lib/python3.12/site-packages/airflow/example_dags/example_task_group.py for tasks to queue
[2026-03-25T11:49:17.710+0000] {logging_mixin.py:188} INFO - [2026-03-25T11:49:17.710+0000] {dagbag.py:540} INFO - Filling up the DagBag from /home/airflow/.local/lib/python3.12/site-packages/airflow/example_dags/example_task_group.py
[2026-03-25T11:49:17.718+0000] {processor.py:840} INFO - DAG(s) 'example_task_group' retrieved from /home/airflow/.local/lib/python3.12/site-packages/airflow/example_dags/example_task_group.py
[2026-03-25T11:49:17.746+0000] {logging_mixin.py:188} INFO - [2026-03-25T11:49:17.745+0000] {dag.py:3096} INFO - Sync 1 DAGs
[2026-03-25T11:49:17.771+0000] {logging_mixin.py:188} INFO - [2026-03-25T11:49:17.771+0000] {dag.py:3954} INFO - Setting next_dagrun for example_task_group to 2026-03-24 00:00:00+00:00, run_after=2026-03-25 00:00:00+00:00
[2026-03-25T11:49:17.819+0000] {processor.py:183} INFO - Processing /home/airflow/.local/lib/python3.12/site-packages/airflow/example_dags/example_task_group.py took 0.118 seconds
[2026-03-25T11:49:52.238+0000] {processor.py:161} INFO - Started process (PID=1735) to work on /home/airflow/.local/lib/python3.12/site-packages/airflow/example_dags/example_task_group.py
[2026-03-25T11:49:52.239+0000] {processor.py:830} INFO - Processing file /home/airflow/.local/lib/python3.12/site-packages/airflow/example_dags/example_task_group.py for tasks to queue
[2026-03-25T11:49:52.242+0000] {logging_mixin.py:188} INFO - [2026-03-25T11:49:52.241+0000] {dagbag.py:540} INFO - Filling up the DagBag from /home/airflow/.local/lib/python3.12/site-packages/airflow/example_dags/example_task_group.py
[2026-03-25T11:49:52.253+0000] {processor.py:840} INFO - DAG(s) 'example_task_group' retrieved from /home/airflow/.local/lib/python3.12/site-packages/airflow/example_dags/example_task_group.py
[2026-03-25T11:49:52.279+0000] {logging_mixin.py:188} INFO - [2026-03-25T11:49:52.279+0000] {dag.py:3096} INFO - Sync 1 DAGs
[2026-03-25T11:49:52.306+0000] {logging_mixin.py:188} INFO - [2026-03-25T11:49:52.306+0000] {dag.py:3954} INFO - Setting next_dagrun for example_task_group to 2026-03-24 00:00:00+00:00, run_after=2026-03-25 00:00:00+00:00
[2026-03-25T11:49:52.355+0000] {processor.py:183} INFO - Processing /home/airflow/.local/lib/python3.12/site-packages/airflow/example_dags/example_task_group.py took 0.126 seconds
[2026-03-25T11:50:23.011+0000] {processor.py:161} INFO - Started process (PID=1794) to work on /home/airflow/.local/lib/python3.12/site-packages/airflow/example_dags/example_task_group.py
[2026-03-25T11:50:23.012+0000] {processor.py:830} INFO - Processing file /home/airflow/.local/lib/python3.12/site-packages/airflow/example_dags/example_task_group.py for tasks to queue
[2026-03-25T11:50:23.013+0000] {logging_mixin.py:188} INFO - [2026-03-25T11:50:23.013+0000] {dagbag.py:540} INFO - Filling up the DagBag from /home/airflow/.local/lib/python3.12/site-packages/airflow/example_dags/example_task_group.py
[2026-03-25T11:50:23.021+0000] {processor.py:840} INFO - DAG(s) 'example_task_group' retrieved from /home/airflow/.local/lib/python3.12/site-packages/airflow/example_dags/example_task_group.py
[2026-03-25T11:50:23.044+0000] {logging_mixin.py:188} INFO - [2026-03-25T11:50:23.043+0000] {dag.py:3096} INFO - Sync 1 DAGs
[2026-03-25T11:50:23.068+0000] {logging_mixin.py:188} INFO - [2026-03-25T11:50:23.068+0000] {dag.py:3954} INFO - Setting next_dagrun for example_task_group to 2026-03-24 00:00:00+00:00, run_after=2026-03-25 00:00:00+00:00
[2026-03-25T11:50:23.113+0000] {processor.py:183} INFO - Processing /home/airflow/.local/lib/python3.12/site-packages/airflow/example_dags/example_task_group.py took 0.108 seconds
