[2026-03-25T11:15:28.704+0000] {processor.py:161} INFO - Started process (PID=65) to work on /home/airflow/.local/lib/python3.12/site-packages/airflow/example_dags/example_branch_python_dop_operator_3.py
[2026-03-25T11:15:28.706+0000] {processor.py:830} INFO - Processing file /home/airflow/.local/lib/python3.12/site-packages/airflow/example_dags/example_branch_python_dop_operator_3.py for tasks to queue
[2026-03-25T11:15:28.709+0000] {logging_mixin.py:188} INFO - [2026-03-25T11:15:28.708+0000] {dagbag.py:540} INFO - Filling up the DagBag from /home/airflow/.local/lib/python3.12/site-packages/airflow/example_dags/example_branch_python_dop_operator_3.py
[2026-03-25T11:15:28.725+0000] {processor.py:840} INFO - DAG(s) 'example_branch_dop_operator_v3' retrieved from /home/airflow/.local/lib/python3.12/site-packages/airflow/example_dags/example_branch_python_dop_operator_3.py
[2026-03-25T11:15:28.993+0000] {logging_mixin.py:188} INFO - [2026-03-25T11:15:28.993+0000] {dag.py:3096} INFO - Sync 1 DAGs
[2026-03-25T11:15:29.078+0000] {logging_mixin.py:188} INFO - [2026-03-25T11:15:29.078+0000] {dag.py:3954} INFO - Setting next_dagrun for example_branch_dop_operator_v3 to 2026-03-25 11:14:00+00:00, run_after=2026-03-25 11:15:00+00:00
[2026-03-25T11:15:29.209+0000] {processor.py:183} INFO - Processing /home/airflow/.local/lib/python3.12/site-packages/airflow/example_dags/example_branch_python_dop_operator_3.py took 0.512 seconds
[2026-03-25T11:16:00.392+0000] {processor.py:161} INFO - Started process (PID=124) to work on /home/airflow/.local/lib/python3.12/site-packages/airflow/example_dags/example_branch_python_dop_operator_3.py
[2026-03-25T11:16:00.393+0000] {processor.py:830} INFO - Processing file /home/airflow/.local/lib/python3.12/site-packages/airflow/example_dags/example_branch_python_dop_operator_3.py for tasks to queue
[2026-03-25T11:16:00.395+0000] {logging_mixin.py:188} INFO - [2026-03-25T11:16:00.395+0000] {dagbag.py:540} INFO - Filling up the DagBag from /home/airflow/.local/lib/python3.12/site-packages/airflow/example_dags/example_branch_python_dop_operator_3.py
[2026-03-25T11:16:00.403+0000] {processor.py:840} INFO - DAG(s) 'example_branch_dop_operator_v3' retrieved from /home/airflow/.local/lib/python3.12/site-packages/airflow/example_dags/example_branch_python_dop_operator_3.py
[2026-03-25T11:16:00.423+0000] {logging_mixin.py:188} INFO - [2026-03-25T11:16:00.423+0000] {dag.py:3096} INFO - Sync 1 DAGs
[2026-03-25T11:16:00.450+0000] {logging_mixin.py:188} INFO - [2026-03-25T11:16:00.450+0000] {dag.py:3954} INFO - Setting next_dagrun for example_branch_dop_operator_v3 to 2026-03-25 11:15:00+00:00, run_after=2026-03-25 11:16:00+00:00
[2026-03-25T11:16:00.499+0000] {processor.py:183} INFO - Processing /home/airflow/.local/lib/python3.12/site-packages/airflow/example_dags/example_branch_python_dop_operator_3.py took 0.112 seconds
[2026-03-25T11:16:33.428+0000] {processor.py:161} INFO - Started process (PID=183) to work on /home/airflow/.local/lib/python3.12/site-packages/airflow/example_dags/example_branch_python_dop_operator_3.py
[2026-03-25T11:16:33.429+0000] {processor.py:830} INFO - Processing file /home/airflow/.local/lib/python3.12/site-packages/airflow/example_dags/example_branch_python_dop_operator_3.py for tasks to queue
[2026-03-25T11:16:33.432+0000] {logging_mixin.py:188} INFO - [2026-03-25T11:16:33.431+0000] {dagbag.py:540} INFO - Filling up the DagBag from /home/airflow/.local/lib/python3.12/site-packages/airflow/example_dags/example_branch_python_dop_operator_3.py
[2026-03-25T11:16:33.445+0000] {processor.py:840} INFO - DAG(s) 'example_branch_dop_operator_v3' retrieved from /home/airflow/.local/lib/python3.12/site-packages/airflow/example_dags/example_branch_python_dop_operator_3.py
[2026-03-25T11:16:33.480+0000] {logging_mixin.py:188} INFO - [2026-03-25T11:16:33.479+0000] {dag.py:3096} INFO - Sync 1 DAGs
[2026-03-25T11:16:33.525+0000] {logging_mixin.py:188} INFO - [2026-03-25T11:16:33.524+0000] {dag.py:3954} INFO - Setting next_dagrun for example_branch_dop_operator_v3 to 2026-03-25 11:15:00+00:00, run_after=2026-03-25 11:16:00+00:00
[2026-03-25T11:16:33.588+0000] {processor.py:183} INFO - Processing /home/airflow/.local/lib/python3.12/site-packages/airflow/example_dags/example_branch_python_dop_operator_3.py took 0.170 seconds
[2026-03-25T11:17:06.730+0000] {processor.py:161} INFO - Started process (PID=242) to work on /home/airflow/.local/lib/python3.12/site-packages/airflow/example_dags/example_branch_python_dop_operator_3.py
[2026-03-25T11:17:06.731+0000] {processor.py:830} INFO - Processing file /home/airflow/.local/lib/python3.12/site-packages/airflow/example_dags/example_branch_python_dop_operator_3.py for tasks to queue
[2026-03-25T11:17:06.733+0000] {logging_mixin.py:188} INFO - [2026-03-25T11:17:06.732+0000] {dagbag.py:540} INFO - Filling up the DagBag from /home/airflow/.local/lib/python3.12/site-packages/airflow/example_dags/example_branch_python_dop_operator_3.py
[2026-03-25T11:17:06.741+0000] {processor.py:840} INFO - DAG(s) 'example_branch_dop_operator_v3' retrieved from /home/airflow/.local/lib/python3.12/site-packages/airflow/example_dags/example_branch_python_dop_operator_3.py
[2026-03-25T11:17:06.872+0000] {logging_mixin.py:188} INFO - [2026-03-25T11:17:06.872+0000] {dag.py:3096} INFO - Sync 1 DAGs
[2026-03-25T11:17:06.893+0000] {logging_mixin.py:188} INFO - [2026-03-25T11:17:06.893+0000] {dag.py:3954} INFO - Setting next_dagrun for example_branch_dop_operator_v3 to 2026-03-25 11:16:00+00:00, run_after=2026-03-25 11:17:00+00:00
[2026-03-25T11:17:06.945+0000] {processor.py:183} INFO - Processing /home/airflow/.local/lib/python3.12/site-packages/airflow/example_dags/example_branch_python_dop_operator_3.py took 0.221 seconds
[2026-03-25T11:17:37.597+0000] {processor.py:161} INFO - Started process (PID=301) to work on /home/airflow/.local/lib/python3.12/site-packages/airflow/example_dags/example_branch_python_dop_operator_3.py
[2026-03-25T11:17:37.598+0000] {processor.py:830} INFO - Processing file /home/airflow/.local/lib/python3.12/site-packages/airflow/example_dags/example_branch_python_dop_operator_3.py for tasks to queue
[2026-03-25T11:17:37.600+0000] {logging_mixin.py:188} INFO - [2026-03-25T11:17:37.599+0000] {dagbag.py:540} INFO - Filling up the DagBag from /home/airflow/.local/lib/python3.12/site-packages/airflow/example_dags/example_branch_python_dop_operator_3.py
[2026-03-25T11:17:37.609+0000] {processor.py:840} INFO - DAG(s) 'example_branch_dop_operator_v3' retrieved from /home/airflow/.local/lib/python3.12/site-packages/airflow/example_dags/example_branch_python_dop_operator_3.py
[2026-03-25T11:17:37.628+0000] {logging_mixin.py:188} INFO - [2026-03-25T11:17:37.628+0000] {dag.py:3096} INFO - Sync 1 DAGs
[2026-03-25T11:17:37.653+0000] {logging_mixin.py:188} INFO - [2026-03-25T11:17:37.653+0000] {dag.py:3954} INFO - Setting next_dagrun for example_branch_dop_operator_v3 to 2026-03-25 11:16:00+00:00, run_after=2026-03-25 11:17:00+00:00
[2026-03-25T11:17:37.696+0000] {processor.py:183} INFO - Processing /home/airflow/.local/lib/python3.12/site-packages/airflow/example_dags/example_branch_python_dop_operator_3.py took 0.105 seconds
[2026-03-25T11:18:08.235+0000] {processor.py:161} INFO - Started process (PID=354) to work on /home/airflow/.local/lib/python3.12/site-packages/airflow/example_dags/example_branch_python_dop_operator_3.py
[2026-03-25T11:18:08.236+0000] {processor.py:830} INFO - Processing file /home/airflow/.local/lib/python3.12/site-packages/airflow/example_dags/example_branch_python_dop_operator_3.py for tasks to queue
[2026-03-25T11:18:08.238+0000] {logging_mixin.py:188} INFO - [2026-03-25T11:18:08.237+0000] {dagbag.py:540} INFO - Filling up the DagBag from /home/airflow/.local/lib/python3.12/site-packages/airflow/example_dags/example_branch_python_dop_operator_3.py
[2026-03-25T11:18:08.247+0000] {processor.py:840} INFO - DAG(s) 'example_branch_dop_operator_v3' retrieved from /home/airflow/.local/lib/python3.12/site-packages/airflow/example_dags/example_branch_python_dop_operator_3.py
[2026-03-25T11:18:08.266+0000] {logging_mixin.py:188} INFO - [2026-03-25T11:18:08.266+0000] {dag.py:3096} INFO - Sync 1 DAGs
[2026-03-25T11:18:08.290+0000] {logging_mixin.py:188} INFO - [2026-03-25T11:18:08.290+0000] {dag.py:3954} INFO - Setting next_dagrun for example_branch_dop_operator_v3 to 2026-03-25 11:17:00+00:00, run_after=2026-03-25 11:18:00+00:00
[2026-03-25T11:18:08.355+0000] {processor.py:183} INFO - Processing /home/airflow/.local/lib/python3.12/site-packages/airflow/example_dags/example_branch_python_dop_operator_3.py took 0.125 seconds
[2026-03-25T11:18:38.532+0000] {processor.py:161} INFO - Started process (PID=413) to work on /home/airflow/.local/lib/python3.12/site-packages/airflow/example_dags/example_branch_python_dop_operator_3.py
[2026-03-25T11:18:38.533+0000] {processor.py:830} INFO - Processing file /home/airflow/.local/lib/python3.12/site-packages/airflow/example_dags/example_branch_python_dop_operator_3.py for tasks to queue
[2026-03-25T11:18:38.535+0000] {logging_mixin.py:188} INFO - [2026-03-25T11:18:38.535+0000] {dagbag.py:540} INFO - Filling up the DagBag from /home/airflow/.local/lib/python3.12/site-packages/airflow/example_dags/example_branch_python_dop_operator_3.py
[2026-03-25T11:18:38.544+0000] {processor.py:840} INFO - DAG(s) 'example_branch_dop_operator_v3' retrieved from /home/airflow/.local/lib/python3.12/site-packages/airflow/example_dags/example_branch_python_dop_operator_3.py
[2026-03-25T11:18:38.563+0000] {logging_mixin.py:188} INFO - [2026-03-25T11:18:38.563+0000] {dag.py:3096} INFO - Sync 1 DAGs
[2026-03-25T11:18:38.589+0000] {logging_mixin.py:188} INFO - [2026-03-25T11:18:38.588+0000] {dag.py:3954} INFO - Setting next_dagrun for example_branch_dop_operator_v3 to 2026-03-25 11:17:00+00:00, run_after=2026-03-25 11:18:00+00:00
[2026-03-25T11:18:38.634+0000] {processor.py:183} INFO - Processing /home/airflow/.local/lib/python3.12/site-packages/airflow/example_dags/example_branch_python_dop_operator_3.py took 0.108 seconds
[2026-03-25T11:19:09.107+0000] {processor.py:161} INFO - Started process (PID=472) to work on /home/airflow/.local/lib/python3.12/site-packages/airflow/example_dags/example_branch_python_dop_operator_3.py
[2026-03-25T11:19:09.108+0000] {processor.py:830} INFO - Processing file /home/airflow/.local/lib/python3.12/site-packages/airflow/example_dags/example_branch_python_dop_operator_3.py for tasks to queue
[2026-03-25T11:19:09.110+0000] {logging_mixin.py:188} INFO - [2026-03-25T11:19:09.109+0000] {dagbag.py:540} INFO - Filling up the DagBag from /home/airflow/.local/lib/python3.12/site-packages/airflow/example_dags/example_branch_python_dop_operator_3.py
[2026-03-25T11:19:09.118+0000] {processor.py:840} INFO - DAG(s) 'example_branch_dop_operator_v3' retrieved from /home/airflow/.local/lib/python3.12/site-packages/airflow/example_dags/example_branch_python_dop_operator_3.py
[2026-03-25T11:19:09.154+0000] {logging_mixin.py:188} INFO - [2026-03-25T11:19:09.153+0000] {dag.py:3096} INFO - Sync 1 DAGs
[2026-03-25T11:19:09.184+0000] {logging_mixin.py:188} INFO - [2026-03-25T11:19:09.184+0000] {dag.py:3954} INFO - Setting next_dagrun for example_branch_dop_operator_v3 to 2026-03-25 11:18:00+00:00, run_after=2026-03-25 11:19:00+00:00
[2026-03-25T11:19:09.231+0000] {processor.py:183} INFO - Processing /home/airflow/.local/lib/python3.12/site-packages/airflow/example_dags/example_branch_python_dop_operator_3.py took 0.130 seconds
[2026-03-25T11:19:39.519+0000] {processor.py:161} INFO - Started process (PID=531) to work on /home/airflow/.local/lib/python3.12/site-packages/airflow/example_dags/example_branch_python_dop_operator_3.py
[2026-03-25T11:19:39.521+0000] {processor.py:830} INFO - Processing file /home/airflow/.local/lib/python3.12/site-packages/airflow/example_dags/example_branch_python_dop_operator_3.py for tasks to queue
[2026-03-25T11:19:39.524+0000] {logging_mixin.py:188} INFO - [2026-03-25T11:19:39.524+0000] {dagbag.py:540} INFO - Filling up the DagBag from /home/airflow/.local/lib/python3.12/site-packages/airflow/example_dags/example_branch_python_dop_operator_3.py
[2026-03-25T11:19:39.536+0000] {processor.py:840} INFO - DAG(s) 'example_branch_dop_operator_v3' retrieved from /home/airflow/.local/lib/python3.12/site-packages/airflow/example_dags/example_branch_python_dop_operator_3.py
[2026-03-25T11:19:39.565+0000] {logging_mixin.py:188} INFO - [2026-03-25T11:19:39.565+0000] {dag.py:3096} INFO - Sync 1 DAGs
[2026-03-25T11:19:39.603+0000] {logging_mixin.py:188} INFO - [2026-03-25T11:19:39.602+0000] {dag.py:3954} INFO - Setting next_dagrun for example_branch_dop_operator_v3 to 2026-03-25 11:18:00+00:00, run_after=2026-03-25 11:19:00+00:00
[2026-03-25T11:19:39.659+0000] {processor.py:183} INFO - Processing /home/airflow/.local/lib/python3.12/site-packages/airflow/example_dags/example_branch_python_dop_operator_3.py took 0.147 seconds
[2026-03-25T11:20:09.908+0000] {processor.py:161} INFO - Started process (PID=590) to work on /home/airflow/.local/lib/python3.12/site-packages/airflow/example_dags/example_branch_python_dop_operator_3.py
[2026-03-25T11:20:09.909+0000] {processor.py:830} INFO - Processing file /home/airflow/.local/lib/python3.12/site-packages/airflow/example_dags/example_branch_python_dop_operator_3.py for tasks to queue
[2026-03-25T11:20:09.912+0000] {logging_mixin.py:188} INFO - [2026-03-25T11:20:09.912+0000] {dagbag.py:540} INFO - Filling up the DagBag from /home/airflow/.local/lib/python3.12/site-packages/airflow/example_dags/example_branch_python_dop_operator_3.py
[2026-03-25T11:20:09.924+0000] {processor.py:840} INFO - DAG(s) 'example_branch_dop_operator_v3' retrieved from /home/airflow/.local/lib/python3.12/site-packages/airflow/example_dags/example_branch_python_dop_operator_3.py
[2026-03-25T11:20:09.951+0000] {logging_mixin.py:188} INFO - [2026-03-25T11:20:09.950+0000] {dag.py:3096} INFO - Sync 1 DAGs
[2026-03-25T11:20:09.981+0000] {logging_mixin.py:188} INFO - [2026-03-25T11:20:09.981+0000] {dag.py:3954} INFO - Setting next_dagrun for example_branch_dop_operator_v3 to 2026-03-25 11:19:00+00:00, run_after=2026-03-25 11:20:00+00:00
[2026-03-25T11:20:10.021+0000] {processor.py:183} INFO - Processing /home/airflow/.local/lib/python3.12/site-packages/airflow/example_dags/example_branch_python_dop_operator_3.py took 0.120 seconds
[2026-03-25T11:20:41.047+0000] {processor.py:161} INFO - Started process (PID=649) to work on /home/airflow/.local/lib/python3.12/site-packages/airflow/example_dags/example_branch_python_dop_operator_3.py
[2026-03-25T11:20:41.051+0000] {processor.py:830} INFO - Processing file /home/airflow/.local/lib/python3.12/site-packages/airflow/example_dags/example_branch_python_dop_operator_3.py for tasks to queue
[2026-03-25T11:20:41.061+0000] {logging_mixin.py:188} INFO - [2026-03-25T11:20:41.058+0000] {dagbag.py:540} INFO - Filling up the DagBag from /home/airflow/.local/lib/python3.12/site-packages/airflow/example_dags/example_branch_python_dop_operator_3.py
[2026-03-25T11:20:41.108+0000] {processor.py:840} INFO - DAG(s) 'example_branch_dop_operator_v3' retrieved from /home/airflow/.local/lib/python3.12/site-packages/airflow/example_dags/example_branch_python_dop_operator_3.py
[2026-03-25T11:20:41.210+0000] {logging_mixin.py:188} INFO - [2026-03-25T11:20:41.208+0000] {dag.py:3096} INFO - Sync 1 DAGs
[2026-03-25T11:20:41.365+0000] {logging_mixin.py:188} INFO - [2026-03-25T11:20:41.364+0000] {dag.py:3954} INFO - Setting next_dagrun for example_branch_dop_operator_v3 to 2026-03-25 11:19:00+00:00, run_after=2026-03-25 11:20:00+00:00
[2026-03-25T11:20:41.507+0000] {processor.py:183} INFO - Processing /home/airflow/.local/lib/python3.12/site-packages/airflow/example_dags/example_branch_python_dop_operator_3.py took 0.492 seconds
[2026-03-25T11:21:12.238+0000] {processor.py:161} INFO - Started process (PID=708) to work on /home/airflow/.local/lib/python3.12/site-packages/airflow/example_dags/example_branch_python_dop_operator_3.py
[2026-03-25T11:21:12.239+0000] {processor.py:830} INFO - Processing file /home/airflow/.local/lib/python3.12/site-packages/airflow/example_dags/example_branch_python_dop_operator_3.py for tasks to queue
[2026-03-25T11:21:12.241+0000] {logging_mixin.py:188} INFO - [2026-03-25T11:21:12.241+0000] {dagbag.py:540} INFO - Filling up the DagBag from /home/airflow/.local/lib/python3.12/site-packages/airflow/example_dags/example_branch_python_dop_operator_3.py
[2026-03-25T11:21:12.249+0000] {processor.py:840} INFO - DAG(s) 'example_branch_dop_operator_v3' retrieved from /home/airflow/.local/lib/python3.12/site-packages/airflow/example_dags/example_branch_python_dop_operator_3.py
[2026-03-25T11:21:12.269+0000] {logging_mixin.py:188} INFO - [2026-03-25T11:21:12.269+0000] {dag.py:3096} INFO - Sync 1 DAGs
[2026-03-25T11:21:12.295+0000] {logging_mixin.py:188} INFO - [2026-03-25T11:21:12.295+0000] {dag.py:3954} INFO - Setting next_dagrun for example_branch_dop_operator_v3 to 2026-03-25 11:20:00+00:00, run_after=2026-03-25 11:21:00+00:00
[2026-03-25T11:21:12.352+0000] {processor.py:183} INFO - Processing /home/airflow/.local/lib/python3.12/site-packages/airflow/example_dags/example_branch_python_dop_operator_3.py took 0.120 seconds
[2026-03-25T11:21:42.956+0000] {processor.py:161} INFO - Started process (PID=767) to work on /home/airflow/.local/lib/python3.12/site-packages/airflow/example_dags/example_branch_python_dop_operator_3.py
[2026-03-25T11:21:42.957+0000] {processor.py:830} INFO - Processing file /home/airflow/.local/lib/python3.12/site-packages/airflow/example_dags/example_branch_python_dop_operator_3.py for tasks to queue
[2026-03-25T11:21:42.960+0000] {logging_mixin.py:188} INFO - [2026-03-25T11:21:42.959+0000] {dagbag.py:540} INFO - Filling up the DagBag from /home/airflow/.local/lib/python3.12/site-packages/airflow/example_dags/example_branch_python_dop_operator_3.py
[2026-03-25T11:21:42.969+0000] {processor.py:840} INFO - DAG(s) 'example_branch_dop_operator_v3' retrieved from /home/airflow/.local/lib/python3.12/site-packages/airflow/example_dags/example_branch_python_dop_operator_3.py
[2026-03-25T11:21:42.989+0000] {logging_mixin.py:188} INFO - [2026-03-25T11:21:42.989+0000] {dag.py:3096} INFO - Sync 1 DAGs
[2026-03-25T11:21:43.017+0000] {logging_mixin.py:188} INFO - [2026-03-25T11:21:43.017+0000] {dag.py:3954} INFO - Setting next_dagrun for example_branch_dop_operator_v3 to 2026-03-25 11:20:00+00:00, run_after=2026-03-25 11:21:00+00:00
[2026-03-25T11:21:43.089+0000] {processor.py:183} INFO - Processing /home/airflow/.local/lib/python3.12/site-packages/airflow/example_dags/example_branch_python_dop_operator_3.py took 0.138 seconds
[2026-03-25T11:22:13.605+0000] {processor.py:161} INFO - Started process (PID=826) to work on /home/airflow/.local/lib/python3.12/site-packages/airflow/example_dags/example_branch_python_dop_operator_3.py
[2026-03-25T11:22:13.606+0000] {processor.py:830} INFO - Processing file /home/airflow/.local/lib/python3.12/site-packages/airflow/example_dags/example_branch_python_dop_operator_3.py for tasks to queue
[2026-03-25T11:22:13.610+0000] {logging_mixin.py:188} INFO - [2026-03-25T11:22:13.609+0000] {dagbag.py:540} INFO - Filling up the DagBag from /home/airflow/.local/lib/python3.12/site-packages/airflow/example_dags/example_branch_python_dop_operator_3.py
[2026-03-25T11:22:13.622+0000] {processor.py:840} INFO - DAG(s) 'example_branch_dop_operator_v3' retrieved from /home/airflow/.local/lib/python3.12/site-packages/airflow/example_dags/example_branch_python_dop_operator_3.py
[2026-03-25T11:22:13.656+0000] {logging_mixin.py:188} INFO - [2026-03-25T11:22:13.656+0000] {dag.py:3096} INFO - Sync 1 DAGs
[2026-03-25T11:22:13.702+0000] {logging_mixin.py:188} INFO - [2026-03-25T11:22:13.702+0000] {dag.py:3954} INFO - Setting next_dagrun for example_branch_dop_operator_v3 to 2026-03-25 11:21:00+00:00, run_after=2026-03-25 11:22:00+00:00
[2026-03-25T11:22:13.759+0000] {processor.py:183} INFO - Processing /home/airflow/.local/lib/python3.12/site-packages/airflow/example_dags/example_branch_python_dop_operator_3.py took 0.162 seconds
[2026-03-25T11:22:44.440+0000] {processor.py:161} INFO - Started process (PID=885) to work on /home/airflow/.local/lib/python3.12/site-packages/airflow/example_dags/example_branch_python_dop_operator_3.py
[2026-03-25T11:22:44.441+0000] {processor.py:830} INFO - Processing file /home/airflow/.local/lib/python3.12/site-packages/airflow/example_dags/example_branch_python_dop_operator_3.py for tasks to queue
[2026-03-25T11:22:44.443+0000] {logging_mixin.py:188} INFO - [2026-03-25T11:22:44.443+0000] {dagbag.py:540} INFO - Filling up the DagBag from /home/airflow/.local/lib/python3.12/site-packages/airflow/example_dags/example_branch_python_dop_operator_3.py
[2026-03-25T11:22:44.452+0000] {processor.py:840} INFO - DAG(s) 'example_branch_dop_operator_v3' retrieved from /home/airflow/.local/lib/python3.12/site-packages/airflow/example_dags/example_branch_python_dop_operator_3.py
[2026-03-25T11:22:44.472+0000] {logging_mixin.py:188} INFO - [2026-03-25T11:22:44.472+0000] {dag.py:3096} INFO - Sync 1 DAGs
[2026-03-25T11:22:44.497+0000] {logging_mixin.py:188} INFO - [2026-03-25T11:22:44.496+0000] {dag.py:3954} INFO - Setting next_dagrun for example_branch_dop_operator_v3 to 2026-03-25 11:21:00+00:00, run_after=2026-03-25 11:22:00+00:00
[2026-03-25T11:22:44.562+0000] {processor.py:183} INFO - Processing /home/airflow/.local/lib/python3.12/site-packages/airflow/example_dags/example_branch_python_dop_operator_3.py took 0.127 seconds
[2026-03-25T11:23:15.103+0000] {processor.py:161} INFO - Started process (PID=944) to work on /home/airflow/.local/lib/python3.12/site-packages/airflow/example_dags/example_branch_python_dop_operator_3.py
[2026-03-25T11:23:15.104+0000] {processor.py:830} INFO - Processing file /home/airflow/.local/lib/python3.12/site-packages/airflow/example_dags/example_branch_python_dop_operator_3.py for tasks to queue
[2026-03-25T11:23:15.107+0000] {logging_mixin.py:188} INFO - [2026-03-25T11:23:15.107+0000] {dagbag.py:540} INFO - Filling up the DagBag from /home/airflow/.local/lib/python3.12/site-packages/airflow/example_dags/example_branch_python_dop_operator_3.py
[2026-03-25T11:23:15.115+0000] {processor.py:840} INFO - DAG(s) 'example_branch_dop_operator_v3' retrieved from /home/airflow/.local/lib/python3.12/site-packages/airflow/example_dags/example_branch_python_dop_operator_3.py
[2026-03-25T11:23:15.133+0000] {logging_mixin.py:188} INFO - [2026-03-25T11:23:15.133+0000] {dag.py:3096} INFO - Sync 1 DAGs
[2026-03-25T11:23:15.171+0000] {logging_mixin.py:188} INFO - [2026-03-25T11:23:15.171+0000] {dag.py:3954} INFO - Setting next_dagrun for example_branch_dop_operator_v3 to 2026-03-25 11:22:00+00:00, run_after=2026-03-25 11:23:00+00:00
[2026-03-25T11:23:15.384+0000] {processor.py:183} INFO - Processing /home/airflow/.local/lib/python3.12/site-packages/airflow/example_dags/example_branch_python_dop_operator_3.py took 0.285 seconds
[2026-03-25T11:23:45.434+0000] {processor.py:161} INFO - Started process (PID=1003) to work on /home/airflow/.local/lib/python3.12/site-packages/airflow/example_dags/example_branch_python_dop_operator_3.py
[2026-03-25T11:23:45.435+0000] {processor.py:830} INFO - Processing file /home/airflow/.local/lib/python3.12/site-packages/airflow/example_dags/example_branch_python_dop_operator_3.py for tasks to queue
[2026-03-25T11:23:45.437+0000] {logging_mixin.py:188} INFO - [2026-03-25T11:23:45.437+0000] {dagbag.py:540} INFO - Filling up the DagBag from /home/airflow/.local/lib/python3.12/site-packages/airflow/example_dags/example_branch_python_dop_operator_3.py
[2026-03-25T11:23:45.446+0000] {processor.py:840} INFO - DAG(s) 'example_branch_dop_operator_v3' retrieved from /home/airflow/.local/lib/python3.12/site-packages/airflow/example_dags/example_branch_python_dop_operator_3.py
[2026-03-25T11:23:45.465+0000] {logging_mixin.py:188} INFO - [2026-03-25T11:23:45.464+0000] {dag.py:3096} INFO - Sync 1 DAGs
[2026-03-25T11:23:45.490+0000] {logging_mixin.py:188} INFO - [2026-03-25T11:23:45.490+0000] {dag.py:3954} INFO - Setting next_dagrun for example_branch_dop_operator_v3 to 2026-03-25 11:22:00+00:00, run_after=2026-03-25 11:23:00+00:00
[2026-03-25T11:23:45.543+0000] {processor.py:183} INFO - Processing /home/airflow/.local/lib/python3.12/site-packages/airflow/example_dags/example_branch_python_dop_operator_3.py took 0.115 seconds
[2026-03-25T11:24:16.357+0000] {processor.py:161} INFO - Started process (PID=1062) to work on /home/airflow/.local/lib/python3.12/site-packages/airflow/example_dags/example_branch_python_dop_operator_3.py
[2026-03-25T11:24:16.358+0000] {processor.py:830} INFO - Processing file /home/airflow/.local/lib/python3.12/site-packages/airflow/example_dags/example_branch_python_dop_operator_3.py for tasks to queue
[2026-03-25T11:24:16.362+0000] {logging_mixin.py:188} INFO - [2026-03-25T11:24:16.361+0000] {dagbag.py:540} INFO - Filling up the DagBag from /home/airflow/.local/lib/python3.12/site-packages/airflow/example_dags/example_branch_python_dop_operator_3.py
[2026-03-25T11:24:16.374+0000] {processor.py:840} INFO - DAG(s) 'example_branch_dop_operator_v3' retrieved from /home/airflow/.local/lib/python3.12/site-packages/airflow/example_dags/example_branch_python_dop_operator_3.py
[2026-03-25T11:24:16.402+0000] {logging_mixin.py:188} INFO - [2026-03-25T11:24:16.402+0000] {dag.py:3096} INFO - Sync 1 DAGs
[2026-03-25T11:24:16.434+0000] {logging_mixin.py:188} INFO - [2026-03-25T11:24:16.434+0000] {dag.py:3954} INFO - Setting next_dagrun for example_branch_dop_operator_v3 to 2026-03-25 11:23:00+00:00, run_after=2026-03-25 11:24:00+00:00
[2026-03-25T11:24:16.490+0000] {processor.py:183} INFO - Processing /home/airflow/.local/lib/python3.12/site-packages/airflow/example_dags/example_branch_python_dop_operator_3.py took 0.140 seconds
[2026-03-25T11:24:49.551+0000] {processor.py:161} INFO - Started process (PID=1119) to work on /home/airflow/.local/lib/python3.12/site-packages/airflow/example_dags/example_branch_python_dop_operator_3.py
[2026-03-25T11:24:49.552+0000] {processor.py:830} INFO - Processing file /home/airflow/.local/lib/python3.12/site-packages/airflow/example_dags/example_branch_python_dop_operator_3.py for tasks to queue
[2026-03-25T11:24:49.554+0000] {logging_mixin.py:188} INFO - [2026-03-25T11:24:49.554+0000] {dagbag.py:540} INFO - Filling up the DagBag from /home/airflow/.local/lib/python3.12/site-packages/airflow/example_dags/example_branch_python_dop_operator_3.py
[2026-03-25T11:24:49.565+0000] {processor.py:840} INFO - DAG(s) 'example_branch_dop_operator_v3' retrieved from /home/airflow/.local/lib/python3.12/site-packages/airflow/example_dags/example_branch_python_dop_operator_3.py
[2026-03-25T11:24:49.591+0000] {logging_mixin.py:188} INFO - [2026-03-25T11:24:49.591+0000] {dag.py:3096} INFO - Sync 1 DAGs
[2026-03-25T11:24:49.628+0000] {logging_mixin.py:188} INFO - [2026-03-25T11:24:49.627+0000] {dag.py:3954} INFO - Setting next_dagrun for example_branch_dop_operator_v3 to 2026-03-25 11:23:00+00:00, run_after=2026-03-25 11:24:00+00:00
[2026-03-25T11:24:49.685+0000] {processor.py:183} INFO - Processing /home/airflow/.local/lib/python3.12/site-packages/airflow/example_dags/example_branch_python_dop_operator_3.py took 0.144 seconds
[2026-03-25T11:25:19.902+0000] {processor.py:161} INFO - Started process (PID=1178) to work on /home/airflow/.local/lib/python3.12/site-packages/airflow/example_dags/example_branch_python_dop_operator_3.py
[2026-03-25T11:25:19.903+0000] {processor.py:830} INFO - Processing file /home/airflow/.local/lib/python3.12/site-packages/airflow/example_dags/example_branch_python_dop_operator_3.py for tasks to queue
[2026-03-25T11:25:19.906+0000] {logging_mixin.py:188} INFO - [2026-03-25T11:25:19.905+0000] {dagbag.py:540} INFO - Filling up the DagBag from /home/airflow/.local/lib/python3.12/site-packages/airflow/example_dags/example_branch_python_dop_operator_3.py
[2026-03-25T11:25:19.915+0000] {processor.py:840} INFO - DAG(s) 'example_branch_dop_operator_v3' retrieved from /home/airflow/.local/lib/python3.12/site-packages/airflow/example_dags/example_branch_python_dop_operator_3.py
[2026-03-25T11:25:19.938+0000] {logging_mixin.py:188} INFO - [2026-03-25T11:25:19.937+0000] {dag.py:3096} INFO - Sync 1 DAGs
[2026-03-25T11:25:19.969+0000] {logging_mixin.py:188} INFO - [2026-03-25T11:25:19.969+0000] {dag.py:3954} INFO - Setting next_dagrun for example_branch_dop_operator_v3 to 2026-03-25 11:24:00+00:00, run_after=2026-03-25 11:25:00+00:00
[2026-03-25T11:25:20.027+0000] {processor.py:183} INFO - Processing /home/airflow/.local/lib/python3.12/site-packages/airflow/example_dags/example_branch_python_dop_operator_3.py took 0.133 seconds
[2026-03-25T11:25:52.728+0000] {processor.py:161} INFO - Started process (PID=1235) to work on /home/airflow/.local/lib/python3.12/site-packages/airflow/example_dags/example_branch_python_dop_operator_3.py
[2026-03-25T11:25:52.729+0000] {processor.py:830} INFO - Processing file /home/airflow/.local/lib/python3.12/site-packages/airflow/example_dags/example_branch_python_dop_operator_3.py for tasks to queue
[2026-03-25T11:25:52.731+0000] {logging_mixin.py:188} INFO - [2026-03-25T11:25:52.731+0000] {dagbag.py:540} INFO - Filling up the DagBag from /home/airflow/.local/lib/python3.12/site-packages/airflow/example_dags/example_branch_python_dop_operator_3.py
[2026-03-25T11:25:52.739+0000] {processor.py:840} INFO - DAG(s) 'example_branch_dop_operator_v3' retrieved from /home/airflow/.local/lib/python3.12/site-packages/airflow/example_dags/example_branch_python_dop_operator_3.py
[2026-03-25T11:25:52.758+0000] {logging_mixin.py:188} INFO - [2026-03-25T11:25:52.758+0000] {dag.py:3096} INFO - Sync 1 DAGs
[2026-03-25T11:25:52.781+0000] {logging_mixin.py:188} INFO - [2026-03-25T11:25:52.781+0000] {dag.py:3954} INFO - Setting next_dagrun for example_branch_dop_operator_v3 to 2026-03-25 11:24:00+00:00, run_after=2026-03-25 11:25:00+00:00
[2026-03-25T11:25:52.824+0000] {processor.py:183} INFO - Processing /home/airflow/.local/lib/python3.12/site-packages/airflow/example_dags/example_branch_python_dop_operator_3.py took 0.100 seconds
[2026-03-25T11:26:25.527+0000] {processor.py:161} INFO - Started process (PID=1294) to work on /home/airflow/.local/lib/python3.12/site-packages/airflow/example_dags/example_branch_python_dop_operator_3.py
[2026-03-25T11:26:25.529+0000] {processor.py:830} INFO - Processing file /home/airflow/.local/lib/python3.12/site-packages/airflow/example_dags/example_branch_python_dop_operator_3.py for tasks to queue
[2026-03-25T11:26:25.533+0000] {logging_mixin.py:188} INFO - [2026-03-25T11:26:25.532+0000] {dagbag.py:540} INFO - Filling up the DagBag from /home/airflow/.local/lib/python3.12/site-packages/airflow/example_dags/example_branch_python_dop_operator_3.py
[2026-03-25T11:26:25.545+0000] {processor.py:840} INFO - DAG(s) 'example_branch_dop_operator_v3' retrieved from /home/airflow/.local/lib/python3.12/site-packages/airflow/example_dags/example_branch_python_dop_operator_3.py
[2026-03-25T11:26:25.566+0000] {logging_mixin.py:188} INFO - [2026-03-25T11:26:25.565+0000] {dag.py:3096} INFO - Sync 1 DAGs
[2026-03-25T11:26:25.593+0000] {logging_mixin.py:188} INFO - [2026-03-25T11:26:25.593+0000] {dag.py:3954} INFO - Setting next_dagrun for example_branch_dop_operator_v3 to 2026-03-25 11:25:00+00:00, run_after=2026-03-25 11:26:00+00:00
[2026-03-25T11:26:25.655+0000] {processor.py:183} INFO - Processing /home/airflow/.local/lib/python3.12/site-packages/airflow/example_dags/example_branch_python_dop_operator_3.py took 0.138 seconds
[2026-03-25T11:26:58.420+0000] {processor.py:161} INFO - Started process (PID=1353) to work on /home/airflow/.local/lib/python3.12/site-packages/airflow/example_dags/example_branch_python_dop_operator_3.py
[2026-03-25T11:26:58.421+0000] {processor.py:830} INFO - Processing file /home/airflow/.local/lib/python3.12/site-packages/airflow/example_dags/example_branch_python_dop_operator_3.py for tasks to queue
[2026-03-25T11:26:58.423+0000] {logging_mixin.py:188} INFO - [2026-03-25T11:26:58.423+0000] {dagbag.py:540} INFO - Filling up the DagBag from /home/airflow/.local/lib/python3.12/site-packages/airflow/example_dags/example_branch_python_dop_operator_3.py
[2026-03-25T11:26:58.432+0000] {processor.py:840} INFO - DAG(s) 'example_branch_dop_operator_v3' retrieved from /home/airflow/.local/lib/python3.12/site-packages/airflow/example_dags/example_branch_python_dop_operator_3.py
[2026-03-25T11:26:58.451+0000] {logging_mixin.py:188} INFO - [2026-03-25T11:26:58.450+0000] {dag.py:3096} INFO - Sync 1 DAGs
[2026-03-25T11:26:58.480+0000] {logging_mixin.py:188} INFO - [2026-03-25T11:26:58.480+0000] {dag.py:3954} INFO - Setting next_dagrun for example_branch_dop_operator_v3 to 2026-03-25 11:25:00+00:00, run_after=2026-03-25 11:26:00+00:00
[2026-03-25T11:26:58.518+0000] {processor.py:183} INFO - Processing /home/airflow/.local/lib/python3.12/site-packages/airflow/example_dags/example_branch_python_dop_operator_3.py took 0.104 seconds
[2026-03-25T11:27:31.785+0000] {processor.py:161} INFO - Started process (PID=1402) to work on /home/airflow/.local/lib/python3.12/site-packages/airflow/example_dags/example_branch_python_dop_operator_3.py
[2026-03-25T11:27:31.787+0000] {processor.py:830} INFO - Processing file /home/airflow/.local/lib/python3.12/site-packages/airflow/example_dags/example_branch_python_dop_operator_3.py for tasks to queue
[2026-03-25T11:27:31.790+0000] {logging_mixin.py:188} INFO - [2026-03-25T11:27:31.789+0000] {dagbag.py:540} INFO - Filling up the DagBag from /home/airflow/.local/lib/python3.12/site-packages/airflow/example_dags/example_branch_python_dop_operator_3.py
[2026-03-25T11:27:31.805+0000] {processor.py:840} INFO - DAG(s) 'example_branch_dop_operator_v3' retrieved from /home/airflow/.local/lib/python3.12/site-packages/airflow/example_dags/example_branch_python_dop_operator_3.py
[2026-03-25T11:27:31.844+0000] {logging_mixin.py:188} INFO - [2026-03-25T11:27:31.844+0000] {dag.py:3096} INFO - Sync 1 DAGs
[2026-03-25T11:27:31.905+0000] {logging_mixin.py:188} INFO - [2026-03-25T11:27:31.905+0000] {dag.py:3954} INFO - Setting next_dagrun for example_branch_dop_operator_v3 to 2026-03-25 11:26:00+00:00, run_after=2026-03-25 11:27:00+00:00
[2026-03-25T11:27:31.999+0000] {processor.py:183} INFO - Processing /home/airflow/.local/lib/python3.12/site-packages/airflow/example_dags/example_branch_python_dop_operator_3.py took 0.223 seconds
[2026-03-25T11:28:02.740+0000] {processor.py:161} INFO - Started process (PID=1461) to work on /home/airflow/.local/lib/python3.12/site-packages/airflow/example_dags/example_branch_python_dop_operator_3.py
[2026-03-25T11:28:02.741+0000] {processor.py:830} INFO - Processing file /home/airflow/.local/lib/python3.12/site-packages/airflow/example_dags/example_branch_python_dop_operator_3.py for tasks to queue
[2026-03-25T11:28:02.743+0000] {logging_mixin.py:188} INFO - [2026-03-25T11:28:02.743+0000] {dagbag.py:540} INFO - Filling up the DagBag from /home/airflow/.local/lib/python3.12/site-packages/airflow/example_dags/example_branch_python_dop_operator_3.py
[2026-03-25T11:28:02.752+0000] {processor.py:840} INFO - DAG(s) 'example_branch_dop_operator_v3' retrieved from /home/airflow/.local/lib/python3.12/site-packages/airflow/example_dags/example_branch_python_dop_operator_3.py
[2026-03-25T11:28:02.774+0000] {logging_mixin.py:188} INFO - [2026-03-25T11:28:02.774+0000] {dag.py:3096} INFO - Sync 1 DAGs
[2026-03-25T11:28:02.804+0000] {logging_mixin.py:188} INFO - [2026-03-25T11:28:02.804+0000] {dag.py:3954} INFO - Setting next_dagrun for example_branch_dop_operator_v3 to 2026-03-25 11:27:00+00:00, run_after=2026-03-25 11:28:00+00:00
[2026-03-25T11:28:02.850+0000] {processor.py:183} INFO - Processing /home/airflow/.local/lib/python3.12/site-packages/airflow/example_dags/example_branch_python_dop_operator_3.py took 0.115 seconds
[2026-03-25T11:28:34.023+0000] {processor.py:161} INFO - Started process (PID=1489) to work on /home/airflow/.local/lib/python3.12/site-packages/airflow/example_dags/example_branch_python_dop_operator_3.py
[2026-03-25T11:28:34.027+0000] {processor.py:830} INFO - Processing file /home/airflow/.local/lib/python3.12/site-packages/airflow/example_dags/example_branch_python_dop_operator_3.py for tasks to queue
[2026-03-25T11:28:34.032+0000] {logging_mixin.py:188} INFO - [2026-03-25T11:28:34.031+0000] {dagbag.py:540} INFO - Filling up the DagBag from /home/airflow/.local/lib/python3.12/site-packages/airflow/example_dags/example_branch_python_dop_operator_3.py
[2026-03-25T11:28:34.051+0000] {processor.py:840} INFO - DAG(s) 'example_branch_dop_operator_v3' retrieved from /home/airflow/.local/lib/python3.12/site-packages/airflow/example_dags/example_branch_python_dop_operator_3.py
[2026-03-25T11:28:34.086+0000] {logging_mixin.py:188} INFO - [2026-03-25T11:28:34.085+0000] {dag.py:3096} INFO - Sync 1 DAGs
[2026-03-25T11:28:34.129+0000] {logging_mixin.py:188} INFO - [2026-03-25T11:28:34.129+0000] {dag.py:3954} INFO - Setting next_dagrun for example_branch_dop_operator_v3 to 2026-03-25 11:27:00+00:00, run_after=2026-03-25 11:28:00+00:00
[2026-03-25T11:28:34.253+0000] {processor.py:183} INFO - Processing /home/airflow/.local/lib/python3.12/site-packages/airflow/example_dags/example_branch_python_dop_operator_3.py took 0.243 seconds
[2026-03-25T11:29:06.062+0000] {processor.py:161} INFO - Started process (PID=1548) to work on /home/airflow/.local/lib/python3.12/site-packages/airflow/example_dags/example_branch_python_dop_operator_3.py
[2026-03-25T11:29:06.063+0000] {processor.py:830} INFO - Processing file /home/airflow/.local/lib/python3.12/site-packages/airflow/example_dags/example_branch_python_dop_operator_3.py for tasks to queue
[2026-03-25T11:29:06.065+0000] {logging_mixin.py:188} INFO - [2026-03-25T11:29:06.064+0000] {dagbag.py:540} INFO - Filling up the DagBag from /home/airflow/.local/lib/python3.12/site-packages/airflow/example_dags/example_branch_python_dop_operator_3.py
[2026-03-25T11:29:06.074+0000] {processor.py:840} INFO - DAG(s) 'example_branch_dop_operator_v3' retrieved from /home/airflow/.local/lib/python3.12/site-packages/airflow/example_dags/example_branch_python_dop_operator_3.py
[2026-03-25T11:29:06.093+0000] {logging_mixin.py:188} INFO - [2026-03-25T11:29:06.093+0000] {dag.py:3096} INFO - Sync 1 DAGs
[2026-03-25T11:29:06.119+0000] {logging_mixin.py:188} INFO - [2026-03-25T11:29:06.119+0000] {dag.py:3954} INFO - Setting next_dagrun for example_branch_dop_operator_v3 to 2026-03-25 11:28:00+00:00, run_after=2026-03-25 11:29:00+00:00
[2026-03-25T11:29:06.157+0000] {processor.py:183} INFO - Processing /home/airflow/.local/lib/python3.12/site-packages/airflow/example_dags/example_branch_python_dop_operator_3.py took 0.101 seconds
[2026-03-25T11:29:36.449+0000] {processor.py:161} INFO - Started process (PID=1613) to work on /home/airflow/.local/lib/python3.12/site-packages/airflow/example_dags/example_branch_python_dop_operator_3.py
[2026-03-25T11:29:36.450+0000] {processor.py:830} INFO - Processing file /home/airflow/.local/lib/python3.12/site-packages/airflow/example_dags/example_branch_python_dop_operator_3.py for tasks to queue
[2026-03-25T11:29:36.453+0000] {logging_mixin.py:188} INFO - [2026-03-25T11:29:36.453+0000] {dagbag.py:540} INFO - Filling up the DagBag from /home/airflow/.local/lib/python3.12/site-packages/airflow/example_dags/example_branch_python_dop_operator_3.py
[2026-03-25T11:29:36.468+0000] {processor.py:840} INFO - DAG(s) 'example_branch_dop_operator_v3' retrieved from /home/airflow/.local/lib/python3.12/site-packages/airflow/example_dags/example_branch_python_dop_operator_3.py
[2026-03-25T11:29:36.496+0000] {logging_mixin.py:188} INFO - [2026-03-25T11:29:36.496+0000] {dag.py:3096} INFO - Sync 1 DAGs
[2026-03-25T11:29:36.537+0000] {logging_mixin.py:188} INFO - [2026-03-25T11:29:36.536+0000] {dag.py:3954} INFO - Setting next_dagrun for example_branch_dop_operator_v3 to 2026-03-25 11:28:00+00:00, run_after=2026-03-25 11:29:00+00:00
[2026-03-25T11:29:36.585+0000] {processor.py:183} INFO - Processing /home/airflow/.local/lib/python3.12/site-packages/airflow/example_dags/example_branch_python_dop_operator_3.py took 0.145 seconds
[2026-03-25T11:30:07.398+0000] {processor.py:161} INFO - Started process (PID=1666) to work on /home/airflow/.local/lib/python3.12/site-packages/airflow/example_dags/example_branch_python_dop_operator_3.py
[2026-03-25T11:30:07.400+0000] {processor.py:830} INFO - Processing file /home/airflow/.local/lib/python3.12/site-packages/airflow/example_dags/example_branch_python_dop_operator_3.py for tasks to queue
[2026-03-25T11:30:07.406+0000] {logging_mixin.py:188} INFO - [2026-03-25T11:30:07.405+0000] {dagbag.py:540} INFO - Filling up the DagBag from /home/airflow/.local/lib/python3.12/site-packages/airflow/example_dags/example_branch_python_dop_operator_3.py
[2026-03-25T11:30:07.427+0000] {processor.py:840} INFO - DAG(s) 'example_branch_dop_operator_v3' retrieved from /home/airflow/.local/lib/python3.12/site-packages/airflow/example_dags/example_branch_python_dop_operator_3.py
[2026-03-25T11:30:07.457+0000] {logging_mixin.py:188} INFO - [2026-03-25T11:30:07.457+0000] {dag.py:3096} INFO - Sync 1 DAGs
[2026-03-25T11:30:07.497+0000] {logging_mixin.py:188} INFO - [2026-03-25T11:30:07.497+0000] {dag.py:3954} INFO - Setting next_dagrun for example_branch_dop_operator_v3 to 2026-03-25 11:29:00+00:00, run_after=2026-03-25 11:30:00+00:00
[2026-03-25T11:30:07.563+0000] {processor.py:183} INFO - Processing /home/airflow/.local/lib/python3.12/site-packages/airflow/example_dags/example_branch_python_dop_operator_3.py took 0.174 seconds
[2026-03-25T11:30:37.616+0000] {processor.py:161} INFO - Started process (PID=1725) to work on /home/airflow/.local/lib/python3.12/site-packages/airflow/example_dags/example_branch_python_dop_operator_3.py
[2026-03-25T11:30:37.617+0000] {processor.py:830} INFO - Processing file /home/airflow/.local/lib/python3.12/site-packages/airflow/example_dags/example_branch_python_dop_operator_3.py for tasks to queue
[2026-03-25T11:30:37.619+0000] {logging_mixin.py:188} INFO - [2026-03-25T11:30:37.619+0000] {dagbag.py:540} INFO - Filling up the DagBag from /home/airflow/.local/lib/python3.12/site-packages/airflow/example_dags/example_branch_python_dop_operator_3.py
[2026-03-25T11:30:37.628+0000] {processor.py:840} INFO - DAG(s) 'example_branch_dop_operator_v3' retrieved from /home/airflow/.local/lib/python3.12/site-packages/airflow/example_dags/example_branch_python_dop_operator_3.py
[2026-03-25T11:30:37.649+0000] {logging_mixin.py:188} INFO - [2026-03-25T11:30:37.648+0000] {dag.py:3096} INFO - Sync 1 DAGs
[2026-03-25T11:30:37.676+0000] {logging_mixin.py:188} INFO - [2026-03-25T11:30:37.676+0000] {dag.py:3954} INFO - Setting next_dagrun for example_branch_dop_operator_v3 to 2026-03-25 11:29:00+00:00, run_after=2026-03-25 11:30:00+00:00
[2026-03-25T11:30:37.721+0000] {processor.py:183} INFO - Processing /home/airflow/.local/lib/python3.12/site-packages/airflow/example_dags/example_branch_python_dop_operator_3.py took 0.111 seconds
[2026-03-25T11:31:08.186+0000] {processor.py:161} INFO - Started process (PID=1784) to work on /home/airflow/.local/lib/python3.12/site-packages/airflow/example_dags/example_branch_python_dop_operator_3.py
[2026-03-25T11:31:08.189+0000] {processor.py:830} INFO - Processing file /home/airflow/.local/lib/python3.12/site-packages/airflow/example_dags/example_branch_python_dop_operator_3.py for tasks to queue
[2026-03-25T11:31:08.192+0000] {logging_mixin.py:188} INFO - [2026-03-25T11:31:08.191+0000] {dagbag.py:540} INFO - Filling up the DagBag from /home/airflow/.local/lib/python3.12/site-packages/airflow/example_dags/example_branch_python_dop_operator_3.py
[2026-03-25T11:31:08.204+0000] {processor.py:840} INFO - DAG(s) 'example_branch_dop_operator_v3' retrieved from /home/airflow/.local/lib/python3.12/site-packages/airflow/example_dags/example_branch_python_dop_operator_3.py
[2026-03-25T11:31:08.232+0000] {logging_mixin.py:188} INFO - [2026-03-25T11:31:08.232+0000] {dag.py:3096} INFO - Sync 1 DAGs
[2026-03-25T11:31:08.263+0000] {logging_mixin.py:188} INFO - [2026-03-25T11:31:08.263+0000] {dag.py:3954} INFO - Setting next_dagrun for example_branch_dop_operator_v3 to 2026-03-25 11:30:00+00:00, run_after=2026-03-25 11:31:00+00:00
[2026-03-25T11:31:08.308+0000] {processor.py:183} INFO - Processing /home/airflow/.local/lib/python3.12/site-packages/airflow/example_dags/example_branch_python_dop_operator_3.py took 0.133 seconds
[2026-03-25T11:31:38.443+0000] {processor.py:161} INFO - Started process (PID=1843) to work on /home/airflow/.local/lib/python3.12/site-packages/airflow/example_dags/example_branch_python_dop_operator_3.py
[2026-03-25T11:31:38.444+0000] {processor.py:830} INFO - Processing file /home/airflow/.local/lib/python3.12/site-packages/airflow/example_dags/example_branch_python_dop_operator_3.py for tasks to queue
[2026-03-25T11:31:38.446+0000] {logging_mixin.py:188} INFO - [2026-03-25T11:31:38.445+0000] {dagbag.py:540} INFO - Filling up the DagBag from /home/airflow/.local/lib/python3.12/site-packages/airflow/example_dags/example_branch_python_dop_operator_3.py
[2026-03-25T11:31:38.453+0000] {processor.py:840} INFO - DAG(s) 'example_branch_dop_operator_v3' retrieved from /home/airflow/.local/lib/python3.12/site-packages/airflow/example_dags/example_branch_python_dop_operator_3.py
[2026-03-25T11:31:38.473+0000] {logging_mixin.py:188} INFO - [2026-03-25T11:31:38.473+0000] {dag.py:3096} INFO - Sync 1 DAGs
[2026-03-25T11:31:38.501+0000] {logging_mixin.py:188} INFO - [2026-03-25T11:31:38.501+0000] {dag.py:3954} INFO - Setting next_dagrun for example_branch_dop_operator_v3 to 2026-03-25 11:30:00+00:00, run_after=2026-03-25 11:31:00+00:00
[2026-03-25T11:31:38.543+0000] {processor.py:183} INFO - Processing /home/airflow/.local/lib/python3.12/site-packages/airflow/example_dags/example_branch_python_dop_operator_3.py took 0.105 seconds
[2026-03-25T11:32:09.202+0000] {processor.py:161} INFO - Started process (PID=1902) to work on /home/airflow/.local/lib/python3.12/site-packages/airflow/example_dags/example_branch_python_dop_operator_3.py
[2026-03-25T11:32:09.203+0000] {processor.py:830} INFO - Processing file /home/airflow/.local/lib/python3.12/site-packages/airflow/example_dags/example_branch_python_dop_operator_3.py for tasks to queue
[2026-03-25T11:32:09.205+0000] {logging_mixin.py:188} INFO - [2026-03-25T11:32:09.204+0000] {dagbag.py:540} INFO - Filling up the DagBag from /home/airflow/.local/lib/python3.12/site-packages/airflow/example_dags/example_branch_python_dop_operator_3.py
[2026-03-25T11:32:09.214+0000] {processor.py:840} INFO - DAG(s) 'example_branch_dop_operator_v3' retrieved from /home/airflow/.local/lib/python3.12/site-packages/airflow/example_dags/example_branch_python_dop_operator_3.py
[2026-03-25T11:32:09.232+0000] {logging_mixin.py:188} INFO - [2026-03-25T11:32:09.232+0000] {dag.py:3096} INFO - Sync 1 DAGs
[2026-03-25T11:32:09.257+0000] {logging_mixin.py:188} INFO - [2026-03-25T11:32:09.256+0000] {dag.py:3954} INFO - Setting next_dagrun for example_branch_dop_operator_v3 to 2026-03-25 11:31:00+00:00, run_after=2026-03-25 11:32:00+00:00
[2026-03-25T11:32:09.302+0000] {processor.py:183} INFO - Processing /home/airflow/.local/lib/python3.12/site-packages/airflow/example_dags/example_branch_python_dop_operator_3.py took 0.106 seconds
[2026-03-25T11:34:34.775+0000] {processor.py:161} INFO - Started process (PID=70) to work on /home/airflow/.local/lib/python3.12/site-packages/airflow/example_dags/example_branch_python_dop_operator_3.py
[2026-03-25T11:34:34.777+0000] {processor.py:830} INFO - Processing file /home/airflow/.local/lib/python3.12/site-packages/airflow/example_dags/example_branch_python_dop_operator_3.py for tasks to queue
[2026-03-25T11:34:34.779+0000] {logging_mixin.py:188} INFO - [2026-03-25T11:34:34.779+0000] {dagbag.py:540} INFO - Filling up the DagBag from /home/airflow/.local/lib/python3.12/site-packages/airflow/example_dags/example_branch_python_dop_operator_3.py
[2026-03-25T11:34:34.794+0000] {processor.py:840} INFO - DAG(s) 'example_branch_dop_operator_v3' retrieved from /home/airflow/.local/lib/python3.12/site-packages/airflow/example_dags/example_branch_python_dop_operator_3.py
[2026-03-25T11:34:34.994+0000] {logging_mixin.py:188} INFO - [2026-03-25T11:34:34.993+0000] {dag.py:3096} INFO - Sync 1 DAGs
[2026-03-25T11:34:35.035+0000] {logging_mixin.py:188} INFO - [2026-03-25T11:34:35.035+0000] {dag.py:3954} INFO - Setting next_dagrun for example_branch_dop_operator_v3 to 2026-03-25 11:33:00+00:00, run_after=2026-03-25 11:34:00+00:00
[2026-03-25T11:34:35.094+0000] {processor.py:183} INFO - Processing /home/airflow/.local/lib/python3.12/site-packages/airflow/example_dags/example_branch_python_dop_operator_3.py took 0.327 seconds
[2026-03-25T11:35:05.770+0000] {processor.py:161} INFO - Started process (PID=123) to work on /home/airflow/.local/lib/python3.12/site-packages/airflow/example_dags/example_branch_python_dop_operator_3.py
[2026-03-25T11:35:05.771+0000] {processor.py:830} INFO - Processing file /home/airflow/.local/lib/python3.12/site-packages/airflow/example_dags/example_branch_python_dop_operator_3.py for tasks to queue
[2026-03-25T11:35:05.773+0000] {logging_mixin.py:188} INFO - [2026-03-25T11:35:05.773+0000] {dagbag.py:540} INFO - Filling up the DagBag from /home/airflow/.local/lib/python3.12/site-packages/airflow/example_dags/example_branch_python_dop_operator_3.py
[2026-03-25T11:35:05.782+0000] {processor.py:840} INFO - DAG(s) 'example_branch_dop_operator_v3' retrieved from /home/airflow/.local/lib/python3.12/site-packages/airflow/example_dags/example_branch_python_dop_operator_3.py
[2026-03-25T11:35:05.805+0000] {logging_mixin.py:188} INFO - [2026-03-25T11:35:05.805+0000] {dag.py:3096} INFO - Sync 1 DAGs
[2026-03-25T11:35:05.830+0000] {logging_mixin.py:188} INFO - [2026-03-25T11:35:05.829+0000] {dag.py:3954} INFO - Setting next_dagrun for example_branch_dop_operator_v3 to 2026-03-25 11:34:00+00:00, run_after=2026-03-25 11:35:00+00:00
[2026-03-25T11:35:05.937+0000] {processor.py:183} INFO - Processing /home/airflow/.local/lib/python3.12/site-packages/airflow/example_dags/example_branch_python_dop_operator_3.py took 0.172 seconds
[2026-03-25T11:35:37.830+0000] {processor.py:161} INFO - Started process (PID=182) to work on /home/airflow/.local/lib/python3.12/site-packages/airflow/example_dags/example_branch_python_dop_operator_3.py
[2026-03-25T11:35:37.831+0000] {processor.py:830} INFO - Processing file /home/airflow/.local/lib/python3.12/site-packages/airflow/example_dags/example_branch_python_dop_operator_3.py for tasks to queue
[2026-03-25T11:35:37.833+0000] {logging_mixin.py:188} INFO - [2026-03-25T11:35:37.833+0000] {dagbag.py:540} INFO - Filling up the DagBag from /home/airflow/.local/lib/python3.12/site-packages/airflow/example_dags/example_branch_python_dop_operator_3.py
[2026-03-25T11:35:37.843+0000] {processor.py:840} INFO - DAG(s) 'example_branch_dop_operator_v3' retrieved from /home/airflow/.local/lib/python3.12/site-packages/airflow/example_dags/example_branch_python_dop_operator_3.py
[2026-03-25T11:35:37.865+0000] {logging_mixin.py:188} INFO - [2026-03-25T11:35:37.865+0000] {dag.py:3096} INFO - Sync 1 DAGs
[2026-03-25T11:35:37.895+0000] {logging_mixin.py:188} INFO - [2026-03-25T11:35:37.895+0000] {dag.py:3954} INFO - Setting next_dagrun for example_branch_dop_operator_v3 to 2026-03-25 11:34:00+00:00, run_after=2026-03-25 11:35:00+00:00
[2026-03-25T11:35:37.930+0000] {processor.py:183} INFO - Processing /home/airflow/.local/lib/python3.12/site-packages/airflow/example_dags/example_branch_python_dop_operator_3.py took 0.106 seconds
[2026-03-25T11:36:11.020+0000] {processor.py:161} INFO - Started process (PID=242) to work on /home/airflow/.local/lib/python3.12/site-packages/airflow/example_dags/example_branch_python_dop_operator_3.py
[2026-03-25T11:36:11.021+0000] {processor.py:830} INFO - Processing file /home/airflow/.local/lib/python3.12/site-packages/airflow/example_dags/example_branch_python_dop_operator_3.py for tasks to queue
[2026-03-25T11:36:11.023+0000] {logging_mixin.py:188} INFO - [2026-03-25T11:36:11.023+0000] {dagbag.py:540} INFO - Filling up the DagBag from /home/airflow/.local/lib/python3.12/site-packages/airflow/example_dags/example_branch_python_dop_operator_3.py
[2026-03-25T11:36:11.032+0000] {processor.py:840} INFO - DAG(s) 'example_branch_dop_operator_v3' retrieved from /home/airflow/.local/lib/python3.12/site-packages/airflow/example_dags/example_branch_python_dop_operator_3.py
[2026-03-25T11:36:11.052+0000] {logging_mixin.py:188} INFO - [2026-03-25T11:36:11.052+0000] {dag.py:3096} INFO - Sync 1 DAGs
[2026-03-25T11:36:11.210+0000] {logging_mixin.py:188} INFO - [2026-03-25T11:36:11.210+0000] {dag.py:3954} INFO - Setting next_dagrun for example_branch_dop_operator_v3 to 2026-03-25 11:35:00+00:00, run_after=2026-03-25 11:36:00+00:00
[2026-03-25T11:36:11.258+0000] {processor.py:183} INFO - Processing /home/airflow/.local/lib/python3.12/site-packages/airflow/example_dags/example_branch_python_dop_operator_3.py took 0.244 seconds
[2026-03-25T11:36:44.086+0000] {processor.py:161} INFO - Started process (PID=301) to work on /home/airflow/.local/lib/python3.12/site-packages/airflow/example_dags/example_branch_python_dop_operator_3.py
[2026-03-25T11:36:44.088+0000] {processor.py:830} INFO - Processing file /home/airflow/.local/lib/python3.12/site-packages/airflow/example_dags/example_branch_python_dop_operator_3.py for tasks to queue
[2026-03-25T11:36:44.091+0000] {logging_mixin.py:188} INFO - [2026-03-25T11:36:44.091+0000] {dagbag.py:540} INFO - Filling up the DagBag from /home/airflow/.local/lib/python3.12/site-packages/airflow/example_dags/example_branch_python_dop_operator_3.py
[2026-03-25T11:36:44.106+0000] {processor.py:840} INFO - DAG(s) 'example_branch_dop_operator_v3' retrieved from /home/airflow/.local/lib/python3.12/site-packages/airflow/example_dags/example_branch_python_dop_operator_3.py
[2026-03-25T11:36:44.142+0000] {logging_mixin.py:188} INFO - [2026-03-25T11:36:44.141+0000] {dag.py:3096} INFO - Sync 1 DAGs
[2026-03-25T11:36:44.189+0000] {logging_mixin.py:188} INFO - [2026-03-25T11:36:44.188+0000] {dag.py:3954} INFO - Setting next_dagrun for example_branch_dop_operator_v3 to 2026-03-25 11:35:00+00:00, run_after=2026-03-25 11:36:00+00:00
[2026-03-25T11:36:44.287+0000] {processor.py:183} INFO - Processing /home/airflow/.local/lib/python3.12/site-packages/airflow/example_dags/example_branch_python_dop_operator_3.py took 0.212 seconds
[2026-03-25T11:37:16.415+0000] {processor.py:161} INFO - Started process (PID=360) to work on /home/airflow/.local/lib/python3.12/site-packages/airflow/example_dags/example_branch_python_dop_operator_3.py
[2026-03-25T11:37:16.417+0000] {processor.py:830} INFO - Processing file /home/airflow/.local/lib/python3.12/site-packages/airflow/example_dags/example_branch_python_dop_operator_3.py for tasks to queue
[2026-03-25T11:37:16.419+0000] {logging_mixin.py:188} INFO - [2026-03-25T11:37:16.419+0000] {dagbag.py:540} INFO - Filling up the DagBag from /home/airflow/.local/lib/python3.12/site-packages/airflow/example_dags/example_branch_python_dop_operator_3.py
[2026-03-25T11:37:16.429+0000] {processor.py:840} INFO - DAG(s) 'example_branch_dop_operator_v3' retrieved from /home/airflow/.local/lib/python3.12/site-packages/airflow/example_dags/example_branch_python_dop_operator_3.py
[2026-03-25T11:37:16.453+0000] {logging_mixin.py:188} INFO - [2026-03-25T11:37:16.453+0000] {dag.py:3096} INFO - Sync 1 DAGs
[2026-03-25T11:37:16.483+0000] {logging_mixin.py:188} INFO - [2026-03-25T11:37:16.483+0000] {dag.py:3954} INFO - Setting next_dagrun for example_branch_dop_operator_v3 to 2026-03-25 11:36:00+00:00, run_after=2026-03-25 11:37:00+00:00
[2026-03-25T11:37:16.555+0000] {processor.py:183} INFO - Processing /home/airflow/.local/lib/python3.12/site-packages/airflow/example_dags/example_branch_python_dop_operator_3.py took 0.146 seconds
[2026-03-25T11:37:49.230+0000] {processor.py:161} INFO - Started process (PID=419) to work on /home/airflow/.local/lib/python3.12/site-packages/airflow/example_dags/example_branch_python_dop_operator_3.py
[2026-03-25T11:37:49.231+0000] {processor.py:830} INFO - Processing file /home/airflow/.local/lib/python3.12/site-packages/airflow/example_dags/example_branch_python_dop_operator_3.py for tasks to queue
[2026-03-25T11:37:49.233+0000] {logging_mixin.py:188} INFO - [2026-03-25T11:37:49.233+0000] {dagbag.py:540} INFO - Filling up the DagBag from /home/airflow/.local/lib/python3.12/site-packages/airflow/example_dags/example_branch_python_dop_operator_3.py
[2026-03-25T11:37:49.242+0000] {processor.py:840} INFO - DAG(s) 'example_branch_dop_operator_v3' retrieved from /home/airflow/.local/lib/python3.12/site-packages/airflow/example_dags/example_branch_python_dop_operator_3.py
[2026-03-25T11:37:49.261+0000] {logging_mixin.py:188} INFO - [2026-03-25T11:37:49.261+0000] {dag.py:3096} INFO - Sync 1 DAGs
[2026-03-25T11:37:49.288+0000] {logging_mixin.py:188} INFO - [2026-03-25T11:37:49.288+0000] {dag.py:3954} INFO - Setting next_dagrun for example_branch_dop_operator_v3 to 2026-03-25 11:36:00+00:00, run_after=2026-03-25 11:37:00+00:00
[2026-03-25T11:37:49.336+0000] {processor.py:183} INFO - Processing /home/airflow/.local/lib/python3.12/site-packages/airflow/example_dags/example_branch_python_dop_operator_3.py took 0.111 seconds
[2026-03-25T11:38:21.583+0000] {processor.py:161} INFO - Started process (PID=478) to work on /home/airflow/.local/lib/python3.12/site-packages/airflow/example_dags/example_branch_python_dop_operator_3.py
[2026-03-25T11:38:21.585+0000] {processor.py:830} INFO - Processing file /home/airflow/.local/lib/python3.12/site-packages/airflow/example_dags/example_branch_python_dop_operator_3.py for tasks to queue
[2026-03-25T11:38:21.587+0000] {logging_mixin.py:188} INFO - [2026-03-25T11:38:21.586+0000] {dagbag.py:540} INFO - Filling up the DagBag from /home/airflow/.local/lib/python3.12/site-packages/airflow/example_dags/example_branch_python_dop_operator_3.py
[2026-03-25T11:38:21.598+0000] {processor.py:840} INFO - DAG(s) 'example_branch_dop_operator_v3' retrieved from /home/airflow/.local/lib/python3.12/site-packages/airflow/example_dags/example_branch_python_dop_operator_3.py
[2026-03-25T11:38:21.619+0000] {logging_mixin.py:188} INFO - [2026-03-25T11:38:21.618+0000] {dag.py:3096} INFO - Sync 1 DAGs
[2026-03-25T11:38:21.648+0000] {logging_mixin.py:188} INFO - [2026-03-25T11:38:21.648+0000] {dag.py:3954} INFO - Setting next_dagrun for example_branch_dop_operator_v3 to 2026-03-25 11:37:00+00:00, run_after=2026-03-25 11:38:00+00:00
[2026-03-25T11:38:21.717+0000] {processor.py:183} INFO - Processing /home/airflow/.local/lib/python3.12/site-packages/airflow/example_dags/example_branch_python_dop_operator_3.py took 0.141 seconds
[2026-03-25T11:38:54.339+0000] {processor.py:161} INFO - Started process (PID=537) to work on /home/airflow/.local/lib/python3.12/site-packages/airflow/example_dags/example_branch_python_dop_operator_3.py
[2026-03-25T11:38:54.340+0000] {processor.py:830} INFO - Processing file /home/airflow/.local/lib/python3.12/site-packages/airflow/example_dags/example_branch_python_dop_operator_3.py for tasks to queue
[2026-03-25T11:38:54.342+0000] {logging_mixin.py:188} INFO - [2026-03-25T11:38:54.342+0000] {dagbag.py:540} INFO - Filling up the DagBag from /home/airflow/.local/lib/python3.12/site-packages/airflow/example_dags/example_branch_python_dop_operator_3.py
[2026-03-25T11:38:54.352+0000] {processor.py:840} INFO - DAG(s) 'example_branch_dop_operator_v3' retrieved from /home/airflow/.local/lib/python3.12/site-packages/airflow/example_dags/example_branch_python_dop_operator_3.py
[2026-03-25T11:38:54.372+0000] {logging_mixin.py:188} INFO - [2026-03-25T11:38:54.372+0000] {dag.py:3096} INFO - Sync 1 DAGs
[2026-03-25T11:38:54.403+0000] {logging_mixin.py:188} INFO - [2026-03-25T11:38:54.403+0000] {dag.py:3954} INFO - Setting next_dagrun for example_branch_dop_operator_v3 to 2026-03-25 11:37:00+00:00, run_after=2026-03-25 11:38:00+00:00
[2026-03-25T11:38:54.450+0000] {processor.py:183} INFO - Processing /home/airflow/.local/lib/python3.12/site-packages/airflow/example_dags/example_branch_python_dop_operator_3.py took 0.119 seconds
[2026-03-25T11:39:27.046+0000] {processor.py:161} INFO - Started process (PID=596) to work on /home/airflow/.local/lib/python3.12/site-packages/airflow/example_dags/example_branch_python_dop_operator_3.py
[2026-03-25T11:39:27.048+0000] {processor.py:830} INFO - Processing file /home/airflow/.local/lib/python3.12/site-packages/airflow/example_dags/example_branch_python_dop_operator_3.py for tasks to queue
[2026-03-25T11:39:27.050+0000] {logging_mixin.py:188} INFO - [2026-03-25T11:39:27.050+0000] {dagbag.py:540} INFO - Filling up the DagBag from /home/airflow/.local/lib/python3.12/site-packages/airflow/example_dags/example_branch_python_dop_operator_3.py
[2026-03-25T11:39:27.060+0000] {processor.py:840} INFO - DAG(s) 'example_branch_dop_operator_v3' retrieved from /home/airflow/.local/lib/python3.12/site-packages/airflow/example_dags/example_branch_python_dop_operator_3.py
[2026-03-25T11:39:27.082+0000] {logging_mixin.py:188} INFO - [2026-03-25T11:39:27.082+0000] {dag.py:3096} INFO - Sync 1 DAGs
[2026-03-25T11:39:27.112+0000] {logging_mixin.py:188} INFO - [2026-03-25T11:39:27.112+0000] {dag.py:3954} INFO - Setting next_dagrun for example_branch_dop_operator_v3 to 2026-03-25 11:38:00+00:00, run_after=2026-03-25 11:39:00+00:00
[2026-03-25T11:39:27.161+0000] {processor.py:183} INFO - Processing /home/airflow/.local/lib/python3.12/site-packages/airflow/example_dags/example_branch_python_dop_operator_3.py took 0.121 seconds
[2026-03-25T11:40:00.089+0000] {processor.py:161} INFO - Started process (PID=655) to work on /home/airflow/.local/lib/python3.12/site-packages/airflow/example_dags/example_branch_python_dop_operator_3.py
[2026-03-25T11:40:00.090+0000] {processor.py:830} INFO - Processing file /home/airflow/.local/lib/python3.12/site-packages/airflow/example_dags/example_branch_python_dop_operator_3.py for tasks to queue
[2026-03-25T11:40:00.092+0000] {logging_mixin.py:188} INFO - [2026-03-25T11:40:00.092+0000] {dagbag.py:540} INFO - Filling up the DagBag from /home/airflow/.local/lib/python3.12/site-packages/airflow/example_dags/example_branch_python_dop_operator_3.py
[2026-03-25T11:40:00.101+0000] {processor.py:840} INFO - DAG(s) 'example_branch_dop_operator_v3' retrieved from /home/airflow/.local/lib/python3.12/site-packages/airflow/example_dags/example_branch_python_dop_operator_3.py
[2026-03-25T11:40:00.121+0000] {logging_mixin.py:188} INFO - [2026-03-25T11:40:00.121+0000] {dag.py:3096} INFO - Sync 1 DAGs
[2026-03-25T11:40:00.148+0000] {logging_mixin.py:188} INFO - [2026-03-25T11:40:00.148+0000] {dag.py:3954} INFO - Setting next_dagrun for example_branch_dop_operator_v3 to 2026-03-25 11:39:00+00:00, run_after=2026-03-25 11:40:00+00:00
[2026-03-25T11:40:00.187+0000] {processor.py:183} INFO - Processing /home/airflow/.local/lib/python3.12/site-packages/airflow/example_dags/example_branch_python_dop_operator_3.py took 0.104 seconds
[2026-03-25T11:40:32.421+0000] {processor.py:161} INFO - Started process (PID=714) to work on /home/airflow/.local/lib/python3.12/site-packages/airflow/example_dags/example_branch_python_dop_operator_3.py
[2026-03-25T11:40:32.422+0000] {processor.py:830} INFO - Processing file /home/airflow/.local/lib/python3.12/site-packages/airflow/example_dags/example_branch_python_dop_operator_3.py for tasks to queue
[2026-03-25T11:40:32.424+0000] {logging_mixin.py:188} INFO - [2026-03-25T11:40:32.424+0000] {dagbag.py:540} INFO - Filling up the DagBag from /home/airflow/.local/lib/python3.12/site-packages/airflow/example_dags/example_branch_python_dop_operator_3.py
[2026-03-25T11:40:32.433+0000] {processor.py:840} INFO - DAG(s) 'example_branch_dop_operator_v3' retrieved from /home/airflow/.local/lib/python3.12/site-packages/airflow/example_dags/example_branch_python_dop_operator_3.py
[2026-03-25T11:40:32.453+0000] {logging_mixin.py:188} INFO - [2026-03-25T11:40:32.453+0000] {dag.py:3096} INFO - Sync 1 DAGs
[2026-03-25T11:40:32.484+0000] {logging_mixin.py:188} INFO - [2026-03-25T11:40:32.484+0000] {dag.py:3954} INFO - Setting next_dagrun for example_branch_dop_operator_v3 to 2026-03-25 11:39:00+00:00, run_after=2026-03-25 11:40:00+00:00
[2026-03-25T11:40:32.532+0000] {processor.py:183} INFO - Processing /home/airflow/.local/lib/python3.12/site-packages/airflow/example_dags/example_branch_python_dop_operator_3.py took 0.117 seconds
[2026-03-25T11:41:05.400+0000] {processor.py:161} INFO - Started process (PID=773) to work on /home/airflow/.local/lib/python3.12/site-packages/airflow/example_dags/example_branch_python_dop_operator_3.py
[2026-03-25T11:41:05.401+0000] {processor.py:830} INFO - Processing file /home/airflow/.local/lib/python3.12/site-packages/airflow/example_dags/example_branch_python_dop_operator_3.py for tasks to queue
[2026-03-25T11:41:05.403+0000] {logging_mixin.py:188} INFO - [2026-03-25T11:41:05.403+0000] {dagbag.py:540} INFO - Filling up the DagBag from /home/airflow/.local/lib/python3.12/site-packages/airflow/example_dags/example_branch_python_dop_operator_3.py
[2026-03-25T11:41:05.412+0000] {processor.py:840} INFO - DAG(s) 'example_branch_dop_operator_v3' retrieved from /home/airflow/.local/lib/python3.12/site-packages/airflow/example_dags/example_branch_python_dop_operator_3.py
[2026-03-25T11:41:05.431+0000] {logging_mixin.py:188} INFO - [2026-03-25T11:41:05.431+0000] {dag.py:3096} INFO - Sync 1 DAGs
[2026-03-25T11:41:05.457+0000] {logging_mixin.py:188} INFO - [2026-03-25T11:41:05.457+0000] {dag.py:3954} INFO - Setting next_dagrun for example_branch_dop_operator_v3 to 2026-03-25 11:40:00+00:00, run_after=2026-03-25 11:41:00+00:00
[2026-03-25T11:41:05.499+0000] {processor.py:183} INFO - Processing /home/airflow/.local/lib/python3.12/site-packages/airflow/example_dags/example_branch_python_dop_operator_3.py took 0.106 seconds
[2026-03-25T11:41:39.611+0000] {processor.py:161} INFO - Started process (PID=832) to work on /home/airflow/.local/lib/python3.12/site-packages/airflow/example_dags/example_branch_python_dop_operator_3.py
[2026-03-25T11:41:39.612+0000] {processor.py:830} INFO - Processing file /home/airflow/.local/lib/python3.12/site-packages/airflow/example_dags/example_branch_python_dop_operator_3.py for tasks to queue
[2026-03-25T11:41:39.615+0000] {logging_mixin.py:188} INFO - [2026-03-25T11:41:39.614+0000] {dagbag.py:540} INFO - Filling up the DagBag from /home/airflow/.local/lib/python3.12/site-packages/airflow/example_dags/example_branch_python_dop_operator_3.py
[2026-03-25T11:41:39.625+0000] {processor.py:840} INFO - DAG(s) 'example_branch_dop_operator_v3' retrieved from /home/airflow/.local/lib/python3.12/site-packages/airflow/example_dags/example_branch_python_dop_operator_3.py
[2026-03-25T11:41:39.645+0000] {logging_mixin.py:188} INFO - [2026-03-25T11:41:39.644+0000] {dag.py:3096} INFO - Sync 1 DAGs
[2026-03-25T11:41:39.671+0000] {logging_mixin.py:188} INFO - [2026-03-25T11:41:39.670+0000] {dag.py:3954} INFO - Setting next_dagrun for example_branch_dop_operator_v3 to 2026-03-25 11:40:00+00:00, run_after=2026-03-25 11:41:00+00:00
[2026-03-25T11:41:39.729+0000] {processor.py:183} INFO - Processing /home/airflow/.local/lib/python3.12/site-packages/airflow/example_dags/example_branch_python_dop_operator_3.py took 0.127 seconds
[2026-03-25T11:42:10.574+0000] {processor.py:161} INFO - Started process (PID=891) to work on /home/airflow/.local/lib/python3.12/site-packages/airflow/example_dags/example_branch_python_dop_operator_3.py
[2026-03-25T11:42:10.575+0000] {processor.py:830} INFO - Processing file /home/airflow/.local/lib/python3.12/site-packages/airflow/example_dags/example_branch_python_dop_operator_3.py for tasks to queue
[2026-03-25T11:42:10.577+0000] {logging_mixin.py:188} INFO - [2026-03-25T11:42:10.577+0000] {dagbag.py:540} INFO - Filling up the DagBag from /home/airflow/.local/lib/python3.12/site-packages/airflow/example_dags/example_branch_python_dop_operator_3.py
[2026-03-25T11:42:10.587+0000] {processor.py:840} INFO - DAG(s) 'example_branch_dop_operator_v3' retrieved from /home/airflow/.local/lib/python3.12/site-packages/airflow/example_dags/example_branch_python_dop_operator_3.py
[2026-03-25T11:42:10.607+0000] {logging_mixin.py:188} INFO - [2026-03-25T11:42:10.606+0000] {dag.py:3096} INFO - Sync 1 DAGs
[2026-03-25T11:42:10.632+0000] {logging_mixin.py:188} INFO - [2026-03-25T11:42:10.631+0000] {dag.py:3954} INFO - Setting next_dagrun for example_branch_dop_operator_v3 to 2026-03-25 11:41:00+00:00, run_after=2026-03-25 11:42:00+00:00
[2026-03-25T11:42:10.666+0000] {processor.py:183} INFO - Processing /home/airflow/.local/lib/python3.12/site-packages/airflow/example_dags/example_branch_python_dop_operator_3.py took 0.098 seconds
[2026-03-25T11:42:43.477+0000] {processor.py:161} INFO - Started process (PID=950) to work on /home/airflow/.local/lib/python3.12/site-packages/airflow/example_dags/example_branch_python_dop_operator_3.py
[2026-03-25T11:42:43.478+0000] {processor.py:830} INFO - Processing file /home/airflow/.local/lib/python3.12/site-packages/airflow/example_dags/example_branch_python_dop_operator_3.py for tasks to queue
[2026-03-25T11:42:43.481+0000] {logging_mixin.py:188} INFO - [2026-03-25T11:42:43.480+0000] {dagbag.py:540} INFO - Filling up the DagBag from /home/airflow/.local/lib/python3.12/site-packages/airflow/example_dags/example_branch_python_dop_operator_3.py
[2026-03-25T11:42:43.493+0000] {processor.py:840} INFO - DAG(s) 'example_branch_dop_operator_v3' retrieved from /home/airflow/.local/lib/python3.12/site-packages/airflow/example_dags/example_branch_python_dop_operator_3.py
[2026-03-25T11:42:43.518+0000] {logging_mixin.py:188} INFO - [2026-03-25T11:42:43.518+0000] {dag.py:3096} INFO - Sync 1 DAGs
[2026-03-25T11:42:43.553+0000] {logging_mixin.py:188} INFO - [2026-03-25T11:42:43.553+0000] {dag.py:3954} INFO - Setting next_dagrun for example_branch_dop_operator_v3 to 2026-03-25 11:41:00+00:00, run_after=2026-03-25 11:42:00+00:00
[2026-03-25T11:42:43.596+0000] {processor.py:183} INFO - Processing /home/airflow/.local/lib/python3.12/site-packages/airflow/example_dags/example_branch_python_dop_operator_3.py took 0.126 seconds
[2026-03-25T11:43:16.935+0000] {processor.py:161} INFO - Started process (PID=1009) to work on /home/airflow/.local/lib/python3.12/site-packages/airflow/example_dags/example_branch_python_dop_operator_3.py
[2026-03-25T11:43:16.936+0000] {processor.py:830} INFO - Processing file /home/airflow/.local/lib/python3.12/site-packages/airflow/example_dags/example_branch_python_dop_operator_3.py for tasks to queue
[2026-03-25T11:43:16.939+0000] {logging_mixin.py:188} INFO - [2026-03-25T11:43:16.938+0000] {dagbag.py:540} INFO - Filling up the DagBag from /home/airflow/.local/lib/python3.12/site-packages/airflow/example_dags/example_branch_python_dop_operator_3.py
[2026-03-25T11:43:16.949+0000] {processor.py:840} INFO - DAG(s) 'example_branch_dop_operator_v3' retrieved from /home/airflow/.local/lib/python3.12/site-packages/airflow/example_dags/example_branch_python_dop_operator_3.py
[2026-03-25T11:43:16.973+0000] {logging_mixin.py:188} INFO - [2026-03-25T11:43:16.973+0000] {dag.py:3096} INFO - Sync 1 DAGs
[2026-03-25T11:43:17.005+0000] {logging_mixin.py:188} INFO - [2026-03-25T11:43:17.005+0000] {dag.py:3954} INFO - Setting next_dagrun for example_branch_dop_operator_v3 to 2026-03-25 11:42:00+00:00, run_after=2026-03-25 11:43:00+00:00
[2026-03-25T11:43:17.051+0000] {processor.py:183} INFO - Processing /home/airflow/.local/lib/python3.12/site-packages/airflow/example_dags/example_branch_python_dop_operator_3.py took 0.123 seconds
[2026-03-25T11:43:49.185+0000] {processor.py:161} INFO - Started process (PID=1068) to work on /home/airflow/.local/lib/python3.12/site-packages/airflow/example_dags/example_branch_python_dop_operator_3.py
[2026-03-25T11:43:49.186+0000] {processor.py:830} INFO - Processing file /home/airflow/.local/lib/python3.12/site-packages/airflow/example_dags/example_branch_python_dop_operator_3.py for tasks to queue
[2026-03-25T11:43:49.188+0000] {logging_mixin.py:188} INFO - [2026-03-25T11:43:49.188+0000] {dagbag.py:540} INFO - Filling up the DagBag from /home/airflow/.local/lib/python3.12/site-packages/airflow/example_dags/example_branch_python_dop_operator_3.py
[2026-03-25T11:43:49.199+0000] {processor.py:840} INFO - DAG(s) 'example_branch_dop_operator_v3' retrieved from /home/airflow/.local/lib/python3.12/site-packages/airflow/example_dags/example_branch_python_dop_operator_3.py
[2026-03-25T11:43:49.218+0000] {logging_mixin.py:188} INFO - [2026-03-25T11:43:49.218+0000] {dag.py:3096} INFO - Sync 1 DAGs
[2026-03-25T11:43:49.244+0000] {logging_mixin.py:188} INFO - [2026-03-25T11:43:49.243+0000] {dag.py:3954} INFO - Setting next_dagrun for example_branch_dop_operator_v3 to 2026-03-25 11:42:00+00:00, run_after=2026-03-25 11:43:00+00:00
[2026-03-25T11:43:49.277+0000] {processor.py:183} INFO - Processing /home/airflow/.local/lib/python3.12/site-packages/airflow/example_dags/example_branch_python_dop_operator_3.py took 0.098 seconds
[2026-03-25T11:44:21.574+0000] {processor.py:161} INFO - Started process (PID=1127) to work on /home/airflow/.local/lib/python3.12/site-packages/airflow/example_dags/example_branch_python_dop_operator_3.py
[2026-03-25T11:44:21.575+0000] {processor.py:830} INFO - Processing file /home/airflow/.local/lib/python3.12/site-packages/airflow/example_dags/example_branch_python_dop_operator_3.py for tasks to queue
[2026-03-25T11:44:21.577+0000] {logging_mixin.py:188} INFO - [2026-03-25T11:44:21.577+0000] {dagbag.py:540} INFO - Filling up the DagBag from /home/airflow/.local/lib/python3.12/site-packages/airflow/example_dags/example_branch_python_dop_operator_3.py
[2026-03-25T11:44:21.586+0000] {processor.py:840} INFO - DAG(s) 'example_branch_dop_operator_v3' retrieved from /home/airflow/.local/lib/python3.12/site-packages/airflow/example_dags/example_branch_python_dop_operator_3.py
[2026-03-25T11:44:21.605+0000] {logging_mixin.py:188} INFO - [2026-03-25T11:44:21.605+0000] {dag.py:3096} INFO - Sync 1 DAGs
[2026-03-25T11:44:21.636+0000] {logging_mixin.py:188} INFO - [2026-03-25T11:44:21.636+0000] {dag.py:3954} INFO - Setting next_dagrun for example_branch_dop_operator_v3 to 2026-03-25 11:43:00+00:00, run_after=2026-03-25 11:44:00+00:00
[2026-03-25T11:44:21.680+0000] {processor.py:183} INFO - Processing /home/airflow/.local/lib/python3.12/site-packages/airflow/example_dags/example_branch_python_dop_operator_3.py took 0.111 seconds
[2026-03-25T11:44:54.639+0000] {processor.py:161} INFO - Started process (PID=1186) to work on /home/airflow/.local/lib/python3.12/site-packages/airflow/example_dags/example_branch_python_dop_operator_3.py
[2026-03-25T11:44:54.640+0000] {processor.py:830} INFO - Processing file /home/airflow/.local/lib/python3.12/site-packages/airflow/example_dags/example_branch_python_dop_operator_3.py for tasks to queue
[2026-03-25T11:44:54.643+0000] {logging_mixin.py:188} INFO - [2026-03-25T11:44:54.642+0000] {dagbag.py:540} INFO - Filling up the DagBag from /home/airflow/.local/lib/python3.12/site-packages/airflow/example_dags/example_branch_python_dop_operator_3.py
[2026-03-25T11:44:54.653+0000] {processor.py:840} INFO - DAG(s) 'example_branch_dop_operator_v3' retrieved from /home/airflow/.local/lib/python3.12/site-packages/airflow/example_dags/example_branch_python_dop_operator_3.py
[2026-03-25T11:44:54.676+0000] {logging_mixin.py:188} INFO - [2026-03-25T11:44:54.675+0000] {dag.py:3096} INFO - Sync 1 DAGs
[2026-03-25T11:44:54.704+0000] {logging_mixin.py:188} INFO - [2026-03-25T11:44:54.704+0000] {dag.py:3954} INFO - Setting next_dagrun for example_branch_dop_operator_v3 to 2026-03-25 11:43:00+00:00, run_after=2026-03-25 11:44:00+00:00
[2026-03-25T11:44:54.783+0000] {processor.py:183} INFO - Processing /home/airflow/.local/lib/python3.12/site-packages/airflow/example_dags/example_branch_python_dop_operator_3.py took 0.153 seconds
[2026-03-25T11:45:27.581+0000] {processor.py:161} INFO - Started process (PID=1245) to work on /home/airflow/.local/lib/python3.12/site-packages/airflow/example_dags/example_branch_python_dop_operator_3.py
[2026-03-25T11:45:27.582+0000] {processor.py:830} INFO - Processing file /home/airflow/.local/lib/python3.12/site-packages/airflow/example_dags/example_branch_python_dop_operator_3.py for tasks to queue
[2026-03-25T11:45:27.584+0000] {logging_mixin.py:188} INFO - [2026-03-25T11:45:27.584+0000] {dagbag.py:540} INFO - Filling up the DagBag from /home/airflow/.local/lib/python3.12/site-packages/airflow/example_dags/example_branch_python_dop_operator_3.py
[2026-03-25T11:45:27.592+0000] {processor.py:840} INFO - DAG(s) 'example_branch_dop_operator_v3' retrieved from /home/airflow/.local/lib/python3.12/site-packages/airflow/example_dags/example_branch_python_dop_operator_3.py
[2026-03-25T11:45:27.613+0000] {logging_mixin.py:188} INFO - [2026-03-25T11:45:27.612+0000] {dag.py:3096} INFO - Sync 1 DAGs
[2026-03-25T11:45:27.636+0000] {logging_mixin.py:188} INFO - [2026-03-25T11:45:27.636+0000] {dag.py:3954} INFO - Setting next_dagrun for example_branch_dop_operator_v3 to 2026-03-25 11:44:00+00:00, run_after=2026-03-25 11:45:00+00:00
[2026-03-25T11:45:27.672+0000] {processor.py:183} INFO - Processing /home/airflow/.local/lib/python3.12/site-packages/airflow/example_dags/example_branch_python_dop_operator_3.py took 0.096 seconds
[2026-03-25T11:45:59.840+0000] {processor.py:161} INFO - Started process (PID=1304) to work on /home/airflow/.local/lib/python3.12/site-packages/airflow/example_dags/example_branch_python_dop_operator_3.py
[2026-03-25T11:45:59.842+0000] {processor.py:830} INFO - Processing file /home/airflow/.local/lib/python3.12/site-packages/airflow/example_dags/example_branch_python_dop_operator_3.py for tasks to queue
[2026-03-25T11:45:59.844+0000] {logging_mixin.py:188} INFO - [2026-03-25T11:45:59.843+0000] {dagbag.py:540} INFO - Filling up the DagBag from /home/airflow/.local/lib/python3.12/site-packages/airflow/example_dags/example_branch_python_dop_operator_3.py
[2026-03-25T11:45:59.853+0000] {processor.py:840} INFO - DAG(s) 'example_branch_dop_operator_v3' retrieved from /home/airflow/.local/lib/python3.12/site-packages/airflow/example_dags/example_branch_python_dop_operator_3.py
[2026-03-25T11:45:59.872+0000] {logging_mixin.py:188} INFO - [2026-03-25T11:45:59.872+0000] {dag.py:3096} INFO - Sync 1 DAGs
[2026-03-25T11:45:59.897+0000] {logging_mixin.py:188} INFO - [2026-03-25T11:45:59.897+0000] {dag.py:3954} INFO - Setting next_dagrun for example_branch_dop_operator_v3 to 2026-03-25 11:44:00+00:00, run_after=2026-03-25 11:45:00+00:00
[2026-03-25T11:45:59.939+0000] {processor.py:183} INFO - Processing /home/airflow/.local/lib/python3.12/site-packages/airflow/example_dags/example_branch_python_dop_operator_3.py took 0.105 seconds
[2026-03-25T11:46:32.751+0000] {processor.py:161} INFO - Started process (PID=1363) to work on /home/airflow/.local/lib/python3.12/site-packages/airflow/example_dags/example_branch_python_dop_operator_3.py
[2026-03-25T11:46:32.752+0000] {processor.py:830} INFO - Processing file /home/airflow/.local/lib/python3.12/site-packages/airflow/example_dags/example_branch_python_dop_operator_3.py for tasks to queue
[2026-03-25T11:46:32.754+0000] {logging_mixin.py:188} INFO - [2026-03-25T11:46:32.754+0000] {dagbag.py:540} INFO - Filling up the DagBag from /home/airflow/.local/lib/python3.12/site-packages/airflow/example_dags/example_branch_python_dop_operator_3.py
[2026-03-25T11:46:32.765+0000] {processor.py:840} INFO - DAG(s) 'example_branch_dop_operator_v3' retrieved from /home/airflow/.local/lib/python3.12/site-packages/airflow/example_dags/example_branch_python_dop_operator_3.py
[2026-03-25T11:46:32.785+0000] {logging_mixin.py:188} INFO - [2026-03-25T11:46:32.785+0000] {dag.py:3096} INFO - Sync 1 DAGs
[2026-03-25T11:46:32.813+0000] {logging_mixin.py:188} INFO - [2026-03-25T11:46:32.813+0000] {dag.py:3954} INFO - Setting next_dagrun for example_branch_dop_operator_v3 to 2026-03-25 11:45:00+00:00, run_after=2026-03-25 11:46:00+00:00
[2026-03-25T11:46:32.855+0000] {processor.py:183} INFO - Processing /home/airflow/.local/lib/python3.12/site-packages/airflow/example_dags/example_branch_python_dop_operator_3.py took 0.113 seconds
[2026-03-25T11:47:05.831+0000] {processor.py:161} INFO - Started process (PID=1422) to work on /home/airflow/.local/lib/python3.12/site-packages/airflow/example_dags/example_branch_python_dop_operator_3.py
[2026-03-25T11:47:05.837+0000] {processor.py:830} INFO - Processing file /home/airflow/.local/lib/python3.12/site-packages/airflow/example_dags/example_branch_python_dop_operator_3.py for tasks to queue
[2026-03-25T11:47:05.841+0000] {logging_mixin.py:188} INFO - [2026-03-25T11:47:05.840+0000] {dagbag.py:540} INFO - Filling up the DagBag from /home/airflow/.local/lib/python3.12/site-packages/airflow/example_dags/example_branch_python_dop_operator_3.py
[2026-03-25T11:47:05.872+0000] {processor.py:840} INFO - DAG(s) 'example_branch_dop_operator_v3' retrieved from /home/airflow/.local/lib/python3.12/site-packages/airflow/example_dags/example_branch_python_dop_operator_3.py
[2026-03-25T11:47:05.913+0000] {logging_mixin.py:188} INFO - [2026-03-25T11:47:05.912+0000] {dag.py:3096} INFO - Sync 1 DAGs
[2026-03-25T11:47:05.982+0000] {logging_mixin.py:188} INFO - [2026-03-25T11:47:05.982+0000] {dag.py:3954} INFO - Setting next_dagrun for example_branch_dop_operator_v3 to 2026-03-25 11:46:00+00:00, run_after=2026-03-25 11:47:00+00:00
[2026-03-25T11:47:06.046+0000] {processor.py:183} INFO - Processing /home/airflow/.local/lib/python3.12/site-packages/airflow/example_dags/example_branch_python_dop_operator_3.py took 0.231 seconds
[2026-03-25T11:47:39.361+0000] {processor.py:161} INFO - Started process (PID=1482) to work on /home/airflow/.local/lib/python3.12/site-packages/airflow/example_dags/example_branch_python_dop_operator_3.py
[2026-03-25T11:47:39.368+0000] {processor.py:830} INFO - Processing file /home/airflow/.local/lib/python3.12/site-packages/airflow/example_dags/example_branch_python_dop_operator_3.py for tasks to queue
[2026-03-25T11:47:39.381+0000] {logging_mixin.py:188} INFO - [2026-03-25T11:47:39.379+0000] {dagbag.py:540} INFO - Filling up the DagBag from /home/airflow/.local/lib/python3.12/site-packages/airflow/example_dags/example_branch_python_dop_operator_3.py
[2026-03-25T11:47:39.451+0000] {processor.py:840} INFO - DAG(s) 'example_branch_dop_operator_v3' retrieved from /home/airflow/.local/lib/python3.12/site-packages/airflow/example_dags/example_branch_python_dop_operator_3.py
[2026-03-25T11:47:39.628+0000] {logging_mixin.py:188} INFO - [2026-03-25T11:47:39.625+0000] {dag.py:3096} INFO - Sync 1 DAGs
[2026-03-25T11:47:40.001+0000] {logging_mixin.py:188} INFO - [2026-03-25T11:47:39.993+0000] {dag.py:3954} INFO - Setting next_dagrun for example_branch_dop_operator_v3 to 2026-03-25 11:46:00+00:00, run_after=2026-03-25 11:47:00+00:00
[2026-03-25T11:47:40.271+0000] {processor.py:183} INFO - Processing /home/airflow/.local/lib/python3.12/site-packages/airflow/example_dags/example_branch_python_dop_operator_3.py took 0.966 seconds
[2026-03-25T11:48:10.969+0000] {processor.py:161} INFO - Started process (PID=1541) to work on /home/airflow/.local/lib/python3.12/site-packages/airflow/example_dags/example_branch_python_dop_operator_3.py
[2026-03-25T11:48:10.970+0000] {processor.py:830} INFO - Processing file /home/airflow/.local/lib/python3.12/site-packages/airflow/example_dags/example_branch_python_dop_operator_3.py for tasks to queue
[2026-03-25T11:48:10.973+0000] {logging_mixin.py:188} INFO - [2026-03-25T11:48:10.972+0000] {dagbag.py:540} INFO - Filling up the DagBag from /home/airflow/.local/lib/python3.12/site-packages/airflow/example_dags/example_branch_python_dop_operator_3.py
[2026-03-25T11:48:10.982+0000] {processor.py:840} INFO - DAG(s) 'example_branch_dop_operator_v3' retrieved from /home/airflow/.local/lib/python3.12/site-packages/airflow/example_dags/example_branch_python_dop_operator_3.py
[2026-03-25T11:48:11.005+0000] {logging_mixin.py:188} INFO - [2026-03-25T11:48:11.004+0000] {dag.py:3096} INFO - Sync 1 DAGs
[2026-03-25T11:48:11.033+0000] {logging_mixin.py:188} INFO - [2026-03-25T11:48:11.033+0000] {dag.py:3954} INFO - Setting next_dagrun for example_branch_dop_operator_v3 to 2026-03-25 11:47:00+00:00, run_after=2026-03-25 11:48:00+00:00
[2026-03-25T11:48:11.076+0000] {processor.py:183} INFO - Processing /home/airflow/.local/lib/python3.12/site-packages/airflow/example_dags/example_branch_python_dop_operator_3.py took 0.113 seconds
[2026-03-25T11:48:43.439+0000] {processor.py:161} INFO - Started process (PID=1600) to work on /home/airflow/.local/lib/python3.12/site-packages/airflow/example_dags/example_branch_python_dop_operator_3.py
[2026-03-25T11:48:43.440+0000] {processor.py:830} INFO - Processing file /home/airflow/.local/lib/python3.12/site-packages/airflow/example_dags/example_branch_python_dop_operator_3.py for tasks to queue
[2026-03-25T11:48:43.442+0000] {logging_mixin.py:188} INFO - [2026-03-25T11:48:43.442+0000] {dagbag.py:540} INFO - Filling up the DagBag from /home/airflow/.local/lib/python3.12/site-packages/airflow/example_dags/example_branch_python_dop_operator_3.py
[2026-03-25T11:48:43.452+0000] {processor.py:840} INFO - DAG(s) 'example_branch_dop_operator_v3' retrieved from /home/airflow/.local/lib/python3.12/site-packages/airflow/example_dags/example_branch_python_dop_operator_3.py
[2026-03-25T11:48:43.472+0000] {logging_mixin.py:188} INFO - [2026-03-25T11:48:43.472+0000] {dag.py:3096} INFO - Sync 1 DAGs
[2026-03-25T11:48:43.498+0000] {logging_mixin.py:188} INFO - [2026-03-25T11:48:43.498+0000] {dag.py:3954} INFO - Setting next_dagrun for example_branch_dop_operator_v3 to 2026-03-25 11:47:00+00:00, run_after=2026-03-25 11:48:00+00:00
[2026-03-25T11:48:43.545+0000] {processor.py:183} INFO - Processing /home/airflow/.local/lib/python3.12/site-packages/airflow/example_dags/example_branch_python_dop_operator_3.py took 0.112 seconds
[2026-03-25T11:49:16.324+0000] {processor.py:161} INFO - Started process (PID=1659) to work on /home/airflow/.local/lib/python3.12/site-packages/airflow/example_dags/example_branch_python_dop_operator_3.py
[2026-03-25T11:49:16.326+0000] {processor.py:830} INFO - Processing file /home/airflow/.local/lib/python3.12/site-packages/airflow/example_dags/example_branch_python_dop_operator_3.py for tasks to queue
[2026-03-25T11:49:16.328+0000] {logging_mixin.py:188} INFO - [2026-03-25T11:49:16.328+0000] {dagbag.py:540} INFO - Filling up the DagBag from /home/airflow/.local/lib/python3.12/site-packages/airflow/example_dags/example_branch_python_dop_operator_3.py
[2026-03-25T11:49:16.342+0000] {processor.py:840} INFO - DAG(s) 'example_branch_dop_operator_v3' retrieved from /home/airflow/.local/lib/python3.12/site-packages/airflow/example_dags/example_branch_python_dop_operator_3.py
[2026-03-25T11:49:16.375+0000] {logging_mixin.py:188} INFO - [2026-03-25T11:49:16.374+0000] {dag.py:3096} INFO - Sync 1 DAGs
[2026-03-25T11:49:16.413+0000] {logging_mixin.py:188} INFO - [2026-03-25T11:49:16.413+0000] {dag.py:3954} INFO - Setting next_dagrun for example_branch_dop_operator_v3 to 2026-03-25 11:48:00+00:00, run_after=2026-03-25 11:49:00+00:00
[2026-03-25T11:49:16.463+0000] {processor.py:183} INFO - Processing /home/airflow/.local/lib/python3.12/site-packages/airflow/example_dags/example_branch_python_dop_operator_3.py took 0.147 seconds
[2026-03-25T11:49:49.114+0000] {processor.py:161} INFO - Started process (PID=1718) to work on /home/airflow/.local/lib/python3.12/site-packages/airflow/example_dags/example_branch_python_dop_operator_3.py
[2026-03-25T11:49:49.115+0000] {processor.py:830} INFO - Processing file /home/airflow/.local/lib/python3.12/site-packages/airflow/example_dags/example_branch_python_dop_operator_3.py for tasks to queue
[2026-03-25T11:49:49.118+0000] {logging_mixin.py:188} INFO - [2026-03-25T11:49:49.118+0000] {dagbag.py:540} INFO - Filling up the DagBag from /home/airflow/.local/lib/python3.12/site-packages/airflow/example_dags/example_branch_python_dop_operator_3.py
[2026-03-25T11:49:49.137+0000] {processor.py:840} INFO - DAG(s) 'example_branch_dop_operator_v3' retrieved from /home/airflow/.local/lib/python3.12/site-packages/airflow/example_dags/example_branch_python_dop_operator_3.py
[2026-03-25T11:49:49.167+0000] {logging_mixin.py:188} INFO - [2026-03-25T11:49:49.167+0000] {dag.py:3096} INFO - Sync 1 DAGs
[2026-03-25T11:49:49.210+0000] {logging_mixin.py:188} INFO - [2026-03-25T11:49:49.210+0000] {dag.py:3954} INFO - Setting next_dagrun for example_branch_dop_operator_v3 to 2026-03-25 11:48:00+00:00, run_after=2026-03-25 11:49:00+00:00
[2026-03-25T11:49:49.262+0000] {processor.py:183} INFO - Processing /home/airflow/.local/lib/python3.12/site-packages/airflow/example_dags/example_branch_python_dop_operator_3.py took 0.158 seconds
[2026-03-25T11:50:21.540+0000] {processor.py:161} INFO - Started process (PID=1777) to work on /home/airflow/.local/lib/python3.12/site-packages/airflow/example_dags/example_branch_python_dop_operator_3.py
[2026-03-25T11:50:21.553+0000] {processor.py:830} INFO - Processing file /home/airflow/.local/lib/python3.12/site-packages/airflow/example_dags/example_branch_python_dop_operator_3.py for tasks to queue
[2026-03-25T11:50:21.555+0000] {logging_mixin.py:188} INFO - [2026-03-25T11:50:21.555+0000] {dagbag.py:540} INFO - Filling up the DagBag from /home/airflow/.local/lib/python3.12/site-packages/airflow/example_dags/example_branch_python_dop_operator_3.py
[2026-03-25T11:50:21.564+0000] {processor.py:840} INFO - DAG(s) 'example_branch_dop_operator_v3' retrieved from /home/airflow/.local/lib/python3.12/site-packages/airflow/example_dags/example_branch_python_dop_operator_3.py
[2026-03-25T11:50:21.583+0000] {logging_mixin.py:188} INFO - [2026-03-25T11:50:21.583+0000] {dag.py:3096} INFO - Sync 1 DAGs
[2026-03-25T11:50:21.608+0000] {logging_mixin.py:188} INFO - [2026-03-25T11:50:21.607+0000] {dag.py:3954} INFO - Setting next_dagrun for example_branch_dop_operator_v3 to 2026-03-25 11:49:00+00:00, run_after=2026-03-25 11:50:00+00:00
[2026-03-25T11:50:21.652+0000] {processor.py:183} INFO - Processing /home/airflow/.local/lib/python3.12/site-packages/airflow/example_dags/example_branch_python_dop_operator_3.py took 0.117 seconds
