[2026-03-25T11:15:33.796+0000] {processor.py:161} INFO - Started process (PID=96) to work on /home/airflow/.local/lib/python3.12/site-packages/airflow/example_dags/example_branch_operator_decorator.py
[2026-03-25T11:15:33.798+0000] {processor.py:830} INFO - Processing file /home/airflow/.local/lib/python3.12/site-packages/airflow/example_dags/example_branch_operator_decorator.py for tasks to queue
[2026-03-25T11:15:33.800+0000] {logging_mixin.py:188} INFO - [2026-03-25T11:15:33.800+0000] {dagbag.py:540} INFO - Filling up the DagBag from /home/airflow/.local/lib/python3.12/site-packages/airflow/example_dags/example_branch_operator_decorator.py
[2026-03-25T11:15:33.829+0000] {processor.py:840} INFO - DAG(s) 'example_branch_python_operator_decorator' retrieved from /home/airflow/.local/lib/python3.12/site-packages/airflow/example_dags/example_branch_operator_decorator.py
[2026-03-25T11:15:33.959+0000] {logging_mixin.py:188} INFO - [2026-03-25T11:15:33.959+0000] {dag.py:3096} INFO - Sync 1 DAGs
[2026-03-25T11:15:33.980+0000] {logging_mixin.py:188} INFO - [2026-03-25T11:15:33.980+0000] {dag.py:3954} INFO - Setting next_dagrun for example_branch_python_operator_decorator to 2026-03-24 00:00:00+00:00, run_after=2026-03-25 00:00:00+00:00
[2026-03-25T11:15:34.031+0000] {processor.py:183} INFO - Processing /home/airflow/.local/lib/python3.12/site-packages/airflow/example_dags/example_branch_operator_decorator.py took 0.241 seconds
[2026-03-25T11:16:04.566+0000] {processor.py:161} INFO - Started process (PID=155) to work on /home/airflow/.local/lib/python3.12/site-packages/airflow/example_dags/example_branch_operator_decorator.py
[2026-03-25T11:16:04.568+0000] {processor.py:830} INFO - Processing file /home/airflow/.local/lib/python3.12/site-packages/airflow/example_dags/example_branch_operator_decorator.py for tasks to queue
[2026-03-25T11:16:04.571+0000] {logging_mixin.py:188} INFO - [2026-03-25T11:16:04.570+0000] {dagbag.py:540} INFO - Filling up the DagBag from /home/airflow/.local/lib/python3.12/site-packages/airflow/example_dags/example_branch_operator_decorator.py
[2026-03-25T11:16:04.602+0000] {processor.py:840} INFO - DAG(s) 'example_branch_python_operator_decorator' retrieved from /home/airflow/.local/lib/python3.12/site-packages/airflow/example_dags/example_branch_operator_decorator.py
[2026-03-25T11:16:04.640+0000] {logging_mixin.py:188} INFO - [2026-03-25T11:16:04.640+0000] {dag.py:3096} INFO - Sync 1 DAGs
[2026-03-25T11:16:04.668+0000] {logging_mixin.py:188} INFO - [2026-03-25T11:16:04.668+0000] {dag.py:3954} INFO - Setting next_dagrun for example_branch_python_operator_decorator to 2026-03-24 00:00:00+00:00, run_after=2026-03-25 00:00:00+00:00
[2026-03-25T11:16:04.720+0000] {processor.py:183} INFO - Processing /home/airflow/.local/lib/python3.12/site-packages/airflow/example_dags/example_branch_operator_decorator.py took 0.163 seconds
[2026-03-25T11:16:37.079+0000] {processor.py:161} INFO - Started process (PID=214) to work on /home/airflow/.local/lib/python3.12/site-packages/airflow/example_dags/example_branch_operator_decorator.py
[2026-03-25T11:16:37.081+0000] {processor.py:830} INFO - Processing file /home/airflow/.local/lib/python3.12/site-packages/airflow/example_dags/example_branch_operator_decorator.py for tasks to queue
[2026-03-25T11:16:37.083+0000] {logging_mixin.py:188} INFO - [2026-03-25T11:16:37.083+0000] {dagbag.py:540} INFO - Filling up the DagBag from /home/airflow/.local/lib/python3.12/site-packages/airflow/example_dags/example_branch_operator_decorator.py
[2026-03-25T11:16:37.129+0000] {processor.py:840} INFO - DAG(s) 'example_branch_python_operator_decorator' retrieved from /home/airflow/.local/lib/python3.12/site-packages/airflow/example_dags/example_branch_operator_decorator.py
[2026-03-25T11:16:37.171+0000] {logging_mixin.py:188} INFO - [2026-03-25T11:16:37.170+0000] {dag.py:3096} INFO - Sync 1 DAGs
[2026-03-25T11:16:37.329+0000] {logging_mixin.py:188} INFO - [2026-03-25T11:16:37.329+0000] {dag.py:3954} INFO - Setting next_dagrun for example_branch_python_operator_decorator to 2026-03-24 00:00:00+00:00, run_after=2026-03-25 00:00:00+00:00
[2026-03-25T11:16:37.369+0000] {processor.py:183} INFO - Processing /home/airflow/.local/lib/python3.12/site-packages/airflow/example_dags/example_branch_operator_decorator.py took 0.297 seconds
[2026-03-25T11:17:11.049+0000] {processor.py:161} INFO - Started process (PID=273) to work on /home/airflow/.local/lib/python3.12/site-packages/airflow/example_dags/example_branch_operator_decorator.py
[2026-03-25T11:17:11.051+0000] {processor.py:830} INFO - Processing file /home/airflow/.local/lib/python3.12/site-packages/airflow/example_dags/example_branch_operator_decorator.py for tasks to queue
[2026-03-25T11:17:11.054+0000] {logging_mixin.py:188} INFO - [2026-03-25T11:17:11.053+0000] {dagbag.py:540} INFO - Filling up the DagBag from /home/airflow/.local/lib/python3.12/site-packages/airflow/example_dags/example_branch_operator_decorator.py
[2026-03-25T11:17:11.084+0000] {processor.py:840} INFO - DAG(s) 'example_branch_python_operator_decorator' retrieved from /home/airflow/.local/lib/python3.12/site-packages/airflow/example_dags/example_branch_operator_decorator.py
[2026-03-25T11:17:11.131+0000] {logging_mixin.py:188} INFO - [2026-03-25T11:17:11.130+0000] {dag.py:3096} INFO - Sync 1 DAGs
[2026-03-25T11:17:11.162+0000] {logging_mixin.py:188} INFO - [2026-03-25T11:17:11.162+0000] {dag.py:3954} INFO - Setting next_dagrun for example_branch_python_operator_decorator to 2026-03-24 00:00:00+00:00, run_after=2026-03-25 00:00:00+00:00
[2026-03-25T11:17:11.230+0000] {processor.py:183} INFO - Processing /home/airflow/.local/lib/python3.12/site-packages/airflow/example_dags/example_branch_operator_decorator.py took 0.189 seconds
[2026-03-25T11:17:41.324+0000] {processor.py:161} INFO - Started process (PID=331) to work on /home/airflow/.local/lib/python3.12/site-packages/airflow/example_dags/example_branch_operator_decorator.py
[2026-03-25T11:17:41.325+0000] {processor.py:830} INFO - Processing file /home/airflow/.local/lib/python3.12/site-packages/airflow/example_dags/example_branch_operator_decorator.py for tasks to queue
[2026-03-25T11:17:41.327+0000] {logging_mixin.py:188} INFO - [2026-03-25T11:17:41.326+0000] {dagbag.py:540} INFO - Filling up the DagBag from /home/airflow/.local/lib/python3.12/site-packages/airflow/example_dags/example_branch_operator_decorator.py
[2026-03-25T11:17:41.348+0000] {processor.py:840} INFO - DAG(s) 'example_branch_python_operator_decorator' retrieved from /home/airflow/.local/lib/python3.12/site-packages/airflow/example_dags/example_branch_operator_decorator.py
[2026-03-25T11:17:41.377+0000] {logging_mixin.py:188} INFO - [2026-03-25T11:17:41.377+0000] {dag.py:3096} INFO - Sync 1 DAGs
[2026-03-25T11:17:41.398+0000] {logging_mixin.py:188} INFO - [2026-03-25T11:17:41.398+0000] {dag.py:3954} INFO - Setting next_dagrun for example_branch_python_operator_decorator to 2026-03-24 00:00:00+00:00, run_after=2026-03-25 00:00:00+00:00
[2026-03-25T11:17:41.434+0000] {processor.py:183} INFO - Processing /home/airflow/.local/lib/python3.12/site-packages/airflow/example_dags/example_branch_operator_decorator.py took 0.115 seconds
[2026-03-25T11:18:12.916+0000] {processor.py:161} INFO - Started process (PID=391) to work on /home/airflow/.local/lib/python3.12/site-packages/airflow/example_dags/example_branch_operator_decorator.py
[2026-03-25T11:18:12.917+0000] {processor.py:830} INFO - Processing file /home/airflow/.local/lib/python3.12/site-packages/airflow/example_dags/example_branch_operator_decorator.py for tasks to queue
[2026-03-25T11:18:12.919+0000] {logging_mixin.py:188} INFO - [2026-03-25T11:18:12.919+0000] {dagbag.py:540} INFO - Filling up the DagBag from /home/airflow/.local/lib/python3.12/site-packages/airflow/example_dags/example_branch_operator_decorator.py
[2026-03-25T11:18:12.946+0000] {processor.py:840} INFO - DAG(s) 'example_branch_python_operator_decorator' retrieved from /home/airflow/.local/lib/python3.12/site-packages/airflow/example_dags/example_branch_operator_decorator.py
[2026-03-25T11:18:12.981+0000] {logging_mixin.py:188} INFO - [2026-03-25T11:18:12.981+0000] {dag.py:3096} INFO - Sync 1 DAGs
[2026-03-25T11:18:13.008+0000] {logging_mixin.py:188} INFO - [2026-03-25T11:18:13.007+0000] {dag.py:3954} INFO - Setting next_dagrun for example_branch_python_operator_decorator to 2026-03-24 00:00:00+00:00, run_after=2026-03-25 00:00:00+00:00
[2026-03-25T11:18:13.053+0000] {processor.py:183} INFO - Processing /home/airflow/.local/lib/python3.12/site-packages/airflow/example_dags/example_branch_operator_decorator.py took 0.143 seconds
[2026-03-25T11:18:45.589+0000] {processor.py:161} INFO - Started process (PID=450) to work on /home/airflow/.local/lib/python3.12/site-packages/airflow/example_dags/example_branch_operator_decorator.py
[2026-03-25T11:18:45.591+0000] {processor.py:830} INFO - Processing file /home/airflow/.local/lib/python3.12/site-packages/airflow/example_dags/example_branch_operator_decorator.py for tasks to queue
[2026-03-25T11:18:45.592+0000] {logging_mixin.py:188} INFO - [2026-03-25T11:18:45.592+0000] {dagbag.py:540} INFO - Filling up the DagBag from /home/airflow/.local/lib/python3.12/site-packages/airflow/example_dags/example_branch_operator_decorator.py
[2026-03-25T11:18:45.613+0000] {processor.py:840} INFO - DAG(s) 'example_branch_python_operator_decorator' retrieved from /home/airflow/.local/lib/python3.12/site-packages/airflow/example_dags/example_branch_operator_decorator.py
[2026-03-25T11:18:45.643+0000] {logging_mixin.py:188} INFO - [2026-03-25T11:18:45.643+0000] {dag.py:3096} INFO - Sync 1 DAGs
[2026-03-25T11:18:45.665+0000] {logging_mixin.py:188} INFO - [2026-03-25T11:18:45.665+0000] {dag.py:3954} INFO - Setting next_dagrun for example_branch_python_operator_decorator to 2026-03-24 00:00:00+00:00, run_after=2026-03-25 00:00:00+00:00
[2026-03-25T11:18:45.698+0000] {processor.py:183} INFO - Processing /home/airflow/.local/lib/python3.12/site-packages/airflow/example_dags/example_branch_operator_decorator.py took 0.114 seconds
[2026-03-25T11:19:20.768+0000] {processor.py:161} INFO - Started process (PID=509) to work on /home/airflow/.local/lib/python3.12/site-packages/airflow/example_dags/example_branch_operator_decorator.py
[2026-03-25T11:19:20.769+0000] {processor.py:830} INFO - Processing file /home/airflow/.local/lib/python3.12/site-packages/airflow/example_dags/example_branch_operator_decorator.py for tasks to queue
[2026-03-25T11:19:20.771+0000] {logging_mixin.py:188} INFO - [2026-03-25T11:19:20.770+0000] {dagbag.py:540} INFO - Filling up the DagBag from /home/airflow/.local/lib/python3.12/site-packages/airflow/example_dags/example_branch_operator_decorator.py
[2026-03-25T11:19:20.795+0000] {processor.py:840} INFO - DAG(s) 'example_branch_python_operator_decorator' retrieved from /home/airflow/.local/lib/python3.12/site-packages/airflow/example_dags/example_branch_operator_decorator.py
[2026-03-25T11:19:20.831+0000] {logging_mixin.py:188} INFO - [2026-03-25T11:19:20.831+0000] {dag.py:3096} INFO - Sync 1 DAGs
[2026-03-25T11:19:20.859+0000] {logging_mixin.py:188} INFO - [2026-03-25T11:19:20.859+0000] {dag.py:3954} INFO - Setting next_dagrun for example_branch_python_operator_decorator to 2026-03-24 00:00:00+00:00, run_after=2026-03-25 00:00:00+00:00
[2026-03-25T11:19:20.908+0000] {processor.py:183} INFO - Processing /home/airflow/.local/lib/python3.12/site-packages/airflow/example_dags/example_branch_operator_decorator.py took 0.145 seconds
[2026-03-25T11:19:51.976+0000] {processor.py:161} INFO - Started process (PID=568) to work on /home/airflow/.local/lib/python3.12/site-packages/airflow/example_dags/example_branch_operator_decorator.py
[2026-03-25T11:19:51.977+0000] {processor.py:830} INFO - Processing file /home/airflow/.local/lib/python3.12/site-packages/airflow/example_dags/example_branch_operator_decorator.py for tasks to queue
[2026-03-25T11:19:51.980+0000] {logging_mixin.py:188} INFO - [2026-03-25T11:19:51.979+0000] {dagbag.py:540} INFO - Filling up the DagBag from /home/airflow/.local/lib/python3.12/site-packages/airflow/example_dags/example_branch_operator_decorator.py
[2026-03-25T11:19:52.005+0000] {processor.py:840} INFO - DAG(s) 'example_branch_python_operator_decorator' retrieved from /home/airflow/.local/lib/python3.12/site-packages/airflow/example_dags/example_branch_operator_decorator.py
[2026-03-25T11:19:52.039+0000] {logging_mixin.py:188} INFO - [2026-03-25T11:19:52.038+0000] {dag.py:3096} INFO - Sync 1 DAGs
[2026-03-25T11:19:52.069+0000] {logging_mixin.py:188} INFO - [2026-03-25T11:19:52.069+0000] {dag.py:3954} INFO - Setting next_dagrun for example_branch_python_operator_decorator to 2026-03-24 00:00:00+00:00, run_after=2026-03-25 00:00:00+00:00
[2026-03-25T11:19:52.121+0000] {processor.py:183} INFO - Processing /home/airflow/.local/lib/python3.12/site-packages/airflow/example_dags/example_branch_operator_decorator.py took 0.151 seconds
[2026-03-25T11:20:23.914+0000] {processor.py:161} INFO - Started process (PID=627) to work on /home/airflow/.local/lib/python3.12/site-packages/airflow/example_dags/example_branch_operator_decorator.py
[2026-03-25T11:20:23.915+0000] {processor.py:830} INFO - Processing file /home/airflow/.local/lib/python3.12/site-packages/airflow/example_dags/example_branch_operator_decorator.py for tasks to queue
[2026-03-25T11:20:23.917+0000] {logging_mixin.py:188} INFO - [2026-03-25T11:20:23.917+0000] {dagbag.py:540} INFO - Filling up the DagBag from /home/airflow/.local/lib/python3.12/site-packages/airflow/example_dags/example_branch_operator_decorator.py
[2026-03-25T11:20:23.939+0000] {processor.py:840} INFO - DAG(s) 'example_branch_python_operator_decorator' retrieved from /home/airflow/.local/lib/python3.12/site-packages/airflow/example_dags/example_branch_operator_decorator.py
[2026-03-25T11:20:23.971+0000] {logging_mixin.py:188} INFO - [2026-03-25T11:20:23.971+0000] {dag.py:3096} INFO - Sync 1 DAGs
[2026-03-25T11:20:23.996+0000] {logging_mixin.py:188} INFO - [2026-03-25T11:20:23.996+0000] {dag.py:3954} INFO - Setting next_dagrun for example_branch_python_operator_decorator to 2026-03-24 00:00:00+00:00, run_after=2026-03-25 00:00:00+00:00
[2026-03-25T11:20:24.036+0000] {processor.py:183} INFO - Processing /home/airflow/.local/lib/python3.12/site-packages/airflow/example_dags/example_branch_operator_decorator.py took 0.128 seconds
[2026-03-25T11:20:56.631+0000] {processor.py:161} INFO - Started process (PID=686) to work on /home/airflow/.local/lib/python3.12/site-packages/airflow/example_dags/example_branch_operator_decorator.py
[2026-03-25T11:20:56.632+0000] {processor.py:830} INFO - Processing file /home/airflow/.local/lib/python3.12/site-packages/airflow/example_dags/example_branch_operator_decorator.py for tasks to queue
[2026-03-25T11:20:56.634+0000] {logging_mixin.py:188} INFO - [2026-03-25T11:20:56.633+0000] {dagbag.py:540} INFO - Filling up the DagBag from /home/airflow/.local/lib/python3.12/site-packages/airflow/example_dags/example_branch_operator_decorator.py
[2026-03-25T11:20:56.654+0000] {processor.py:840} INFO - DAG(s) 'example_branch_python_operator_decorator' retrieved from /home/airflow/.local/lib/python3.12/site-packages/airflow/example_dags/example_branch_operator_decorator.py
[2026-03-25T11:20:56.690+0000] {logging_mixin.py:188} INFO - [2026-03-25T11:20:56.690+0000] {dag.py:3096} INFO - Sync 1 DAGs
[2026-03-25T11:20:56.719+0000] {logging_mixin.py:188} INFO - [2026-03-25T11:20:56.719+0000] {dag.py:3954} INFO - Setting next_dagrun for example_branch_python_operator_decorator to 2026-03-24 00:00:00+00:00, run_after=2026-03-25 00:00:00+00:00
[2026-03-25T11:20:56.771+0000] {processor.py:183} INFO - Processing /home/airflow/.local/lib/python3.12/site-packages/airflow/example_dags/example_branch_operator_decorator.py took 0.146 seconds
[2026-03-25T11:21:29.356+0000] {processor.py:161} INFO - Started process (PID=745) to work on /home/airflow/.local/lib/python3.12/site-packages/airflow/example_dags/example_branch_operator_decorator.py
[2026-03-25T11:21:29.357+0000] {processor.py:830} INFO - Processing file /home/airflow/.local/lib/python3.12/site-packages/airflow/example_dags/example_branch_operator_decorator.py for tasks to queue
[2026-03-25T11:21:29.359+0000] {logging_mixin.py:188} INFO - [2026-03-25T11:21:29.359+0000] {dagbag.py:540} INFO - Filling up the DagBag from /home/airflow/.local/lib/python3.12/site-packages/airflow/example_dags/example_branch_operator_decorator.py
[2026-03-25T11:21:29.387+0000] {processor.py:840} INFO - DAG(s) 'example_branch_python_operator_decorator' retrieved from /home/airflow/.local/lib/python3.12/site-packages/airflow/example_dags/example_branch_operator_decorator.py
[2026-03-25T11:21:29.426+0000] {logging_mixin.py:188} INFO - [2026-03-25T11:21:29.426+0000] {dag.py:3096} INFO - Sync 1 DAGs
[2026-03-25T11:21:29.450+0000] {logging_mixin.py:188} INFO - [2026-03-25T11:21:29.450+0000] {dag.py:3954} INFO - Setting next_dagrun for example_branch_python_operator_decorator to 2026-03-24 00:00:00+00:00, run_after=2026-03-25 00:00:00+00:00
[2026-03-25T11:21:29.493+0000] {processor.py:183} INFO - Processing /home/airflow/.local/lib/python3.12/site-packages/airflow/example_dags/example_branch_operator_decorator.py took 0.145 seconds
[2026-03-25T11:22:02.679+0000] {processor.py:161} INFO - Started process (PID=804) to work on /home/airflow/.local/lib/python3.12/site-packages/airflow/example_dags/example_branch_operator_decorator.py
[2026-03-25T11:22:02.681+0000] {processor.py:830} INFO - Processing file /home/airflow/.local/lib/python3.12/site-packages/airflow/example_dags/example_branch_operator_decorator.py for tasks to queue
[2026-03-25T11:22:02.684+0000] {logging_mixin.py:188} INFO - [2026-03-25T11:22:02.683+0000] {dagbag.py:540} INFO - Filling up the DagBag from /home/airflow/.local/lib/python3.12/site-packages/airflow/example_dags/example_branch_operator_decorator.py
[2026-03-25T11:22:02.732+0000] {processor.py:840} INFO - DAG(s) 'example_branch_python_operator_decorator' retrieved from /home/airflow/.local/lib/python3.12/site-packages/airflow/example_dags/example_branch_operator_decorator.py
[2026-03-25T11:22:02.787+0000] {logging_mixin.py:188} INFO - [2026-03-25T11:22:02.787+0000] {dag.py:3096} INFO - Sync 1 DAGs
[2026-03-25T11:22:02.830+0000] {logging_mixin.py:188} INFO - [2026-03-25T11:22:02.830+0000] {dag.py:3954} INFO - Setting next_dagrun for example_branch_python_operator_decorator to 2026-03-24 00:00:00+00:00, run_after=2026-03-25 00:00:00+00:00
[2026-03-25T11:22:02.878+0000] {processor.py:183} INFO - Processing /home/airflow/.local/lib/python3.12/site-packages/airflow/example_dags/example_branch_operator_decorator.py took 0.208 seconds
[2026-03-25T11:22:34.759+0000] {processor.py:161} INFO - Started process (PID=863) to work on /home/airflow/.local/lib/python3.12/site-packages/airflow/example_dags/example_branch_operator_decorator.py
[2026-03-25T11:22:34.760+0000] {processor.py:830} INFO - Processing file /home/airflow/.local/lib/python3.12/site-packages/airflow/example_dags/example_branch_operator_decorator.py for tasks to queue
[2026-03-25T11:22:34.762+0000] {logging_mixin.py:188} INFO - [2026-03-25T11:22:34.762+0000] {dagbag.py:540} INFO - Filling up the DagBag from /home/airflow/.local/lib/python3.12/site-packages/airflow/example_dags/example_branch_operator_decorator.py
[2026-03-25T11:22:34.782+0000] {processor.py:840} INFO - DAG(s) 'example_branch_python_operator_decorator' retrieved from /home/airflow/.local/lib/python3.12/site-packages/airflow/example_dags/example_branch_operator_decorator.py
[2026-03-25T11:22:34.812+0000] {logging_mixin.py:188} INFO - [2026-03-25T11:22:34.812+0000] {dag.py:3096} INFO - Sync 1 DAGs
[2026-03-25T11:22:34.833+0000] {logging_mixin.py:188} INFO - [2026-03-25T11:22:34.833+0000] {dag.py:3954} INFO - Setting next_dagrun for example_branch_python_operator_decorator to 2026-03-24 00:00:00+00:00, run_after=2026-03-25 00:00:00+00:00
[2026-03-25T11:22:34.868+0000] {processor.py:183} INFO - Processing /home/airflow/.local/lib/python3.12/site-packages/airflow/example_dags/example_branch_operator_decorator.py took 0.115 seconds
[2026-03-25T11:23:08.249+0000] {processor.py:161} INFO - Started process (PID=922) to work on /home/airflow/.local/lib/python3.12/site-packages/airflow/example_dags/example_branch_operator_decorator.py
[2026-03-25T11:23:08.251+0000] {processor.py:830} INFO - Processing file /home/airflow/.local/lib/python3.12/site-packages/airflow/example_dags/example_branch_operator_decorator.py for tasks to queue
[2026-03-25T11:23:08.253+0000] {logging_mixin.py:188} INFO - [2026-03-25T11:23:08.253+0000] {dagbag.py:540} INFO - Filling up the DagBag from /home/airflow/.local/lib/python3.12/site-packages/airflow/example_dags/example_branch_operator_decorator.py
[2026-03-25T11:23:08.285+0000] {processor.py:840} INFO - DAG(s) 'example_branch_python_operator_decorator' retrieved from /home/airflow/.local/lib/python3.12/site-packages/airflow/example_dags/example_branch_operator_decorator.py
[2026-03-25T11:23:08.329+0000] {logging_mixin.py:188} INFO - [2026-03-25T11:23:08.329+0000] {dag.py:3096} INFO - Sync 1 DAGs
[2026-03-25T11:23:08.355+0000] {logging_mixin.py:188} INFO - [2026-03-25T11:23:08.354+0000] {dag.py:3954} INFO - Setting next_dagrun for example_branch_python_operator_decorator to 2026-03-24 00:00:00+00:00, run_after=2026-03-25 00:00:00+00:00
[2026-03-25T11:23:08.409+0000] {processor.py:183} INFO - Processing /home/airflow/.local/lib/python3.12/site-packages/airflow/example_dags/example_branch_operator_decorator.py took 0.169 seconds
[2026-03-25T11:23:40.541+0000] {processor.py:161} INFO - Started process (PID=981) to work on /home/airflow/.local/lib/python3.12/site-packages/airflow/example_dags/example_branch_operator_decorator.py
[2026-03-25T11:23:40.543+0000] {processor.py:830} INFO - Processing file /home/airflow/.local/lib/python3.12/site-packages/airflow/example_dags/example_branch_operator_decorator.py for tasks to queue
[2026-03-25T11:23:40.545+0000] {logging_mixin.py:188} INFO - [2026-03-25T11:23:40.544+0000] {dagbag.py:540} INFO - Filling up the DagBag from /home/airflow/.local/lib/python3.12/site-packages/airflow/example_dags/example_branch_operator_decorator.py
[2026-03-25T11:23:40.575+0000] {processor.py:840} INFO - DAG(s) 'example_branch_python_operator_decorator' retrieved from /home/airflow/.local/lib/python3.12/site-packages/airflow/example_dags/example_branch_operator_decorator.py
[2026-03-25T11:23:40.613+0000] {logging_mixin.py:188} INFO - [2026-03-25T11:23:40.613+0000] {dag.py:3096} INFO - Sync 1 DAGs
[2026-03-25T11:23:40.641+0000] {logging_mixin.py:188} INFO - [2026-03-25T11:23:40.640+0000] {dag.py:3954} INFO - Setting next_dagrun for example_branch_python_operator_decorator to 2026-03-24 00:00:00+00:00, run_after=2026-03-25 00:00:00+00:00
[2026-03-25T11:23:40.696+0000] {processor.py:183} INFO - Processing /home/airflow/.local/lib/python3.12/site-packages/airflow/example_dags/example_branch_operator_decorator.py took 0.162 seconds
[2026-03-25T11:24:12.673+0000] {processor.py:161} INFO - Started process (PID=1040) to work on /home/airflow/.local/lib/python3.12/site-packages/airflow/example_dags/example_branch_operator_decorator.py
[2026-03-25T11:24:12.675+0000] {processor.py:830} INFO - Processing file /home/airflow/.local/lib/python3.12/site-packages/airflow/example_dags/example_branch_operator_decorator.py for tasks to queue
[2026-03-25T11:24:12.677+0000] {logging_mixin.py:188} INFO - [2026-03-25T11:24:12.677+0000] {dagbag.py:540} INFO - Filling up the DagBag from /home/airflow/.local/lib/python3.12/site-packages/airflow/example_dags/example_branch_operator_decorator.py
[2026-03-25T11:24:12.700+0000] {processor.py:840} INFO - DAG(s) 'example_branch_python_operator_decorator' retrieved from /home/airflow/.local/lib/python3.12/site-packages/airflow/example_dags/example_branch_operator_decorator.py
[2026-03-25T11:24:12.731+0000] {logging_mixin.py:188} INFO - [2026-03-25T11:24:12.731+0000] {dag.py:3096} INFO - Sync 1 DAGs
[2026-03-25T11:24:12.757+0000] {logging_mixin.py:188} INFO - [2026-03-25T11:24:12.756+0000] {dag.py:3954} INFO - Setting next_dagrun for example_branch_python_operator_decorator to 2026-03-24 00:00:00+00:00, run_after=2026-03-25 00:00:00+00:00
[2026-03-25T11:24:12.796+0000] {processor.py:183} INFO - Processing /home/airflow/.local/lib/python3.12/site-packages/airflow/example_dags/example_branch_operator_decorator.py took 0.129 seconds
[2026-03-25T11:24:46.923+0000] {processor.py:161} INFO - Started process (PID=1100) to work on /home/airflow/.local/lib/python3.12/site-packages/airflow/example_dags/example_branch_operator_decorator.py
[2026-03-25T11:24:46.925+0000] {processor.py:830} INFO - Processing file /home/airflow/.local/lib/python3.12/site-packages/airflow/example_dags/example_branch_operator_decorator.py for tasks to queue
[2026-03-25T11:24:46.929+0000] {logging_mixin.py:188} INFO - [2026-03-25T11:24:46.928+0000] {dagbag.py:540} INFO - Filling up the DagBag from /home/airflow/.local/lib/python3.12/site-packages/airflow/example_dags/example_branch_operator_decorator.py
[2026-03-25T11:24:46.979+0000] {processor.py:840} INFO - DAG(s) 'example_branch_python_operator_decorator' retrieved from /home/airflow/.local/lib/python3.12/site-packages/airflow/example_dags/example_branch_operator_decorator.py
[2026-03-25T11:24:47.033+0000] {logging_mixin.py:188} INFO - [2026-03-25T11:24:47.033+0000] {dag.py:3096} INFO - Sync 1 DAGs
[2026-03-25T11:24:47.069+0000] {logging_mixin.py:188} INFO - [2026-03-25T11:24:47.068+0000] {dag.py:3954} INFO - Setting next_dagrun for example_branch_python_operator_decorator to 2026-03-24 00:00:00+00:00, run_after=2026-03-25 00:00:00+00:00
[2026-03-25T11:24:47.145+0000] {processor.py:183} INFO - Processing /home/airflow/.local/lib/python3.12/site-packages/airflow/example_dags/example_branch_operator_decorator.py took 0.232 seconds
[2026-03-25T11:25:18.440+0000] {processor.py:161} INFO - Started process (PID=1159) to work on /home/airflow/.local/lib/python3.12/site-packages/airflow/example_dags/example_branch_operator_decorator.py
[2026-03-25T11:25:18.441+0000] {processor.py:830} INFO - Processing file /home/airflow/.local/lib/python3.12/site-packages/airflow/example_dags/example_branch_operator_decorator.py for tasks to queue
[2026-03-25T11:25:18.443+0000] {logging_mixin.py:188} INFO - [2026-03-25T11:25:18.443+0000] {dagbag.py:540} INFO - Filling up the DagBag from /home/airflow/.local/lib/python3.12/site-packages/airflow/example_dags/example_branch_operator_decorator.py
[2026-03-25T11:25:18.464+0000] {processor.py:840} INFO - DAG(s) 'example_branch_python_operator_decorator' retrieved from /home/airflow/.local/lib/python3.12/site-packages/airflow/example_dags/example_branch_operator_decorator.py
[2026-03-25T11:25:18.496+0000] {logging_mixin.py:188} INFO - [2026-03-25T11:25:18.495+0000] {dag.py:3096} INFO - Sync 1 DAGs
[2026-03-25T11:25:18.523+0000] {logging_mixin.py:188} INFO - [2026-03-25T11:25:18.522+0000] {dag.py:3954} INFO - Setting next_dagrun for example_branch_python_operator_decorator to 2026-03-24 00:00:00+00:00, run_after=2026-03-25 00:00:00+00:00
[2026-03-25T11:25:18.600+0000] {processor.py:183} INFO - Processing /home/airflow/.local/lib/python3.12/site-packages/airflow/example_dags/example_branch_operator_decorator.py took 0.165 seconds
[2026-03-25T11:25:51.425+0000] {processor.py:161} INFO - Started process (PID=1218) to work on /home/airflow/.local/lib/python3.12/site-packages/airflow/example_dags/example_branch_operator_decorator.py
[2026-03-25T11:25:51.426+0000] {processor.py:830} INFO - Processing file /home/airflow/.local/lib/python3.12/site-packages/airflow/example_dags/example_branch_operator_decorator.py for tasks to queue
[2026-03-25T11:25:51.428+0000] {logging_mixin.py:188} INFO - [2026-03-25T11:25:51.428+0000] {dagbag.py:540} INFO - Filling up the DagBag from /home/airflow/.local/lib/python3.12/site-packages/airflow/example_dags/example_branch_operator_decorator.py
[2026-03-25T11:25:51.448+0000] {processor.py:840} INFO - DAG(s) 'example_branch_python_operator_decorator' retrieved from /home/airflow/.local/lib/python3.12/site-packages/airflow/example_dags/example_branch_operator_decorator.py
[2026-03-25T11:25:51.478+0000] {logging_mixin.py:188} INFO - [2026-03-25T11:25:51.478+0000] {dag.py:3096} INFO - Sync 1 DAGs
[2026-03-25T11:25:51.502+0000] {logging_mixin.py:188} INFO - [2026-03-25T11:25:51.502+0000] {dag.py:3954} INFO - Setting next_dagrun for example_branch_python_operator_decorator to 2026-03-24 00:00:00+00:00, run_after=2026-03-25 00:00:00+00:00
[2026-03-25T11:25:51.566+0000] {processor.py:183} INFO - Processing /home/airflow/.local/lib/python3.12/site-packages/airflow/example_dags/example_branch_operator_decorator.py took 0.146 seconds
[2026-03-25T11:26:24.244+0000] {processor.py:161} INFO - Started process (PID=1278) to work on /home/airflow/.local/lib/python3.12/site-packages/airflow/example_dags/example_branch_operator_decorator.py
[2026-03-25T11:26:24.245+0000] {processor.py:830} INFO - Processing file /home/airflow/.local/lib/python3.12/site-packages/airflow/example_dags/example_branch_operator_decorator.py for tasks to queue
[2026-03-25T11:26:24.247+0000] {logging_mixin.py:188} INFO - [2026-03-25T11:26:24.247+0000] {dagbag.py:540} INFO - Filling up the DagBag from /home/airflow/.local/lib/python3.12/site-packages/airflow/example_dags/example_branch_operator_decorator.py
[2026-03-25T11:26:24.267+0000] {processor.py:840} INFO - DAG(s) 'example_branch_python_operator_decorator' retrieved from /home/airflow/.local/lib/python3.12/site-packages/airflow/example_dags/example_branch_operator_decorator.py
[2026-03-25T11:26:24.300+0000] {logging_mixin.py:188} INFO - [2026-03-25T11:26:24.299+0000] {dag.py:3096} INFO - Sync 1 DAGs
[2026-03-25T11:26:24.323+0000] {logging_mixin.py:188} INFO - [2026-03-25T11:26:24.322+0000] {dag.py:3954} INFO - Setting next_dagrun for example_branch_python_operator_decorator to 2026-03-24 00:00:00+00:00, run_after=2026-03-25 00:00:00+00:00
[2026-03-25T11:26:24.370+0000] {processor.py:183} INFO - Processing /home/airflow/.local/lib/python3.12/site-packages/airflow/example_dags/example_branch_operator_decorator.py took 0.132 seconds
[2026-03-25T11:26:57.101+0000] {processor.py:161} INFO - Started process (PID=1337) to work on /home/airflow/.local/lib/python3.12/site-packages/airflow/example_dags/example_branch_operator_decorator.py
[2026-03-25T11:26:57.102+0000] {processor.py:830} INFO - Processing file /home/airflow/.local/lib/python3.12/site-packages/airflow/example_dags/example_branch_operator_decorator.py for tasks to queue
[2026-03-25T11:26:57.104+0000] {logging_mixin.py:188} INFO - [2026-03-25T11:26:57.104+0000] {dagbag.py:540} INFO - Filling up the DagBag from /home/airflow/.local/lib/python3.12/site-packages/airflow/example_dags/example_branch_operator_decorator.py
[2026-03-25T11:26:57.140+0000] {processor.py:840} INFO - DAG(s) 'example_branch_python_operator_decorator' retrieved from /home/airflow/.local/lib/python3.12/site-packages/airflow/example_dags/example_branch_operator_decorator.py
[2026-03-25T11:26:57.183+0000] {logging_mixin.py:188} INFO - [2026-03-25T11:26:57.182+0000] {dag.py:3096} INFO - Sync 1 DAGs
[2026-03-25T11:26:57.211+0000] {logging_mixin.py:188} INFO - [2026-03-25T11:26:57.211+0000] {dag.py:3954} INFO - Setting next_dagrun for example_branch_python_operator_decorator to 2026-03-24 00:00:00+00:00, run_after=2026-03-25 00:00:00+00:00
[2026-03-25T11:26:57.260+0000] {processor.py:183} INFO - Processing /home/airflow/.local/lib/python3.12/site-packages/airflow/example_dags/example_branch_operator_decorator.py took 0.167 seconds
[2026-03-25T11:27:30.930+0000] {processor.py:161} INFO - Started process (PID=1396) to work on /home/airflow/.local/lib/python3.12/site-packages/airflow/example_dags/example_branch_operator_decorator.py
[2026-03-25T11:27:30.931+0000] {processor.py:830} INFO - Processing file /home/airflow/.local/lib/python3.12/site-packages/airflow/example_dags/example_branch_operator_decorator.py for tasks to queue
[2026-03-25T11:27:30.933+0000] {logging_mixin.py:188} INFO - [2026-03-25T11:27:30.933+0000] {dagbag.py:540} INFO - Filling up the DagBag from /home/airflow/.local/lib/python3.12/site-packages/airflow/example_dags/example_branch_operator_decorator.py
[2026-03-25T11:27:30.959+0000] {processor.py:840} INFO - DAG(s) 'example_branch_python_operator_decorator' retrieved from /home/airflow/.local/lib/python3.12/site-packages/airflow/example_dags/example_branch_operator_decorator.py
[2026-03-25T11:27:30.998+0000] {logging_mixin.py:188} INFO - [2026-03-25T11:27:30.998+0000] {dag.py:3096} INFO - Sync 1 DAGs
[2026-03-25T11:27:31.041+0000] {logging_mixin.py:188} INFO - [2026-03-25T11:27:31.040+0000] {dag.py:3954} INFO - Setting next_dagrun for example_branch_python_operator_decorator to 2026-03-24 00:00:00+00:00, run_after=2026-03-25 00:00:00+00:00
[2026-03-25T11:27:31.096+0000] {processor.py:183} INFO - Processing /home/airflow/.local/lib/python3.12/site-packages/airflow/example_dags/example_branch_operator_decorator.py took 0.172 seconds
[2026-03-25T11:28:02.282+0000] {processor.py:161} INFO - Started process (PID=1457) to work on /home/airflow/.local/lib/python3.12/site-packages/airflow/example_dags/example_branch_operator_decorator.py
[2026-03-25T11:28:02.284+0000] {processor.py:830} INFO - Processing file /home/airflow/.local/lib/python3.12/site-packages/airflow/example_dags/example_branch_operator_decorator.py for tasks to queue
[2026-03-25T11:28:02.286+0000] {logging_mixin.py:188} INFO - [2026-03-25T11:28:02.286+0000] {dagbag.py:540} INFO - Filling up the DagBag from /home/airflow/.local/lib/python3.12/site-packages/airflow/example_dags/example_branch_operator_decorator.py
[2026-03-25T11:28:02.309+0000] {processor.py:840} INFO - DAG(s) 'example_branch_python_operator_decorator' retrieved from /home/airflow/.local/lib/python3.12/site-packages/airflow/example_dags/example_branch_operator_decorator.py
[2026-03-25T11:28:02.345+0000] {logging_mixin.py:188} INFO - [2026-03-25T11:28:02.345+0000] {dag.py:3096} INFO - Sync 1 DAGs
[2026-03-25T11:28:02.377+0000] {logging_mixin.py:188} INFO - [2026-03-25T11:28:02.376+0000] {dag.py:3954} INFO - Setting next_dagrun for example_branch_python_operator_decorator to 2026-03-24 00:00:00+00:00, run_after=2026-03-25 00:00:00+00:00
[2026-03-25T11:28:02.426+0000] {processor.py:183} INFO - Processing /home/airflow/.local/lib/python3.12/site-packages/airflow/example_dags/example_branch_operator_decorator.py took 0.153 seconds
[2026-03-25T11:28:37.864+0000] {processor.py:161} INFO - Started process (PID=1524) to work on /home/airflow/.local/lib/python3.12/site-packages/airflow/example_dags/example_branch_operator_decorator.py
[2026-03-25T11:28:37.865+0000] {processor.py:830} INFO - Processing file /home/airflow/.local/lib/python3.12/site-packages/airflow/example_dags/example_branch_operator_decorator.py for tasks to queue
[2026-03-25T11:28:37.867+0000] {logging_mixin.py:188} INFO - [2026-03-25T11:28:37.866+0000] {dagbag.py:540} INFO - Filling up the DagBag from /home/airflow/.local/lib/python3.12/site-packages/airflow/example_dags/example_branch_operator_decorator.py
[2026-03-25T11:28:37.887+0000] {processor.py:840} INFO - DAG(s) 'example_branch_python_operator_decorator' retrieved from /home/airflow/.local/lib/python3.12/site-packages/airflow/example_dags/example_branch_operator_decorator.py
[2026-03-25T11:28:37.919+0000] {logging_mixin.py:188} INFO - [2026-03-25T11:28:37.918+0000] {dag.py:3096} INFO - Sync 1 DAGs
[2026-03-25T11:28:37.941+0000] {logging_mixin.py:188} INFO - [2026-03-25T11:28:37.941+0000] {dag.py:3954} INFO - Setting next_dagrun for example_branch_python_operator_decorator to 2026-03-24 00:00:00+00:00, run_after=2026-03-25 00:00:00+00:00
[2026-03-25T11:28:38.010+0000] {processor.py:183} INFO - Processing /home/airflow/.local/lib/python3.12/site-packages/airflow/example_dags/example_branch_operator_decorator.py took 0.153 seconds
[2026-03-25T11:29:10.464+0000] {processor.py:161} INFO - Started process (PID=1585) to work on /home/airflow/.local/lib/python3.12/site-packages/airflow/example_dags/example_branch_operator_decorator.py
[2026-03-25T11:29:10.468+0000] {processor.py:830} INFO - Processing file /home/airflow/.local/lib/python3.12/site-packages/airflow/example_dags/example_branch_operator_decorator.py for tasks to queue
[2026-03-25T11:29:10.477+0000] {logging_mixin.py:188} INFO - [2026-03-25T11:29:10.475+0000] {dagbag.py:540} INFO - Filling up the DagBag from /home/airflow/.local/lib/python3.12/site-packages/airflow/example_dags/example_branch_operator_decorator.py
[2026-03-25T11:29:10.611+0000] {processor.py:840} INFO - DAG(s) 'example_branch_python_operator_decorator' retrieved from /home/airflow/.local/lib/python3.12/site-packages/airflow/example_dags/example_branch_operator_decorator.py
[2026-03-25T11:29:10.655+0000] {logging_mixin.py:188} INFO - [2026-03-25T11:29:10.655+0000] {dag.py:3096} INFO - Sync 1 DAGs
[2026-03-25T11:29:10.680+0000] {logging_mixin.py:188} INFO - [2026-03-25T11:29:10.679+0000] {dag.py:3954} INFO - Setting next_dagrun for example_branch_python_operator_decorator to 2026-03-24 00:00:00+00:00, run_after=2026-03-25 00:00:00+00:00
[2026-03-25T11:29:10.731+0000] {processor.py:183} INFO - Processing /home/airflow/.local/lib/python3.12/site-packages/airflow/example_dags/example_branch_operator_decorator.py took 0.299 seconds
[2026-03-25T11:29:41.218+0000] {processor.py:161} INFO - Started process (PID=1644) to work on /home/airflow/.local/lib/python3.12/site-packages/airflow/example_dags/example_branch_operator_decorator.py
[2026-03-25T11:29:41.220+0000] {processor.py:830} INFO - Processing file /home/airflow/.local/lib/python3.12/site-packages/airflow/example_dags/example_branch_operator_decorator.py for tasks to queue
[2026-03-25T11:29:41.224+0000] {logging_mixin.py:188} INFO - [2026-03-25T11:29:41.223+0000] {dagbag.py:540} INFO - Filling up the DagBag from /home/airflow/.local/lib/python3.12/site-packages/airflow/example_dags/example_branch_operator_decorator.py
[2026-03-25T11:29:41.265+0000] {processor.py:840} INFO - DAG(s) 'example_branch_python_operator_decorator' retrieved from /home/airflow/.local/lib/python3.12/site-packages/airflow/example_dags/example_branch_operator_decorator.py
[2026-03-25T11:29:41.317+0000] {logging_mixin.py:188} INFO - [2026-03-25T11:29:41.316+0000] {dag.py:3096} INFO - Sync 1 DAGs
[2026-03-25T11:29:41.366+0000] {logging_mixin.py:188} INFO - [2026-03-25T11:29:41.366+0000] {dag.py:3954} INFO - Setting next_dagrun for example_branch_python_operator_decorator to 2026-03-24 00:00:00+00:00, run_after=2026-03-25 00:00:00+00:00
[2026-03-25T11:29:41.431+0000] {processor.py:183} INFO - Processing /home/airflow/.local/lib/python3.12/site-packages/airflow/example_dags/example_branch_operator_decorator.py took 0.225 seconds
[2026-03-25T11:30:12.579+0000] {processor.py:161} INFO - Started process (PID=1697) to work on /home/airflow/.local/lib/python3.12/site-packages/airflow/example_dags/example_branch_operator_decorator.py
[2026-03-25T11:30:12.581+0000] {processor.py:830} INFO - Processing file /home/airflow/.local/lib/python3.12/site-packages/airflow/example_dags/example_branch_operator_decorator.py for tasks to queue
[2026-03-25T11:30:12.584+0000] {logging_mixin.py:188} INFO - [2026-03-25T11:30:12.583+0000] {dagbag.py:540} INFO - Filling up the DagBag from /home/airflow/.local/lib/python3.12/site-packages/airflow/example_dags/example_branch_operator_decorator.py
[2026-03-25T11:30:12.628+0000] {processor.py:840} INFO - DAG(s) 'example_branch_python_operator_decorator' retrieved from /home/airflow/.local/lib/python3.12/site-packages/airflow/example_dags/example_branch_operator_decorator.py
[2026-03-25T11:30:12.691+0000] {logging_mixin.py:188} INFO - [2026-03-25T11:30:12.690+0000] {dag.py:3096} INFO - Sync 1 DAGs
[2026-03-25T11:30:12.743+0000] {logging_mixin.py:188} INFO - [2026-03-25T11:30:12.743+0000] {dag.py:3954} INFO - Setting next_dagrun for example_branch_python_operator_decorator to 2026-03-24 00:00:00+00:00, run_after=2026-03-25 00:00:00+00:00
[2026-03-25T11:30:12.852+0000] {processor.py:183} INFO - Processing /home/airflow/.local/lib/python3.12/site-packages/airflow/example_dags/example_branch_operator_decorator.py took 0.284 seconds
[2026-03-25T11:30:44.144+0000] {processor.py:161} INFO - Started process (PID=1756) to work on /home/airflow/.local/lib/python3.12/site-packages/airflow/example_dags/example_branch_operator_decorator.py
[2026-03-25T11:30:44.145+0000] {processor.py:830} INFO - Processing file /home/airflow/.local/lib/python3.12/site-packages/airflow/example_dags/example_branch_operator_decorator.py for tasks to queue
[2026-03-25T11:30:44.147+0000] {logging_mixin.py:188} INFO - [2026-03-25T11:30:44.147+0000] {dagbag.py:540} INFO - Filling up the DagBag from /home/airflow/.local/lib/python3.12/site-packages/airflow/example_dags/example_branch_operator_decorator.py
[2026-03-25T11:30:44.171+0000] {processor.py:840} INFO - DAG(s) 'example_branch_python_operator_decorator' retrieved from /home/airflow/.local/lib/python3.12/site-packages/airflow/example_dags/example_branch_operator_decorator.py
[2026-03-25T11:30:44.203+0000] {logging_mixin.py:188} INFO - [2026-03-25T11:30:44.203+0000] {dag.py:3096} INFO - Sync 1 DAGs
[2026-03-25T11:30:44.229+0000] {logging_mixin.py:188} INFO - [2026-03-25T11:30:44.229+0000] {dag.py:3954} INFO - Setting next_dagrun for example_branch_python_operator_decorator to 2026-03-24 00:00:00+00:00, run_after=2026-03-25 00:00:00+00:00
[2026-03-25T11:30:44.270+0000] {processor.py:183} INFO - Processing /home/airflow/.local/lib/python3.12/site-packages/airflow/example_dags/example_branch_operator_decorator.py took 0.132 seconds
[2026-03-25T11:31:16.396+0000] {processor.py:161} INFO - Started process (PID=1815) to work on /home/airflow/.local/lib/python3.12/site-packages/airflow/example_dags/example_branch_operator_decorator.py
[2026-03-25T11:31:16.397+0000] {processor.py:830} INFO - Processing file /home/airflow/.local/lib/python3.12/site-packages/airflow/example_dags/example_branch_operator_decorator.py for tasks to queue
[2026-03-25T11:31:16.399+0000] {logging_mixin.py:188} INFO - [2026-03-25T11:31:16.399+0000] {dagbag.py:540} INFO - Filling up the DagBag from /home/airflow/.local/lib/python3.12/site-packages/airflow/example_dags/example_branch_operator_decorator.py
[2026-03-25T11:31:16.421+0000] {processor.py:840} INFO - DAG(s) 'example_branch_python_operator_decorator' retrieved from /home/airflow/.local/lib/python3.12/site-packages/airflow/example_dags/example_branch_operator_decorator.py
[2026-03-25T11:31:16.453+0000] {logging_mixin.py:188} INFO - [2026-03-25T11:31:16.452+0000] {dag.py:3096} INFO - Sync 1 DAGs
[2026-03-25T11:31:16.477+0000] {logging_mixin.py:188} INFO - [2026-03-25T11:31:16.477+0000] {dag.py:3954} INFO - Setting next_dagrun for example_branch_python_operator_decorator to 2026-03-24 00:00:00+00:00, run_after=2026-03-25 00:00:00+00:00
[2026-03-25T11:31:16.517+0000] {processor.py:183} INFO - Processing /home/airflow/.local/lib/python3.12/site-packages/airflow/example_dags/example_branch_operator_decorator.py took 0.127 seconds
[2026-03-25T11:31:49.564+0000] {processor.py:161} INFO - Started process (PID=1874) to work on /home/airflow/.local/lib/python3.12/site-packages/airflow/example_dags/example_branch_operator_decorator.py
[2026-03-25T11:31:49.565+0000] {processor.py:830} INFO - Processing file /home/airflow/.local/lib/python3.12/site-packages/airflow/example_dags/example_branch_operator_decorator.py for tasks to queue
[2026-03-25T11:31:49.567+0000] {logging_mixin.py:188} INFO - [2026-03-25T11:31:49.566+0000] {dagbag.py:540} INFO - Filling up the DagBag from /home/airflow/.local/lib/python3.12/site-packages/airflow/example_dags/example_branch_operator_decorator.py
[2026-03-25T11:31:49.591+0000] {processor.py:840} INFO - DAG(s) 'example_branch_python_operator_decorator' retrieved from /home/airflow/.local/lib/python3.12/site-packages/airflow/example_dags/example_branch_operator_decorator.py
[2026-03-25T11:31:49.629+0000] {logging_mixin.py:188} INFO - [2026-03-25T11:31:49.628+0000] {dag.py:3096} INFO - Sync 1 DAGs
[2026-03-25T11:31:49.677+0000] {logging_mixin.py:188} INFO - [2026-03-25T11:31:49.677+0000] {dag.py:3954} INFO - Setting next_dagrun for example_branch_python_operator_decorator to 2026-03-24 00:00:00+00:00, run_after=2026-03-25 00:00:00+00:00
[2026-03-25T11:31:49.755+0000] {processor.py:183} INFO - Processing /home/airflow/.local/lib/python3.12/site-packages/airflow/example_dags/example_branch_operator_decorator.py took 0.197 seconds
[2026-03-25T11:32:22.246+0000] {processor.py:161} INFO - Started process (PID=1933) to work on /home/airflow/.local/lib/python3.12/site-packages/airflow/example_dags/example_branch_operator_decorator.py
[2026-03-25T11:32:22.247+0000] {processor.py:830} INFO - Processing file /home/airflow/.local/lib/python3.12/site-packages/airflow/example_dags/example_branch_operator_decorator.py for tasks to queue
[2026-03-25T11:32:22.249+0000] {logging_mixin.py:188} INFO - [2026-03-25T11:32:22.248+0000] {dagbag.py:540} INFO - Filling up the DagBag from /home/airflow/.local/lib/python3.12/site-packages/airflow/example_dags/example_branch_operator_decorator.py
[2026-03-25T11:32:22.269+0000] {processor.py:840} INFO - DAG(s) 'example_branch_python_operator_decorator' retrieved from /home/airflow/.local/lib/python3.12/site-packages/airflow/example_dags/example_branch_operator_decorator.py
[2026-03-25T11:32:22.306+0000] {logging_mixin.py:188} INFO - [2026-03-25T11:32:22.306+0000] {dag.py:3096} INFO - Sync 1 DAGs
[2026-03-25T11:32:22.334+0000] {logging_mixin.py:188} INFO - [2026-03-25T11:32:22.334+0000] {dag.py:3954} INFO - Setting next_dagrun for example_branch_python_operator_decorator to 2026-03-24 00:00:00+00:00, run_after=2026-03-25 00:00:00+00:00
[2026-03-25T11:32:22.376+0000] {processor.py:183} INFO - Processing /home/airflow/.local/lib/python3.12/site-packages/airflow/example_dags/example_branch_operator_decorator.py took 0.136 seconds
[2026-03-25T11:34:40.289+0000] {processor.py:161} INFO - Started process (PID=101) to work on /home/airflow/.local/lib/python3.12/site-packages/airflow/example_dags/example_branch_operator_decorator.py
[2026-03-25T11:34:40.290+0000] {processor.py:830} INFO - Processing file /home/airflow/.local/lib/python3.12/site-packages/airflow/example_dags/example_branch_operator_decorator.py for tasks to queue
[2026-03-25T11:34:40.293+0000] {logging_mixin.py:188} INFO - [2026-03-25T11:34:40.292+0000] {dagbag.py:540} INFO - Filling up the DagBag from /home/airflow/.local/lib/python3.12/site-packages/airflow/example_dags/example_branch_operator_decorator.py
[2026-03-25T11:34:40.323+0000] {processor.py:840} INFO - DAG(s) 'example_branch_python_operator_decorator' retrieved from /home/airflow/.local/lib/python3.12/site-packages/airflow/example_dags/example_branch_operator_decorator.py
[2026-03-25T11:34:40.554+0000] {logging_mixin.py:188} INFO - [2026-03-25T11:34:40.553+0000] {dag.py:3096} INFO - Sync 1 DAGs
[2026-03-25T11:34:40.616+0000] {logging_mixin.py:188} INFO - [2026-03-25T11:34:40.616+0000] {dag.py:3954} INFO - Setting next_dagrun for example_branch_python_operator_decorator to 2026-03-24 00:00:00+00:00, run_after=2026-03-25 00:00:00+00:00
[2026-03-25T11:34:40.683+0000] {processor.py:183} INFO - Processing /home/airflow/.local/lib/python3.12/site-packages/airflow/example_dags/example_branch_operator_decorator.py took 0.402 seconds
[2026-03-25T11:35:11.367+0000] {processor.py:161} INFO - Started process (PID=160) to work on /home/airflow/.local/lib/python3.12/site-packages/airflow/example_dags/example_branch_operator_decorator.py
[2026-03-25T11:35:11.368+0000] {processor.py:830} INFO - Processing file /home/airflow/.local/lib/python3.12/site-packages/airflow/example_dags/example_branch_operator_decorator.py for tasks to queue
[2026-03-25T11:35:11.370+0000] {logging_mixin.py:188} INFO - [2026-03-25T11:35:11.369+0000] {dagbag.py:540} INFO - Filling up the DagBag from /home/airflow/.local/lib/python3.12/site-packages/airflow/example_dags/example_branch_operator_decorator.py
[2026-03-25T11:35:11.396+0000] {processor.py:840} INFO - DAG(s) 'example_branch_python_operator_decorator' retrieved from /home/airflow/.local/lib/python3.12/site-packages/airflow/example_dags/example_branch_operator_decorator.py
[2026-03-25T11:35:11.437+0000] {logging_mixin.py:188} INFO - [2026-03-25T11:35:11.437+0000] {dag.py:3096} INFO - Sync 1 DAGs
[2026-03-25T11:35:11.472+0000] {logging_mixin.py:188} INFO - [2026-03-25T11:35:11.472+0000] {dag.py:3954} INFO - Setting next_dagrun for example_branch_python_operator_decorator to 2026-03-24 00:00:00+00:00, run_after=2026-03-25 00:00:00+00:00
[2026-03-25T11:35:11.523+0000] {processor.py:183} INFO - Processing /home/airflow/.local/lib/python3.12/site-packages/airflow/example_dags/example_branch_operator_decorator.py took 0.162 seconds
[2026-03-25T11:35:41.629+0000] {processor.py:161} INFO - Started process (PID=219) to work on /home/airflow/.local/lib/python3.12/site-packages/airflow/example_dags/example_branch_operator_decorator.py
[2026-03-25T11:35:41.630+0000] {processor.py:830} INFO - Processing file /home/airflow/.local/lib/python3.12/site-packages/airflow/example_dags/example_branch_operator_decorator.py for tasks to queue
[2026-03-25T11:35:41.632+0000] {logging_mixin.py:188} INFO - [2026-03-25T11:35:41.631+0000] {dagbag.py:540} INFO - Filling up the DagBag from /home/airflow/.local/lib/python3.12/site-packages/airflow/example_dags/example_branch_operator_decorator.py
[2026-03-25T11:35:41.652+0000] {processor.py:840} INFO - DAG(s) 'example_branch_python_operator_decorator' retrieved from /home/airflow/.local/lib/python3.12/site-packages/airflow/example_dags/example_branch_operator_decorator.py
[2026-03-25T11:35:41.681+0000] {logging_mixin.py:188} INFO - [2026-03-25T11:35:41.681+0000] {dag.py:3096} INFO - Sync 1 DAGs
[2026-03-25T11:35:41.812+0000] {logging_mixin.py:188} INFO - [2026-03-25T11:35:41.811+0000] {dag.py:3954} INFO - Setting next_dagrun for example_branch_python_operator_decorator to 2026-03-24 00:00:00+00:00, run_after=2026-03-25 00:00:00+00:00
[2026-03-25T11:35:41.856+0000] {processor.py:183} INFO - Processing /home/airflow/.local/lib/python3.12/site-packages/airflow/example_dags/example_branch_operator_decorator.py took 0.232 seconds
[2026-03-25T11:36:14.798+0000] {processor.py:161} INFO - Started process (PID=279) to work on /home/airflow/.local/lib/python3.12/site-packages/airflow/example_dags/example_branch_operator_decorator.py
[2026-03-25T11:36:14.799+0000] {processor.py:830} INFO - Processing file /home/airflow/.local/lib/python3.12/site-packages/airflow/example_dags/example_branch_operator_decorator.py for tasks to queue
[2026-03-25T11:36:14.801+0000] {logging_mixin.py:188} INFO - [2026-03-25T11:36:14.801+0000] {dagbag.py:540} INFO - Filling up the DagBag from /home/airflow/.local/lib/python3.12/site-packages/airflow/example_dags/example_branch_operator_decorator.py
[2026-03-25T11:36:14.830+0000] {processor.py:840} INFO - DAG(s) 'example_branch_python_operator_decorator' retrieved from /home/airflow/.local/lib/python3.12/site-packages/airflow/example_dags/example_branch_operator_decorator.py
[2026-03-25T11:36:14.864+0000] {logging_mixin.py:188} INFO - [2026-03-25T11:36:14.864+0000] {dag.py:3096} INFO - Sync 1 DAGs
[2026-03-25T11:36:14.889+0000] {logging_mixin.py:188} INFO - [2026-03-25T11:36:14.889+0000] {dag.py:3954} INFO - Setting next_dagrun for example_branch_python_operator_decorator to 2026-03-24 00:00:00+00:00, run_after=2026-03-25 00:00:00+00:00
[2026-03-25T11:36:14.926+0000] {processor.py:183} INFO - Processing /home/airflow/.local/lib/python3.12/site-packages/airflow/example_dags/example_branch_operator_decorator.py took 0.135 seconds
[2026-03-25T11:36:47.779+0000] {processor.py:161} INFO - Started process (PID=338) to work on /home/airflow/.local/lib/python3.12/site-packages/airflow/example_dags/example_branch_operator_decorator.py
[2026-03-25T11:36:47.781+0000] {processor.py:830} INFO - Processing file /home/airflow/.local/lib/python3.12/site-packages/airflow/example_dags/example_branch_operator_decorator.py for tasks to queue
[2026-03-25T11:36:47.784+0000] {logging_mixin.py:188} INFO - [2026-03-25T11:36:47.784+0000] {dagbag.py:540} INFO - Filling up the DagBag from /home/airflow/.local/lib/python3.12/site-packages/airflow/example_dags/example_branch_operator_decorator.py
[2026-03-25T11:36:47.819+0000] {processor.py:840} INFO - DAG(s) 'example_branch_python_operator_decorator' retrieved from /home/airflow/.local/lib/python3.12/site-packages/airflow/example_dags/example_branch_operator_decorator.py
[2026-03-25T11:36:47.871+0000] {logging_mixin.py:188} INFO - [2026-03-25T11:36:47.870+0000] {dag.py:3096} INFO - Sync 1 DAGs
[2026-03-25T11:36:47.913+0000] {logging_mixin.py:188} INFO - [2026-03-25T11:36:47.912+0000] {dag.py:3954} INFO - Setting next_dagrun for example_branch_python_operator_decorator to 2026-03-24 00:00:00+00:00, run_after=2026-03-25 00:00:00+00:00
[2026-03-25T11:36:47.978+0000] {processor.py:183} INFO - Processing /home/airflow/.local/lib/python3.12/site-packages/airflow/example_dags/example_branch_operator_decorator.py took 0.208 seconds
[2026-03-25T11:37:19.765+0000] {processor.py:161} INFO - Started process (PID=397) to work on /home/airflow/.local/lib/python3.12/site-packages/airflow/example_dags/example_branch_operator_decorator.py
[2026-03-25T11:37:19.767+0000] {processor.py:830} INFO - Processing file /home/airflow/.local/lib/python3.12/site-packages/airflow/example_dags/example_branch_operator_decorator.py for tasks to queue
[2026-03-25T11:37:19.769+0000] {logging_mixin.py:188} INFO - [2026-03-25T11:37:19.769+0000] {dagbag.py:540} INFO - Filling up the DagBag from /home/airflow/.local/lib/python3.12/site-packages/airflow/example_dags/example_branch_operator_decorator.py
[2026-03-25T11:37:19.798+0000] {processor.py:840} INFO - DAG(s) 'example_branch_python_operator_decorator' retrieved from /home/airflow/.local/lib/python3.12/site-packages/airflow/example_dags/example_branch_operator_decorator.py
[2026-03-25T11:37:19.836+0000] {logging_mixin.py:188} INFO - [2026-03-25T11:37:19.835+0000] {dag.py:3096} INFO - Sync 1 DAGs
[2026-03-25T11:37:19.866+0000] {logging_mixin.py:188} INFO - [2026-03-25T11:37:19.866+0000] {dag.py:3954} INFO - Setting next_dagrun for example_branch_python_operator_decorator to 2026-03-24 00:00:00+00:00, run_after=2026-03-25 00:00:00+00:00
[2026-03-25T11:37:19.932+0000] {processor.py:183} INFO - Processing /home/airflow/.local/lib/python3.12/site-packages/airflow/example_dags/example_branch_operator_decorator.py took 0.174 seconds
[2026-03-25T11:37:51.891+0000] {processor.py:161} INFO - Started process (PID=456) to work on /home/airflow/.local/lib/python3.12/site-packages/airflow/example_dags/example_branch_operator_decorator.py
[2026-03-25T11:37:51.892+0000] {processor.py:830} INFO - Processing file /home/airflow/.local/lib/python3.12/site-packages/airflow/example_dags/example_branch_operator_decorator.py for tasks to queue
[2026-03-25T11:37:51.894+0000] {logging_mixin.py:188} INFO - [2026-03-25T11:37:51.894+0000] {dagbag.py:540} INFO - Filling up the DagBag from /home/airflow/.local/lib/python3.12/site-packages/airflow/example_dags/example_branch_operator_decorator.py
[2026-03-25T11:37:51.918+0000] {processor.py:840} INFO - DAG(s) 'example_branch_python_operator_decorator' retrieved from /home/airflow/.local/lib/python3.12/site-packages/airflow/example_dags/example_branch_operator_decorator.py
[2026-03-25T11:37:51.951+0000] {logging_mixin.py:188} INFO - [2026-03-25T11:37:51.951+0000] {dag.py:3096} INFO - Sync 1 DAGs
[2026-03-25T11:37:51.976+0000] {logging_mixin.py:188} INFO - [2026-03-25T11:37:51.976+0000] {dag.py:3954} INFO - Setting next_dagrun for example_branch_python_operator_decorator to 2026-03-24 00:00:00+00:00, run_after=2026-03-25 00:00:00+00:00
[2026-03-25T11:37:52.016+0000] {processor.py:183} INFO - Processing /home/airflow/.local/lib/python3.12/site-packages/airflow/example_dags/example_branch_operator_decorator.py took 0.131 seconds
[2026-03-25T11:38:23.910+0000] {processor.py:161} INFO - Started process (PID=509) to work on /home/airflow/.local/lib/python3.12/site-packages/airflow/example_dags/example_branch_operator_decorator.py
[2026-03-25T11:38:23.912+0000] {processor.py:830} INFO - Processing file /home/airflow/.local/lib/python3.12/site-packages/airflow/example_dags/example_branch_operator_decorator.py for tasks to queue
[2026-03-25T11:38:23.914+0000] {logging_mixin.py:188} INFO - [2026-03-25T11:38:23.913+0000] {dagbag.py:540} INFO - Filling up the DagBag from /home/airflow/.local/lib/python3.12/site-packages/airflow/example_dags/example_branch_operator_decorator.py
[2026-03-25T11:38:23.936+0000] {processor.py:840} INFO - DAG(s) 'example_branch_python_operator_decorator' retrieved from /home/airflow/.local/lib/python3.12/site-packages/airflow/example_dags/example_branch_operator_decorator.py
[2026-03-25T11:38:23.972+0000] {logging_mixin.py:188} INFO - [2026-03-25T11:38:23.972+0000] {dag.py:3096} INFO - Sync 1 DAGs
[2026-03-25T11:38:24.000+0000] {logging_mixin.py:188} INFO - [2026-03-25T11:38:23.999+0000] {dag.py:3954} INFO - Setting next_dagrun for example_branch_python_operator_decorator to 2026-03-24 00:00:00+00:00, run_after=2026-03-25 00:00:00+00:00
[2026-03-25T11:38:24.064+0000] {processor.py:183} INFO - Processing /home/airflow/.local/lib/python3.12/site-packages/airflow/example_dags/example_branch_operator_decorator.py took 0.159 seconds
[2026-03-25T11:38:56.649+0000] {processor.py:161} INFO - Started process (PID=568) to work on /home/airflow/.local/lib/python3.12/site-packages/airflow/example_dags/example_branch_operator_decorator.py
[2026-03-25T11:38:56.650+0000] {processor.py:830} INFO - Processing file /home/airflow/.local/lib/python3.12/site-packages/airflow/example_dags/example_branch_operator_decorator.py for tasks to queue
[2026-03-25T11:38:56.653+0000] {logging_mixin.py:188} INFO - [2026-03-25T11:38:56.652+0000] {dagbag.py:540} INFO - Filling up the DagBag from /home/airflow/.local/lib/python3.12/site-packages/airflow/example_dags/example_branch_operator_decorator.py
[2026-03-25T11:38:56.681+0000] {processor.py:840} INFO - DAG(s) 'example_branch_python_operator_decorator' retrieved from /home/airflow/.local/lib/python3.12/site-packages/airflow/example_dags/example_branch_operator_decorator.py
[2026-03-25T11:38:56.715+0000] {logging_mixin.py:188} INFO - [2026-03-25T11:38:56.715+0000] {dag.py:3096} INFO - Sync 1 DAGs
[2026-03-25T11:38:56.737+0000] {logging_mixin.py:188} INFO - [2026-03-25T11:38:56.737+0000] {dag.py:3954} INFO - Setting next_dagrun for example_branch_python_operator_decorator to 2026-03-24 00:00:00+00:00, run_after=2026-03-25 00:00:00+00:00
[2026-03-25T11:38:56.779+0000] {processor.py:183} INFO - Processing /home/airflow/.local/lib/python3.12/site-packages/airflow/example_dags/example_branch_operator_decorator.py took 0.138 seconds
[2026-03-25T11:39:29.381+0000] {processor.py:161} INFO - Started process (PID=627) to work on /home/airflow/.local/lib/python3.12/site-packages/airflow/example_dags/example_branch_operator_decorator.py
[2026-03-25T11:39:29.382+0000] {processor.py:830} INFO - Processing file /home/airflow/.local/lib/python3.12/site-packages/airflow/example_dags/example_branch_operator_decorator.py for tasks to queue
[2026-03-25T11:39:29.384+0000] {logging_mixin.py:188} INFO - [2026-03-25T11:39:29.384+0000] {dagbag.py:540} INFO - Filling up the DagBag from /home/airflow/.local/lib/python3.12/site-packages/airflow/example_dags/example_branch_operator_decorator.py
[2026-03-25T11:39:29.405+0000] {processor.py:840} INFO - DAG(s) 'example_branch_python_operator_decorator' retrieved from /home/airflow/.local/lib/python3.12/site-packages/airflow/example_dags/example_branch_operator_decorator.py
[2026-03-25T11:39:29.443+0000] {logging_mixin.py:188} INFO - [2026-03-25T11:39:29.443+0000] {dag.py:3096} INFO - Sync 1 DAGs
[2026-03-25T11:39:29.467+0000] {logging_mixin.py:188} INFO - [2026-03-25T11:39:29.466+0000] {dag.py:3954} INFO - Setting next_dagrun for example_branch_python_operator_decorator to 2026-03-24 00:00:00+00:00, run_after=2026-03-25 00:00:00+00:00
[2026-03-25T11:39:29.512+0000] {processor.py:183} INFO - Processing /home/airflow/.local/lib/python3.12/site-packages/airflow/example_dags/example_branch_operator_decorator.py took 0.136 seconds
[2026-03-25T11:40:02.862+0000] {processor.py:161} INFO - Started process (PID=692) to work on /home/airflow/.local/lib/python3.12/site-packages/airflow/example_dags/example_branch_operator_decorator.py
[2026-03-25T11:40:02.864+0000] {processor.py:830} INFO - Processing file /home/airflow/.local/lib/python3.12/site-packages/airflow/example_dags/example_branch_operator_decorator.py for tasks to queue
[2026-03-25T11:40:02.866+0000] {logging_mixin.py:188} INFO - [2026-03-25T11:40:02.866+0000] {dagbag.py:540} INFO - Filling up the DagBag from /home/airflow/.local/lib/python3.12/site-packages/airflow/example_dags/example_branch_operator_decorator.py
[2026-03-25T11:40:02.898+0000] {processor.py:840} INFO - DAG(s) 'example_branch_python_operator_decorator' retrieved from /home/airflow/.local/lib/python3.12/site-packages/airflow/example_dags/example_branch_operator_decorator.py
[2026-03-25T11:40:02.953+0000] {logging_mixin.py:188} INFO - [2026-03-25T11:40:02.953+0000] {dag.py:3096} INFO - Sync 1 DAGs
[2026-03-25T11:40:02.994+0000] {logging_mixin.py:188} INFO - [2026-03-25T11:40:02.993+0000] {dag.py:3954} INFO - Setting next_dagrun for example_branch_python_operator_decorator to 2026-03-24 00:00:00+00:00, run_after=2026-03-25 00:00:00+00:00
[2026-03-25T11:40:03.109+0000] {processor.py:183} INFO - Processing /home/airflow/.local/lib/python3.12/site-packages/airflow/example_dags/example_branch_operator_decorator.py took 0.254 seconds
[2026-03-25T11:40:34.763+0000] {processor.py:161} INFO - Started process (PID=745) to work on /home/airflow/.local/lib/python3.12/site-packages/airflow/example_dags/example_branch_operator_decorator.py
[2026-03-25T11:40:34.764+0000] {processor.py:830} INFO - Processing file /home/airflow/.local/lib/python3.12/site-packages/airflow/example_dags/example_branch_operator_decorator.py for tasks to queue
[2026-03-25T11:40:34.766+0000] {logging_mixin.py:188} INFO - [2026-03-25T11:40:34.765+0000] {dagbag.py:540} INFO - Filling up the DagBag from /home/airflow/.local/lib/python3.12/site-packages/airflow/example_dags/example_branch_operator_decorator.py
[2026-03-25T11:40:34.787+0000] {processor.py:840} INFO - DAG(s) 'example_branch_python_operator_decorator' retrieved from /home/airflow/.local/lib/python3.12/site-packages/airflow/example_dags/example_branch_operator_decorator.py
[2026-03-25T11:40:34.825+0000] {logging_mixin.py:188} INFO - [2026-03-25T11:40:34.825+0000] {dag.py:3096} INFO - Sync 1 DAGs
[2026-03-25T11:40:34.850+0000] {logging_mixin.py:188} INFO - [2026-03-25T11:40:34.849+0000] {dag.py:3954} INFO - Setting next_dagrun for example_branch_python_operator_decorator to 2026-03-24 00:00:00+00:00, run_after=2026-03-25 00:00:00+00:00
[2026-03-25T11:40:34.907+0000] {processor.py:183} INFO - Processing /home/airflow/.local/lib/python3.12/site-packages/airflow/example_dags/example_branch_operator_decorator.py took 0.150 seconds
[2026-03-25T11:41:07.741+0000] {processor.py:161} INFO - Started process (PID=804) to work on /home/airflow/.local/lib/python3.12/site-packages/airflow/example_dags/example_branch_operator_decorator.py
[2026-03-25T11:41:07.742+0000] {processor.py:830} INFO - Processing file /home/airflow/.local/lib/python3.12/site-packages/airflow/example_dags/example_branch_operator_decorator.py for tasks to queue
[2026-03-25T11:41:07.744+0000] {logging_mixin.py:188} INFO - [2026-03-25T11:41:07.744+0000] {dagbag.py:540} INFO - Filling up the DagBag from /home/airflow/.local/lib/python3.12/site-packages/airflow/example_dags/example_branch_operator_decorator.py
[2026-03-25T11:41:07.766+0000] {processor.py:840} INFO - DAG(s) 'example_branch_python_operator_decorator' retrieved from /home/airflow/.local/lib/python3.12/site-packages/airflow/example_dags/example_branch_operator_decorator.py
[2026-03-25T11:41:07.801+0000] {logging_mixin.py:188} INFO - [2026-03-25T11:41:07.801+0000] {dag.py:3096} INFO - Sync 1 DAGs
[2026-03-25T11:41:07.828+0000] {logging_mixin.py:188} INFO - [2026-03-25T11:41:07.828+0000] {dag.py:3954} INFO - Setting next_dagrun for example_branch_python_operator_decorator to 2026-03-24 00:00:00+00:00, run_after=2026-03-25 00:00:00+00:00
[2026-03-25T11:41:07.867+0000] {processor.py:183} INFO - Processing /home/airflow/.local/lib/python3.12/site-packages/airflow/example_dags/example_branch_operator_decorator.py took 0.132 seconds
[2026-03-25T11:41:41.992+0000] {processor.py:161} INFO - Started process (PID=869) to work on /home/airflow/.local/lib/python3.12/site-packages/airflow/example_dags/example_branch_operator_decorator.py
[2026-03-25T11:41:41.993+0000] {processor.py:830} INFO - Processing file /home/airflow/.local/lib/python3.12/site-packages/airflow/example_dags/example_branch_operator_decorator.py for tasks to queue
[2026-03-25T11:41:41.995+0000] {logging_mixin.py:188} INFO - [2026-03-25T11:41:41.995+0000] {dagbag.py:540} INFO - Filling up the DagBag from /home/airflow/.local/lib/python3.12/site-packages/airflow/example_dags/example_branch_operator_decorator.py
[2026-03-25T11:41:42.016+0000] {processor.py:840} INFO - DAG(s) 'example_branch_python_operator_decorator' retrieved from /home/airflow/.local/lib/python3.12/site-packages/airflow/example_dags/example_branch_operator_decorator.py
[2026-03-25T11:41:42.049+0000] {logging_mixin.py:188} INFO - [2026-03-25T11:41:42.049+0000] {dag.py:3096} INFO - Sync 1 DAGs
[2026-03-25T11:41:42.072+0000] {logging_mixin.py:188} INFO - [2026-03-25T11:41:42.072+0000] {dag.py:3954} INFO - Setting next_dagrun for example_branch_python_operator_decorator to 2026-03-24 00:00:00+00:00, run_after=2026-03-25 00:00:00+00:00
[2026-03-25T11:41:42.114+0000] {processor.py:183} INFO - Processing /home/airflow/.local/lib/python3.12/site-packages/airflow/example_dags/example_branch_operator_decorator.py took 0.127 seconds
[2026-03-25T11:42:12.967+0000] {processor.py:161} INFO - Started process (PID=922) to work on /home/airflow/.local/lib/python3.12/site-packages/airflow/example_dags/example_branch_operator_decorator.py
[2026-03-25T11:42:12.969+0000] {processor.py:830} INFO - Processing file /home/airflow/.local/lib/python3.12/site-packages/airflow/example_dags/example_branch_operator_decorator.py for tasks to queue
[2026-03-25T11:42:12.971+0000] {logging_mixin.py:188} INFO - [2026-03-25T11:42:12.971+0000] {dagbag.py:540} INFO - Filling up the DagBag from /home/airflow/.local/lib/python3.12/site-packages/airflow/example_dags/example_branch_operator_decorator.py
[2026-03-25T11:42:13.000+0000] {processor.py:840} INFO - DAG(s) 'example_branch_python_operator_decorator' retrieved from /home/airflow/.local/lib/python3.12/site-packages/airflow/example_dags/example_branch_operator_decorator.py
[2026-03-25T11:42:13.037+0000] {logging_mixin.py:188} INFO - [2026-03-25T11:42:13.036+0000] {dag.py:3096} INFO - Sync 1 DAGs
[2026-03-25T11:42:13.065+0000] {logging_mixin.py:188} INFO - [2026-03-25T11:42:13.065+0000] {dag.py:3954} INFO - Setting next_dagrun for example_branch_python_operator_decorator to 2026-03-24 00:00:00+00:00, run_after=2026-03-25 00:00:00+00:00
[2026-03-25T11:42:13.124+0000] {processor.py:183} INFO - Processing /home/airflow/.local/lib/python3.12/site-packages/airflow/example_dags/example_branch_operator_decorator.py took 0.164 seconds
[2026-03-25T11:42:45.954+0000] {processor.py:161} INFO - Started process (PID=981) to work on /home/airflow/.local/lib/python3.12/site-packages/airflow/example_dags/example_branch_operator_decorator.py
[2026-03-25T11:42:45.955+0000] {processor.py:830} INFO - Processing file /home/airflow/.local/lib/python3.12/site-packages/airflow/example_dags/example_branch_operator_decorator.py for tasks to queue
[2026-03-25T11:42:45.957+0000] {logging_mixin.py:188} INFO - [2026-03-25T11:42:45.957+0000] {dagbag.py:540} INFO - Filling up the DagBag from /home/airflow/.local/lib/python3.12/site-packages/airflow/example_dags/example_branch_operator_decorator.py
[2026-03-25T11:42:45.980+0000] {processor.py:840} INFO - DAG(s) 'example_branch_python_operator_decorator' retrieved from /home/airflow/.local/lib/python3.12/site-packages/airflow/example_dags/example_branch_operator_decorator.py
[2026-03-25T11:42:46.017+0000] {logging_mixin.py:188} INFO - [2026-03-25T11:42:46.017+0000] {dag.py:3096} INFO - Sync 1 DAGs
[2026-03-25T11:42:46.047+0000] {logging_mixin.py:188} INFO - [2026-03-25T11:42:46.047+0000] {dag.py:3954} INFO - Setting next_dagrun for example_branch_python_operator_decorator to 2026-03-24 00:00:00+00:00, run_after=2026-03-25 00:00:00+00:00
[2026-03-25T11:42:46.093+0000] {processor.py:183} INFO - Processing /home/airflow/.local/lib/python3.12/site-packages/airflow/example_dags/example_branch_operator_decorator.py took 0.145 seconds
[2026-03-25T11:43:19.288+0000] {processor.py:161} INFO - Started process (PID=1040) to work on /home/airflow/.local/lib/python3.12/site-packages/airflow/example_dags/example_branch_operator_decorator.py
[2026-03-25T11:43:19.289+0000] {processor.py:830} INFO - Processing file /home/airflow/.local/lib/python3.12/site-packages/airflow/example_dags/example_branch_operator_decorator.py for tasks to queue
[2026-03-25T11:43:19.291+0000] {logging_mixin.py:188} INFO - [2026-03-25T11:43:19.291+0000] {dagbag.py:540} INFO - Filling up the DagBag from /home/airflow/.local/lib/python3.12/site-packages/airflow/example_dags/example_branch_operator_decorator.py
[2026-03-25T11:43:19.313+0000] {processor.py:840} INFO - DAG(s) 'example_branch_python_operator_decorator' retrieved from /home/airflow/.local/lib/python3.12/site-packages/airflow/example_dags/example_branch_operator_decorator.py
[2026-03-25T11:43:19.348+0000] {logging_mixin.py:188} INFO - [2026-03-25T11:43:19.347+0000] {dag.py:3096} INFO - Sync 1 DAGs
[2026-03-25T11:43:19.371+0000] {logging_mixin.py:188} INFO - [2026-03-25T11:43:19.371+0000] {dag.py:3954} INFO - Setting next_dagrun for example_branch_python_operator_decorator to 2026-03-24 00:00:00+00:00, run_after=2026-03-25 00:00:00+00:00
[2026-03-25T11:43:19.440+0000] {processor.py:183} INFO - Processing /home/airflow/.local/lib/python3.12/site-packages/airflow/example_dags/example_branch_operator_decorator.py took 0.159 seconds
[2026-03-25T11:43:52.668+0000] {processor.py:161} INFO - Started process (PID=1105) to work on /home/airflow/.local/lib/python3.12/site-packages/airflow/example_dags/example_branch_operator_decorator.py
[2026-03-25T11:43:52.670+0000] {processor.py:830} INFO - Processing file /home/airflow/.local/lib/python3.12/site-packages/airflow/example_dags/example_branch_operator_decorator.py for tasks to queue
[2026-03-25T11:43:52.672+0000] {logging_mixin.py:188} INFO - [2026-03-25T11:43:52.672+0000] {dagbag.py:540} INFO - Filling up the DagBag from /home/airflow/.local/lib/python3.12/site-packages/airflow/example_dags/example_branch_operator_decorator.py
[2026-03-25T11:43:52.700+0000] {processor.py:840} INFO - DAG(s) 'example_branch_python_operator_decorator' retrieved from /home/airflow/.local/lib/python3.12/site-packages/airflow/example_dags/example_branch_operator_decorator.py
[2026-03-25T11:43:52.738+0000] {logging_mixin.py:188} INFO - [2026-03-25T11:43:52.737+0000] {dag.py:3096} INFO - Sync 1 DAGs
[2026-03-25T11:43:52.782+0000] {logging_mixin.py:188} INFO - [2026-03-25T11:43:52.781+0000] {dag.py:3954} INFO - Setting next_dagrun for example_branch_python_operator_decorator to 2026-03-24 00:00:00+00:00, run_after=2026-03-25 00:00:00+00:00
[2026-03-25T11:43:52.833+0000] {processor.py:183} INFO - Processing /home/airflow/.local/lib/python3.12/site-packages/airflow/example_dags/example_branch_operator_decorator.py took 0.173 seconds
[2026-03-25T11:44:24.003+0000] {processor.py:161} INFO - Started process (PID=1158) to work on /home/airflow/.local/lib/python3.12/site-packages/airflow/example_dags/example_branch_operator_decorator.py
[2026-03-25T11:44:24.004+0000] {processor.py:830} INFO - Processing file /home/airflow/.local/lib/python3.12/site-packages/airflow/example_dags/example_branch_operator_decorator.py for tasks to queue
[2026-03-25T11:44:24.006+0000] {logging_mixin.py:188} INFO - [2026-03-25T11:44:24.006+0000] {dagbag.py:540} INFO - Filling up the DagBag from /home/airflow/.local/lib/python3.12/site-packages/airflow/example_dags/example_branch_operator_decorator.py
[2026-03-25T11:44:24.031+0000] {processor.py:840} INFO - DAG(s) 'example_branch_python_operator_decorator' retrieved from /home/airflow/.local/lib/python3.12/site-packages/airflow/example_dags/example_branch_operator_decorator.py
[2026-03-25T11:44:24.061+0000] {logging_mixin.py:188} INFO - [2026-03-25T11:44:24.061+0000] {dag.py:3096} INFO - Sync 1 DAGs
[2026-03-25T11:44:24.083+0000] {logging_mixin.py:188} INFO - [2026-03-25T11:44:24.083+0000] {dag.py:3954} INFO - Setting next_dagrun for example_branch_python_operator_decorator to 2026-03-24 00:00:00+00:00, run_after=2026-03-25 00:00:00+00:00
[2026-03-25T11:44:24.131+0000] {processor.py:183} INFO - Processing /home/airflow/.local/lib/python3.12/site-packages/airflow/example_dags/example_branch_operator_decorator.py took 0.134 seconds
[2026-03-25T11:44:57.073+0000] {processor.py:161} INFO - Started process (PID=1217) to work on /home/airflow/.local/lib/python3.12/site-packages/airflow/example_dags/example_branch_operator_decorator.py
[2026-03-25T11:44:57.074+0000] {processor.py:830} INFO - Processing file /home/airflow/.local/lib/python3.12/site-packages/airflow/example_dags/example_branch_operator_decorator.py for tasks to queue
[2026-03-25T11:44:57.076+0000] {logging_mixin.py:188} INFO - [2026-03-25T11:44:57.076+0000] {dagbag.py:540} INFO - Filling up the DagBag from /home/airflow/.local/lib/python3.12/site-packages/airflow/example_dags/example_branch_operator_decorator.py
[2026-03-25T11:44:57.104+0000] {processor.py:840} INFO - DAG(s) 'example_branch_python_operator_decorator' retrieved from /home/airflow/.local/lib/python3.12/site-packages/airflow/example_dags/example_branch_operator_decorator.py
[2026-03-25T11:44:57.140+0000] {logging_mixin.py:188} INFO - [2026-03-25T11:44:57.140+0000] {dag.py:3096} INFO - Sync 1 DAGs
[2026-03-25T11:44:57.169+0000] {logging_mixin.py:188} INFO - [2026-03-25T11:44:57.169+0000] {dag.py:3954} INFO - Setting next_dagrun for example_branch_python_operator_decorator to 2026-03-24 00:00:00+00:00, run_after=2026-03-25 00:00:00+00:00
[2026-03-25T11:44:57.213+0000] {processor.py:183} INFO - Processing /home/airflow/.local/lib/python3.12/site-packages/airflow/example_dags/example_branch_operator_decorator.py took 0.148 seconds
[2026-03-25T11:45:29.887+0000] {processor.py:161} INFO - Started process (PID=1276) to work on /home/airflow/.local/lib/python3.12/site-packages/airflow/example_dags/example_branch_operator_decorator.py
[2026-03-25T11:45:29.888+0000] {processor.py:830} INFO - Processing file /home/airflow/.local/lib/python3.12/site-packages/airflow/example_dags/example_branch_operator_decorator.py for tasks to queue
[2026-03-25T11:45:29.890+0000] {logging_mixin.py:188} INFO - [2026-03-25T11:45:29.890+0000] {dagbag.py:540} INFO - Filling up the DagBag from /home/airflow/.local/lib/python3.12/site-packages/airflow/example_dags/example_branch_operator_decorator.py
[2026-03-25T11:45:29.911+0000] {processor.py:840} INFO - DAG(s) 'example_branch_python_operator_decorator' retrieved from /home/airflow/.local/lib/python3.12/site-packages/airflow/example_dags/example_branch_operator_decorator.py
[2026-03-25T11:45:29.943+0000] {logging_mixin.py:188} INFO - [2026-03-25T11:45:29.943+0000] {dag.py:3096} INFO - Sync 1 DAGs
[2026-03-25T11:45:29.967+0000] {logging_mixin.py:188} INFO - [2026-03-25T11:45:29.967+0000] {dag.py:3954} INFO - Setting next_dagrun for example_branch_python_operator_decorator to 2026-03-24 00:00:00+00:00, run_after=2026-03-25 00:00:00+00:00
[2026-03-25T11:45:30.011+0000] {processor.py:183} INFO - Processing /home/airflow/.local/lib/python3.12/site-packages/airflow/example_dags/example_branch_operator_decorator.py took 0.130 seconds
[2026-03-25T11:46:02.272+0000] {processor.py:161} INFO - Started process (PID=1335) to work on /home/airflow/.local/lib/python3.12/site-packages/airflow/example_dags/example_branch_operator_decorator.py
[2026-03-25T11:46:02.275+0000] {processor.py:830} INFO - Processing file /home/airflow/.local/lib/python3.12/site-packages/airflow/example_dags/example_branch_operator_decorator.py for tasks to queue
[2026-03-25T11:46:02.278+0000] {logging_mixin.py:188} INFO - [2026-03-25T11:46:02.278+0000] {dagbag.py:540} INFO - Filling up the DagBag from /home/airflow/.local/lib/python3.12/site-packages/airflow/example_dags/example_branch_operator_decorator.py
[2026-03-25T11:46:02.306+0000] {processor.py:840} INFO - DAG(s) 'example_branch_python_operator_decorator' retrieved from /home/airflow/.local/lib/python3.12/site-packages/airflow/example_dags/example_branch_operator_decorator.py
[2026-03-25T11:46:02.354+0000] {logging_mixin.py:188} INFO - [2026-03-25T11:46:02.354+0000] {dag.py:3096} INFO - Sync 1 DAGs
[2026-03-25T11:46:02.390+0000] {logging_mixin.py:188} INFO - [2026-03-25T11:46:02.390+0000] {dag.py:3954} INFO - Setting next_dagrun for example_branch_python_operator_decorator to 2026-03-24 00:00:00+00:00, run_after=2026-03-25 00:00:00+00:00
[2026-03-25T11:46:02.461+0000] {processor.py:183} INFO - Processing /home/airflow/.local/lib/python3.12/site-packages/airflow/example_dags/example_branch_operator_decorator.py took 0.197 seconds
[2026-03-25T11:46:35.773+0000] {processor.py:161} INFO - Started process (PID=1394) to work on /home/airflow/.local/lib/python3.12/site-packages/airflow/example_dags/example_branch_operator_decorator.py
[2026-03-25T11:46:35.775+0000] {processor.py:830} INFO - Processing file /home/airflow/.local/lib/python3.12/site-packages/airflow/example_dags/example_branch_operator_decorator.py for tasks to queue
[2026-03-25T11:46:35.777+0000] {logging_mixin.py:188} INFO - [2026-03-25T11:46:35.777+0000] {dagbag.py:540} INFO - Filling up the DagBag from /home/airflow/.local/lib/python3.12/site-packages/airflow/example_dags/example_branch_operator_decorator.py
[2026-03-25T11:46:35.806+0000] {processor.py:840} INFO - DAG(s) 'example_branch_python_operator_decorator' retrieved from /home/airflow/.local/lib/python3.12/site-packages/airflow/example_dags/example_branch_operator_decorator.py
[2026-03-25T11:46:35.859+0000] {logging_mixin.py:188} INFO - [2026-03-25T11:46:35.859+0000] {dag.py:3096} INFO - Sync 1 DAGs
[2026-03-25T11:46:35.934+0000] {logging_mixin.py:188} INFO - [2026-03-25T11:46:35.934+0000] {dag.py:3954} INFO - Setting next_dagrun for example_branch_python_operator_decorator to 2026-03-24 00:00:00+00:00, run_after=2026-03-25 00:00:00+00:00
[2026-03-25T11:46:36.007+0000] {processor.py:183} INFO - Processing /home/airflow/.local/lib/python3.12/site-packages/airflow/example_dags/example_branch_operator_decorator.py took 0.242 seconds
[2026-03-25T11:47:10.496+0000] {processor.py:161} INFO - Started process (PID=1460) to work on /home/airflow/.local/lib/python3.12/site-packages/airflow/example_dags/example_branch_operator_decorator.py
[2026-03-25T11:47:10.497+0000] {processor.py:830} INFO - Processing file /home/airflow/.local/lib/python3.12/site-packages/airflow/example_dags/example_branch_operator_decorator.py for tasks to queue
[2026-03-25T11:47:10.500+0000] {logging_mixin.py:188} INFO - [2026-03-25T11:47:10.499+0000] {dagbag.py:540} INFO - Filling up the DagBag from /home/airflow/.local/lib/python3.12/site-packages/airflow/example_dags/example_branch_operator_decorator.py
[2026-03-25T11:47:10.527+0000] {processor.py:840} INFO - DAG(s) 'example_branch_python_operator_decorator' retrieved from /home/airflow/.local/lib/python3.12/site-packages/airflow/example_dags/example_branch_operator_decorator.py
[2026-03-25T11:47:10.566+0000] {logging_mixin.py:188} INFO - [2026-03-25T11:47:10.565+0000] {dag.py:3096} INFO - Sync 1 DAGs
[2026-03-25T11:47:10.597+0000] {logging_mixin.py:188} INFO - [2026-03-25T11:47:10.597+0000] {dag.py:3954} INFO - Setting next_dagrun for example_branch_python_operator_decorator to 2026-03-24 00:00:00+00:00, run_after=2026-03-25 00:00:00+00:00
[2026-03-25T11:47:10.666+0000] {processor.py:183} INFO - Processing /home/airflow/.local/lib/python3.12/site-packages/airflow/example_dags/example_branch_operator_decorator.py took 0.178 seconds
[2026-03-25T11:47:43.457+0000] {processor.py:161} INFO - Started process (PID=1519) to work on /home/airflow/.local/lib/python3.12/site-packages/airflow/example_dags/example_branch_operator_decorator.py
[2026-03-25T11:47:43.459+0000] {processor.py:830} INFO - Processing file /home/airflow/.local/lib/python3.12/site-packages/airflow/example_dags/example_branch_operator_decorator.py for tasks to queue
[2026-03-25T11:47:43.461+0000] {logging_mixin.py:188} INFO - [2026-03-25T11:47:43.460+0000] {dagbag.py:540} INFO - Filling up the DagBag from /home/airflow/.local/lib/python3.12/site-packages/airflow/example_dags/example_branch_operator_decorator.py
[2026-03-25T11:47:43.483+0000] {processor.py:840} INFO - DAG(s) 'example_branch_python_operator_decorator' retrieved from /home/airflow/.local/lib/python3.12/site-packages/airflow/example_dags/example_branch_operator_decorator.py
[2026-03-25T11:47:43.516+0000] {logging_mixin.py:188} INFO - [2026-03-25T11:47:43.516+0000] {dag.py:3096} INFO - Sync 1 DAGs
[2026-03-25T11:47:43.546+0000] {logging_mixin.py:188} INFO - [2026-03-25T11:47:43.546+0000] {dag.py:3954} INFO - Setting next_dagrun for example_branch_python_operator_decorator to 2026-03-24 00:00:00+00:00, run_after=2026-03-25 00:00:00+00:00
[2026-03-25T11:47:43.653+0000] {processor.py:183} INFO - Processing /home/airflow/.local/lib/python3.12/site-packages/airflow/example_dags/example_branch_operator_decorator.py took 0.204 seconds
[2026-03-25T11:48:13.731+0000] {processor.py:161} INFO - Started process (PID=1572) to work on /home/airflow/.local/lib/python3.12/site-packages/airflow/example_dags/example_branch_operator_decorator.py
[2026-03-25T11:48:13.732+0000] {processor.py:830} INFO - Processing file /home/airflow/.local/lib/python3.12/site-packages/airflow/example_dags/example_branch_operator_decorator.py for tasks to queue
[2026-03-25T11:48:13.733+0000] {logging_mixin.py:188} INFO - [2026-03-25T11:48:13.733+0000] {dagbag.py:540} INFO - Filling up the DagBag from /home/airflow/.local/lib/python3.12/site-packages/airflow/example_dags/example_branch_operator_decorator.py
[2026-03-25T11:48:13.754+0000] {processor.py:840} INFO - DAG(s) 'example_branch_python_operator_decorator' retrieved from /home/airflow/.local/lib/python3.12/site-packages/airflow/example_dags/example_branch_operator_decorator.py
[2026-03-25T11:48:13.784+0000] {logging_mixin.py:188} INFO - [2026-03-25T11:48:13.784+0000] {dag.py:3096} INFO - Sync 1 DAGs
[2026-03-25T11:48:13.809+0000] {logging_mixin.py:188} INFO - [2026-03-25T11:48:13.809+0000] {dag.py:3954} INFO - Setting next_dagrun for example_branch_python_operator_decorator to 2026-03-24 00:00:00+00:00, run_after=2026-03-25 00:00:00+00:00
[2026-03-25T11:48:13.891+0000] {processor.py:183} INFO - Processing /home/airflow/.local/lib/python3.12/site-packages/airflow/example_dags/example_branch_operator_decorator.py took 0.165 seconds
[2026-03-25T11:48:45.842+0000] {processor.py:161} INFO - Started process (PID=1631) to work on /home/airflow/.local/lib/python3.12/site-packages/airflow/example_dags/example_branch_operator_decorator.py
[2026-03-25T11:48:45.844+0000] {processor.py:830} INFO - Processing file /home/airflow/.local/lib/python3.12/site-packages/airflow/example_dags/example_branch_operator_decorator.py for tasks to queue
[2026-03-25T11:48:45.846+0000] {logging_mixin.py:188} INFO - [2026-03-25T11:48:45.846+0000] {dagbag.py:540} INFO - Filling up the DagBag from /home/airflow/.local/lib/python3.12/site-packages/airflow/example_dags/example_branch_operator_decorator.py
[2026-03-25T11:48:45.873+0000] {processor.py:840} INFO - DAG(s) 'example_branch_python_operator_decorator' retrieved from /home/airflow/.local/lib/python3.12/site-packages/airflow/example_dags/example_branch_operator_decorator.py
[2026-03-25T11:48:45.908+0000] {logging_mixin.py:188} INFO - [2026-03-25T11:48:45.907+0000] {dag.py:3096} INFO - Sync 1 DAGs
[2026-03-25T11:48:45.936+0000] {logging_mixin.py:188} INFO - [2026-03-25T11:48:45.935+0000] {dag.py:3954} INFO - Setting next_dagrun for example_branch_python_operator_decorator to 2026-03-24 00:00:00+00:00, run_after=2026-03-25 00:00:00+00:00
[2026-03-25T11:48:45.982+0000] {processor.py:183} INFO - Processing /home/airflow/.local/lib/python3.12/site-packages/airflow/example_dags/example_branch_operator_decorator.py took 0.147 seconds
[2026-03-25T11:49:18.817+0000] {processor.py:161} INFO - Started process (PID=1690) to work on /home/airflow/.local/lib/python3.12/site-packages/airflow/example_dags/example_branch_operator_decorator.py
[2026-03-25T11:49:18.819+0000] {processor.py:830} INFO - Processing file /home/airflow/.local/lib/python3.12/site-packages/airflow/example_dags/example_branch_operator_decorator.py for tasks to queue
[2026-03-25T11:49:18.823+0000] {logging_mixin.py:188} INFO - [2026-03-25T11:49:18.823+0000] {dagbag.py:540} INFO - Filling up the DagBag from /home/airflow/.local/lib/python3.12/site-packages/airflow/example_dags/example_branch_operator_decorator.py
[2026-03-25T11:49:18.875+0000] {processor.py:840} INFO - DAG(s) 'example_branch_python_operator_decorator' retrieved from /home/airflow/.local/lib/python3.12/site-packages/airflow/example_dags/example_branch_operator_decorator.py
[2026-03-25T11:49:18.941+0000] {logging_mixin.py:188} INFO - [2026-03-25T11:49:18.940+0000] {dag.py:3096} INFO - Sync 1 DAGs
[2026-03-25T11:49:18.974+0000] {logging_mixin.py:188} INFO - [2026-03-25T11:49:18.973+0000] {dag.py:3954} INFO - Setting next_dagrun for example_branch_python_operator_decorator to 2026-03-24 00:00:00+00:00, run_after=2026-03-25 00:00:00+00:00
[2026-03-25T11:49:19.021+0000] {processor.py:183} INFO - Processing /home/airflow/.local/lib/python3.12/site-packages/airflow/example_dags/example_branch_operator_decorator.py took 0.214 seconds
[2026-03-25T11:49:53.506+0000] {processor.py:161} INFO - Started process (PID=1755) to work on /home/airflow/.local/lib/python3.12/site-packages/airflow/example_dags/example_branch_operator_decorator.py
[2026-03-25T11:49:53.507+0000] {processor.py:830} INFO - Processing file /home/airflow/.local/lib/python3.12/site-packages/airflow/example_dags/example_branch_operator_decorator.py for tasks to queue
[2026-03-25T11:49:53.510+0000] {logging_mixin.py:188} INFO - [2026-03-25T11:49:53.510+0000] {dagbag.py:540} INFO - Filling up the DagBag from /home/airflow/.local/lib/python3.12/site-packages/airflow/example_dags/example_branch_operator_decorator.py
[2026-03-25T11:49:53.543+0000] {processor.py:840} INFO - DAG(s) 'example_branch_python_operator_decorator' retrieved from /home/airflow/.local/lib/python3.12/site-packages/airflow/example_dags/example_branch_operator_decorator.py
[2026-03-25T11:49:53.600+0000] {logging_mixin.py:188} INFO - [2026-03-25T11:49:53.600+0000] {dag.py:3096} INFO - Sync 1 DAGs
[2026-03-25T11:49:53.643+0000] {logging_mixin.py:188} INFO - [2026-03-25T11:49:53.642+0000] {dag.py:3954} INFO - Setting next_dagrun for example_branch_python_operator_decorator to 2026-03-24 00:00:00+00:00, run_after=2026-03-25 00:00:00+00:00
[2026-03-25T11:49:53.733+0000] {processor.py:183} INFO - Processing /home/airflow/.local/lib/python3.12/site-packages/airflow/example_dags/example_branch_operator_decorator.py took 0.235 seconds
[2026-03-25T11:50:24.254+0000] {processor.py:161} INFO - Started process (PID=1808) to work on /home/airflow/.local/lib/python3.12/site-packages/airflow/example_dags/example_branch_operator_decorator.py
[2026-03-25T11:50:24.255+0000] {processor.py:830} INFO - Processing file /home/airflow/.local/lib/python3.12/site-packages/airflow/example_dags/example_branch_operator_decorator.py for tasks to queue
[2026-03-25T11:50:24.258+0000] {logging_mixin.py:188} INFO - [2026-03-25T11:50:24.257+0000] {dagbag.py:540} INFO - Filling up the DagBag from /home/airflow/.local/lib/python3.12/site-packages/airflow/example_dags/example_branch_operator_decorator.py
[2026-03-25T11:50:24.286+0000] {processor.py:840} INFO - DAG(s) 'example_branch_python_operator_decorator' retrieved from /home/airflow/.local/lib/python3.12/site-packages/airflow/example_dags/example_branch_operator_decorator.py
[2026-03-25T11:50:24.327+0000] {logging_mixin.py:188} INFO - [2026-03-25T11:50:24.326+0000] {dag.py:3096} INFO - Sync 1 DAGs
[2026-03-25T11:50:24.359+0000] {logging_mixin.py:188} INFO - [2026-03-25T11:50:24.359+0000] {dag.py:3954} INFO - Setting next_dagrun for example_branch_python_operator_decorator to 2026-03-24 00:00:00+00:00, run_after=2026-03-25 00:00:00+00:00
[2026-03-25T11:50:24.404+0000] {processor.py:183} INFO - Processing /home/airflow/.local/lib/python3.12/site-packages/airflow/example_dags/example_branch_operator_decorator.py took 0.156 seconds
