[2026-03-25T11:15:34.503+0000] {processor.py:161} INFO - Started process (PID=98) to work on /home/airflow/.local/lib/python3.12/site-packages/airflow/example_dags/example_skip_dag.py
[2026-03-25T11:15:34.504+0000] {processor.py:830} INFO - Processing file /home/airflow/.local/lib/python3.12/site-packages/airflow/example_dags/example_skip_dag.py for tasks to queue
[2026-03-25T11:15:34.507+0000] {logging_mixin.py:188} INFO - [2026-03-25T11:15:34.506+0000] {dagbag.py:540} INFO - Filling up the DagBag from /home/airflow/.local/lib/python3.12/site-packages/airflow/example_dags/example_skip_dag.py
[2026-03-25T11:15:34.514+0000] {processor.py:840} INFO - DAG(s) 'example_skip_dag' retrieved from /home/airflow/.local/lib/python3.12/site-packages/airflow/example_dags/example_skip_dag.py
[2026-03-25T11:15:34.623+0000] {logging_mixin.py:188} INFO - [2026-03-25T11:15:34.623+0000] {dag.py:3096} INFO - Sync 1 DAGs
[2026-03-25T11:15:34.642+0000] {logging_mixin.py:188} INFO - [2026-03-25T11:15:34.642+0000] {dag.py:3954} INFO - Setting next_dagrun for example_skip_dag to 2026-03-24 00:00:00+00:00, run_after=2026-03-25 00:00:00+00:00
[2026-03-25T11:15:34.736+0000] {processor.py:183} INFO - Processing /home/airflow/.local/lib/python3.12/site-packages/airflow/example_dags/example_skip_dag.py took 0.237 seconds
[2026-03-25T11:16:04.994+0000] {processor.py:161} INFO - Started process (PID=158) to work on /home/airflow/.local/lib/python3.12/site-packages/airflow/example_dags/example_skip_dag.py
[2026-03-25T11:16:04.996+0000] {processor.py:830} INFO - Processing file /home/airflow/.local/lib/python3.12/site-packages/airflow/example_dags/example_skip_dag.py for tasks to queue
[2026-03-25T11:16:04.998+0000] {logging_mixin.py:188} INFO - [2026-03-25T11:16:04.997+0000] {dagbag.py:540} INFO - Filling up the DagBag from /home/airflow/.local/lib/python3.12/site-packages/airflow/example_dags/example_skip_dag.py
[2026-03-25T11:16:05.005+0000] {processor.py:840} INFO - DAG(s) 'example_skip_dag' retrieved from /home/airflow/.local/lib/python3.12/site-packages/airflow/example_dags/example_skip_dag.py
[2026-03-25T11:16:05.028+0000] {logging_mixin.py:188} INFO - [2026-03-25T11:16:05.028+0000] {dag.py:3096} INFO - Sync 1 DAGs
[2026-03-25T11:16:05.052+0000] {logging_mixin.py:188} INFO - [2026-03-25T11:16:05.052+0000] {dag.py:3954} INFO - Setting next_dagrun for example_skip_dag to 2026-03-24 00:00:00+00:00, run_after=2026-03-25 00:00:00+00:00
[2026-03-25T11:16:05.103+0000] {processor.py:183} INFO - Processing /home/airflow/.local/lib/python3.12/site-packages/airflow/example_dags/example_skip_dag.py took 0.114 seconds
[2026-03-25T11:16:37.406+0000] {processor.py:161} INFO - Started process (PID=216) to work on /home/airflow/.local/lib/python3.12/site-packages/airflow/example_dags/example_skip_dag.py
[2026-03-25T11:16:37.407+0000] {processor.py:830} INFO - Processing file /home/airflow/.local/lib/python3.12/site-packages/airflow/example_dags/example_skip_dag.py for tasks to queue
[2026-03-25T11:16:37.409+0000] {logging_mixin.py:188} INFO - [2026-03-25T11:16:37.409+0000] {dagbag.py:540} INFO - Filling up the DagBag from /home/airflow/.local/lib/python3.12/site-packages/airflow/example_dags/example_skip_dag.py
[2026-03-25T11:16:37.415+0000] {processor.py:840} INFO - DAG(s) 'example_skip_dag' retrieved from /home/airflow/.local/lib/python3.12/site-packages/airflow/example_dags/example_skip_dag.py
[2026-03-25T11:16:37.437+0000] {logging_mixin.py:188} INFO - [2026-03-25T11:16:37.437+0000] {dag.py:3096} INFO - Sync 1 DAGs
[2026-03-25T11:16:37.459+0000] {logging_mixin.py:188} INFO - [2026-03-25T11:16:37.459+0000] {dag.py:3954} INFO - Setting next_dagrun for example_skip_dag to 2026-03-24 00:00:00+00:00, run_after=2026-03-25 00:00:00+00:00
[2026-03-25T11:16:37.621+0000] {processor.py:183} INFO - Processing /home/airflow/.local/lib/python3.12/site-packages/airflow/example_dags/example_skip_dag.py took 0.220 seconds
[2026-03-25T11:17:11.395+0000] {processor.py:161} INFO - Started process (PID=275) to work on /home/airflow/.local/lib/python3.12/site-packages/airflow/example_dags/example_skip_dag.py
[2026-03-25T11:17:11.396+0000] {processor.py:830} INFO - Processing file /home/airflow/.local/lib/python3.12/site-packages/airflow/example_dags/example_skip_dag.py for tasks to queue
[2026-03-25T11:17:11.399+0000] {logging_mixin.py:188} INFO - [2026-03-25T11:17:11.399+0000] {dagbag.py:540} INFO - Filling up the DagBag from /home/airflow/.local/lib/python3.12/site-packages/airflow/example_dags/example_skip_dag.py
[2026-03-25T11:17:11.408+0000] {processor.py:840} INFO - DAG(s) 'example_skip_dag' retrieved from /home/airflow/.local/lib/python3.12/site-packages/airflow/example_dags/example_skip_dag.py
[2026-03-25T11:17:11.475+0000] {logging_mixin.py:188} INFO - [2026-03-25T11:17:11.474+0000] {dag.py:3096} INFO - Sync 1 DAGs
[2026-03-25T11:17:11.606+0000] {logging_mixin.py:188} INFO - [2026-03-25T11:17:11.605+0000] {dag.py:3954} INFO - Setting next_dagrun for example_skip_dag to 2026-03-24 00:00:00+00:00, run_after=2026-03-25 00:00:00+00:00
[2026-03-25T11:17:11.757+0000] {processor.py:183} INFO - Processing /home/airflow/.local/lib/python3.12/site-packages/airflow/example_dags/example_skip_dag.py took 0.370 seconds
[2026-03-25T11:17:42.602+0000] {processor.py:161} INFO - Started process (PID=334) to work on /home/airflow/.local/lib/python3.12/site-packages/airflow/example_dags/example_skip_dag.py
[2026-03-25T11:17:42.603+0000] {processor.py:830} INFO - Processing file /home/airflow/.local/lib/python3.12/site-packages/airflow/example_dags/example_skip_dag.py for tasks to queue
[2026-03-25T11:17:42.605+0000] {logging_mixin.py:188} INFO - [2026-03-25T11:17:42.604+0000] {dagbag.py:540} INFO - Filling up the DagBag from /home/airflow/.local/lib/python3.12/site-packages/airflow/example_dags/example_skip_dag.py
[2026-03-25T11:17:42.610+0000] {processor.py:840} INFO - DAG(s) 'example_skip_dag' retrieved from /home/airflow/.local/lib/python3.12/site-packages/airflow/example_dags/example_skip_dag.py
[2026-03-25T11:17:42.630+0000] {logging_mixin.py:188} INFO - [2026-03-25T11:17:42.630+0000] {dag.py:3096} INFO - Sync 1 DAGs
[2026-03-25T11:17:42.651+0000] {logging_mixin.py:188} INFO - [2026-03-25T11:17:42.651+0000] {dag.py:3954} INFO - Setting next_dagrun for example_skip_dag to 2026-03-24 00:00:00+00:00, run_after=2026-03-25 00:00:00+00:00
[2026-03-25T11:17:42.719+0000] {processor.py:183} INFO - Processing /home/airflow/.local/lib/python3.12/site-packages/airflow/example_dags/example_skip_dag.py took 0.124 seconds
[2026-03-25T11:18:13.224+0000] {processor.py:161} INFO - Started process (PID=393) to work on /home/airflow/.local/lib/python3.12/site-packages/airflow/example_dags/example_skip_dag.py
[2026-03-25T11:18:13.225+0000] {processor.py:830} INFO - Processing file /home/airflow/.local/lib/python3.12/site-packages/airflow/example_dags/example_skip_dag.py for tasks to queue
[2026-03-25T11:18:13.227+0000] {logging_mixin.py:188} INFO - [2026-03-25T11:18:13.227+0000] {dagbag.py:540} INFO - Filling up the DagBag from /home/airflow/.local/lib/python3.12/site-packages/airflow/example_dags/example_skip_dag.py
[2026-03-25T11:18:13.233+0000] {processor.py:840} INFO - DAG(s) 'example_skip_dag' retrieved from /home/airflow/.local/lib/python3.12/site-packages/airflow/example_dags/example_skip_dag.py
[2026-03-25T11:18:13.254+0000] {logging_mixin.py:188} INFO - [2026-03-25T11:18:13.253+0000] {dag.py:3096} INFO - Sync 1 DAGs
[2026-03-25T11:18:13.275+0000] {logging_mixin.py:188} INFO - [2026-03-25T11:18:13.274+0000] {dag.py:3954} INFO - Setting next_dagrun for example_skip_dag to 2026-03-24 00:00:00+00:00, run_after=2026-03-25 00:00:00+00:00
[2026-03-25T11:18:13.318+0000] {processor.py:183} INFO - Processing /home/airflow/.local/lib/python3.12/site-packages/airflow/example_dags/example_skip_dag.py took 0.099 seconds
[2026-03-25T11:18:45.780+0000] {processor.py:161} INFO - Started process (PID=452) to work on /home/airflow/.local/lib/python3.12/site-packages/airflow/example_dags/example_skip_dag.py
[2026-03-25T11:18:45.781+0000] {processor.py:830} INFO - Processing file /home/airflow/.local/lib/python3.12/site-packages/airflow/example_dags/example_skip_dag.py for tasks to queue
[2026-03-25T11:18:45.783+0000] {logging_mixin.py:188} INFO - [2026-03-25T11:18:45.783+0000] {dagbag.py:540} INFO - Filling up the DagBag from /home/airflow/.local/lib/python3.12/site-packages/airflow/example_dags/example_skip_dag.py
[2026-03-25T11:18:45.789+0000] {processor.py:840} INFO - DAG(s) 'example_skip_dag' retrieved from /home/airflow/.local/lib/python3.12/site-packages/airflow/example_dags/example_skip_dag.py
[2026-03-25T11:18:45.810+0000] {logging_mixin.py:188} INFO - [2026-03-25T11:18:45.809+0000] {dag.py:3096} INFO - Sync 1 DAGs
[2026-03-25T11:18:45.832+0000] {logging_mixin.py:188} INFO - [2026-03-25T11:18:45.831+0000] {dag.py:3954} INFO - Setting next_dagrun for example_skip_dag to 2026-03-24 00:00:00+00:00, run_after=2026-03-25 00:00:00+00:00
[2026-03-25T11:18:45.881+0000] {processor.py:183} INFO - Processing /home/airflow/.local/lib/python3.12/site-packages/airflow/example_dags/example_skip_dag.py took 0.107 seconds
[2026-03-25T11:19:20.969+0000] {processor.py:161} INFO - Started process (PID=511) to work on /home/airflow/.local/lib/python3.12/site-packages/airflow/example_dags/example_skip_dag.py
[2026-03-25T11:19:20.970+0000] {processor.py:830} INFO - Processing file /home/airflow/.local/lib/python3.12/site-packages/airflow/example_dags/example_skip_dag.py for tasks to queue
[2026-03-25T11:19:20.972+0000] {logging_mixin.py:188} INFO - [2026-03-25T11:19:20.971+0000] {dagbag.py:540} INFO - Filling up the DagBag from /home/airflow/.local/lib/python3.12/site-packages/airflow/example_dags/example_skip_dag.py
[2026-03-25T11:19:20.978+0000] {processor.py:840} INFO - DAG(s) 'example_skip_dag' retrieved from /home/airflow/.local/lib/python3.12/site-packages/airflow/example_dags/example_skip_dag.py
[2026-03-25T11:19:21.001+0000] {logging_mixin.py:188} INFO - [2026-03-25T11:19:21.000+0000] {dag.py:3096} INFO - Sync 1 DAGs
[2026-03-25T11:19:21.025+0000] {logging_mixin.py:188} INFO - [2026-03-25T11:19:21.024+0000] {dag.py:3954} INFO - Setting next_dagrun for example_skip_dag to 2026-03-24 00:00:00+00:00, run_after=2026-03-25 00:00:00+00:00
[2026-03-25T11:19:21.100+0000] {processor.py:183} INFO - Processing /home/airflow/.local/lib/python3.12/site-packages/airflow/example_dags/example_skip_dag.py took 0.137 seconds
[2026-03-25T11:19:52.217+0000] {processor.py:161} INFO - Started process (PID=570) to work on /home/airflow/.local/lib/python3.12/site-packages/airflow/example_dags/example_skip_dag.py
[2026-03-25T11:19:52.218+0000] {processor.py:830} INFO - Processing file /home/airflow/.local/lib/python3.12/site-packages/airflow/example_dags/example_skip_dag.py for tasks to queue
[2026-03-25T11:19:52.220+0000] {logging_mixin.py:188} INFO - [2026-03-25T11:19:52.220+0000] {dagbag.py:540} INFO - Filling up the DagBag from /home/airflow/.local/lib/python3.12/site-packages/airflow/example_dags/example_skip_dag.py
[2026-03-25T11:19:52.227+0000] {processor.py:840} INFO - DAG(s) 'example_skip_dag' retrieved from /home/airflow/.local/lib/python3.12/site-packages/airflow/example_dags/example_skip_dag.py
[2026-03-25T11:19:52.248+0000] {logging_mixin.py:188} INFO - [2026-03-25T11:19:52.248+0000] {dag.py:3096} INFO - Sync 1 DAGs
[2026-03-25T11:19:52.273+0000] {logging_mixin.py:188} INFO - [2026-03-25T11:19:52.273+0000] {dag.py:3954} INFO - Setting next_dagrun for example_skip_dag to 2026-03-24 00:00:00+00:00, run_after=2026-03-25 00:00:00+00:00
[2026-03-25T11:19:52.324+0000] {processor.py:183} INFO - Processing /home/airflow/.local/lib/python3.12/site-packages/airflow/example_dags/example_skip_dag.py took 0.113 seconds
[2026-03-25T11:20:24.197+0000] {processor.py:161} INFO - Started process (PID=629) to work on /home/airflow/.local/lib/python3.12/site-packages/airflow/example_dags/example_skip_dag.py
[2026-03-25T11:20:24.198+0000] {processor.py:830} INFO - Processing file /home/airflow/.local/lib/python3.12/site-packages/airflow/example_dags/example_skip_dag.py for tasks to queue
[2026-03-25T11:20:24.200+0000] {logging_mixin.py:188} INFO - [2026-03-25T11:20:24.200+0000] {dagbag.py:540} INFO - Filling up the DagBag from /home/airflow/.local/lib/python3.12/site-packages/airflow/example_dags/example_skip_dag.py
[2026-03-25T11:20:24.206+0000] {processor.py:840} INFO - DAG(s) 'example_skip_dag' retrieved from /home/airflow/.local/lib/python3.12/site-packages/airflow/example_dags/example_skip_dag.py
[2026-03-25T11:20:24.227+0000] {logging_mixin.py:188} INFO - [2026-03-25T11:20:24.227+0000] {dag.py:3096} INFO - Sync 1 DAGs
[2026-03-25T11:20:24.251+0000] {logging_mixin.py:188} INFO - [2026-03-25T11:20:24.250+0000] {dag.py:3954} INFO - Setting next_dagrun for example_skip_dag to 2026-03-24 00:00:00+00:00, run_after=2026-03-25 00:00:00+00:00
[2026-03-25T11:20:24.295+0000] {processor.py:183} INFO - Processing /home/airflow/.local/lib/python3.12/site-packages/airflow/example_dags/example_skip_dag.py took 0.104 seconds
[2026-03-25T11:20:56.806+0000] {processor.py:161} INFO - Started process (PID=688) to work on /home/airflow/.local/lib/python3.12/site-packages/airflow/example_dags/example_skip_dag.py
[2026-03-25T11:20:56.807+0000] {processor.py:830} INFO - Processing file /home/airflow/.local/lib/python3.12/site-packages/airflow/example_dags/example_skip_dag.py for tasks to queue
[2026-03-25T11:20:56.809+0000] {logging_mixin.py:188} INFO - [2026-03-25T11:20:56.809+0000] {dagbag.py:540} INFO - Filling up the DagBag from /home/airflow/.local/lib/python3.12/site-packages/airflow/example_dags/example_skip_dag.py
[2026-03-25T11:20:56.816+0000] {processor.py:840} INFO - DAG(s) 'example_skip_dag' retrieved from /home/airflow/.local/lib/python3.12/site-packages/airflow/example_dags/example_skip_dag.py
[2026-03-25T11:20:56.837+0000] {logging_mixin.py:188} INFO - [2026-03-25T11:20:56.837+0000] {dag.py:3096} INFO - Sync 1 DAGs
[2026-03-25T11:20:56.858+0000] {logging_mixin.py:188} INFO - [2026-03-25T11:20:56.858+0000] {dag.py:3954} INFO - Setting next_dagrun for example_skip_dag to 2026-03-24 00:00:00+00:00, run_after=2026-03-25 00:00:00+00:00
[2026-03-25T11:20:56.910+0000] {processor.py:183} INFO - Processing /home/airflow/.local/lib/python3.12/site-packages/airflow/example_dags/example_skip_dag.py took 0.111 seconds
[2026-03-25T11:21:29.647+0000] {processor.py:161} INFO - Started process (PID=747) to work on /home/airflow/.local/lib/python3.12/site-packages/airflow/example_dags/example_skip_dag.py
[2026-03-25T11:21:29.648+0000] {processor.py:830} INFO - Processing file /home/airflow/.local/lib/python3.12/site-packages/airflow/example_dags/example_skip_dag.py for tasks to queue
[2026-03-25T11:21:29.650+0000] {logging_mixin.py:188} INFO - [2026-03-25T11:21:29.649+0000] {dagbag.py:540} INFO - Filling up the DagBag from /home/airflow/.local/lib/python3.12/site-packages/airflow/example_dags/example_skip_dag.py
[2026-03-25T11:21:29.656+0000] {processor.py:840} INFO - DAG(s) 'example_skip_dag' retrieved from /home/airflow/.local/lib/python3.12/site-packages/airflow/example_dags/example_skip_dag.py
[2026-03-25T11:21:29.677+0000] {logging_mixin.py:188} INFO - [2026-03-25T11:21:29.676+0000] {dag.py:3096} INFO - Sync 1 DAGs
[2026-03-25T11:21:29.698+0000] {logging_mixin.py:188} INFO - [2026-03-25T11:21:29.697+0000] {dag.py:3954} INFO - Setting next_dagrun for example_skip_dag to 2026-03-24 00:00:00+00:00, run_after=2026-03-25 00:00:00+00:00
[2026-03-25T11:21:29.744+0000] {processor.py:183} INFO - Processing /home/airflow/.local/lib/python3.12/site-packages/airflow/example_dags/example_skip_dag.py took 0.103 seconds
[2026-03-25T11:22:02.983+0000] {processor.py:161} INFO - Started process (PID=806) to work on /home/airflow/.local/lib/python3.12/site-packages/airflow/example_dags/example_skip_dag.py
[2026-03-25T11:22:02.984+0000] {processor.py:830} INFO - Processing file /home/airflow/.local/lib/python3.12/site-packages/airflow/example_dags/example_skip_dag.py for tasks to queue
[2026-03-25T11:22:02.987+0000] {logging_mixin.py:188} INFO - [2026-03-25T11:22:02.986+0000] {dagbag.py:540} INFO - Filling up the DagBag from /home/airflow/.local/lib/python3.12/site-packages/airflow/example_dags/example_skip_dag.py
[2026-03-25T11:22:02.994+0000] {processor.py:840} INFO - DAG(s) 'example_skip_dag' retrieved from /home/airflow/.local/lib/python3.12/site-packages/airflow/example_dags/example_skip_dag.py
[2026-03-25T11:22:03.021+0000] {logging_mixin.py:188} INFO - [2026-03-25T11:22:03.021+0000] {dag.py:3096} INFO - Sync 1 DAGs
[2026-03-25T11:22:03.047+0000] {logging_mixin.py:188} INFO - [2026-03-25T11:22:03.047+0000] {dag.py:3954} INFO - Setting next_dagrun for example_skip_dag to 2026-03-24 00:00:00+00:00, run_after=2026-03-25 00:00:00+00:00
[2026-03-25T11:22:03.099+0000] {processor.py:183} INFO - Processing /home/airflow/.local/lib/python3.12/site-packages/airflow/example_dags/example_skip_dag.py took 0.123 seconds
[2026-03-25T11:22:35.050+0000] {processor.py:161} INFO - Started process (PID=865) to work on /home/airflow/.local/lib/python3.12/site-packages/airflow/example_dags/example_skip_dag.py
[2026-03-25T11:22:35.052+0000] {processor.py:830} INFO - Processing file /home/airflow/.local/lib/python3.12/site-packages/airflow/example_dags/example_skip_dag.py for tasks to queue
[2026-03-25T11:22:35.053+0000] {logging_mixin.py:188} INFO - [2026-03-25T11:22:35.053+0000] {dagbag.py:540} INFO - Filling up the DagBag from /home/airflow/.local/lib/python3.12/site-packages/airflow/example_dags/example_skip_dag.py
[2026-03-25T11:22:35.060+0000] {processor.py:840} INFO - DAG(s) 'example_skip_dag' retrieved from /home/airflow/.local/lib/python3.12/site-packages/airflow/example_dags/example_skip_dag.py
[2026-03-25T11:22:35.080+0000] {logging_mixin.py:188} INFO - [2026-03-25T11:22:35.080+0000] {dag.py:3096} INFO - Sync 1 DAGs
[2026-03-25T11:22:35.104+0000] {logging_mixin.py:188} INFO - [2026-03-25T11:22:35.104+0000] {dag.py:3954} INFO - Setting next_dagrun for example_skip_dag to 2026-03-24 00:00:00+00:00, run_after=2026-03-25 00:00:00+00:00
[2026-03-25T11:22:35.152+0000] {processor.py:183} INFO - Processing /home/airflow/.local/lib/python3.12/site-packages/airflow/example_dags/example_skip_dag.py took 0.106 seconds
[2026-03-25T11:23:08.454+0000] {processor.py:161} INFO - Started process (PID=924) to work on /home/airflow/.local/lib/python3.12/site-packages/airflow/example_dags/example_skip_dag.py
[2026-03-25T11:23:08.455+0000] {processor.py:830} INFO - Processing file /home/airflow/.local/lib/python3.12/site-packages/airflow/example_dags/example_skip_dag.py for tasks to queue
[2026-03-25T11:23:08.459+0000] {logging_mixin.py:188} INFO - [2026-03-25T11:23:08.458+0000] {dagbag.py:540} INFO - Filling up the DagBag from /home/airflow/.local/lib/python3.12/site-packages/airflow/example_dags/example_skip_dag.py
[2026-03-25T11:23:08.472+0000] {processor.py:840} INFO - DAG(s) 'example_skip_dag' retrieved from /home/airflow/.local/lib/python3.12/site-packages/airflow/example_dags/example_skip_dag.py
[2026-03-25T11:23:08.501+0000] {logging_mixin.py:188} INFO - [2026-03-25T11:23:08.500+0000] {dag.py:3096} INFO - Sync 1 DAGs
[2026-03-25T11:23:08.532+0000] {logging_mixin.py:188} INFO - [2026-03-25T11:23:08.532+0000] {dag.py:3954} INFO - Setting next_dagrun for example_skip_dag to 2026-03-24 00:00:00+00:00, run_after=2026-03-25 00:00:00+00:00
[2026-03-25T11:23:08.581+0000] {processor.py:183} INFO - Processing /home/airflow/.local/lib/python3.12/site-packages/airflow/example_dags/example_skip_dag.py took 0.136 seconds
[2026-03-25T11:23:40.848+0000] {processor.py:161} INFO - Started process (PID=983) to work on /home/airflow/.local/lib/python3.12/site-packages/airflow/example_dags/example_skip_dag.py
[2026-03-25T11:23:40.849+0000] {processor.py:830} INFO - Processing file /home/airflow/.local/lib/python3.12/site-packages/airflow/example_dags/example_skip_dag.py for tasks to queue
[2026-03-25T11:23:40.851+0000] {logging_mixin.py:188} INFO - [2026-03-25T11:23:40.851+0000] {dagbag.py:540} INFO - Filling up the DagBag from /home/airflow/.local/lib/python3.12/site-packages/airflow/example_dags/example_skip_dag.py
[2026-03-25T11:23:40.858+0000] {processor.py:840} INFO - DAG(s) 'example_skip_dag' retrieved from /home/airflow/.local/lib/python3.12/site-packages/airflow/example_dags/example_skip_dag.py
[2026-03-25T11:23:40.880+0000] {logging_mixin.py:188} INFO - [2026-03-25T11:23:40.880+0000] {dag.py:3096} INFO - Sync 1 DAGs
[2026-03-25T11:23:40.904+0000] {logging_mixin.py:188} INFO - [2026-03-25T11:23:40.904+0000] {dag.py:3954} INFO - Setting next_dagrun for example_skip_dag to 2026-03-24 00:00:00+00:00, run_after=2026-03-25 00:00:00+00:00
[2026-03-25T11:23:40.946+0000] {processor.py:183} INFO - Processing /home/airflow/.local/lib/python3.12/site-packages/airflow/example_dags/example_skip_dag.py took 0.105 seconds
[2026-03-25T11:24:12.903+0000] {processor.py:161} INFO - Started process (PID=1042) to work on /home/airflow/.local/lib/python3.12/site-packages/airflow/example_dags/example_skip_dag.py
[2026-03-25T11:24:12.904+0000] {processor.py:830} INFO - Processing file /home/airflow/.local/lib/python3.12/site-packages/airflow/example_dags/example_skip_dag.py for tasks to queue
[2026-03-25T11:24:12.907+0000] {logging_mixin.py:188} INFO - [2026-03-25T11:24:12.906+0000] {dagbag.py:540} INFO - Filling up the DagBag from /home/airflow/.local/lib/python3.12/site-packages/airflow/example_dags/example_skip_dag.py
[2026-03-25T11:24:12.915+0000] {processor.py:840} INFO - DAG(s) 'example_skip_dag' retrieved from /home/airflow/.local/lib/python3.12/site-packages/airflow/example_dags/example_skip_dag.py
[2026-03-25T11:24:12.939+0000] {logging_mixin.py:188} INFO - [2026-03-25T11:24:12.938+0000] {dag.py:3096} INFO - Sync 1 DAGs
[2026-03-25T11:24:12.964+0000] {logging_mixin.py:188} INFO - [2026-03-25T11:24:12.963+0000] {dag.py:3954} INFO - Setting next_dagrun for example_skip_dag to 2026-03-24 00:00:00+00:00, run_after=2026-03-25 00:00:00+00:00
[2026-03-25T11:24:13.003+0000] {processor.py:183} INFO - Processing /home/airflow/.local/lib/python3.12/site-packages/airflow/example_dags/example_skip_dag.py took 0.107 seconds
[2026-03-25T11:24:47.467+0000] {processor.py:161} INFO - Started process (PID=1102) to work on /home/airflow/.local/lib/python3.12/site-packages/airflow/example_dags/example_skip_dag.py
[2026-03-25T11:24:47.474+0000] {processor.py:830} INFO - Processing file /home/airflow/.local/lib/python3.12/site-packages/airflow/example_dags/example_skip_dag.py for tasks to queue
[2026-03-25T11:24:47.479+0000] {logging_mixin.py:188} INFO - [2026-03-25T11:24:47.478+0000] {dagbag.py:540} INFO - Filling up the DagBag from /home/airflow/.local/lib/python3.12/site-packages/airflow/example_dags/example_skip_dag.py
[2026-03-25T11:24:47.495+0000] {processor.py:840} INFO - DAG(s) 'example_skip_dag' retrieved from /home/airflow/.local/lib/python3.12/site-packages/airflow/example_dags/example_skip_dag.py
[2026-03-25T11:24:47.550+0000] {logging_mixin.py:188} INFO - [2026-03-25T11:24:47.549+0000] {dag.py:3096} INFO - Sync 1 DAGs
[2026-03-25T11:24:47.615+0000] {logging_mixin.py:188} INFO - [2026-03-25T11:24:47.615+0000] {dag.py:3954} INFO - Setting next_dagrun for example_skip_dag to 2026-03-24 00:00:00+00:00, run_after=2026-03-25 00:00:00+00:00
[2026-03-25T11:24:47.690+0000] {processor.py:183} INFO - Processing /home/airflow/.local/lib/python3.12/site-packages/airflow/example_dags/example_skip_dag.py took 0.238 seconds
[2026-03-25T11:25:18.657+0000] {processor.py:161} INFO - Started process (PID=1161) to work on /home/airflow/.local/lib/python3.12/site-packages/airflow/example_dags/example_skip_dag.py
[2026-03-25T11:25:18.658+0000] {processor.py:830} INFO - Processing file /home/airflow/.local/lib/python3.12/site-packages/airflow/example_dags/example_skip_dag.py for tasks to queue
[2026-03-25T11:25:18.660+0000] {logging_mixin.py:188} INFO - [2026-03-25T11:25:18.660+0000] {dagbag.py:540} INFO - Filling up the DagBag from /home/airflow/.local/lib/python3.12/site-packages/airflow/example_dags/example_skip_dag.py
[2026-03-25T11:25:18.667+0000] {processor.py:840} INFO - DAG(s) 'example_skip_dag' retrieved from /home/airflow/.local/lib/python3.12/site-packages/airflow/example_dags/example_skip_dag.py
[2026-03-25T11:25:18.687+0000] {logging_mixin.py:188} INFO - [2026-03-25T11:25:18.687+0000] {dag.py:3096} INFO - Sync 1 DAGs
[2026-03-25T11:25:18.709+0000] {logging_mixin.py:188} INFO - [2026-03-25T11:25:18.709+0000] {dag.py:3954} INFO - Setting next_dagrun for example_skip_dag to 2026-03-24 00:00:00+00:00, run_after=2026-03-25 00:00:00+00:00
[2026-03-25T11:25:18.748+0000] {processor.py:183} INFO - Processing /home/airflow/.local/lib/python3.12/site-packages/airflow/example_dags/example_skip_dag.py took 0.096 seconds
[2026-03-25T11:25:51.607+0000] {processor.py:161} INFO - Started process (PID=1220) to work on /home/airflow/.local/lib/python3.12/site-packages/airflow/example_dags/example_skip_dag.py
[2026-03-25T11:25:51.608+0000] {processor.py:830} INFO - Processing file /home/airflow/.local/lib/python3.12/site-packages/airflow/example_dags/example_skip_dag.py for tasks to queue
[2026-03-25T11:25:51.612+0000] {logging_mixin.py:188} INFO - [2026-03-25T11:25:51.611+0000] {dagbag.py:540} INFO - Filling up the DagBag from /home/airflow/.local/lib/python3.12/site-packages/airflow/example_dags/example_skip_dag.py
[2026-03-25T11:25:51.621+0000] {processor.py:840} INFO - DAG(s) 'example_skip_dag' retrieved from /home/airflow/.local/lib/python3.12/site-packages/airflow/example_dags/example_skip_dag.py
[2026-03-25T11:25:51.649+0000] {logging_mixin.py:188} INFO - [2026-03-25T11:25:51.649+0000] {dag.py:3096} INFO - Sync 1 DAGs
[2026-03-25T11:25:51.673+0000] {logging_mixin.py:188} INFO - [2026-03-25T11:25:51.673+0000] {dag.py:3954} INFO - Setting next_dagrun for example_skip_dag to 2026-03-24 00:00:00+00:00, run_after=2026-03-25 00:00:00+00:00
[2026-03-25T11:25:51.721+0000] {processor.py:183} INFO - Processing /home/airflow/.local/lib/python3.12/site-packages/airflow/example_dags/example_skip_dag.py took 0.124 seconds
[2026-03-25T11:26:24.436+0000] {processor.py:161} INFO - Started process (PID=1280) to work on /home/airflow/.local/lib/python3.12/site-packages/airflow/example_dags/example_skip_dag.py
[2026-03-25T11:26:24.437+0000] {processor.py:830} INFO - Processing file /home/airflow/.local/lib/python3.12/site-packages/airflow/example_dags/example_skip_dag.py for tasks to queue
[2026-03-25T11:26:24.439+0000] {logging_mixin.py:188} INFO - [2026-03-25T11:26:24.439+0000] {dagbag.py:540} INFO - Filling up the DagBag from /home/airflow/.local/lib/python3.12/site-packages/airflow/example_dags/example_skip_dag.py
[2026-03-25T11:26:24.446+0000] {processor.py:840} INFO - DAG(s) 'example_skip_dag' retrieved from /home/airflow/.local/lib/python3.12/site-packages/airflow/example_dags/example_skip_dag.py
[2026-03-25T11:26:24.466+0000] {logging_mixin.py:188} INFO - [2026-03-25T11:26:24.466+0000] {dag.py:3096} INFO - Sync 1 DAGs
[2026-03-25T11:26:24.489+0000] {logging_mixin.py:188} INFO - [2026-03-25T11:26:24.489+0000] {dag.py:3954} INFO - Setting next_dagrun for example_skip_dag to 2026-03-24 00:00:00+00:00, run_after=2026-03-25 00:00:00+00:00
[2026-03-25T11:26:24.526+0000] {processor.py:183} INFO - Processing /home/airflow/.local/lib/python3.12/site-packages/airflow/example_dags/example_skip_dag.py took 0.095 seconds
[2026-03-25T11:26:57.375+0000] {processor.py:161} INFO - Started process (PID=1339) to work on /home/airflow/.local/lib/python3.12/site-packages/airflow/example_dags/example_skip_dag.py
[2026-03-25T11:26:57.376+0000] {processor.py:830} INFO - Processing file /home/airflow/.local/lib/python3.12/site-packages/airflow/example_dags/example_skip_dag.py for tasks to queue
[2026-03-25T11:26:57.378+0000] {logging_mixin.py:188} INFO - [2026-03-25T11:26:57.378+0000] {dagbag.py:540} INFO - Filling up the DagBag from /home/airflow/.local/lib/python3.12/site-packages/airflow/example_dags/example_skip_dag.py
[2026-03-25T11:26:57.386+0000] {processor.py:840} INFO - DAG(s) 'example_skip_dag' retrieved from /home/airflow/.local/lib/python3.12/site-packages/airflow/example_dags/example_skip_dag.py
[2026-03-25T11:26:57.413+0000] {logging_mixin.py:188} INFO - [2026-03-25T11:26:57.412+0000] {dag.py:3096} INFO - Sync 1 DAGs
[2026-03-25T11:26:57.446+0000] {logging_mixin.py:188} INFO - [2026-03-25T11:26:57.446+0000] {dag.py:3954} INFO - Setting next_dagrun for example_skip_dag to 2026-03-24 00:00:00+00:00, run_after=2026-03-25 00:00:00+00:00
[2026-03-25T11:26:57.496+0000] {processor.py:183} INFO - Processing /home/airflow/.local/lib/python3.12/site-packages/airflow/example_dags/example_skip_dag.py took 0.128 seconds
[2026-03-25T11:27:32.767+0000] {processor.py:161} INFO - Started process (PID=1410) to work on /home/airflow/.local/lib/python3.12/site-packages/airflow/example_dags/example_skip_dag.py
[2026-03-25T11:27:32.768+0000] {processor.py:830} INFO - Processing file /home/airflow/.local/lib/python3.12/site-packages/airflow/example_dags/example_skip_dag.py for tasks to queue
[2026-03-25T11:27:32.772+0000] {logging_mixin.py:188} INFO - [2026-03-25T11:27:32.771+0000] {dagbag.py:540} INFO - Filling up the DagBag from /home/airflow/.local/lib/python3.12/site-packages/airflow/example_dags/example_skip_dag.py
[2026-03-25T11:27:32.783+0000] {processor.py:840} INFO - DAG(s) 'example_skip_dag' retrieved from /home/airflow/.local/lib/python3.12/site-packages/airflow/example_dags/example_skip_dag.py
[2026-03-25T11:27:32.823+0000] {logging_mixin.py:188} INFO - [2026-03-25T11:27:32.822+0000] {dag.py:3096} INFO - Sync 1 DAGs
[2026-03-25T11:27:32.883+0000] {logging_mixin.py:188} INFO - [2026-03-25T11:27:32.882+0000] {dag.py:3954} INFO - Setting next_dagrun for example_skip_dag to 2026-03-24 00:00:00+00:00, run_after=2026-03-25 00:00:00+00:00
[2026-03-25T11:27:32.958+0000] {processor.py:183} INFO - Processing /home/airflow/.local/lib/python3.12/site-packages/airflow/example_dags/example_skip_dag.py took 0.202 seconds
[2026-03-25T11:28:03.360+0000] {processor.py:161} INFO - Started process (PID=1469) to work on /home/airflow/.local/lib/python3.12/site-packages/airflow/example_dags/example_skip_dag.py
[2026-03-25T11:28:03.361+0000] {processor.py:830} INFO - Processing file /home/airflow/.local/lib/python3.12/site-packages/airflow/example_dags/example_skip_dag.py for tasks to queue
[2026-03-25T11:28:03.363+0000] {logging_mixin.py:188} INFO - [2026-03-25T11:28:03.362+0000] {dagbag.py:540} INFO - Filling up the DagBag from /home/airflow/.local/lib/python3.12/site-packages/airflow/example_dags/example_skip_dag.py
[2026-03-25T11:28:03.370+0000] {processor.py:840} INFO - DAG(s) 'example_skip_dag' retrieved from /home/airflow/.local/lib/python3.12/site-packages/airflow/example_dags/example_skip_dag.py
[2026-03-25T11:28:03.395+0000] {logging_mixin.py:188} INFO - [2026-03-25T11:28:03.395+0000] {dag.py:3096} INFO - Sync 1 DAGs
[2026-03-25T11:28:03.422+0000] {logging_mixin.py:188} INFO - [2026-03-25T11:28:03.422+0000] {dag.py:3954} INFO - Setting next_dagrun for example_skip_dag to 2026-03-24 00:00:00+00:00, run_after=2026-03-25 00:00:00+00:00
[2026-03-25T11:28:03.653+0000] {processor.py:183} INFO - Processing /home/airflow/.local/lib/python3.12/site-packages/airflow/example_dags/example_skip_dag.py took 0.300 seconds
[2026-03-25T11:28:38.287+0000] {processor.py:161} INFO - Started process (PID=1528) to work on /home/airflow/.local/lib/python3.12/site-packages/airflow/example_dags/example_skip_dag.py
[2026-03-25T11:28:38.288+0000] {processor.py:830} INFO - Processing file /home/airflow/.local/lib/python3.12/site-packages/airflow/example_dags/example_skip_dag.py for tasks to queue
[2026-03-25T11:28:38.291+0000] {logging_mixin.py:188} INFO - [2026-03-25T11:28:38.290+0000] {dagbag.py:540} INFO - Filling up the DagBag from /home/airflow/.local/lib/python3.12/site-packages/airflow/example_dags/example_skip_dag.py
[2026-03-25T11:28:38.298+0000] {processor.py:840} INFO - DAG(s) 'example_skip_dag' retrieved from /home/airflow/.local/lib/python3.12/site-packages/airflow/example_dags/example_skip_dag.py
[2026-03-25T11:28:38.327+0000] {logging_mixin.py:188} INFO - [2026-03-25T11:28:38.327+0000] {dag.py:3096} INFO - Sync 1 DAGs
[2026-03-25T11:28:38.355+0000] {logging_mixin.py:188} INFO - [2026-03-25T11:28:38.355+0000] {dag.py:3954} INFO - Setting next_dagrun for example_skip_dag to 2026-03-24 00:00:00+00:00, run_after=2026-03-25 00:00:00+00:00
[2026-03-25T11:28:38.418+0000] {processor.py:183} INFO - Processing /home/airflow/.local/lib/python3.12/site-packages/airflow/example_dags/example_skip_dag.py took 0.139 seconds
[2026-03-25T11:29:10.851+0000] {processor.py:161} INFO - Started process (PID=1587) to work on /home/airflow/.local/lib/python3.12/site-packages/airflow/example_dags/example_skip_dag.py
[2026-03-25T11:29:10.853+0000] {processor.py:830} INFO - Processing file /home/airflow/.local/lib/python3.12/site-packages/airflow/example_dags/example_skip_dag.py for tasks to queue
[2026-03-25T11:29:10.855+0000] {logging_mixin.py:188} INFO - [2026-03-25T11:29:10.855+0000] {dagbag.py:540} INFO - Filling up the DagBag from /home/airflow/.local/lib/python3.12/site-packages/airflow/example_dags/example_skip_dag.py
[2026-03-25T11:29:10.865+0000] {processor.py:840} INFO - DAG(s) 'example_skip_dag' retrieved from /home/airflow/.local/lib/python3.12/site-packages/airflow/example_dags/example_skip_dag.py
[2026-03-25T11:29:10.894+0000] {logging_mixin.py:188} INFO - [2026-03-25T11:29:10.894+0000] {dag.py:3096} INFO - Sync 1 DAGs
[2026-03-25T11:29:10.924+0000] {logging_mixin.py:188} INFO - [2026-03-25T11:29:10.924+0000] {dag.py:3954} INFO - Setting next_dagrun for example_skip_dag to 2026-03-24 00:00:00+00:00, run_after=2026-03-25 00:00:00+00:00
[2026-03-25T11:29:10.966+0000] {processor.py:183} INFO - Processing /home/airflow/.local/lib/python3.12/site-packages/airflow/example_dags/example_skip_dag.py took 0.123 seconds
[2026-03-25T11:29:41.507+0000] {processor.py:161} INFO - Started process (PID=1646) to work on /home/airflow/.local/lib/python3.12/site-packages/airflow/example_dags/example_skip_dag.py
[2026-03-25T11:29:41.508+0000] {processor.py:830} INFO - Processing file /home/airflow/.local/lib/python3.12/site-packages/airflow/example_dags/example_skip_dag.py for tasks to queue
[2026-03-25T11:29:41.511+0000] {logging_mixin.py:188} INFO - [2026-03-25T11:29:41.510+0000] {dagbag.py:540} INFO - Filling up the DagBag from /home/airflow/.local/lib/python3.12/site-packages/airflow/example_dags/example_skip_dag.py
[2026-03-25T11:29:41.523+0000] {processor.py:840} INFO - DAG(s) 'example_skip_dag' retrieved from /home/airflow/.local/lib/python3.12/site-packages/airflow/example_dags/example_skip_dag.py
[2026-03-25T11:29:41.553+0000] {logging_mixin.py:188} INFO - [2026-03-25T11:29:41.552+0000] {dag.py:3096} INFO - Sync 1 DAGs
[2026-03-25T11:29:41.588+0000] {logging_mixin.py:188} INFO - [2026-03-25T11:29:41.587+0000] {dag.py:3954} INFO - Setting next_dagrun for example_skip_dag to 2026-03-24 00:00:00+00:00, run_after=2026-03-25 00:00:00+00:00
[2026-03-25T11:29:41.639+0000] {processor.py:183} INFO - Processing /home/airflow/.local/lib/python3.12/site-packages/airflow/example_dags/example_skip_dag.py took 0.140 seconds
[2026-03-25T11:30:13.137+0000] {processor.py:161} INFO - Started process (PID=1705) to work on /home/airflow/.local/lib/python3.12/site-packages/airflow/example_dags/example_skip_dag.py
[2026-03-25T11:30:13.139+0000] {processor.py:830} INFO - Processing file /home/airflow/.local/lib/python3.12/site-packages/airflow/example_dags/example_skip_dag.py for tasks to queue
[2026-03-25T11:30:13.143+0000] {logging_mixin.py:188} INFO - [2026-03-25T11:30:13.143+0000] {dagbag.py:540} INFO - Filling up the DagBag from /home/airflow/.local/lib/python3.12/site-packages/airflow/example_dags/example_skip_dag.py
[2026-03-25T11:30:13.159+0000] {processor.py:840} INFO - DAG(s) 'example_skip_dag' retrieved from /home/airflow/.local/lib/python3.12/site-packages/airflow/example_dags/example_skip_dag.py
[2026-03-25T11:30:13.237+0000] {logging_mixin.py:188} INFO - [2026-03-25T11:30:13.236+0000] {dag.py:3096} INFO - Sync 1 DAGs
[2026-03-25T11:30:13.298+0000] {logging_mixin.py:188} INFO - [2026-03-25T11:30:13.298+0000] {dag.py:3954} INFO - Setting next_dagrun for example_skip_dag to 2026-03-24 00:00:00+00:00, run_after=2026-03-25 00:00:00+00:00
[2026-03-25T11:30:13.385+0000] {processor.py:183} INFO - Processing /home/airflow/.local/lib/python3.12/site-packages/airflow/example_dags/example_skip_dag.py took 0.264 seconds
[2026-03-25T11:30:44.449+0000] {processor.py:161} INFO - Started process (PID=1764) to work on /home/airflow/.local/lib/python3.12/site-packages/airflow/example_dags/example_skip_dag.py
[2026-03-25T11:30:44.450+0000] {processor.py:830} INFO - Processing file /home/airflow/.local/lib/python3.12/site-packages/airflow/example_dags/example_skip_dag.py for tasks to queue
[2026-03-25T11:30:44.452+0000] {logging_mixin.py:188} INFO - [2026-03-25T11:30:44.451+0000] {dagbag.py:540} INFO - Filling up the DagBag from /home/airflow/.local/lib/python3.12/site-packages/airflow/example_dags/example_skip_dag.py
[2026-03-25T11:30:44.458+0000] {processor.py:840} INFO - DAG(s) 'example_skip_dag' retrieved from /home/airflow/.local/lib/python3.12/site-packages/airflow/example_dags/example_skip_dag.py
[2026-03-25T11:30:44.479+0000] {logging_mixin.py:188} INFO - [2026-03-25T11:30:44.479+0000] {dag.py:3096} INFO - Sync 1 DAGs
[2026-03-25T11:30:44.503+0000] {logging_mixin.py:188} INFO - [2026-03-25T11:30:44.503+0000] {dag.py:3954} INFO - Setting next_dagrun for example_skip_dag to 2026-03-24 00:00:00+00:00, run_after=2026-03-25 00:00:00+00:00
[2026-03-25T11:30:44.541+0000] {processor.py:183} INFO - Processing /home/airflow/.local/lib/python3.12/site-packages/airflow/example_dags/example_skip_dag.py took 0.099 seconds
[2026-03-25T11:31:16.618+0000] {processor.py:161} INFO - Started process (PID=1817) to work on /home/airflow/.local/lib/python3.12/site-packages/airflow/example_dags/example_skip_dag.py
[2026-03-25T11:31:16.619+0000] {processor.py:830} INFO - Processing file /home/airflow/.local/lib/python3.12/site-packages/airflow/example_dags/example_skip_dag.py for tasks to queue
[2026-03-25T11:31:16.621+0000] {logging_mixin.py:188} INFO - [2026-03-25T11:31:16.620+0000] {dagbag.py:540} INFO - Filling up the DagBag from /home/airflow/.local/lib/python3.12/site-packages/airflow/example_dags/example_skip_dag.py
[2026-03-25T11:31:16.628+0000] {processor.py:840} INFO - DAG(s) 'example_skip_dag' retrieved from /home/airflow/.local/lib/python3.12/site-packages/airflow/example_dags/example_skip_dag.py
[2026-03-25T11:31:16.650+0000] {logging_mixin.py:188} INFO - [2026-03-25T11:31:16.650+0000] {dag.py:3096} INFO - Sync 1 DAGs
[2026-03-25T11:31:16.678+0000] {logging_mixin.py:188} INFO - [2026-03-25T11:31:16.678+0000] {dag.py:3954} INFO - Setting next_dagrun for example_skip_dag to 2026-03-24 00:00:00+00:00, run_after=2026-03-25 00:00:00+00:00
[2026-03-25T11:31:16.721+0000] {processor.py:183} INFO - Processing /home/airflow/.local/lib/python3.12/site-packages/airflow/example_dags/example_skip_dag.py took 0.110 seconds
[2026-03-25T11:31:49.899+0000] {processor.py:161} INFO - Started process (PID=1876) to work on /home/airflow/.local/lib/python3.12/site-packages/airflow/example_dags/example_skip_dag.py
[2026-03-25T11:31:49.901+0000] {processor.py:830} INFO - Processing file /home/airflow/.local/lib/python3.12/site-packages/airflow/example_dags/example_skip_dag.py for tasks to queue
[2026-03-25T11:31:49.903+0000] {logging_mixin.py:188} INFO - [2026-03-25T11:31:49.902+0000] {dagbag.py:540} INFO - Filling up the DagBag from /home/airflow/.local/lib/python3.12/site-packages/airflow/example_dags/example_skip_dag.py
[2026-03-25T11:31:49.911+0000] {processor.py:840} INFO - DAG(s) 'example_skip_dag' retrieved from /home/airflow/.local/lib/python3.12/site-packages/airflow/example_dags/example_skip_dag.py
[2026-03-25T11:31:49.939+0000] {logging_mixin.py:188} INFO - [2026-03-25T11:31:49.939+0000] {dag.py:3096} INFO - Sync 1 DAGs
[2026-03-25T11:31:49.965+0000] {logging_mixin.py:188} INFO - [2026-03-25T11:31:49.965+0000] {dag.py:3954} INFO - Setting next_dagrun for example_skip_dag to 2026-03-24 00:00:00+00:00, run_after=2026-03-25 00:00:00+00:00
[2026-03-25T11:31:50.009+0000] {processor.py:183} INFO - Processing /home/airflow/.local/lib/python3.12/site-packages/airflow/example_dags/example_skip_dag.py took 0.116 seconds
[2026-03-25T11:32:22.465+0000] {processor.py:161} INFO - Started process (PID=1935) to work on /home/airflow/.local/lib/python3.12/site-packages/airflow/example_dags/example_skip_dag.py
[2026-03-25T11:32:22.466+0000] {processor.py:830} INFO - Processing file /home/airflow/.local/lib/python3.12/site-packages/airflow/example_dags/example_skip_dag.py for tasks to queue
[2026-03-25T11:32:22.468+0000] {logging_mixin.py:188} INFO - [2026-03-25T11:32:22.467+0000] {dagbag.py:540} INFO - Filling up the DagBag from /home/airflow/.local/lib/python3.12/site-packages/airflow/example_dags/example_skip_dag.py
[2026-03-25T11:32:22.474+0000] {processor.py:840} INFO - DAG(s) 'example_skip_dag' retrieved from /home/airflow/.local/lib/python3.12/site-packages/airflow/example_dags/example_skip_dag.py
[2026-03-25T11:32:22.496+0000] {logging_mixin.py:188} INFO - [2026-03-25T11:32:22.496+0000] {dag.py:3096} INFO - Sync 1 DAGs
[2026-03-25T11:32:22.518+0000] {logging_mixin.py:188} INFO - [2026-03-25T11:32:22.518+0000] {dag.py:3954} INFO - Setting next_dagrun for example_skip_dag to 2026-03-24 00:00:00+00:00, run_after=2026-03-25 00:00:00+00:00
[2026-03-25T11:32:22.648+0000] {processor.py:183} INFO - Processing /home/airflow/.local/lib/python3.12/site-packages/airflow/example_dags/example_skip_dag.py took 0.189 seconds
[2026-03-25T11:34:41.246+0000] {processor.py:161} INFO - Started process (PID=103) to work on /home/airflow/.local/lib/python3.12/site-packages/airflow/example_dags/example_skip_dag.py
[2026-03-25T11:34:41.247+0000] {processor.py:830} INFO - Processing file /home/airflow/.local/lib/python3.12/site-packages/airflow/example_dags/example_skip_dag.py for tasks to queue
[2026-03-25T11:34:41.249+0000] {logging_mixin.py:188} INFO - [2026-03-25T11:34:41.249+0000] {dagbag.py:540} INFO - Filling up the DagBag from /home/airflow/.local/lib/python3.12/site-packages/airflow/example_dags/example_skip_dag.py
[2026-03-25T11:34:41.258+0000] {processor.py:840} INFO - DAG(s) 'example_skip_dag' retrieved from /home/airflow/.local/lib/python3.12/site-packages/airflow/example_dags/example_skip_dag.py
[2026-03-25T11:34:41.401+0000] {logging_mixin.py:188} INFO - [2026-03-25T11:34:41.400+0000] {dag.py:3096} INFO - Sync 1 DAGs
[2026-03-25T11:34:41.425+0000] {logging_mixin.py:188} INFO - [2026-03-25T11:34:41.425+0000] {dag.py:3954} INFO - Setting next_dagrun for example_skip_dag to 2026-03-24 00:00:00+00:00, run_after=2026-03-25 00:00:00+00:00
[2026-03-25T11:34:41.484+0000] {processor.py:183} INFO - Processing /home/airflow/.local/lib/python3.12/site-packages/airflow/example_dags/example_skip_dag.py took 0.243 seconds
[2026-03-25T11:35:11.671+0000] {processor.py:161} INFO - Started process (PID=162) to work on /home/airflow/.local/lib/python3.12/site-packages/airflow/example_dags/example_skip_dag.py
[2026-03-25T11:35:11.672+0000] {processor.py:830} INFO - Processing file /home/airflow/.local/lib/python3.12/site-packages/airflow/example_dags/example_skip_dag.py for tasks to queue
[2026-03-25T11:35:11.675+0000] {logging_mixin.py:188} INFO - [2026-03-25T11:35:11.674+0000] {dagbag.py:540} INFO - Filling up the DagBag from /home/airflow/.local/lib/python3.12/site-packages/airflow/example_dags/example_skip_dag.py
[2026-03-25T11:35:11.682+0000] {processor.py:840} INFO - DAG(s) 'example_skip_dag' retrieved from /home/airflow/.local/lib/python3.12/site-packages/airflow/example_dags/example_skip_dag.py
[2026-03-25T11:35:11.709+0000] {logging_mixin.py:188} INFO - [2026-03-25T11:35:11.709+0000] {dag.py:3096} INFO - Sync 1 DAGs
[2026-03-25T11:35:11.735+0000] {logging_mixin.py:188} INFO - [2026-03-25T11:35:11.734+0000] {dag.py:3954} INFO - Setting next_dagrun for example_skip_dag to 2026-03-24 00:00:00+00:00, run_after=2026-03-25 00:00:00+00:00
[2026-03-25T11:35:11.773+0000] {processor.py:183} INFO - Processing /home/airflow/.local/lib/python3.12/site-packages/airflow/example_dags/example_skip_dag.py took 0.108 seconds
[2026-03-25T11:35:42.001+0000] {processor.py:161} INFO - Started process (PID=222) to work on /home/airflow/.local/lib/python3.12/site-packages/airflow/example_dags/example_skip_dag.py
[2026-03-25T11:35:42.002+0000] {processor.py:830} INFO - Processing file /home/airflow/.local/lib/python3.12/site-packages/airflow/example_dags/example_skip_dag.py for tasks to queue
[2026-03-25T11:35:42.004+0000] {logging_mixin.py:188} INFO - [2026-03-25T11:35:42.003+0000] {dagbag.py:540} INFO - Filling up the DagBag from /home/airflow/.local/lib/python3.12/site-packages/airflow/example_dags/example_skip_dag.py
[2026-03-25T11:35:42.010+0000] {processor.py:840} INFO - DAG(s) 'example_skip_dag' retrieved from /home/airflow/.local/lib/python3.12/site-packages/airflow/example_dags/example_skip_dag.py
[2026-03-25T11:35:42.032+0000] {logging_mixin.py:188} INFO - [2026-03-25T11:35:42.032+0000] {dag.py:3096} INFO - Sync 1 DAGs
[2026-03-25T11:35:42.054+0000] {logging_mixin.py:188} INFO - [2026-03-25T11:35:42.053+0000] {dag.py:3954} INFO - Setting next_dagrun for example_skip_dag to 2026-03-24 00:00:00+00:00, run_after=2026-03-25 00:00:00+00:00
[2026-03-25T11:35:42.230+0000] {processor.py:183} INFO - Processing /home/airflow/.local/lib/python3.12/site-packages/airflow/example_dags/example_skip_dag.py took 0.235 seconds
[2026-03-25T11:36:14.960+0000] {processor.py:161} INFO - Started process (PID=281) to work on /home/airflow/.local/lib/python3.12/site-packages/airflow/example_dags/example_skip_dag.py
[2026-03-25T11:36:14.961+0000] {processor.py:830} INFO - Processing file /home/airflow/.local/lib/python3.12/site-packages/airflow/example_dags/example_skip_dag.py for tasks to queue
[2026-03-25T11:36:14.963+0000] {logging_mixin.py:188} INFO - [2026-03-25T11:36:14.963+0000] {dagbag.py:540} INFO - Filling up the DagBag from /home/airflow/.local/lib/python3.12/site-packages/airflow/example_dags/example_skip_dag.py
[2026-03-25T11:36:14.970+0000] {processor.py:840} INFO - DAG(s) 'example_skip_dag' retrieved from /home/airflow/.local/lib/python3.12/site-packages/airflow/example_dags/example_skip_dag.py
[2026-03-25T11:36:14.993+0000] {logging_mixin.py:188} INFO - [2026-03-25T11:36:14.992+0000] {dag.py:3096} INFO - Sync 1 DAGs
[2026-03-25T11:36:15.018+0000] {logging_mixin.py:188} INFO - [2026-03-25T11:36:15.018+0000] {dag.py:3954} INFO - Setting next_dagrun for example_skip_dag to 2026-03-24 00:00:00+00:00, run_after=2026-03-25 00:00:00+00:00
[2026-03-25T11:36:15.059+0000] {processor.py:183} INFO - Processing /home/airflow/.local/lib/python3.12/site-packages/airflow/example_dags/example_skip_dag.py took 0.106 seconds
[2026-03-25T11:36:48.140+0000] {processor.py:161} INFO - Started process (PID=340) to work on /home/airflow/.local/lib/python3.12/site-packages/airflow/example_dags/example_skip_dag.py
[2026-03-25T11:36:48.142+0000] {processor.py:830} INFO - Processing file /home/airflow/.local/lib/python3.12/site-packages/airflow/example_dags/example_skip_dag.py for tasks to queue
[2026-03-25T11:36:48.145+0000] {logging_mixin.py:188} INFO - [2026-03-25T11:36:48.144+0000] {dagbag.py:540} INFO - Filling up the DagBag from /home/airflow/.local/lib/python3.12/site-packages/airflow/example_dags/example_skip_dag.py
[2026-03-25T11:36:48.155+0000] {processor.py:840} INFO - DAG(s) 'example_skip_dag' retrieved from /home/airflow/.local/lib/python3.12/site-packages/airflow/example_dags/example_skip_dag.py
[2026-03-25T11:36:48.197+0000] {logging_mixin.py:188} INFO - [2026-03-25T11:36:48.197+0000] {dag.py:3096} INFO - Sync 1 DAGs
[2026-03-25T11:36:48.237+0000] {logging_mixin.py:188} INFO - [2026-03-25T11:36:48.237+0000] {dag.py:3954} INFO - Setting next_dagrun for example_skip_dag to 2026-03-24 00:00:00+00:00, run_after=2026-03-25 00:00:00+00:00
[2026-03-25T11:36:48.290+0000] {processor.py:183} INFO - Processing /home/airflow/.local/lib/python3.12/site-packages/airflow/example_dags/example_skip_dag.py took 0.158 seconds
[2026-03-25T11:37:20.026+0000] {processor.py:161} INFO - Started process (PID=399) to work on /home/airflow/.local/lib/python3.12/site-packages/airflow/example_dags/example_skip_dag.py
[2026-03-25T11:37:20.027+0000] {processor.py:830} INFO - Processing file /home/airflow/.local/lib/python3.12/site-packages/airflow/example_dags/example_skip_dag.py for tasks to queue
[2026-03-25T11:37:20.030+0000] {logging_mixin.py:188} INFO - [2026-03-25T11:37:20.029+0000] {dagbag.py:540} INFO - Filling up the DagBag from /home/airflow/.local/lib/python3.12/site-packages/airflow/example_dags/example_skip_dag.py
[2026-03-25T11:37:20.038+0000] {processor.py:840} INFO - DAG(s) 'example_skip_dag' retrieved from /home/airflow/.local/lib/python3.12/site-packages/airflow/example_dags/example_skip_dag.py
[2026-03-25T11:37:20.066+0000] {logging_mixin.py:188} INFO - [2026-03-25T11:37:20.065+0000] {dag.py:3096} INFO - Sync 1 DAGs
[2026-03-25T11:37:20.099+0000] {logging_mixin.py:188} INFO - [2026-03-25T11:37:20.098+0000] {dag.py:3954} INFO - Setting next_dagrun for example_skip_dag to 2026-03-24 00:00:00+00:00, run_after=2026-03-25 00:00:00+00:00
[2026-03-25T11:37:20.149+0000] {processor.py:183} INFO - Processing /home/airflow/.local/lib/python3.12/site-packages/airflow/example_dags/example_skip_dag.py took 0.130 seconds
[2026-03-25T11:37:52.123+0000] {processor.py:161} INFO - Started process (PID=458) to work on /home/airflow/.local/lib/python3.12/site-packages/airflow/example_dags/example_skip_dag.py
[2026-03-25T11:37:52.124+0000] {processor.py:830} INFO - Processing file /home/airflow/.local/lib/python3.12/site-packages/airflow/example_dags/example_skip_dag.py for tasks to queue
[2026-03-25T11:37:52.126+0000] {logging_mixin.py:188} INFO - [2026-03-25T11:37:52.126+0000] {dagbag.py:540} INFO - Filling up the DagBag from /home/airflow/.local/lib/python3.12/site-packages/airflow/example_dags/example_skip_dag.py
[2026-03-25T11:37:52.133+0000] {processor.py:840} INFO - DAG(s) 'example_skip_dag' retrieved from /home/airflow/.local/lib/python3.12/site-packages/airflow/example_dags/example_skip_dag.py
[2026-03-25T11:37:52.154+0000] {logging_mixin.py:188} INFO - [2026-03-25T11:37:52.154+0000] {dag.py:3096} INFO - Sync 1 DAGs
[2026-03-25T11:37:52.175+0000] {logging_mixin.py:188} INFO - [2026-03-25T11:37:52.175+0000] {dag.py:3954} INFO - Setting next_dagrun for example_skip_dag to 2026-03-24 00:00:00+00:00, run_after=2026-03-25 00:00:00+00:00
[2026-03-25T11:37:52.244+0000] {processor.py:183} INFO - Processing /home/airflow/.local/lib/python3.12/site-packages/airflow/example_dags/example_skip_dag.py took 0.127 seconds
[2026-03-25T11:38:24.144+0000] {processor.py:161} INFO - Started process (PID=511) to work on /home/airflow/.local/lib/python3.12/site-packages/airflow/example_dags/example_skip_dag.py
[2026-03-25T11:38:24.145+0000] {processor.py:830} INFO - Processing file /home/airflow/.local/lib/python3.12/site-packages/airflow/example_dags/example_skip_dag.py for tasks to queue
[2026-03-25T11:38:24.147+0000] {logging_mixin.py:188} INFO - [2026-03-25T11:38:24.146+0000] {dagbag.py:540} INFO - Filling up the DagBag from /home/airflow/.local/lib/python3.12/site-packages/airflow/example_dags/example_skip_dag.py
[2026-03-25T11:38:24.153+0000] {processor.py:840} INFO - DAG(s) 'example_skip_dag' retrieved from /home/airflow/.local/lib/python3.12/site-packages/airflow/example_dags/example_skip_dag.py
[2026-03-25T11:38:24.175+0000] {logging_mixin.py:188} INFO - [2026-03-25T11:38:24.175+0000] {dag.py:3096} INFO - Sync 1 DAGs
[2026-03-25T11:38:24.199+0000] {logging_mixin.py:188} INFO - [2026-03-25T11:38:24.199+0000] {dag.py:3954} INFO - Setting next_dagrun for example_skip_dag to 2026-03-24 00:00:00+00:00, run_after=2026-03-25 00:00:00+00:00
[2026-03-25T11:38:24.247+0000] {processor.py:183} INFO - Processing /home/airflow/.local/lib/python3.12/site-packages/airflow/example_dags/example_skip_dag.py took 0.110 seconds
[2026-03-25T11:38:56.929+0000] {processor.py:161} INFO - Started process (PID=570) to work on /home/airflow/.local/lib/python3.12/site-packages/airflow/example_dags/example_skip_dag.py
[2026-03-25T11:38:56.930+0000] {processor.py:830} INFO - Processing file /home/airflow/.local/lib/python3.12/site-packages/airflow/example_dags/example_skip_dag.py for tasks to queue
[2026-03-25T11:38:56.933+0000] {logging_mixin.py:188} INFO - [2026-03-25T11:38:56.932+0000] {dagbag.py:540} INFO - Filling up the DagBag from /home/airflow/.local/lib/python3.12/site-packages/airflow/example_dags/example_skip_dag.py
[2026-03-25T11:38:56.940+0000] {processor.py:840} INFO - DAG(s) 'example_skip_dag' retrieved from /home/airflow/.local/lib/python3.12/site-packages/airflow/example_dags/example_skip_dag.py
[2026-03-25T11:38:56.964+0000] {logging_mixin.py:188} INFO - [2026-03-25T11:38:56.964+0000] {dag.py:3096} INFO - Sync 1 DAGs
[2026-03-25T11:38:56.988+0000] {logging_mixin.py:188} INFO - [2026-03-25T11:38:56.988+0000] {dag.py:3954} INFO - Setting next_dagrun for example_skip_dag to 2026-03-24 00:00:00+00:00, run_after=2026-03-25 00:00:00+00:00
[2026-03-25T11:38:57.033+0000] {processor.py:183} INFO - Processing /home/airflow/.local/lib/python3.12/site-packages/airflow/example_dags/example_skip_dag.py took 0.110 seconds
[2026-03-25T11:39:29.574+0000] {processor.py:161} INFO - Started process (PID=629) to work on /home/airflow/.local/lib/python3.12/site-packages/airflow/example_dags/example_skip_dag.py
[2026-03-25T11:39:29.575+0000] {processor.py:830} INFO - Processing file /home/airflow/.local/lib/python3.12/site-packages/airflow/example_dags/example_skip_dag.py for tasks to queue
[2026-03-25T11:39:29.577+0000] {logging_mixin.py:188} INFO - [2026-03-25T11:39:29.577+0000] {dagbag.py:540} INFO - Filling up the DagBag from /home/airflow/.local/lib/python3.12/site-packages/airflow/example_dags/example_skip_dag.py
[2026-03-25T11:39:29.584+0000] {processor.py:840} INFO - DAG(s) 'example_skip_dag' retrieved from /home/airflow/.local/lib/python3.12/site-packages/airflow/example_dags/example_skip_dag.py
[2026-03-25T11:39:29.606+0000] {logging_mixin.py:188} INFO - [2026-03-25T11:39:29.606+0000] {dag.py:3096} INFO - Sync 1 DAGs
[2026-03-25T11:39:29.627+0000] {logging_mixin.py:188} INFO - [2026-03-25T11:39:29.627+0000] {dag.py:3954} INFO - Setting next_dagrun for example_skip_dag to 2026-03-24 00:00:00+00:00, run_after=2026-03-25 00:00:00+00:00
[2026-03-25T11:39:29.666+0000] {processor.py:183} INFO - Processing /home/airflow/.local/lib/python3.12/site-packages/airflow/example_dags/example_skip_dag.py took 0.097 seconds
[2026-03-25T11:40:03.197+0000] {processor.py:161} INFO - Started process (PID=694) to work on /home/airflow/.local/lib/python3.12/site-packages/airflow/example_dags/example_skip_dag.py
[2026-03-25T11:40:03.198+0000] {processor.py:830} INFO - Processing file /home/airflow/.local/lib/python3.12/site-packages/airflow/example_dags/example_skip_dag.py for tasks to queue
[2026-03-25T11:40:03.200+0000] {logging_mixin.py:188} INFO - [2026-03-25T11:40:03.200+0000] {dagbag.py:540} INFO - Filling up the DagBag from /home/airflow/.local/lib/python3.12/site-packages/airflow/example_dags/example_skip_dag.py
[2026-03-25T11:40:03.206+0000] {processor.py:840} INFO - DAG(s) 'example_skip_dag' retrieved from /home/airflow/.local/lib/python3.12/site-packages/airflow/example_dags/example_skip_dag.py
[2026-03-25T11:40:03.227+0000] {logging_mixin.py:188} INFO - [2026-03-25T11:40:03.227+0000] {dag.py:3096} INFO - Sync 1 DAGs
[2026-03-25T11:40:03.252+0000] {logging_mixin.py:188} INFO - [2026-03-25T11:40:03.251+0000] {dag.py:3954} INFO - Setting next_dagrun for example_skip_dag to 2026-03-24 00:00:00+00:00, run_after=2026-03-25 00:00:00+00:00
[2026-03-25T11:40:03.293+0000] {processor.py:183} INFO - Processing /home/airflow/.local/lib/python3.12/site-packages/airflow/example_dags/example_skip_dag.py took 0.101 seconds
[2026-03-25T11:40:34.989+0000] {processor.py:161} INFO - Started process (PID=747) to work on /home/airflow/.local/lib/python3.12/site-packages/airflow/example_dags/example_skip_dag.py
[2026-03-25T11:40:34.990+0000] {processor.py:830} INFO - Processing file /home/airflow/.local/lib/python3.12/site-packages/airflow/example_dags/example_skip_dag.py for tasks to queue
[2026-03-25T11:40:34.992+0000] {logging_mixin.py:188} INFO - [2026-03-25T11:40:34.992+0000] {dagbag.py:540} INFO - Filling up the DagBag from /home/airflow/.local/lib/python3.12/site-packages/airflow/example_dags/example_skip_dag.py
[2026-03-25T11:40:34.998+0000] {processor.py:840} INFO - DAG(s) 'example_skip_dag' retrieved from /home/airflow/.local/lib/python3.12/site-packages/airflow/example_dags/example_skip_dag.py
[2026-03-25T11:40:35.019+0000] {logging_mixin.py:188} INFO - [2026-03-25T11:40:35.019+0000] {dag.py:3096} INFO - Sync 1 DAGs
[2026-03-25T11:40:35.042+0000] {logging_mixin.py:188} INFO - [2026-03-25T11:40:35.042+0000] {dag.py:3954} INFO - Setting next_dagrun for example_skip_dag to 2026-03-24 00:00:00+00:00, run_after=2026-03-25 00:00:00+00:00
[2026-03-25T11:40:35.089+0000] {processor.py:183} INFO - Processing /home/airflow/.local/lib/python3.12/site-packages/airflow/example_dags/example_skip_dag.py took 0.106 seconds
[2026-03-25T11:41:07.957+0000] {processor.py:161} INFO - Started process (PID=806) to work on /home/airflow/.local/lib/python3.12/site-packages/airflow/example_dags/example_skip_dag.py
[2026-03-25T11:41:07.958+0000] {processor.py:830} INFO - Processing file /home/airflow/.local/lib/python3.12/site-packages/airflow/example_dags/example_skip_dag.py for tasks to queue
[2026-03-25T11:41:07.960+0000] {logging_mixin.py:188} INFO - [2026-03-25T11:41:07.960+0000] {dagbag.py:540} INFO - Filling up the DagBag from /home/airflow/.local/lib/python3.12/site-packages/airflow/example_dags/example_skip_dag.py
[2026-03-25T11:41:07.966+0000] {processor.py:840} INFO - DAG(s) 'example_skip_dag' retrieved from /home/airflow/.local/lib/python3.12/site-packages/airflow/example_dags/example_skip_dag.py
[2026-03-25T11:41:07.989+0000] {logging_mixin.py:188} INFO - [2026-03-25T11:41:07.989+0000] {dag.py:3096} INFO - Sync 1 DAGs
[2026-03-25T11:41:08.011+0000] {logging_mixin.py:188} INFO - [2026-03-25T11:41:08.011+0000] {dag.py:3954} INFO - Setting next_dagrun for example_skip_dag to 2026-03-24 00:00:00+00:00, run_after=2026-03-25 00:00:00+00:00
[2026-03-25T11:41:08.049+0000] {processor.py:183} INFO - Processing /home/airflow/.local/lib/python3.12/site-packages/airflow/example_dags/example_skip_dag.py took 0.098 seconds
[2026-03-25T11:41:42.180+0000] {processor.py:161} INFO - Started process (PID=871) to work on /home/airflow/.local/lib/python3.12/site-packages/airflow/example_dags/example_skip_dag.py
[2026-03-25T11:41:42.181+0000] {processor.py:830} INFO - Processing file /home/airflow/.local/lib/python3.12/site-packages/airflow/example_dags/example_skip_dag.py for tasks to queue
[2026-03-25T11:41:42.183+0000] {logging_mixin.py:188} INFO - [2026-03-25T11:41:42.183+0000] {dagbag.py:540} INFO - Filling up the DagBag from /home/airflow/.local/lib/python3.12/site-packages/airflow/example_dags/example_skip_dag.py
[2026-03-25T11:41:42.191+0000] {processor.py:840} INFO - DAG(s) 'example_skip_dag' retrieved from /home/airflow/.local/lib/python3.12/site-packages/airflow/example_dags/example_skip_dag.py
[2026-03-25T11:41:42.215+0000] {logging_mixin.py:188} INFO - [2026-03-25T11:41:42.215+0000] {dag.py:3096} INFO - Sync 1 DAGs
[2026-03-25T11:41:42.235+0000] {logging_mixin.py:188} INFO - [2026-03-25T11:41:42.235+0000] {dag.py:3954} INFO - Setting next_dagrun for example_skip_dag to 2026-03-24 00:00:00+00:00, run_after=2026-03-25 00:00:00+00:00
[2026-03-25T11:41:42.274+0000] {processor.py:183} INFO - Processing /home/airflow/.local/lib/python3.12/site-packages/airflow/example_dags/example_skip_dag.py took 0.100 seconds
[2026-03-25T11:42:13.184+0000] {processor.py:161} INFO - Started process (PID=924) to work on /home/airflow/.local/lib/python3.12/site-packages/airflow/example_dags/example_skip_dag.py
[2026-03-25T11:42:13.186+0000] {processor.py:830} INFO - Processing file /home/airflow/.local/lib/python3.12/site-packages/airflow/example_dags/example_skip_dag.py for tasks to queue
[2026-03-25T11:42:13.188+0000] {logging_mixin.py:188} INFO - [2026-03-25T11:42:13.187+0000] {dagbag.py:540} INFO - Filling up the DagBag from /home/airflow/.local/lib/python3.12/site-packages/airflow/example_dags/example_skip_dag.py
[2026-03-25T11:42:13.196+0000] {processor.py:840} INFO - DAG(s) 'example_skip_dag' retrieved from /home/airflow/.local/lib/python3.12/site-packages/airflow/example_dags/example_skip_dag.py
[2026-03-25T11:42:13.220+0000] {logging_mixin.py:188} INFO - [2026-03-25T11:42:13.220+0000] {dag.py:3096} INFO - Sync 1 DAGs
[2026-03-25T11:42:13.246+0000] {logging_mixin.py:188} INFO - [2026-03-25T11:42:13.246+0000] {dag.py:3954} INFO - Setting next_dagrun for example_skip_dag to 2026-03-24 00:00:00+00:00, run_after=2026-03-25 00:00:00+00:00
[2026-03-25T11:42:13.294+0000] {processor.py:183} INFO - Processing /home/airflow/.local/lib/python3.12/site-packages/airflow/example_dags/example_skip_dag.py took 0.116 seconds
[2026-03-25T11:42:46.207+0000] {processor.py:161} INFO - Started process (PID=983) to work on /home/airflow/.local/lib/python3.12/site-packages/airflow/example_dags/example_skip_dag.py
[2026-03-25T11:42:46.209+0000] {processor.py:830} INFO - Processing file /home/airflow/.local/lib/python3.12/site-packages/airflow/example_dags/example_skip_dag.py for tasks to queue
[2026-03-25T11:42:46.211+0000] {logging_mixin.py:188} INFO - [2026-03-25T11:42:46.210+0000] {dagbag.py:540} INFO - Filling up the DagBag from /home/airflow/.local/lib/python3.12/site-packages/airflow/example_dags/example_skip_dag.py
[2026-03-25T11:42:46.218+0000] {processor.py:840} INFO - DAG(s) 'example_skip_dag' retrieved from /home/airflow/.local/lib/python3.12/site-packages/airflow/example_dags/example_skip_dag.py
[2026-03-25T11:42:46.245+0000] {logging_mixin.py:188} INFO - [2026-03-25T11:42:46.245+0000] {dag.py:3096} INFO - Sync 1 DAGs
[2026-03-25T11:42:46.276+0000] {logging_mixin.py:188} INFO - [2026-03-25T11:42:46.276+0000] {dag.py:3954} INFO - Setting next_dagrun for example_skip_dag to 2026-03-24 00:00:00+00:00, run_after=2026-03-25 00:00:00+00:00
[2026-03-25T11:42:46.326+0000] {processor.py:183} INFO - Processing /home/airflow/.local/lib/python3.12/site-packages/airflow/example_dags/example_skip_dag.py took 0.125 seconds
[2026-03-25T11:43:19.532+0000] {processor.py:161} INFO - Started process (PID=1048) to work on /home/airflow/.local/lib/python3.12/site-packages/airflow/example_dags/example_skip_dag.py
[2026-03-25T11:43:19.533+0000] {processor.py:830} INFO - Processing file /home/airflow/.local/lib/python3.12/site-packages/airflow/example_dags/example_skip_dag.py for tasks to queue
[2026-03-25T11:43:19.535+0000] {logging_mixin.py:188} INFO - [2026-03-25T11:43:19.535+0000] {dagbag.py:540} INFO - Filling up the DagBag from /home/airflow/.local/lib/python3.12/site-packages/airflow/example_dags/example_skip_dag.py
[2026-03-25T11:43:19.543+0000] {processor.py:840} INFO - DAG(s) 'example_skip_dag' retrieved from /home/airflow/.local/lib/python3.12/site-packages/airflow/example_dags/example_skip_dag.py
[2026-03-25T11:43:19.566+0000] {logging_mixin.py:188} INFO - [2026-03-25T11:43:19.566+0000] {dag.py:3096} INFO - Sync 1 DAGs
[2026-03-25T11:43:19.589+0000] {logging_mixin.py:188} INFO - [2026-03-25T11:43:19.588+0000] {dag.py:3954} INFO - Setting next_dagrun for example_skip_dag to 2026-03-24 00:00:00+00:00, run_after=2026-03-25 00:00:00+00:00
[2026-03-25T11:43:19.637+0000] {processor.py:183} INFO - Processing /home/airflow/.local/lib/python3.12/site-packages/airflow/example_dags/example_skip_dag.py took 0.111 seconds
[2026-03-25T11:43:52.990+0000] {processor.py:161} INFO - Started process (PID=1107) to work on /home/airflow/.local/lib/python3.12/site-packages/airflow/example_dags/example_skip_dag.py
[2026-03-25T11:43:52.991+0000] {processor.py:830} INFO - Processing file /home/airflow/.local/lib/python3.12/site-packages/airflow/example_dags/example_skip_dag.py for tasks to queue
[2026-03-25T11:43:52.993+0000] {logging_mixin.py:188} INFO - [2026-03-25T11:43:52.993+0000] {dagbag.py:540} INFO - Filling up the DagBag from /home/airflow/.local/lib/python3.12/site-packages/airflow/example_dags/example_skip_dag.py
[2026-03-25T11:43:53.004+0000] {processor.py:840} INFO - DAG(s) 'example_skip_dag' retrieved from /home/airflow/.local/lib/python3.12/site-packages/airflow/example_dags/example_skip_dag.py
[2026-03-25T11:43:53.035+0000] {logging_mixin.py:188} INFO - [2026-03-25T11:43:53.035+0000] {dag.py:3096} INFO - Sync 1 DAGs
[2026-03-25T11:43:53.067+0000] {logging_mixin.py:188} INFO - [2026-03-25T11:43:53.067+0000] {dag.py:3954} INFO - Setting next_dagrun for example_skip_dag to 2026-03-24 00:00:00+00:00, run_after=2026-03-25 00:00:00+00:00
[2026-03-25T11:43:53.115+0000] {processor.py:183} INFO - Processing /home/airflow/.local/lib/python3.12/site-packages/airflow/example_dags/example_skip_dag.py took 0.132 seconds
[2026-03-25T11:44:24.211+0000] {processor.py:161} INFO - Started process (PID=1160) to work on /home/airflow/.local/lib/python3.12/site-packages/airflow/example_dags/example_skip_dag.py
[2026-03-25T11:44:24.212+0000] {processor.py:830} INFO - Processing file /home/airflow/.local/lib/python3.12/site-packages/airflow/example_dags/example_skip_dag.py for tasks to queue
[2026-03-25T11:44:24.214+0000] {logging_mixin.py:188} INFO - [2026-03-25T11:44:24.213+0000] {dagbag.py:540} INFO - Filling up the DagBag from /home/airflow/.local/lib/python3.12/site-packages/airflow/example_dags/example_skip_dag.py
[2026-03-25T11:44:24.220+0000] {processor.py:840} INFO - DAG(s) 'example_skip_dag' retrieved from /home/airflow/.local/lib/python3.12/site-packages/airflow/example_dags/example_skip_dag.py
[2026-03-25T11:44:24.244+0000] {logging_mixin.py:188} INFO - [2026-03-25T11:44:24.244+0000] {dag.py:3096} INFO - Sync 1 DAGs
[2026-03-25T11:44:24.274+0000] {logging_mixin.py:188} INFO - [2026-03-25T11:44:24.274+0000] {dag.py:3954} INFO - Setting next_dagrun for example_skip_dag to 2026-03-24 00:00:00+00:00, run_after=2026-03-25 00:00:00+00:00
[2026-03-25T11:44:24.317+0000] {processor.py:183} INFO - Processing /home/airflow/.local/lib/python3.12/site-packages/airflow/example_dags/example_skip_dag.py took 0.112 seconds
[2026-03-25T11:44:57.314+0000] {processor.py:161} INFO - Started process (PID=1219) to work on /home/airflow/.local/lib/python3.12/site-packages/airflow/example_dags/example_skip_dag.py
[2026-03-25T11:44:57.315+0000] {processor.py:830} INFO - Processing file /home/airflow/.local/lib/python3.12/site-packages/airflow/example_dags/example_skip_dag.py for tasks to queue
[2026-03-25T11:44:57.317+0000] {logging_mixin.py:188} INFO - [2026-03-25T11:44:57.316+0000] {dagbag.py:540} INFO - Filling up the DagBag from /home/airflow/.local/lib/python3.12/site-packages/airflow/example_dags/example_skip_dag.py
[2026-03-25T11:44:57.323+0000] {processor.py:840} INFO - DAG(s) 'example_skip_dag' retrieved from /home/airflow/.local/lib/python3.12/site-packages/airflow/example_dags/example_skip_dag.py
[2026-03-25T11:44:57.347+0000] {logging_mixin.py:188} INFO - [2026-03-25T11:44:57.347+0000] {dag.py:3096} INFO - Sync 1 DAGs
[2026-03-25T11:44:57.371+0000] {logging_mixin.py:188} INFO - [2026-03-25T11:44:57.371+0000] {dag.py:3954} INFO - Setting next_dagrun for example_skip_dag to 2026-03-24 00:00:00+00:00, run_after=2026-03-25 00:00:00+00:00
[2026-03-25T11:44:57.415+0000] {processor.py:183} INFO - Processing /home/airflow/.local/lib/python3.12/site-packages/airflow/example_dags/example_skip_dag.py took 0.107 seconds
[2026-03-25T11:45:30.093+0000] {processor.py:161} INFO - Started process (PID=1278) to work on /home/airflow/.local/lib/python3.12/site-packages/airflow/example_dags/example_skip_dag.py
[2026-03-25T11:45:30.095+0000] {processor.py:830} INFO - Processing file /home/airflow/.local/lib/python3.12/site-packages/airflow/example_dags/example_skip_dag.py for tasks to queue
[2026-03-25T11:45:30.106+0000] {logging_mixin.py:188} INFO - [2026-03-25T11:45:30.105+0000] {dagbag.py:540} INFO - Filling up the DagBag from /home/airflow/.local/lib/python3.12/site-packages/airflow/example_dags/example_skip_dag.py
[2026-03-25T11:45:30.142+0000] {processor.py:840} INFO - DAG(s) 'example_skip_dag' retrieved from /home/airflow/.local/lib/python3.12/site-packages/airflow/example_dags/example_skip_dag.py
[2026-03-25T11:45:30.203+0000] {logging_mixin.py:188} INFO - [2026-03-25T11:45:30.203+0000] {dag.py:3096} INFO - Sync 1 DAGs
[2026-03-25T11:45:30.256+0000] {logging_mixin.py:188} INFO - [2026-03-25T11:45:30.256+0000] {dag.py:3954} INFO - Setting next_dagrun for example_skip_dag to 2026-03-24 00:00:00+00:00, run_after=2026-03-25 00:00:00+00:00
[2026-03-25T11:45:30.335+0000] {processor.py:183} INFO - Processing /home/airflow/.local/lib/python3.12/site-packages/airflow/example_dags/example_skip_dag.py took 0.251 seconds
[2026-03-25T11:46:02.526+0000] {processor.py:161} INFO - Started process (PID=1337) to work on /home/airflow/.local/lib/python3.12/site-packages/airflow/example_dags/example_skip_dag.py
[2026-03-25T11:46:02.527+0000] {processor.py:830} INFO - Processing file /home/airflow/.local/lib/python3.12/site-packages/airflow/example_dags/example_skip_dag.py for tasks to queue
[2026-03-25T11:46:02.529+0000] {logging_mixin.py:188} INFO - [2026-03-25T11:46:02.529+0000] {dagbag.py:540} INFO - Filling up the DagBag from /home/airflow/.local/lib/python3.12/site-packages/airflow/example_dags/example_skip_dag.py
[2026-03-25T11:46:02.536+0000] {processor.py:840} INFO - DAG(s) 'example_skip_dag' retrieved from /home/airflow/.local/lib/python3.12/site-packages/airflow/example_dags/example_skip_dag.py
[2026-03-25T11:46:02.559+0000] {logging_mixin.py:188} INFO - [2026-03-25T11:46:02.559+0000] {dag.py:3096} INFO - Sync 1 DAGs
[2026-03-25T11:46:02.582+0000] {logging_mixin.py:188} INFO - [2026-03-25T11:46:02.582+0000] {dag.py:3954} INFO - Setting next_dagrun for example_skip_dag to 2026-03-24 00:00:00+00:00, run_after=2026-03-25 00:00:00+00:00
[2026-03-25T11:46:02.623+0000] {processor.py:183} INFO - Processing /home/airflow/.local/lib/python3.12/site-packages/airflow/example_dags/example_skip_dag.py took 0.104 seconds
[2026-03-25T11:46:36.085+0000] {processor.py:161} INFO - Started process (PID=1396) to work on /home/airflow/.local/lib/python3.12/site-packages/airflow/example_dags/example_skip_dag.py
[2026-03-25T11:46:36.087+0000] {processor.py:830} INFO - Processing file /home/airflow/.local/lib/python3.12/site-packages/airflow/example_dags/example_skip_dag.py for tasks to queue
[2026-03-25T11:46:36.091+0000] {logging_mixin.py:188} INFO - [2026-03-25T11:46:36.090+0000] {dagbag.py:540} INFO - Filling up the DagBag from /home/airflow/.local/lib/python3.12/site-packages/airflow/example_dags/example_skip_dag.py
[2026-03-25T11:46:36.099+0000] {processor.py:840} INFO - DAG(s) 'example_skip_dag' retrieved from /home/airflow/.local/lib/python3.12/site-packages/airflow/example_dags/example_skip_dag.py
[2026-03-25T11:46:36.127+0000] {logging_mixin.py:188} INFO - [2026-03-25T11:46:36.126+0000] {dag.py:3096} INFO - Sync 1 DAGs
[2026-03-25T11:46:36.156+0000] {logging_mixin.py:188} INFO - [2026-03-25T11:46:36.155+0000] {dag.py:3954} INFO - Setting next_dagrun for example_skip_dag to 2026-03-24 00:00:00+00:00, run_after=2026-03-25 00:00:00+00:00
[2026-03-25T11:46:36.202+0000] {processor.py:183} INFO - Processing /home/airflow/.local/lib/python3.12/site-packages/airflow/example_dags/example_skip_dag.py took 0.125 seconds
[2026-03-25T11:47:10.872+0000] {processor.py:161} INFO - Started process (PID=1462) to work on /home/airflow/.local/lib/python3.12/site-packages/airflow/example_dags/example_skip_dag.py
[2026-03-25T11:47:10.873+0000] {processor.py:830} INFO - Processing file /home/airflow/.local/lib/python3.12/site-packages/airflow/example_dags/example_skip_dag.py for tasks to queue
[2026-03-25T11:47:10.877+0000] {logging_mixin.py:188} INFO - [2026-03-25T11:47:10.877+0000] {dagbag.py:540} INFO - Filling up the DagBag from /home/airflow/.local/lib/python3.12/site-packages/airflow/example_dags/example_skip_dag.py
[2026-03-25T11:47:10.892+0000] {processor.py:840} INFO - DAG(s) 'example_skip_dag' retrieved from /home/airflow/.local/lib/python3.12/site-packages/airflow/example_dags/example_skip_dag.py
[2026-03-25T11:47:10.933+0000] {logging_mixin.py:188} INFO - [2026-03-25T11:47:10.933+0000] {dag.py:3096} INFO - Sync 1 DAGs
[2026-03-25T11:47:10.972+0000] {logging_mixin.py:188} INFO - [2026-03-25T11:47:10.971+0000] {dag.py:3954} INFO - Setting next_dagrun for example_skip_dag to 2026-03-24 00:00:00+00:00, run_after=2026-03-25 00:00:00+00:00
[2026-03-25T11:47:11.040+0000] {processor.py:183} INFO - Processing /home/airflow/.local/lib/python3.12/site-packages/airflow/example_dags/example_skip_dag.py took 0.177 seconds
[2026-03-25T11:47:43.734+0000] {processor.py:161} INFO - Started process (PID=1521) to work on /home/airflow/.local/lib/python3.12/site-packages/airflow/example_dags/example_skip_dag.py
[2026-03-25T11:47:43.735+0000] {processor.py:830} INFO - Processing file /home/airflow/.local/lib/python3.12/site-packages/airflow/example_dags/example_skip_dag.py for tasks to queue
[2026-03-25T11:47:43.738+0000] {logging_mixin.py:188} INFO - [2026-03-25T11:47:43.737+0000] {dagbag.py:540} INFO - Filling up the DagBag from /home/airflow/.local/lib/python3.12/site-packages/airflow/example_dags/example_skip_dag.py
[2026-03-25T11:47:43.746+0000] {processor.py:840} INFO - DAG(s) 'example_skip_dag' retrieved from /home/airflow/.local/lib/python3.12/site-packages/airflow/example_dags/example_skip_dag.py
[2026-03-25T11:47:43.776+0000] {logging_mixin.py:188} INFO - [2026-03-25T11:47:43.775+0000] {dag.py:3096} INFO - Sync 1 DAGs
[2026-03-25T11:47:43.821+0000] {logging_mixin.py:188} INFO - [2026-03-25T11:47:43.821+0000] {dag.py:3954} INFO - Setting next_dagrun for example_skip_dag to 2026-03-24 00:00:00+00:00, run_after=2026-03-25 00:00:00+00:00
[2026-03-25T11:47:43.895+0000] {processor.py:183} INFO - Processing /home/airflow/.local/lib/python3.12/site-packages/airflow/example_dags/example_skip_dag.py took 0.168 seconds
[2026-03-25T11:48:14.048+0000] {processor.py:161} INFO - Started process (PID=1574) to work on /home/airflow/.local/lib/python3.12/site-packages/airflow/example_dags/example_skip_dag.py
[2026-03-25T11:48:14.050+0000] {processor.py:830} INFO - Processing file /home/airflow/.local/lib/python3.12/site-packages/airflow/example_dags/example_skip_dag.py for tasks to queue
[2026-03-25T11:48:14.053+0000] {logging_mixin.py:188} INFO - [2026-03-25T11:48:14.052+0000] {dagbag.py:540} INFO - Filling up the DagBag from /home/airflow/.local/lib/python3.12/site-packages/airflow/example_dags/example_skip_dag.py
[2026-03-25T11:48:14.061+0000] {processor.py:840} INFO - DAG(s) 'example_skip_dag' retrieved from /home/airflow/.local/lib/python3.12/site-packages/airflow/example_dags/example_skip_dag.py
[2026-03-25T11:48:14.088+0000] {logging_mixin.py:188} INFO - [2026-03-25T11:48:14.087+0000] {dag.py:3096} INFO - Sync 1 DAGs
[2026-03-25T11:48:14.115+0000] {logging_mixin.py:188} INFO - [2026-03-25T11:48:14.115+0000] {dag.py:3954} INFO - Setting next_dagrun for example_skip_dag to 2026-03-24 00:00:00+00:00, run_after=2026-03-25 00:00:00+00:00
[2026-03-25T11:48:14.162+0000] {processor.py:183} INFO - Processing /home/airflow/.local/lib/python3.12/site-packages/airflow/example_dags/example_skip_dag.py took 0.121 seconds
[2026-03-25T11:48:46.086+0000] {processor.py:161} INFO - Started process (PID=1633) to work on /home/airflow/.local/lib/python3.12/site-packages/airflow/example_dags/example_skip_dag.py
[2026-03-25T11:48:46.087+0000] {processor.py:830} INFO - Processing file /home/airflow/.local/lib/python3.12/site-packages/airflow/example_dags/example_skip_dag.py for tasks to queue
[2026-03-25T11:48:46.089+0000] {logging_mixin.py:188} INFO - [2026-03-25T11:48:46.089+0000] {dagbag.py:540} INFO - Filling up the DagBag from /home/airflow/.local/lib/python3.12/site-packages/airflow/example_dags/example_skip_dag.py
[2026-03-25T11:48:46.097+0000] {processor.py:840} INFO - DAG(s) 'example_skip_dag' retrieved from /home/airflow/.local/lib/python3.12/site-packages/airflow/example_dags/example_skip_dag.py
[2026-03-25T11:48:46.119+0000] {logging_mixin.py:188} INFO - [2026-03-25T11:48:46.119+0000] {dag.py:3096} INFO - Sync 1 DAGs
[2026-03-25T11:48:46.147+0000] {logging_mixin.py:188} INFO - [2026-03-25T11:48:46.147+0000] {dag.py:3954} INFO - Setting next_dagrun for example_skip_dag to 2026-03-24 00:00:00+00:00, run_after=2026-03-25 00:00:00+00:00
[2026-03-25T11:48:46.188+0000] {processor.py:183} INFO - Processing /home/airflow/.local/lib/python3.12/site-packages/airflow/example_dags/example_skip_dag.py took 0.109 seconds
[2026-03-25T11:49:19.318+0000] {processor.py:161} INFO - Started process (PID=1692) to work on /home/airflow/.local/lib/python3.12/site-packages/airflow/example_dags/example_skip_dag.py
[2026-03-25T11:49:19.322+0000] {processor.py:830} INFO - Processing file /home/airflow/.local/lib/python3.12/site-packages/airflow/example_dags/example_skip_dag.py for tasks to queue
[2026-03-25T11:49:19.331+0000] {logging_mixin.py:188} INFO - [2026-03-25T11:49:19.330+0000] {dagbag.py:540} INFO - Filling up the DagBag from /home/airflow/.local/lib/python3.12/site-packages/airflow/example_dags/example_skip_dag.py
[2026-03-25T11:49:19.364+0000] {processor.py:840} INFO - DAG(s) 'example_skip_dag' retrieved from /home/airflow/.local/lib/python3.12/site-packages/airflow/example_dags/example_skip_dag.py
[2026-03-25T11:49:19.475+0000] {logging_mixin.py:188} INFO - [2026-03-25T11:49:19.474+0000] {dag.py:3096} INFO - Sync 1 DAGs
[2026-03-25T11:49:19.583+0000] {logging_mixin.py:188} INFO - [2026-03-25T11:49:19.582+0000] {dag.py:3954} INFO - Setting next_dagrun for example_skip_dag to 2026-03-24 00:00:00+00:00, run_after=2026-03-25 00:00:00+00:00
[2026-03-25T11:49:19.688+0000] {processor.py:183} INFO - Processing /home/airflow/.local/lib/python3.12/site-packages/airflow/example_dags/example_skip_dag.py took 0.398 seconds
[2026-03-25T11:49:53.818+0000] {processor.py:161} INFO - Started process (PID=1757) to work on /home/airflow/.local/lib/python3.12/site-packages/airflow/example_dags/example_skip_dag.py
[2026-03-25T11:49:53.820+0000] {processor.py:830} INFO - Processing file /home/airflow/.local/lib/python3.12/site-packages/airflow/example_dags/example_skip_dag.py for tasks to queue
[2026-03-25T11:49:53.822+0000] {logging_mixin.py:188} INFO - [2026-03-25T11:49:53.821+0000] {dagbag.py:540} INFO - Filling up the DagBag from /home/airflow/.local/lib/python3.12/site-packages/airflow/example_dags/example_skip_dag.py
[2026-03-25T11:49:53.830+0000] {processor.py:840} INFO - DAG(s) 'example_skip_dag' retrieved from /home/airflow/.local/lib/python3.12/site-packages/airflow/example_dags/example_skip_dag.py
[2026-03-25T11:49:53.856+0000] {logging_mixin.py:188} INFO - [2026-03-25T11:49:53.856+0000] {dag.py:3096} INFO - Sync 1 DAGs
[2026-03-25T11:49:53.883+0000] {logging_mixin.py:188} INFO - [2026-03-25T11:49:53.883+0000] {dag.py:3954} INFO - Setting next_dagrun for example_skip_dag to 2026-03-24 00:00:00+00:00, run_after=2026-03-25 00:00:00+00:00
[2026-03-25T11:49:53.934+0000] {processor.py:183} INFO - Processing /home/airflow/.local/lib/python3.12/site-packages/airflow/example_dags/example_skip_dag.py took 0.122 seconds
[2026-03-25T11:50:24.504+0000] {processor.py:161} INFO - Started process (PID=1810) to work on /home/airflow/.local/lib/python3.12/site-packages/airflow/example_dags/example_skip_dag.py
[2026-03-25T11:50:24.505+0000] {processor.py:830} INFO - Processing file /home/airflow/.local/lib/python3.12/site-packages/airflow/example_dags/example_skip_dag.py for tasks to queue
[2026-03-25T11:50:24.507+0000] {logging_mixin.py:188} INFO - [2026-03-25T11:50:24.507+0000] {dagbag.py:540} INFO - Filling up the DagBag from /home/airflow/.local/lib/python3.12/site-packages/airflow/example_dags/example_skip_dag.py
[2026-03-25T11:50:24.515+0000] {processor.py:840} INFO - DAG(s) 'example_skip_dag' retrieved from /home/airflow/.local/lib/python3.12/site-packages/airflow/example_dags/example_skip_dag.py
[2026-03-25T11:50:24.540+0000] {logging_mixin.py:188} INFO - [2026-03-25T11:50:24.540+0000] {dag.py:3096} INFO - Sync 1 DAGs
[2026-03-25T11:50:24.568+0000] {logging_mixin.py:188} INFO - [2026-03-25T11:50:24.567+0000] {dag.py:3954} INFO - Setting next_dagrun for example_skip_dag to 2026-03-24 00:00:00+00:00, run_after=2026-03-25 00:00:00+00:00
[2026-03-25T11:50:24.607+0000] {processor.py:183} INFO - Processing /home/airflow/.local/lib/python3.12/site-packages/airflow/example_dags/example_skip_dag.py took 0.110 seconds
