[2026-03-25T11:15:29.636+0000] {processor.py:161} INFO - Started process (PID=69) to work on /home/airflow/.local/lib/python3.12/site-packages/airflow/example_dags/tutorial.py
[2026-03-25T11:15:29.637+0000] {processor.py:830} INFO - Processing file /home/airflow/.local/lib/python3.12/site-packages/airflow/example_dags/tutorial.py for tasks to queue
[2026-03-25T11:15:29.639+0000] {logging_mixin.py:188} INFO - [2026-03-25T11:15:29.639+0000] {dagbag.py:540} INFO - Filling up the DagBag from /home/airflow/.local/lib/python3.12/site-packages/airflow/example_dags/tutorial.py
[2026-03-25T11:15:29.647+0000] {processor.py:840} INFO - DAG(s) 'tutorial' retrieved from /home/airflow/.local/lib/python3.12/site-packages/airflow/example_dags/tutorial.py
[2026-03-25T11:15:29.844+0000] {logging_mixin.py:188} INFO - [2026-03-25T11:15:29.844+0000] {dag.py:3096} INFO - Sync 1 DAGs
[2026-03-25T11:15:29.870+0000] {logging_mixin.py:188} INFO - [2026-03-25T11:15:29.870+0000] {dag.py:3954} INFO - Setting next_dagrun for tutorial to 2026-03-24 00:00:00+00:00, run_after=2026-03-25 00:00:00+00:00
[2026-03-25T11:15:29.927+0000] {processor.py:183} INFO - Processing /home/airflow/.local/lib/python3.12/site-packages/airflow/example_dags/tutorial.py took 0.298 seconds
[2026-03-25T11:16:00.658+0000] {processor.py:161} INFO - Started process (PID=128) to work on /home/airflow/.local/lib/python3.12/site-packages/airflow/example_dags/tutorial.py
[2026-03-25T11:16:00.659+0000] {processor.py:830} INFO - Processing file /home/airflow/.local/lib/python3.12/site-packages/airflow/example_dags/tutorial.py for tasks to queue
[2026-03-25T11:16:00.661+0000] {logging_mixin.py:188} INFO - [2026-03-25T11:16:00.661+0000] {dagbag.py:540} INFO - Filling up the DagBag from /home/airflow/.local/lib/python3.12/site-packages/airflow/example_dags/tutorial.py
[2026-03-25T11:16:00.667+0000] {processor.py:840} INFO - DAG(s) 'tutorial' retrieved from /home/airflow/.local/lib/python3.12/site-packages/airflow/example_dags/tutorial.py
[2026-03-25T11:16:00.686+0000] {logging_mixin.py:188} INFO - [2026-03-25T11:16:00.686+0000] {dag.py:3096} INFO - Sync 1 DAGs
[2026-03-25T11:16:00.710+0000] {logging_mixin.py:188} INFO - [2026-03-25T11:16:00.710+0000] {dag.py:3954} INFO - Setting next_dagrun for tutorial to 2026-03-24 00:00:00+00:00, run_after=2026-03-25 00:00:00+00:00
[2026-03-25T11:16:00.796+0000] {processor.py:183} INFO - Processing /home/airflow/.local/lib/python3.12/site-packages/airflow/example_dags/tutorial.py took 0.143 seconds
[2026-03-25T11:16:33.844+0000] {processor.py:161} INFO - Started process (PID=187) to work on /home/airflow/.local/lib/python3.12/site-packages/airflow/example_dags/tutorial.py
[2026-03-25T11:16:33.845+0000] {processor.py:830} INFO - Processing file /home/airflow/.local/lib/python3.12/site-packages/airflow/example_dags/tutorial.py for tasks to queue
[2026-03-25T11:16:33.849+0000] {logging_mixin.py:188} INFO - [2026-03-25T11:16:33.848+0000] {dagbag.py:540} INFO - Filling up the DagBag from /home/airflow/.local/lib/python3.12/site-packages/airflow/example_dags/tutorial.py
[2026-03-25T11:16:33.861+0000] {processor.py:840} INFO - DAG(s) 'tutorial' retrieved from /home/airflow/.local/lib/python3.12/site-packages/airflow/example_dags/tutorial.py
[2026-03-25T11:16:33.896+0000] {logging_mixin.py:188} INFO - [2026-03-25T11:16:33.896+0000] {dag.py:3096} INFO - Sync 1 DAGs
[2026-03-25T11:16:33.951+0000] {logging_mixin.py:188} INFO - [2026-03-25T11:16:33.951+0000] {dag.py:3954} INFO - Setting next_dagrun for tutorial to 2026-03-24 00:00:00+00:00, run_after=2026-03-25 00:00:00+00:00
[2026-03-25T11:16:34.001+0000] {processor.py:183} INFO - Processing /home/airflow/.local/lib/python3.12/site-packages/airflow/example_dags/tutorial.py took 0.167 seconds
[2026-03-25T11:17:07.335+0000] {processor.py:161} INFO - Started process (PID=246) to work on /home/airflow/.local/lib/python3.12/site-packages/airflow/example_dags/tutorial.py
[2026-03-25T11:17:07.336+0000] {processor.py:830} INFO - Processing file /home/airflow/.local/lib/python3.12/site-packages/airflow/example_dags/tutorial.py for tasks to queue
[2026-03-25T11:17:07.339+0000] {logging_mixin.py:188} INFO - [2026-03-25T11:17:07.338+0000] {dagbag.py:540} INFO - Filling up the DagBag from /home/airflow/.local/lib/python3.12/site-packages/airflow/example_dags/tutorial.py
[2026-03-25T11:17:07.345+0000] {processor.py:840} INFO - DAG(s) 'tutorial' retrieved from /home/airflow/.local/lib/python3.12/site-packages/airflow/example_dags/tutorial.py
[2026-03-25T11:17:07.480+0000] {logging_mixin.py:188} INFO - [2026-03-25T11:17:07.480+0000] {dag.py:3096} INFO - Sync 1 DAGs
[2026-03-25T11:17:07.501+0000] {logging_mixin.py:188} INFO - [2026-03-25T11:17:07.501+0000] {dag.py:3954} INFO - Setting next_dagrun for tutorial to 2026-03-24 00:00:00+00:00, run_after=2026-03-25 00:00:00+00:00
[2026-03-25T11:17:07.544+0000] {processor.py:183} INFO - Processing /home/airflow/.local/lib/python3.12/site-packages/airflow/example_dags/tutorial.py took 0.214 seconds
[2026-03-25T11:17:37.848+0000] {processor.py:161} INFO - Started process (PID=305) to work on /home/airflow/.local/lib/python3.12/site-packages/airflow/example_dags/tutorial.py
[2026-03-25T11:17:37.849+0000] {processor.py:830} INFO - Processing file /home/airflow/.local/lib/python3.12/site-packages/airflow/example_dags/tutorial.py for tasks to queue
[2026-03-25T11:17:37.850+0000] {logging_mixin.py:188} INFO - [2026-03-25T11:17:37.850+0000] {dagbag.py:540} INFO - Filling up the DagBag from /home/airflow/.local/lib/python3.12/site-packages/airflow/example_dags/tutorial.py
[2026-03-25T11:17:37.856+0000] {processor.py:840} INFO - DAG(s) 'tutorial' retrieved from /home/airflow/.local/lib/python3.12/site-packages/airflow/example_dags/tutorial.py
[2026-03-25T11:17:37.877+0000] {logging_mixin.py:188} INFO - [2026-03-25T11:17:37.877+0000] {dag.py:3096} INFO - Sync 1 DAGs
[2026-03-25T11:17:37.899+0000] {logging_mixin.py:188} INFO - [2026-03-25T11:17:37.899+0000] {dag.py:3954} INFO - Setting next_dagrun for tutorial to 2026-03-24 00:00:00+00:00, run_after=2026-03-25 00:00:00+00:00
[2026-03-25T11:17:37.940+0000] {processor.py:183} INFO - Processing /home/airflow/.local/lib/python3.12/site-packages/airflow/example_dags/tutorial.py took 0.098 seconds
[2026-03-25T11:18:08.505+0000] {processor.py:161} INFO - Started process (PID=358) to work on /home/airflow/.local/lib/python3.12/site-packages/airflow/example_dags/tutorial.py
[2026-03-25T11:18:08.506+0000] {processor.py:830} INFO - Processing file /home/airflow/.local/lib/python3.12/site-packages/airflow/example_dags/tutorial.py for tasks to queue
[2026-03-25T11:18:08.508+0000] {logging_mixin.py:188} INFO - [2026-03-25T11:18:08.507+0000] {dagbag.py:540} INFO - Filling up the DagBag from /home/airflow/.local/lib/python3.12/site-packages/airflow/example_dags/tutorial.py
[2026-03-25T11:18:08.514+0000] {processor.py:840} INFO - DAG(s) 'tutorial' retrieved from /home/airflow/.local/lib/python3.12/site-packages/airflow/example_dags/tutorial.py
[2026-03-25T11:18:08.534+0000] {logging_mixin.py:188} INFO - [2026-03-25T11:18:08.534+0000] {dag.py:3096} INFO - Sync 1 DAGs
[2026-03-25T11:18:08.556+0000] {logging_mixin.py:188} INFO - [2026-03-25T11:18:08.555+0000] {dag.py:3954} INFO - Setting next_dagrun for tutorial to 2026-03-24 00:00:00+00:00, run_after=2026-03-25 00:00:00+00:00
[2026-03-25T11:18:08.598+0000] {processor.py:183} INFO - Processing /home/airflow/.local/lib/python3.12/site-packages/airflow/example_dags/tutorial.py took 0.099 seconds
[2026-03-25T11:18:38.813+0000] {processor.py:161} INFO - Started process (PID=417) to work on /home/airflow/.local/lib/python3.12/site-packages/airflow/example_dags/tutorial.py
[2026-03-25T11:18:38.814+0000] {processor.py:830} INFO - Processing file /home/airflow/.local/lib/python3.12/site-packages/airflow/example_dags/tutorial.py for tasks to queue
[2026-03-25T11:18:38.817+0000] {logging_mixin.py:188} INFO - [2026-03-25T11:18:38.817+0000] {dagbag.py:540} INFO - Filling up the DagBag from /home/airflow/.local/lib/python3.12/site-packages/airflow/example_dags/tutorial.py
[2026-03-25T11:18:38.824+0000] {processor.py:840} INFO - DAG(s) 'tutorial' retrieved from /home/airflow/.local/lib/python3.12/site-packages/airflow/example_dags/tutorial.py
[2026-03-25T11:18:38.849+0000] {logging_mixin.py:188} INFO - [2026-03-25T11:18:38.848+0000] {dag.py:3096} INFO - Sync 1 DAGs
[2026-03-25T11:18:38.879+0000] {logging_mixin.py:188} INFO - [2026-03-25T11:18:38.879+0000] {dag.py:3954} INFO - Setting next_dagrun for tutorial to 2026-03-24 00:00:00+00:00, run_after=2026-03-25 00:00:00+00:00
[2026-03-25T11:18:38.931+0000] {processor.py:183} INFO - Processing /home/airflow/.local/lib/python3.12/site-packages/airflow/example_dags/tutorial.py took 0.125 seconds
[2026-03-25T11:19:09.381+0000] {processor.py:161} INFO - Started process (PID=476) to work on /home/airflow/.local/lib/python3.12/site-packages/airflow/example_dags/tutorial.py
[2026-03-25T11:19:09.382+0000] {processor.py:830} INFO - Processing file /home/airflow/.local/lib/python3.12/site-packages/airflow/example_dags/tutorial.py for tasks to queue
[2026-03-25T11:19:09.384+0000] {logging_mixin.py:188} INFO - [2026-03-25T11:19:09.384+0000] {dagbag.py:540} INFO - Filling up the DagBag from /home/airflow/.local/lib/python3.12/site-packages/airflow/example_dags/tutorial.py
[2026-03-25T11:19:09.390+0000] {processor.py:840} INFO - DAG(s) 'tutorial' retrieved from /home/airflow/.local/lib/python3.12/site-packages/airflow/example_dags/tutorial.py
[2026-03-25T11:19:09.410+0000] {logging_mixin.py:188} INFO - [2026-03-25T11:19:09.410+0000] {dag.py:3096} INFO - Sync 1 DAGs
[2026-03-25T11:19:09.431+0000] {logging_mixin.py:188} INFO - [2026-03-25T11:19:09.431+0000] {dag.py:3954} INFO - Setting next_dagrun for tutorial to 2026-03-24 00:00:00+00:00, run_after=2026-03-25 00:00:00+00:00
[2026-03-25T11:19:09.466+0000] {processor.py:183} INFO - Processing /home/airflow/.local/lib/python3.12/site-packages/airflow/example_dags/tutorial.py took 0.090 seconds
[2026-03-25T11:19:39.840+0000] {processor.py:161} INFO - Started process (PID=535) to work on /home/airflow/.local/lib/python3.12/site-packages/airflow/example_dags/tutorial.py
[2026-03-25T11:19:39.842+0000] {processor.py:830} INFO - Processing file /home/airflow/.local/lib/python3.12/site-packages/airflow/example_dags/tutorial.py for tasks to queue
[2026-03-25T11:19:39.845+0000] {logging_mixin.py:188} INFO - [2026-03-25T11:19:39.845+0000] {dagbag.py:540} INFO - Filling up the DagBag from /home/airflow/.local/lib/python3.12/site-packages/airflow/example_dags/tutorial.py
[2026-03-25T11:19:39.852+0000] {processor.py:840} INFO - DAG(s) 'tutorial' retrieved from /home/airflow/.local/lib/python3.12/site-packages/airflow/example_dags/tutorial.py
[2026-03-25T11:19:39.878+0000] {logging_mixin.py:188} INFO - [2026-03-25T11:19:39.878+0000] {dag.py:3096} INFO - Sync 1 DAGs
[2026-03-25T11:19:39.905+0000] {logging_mixin.py:188} INFO - [2026-03-25T11:19:39.905+0000] {dag.py:3954} INFO - Setting next_dagrun for tutorial to 2026-03-24 00:00:00+00:00, run_after=2026-03-25 00:00:00+00:00
[2026-03-25T11:19:39.955+0000] {processor.py:183} INFO - Processing /home/airflow/.local/lib/python3.12/site-packages/airflow/example_dags/tutorial.py took 0.123 seconds
[2026-03-25T11:20:10.184+0000] {processor.py:161} INFO - Started process (PID=594) to work on /home/airflow/.local/lib/python3.12/site-packages/airflow/example_dags/tutorial.py
[2026-03-25T11:20:10.185+0000] {processor.py:830} INFO - Processing file /home/airflow/.local/lib/python3.12/site-packages/airflow/example_dags/tutorial.py for tasks to queue
[2026-03-25T11:20:10.187+0000] {logging_mixin.py:188} INFO - [2026-03-25T11:20:10.186+0000] {dagbag.py:540} INFO - Filling up the DagBag from /home/airflow/.local/lib/python3.12/site-packages/airflow/example_dags/tutorial.py
[2026-03-25T11:20:10.193+0000] {processor.py:840} INFO - DAG(s) 'tutorial' retrieved from /home/airflow/.local/lib/python3.12/site-packages/airflow/example_dags/tutorial.py
[2026-03-25T11:20:10.214+0000] {logging_mixin.py:188} INFO - [2026-03-25T11:20:10.214+0000] {dag.py:3096} INFO - Sync 1 DAGs
[2026-03-25T11:20:10.243+0000] {logging_mixin.py:188} INFO - [2026-03-25T11:20:10.243+0000] {dag.py:3954} INFO - Setting next_dagrun for tutorial to 2026-03-24 00:00:00+00:00, run_after=2026-03-25 00:00:00+00:00
[2026-03-25T11:20:10.295+0000] {processor.py:183} INFO - Processing /home/airflow/.local/lib/python3.12/site-packages/airflow/example_dags/tutorial.py took 0.117 seconds
[2026-03-25T11:20:42.264+0000] {processor.py:161} INFO - Started process (PID=653) to work on /home/airflow/.local/lib/python3.12/site-packages/airflow/example_dags/tutorial.py
[2026-03-25T11:20:42.268+0000] {processor.py:830} INFO - Processing file /home/airflow/.local/lib/python3.12/site-packages/airflow/example_dags/tutorial.py for tasks to queue
[2026-03-25T11:20:42.278+0000] {logging_mixin.py:188} INFO - [2026-03-25T11:20:42.276+0000] {dagbag.py:540} INFO - Filling up the DagBag from /home/airflow/.local/lib/python3.12/site-packages/airflow/example_dags/tutorial.py
[2026-03-25T11:20:42.305+0000] {processor.py:840} INFO - DAG(s) 'tutorial' retrieved from /home/airflow/.local/lib/python3.12/site-packages/airflow/example_dags/tutorial.py
[2026-03-25T11:20:42.405+0000] {logging_mixin.py:188} INFO - [2026-03-25T11:20:42.404+0000] {dag.py:3096} INFO - Sync 1 DAGs
[2026-03-25T11:20:42.514+0000] {logging_mixin.py:188} INFO - [2026-03-25T11:20:42.513+0000] {dag.py:3954} INFO - Setting next_dagrun for tutorial to 2026-03-24 00:00:00+00:00, run_after=2026-03-25 00:00:00+00:00
[2026-03-25T11:20:42.669+0000] {processor.py:183} INFO - Processing /home/airflow/.local/lib/python3.12/site-packages/airflow/example_dags/tutorial.py took 0.443 seconds
[2026-03-25T11:21:13.502+0000] {processor.py:161} INFO - Started process (PID=712) to work on /home/airflow/.local/lib/python3.12/site-packages/airflow/example_dags/tutorial.py
[2026-03-25T11:21:13.503+0000] {processor.py:830} INFO - Processing file /home/airflow/.local/lib/python3.12/site-packages/airflow/example_dags/tutorial.py for tasks to queue
[2026-03-25T11:21:13.505+0000] {logging_mixin.py:188} INFO - [2026-03-25T11:21:13.505+0000] {dagbag.py:540} INFO - Filling up the DagBag from /home/airflow/.local/lib/python3.12/site-packages/airflow/example_dags/tutorial.py
[2026-03-25T11:21:13.511+0000] {processor.py:840} INFO - DAG(s) 'tutorial' retrieved from /home/airflow/.local/lib/python3.12/site-packages/airflow/example_dags/tutorial.py
[2026-03-25T11:21:13.530+0000] {logging_mixin.py:188} INFO - [2026-03-25T11:21:13.530+0000] {dag.py:3096} INFO - Sync 1 DAGs
[2026-03-25T11:21:13.551+0000] {logging_mixin.py:188} INFO - [2026-03-25T11:21:13.551+0000] {dag.py:3954} INFO - Setting next_dagrun for tutorial to 2026-03-24 00:00:00+00:00, run_after=2026-03-25 00:00:00+00:00
[2026-03-25T11:21:13.592+0000] {processor.py:183} INFO - Processing /home/airflow/.local/lib/python3.12/site-packages/airflow/example_dags/tutorial.py took 0.095 seconds
[2026-03-25T11:21:44.236+0000] {processor.py:161} INFO - Started process (PID=771) to work on /home/airflow/.local/lib/python3.12/site-packages/airflow/example_dags/tutorial.py
[2026-03-25T11:21:44.237+0000] {processor.py:830} INFO - Processing file /home/airflow/.local/lib/python3.12/site-packages/airflow/example_dags/tutorial.py for tasks to queue
[2026-03-25T11:21:44.239+0000] {logging_mixin.py:188} INFO - [2026-03-25T11:21:44.239+0000] {dagbag.py:540} INFO - Filling up the DagBag from /home/airflow/.local/lib/python3.12/site-packages/airflow/example_dags/tutorial.py
[2026-03-25T11:21:44.245+0000] {processor.py:840} INFO - DAG(s) 'tutorial' retrieved from /home/airflow/.local/lib/python3.12/site-packages/airflow/example_dags/tutorial.py
[2026-03-25T11:21:44.266+0000] {logging_mixin.py:188} INFO - [2026-03-25T11:21:44.266+0000] {dag.py:3096} INFO - Sync 1 DAGs
[2026-03-25T11:21:44.291+0000] {logging_mixin.py:188} INFO - [2026-03-25T11:21:44.291+0000] {dag.py:3954} INFO - Setting next_dagrun for tutorial to 2026-03-24 00:00:00+00:00, run_after=2026-03-25 00:00:00+00:00
[2026-03-25T11:21:44.370+0000] {processor.py:183} INFO - Processing /home/airflow/.local/lib/python3.12/site-packages/airflow/example_dags/tutorial.py took 0.139 seconds
[2026-03-25T11:22:14.990+0000] {processor.py:161} INFO - Started process (PID=830) to work on /home/airflow/.local/lib/python3.12/site-packages/airflow/example_dags/tutorial.py
[2026-03-25T11:22:14.991+0000] {processor.py:830} INFO - Processing file /home/airflow/.local/lib/python3.12/site-packages/airflow/example_dags/tutorial.py for tasks to queue
[2026-03-25T11:22:14.995+0000] {logging_mixin.py:188} INFO - [2026-03-25T11:22:14.994+0000] {dagbag.py:540} INFO - Filling up the DagBag from /home/airflow/.local/lib/python3.12/site-packages/airflow/example_dags/tutorial.py
[2026-03-25T11:22:15.004+0000] {processor.py:840} INFO - DAG(s) 'tutorial' retrieved from /home/airflow/.local/lib/python3.12/site-packages/airflow/example_dags/tutorial.py
[2026-03-25T11:22:15.031+0000] {logging_mixin.py:188} INFO - [2026-03-25T11:22:15.030+0000] {dag.py:3096} INFO - Sync 1 DAGs
[2026-03-25T11:22:15.063+0000] {logging_mixin.py:188} INFO - [2026-03-25T11:22:15.063+0000] {dag.py:3954} INFO - Setting next_dagrun for tutorial to 2026-03-24 00:00:00+00:00, run_after=2026-03-25 00:00:00+00:00
[2026-03-25T11:22:15.130+0000] {processor.py:183} INFO - Processing /home/airflow/.local/lib/python3.12/site-packages/airflow/example_dags/tutorial.py took 0.149 seconds
[2026-03-25T11:22:45.753+0000] {processor.py:161} INFO - Started process (PID=889) to work on /home/airflow/.local/lib/python3.12/site-packages/airflow/example_dags/tutorial.py
[2026-03-25T11:22:45.755+0000] {processor.py:830} INFO - Processing file /home/airflow/.local/lib/python3.12/site-packages/airflow/example_dags/tutorial.py for tasks to queue
[2026-03-25T11:22:45.757+0000] {logging_mixin.py:188} INFO - [2026-03-25T11:22:45.756+0000] {dagbag.py:540} INFO - Filling up the DagBag from /home/airflow/.local/lib/python3.12/site-packages/airflow/example_dags/tutorial.py
[2026-03-25T11:22:45.763+0000] {processor.py:840} INFO - DAG(s) 'tutorial' retrieved from /home/airflow/.local/lib/python3.12/site-packages/airflow/example_dags/tutorial.py
[2026-03-25T11:22:45.782+0000] {logging_mixin.py:188} INFO - [2026-03-25T11:22:45.782+0000] {dag.py:3096} INFO - Sync 1 DAGs
[2026-03-25T11:22:45.802+0000] {logging_mixin.py:188} INFO - [2026-03-25T11:22:45.802+0000] {dag.py:3954} INFO - Setting next_dagrun for tutorial to 2026-03-24 00:00:00+00:00, run_after=2026-03-25 00:00:00+00:00
[2026-03-25T11:22:45.839+0000] {processor.py:183} INFO - Processing /home/airflow/.local/lib/python3.12/site-packages/airflow/example_dags/tutorial.py took 0.093 seconds
[2026-03-25T11:23:16.533+0000] {processor.py:161} INFO - Started process (PID=948) to work on /home/airflow/.local/lib/python3.12/site-packages/airflow/example_dags/tutorial.py
[2026-03-25T11:23:16.534+0000] {processor.py:830} INFO - Processing file /home/airflow/.local/lib/python3.12/site-packages/airflow/example_dags/tutorial.py for tasks to queue
[2026-03-25T11:23:16.536+0000] {logging_mixin.py:188} INFO - [2026-03-25T11:23:16.535+0000] {dagbag.py:540} INFO - Filling up the DagBag from /home/airflow/.local/lib/python3.12/site-packages/airflow/example_dags/tutorial.py
[2026-03-25T11:23:16.541+0000] {processor.py:840} INFO - DAG(s) 'tutorial' retrieved from /home/airflow/.local/lib/python3.12/site-packages/airflow/example_dags/tutorial.py
[2026-03-25T11:23:16.560+0000] {logging_mixin.py:188} INFO - [2026-03-25T11:23:16.560+0000] {dag.py:3096} INFO - Sync 1 DAGs
[2026-03-25T11:23:16.582+0000] {logging_mixin.py:188} INFO - [2026-03-25T11:23:16.582+0000] {dag.py:3954} INFO - Setting next_dagrun for tutorial to 2026-03-24 00:00:00+00:00, run_after=2026-03-25 00:00:00+00:00
[2026-03-25T11:23:16.659+0000] {processor.py:183} INFO - Processing /home/airflow/.local/lib/python3.12/site-packages/airflow/example_dags/tutorial.py took 0.132 seconds
[2026-03-25T11:23:46.702+0000] {processor.py:161} INFO - Started process (PID=1008) to work on /home/airflow/.local/lib/python3.12/site-packages/airflow/example_dags/tutorial.py
[2026-03-25T11:23:46.704+0000] {processor.py:830} INFO - Processing file /home/airflow/.local/lib/python3.12/site-packages/airflow/example_dags/tutorial.py for tasks to queue
[2026-03-25T11:23:46.705+0000] {logging_mixin.py:188} INFO - [2026-03-25T11:23:46.705+0000] {dagbag.py:540} INFO - Filling up the DagBag from /home/airflow/.local/lib/python3.12/site-packages/airflow/example_dags/tutorial.py
[2026-03-25T11:23:46.711+0000] {processor.py:840} INFO - DAG(s) 'tutorial' retrieved from /home/airflow/.local/lib/python3.12/site-packages/airflow/example_dags/tutorial.py
[2026-03-25T11:23:46.730+0000] {logging_mixin.py:188} INFO - [2026-03-25T11:23:46.730+0000] {dag.py:3096} INFO - Sync 1 DAGs
[2026-03-25T11:23:46.751+0000] {logging_mixin.py:188} INFO - [2026-03-25T11:23:46.750+0000] {dag.py:3954} INFO - Setting next_dagrun for tutorial to 2026-03-24 00:00:00+00:00, run_after=2026-03-25 00:00:00+00:00
[2026-03-25T11:23:46.814+0000] {processor.py:183} INFO - Processing /home/airflow/.local/lib/python3.12/site-packages/airflow/example_dags/tutorial.py took 0.117 seconds
[2026-03-25T11:24:17.673+0000] {processor.py:161} INFO - Started process (PID=1066) to work on /home/airflow/.local/lib/python3.12/site-packages/airflow/example_dags/tutorial.py
[2026-03-25T11:24:17.674+0000] {processor.py:830} INFO - Processing file /home/airflow/.local/lib/python3.12/site-packages/airflow/example_dags/tutorial.py for tasks to queue
[2026-03-25T11:24:17.677+0000] {logging_mixin.py:188} INFO - [2026-03-25T11:24:17.677+0000] {dagbag.py:540} INFO - Filling up the DagBag from /home/airflow/.local/lib/python3.12/site-packages/airflow/example_dags/tutorial.py
[2026-03-25T11:24:17.687+0000] {processor.py:840} INFO - DAG(s) 'tutorial' retrieved from /home/airflow/.local/lib/python3.12/site-packages/airflow/example_dags/tutorial.py
[2026-03-25T11:24:17.716+0000] {logging_mixin.py:188} INFO - [2026-03-25T11:24:17.715+0000] {dag.py:3096} INFO - Sync 1 DAGs
[2026-03-25T11:24:17.747+0000] {logging_mixin.py:188} INFO - [2026-03-25T11:24:17.747+0000] {dag.py:3954} INFO - Setting next_dagrun for tutorial to 2026-03-24 00:00:00+00:00, run_after=2026-03-25 00:00:00+00:00
[2026-03-25T11:24:17.835+0000] {processor.py:183} INFO - Processing /home/airflow/.local/lib/python3.12/site-packages/airflow/example_dags/tutorial.py took 0.169 seconds
[2026-03-25T11:24:49.932+0000] {processor.py:161} INFO - Started process (PID=1123) to work on /home/airflow/.local/lib/python3.12/site-packages/airflow/example_dags/tutorial.py
[2026-03-25T11:24:49.934+0000] {processor.py:830} INFO - Processing file /home/airflow/.local/lib/python3.12/site-packages/airflow/example_dags/tutorial.py for tasks to queue
[2026-03-25T11:24:49.937+0000] {logging_mixin.py:188} INFO - [2026-03-25T11:24:49.936+0000] {dagbag.py:540} INFO - Filling up the DagBag from /home/airflow/.local/lib/python3.12/site-packages/airflow/example_dags/tutorial.py
[2026-03-25T11:24:49.945+0000] {processor.py:840} INFO - DAG(s) 'tutorial' retrieved from /home/airflow/.local/lib/python3.12/site-packages/airflow/example_dags/tutorial.py
[2026-03-25T11:24:49.974+0000] {logging_mixin.py:188} INFO - [2026-03-25T11:24:49.974+0000] {dag.py:3096} INFO - Sync 1 DAGs
[2026-03-25T11:24:50.006+0000] {logging_mixin.py:188} INFO - [2026-03-25T11:24:50.006+0000] {dag.py:3954} INFO - Setting next_dagrun for tutorial to 2026-03-24 00:00:00+00:00, run_after=2026-03-25 00:00:00+00:00
[2026-03-25T11:24:50.063+0000] {processor.py:183} INFO - Processing /home/airflow/.local/lib/python3.12/site-packages/airflow/example_dags/tutorial.py took 0.143 seconds
[2026-03-25T11:25:20.193+0000] {processor.py:161} INFO - Started process (PID=1182) to work on /home/airflow/.local/lib/python3.12/site-packages/airflow/example_dags/tutorial.py
[2026-03-25T11:25:20.194+0000] {processor.py:830} INFO - Processing file /home/airflow/.local/lib/python3.12/site-packages/airflow/example_dags/tutorial.py for tasks to queue
[2026-03-25T11:25:20.197+0000] {logging_mixin.py:188} INFO - [2026-03-25T11:25:20.196+0000] {dagbag.py:540} INFO - Filling up the DagBag from /home/airflow/.local/lib/python3.12/site-packages/airflow/example_dags/tutorial.py
[2026-03-25T11:25:20.203+0000] {processor.py:840} INFO - DAG(s) 'tutorial' retrieved from /home/airflow/.local/lib/python3.12/site-packages/airflow/example_dags/tutorial.py
[2026-03-25T11:25:20.223+0000] {logging_mixin.py:188} INFO - [2026-03-25T11:25:20.223+0000] {dag.py:3096} INFO - Sync 1 DAGs
[2026-03-25T11:25:20.248+0000] {logging_mixin.py:188} INFO - [2026-03-25T11:25:20.248+0000] {dag.py:3954} INFO - Setting next_dagrun for tutorial to 2026-03-24 00:00:00+00:00, run_after=2026-03-25 00:00:00+00:00
[2026-03-25T11:25:20.293+0000] {processor.py:183} INFO - Processing /home/airflow/.local/lib/python3.12/site-packages/airflow/example_dags/tutorial.py took 0.107 seconds
[2026-03-25T11:25:52.997+0000] {processor.py:161} INFO - Started process (PID=1239) to work on /home/airflow/.local/lib/python3.12/site-packages/airflow/example_dags/tutorial.py
[2026-03-25T11:25:52.998+0000] {processor.py:830} INFO - Processing file /home/airflow/.local/lib/python3.12/site-packages/airflow/example_dags/tutorial.py for tasks to queue
[2026-03-25T11:25:53.000+0000] {logging_mixin.py:188} INFO - [2026-03-25T11:25:53.000+0000] {dagbag.py:540} INFO - Filling up the DagBag from /home/airflow/.local/lib/python3.12/site-packages/airflow/example_dags/tutorial.py
[2026-03-25T11:25:53.006+0000] {processor.py:840} INFO - DAG(s) 'tutorial' retrieved from /home/airflow/.local/lib/python3.12/site-packages/airflow/example_dags/tutorial.py
[2026-03-25T11:25:53.025+0000] {logging_mixin.py:188} INFO - [2026-03-25T11:25:53.025+0000] {dag.py:3096} INFO - Sync 1 DAGs
[2026-03-25T11:25:53.045+0000] {logging_mixin.py:188} INFO - [2026-03-25T11:25:53.045+0000] {dag.py:3954} INFO - Setting next_dagrun for tutorial to 2026-03-24 00:00:00+00:00, run_after=2026-03-25 00:00:00+00:00
[2026-03-25T11:25:53.087+0000] {processor.py:183} INFO - Processing /home/airflow/.local/lib/python3.12/site-packages/airflow/example_dags/tutorial.py took 0.095 seconds
[2026-03-25T11:26:25.823+0000] {processor.py:161} INFO - Started process (PID=1298) to work on /home/airflow/.local/lib/python3.12/site-packages/airflow/example_dags/tutorial.py
[2026-03-25T11:26:25.824+0000] {processor.py:830} INFO - Processing file /home/airflow/.local/lib/python3.12/site-packages/airflow/example_dags/tutorial.py for tasks to queue
[2026-03-25T11:26:25.827+0000] {logging_mixin.py:188} INFO - [2026-03-25T11:26:25.826+0000] {dagbag.py:540} INFO - Filling up the DagBag from /home/airflow/.local/lib/python3.12/site-packages/airflow/example_dags/tutorial.py
[2026-03-25T11:26:25.832+0000] {processor.py:840} INFO - DAG(s) 'tutorial' retrieved from /home/airflow/.local/lib/python3.12/site-packages/airflow/example_dags/tutorial.py
[2026-03-25T11:26:25.852+0000] {logging_mixin.py:188} INFO - [2026-03-25T11:26:25.851+0000] {dag.py:3096} INFO - Sync 1 DAGs
[2026-03-25T11:26:25.873+0000] {logging_mixin.py:188} INFO - [2026-03-25T11:26:25.873+0000] {dag.py:3954} INFO - Setting next_dagrun for tutorial to 2026-03-24 00:00:00+00:00, run_after=2026-03-25 00:00:00+00:00
[2026-03-25T11:26:25.923+0000] {processor.py:183} INFO - Processing /home/airflow/.local/lib/python3.12/site-packages/airflow/example_dags/tutorial.py took 0.106 seconds
[2026-03-25T11:26:58.695+0000] {processor.py:161} INFO - Started process (PID=1357) to work on /home/airflow/.local/lib/python3.12/site-packages/airflow/example_dags/tutorial.py
[2026-03-25T11:26:58.696+0000] {processor.py:830} INFO - Processing file /home/airflow/.local/lib/python3.12/site-packages/airflow/example_dags/tutorial.py for tasks to queue
[2026-03-25T11:26:58.701+0000] {logging_mixin.py:188} INFO - [2026-03-25T11:26:58.700+0000] {dagbag.py:540} INFO - Filling up the DagBag from /home/airflow/.local/lib/python3.12/site-packages/airflow/example_dags/tutorial.py
[2026-03-25T11:26:58.711+0000] {processor.py:840} INFO - DAG(s) 'tutorial' retrieved from /home/airflow/.local/lib/python3.12/site-packages/airflow/example_dags/tutorial.py
[2026-03-25T11:26:58.743+0000] {logging_mixin.py:188} INFO - [2026-03-25T11:26:58.743+0000] {dag.py:3096} INFO - Sync 1 DAGs
[2026-03-25T11:26:58.780+0000] {logging_mixin.py:188} INFO - [2026-03-25T11:26:58.780+0000] {dag.py:3954} INFO - Setting next_dagrun for tutorial to 2026-03-24 00:00:00+00:00, run_after=2026-03-25 00:00:00+00:00
[2026-03-25T11:26:58.834+0000] {processor.py:183} INFO - Processing /home/airflow/.local/lib/python3.12/site-packages/airflow/example_dags/tutorial.py took 0.153 seconds
[2026-03-25T11:27:32.295+0000] {processor.py:161} INFO - Started process (PID=1406) to work on /home/airflow/.local/lib/python3.12/site-packages/airflow/example_dags/tutorial.py
[2026-03-25T11:27:32.297+0000] {processor.py:830} INFO - Processing file /home/airflow/.local/lib/python3.12/site-packages/airflow/example_dags/tutorial.py for tasks to queue
[2026-03-25T11:27:32.300+0000] {logging_mixin.py:188} INFO - [2026-03-25T11:27:32.299+0000] {dagbag.py:540} INFO - Filling up the DagBag from /home/airflow/.local/lib/python3.12/site-packages/airflow/example_dags/tutorial.py
[2026-03-25T11:27:32.310+0000] {processor.py:840} INFO - DAG(s) 'tutorial' retrieved from /home/airflow/.local/lib/python3.12/site-packages/airflow/example_dags/tutorial.py
[2026-03-25T11:27:32.345+0000] {logging_mixin.py:188} INFO - [2026-03-25T11:27:32.345+0000] {dag.py:3096} INFO - Sync 1 DAGs
[2026-03-25T11:27:32.387+0000] {logging_mixin.py:188} INFO - [2026-03-25T11:27:32.387+0000] {dag.py:3954} INFO - Setting next_dagrun for tutorial to 2026-03-24 00:00:00+00:00, run_after=2026-03-25 00:00:00+00:00
[2026-03-25T11:27:32.443+0000] {processor.py:183} INFO - Processing /home/airflow/.local/lib/python3.12/site-packages/airflow/example_dags/tutorial.py took 0.158 seconds
[2026-03-25T11:28:03.007+0000] {processor.py:161} INFO - Started process (PID=1465) to work on /home/airflow/.local/lib/python3.12/site-packages/airflow/example_dags/tutorial.py
[2026-03-25T11:28:03.008+0000] {processor.py:830} INFO - Processing file /home/airflow/.local/lib/python3.12/site-packages/airflow/example_dags/tutorial.py for tasks to queue
[2026-03-25T11:28:03.010+0000] {logging_mixin.py:188} INFO - [2026-03-25T11:28:03.010+0000] {dagbag.py:540} INFO - Filling up the DagBag from /home/airflow/.local/lib/python3.12/site-packages/airflow/example_dags/tutorial.py
[2026-03-25T11:28:03.018+0000] {processor.py:840} INFO - DAG(s) 'tutorial' retrieved from /home/airflow/.local/lib/python3.12/site-packages/airflow/example_dags/tutorial.py
[2026-03-25T11:28:03.056+0000] {logging_mixin.py:188} INFO - [2026-03-25T11:28:03.056+0000] {dag.py:3096} INFO - Sync 1 DAGs
[2026-03-25T11:28:03.096+0000] {logging_mixin.py:188} INFO - [2026-03-25T11:28:03.096+0000] {dag.py:3954} INFO - Setting next_dagrun for tutorial to 2026-03-24 00:00:00+00:00, run_after=2026-03-25 00:00:00+00:00
[2026-03-25T11:28:03.147+0000] {processor.py:183} INFO - Processing /home/airflow/.local/lib/python3.12/site-packages/airflow/example_dags/tutorial.py took 0.146 seconds
[2026-03-25T11:28:34.434+0000] {processor.py:161} INFO - Started process (PID=1499) to work on /home/airflow/.local/lib/python3.12/site-packages/airflow/example_dags/tutorial.py
[2026-03-25T11:28:34.436+0000] {processor.py:830} INFO - Processing file /home/airflow/.local/lib/python3.12/site-packages/airflow/example_dags/tutorial.py for tasks to queue
[2026-03-25T11:28:34.438+0000] {logging_mixin.py:188} INFO - [2026-03-25T11:28:34.438+0000] {dagbag.py:540} INFO - Filling up the DagBag from /home/airflow/.local/lib/python3.12/site-packages/airflow/example_dags/tutorial.py
[2026-03-25T11:28:34.447+0000] {processor.py:840} INFO - DAG(s) 'tutorial' retrieved from /home/airflow/.local/lib/python3.12/site-packages/airflow/example_dags/tutorial.py
[2026-03-25T11:28:34.479+0000] {logging_mixin.py:188} INFO - [2026-03-25T11:28:34.478+0000] {dag.py:3096} INFO - Sync 1 DAGs
[2026-03-25T11:28:34.517+0000] {logging_mixin.py:188} INFO - [2026-03-25T11:28:34.517+0000] {dag.py:3954} INFO - Setting next_dagrun for tutorial to 2026-03-24 00:00:00+00:00, run_after=2026-03-25 00:00:00+00:00
[2026-03-25T11:28:34.572+0000] {processor.py:183} INFO - Processing /home/airflow/.local/lib/python3.12/site-packages/airflow/example_dags/tutorial.py took 0.146 seconds
[2026-03-25T11:29:06.389+0000] {processor.py:161} INFO - Started process (PID=1552) to work on /home/airflow/.local/lib/python3.12/site-packages/airflow/example_dags/tutorial.py
[2026-03-25T11:29:06.390+0000] {processor.py:830} INFO - Processing file /home/airflow/.local/lib/python3.12/site-packages/airflow/example_dags/tutorial.py for tasks to queue
[2026-03-25T11:29:06.392+0000] {logging_mixin.py:188} INFO - [2026-03-25T11:29:06.391+0000] {dagbag.py:540} INFO - Filling up the DagBag from /home/airflow/.local/lib/python3.12/site-packages/airflow/example_dags/tutorial.py
[2026-03-25T11:29:06.398+0000] {processor.py:840} INFO - DAG(s) 'tutorial' retrieved from /home/airflow/.local/lib/python3.12/site-packages/airflow/example_dags/tutorial.py
[2026-03-25T11:29:06.419+0000] {logging_mixin.py:188} INFO - [2026-03-25T11:29:06.419+0000] {dag.py:3096} INFO - Sync 1 DAGs
[2026-03-25T11:29:06.442+0000] {logging_mixin.py:188} INFO - [2026-03-25T11:29:06.442+0000] {dag.py:3954} INFO - Setting next_dagrun for tutorial to 2026-03-24 00:00:00+00:00, run_after=2026-03-25 00:00:00+00:00
[2026-03-25T11:29:06.490+0000] {processor.py:183} INFO - Processing /home/airflow/.local/lib/python3.12/site-packages/airflow/example_dags/tutorial.py took 0.107 seconds
[2026-03-25T11:29:36.820+0000] {processor.py:161} INFO - Started process (PID=1617) to work on /home/airflow/.local/lib/python3.12/site-packages/airflow/example_dags/tutorial.py
[2026-03-25T11:29:36.822+0000] {processor.py:830} INFO - Processing file /home/airflow/.local/lib/python3.12/site-packages/airflow/example_dags/tutorial.py for tasks to queue
[2026-03-25T11:29:36.825+0000] {logging_mixin.py:188} INFO - [2026-03-25T11:29:36.824+0000] {dagbag.py:540} INFO - Filling up the DagBag from /home/airflow/.local/lib/python3.12/site-packages/airflow/example_dags/tutorial.py
[2026-03-25T11:29:36.832+0000] {processor.py:840} INFO - DAG(s) 'tutorial' retrieved from /home/airflow/.local/lib/python3.12/site-packages/airflow/example_dags/tutorial.py
[2026-03-25T11:29:36.859+0000] {logging_mixin.py:188} INFO - [2026-03-25T11:29:36.859+0000] {dag.py:3096} INFO - Sync 1 DAGs
[2026-03-25T11:29:36.896+0000] {logging_mixin.py:188} INFO - [2026-03-25T11:29:36.895+0000] {dag.py:3954} INFO - Setting next_dagrun for tutorial to 2026-03-24 00:00:00+00:00, run_after=2026-03-25 00:00:00+00:00
[2026-03-25T11:29:36.941+0000] {processor.py:183} INFO - Processing /home/airflow/.local/lib/python3.12/site-packages/airflow/example_dags/tutorial.py took 0.130 seconds
[2026-03-25T11:30:07.851+0000] {processor.py:161} INFO - Started process (PID=1670) to work on /home/airflow/.local/lib/python3.12/site-packages/airflow/example_dags/tutorial.py
[2026-03-25T11:30:07.852+0000] {processor.py:830} INFO - Processing file /home/airflow/.local/lib/python3.12/site-packages/airflow/example_dags/tutorial.py for tasks to queue
[2026-03-25T11:30:07.855+0000] {logging_mixin.py:188} INFO - [2026-03-25T11:30:07.854+0000] {dagbag.py:540} INFO - Filling up the DagBag from /home/airflow/.local/lib/python3.12/site-packages/airflow/example_dags/tutorial.py
[2026-03-25T11:30:07.863+0000] {processor.py:840} INFO - DAG(s) 'tutorial' retrieved from /home/airflow/.local/lib/python3.12/site-packages/airflow/example_dags/tutorial.py
[2026-03-25T11:30:07.888+0000] {logging_mixin.py:188} INFO - [2026-03-25T11:30:07.888+0000] {dag.py:3096} INFO - Sync 1 DAGs
[2026-03-25T11:30:07.920+0000] {logging_mixin.py:188} INFO - [2026-03-25T11:30:07.920+0000] {dag.py:3954} INFO - Setting next_dagrun for tutorial to 2026-03-24 00:00:00+00:00, run_after=2026-03-25 00:00:00+00:00
[2026-03-25T11:30:07.976+0000] {processor.py:183} INFO - Processing /home/airflow/.local/lib/python3.12/site-packages/airflow/example_dags/tutorial.py took 0.132 seconds
[2026-03-25T11:30:38.009+0000] {processor.py:161} INFO - Started process (PID=1729) to work on /home/airflow/.local/lib/python3.12/site-packages/airflow/example_dags/tutorial.py
[2026-03-25T11:30:38.010+0000] {processor.py:830} INFO - Processing file /home/airflow/.local/lib/python3.12/site-packages/airflow/example_dags/tutorial.py for tasks to queue
[2026-03-25T11:30:38.012+0000] {logging_mixin.py:188} INFO - [2026-03-25T11:30:38.012+0000] {dagbag.py:540} INFO - Filling up the DagBag from /home/airflow/.local/lib/python3.12/site-packages/airflow/example_dags/tutorial.py
[2026-03-25T11:30:38.018+0000] {processor.py:840} INFO - DAG(s) 'tutorial' retrieved from /home/airflow/.local/lib/python3.12/site-packages/airflow/example_dags/tutorial.py
[2026-03-25T11:30:38.039+0000] {logging_mixin.py:188} INFO - [2026-03-25T11:30:38.039+0000] {dag.py:3096} INFO - Sync 1 DAGs
[2026-03-25T11:30:38.064+0000] {logging_mixin.py:188} INFO - [2026-03-25T11:30:38.063+0000] {dag.py:3954} INFO - Setting next_dagrun for tutorial to 2026-03-24 00:00:00+00:00, run_after=2026-03-25 00:00:00+00:00
[2026-03-25T11:30:38.109+0000] {processor.py:183} INFO - Processing /home/airflow/.local/lib/python3.12/site-packages/airflow/example_dags/tutorial.py took 0.106 seconds
[2026-03-25T11:31:08.484+0000] {processor.py:161} INFO - Started process (PID=1788) to work on /home/airflow/.local/lib/python3.12/site-packages/airflow/example_dags/tutorial.py
[2026-03-25T11:31:08.486+0000] {processor.py:830} INFO - Processing file /home/airflow/.local/lib/python3.12/site-packages/airflow/example_dags/tutorial.py for tasks to queue
[2026-03-25T11:31:08.488+0000] {logging_mixin.py:188} INFO - [2026-03-25T11:31:08.488+0000] {dagbag.py:540} INFO - Filling up the DagBag from /home/airflow/.local/lib/python3.12/site-packages/airflow/example_dags/tutorial.py
[2026-03-25T11:31:08.495+0000] {processor.py:840} INFO - DAG(s) 'tutorial' retrieved from /home/airflow/.local/lib/python3.12/site-packages/airflow/example_dags/tutorial.py
[2026-03-25T11:31:08.520+0000] {logging_mixin.py:188} INFO - [2026-03-25T11:31:08.520+0000] {dag.py:3096} INFO - Sync 1 DAGs
[2026-03-25T11:31:08.541+0000] {logging_mixin.py:188} INFO - [2026-03-25T11:31:08.541+0000] {dag.py:3954} INFO - Setting next_dagrun for tutorial to 2026-03-24 00:00:00+00:00, run_after=2026-03-25 00:00:00+00:00
[2026-03-25T11:31:08.581+0000] {processor.py:183} INFO - Processing /home/airflow/.local/lib/python3.12/site-packages/airflow/example_dags/tutorial.py took 0.103 seconds
[2026-03-25T11:31:38.703+0000] {processor.py:161} INFO - Started process (PID=1847) to work on /home/airflow/.local/lib/python3.12/site-packages/airflow/example_dags/tutorial.py
[2026-03-25T11:31:38.704+0000] {processor.py:830} INFO - Processing file /home/airflow/.local/lib/python3.12/site-packages/airflow/example_dags/tutorial.py for tasks to queue
[2026-03-25T11:31:38.706+0000] {logging_mixin.py:188} INFO - [2026-03-25T11:31:38.706+0000] {dagbag.py:540} INFO - Filling up the DagBag from /home/airflow/.local/lib/python3.12/site-packages/airflow/example_dags/tutorial.py
[2026-03-25T11:31:38.712+0000] {processor.py:840} INFO - DAG(s) 'tutorial' retrieved from /home/airflow/.local/lib/python3.12/site-packages/airflow/example_dags/tutorial.py
[2026-03-25T11:31:38.733+0000] {logging_mixin.py:188} INFO - [2026-03-25T11:31:38.733+0000] {dag.py:3096} INFO - Sync 1 DAGs
[2026-03-25T11:31:38.757+0000] {logging_mixin.py:188} INFO - [2026-03-25T11:31:38.757+0000] {dag.py:3954} INFO - Setting next_dagrun for tutorial to 2026-03-24 00:00:00+00:00, run_after=2026-03-25 00:00:00+00:00
[2026-03-25T11:31:38.800+0000] {processor.py:183} INFO - Processing /home/airflow/.local/lib/python3.12/site-packages/airflow/example_dags/tutorial.py took 0.102 seconds
[2026-03-25T11:32:09.457+0000] {processor.py:161} INFO - Started process (PID=1906) to work on /home/airflow/.local/lib/python3.12/site-packages/airflow/example_dags/tutorial.py
[2026-03-25T11:32:09.459+0000] {processor.py:830} INFO - Processing file /home/airflow/.local/lib/python3.12/site-packages/airflow/example_dags/tutorial.py for tasks to queue
[2026-03-25T11:32:09.461+0000] {logging_mixin.py:188} INFO - [2026-03-25T11:32:09.460+0000] {dagbag.py:540} INFO - Filling up the DagBag from /home/airflow/.local/lib/python3.12/site-packages/airflow/example_dags/tutorial.py
[2026-03-25T11:32:09.467+0000] {processor.py:840} INFO - DAG(s) 'tutorial' retrieved from /home/airflow/.local/lib/python3.12/site-packages/airflow/example_dags/tutorial.py
[2026-03-25T11:32:09.486+0000] {logging_mixin.py:188} INFO - [2026-03-25T11:32:09.486+0000] {dag.py:3096} INFO - Sync 1 DAGs
[2026-03-25T11:32:09.507+0000] {logging_mixin.py:188} INFO - [2026-03-25T11:32:09.507+0000] {dag.py:3954} INFO - Setting next_dagrun for tutorial to 2026-03-24 00:00:00+00:00, run_after=2026-03-25 00:00:00+00:00
[2026-03-25T11:32:09.553+0000] {processor.py:183} INFO - Processing /home/airflow/.local/lib/python3.12/site-packages/airflow/example_dags/tutorial.py took 0.102 seconds
[2026-03-25T11:34:35.562+0000] {processor.py:161} INFO - Started process (PID=74) to work on /home/airflow/.local/lib/python3.12/site-packages/airflow/example_dags/tutorial.py
[2026-03-25T11:34:35.564+0000] {processor.py:830} INFO - Processing file /home/airflow/.local/lib/python3.12/site-packages/airflow/example_dags/tutorial.py for tasks to queue
[2026-03-25T11:34:35.567+0000] {logging_mixin.py:188} INFO - [2026-03-25T11:34:35.566+0000] {dagbag.py:540} INFO - Filling up the DagBag from /home/airflow/.local/lib/python3.12/site-packages/airflow/example_dags/tutorial.py
[2026-03-25T11:34:35.578+0000] {processor.py:840} INFO - DAG(s) 'tutorial' retrieved from /home/airflow/.local/lib/python3.12/site-packages/airflow/example_dags/tutorial.py
[2026-03-25T11:34:35.749+0000] {logging_mixin.py:188} INFO - [2026-03-25T11:34:35.749+0000] {dag.py:3096} INFO - Sync 1 DAGs
[2026-03-25T11:34:35.787+0000] {logging_mixin.py:188} INFO - [2026-03-25T11:34:35.787+0000] {dag.py:3954} INFO - Setting next_dagrun for tutorial to 2026-03-24 00:00:00+00:00, run_after=2026-03-25 00:00:00+00:00
[2026-03-25T11:34:35.866+0000] {processor.py:183} INFO - Processing /home/airflow/.local/lib/python3.12/site-packages/airflow/example_dags/tutorial.py took 0.313 seconds
[2026-03-25T11:35:06.157+0000] {processor.py:161} INFO - Started process (PID=127) to work on /home/airflow/.local/lib/python3.12/site-packages/airflow/example_dags/tutorial.py
[2026-03-25T11:35:06.159+0000] {processor.py:830} INFO - Processing file /home/airflow/.local/lib/python3.12/site-packages/airflow/example_dags/tutorial.py for tasks to queue
[2026-03-25T11:35:06.161+0000] {logging_mixin.py:188} INFO - [2026-03-25T11:35:06.160+0000] {dagbag.py:540} INFO - Filling up the DagBag from /home/airflow/.local/lib/python3.12/site-packages/airflow/example_dags/tutorial.py
[2026-03-25T11:35:06.166+0000] {processor.py:840} INFO - DAG(s) 'tutorial' retrieved from /home/airflow/.local/lib/python3.12/site-packages/airflow/example_dags/tutorial.py
[2026-03-25T11:35:06.188+0000] {logging_mixin.py:188} INFO - [2026-03-25T11:35:06.187+0000] {dag.py:3096} INFO - Sync 1 DAGs
[2026-03-25T11:35:06.215+0000] {logging_mixin.py:188} INFO - [2026-03-25T11:35:06.215+0000] {dag.py:3954} INFO - Setting next_dagrun for tutorial to 2026-03-24 00:00:00+00:00, run_after=2026-03-25 00:00:00+00:00
[2026-03-25T11:35:06.274+0000] {processor.py:183} INFO - Processing /home/airflow/.local/lib/python3.12/site-packages/airflow/example_dags/tutorial.py took 0.124 seconds
[2026-03-25T11:35:38.096+0000] {processor.py:161} INFO - Started process (PID=186) to work on /home/airflow/.local/lib/python3.12/site-packages/airflow/example_dags/tutorial.py
[2026-03-25T11:35:38.097+0000] {processor.py:830} INFO - Processing file /home/airflow/.local/lib/python3.12/site-packages/airflow/example_dags/tutorial.py for tasks to queue
[2026-03-25T11:35:38.100+0000] {logging_mixin.py:188} INFO - [2026-03-25T11:35:38.099+0000] {dagbag.py:540} INFO - Filling up the DagBag from /home/airflow/.local/lib/python3.12/site-packages/airflow/example_dags/tutorial.py
[2026-03-25T11:35:38.108+0000] {processor.py:840} INFO - DAG(s) 'tutorial' retrieved from /home/airflow/.local/lib/python3.12/site-packages/airflow/example_dags/tutorial.py
[2026-03-25T11:35:38.133+0000] {logging_mixin.py:188} INFO - [2026-03-25T11:35:38.133+0000] {dag.py:3096} INFO - Sync 1 DAGs
[2026-03-25T11:35:38.161+0000] {logging_mixin.py:188} INFO - [2026-03-25T11:35:38.161+0000] {dag.py:3954} INFO - Setting next_dagrun for tutorial to 2026-03-24 00:00:00+00:00, run_after=2026-03-25 00:00:00+00:00
[2026-03-25T11:35:38.214+0000] {processor.py:183} INFO - Processing /home/airflow/.local/lib/python3.12/site-packages/airflow/example_dags/tutorial.py took 0.125 seconds
[2026-03-25T11:36:11.627+0000] {processor.py:161} INFO - Started process (PID=246) to work on /home/airflow/.local/lib/python3.12/site-packages/airflow/example_dags/tutorial.py
[2026-03-25T11:36:11.628+0000] {processor.py:830} INFO - Processing file /home/airflow/.local/lib/python3.12/site-packages/airflow/example_dags/tutorial.py for tasks to queue
[2026-03-25T11:36:11.630+0000] {logging_mixin.py:188} INFO - [2026-03-25T11:36:11.629+0000] {dagbag.py:540} INFO - Filling up the DagBag from /home/airflow/.local/lib/python3.12/site-packages/airflow/example_dags/tutorial.py
[2026-03-25T11:36:11.636+0000] {processor.py:840} INFO - DAG(s) 'tutorial' retrieved from /home/airflow/.local/lib/python3.12/site-packages/airflow/example_dags/tutorial.py
[2026-03-25T11:36:11.772+0000] {logging_mixin.py:188} INFO - [2026-03-25T11:36:11.771+0000] {dag.py:3096} INFO - Sync 1 DAGs
[2026-03-25T11:36:11.791+0000] {logging_mixin.py:188} INFO - [2026-03-25T11:36:11.791+0000] {dag.py:3954} INFO - Setting next_dagrun for tutorial to 2026-03-24 00:00:00+00:00, run_after=2026-03-25 00:00:00+00:00
[2026-03-25T11:36:11.831+0000] {processor.py:183} INFO - Processing /home/airflow/.local/lib/python3.12/site-packages/airflow/example_dags/tutorial.py took 0.209 seconds
[2026-03-25T11:36:44.585+0000] {processor.py:161} INFO - Started process (PID=305) to work on /home/airflow/.local/lib/python3.12/site-packages/airflow/example_dags/tutorial.py
[2026-03-25T11:36:44.588+0000] {processor.py:830} INFO - Processing file /home/airflow/.local/lib/python3.12/site-packages/airflow/example_dags/tutorial.py for tasks to queue
[2026-03-25T11:36:44.591+0000] {logging_mixin.py:188} INFO - [2026-03-25T11:36:44.590+0000] {dagbag.py:540} INFO - Filling up the DagBag from /home/airflow/.local/lib/python3.12/site-packages/airflow/example_dags/tutorial.py
[2026-03-25T11:36:44.599+0000] {processor.py:840} INFO - DAG(s) 'tutorial' retrieved from /home/airflow/.local/lib/python3.12/site-packages/airflow/example_dags/tutorial.py
[2026-03-25T11:36:44.631+0000] {logging_mixin.py:188} INFO - [2026-03-25T11:36:44.631+0000] {dag.py:3096} INFO - Sync 1 DAGs
[2026-03-25T11:36:44.677+0000] {logging_mixin.py:188} INFO - [2026-03-25T11:36:44.677+0000] {dag.py:3954} INFO - Setting next_dagrun for tutorial to 2026-03-24 00:00:00+00:00, run_after=2026-03-25 00:00:00+00:00
[2026-03-25T11:36:44.777+0000] {processor.py:183} INFO - Processing /home/airflow/.local/lib/python3.12/site-packages/airflow/example_dags/tutorial.py took 0.201 seconds
[2026-03-25T11:37:16.797+0000] {processor.py:161} INFO - Started process (PID=364) to work on /home/airflow/.local/lib/python3.12/site-packages/airflow/example_dags/tutorial.py
[2026-03-25T11:37:16.799+0000] {processor.py:830} INFO - Processing file /home/airflow/.local/lib/python3.12/site-packages/airflow/example_dags/tutorial.py for tasks to queue
[2026-03-25T11:37:16.804+0000] {logging_mixin.py:188} INFO - [2026-03-25T11:37:16.804+0000] {dagbag.py:540} INFO - Filling up the DagBag from /home/airflow/.local/lib/python3.12/site-packages/airflow/example_dags/tutorial.py
[2026-03-25T11:37:16.819+0000] {processor.py:840} INFO - DAG(s) 'tutorial' retrieved from /home/airflow/.local/lib/python3.12/site-packages/airflow/example_dags/tutorial.py
[2026-03-25T11:37:16.860+0000] {logging_mixin.py:188} INFO - [2026-03-25T11:37:16.859+0000] {dag.py:3096} INFO - Sync 1 DAGs
[2026-03-25T11:37:16.914+0000] {logging_mixin.py:188} INFO - [2026-03-25T11:37:16.913+0000] {dag.py:3954} INFO - Setting next_dagrun for tutorial to 2026-03-24 00:00:00+00:00, run_after=2026-03-25 00:00:00+00:00
[2026-03-25T11:37:17.001+0000] {processor.py:183} INFO - Processing /home/airflow/.local/lib/python3.12/site-packages/airflow/example_dags/tutorial.py took 0.219 seconds
[2026-03-25T11:37:49.496+0000] {processor.py:161} INFO - Started process (PID=423) to work on /home/airflow/.local/lib/python3.12/site-packages/airflow/example_dags/tutorial.py
[2026-03-25T11:37:49.497+0000] {processor.py:830} INFO - Processing file /home/airflow/.local/lib/python3.12/site-packages/airflow/example_dags/tutorial.py for tasks to queue
[2026-03-25T11:37:49.499+0000] {logging_mixin.py:188} INFO - [2026-03-25T11:37:49.499+0000] {dagbag.py:540} INFO - Filling up the DagBag from /home/airflow/.local/lib/python3.12/site-packages/airflow/example_dags/tutorial.py
[2026-03-25T11:37:49.505+0000] {processor.py:840} INFO - DAG(s) 'tutorial' retrieved from /home/airflow/.local/lib/python3.12/site-packages/airflow/example_dags/tutorial.py
[2026-03-25T11:37:49.524+0000] {logging_mixin.py:188} INFO - [2026-03-25T11:37:49.524+0000] {dag.py:3096} INFO - Sync 1 DAGs
[2026-03-25T11:37:49.545+0000] {logging_mixin.py:188} INFO - [2026-03-25T11:37:49.545+0000] {dag.py:3954} INFO - Setting next_dagrun for tutorial to 2026-03-24 00:00:00+00:00, run_after=2026-03-25 00:00:00+00:00
[2026-03-25T11:37:49.586+0000] {processor.py:183} INFO - Processing /home/airflow/.local/lib/python3.12/site-packages/airflow/example_dags/tutorial.py took 0.096 seconds
[2026-03-25T11:38:21.865+0000] {processor.py:161} INFO - Started process (PID=482) to work on /home/airflow/.local/lib/python3.12/site-packages/airflow/example_dags/tutorial.py
[2026-03-25T11:38:21.867+0000] {processor.py:830} INFO - Processing file /home/airflow/.local/lib/python3.12/site-packages/airflow/example_dags/tutorial.py for tasks to queue
[2026-03-25T11:38:21.870+0000] {logging_mixin.py:188} INFO - [2026-03-25T11:38:21.870+0000] {dagbag.py:540} INFO - Filling up the DagBag from /home/airflow/.local/lib/python3.12/site-packages/airflow/example_dags/tutorial.py
[2026-03-25T11:38:21.878+0000] {processor.py:840} INFO - DAG(s) 'tutorial' retrieved from /home/airflow/.local/lib/python3.12/site-packages/airflow/example_dags/tutorial.py
[2026-03-25T11:38:21.899+0000] {logging_mixin.py:188} INFO - [2026-03-25T11:38:21.898+0000] {dag.py:3096} INFO - Sync 1 DAGs
[2026-03-25T11:38:21.925+0000] {logging_mixin.py:188} INFO - [2026-03-25T11:38:21.925+0000] {dag.py:3954} INFO - Setting next_dagrun for tutorial to 2026-03-24 00:00:00+00:00, run_after=2026-03-25 00:00:00+00:00
[2026-03-25T11:38:21.977+0000] {processor.py:183} INFO - Processing /home/airflow/.local/lib/python3.12/site-packages/airflow/example_dags/tutorial.py took 0.118 seconds
[2026-03-25T11:38:54.616+0000] {processor.py:161} INFO - Started process (PID=541) to work on /home/airflow/.local/lib/python3.12/site-packages/airflow/example_dags/tutorial.py
[2026-03-25T11:38:54.618+0000] {processor.py:830} INFO - Processing file /home/airflow/.local/lib/python3.12/site-packages/airflow/example_dags/tutorial.py for tasks to queue
[2026-03-25T11:38:54.619+0000] {logging_mixin.py:188} INFO - [2026-03-25T11:38:54.619+0000] {dagbag.py:540} INFO - Filling up the DagBag from /home/airflow/.local/lib/python3.12/site-packages/airflow/example_dags/tutorial.py
[2026-03-25T11:38:54.626+0000] {processor.py:840} INFO - DAG(s) 'tutorial' retrieved from /home/airflow/.local/lib/python3.12/site-packages/airflow/example_dags/tutorial.py
[2026-03-25T11:38:54.646+0000] {logging_mixin.py:188} INFO - [2026-03-25T11:38:54.646+0000] {dag.py:3096} INFO - Sync 1 DAGs
[2026-03-25T11:38:54.669+0000] {logging_mixin.py:188} INFO - [2026-03-25T11:38:54.668+0000] {dag.py:3954} INFO - Setting next_dagrun for tutorial to 2026-03-24 00:00:00+00:00, run_after=2026-03-25 00:00:00+00:00
[2026-03-25T11:38:54.715+0000] {processor.py:183} INFO - Processing /home/airflow/.local/lib/python3.12/site-packages/airflow/example_dags/tutorial.py took 0.106 seconds
[2026-03-25T11:39:27.347+0000] {processor.py:161} INFO - Started process (PID=600) to work on /home/airflow/.local/lib/python3.12/site-packages/airflow/example_dags/tutorial.py
[2026-03-25T11:39:27.348+0000] {processor.py:830} INFO - Processing file /home/airflow/.local/lib/python3.12/site-packages/airflow/example_dags/tutorial.py for tasks to queue
[2026-03-25T11:39:27.351+0000] {logging_mixin.py:188} INFO - [2026-03-25T11:39:27.351+0000] {dagbag.py:540} INFO - Filling up the DagBag from /home/airflow/.local/lib/python3.12/site-packages/airflow/example_dags/tutorial.py
[2026-03-25T11:39:27.358+0000] {processor.py:840} INFO - DAG(s) 'tutorial' retrieved from /home/airflow/.local/lib/python3.12/site-packages/airflow/example_dags/tutorial.py
[2026-03-25T11:39:27.383+0000] {logging_mixin.py:188} INFO - [2026-03-25T11:39:27.382+0000] {dag.py:3096} INFO - Sync 1 DAGs
[2026-03-25T11:39:27.411+0000] {logging_mixin.py:188} INFO - [2026-03-25T11:39:27.411+0000] {dag.py:3954} INFO - Setting next_dagrun for tutorial to 2026-03-24 00:00:00+00:00, run_after=2026-03-25 00:00:00+00:00
[2026-03-25T11:39:27.454+0000] {processor.py:183} INFO - Processing /home/airflow/.local/lib/python3.12/site-packages/airflow/example_dags/tutorial.py took 0.116 seconds
[2026-03-25T11:40:00.341+0000] {processor.py:161} INFO - Started process (PID=659) to work on /home/airflow/.local/lib/python3.12/site-packages/airflow/example_dags/tutorial.py
[2026-03-25T11:40:00.342+0000] {processor.py:830} INFO - Processing file /home/airflow/.local/lib/python3.12/site-packages/airflow/example_dags/tutorial.py for tasks to queue
[2026-03-25T11:40:00.344+0000] {logging_mixin.py:188} INFO - [2026-03-25T11:40:00.344+0000] {dagbag.py:540} INFO - Filling up the DagBag from /home/airflow/.local/lib/python3.12/site-packages/airflow/example_dags/tutorial.py
[2026-03-25T11:40:00.351+0000] {processor.py:840} INFO - DAG(s) 'tutorial' retrieved from /home/airflow/.local/lib/python3.12/site-packages/airflow/example_dags/tutorial.py
[2026-03-25T11:40:00.371+0000] {logging_mixin.py:188} INFO - [2026-03-25T11:40:00.370+0000] {dag.py:3096} INFO - Sync 1 DAGs
[2026-03-25T11:40:00.393+0000] {logging_mixin.py:188} INFO - [2026-03-25T11:40:00.393+0000] {dag.py:3954} INFO - Setting next_dagrun for tutorial to 2026-03-24 00:00:00+00:00, run_after=2026-03-25 00:00:00+00:00
[2026-03-25T11:40:00.438+0000] {processor.py:183} INFO - Processing /home/airflow/.local/lib/python3.12/site-packages/airflow/example_dags/tutorial.py took 0.102 seconds
[2026-03-25T11:40:32.700+0000] {processor.py:161} INFO - Started process (PID=718) to work on /home/airflow/.local/lib/python3.12/site-packages/airflow/example_dags/tutorial.py
[2026-03-25T11:40:32.701+0000] {processor.py:830} INFO - Processing file /home/airflow/.local/lib/python3.12/site-packages/airflow/example_dags/tutorial.py for tasks to queue
[2026-03-25T11:40:32.703+0000] {logging_mixin.py:188} INFO - [2026-03-25T11:40:32.703+0000] {dagbag.py:540} INFO - Filling up the DagBag from /home/airflow/.local/lib/python3.12/site-packages/airflow/example_dags/tutorial.py
[2026-03-25T11:40:32.709+0000] {processor.py:840} INFO - DAG(s) 'tutorial' retrieved from /home/airflow/.local/lib/python3.12/site-packages/airflow/example_dags/tutorial.py
[2026-03-25T11:40:32.730+0000] {logging_mixin.py:188} INFO - [2026-03-25T11:40:32.730+0000] {dag.py:3096} INFO - Sync 1 DAGs
[2026-03-25T11:40:32.752+0000] {logging_mixin.py:188} INFO - [2026-03-25T11:40:32.752+0000] {dag.py:3954} INFO - Setting next_dagrun for tutorial to 2026-03-24 00:00:00+00:00, run_after=2026-03-25 00:00:00+00:00
[2026-03-25T11:40:32.796+0000] {processor.py:183} INFO - Processing /home/airflow/.local/lib/python3.12/site-packages/airflow/example_dags/tutorial.py took 0.102 seconds
[2026-03-25T11:41:05.649+0000] {processor.py:161} INFO - Started process (PID=777) to work on /home/airflow/.local/lib/python3.12/site-packages/airflow/example_dags/tutorial.py
[2026-03-25T11:41:05.650+0000] {processor.py:830} INFO - Processing file /home/airflow/.local/lib/python3.12/site-packages/airflow/example_dags/tutorial.py for tasks to queue
[2026-03-25T11:41:05.652+0000] {logging_mixin.py:188} INFO - [2026-03-25T11:41:05.651+0000] {dagbag.py:540} INFO - Filling up the DagBag from /home/airflow/.local/lib/python3.12/site-packages/airflow/example_dags/tutorial.py
[2026-03-25T11:41:05.658+0000] {processor.py:840} INFO - DAG(s) 'tutorial' retrieved from /home/airflow/.local/lib/python3.12/site-packages/airflow/example_dags/tutorial.py
[2026-03-25T11:41:05.677+0000] {logging_mixin.py:188} INFO - [2026-03-25T11:41:05.677+0000] {dag.py:3096} INFO - Sync 1 DAGs
[2026-03-25T11:41:05.698+0000] {logging_mixin.py:188} INFO - [2026-03-25T11:41:05.698+0000] {dag.py:3954} INFO - Setting next_dagrun for tutorial to 2026-03-24 00:00:00+00:00, run_after=2026-03-25 00:00:00+00:00
[2026-03-25T11:41:05.743+0000] {processor.py:183} INFO - Processing /home/airflow/.local/lib/python3.12/site-packages/airflow/example_dags/tutorial.py took 0.100 seconds
[2026-03-25T11:41:39.858+0000] {processor.py:161} INFO - Started process (PID=836) to work on /home/airflow/.local/lib/python3.12/site-packages/airflow/example_dags/tutorial.py
[2026-03-25T11:41:39.859+0000] {processor.py:830} INFO - Processing file /home/airflow/.local/lib/python3.12/site-packages/airflow/example_dags/tutorial.py for tasks to queue
[2026-03-25T11:41:39.861+0000] {logging_mixin.py:188} INFO - [2026-03-25T11:41:39.861+0000] {dagbag.py:540} INFO - Filling up the DagBag from /home/airflow/.local/lib/python3.12/site-packages/airflow/example_dags/tutorial.py
[2026-03-25T11:41:39.867+0000] {processor.py:840} INFO - DAG(s) 'tutorial' retrieved from /home/airflow/.local/lib/python3.12/site-packages/airflow/example_dags/tutorial.py
[2026-03-25T11:41:39.887+0000] {logging_mixin.py:188} INFO - [2026-03-25T11:41:39.887+0000] {dag.py:3096} INFO - Sync 1 DAGs
[2026-03-25T11:41:39.909+0000] {logging_mixin.py:188} INFO - [2026-03-25T11:41:39.908+0000] {dag.py:3954} INFO - Setting next_dagrun for tutorial to 2026-03-24 00:00:00+00:00, run_after=2026-03-25 00:00:00+00:00
[2026-03-25T11:41:39.973+0000] {processor.py:183} INFO - Processing /home/airflow/.local/lib/python3.12/site-packages/airflow/example_dags/tutorial.py took 0.121 seconds
[2026-03-25T11:42:10.826+0000] {processor.py:161} INFO - Started process (PID=895) to work on /home/airflow/.local/lib/python3.12/site-packages/airflow/example_dags/tutorial.py
[2026-03-25T11:42:10.827+0000] {processor.py:830} INFO - Processing file /home/airflow/.local/lib/python3.12/site-packages/airflow/example_dags/tutorial.py for tasks to queue
[2026-03-25T11:42:10.829+0000] {logging_mixin.py:188} INFO - [2026-03-25T11:42:10.829+0000] {dagbag.py:540} INFO - Filling up the DagBag from /home/airflow/.local/lib/python3.12/site-packages/airflow/example_dags/tutorial.py
[2026-03-25T11:42:10.835+0000] {processor.py:840} INFO - DAG(s) 'tutorial' retrieved from /home/airflow/.local/lib/python3.12/site-packages/airflow/example_dags/tutorial.py
[2026-03-25T11:42:10.855+0000] {logging_mixin.py:188} INFO - [2026-03-25T11:42:10.854+0000] {dag.py:3096} INFO - Sync 1 DAGs
[2026-03-25T11:42:10.878+0000] {logging_mixin.py:188} INFO - [2026-03-25T11:42:10.877+0000] {dag.py:3954} INFO - Setting next_dagrun for tutorial to 2026-03-24 00:00:00+00:00, run_after=2026-03-25 00:00:00+00:00
[2026-03-25T11:42:10.919+0000] {processor.py:183} INFO - Processing /home/airflow/.local/lib/python3.12/site-packages/airflow/example_dags/tutorial.py took 0.098 seconds
[2026-03-25T11:42:43.771+0000] {processor.py:161} INFO - Started process (PID=954) to work on /home/airflow/.local/lib/python3.12/site-packages/airflow/example_dags/tutorial.py
[2026-03-25T11:42:43.772+0000] {processor.py:830} INFO - Processing file /home/airflow/.local/lib/python3.12/site-packages/airflow/example_dags/tutorial.py for tasks to queue
[2026-03-25T11:42:43.774+0000] {logging_mixin.py:188} INFO - [2026-03-25T11:42:43.774+0000] {dagbag.py:540} INFO - Filling up the DagBag from /home/airflow/.local/lib/python3.12/site-packages/airflow/example_dags/tutorial.py
[2026-03-25T11:42:43.782+0000] {processor.py:840} INFO - DAG(s) 'tutorial' retrieved from /home/airflow/.local/lib/python3.12/site-packages/airflow/example_dags/tutorial.py
[2026-03-25T11:42:43.806+0000] {logging_mixin.py:188} INFO - [2026-03-25T11:42:43.805+0000] {dag.py:3096} INFO - Sync 1 DAGs
[2026-03-25T11:42:43.834+0000] {logging_mixin.py:188} INFO - [2026-03-25T11:42:43.834+0000] {dag.py:3954} INFO - Setting next_dagrun for tutorial to 2026-03-24 00:00:00+00:00, run_after=2026-03-25 00:00:00+00:00
[2026-03-25T11:42:43.879+0000] {processor.py:183} INFO - Processing /home/airflow/.local/lib/python3.12/site-packages/airflow/example_dags/tutorial.py took 0.114 seconds
[2026-03-25T11:43:17.228+0000] {processor.py:161} INFO - Started process (PID=1013) to work on /home/airflow/.local/lib/python3.12/site-packages/airflow/example_dags/tutorial.py
[2026-03-25T11:43:17.229+0000] {processor.py:830} INFO - Processing file /home/airflow/.local/lib/python3.12/site-packages/airflow/example_dags/tutorial.py for tasks to queue
[2026-03-25T11:43:17.232+0000] {logging_mixin.py:188} INFO - [2026-03-25T11:43:17.231+0000] {dagbag.py:540} INFO - Filling up the DagBag from /home/airflow/.local/lib/python3.12/site-packages/airflow/example_dags/tutorial.py
[2026-03-25T11:43:17.237+0000] {processor.py:840} INFO - DAG(s) 'tutorial' retrieved from /home/airflow/.local/lib/python3.12/site-packages/airflow/example_dags/tutorial.py
[2026-03-25T11:43:17.257+0000] {logging_mixin.py:188} INFO - [2026-03-25T11:43:17.257+0000] {dag.py:3096} INFO - Sync 1 DAGs
[2026-03-25T11:43:17.282+0000] {logging_mixin.py:188} INFO - [2026-03-25T11:43:17.281+0000] {dag.py:3954} INFO - Setting next_dagrun for tutorial to 2026-03-24 00:00:00+00:00, run_after=2026-03-25 00:00:00+00:00
[2026-03-25T11:43:17.323+0000] {processor.py:183} INFO - Processing /home/airflow/.local/lib/python3.12/site-packages/airflow/example_dags/tutorial.py took 0.102 seconds
[2026-03-25T11:43:49.428+0000] {processor.py:161} INFO - Started process (PID=1072) to work on /home/airflow/.local/lib/python3.12/site-packages/airflow/example_dags/tutorial.py
[2026-03-25T11:43:49.429+0000] {processor.py:830} INFO - Processing file /home/airflow/.local/lib/python3.12/site-packages/airflow/example_dags/tutorial.py for tasks to queue
[2026-03-25T11:43:49.431+0000] {logging_mixin.py:188} INFO - [2026-03-25T11:43:49.431+0000] {dagbag.py:540} INFO - Filling up the DagBag from /home/airflow/.local/lib/python3.12/site-packages/airflow/example_dags/tutorial.py
[2026-03-25T11:43:49.437+0000] {processor.py:840} INFO - DAG(s) 'tutorial' retrieved from /home/airflow/.local/lib/python3.12/site-packages/airflow/example_dags/tutorial.py
[2026-03-25T11:43:49.458+0000] {logging_mixin.py:188} INFO - [2026-03-25T11:43:49.458+0000] {dag.py:3096} INFO - Sync 1 DAGs
[2026-03-25T11:43:49.480+0000] {logging_mixin.py:188} INFO - [2026-03-25T11:43:49.479+0000] {dag.py:3954} INFO - Setting next_dagrun for tutorial to 2026-03-24 00:00:00+00:00, run_after=2026-03-25 00:00:00+00:00
[2026-03-25T11:43:49.521+0000] {processor.py:183} INFO - Processing /home/airflow/.local/lib/python3.12/site-packages/airflow/example_dags/tutorial.py took 0.098 seconds
[2026-03-25T11:44:21.920+0000] {processor.py:161} INFO - Started process (PID=1131) to work on /home/airflow/.local/lib/python3.12/site-packages/airflow/example_dags/tutorial.py
[2026-03-25T11:44:21.922+0000] {processor.py:830} INFO - Processing file /home/airflow/.local/lib/python3.12/site-packages/airflow/example_dags/tutorial.py for tasks to queue
[2026-03-25T11:44:21.924+0000] {logging_mixin.py:188} INFO - [2026-03-25T11:44:21.923+0000] {dagbag.py:540} INFO - Filling up the DagBag from /home/airflow/.local/lib/python3.12/site-packages/airflow/example_dags/tutorial.py
[2026-03-25T11:44:21.931+0000] {processor.py:840} INFO - DAG(s) 'tutorial' retrieved from /home/airflow/.local/lib/python3.12/site-packages/airflow/example_dags/tutorial.py
[2026-03-25T11:44:21.951+0000] {logging_mixin.py:188} INFO - [2026-03-25T11:44:21.951+0000] {dag.py:3096} INFO - Sync 1 DAGs
[2026-03-25T11:44:21.974+0000] {logging_mixin.py:188} INFO - [2026-03-25T11:44:21.974+0000] {dag.py:3954} INFO - Setting next_dagrun for tutorial to 2026-03-24 00:00:00+00:00, run_after=2026-03-25 00:00:00+00:00
[2026-03-25T11:44:22.031+0000] {processor.py:183} INFO - Processing /home/airflow/.local/lib/python3.12/site-packages/airflow/example_dags/tutorial.py took 0.118 seconds
[2026-03-25T11:44:54.965+0000] {processor.py:161} INFO - Started process (PID=1190) to work on /home/airflow/.local/lib/python3.12/site-packages/airflow/example_dags/tutorial.py
[2026-03-25T11:44:54.966+0000] {processor.py:830} INFO - Processing file /home/airflow/.local/lib/python3.12/site-packages/airflow/example_dags/tutorial.py for tasks to queue
[2026-03-25T11:44:54.968+0000] {logging_mixin.py:188} INFO - [2026-03-25T11:44:54.967+0000] {dagbag.py:540} INFO - Filling up the DagBag from /home/airflow/.local/lib/python3.12/site-packages/airflow/example_dags/tutorial.py
[2026-03-25T11:44:54.973+0000] {processor.py:840} INFO - DAG(s) 'tutorial' retrieved from /home/airflow/.local/lib/python3.12/site-packages/airflow/example_dags/tutorial.py
[2026-03-25T11:44:54.992+0000] {logging_mixin.py:188} INFO - [2026-03-25T11:44:54.992+0000] {dag.py:3096} INFO - Sync 1 DAGs
[2026-03-25T11:44:55.015+0000] {logging_mixin.py:188} INFO - [2026-03-25T11:44:55.014+0000] {dag.py:3954} INFO - Setting next_dagrun for tutorial to 2026-03-24 00:00:00+00:00, run_after=2026-03-25 00:00:00+00:00
[2026-03-25T11:44:55.051+0000] {processor.py:183} INFO - Processing /home/airflow/.local/lib/python3.12/site-packages/airflow/example_dags/tutorial.py took 0.092 seconds
[2026-03-25T11:45:27.838+0000] {processor.py:161} INFO - Started process (PID=1249) to work on /home/airflow/.local/lib/python3.12/site-packages/airflow/example_dags/tutorial.py
[2026-03-25T11:45:27.839+0000] {processor.py:830} INFO - Processing file /home/airflow/.local/lib/python3.12/site-packages/airflow/example_dags/tutorial.py for tasks to queue
[2026-03-25T11:45:27.841+0000] {logging_mixin.py:188} INFO - [2026-03-25T11:45:27.840+0000] {dagbag.py:540} INFO - Filling up the DagBag from /home/airflow/.local/lib/python3.12/site-packages/airflow/example_dags/tutorial.py
[2026-03-25T11:45:27.846+0000] {processor.py:840} INFO - DAG(s) 'tutorial' retrieved from /home/airflow/.local/lib/python3.12/site-packages/airflow/example_dags/tutorial.py
[2026-03-25T11:45:27.866+0000] {logging_mixin.py:188} INFO - [2026-03-25T11:45:27.866+0000] {dag.py:3096} INFO - Sync 1 DAGs
[2026-03-25T11:45:27.889+0000] {logging_mixin.py:188} INFO - [2026-03-25T11:45:27.889+0000] {dag.py:3954} INFO - Setting next_dagrun for tutorial to 2026-03-24 00:00:00+00:00, run_after=2026-03-25 00:00:00+00:00
[2026-03-25T11:45:27.949+0000] {processor.py:183} INFO - Processing /home/airflow/.local/lib/python3.12/site-packages/airflow/example_dags/tutorial.py took 0.117 seconds
[2026-03-25T11:46:00.142+0000] {processor.py:161} INFO - Started process (PID=1308) to work on /home/airflow/.local/lib/python3.12/site-packages/airflow/example_dags/tutorial.py
[2026-03-25T11:46:00.143+0000] {processor.py:830} INFO - Processing file /home/airflow/.local/lib/python3.12/site-packages/airflow/example_dags/tutorial.py for tasks to queue
[2026-03-25T11:46:00.146+0000] {logging_mixin.py:188} INFO - [2026-03-25T11:46:00.145+0000] {dagbag.py:540} INFO - Filling up the DagBag from /home/airflow/.local/lib/python3.12/site-packages/airflow/example_dags/tutorial.py
[2026-03-25T11:46:00.153+0000] {processor.py:840} INFO - DAG(s) 'tutorial' retrieved from /home/airflow/.local/lib/python3.12/site-packages/airflow/example_dags/tutorial.py
[2026-03-25T11:46:00.174+0000] {logging_mixin.py:188} INFO - [2026-03-25T11:46:00.174+0000] {dag.py:3096} INFO - Sync 1 DAGs
[2026-03-25T11:46:00.199+0000] {logging_mixin.py:188} INFO - [2026-03-25T11:46:00.199+0000] {dag.py:3954} INFO - Setting next_dagrun for tutorial to 2026-03-24 00:00:00+00:00, run_after=2026-03-25 00:00:00+00:00
[2026-03-25T11:46:00.254+0000] {processor.py:183} INFO - Processing /home/airflow/.local/lib/python3.12/site-packages/airflow/example_dags/tutorial.py took 0.119 seconds
[2026-03-25T11:46:33.015+0000] {processor.py:161} INFO - Started process (PID=1367) to work on /home/airflow/.local/lib/python3.12/site-packages/airflow/example_dags/tutorial.py
[2026-03-25T11:46:33.016+0000] {processor.py:830} INFO - Processing file /home/airflow/.local/lib/python3.12/site-packages/airflow/example_dags/tutorial.py for tasks to queue
[2026-03-25T11:46:33.018+0000] {logging_mixin.py:188} INFO - [2026-03-25T11:46:33.018+0000] {dagbag.py:540} INFO - Filling up the DagBag from /home/airflow/.local/lib/python3.12/site-packages/airflow/example_dags/tutorial.py
[2026-03-25T11:46:33.024+0000] {processor.py:840} INFO - DAG(s) 'tutorial' retrieved from /home/airflow/.local/lib/python3.12/site-packages/airflow/example_dags/tutorial.py
[2026-03-25T11:46:33.047+0000] {logging_mixin.py:188} INFO - [2026-03-25T11:46:33.047+0000] {dag.py:3096} INFO - Sync 1 DAGs
[2026-03-25T11:46:33.075+0000] {logging_mixin.py:188} INFO - [2026-03-25T11:46:33.075+0000] {dag.py:3954} INFO - Setting next_dagrun for tutorial to 2026-03-24 00:00:00+00:00, run_after=2026-03-25 00:00:00+00:00
[2026-03-25T11:46:33.136+0000] {processor.py:183} INFO - Processing /home/airflow/.local/lib/python3.12/site-packages/airflow/example_dags/tutorial.py took 0.128 seconds
[2026-03-25T11:47:06.450+0000] {processor.py:161} INFO - Started process (PID=1426) to work on /home/airflow/.local/lib/python3.12/site-packages/airflow/example_dags/tutorial.py
[2026-03-25T11:47:06.451+0000] {processor.py:830} INFO - Processing file /home/airflow/.local/lib/python3.12/site-packages/airflow/example_dags/tutorial.py for tasks to queue
[2026-03-25T11:47:06.454+0000] {logging_mixin.py:188} INFO - [2026-03-25T11:47:06.453+0000] {dagbag.py:540} INFO - Filling up the DagBag from /home/airflow/.local/lib/python3.12/site-packages/airflow/example_dags/tutorial.py
[2026-03-25T11:47:06.464+0000] {processor.py:840} INFO - DAG(s) 'tutorial' retrieved from /home/airflow/.local/lib/python3.12/site-packages/airflow/example_dags/tutorial.py
[2026-03-25T11:47:06.499+0000] {logging_mixin.py:188} INFO - [2026-03-25T11:47:06.499+0000] {dag.py:3096} INFO - Sync 1 DAGs
[2026-03-25T11:47:06.535+0000] {logging_mixin.py:188} INFO - [2026-03-25T11:47:06.535+0000] {dag.py:3954} INFO - Setting next_dagrun for tutorial to 2026-03-24 00:00:00+00:00, run_after=2026-03-25 00:00:00+00:00
[2026-03-25T11:47:06.588+0000] {processor.py:183} INFO - Processing /home/airflow/.local/lib/python3.12/site-packages/airflow/example_dags/tutorial.py took 0.149 seconds
[2026-03-25T11:47:41.018+0000] {processor.py:161} INFO - Started process (PID=1486) to work on /home/airflow/.local/lib/python3.12/site-packages/airflow/example_dags/tutorial.py
[2026-03-25T11:47:41.019+0000] {processor.py:830} INFO - Processing file /home/airflow/.local/lib/python3.12/site-packages/airflow/example_dags/tutorial.py for tasks to queue
[2026-03-25T11:47:41.022+0000] {logging_mixin.py:188} INFO - [2026-03-25T11:47:41.021+0000] {dagbag.py:540} INFO - Filling up the DagBag from /home/airflow/.local/lib/python3.12/site-packages/airflow/example_dags/tutorial.py
[2026-03-25T11:47:41.029+0000] {processor.py:840} INFO - DAG(s) 'tutorial' retrieved from /home/airflow/.local/lib/python3.12/site-packages/airflow/example_dags/tutorial.py
[2026-03-25T11:47:41.053+0000] {logging_mixin.py:188} INFO - [2026-03-25T11:47:41.052+0000] {dag.py:3096} INFO - Sync 1 DAGs
[2026-03-25T11:47:41.099+0000] {logging_mixin.py:188} INFO - [2026-03-25T11:47:41.098+0000] {dag.py:3954} INFO - Setting next_dagrun for tutorial to 2026-03-24 00:00:00+00:00, run_after=2026-03-25 00:00:00+00:00
[2026-03-25T11:47:41.184+0000] {processor.py:183} INFO - Processing /home/airflow/.local/lib/python3.12/site-packages/airflow/example_dags/tutorial.py took 0.173 seconds
[2026-03-25T11:48:11.232+0000] {processor.py:161} INFO - Started process (PID=1545) to work on /home/airflow/.local/lib/python3.12/site-packages/airflow/example_dags/tutorial.py
[2026-03-25T11:48:11.233+0000] {processor.py:830} INFO - Processing file /home/airflow/.local/lib/python3.12/site-packages/airflow/example_dags/tutorial.py for tasks to queue
[2026-03-25T11:48:11.235+0000] {logging_mixin.py:188} INFO - [2026-03-25T11:48:11.235+0000] {dagbag.py:540} INFO - Filling up the DagBag from /home/airflow/.local/lib/python3.12/site-packages/airflow/example_dags/tutorial.py
[2026-03-25T11:48:11.241+0000] {processor.py:840} INFO - DAG(s) 'tutorial' retrieved from /home/airflow/.local/lib/python3.12/site-packages/airflow/example_dags/tutorial.py
[2026-03-25T11:48:11.260+0000] {logging_mixin.py:188} INFO - [2026-03-25T11:48:11.260+0000] {dag.py:3096} INFO - Sync 1 DAGs
[2026-03-25T11:48:11.281+0000] {logging_mixin.py:188} INFO - [2026-03-25T11:48:11.281+0000] {dag.py:3954} INFO - Setting next_dagrun for tutorial to 2026-03-24 00:00:00+00:00, run_after=2026-03-25 00:00:00+00:00
[2026-03-25T11:48:11.359+0000] {processor.py:183} INFO - Processing /home/airflow/.local/lib/python3.12/site-packages/airflow/example_dags/tutorial.py took 0.132 seconds
[2026-03-25T11:48:43.724+0000] {processor.py:161} INFO - Started process (PID=1604) to work on /home/airflow/.local/lib/python3.12/site-packages/airflow/example_dags/tutorial.py
[2026-03-25T11:48:43.725+0000] {processor.py:830} INFO - Processing file /home/airflow/.local/lib/python3.12/site-packages/airflow/example_dags/tutorial.py for tasks to queue
[2026-03-25T11:48:43.727+0000] {logging_mixin.py:188} INFO - [2026-03-25T11:48:43.727+0000] {dagbag.py:540} INFO - Filling up the DagBag from /home/airflow/.local/lib/python3.12/site-packages/airflow/example_dags/tutorial.py
[2026-03-25T11:48:43.733+0000] {processor.py:840} INFO - DAG(s) 'tutorial' retrieved from /home/airflow/.local/lib/python3.12/site-packages/airflow/example_dags/tutorial.py
[2026-03-25T11:48:43.755+0000] {logging_mixin.py:188} INFO - [2026-03-25T11:48:43.754+0000] {dag.py:3096} INFO - Sync 1 DAGs
[2026-03-25T11:48:43.776+0000] {logging_mixin.py:188} INFO - [2026-03-25T11:48:43.776+0000] {dag.py:3954} INFO - Setting next_dagrun for tutorial to 2026-03-24 00:00:00+00:00, run_after=2026-03-25 00:00:00+00:00
[2026-03-25T11:48:43.819+0000] {processor.py:183} INFO - Processing /home/airflow/.local/lib/python3.12/site-packages/airflow/example_dags/tutorial.py took 0.100 seconds
[2026-03-25T11:49:16.633+0000] {processor.py:161} INFO - Started process (PID=1663) to work on /home/airflow/.local/lib/python3.12/site-packages/airflow/example_dags/tutorial.py
[2026-03-25T11:49:16.634+0000] {processor.py:830} INFO - Processing file /home/airflow/.local/lib/python3.12/site-packages/airflow/example_dags/tutorial.py for tasks to queue
[2026-03-25T11:49:16.637+0000] {logging_mixin.py:188} INFO - [2026-03-25T11:49:16.637+0000] {dagbag.py:540} INFO - Filling up the DagBag from /home/airflow/.local/lib/python3.12/site-packages/airflow/example_dags/tutorial.py
[2026-03-25T11:49:16.645+0000] {processor.py:840} INFO - DAG(s) 'tutorial' retrieved from /home/airflow/.local/lib/python3.12/site-packages/airflow/example_dags/tutorial.py
[2026-03-25T11:49:16.672+0000] {logging_mixin.py:188} INFO - [2026-03-25T11:49:16.672+0000] {dag.py:3096} INFO - Sync 1 DAGs
[2026-03-25T11:49:16.697+0000] {logging_mixin.py:188} INFO - [2026-03-25T11:49:16.697+0000] {dag.py:3954} INFO - Setting next_dagrun for tutorial to 2026-03-24 00:00:00+00:00, run_after=2026-03-25 00:00:00+00:00
[2026-03-25T11:49:16.795+0000] {processor.py:183} INFO - Processing /home/airflow/.local/lib/python3.12/site-packages/airflow/example_dags/tutorial.py took 0.169 seconds
[2026-03-25T11:49:49.475+0000] {processor.py:161} INFO - Started process (PID=1722) to work on /home/airflow/.local/lib/python3.12/site-packages/airflow/example_dags/tutorial.py
[2026-03-25T11:49:49.476+0000] {processor.py:830} INFO - Processing file /home/airflow/.local/lib/python3.12/site-packages/airflow/example_dags/tutorial.py for tasks to queue
[2026-03-25T11:49:49.480+0000] {logging_mixin.py:188} INFO - [2026-03-25T11:49:49.479+0000] {dagbag.py:540} INFO - Filling up the DagBag from /home/airflow/.local/lib/python3.12/site-packages/airflow/example_dags/tutorial.py
[2026-03-25T11:49:49.487+0000] {processor.py:840} INFO - DAG(s) 'tutorial' retrieved from /home/airflow/.local/lib/python3.12/site-packages/airflow/example_dags/tutorial.py
[2026-03-25T11:49:49.513+0000] {logging_mixin.py:188} INFO - [2026-03-25T11:49:49.513+0000] {dag.py:3096} INFO - Sync 1 DAGs
[2026-03-25T11:49:49.546+0000] {logging_mixin.py:188} INFO - [2026-03-25T11:49:49.545+0000] {dag.py:3954} INFO - Setting next_dagrun for tutorial to 2026-03-24 00:00:00+00:00, run_after=2026-03-25 00:00:00+00:00
[2026-03-25T11:49:49.597+0000] {processor.py:183} INFO - Processing /home/airflow/.local/lib/python3.12/site-packages/airflow/example_dags/tutorial.py took 0.130 seconds
[2026-03-25T11:50:21.812+0000] {processor.py:161} INFO - Started process (PID=1781) to work on /home/airflow/.local/lib/python3.12/site-packages/airflow/example_dags/tutorial.py
[2026-03-25T11:50:21.813+0000] {processor.py:830} INFO - Processing file /home/airflow/.local/lib/python3.12/site-packages/airflow/example_dags/tutorial.py for tasks to queue
[2026-03-25T11:50:21.815+0000] {logging_mixin.py:188} INFO - [2026-03-25T11:50:21.815+0000] {dagbag.py:540} INFO - Filling up the DagBag from /home/airflow/.local/lib/python3.12/site-packages/airflow/example_dags/tutorial.py
[2026-03-25T11:50:21.821+0000] {processor.py:840} INFO - DAG(s) 'tutorial' retrieved from /home/airflow/.local/lib/python3.12/site-packages/airflow/example_dags/tutorial.py
[2026-03-25T11:50:21.840+0000] {logging_mixin.py:188} INFO - [2026-03-25T11:50:21.840+0000] {dag.py:3096} INFO - Sync 1 DAGs
[2026-03-25T11:50:21.862+0000] {logging_mixin.py:188} INFO - [2026-03-25T11:50:21.862+0000] {dag.py:3954} INFO - Setting next_dagrun for tutorial to 2026-03-24 00:00:00+00:00, run_after=2026-03-25 00:00:00+00:00
[2026-03-25T11:50:21.928+0000] {processor.py:183} INFO - Processing /home/airflow/.local/lib/python3.12/site-packages/airflow/example_dags/tutorial.py took 0.122 seconds
