[2026-03-25T11:21:52.526+0000] {local_task_job_runner.py:120} INFO - ::group::Pre task execution logs
[2026-03-25T11:21:52.546+0000] {taskinstance.py:2073} INFO - Dependencies all met for dep_context=non-requeueable deps ti=<TaskInstance: football_medallion_pipeline.run_gold_aggregations manual__2026-03-23T08:13:48.463703+00:00 [queued]>
[2026-03-25T11:21:52.554+0000] {taskinstance.py:2073} INFO - Dependencies all met for dep_context=requeueable deps ti=<TaskInstance: football_medallion_pipeline.run_gold_aggregations manual__2026-03-23T08:13:48.463703+00:00 [queued]>
[2026-03-25T11:21:52.554+0000] {taskinstance.py:2303} INFO - Starting attempt 5 of 6
[2026-03-25T11:21:52.600+0000] {taskinstance.py:2327} INFO - Executing <Task(BashOperator): run_gold_aggregations> on 2026-03-23 08:13:48.463703+00:00
[2026-03-25T11:21:52.608+0000] {warnings.py:110} WARNING - /home/***/.local/lib/python3.12/site-packages/***/task/task_runner/standard_task_runner.py:61: DeprecationWarning: This process (pid=359) is multi-threaded, use of fork() may lead to deadlocks in the child.
  pid = os.fork()

[2026-03-25T11:21:52.611+0000] {standard_task_runner.py:63} INFO - Started process 361 to run task
[2026-03-25T11:21:52.610+0000] {standard_task_runner.py:90} INFO - Running: ['***', 'tasks', 'run', 'football_medallion_pipeline', 'run_gold_aggregations', 'manual__2026-03-23T08:13:48.463703+00:00', '--job-id', '62', '--raw', '--subdir', 'DAGS_FOLDER/football_master_dag.py', '--cfg-path', '/tmp/tmpjkkiuyfe']
[2026-03-25T11:21:52.614+0000] {standard_task_runner.py:91} INFO - Job 62: Subtask run_gold_aggregations
[2026-03-25T11:21:52.693+0000] {task_command.py:426} INFO - Running <TaskInstance: football_medallion_pipeline.run_gold_aggregations manual__2026-03-23T08:13:48.463703+00:00 [running]> on host 90497c2a9dff
[2026-03-25T11:21:52.852+0000] {taskinstance.py:2644} INFO - Exporting env vars: AIRFLOW_CTX_DAG_OWNER='data_engineer' AIRFLOW_CTX_DAG_ID='football_medallion_pipeline' AIRFLOW_CTX_TASK_ID='run_gold_aggregations' AIRFLOW_CTX_EXECUTION_DATE='2026-03-23T08:13:48.463703+00:00' AIRFLOW_CTX_TRY_NUMBER='5' AIRFLOW_CTX_DAG_RUN_ID='manual__2026-03-23T08:13:48.463703+00:00'
[2026-03-25T11:21:52.855+0000] {taskinstance.py:430} INFO - ::endgroup::
[2026-03-25T11:21:52.856+0000] {subprocess.py:63} INFO - Tmp dir root location: /tmp
[2026-03-25T11:21:52.857+0000] {subprocess.py:75} INFO - Running command: ['/usr/bin/bash', '-c', 'python /opt/***/dags/gold_pipeline.py ']
[2026-03-25T11:21:52.869+0000] {subprocess.py:86} INFO - Output:
[2026-03-25T11:21:55.211+0000] {subprocess.py:93} INFO - :: loading settings :: url = jar:file:/home/***/.local/lib/python3.12/site-packages/pyspark/jars/ivy-2.5.1.jar!/org/apache/ivy/core/settings/ivysettings.xml
[2026-03-25T11:21:55.290+0000] {subprocess.py:93} INFO - Ivy Default Cache set to: /root/.ivy2/cache
[2026-03-25T11:21:55.291+0000] {subprocess.py:93} INFO - The jars for the packages stored in: /root/.ivy2/jars
[2026-03-25T11:21:55.295+0000] {subprocess.py:93} INFO - io.delta#delta-spark_2.12 added as a dependency
[2026-03-25T11:21:55.296+0000] {subprocess.py:93} INFO - :: resolving dependencies :: org.apache.spark#spark-submit-parent-d2c674cc-7da3-48e5-ae36-c344cdb09ec7;1.0
[2026-03-25T11:21:55.297+0000] {subprocess.py:93} INFO - 	confs: [default]
[2026-03-25T11:21:55.559+0000] {subprocess.py:93} INFO - 	found io.delta#delta-spark_2.12;3.1.0 in central
[2026-03-25T11:21:55.602+0000] {subprocess.py:93} INFO - 	found io.delta#delta-storage;3.1.0 in central
[2026-03-25T11:21:55.633+0000] {subprocess.py:93} INFO - 	found org.antlr#antlr4-runtime;4.9.3 in central
[2026-03-25T11:21:55.656+0000] {subprocess.py:93} INFO - :: resolution report :: resolve 350ms :: artifacts dl 10ms
[2026-03-25T11:21:55.657+0000] {subprocess.py:93} INFO - 	:: modules in use:
[2026-03-25T11:21:55.658+0000] {subprocess.py:93} INFO - 	io.delta#delta-spark_2.12;3.1.0 from central in [default]
[2026-03-25T11:21:55.658+0000] {subprocess.py:93} INFO - 	io.delta#delta-storage;3.1.0 from central in [default]
[2026-03-25T11:21:55.659+0000] {subprocess.py:93} INFO - 	org.antlr#antlr4-runtime;4.9.3 from central in [default]
[2026-03-25T11:21:55.659+0000] {subprocess.py:93} INFO - 	---------------------------------------------------------------------
[2026-03-25T11:21:55.660+0000] {subprocess.py:93} INFO - 	|                  |            modules            ||   artifacts   |
[2026-03-25T11:21:55.660+0000] {subprocess.py:93} INFO - 	|       conf       | number| search|dwnlded|evicted|| number|dwnlded|
[2026-03-25T11:21:55.661+0000] {subprocess.py:93} INFO - 	---------------------------------------------------------------------
[2026-03-25T11:21:55.661+0000] {subprocess.py:93} INFO - 	|      default     |   3   |   0   |   0   |   0   ||   3   |   0   |
[2026-03-25T11:21:55.662+0000] {subprocess.py:93} INFO - 	---------------------------------------------------------------------
[2026-03-25T11:21:55.662+0000] {subprocess.py:93} INFO - :: retrieving :: org.apache.spark#spark-submit-parent-d2c674cc-7da3-48e5-ae36-c344cdb09ec7
[2026-03-25T11:21:55.663+0000] {subprocess.py:93} INFO - 	confs: [default]
[2026-03-25T11:21:55.668+0000] {subprocess.py:93} INFO - 	0 artifacts copied, 3 already retrieved (0kB/6ms)
[2026-03-25T11:21:55.858+0000] {subprocess.py:93} INFO - 26/03/25 11:21:55 WARN NativeCodeLoader: Unable to load native-hadoop library for your platform... using builtin-java classes where applicable
[2026-03-25T11:21:56.067+0000] {subprocess.py:93} INFO - Setting default log level to "WARN".
[2026-03-25T11:21:56.068+0000] {subprocess.py:93} INFO - To adjust logging level use sc.setLogLevel(newLevel). For SparkR, use setLogLevel(newLevel).
[2026-03-25T11:22:24.379+0000] {subprocess.py:93} INFO - [Stage 4:>                                                        (0 + 12) / 50][Stage 4:=============>                                          (12 + 12) / 50][Stage 4:======================================>                 (34 + 12) / 50][Stage 4:======================================================>  (48 + 2) / 50]                                                                                [Stage 10:=========================>                             (23 + 12) / 50][Stage 10:===============================================>        (42 + 8) / 50]                                                                                [Stage 11:>                                                         (0 + 7) / 7]                                                                                Starting Phase 3: Gold Layer Pipeline...
[2026-03-25T11:22:24.380+0000] {subprocess.py:93} INFO - Spark Session Started.
[2026-03-25T11:22:24.380+0000] {subprocess.py:93} INFO - 
[2026-03-25T11:22:24.381+0000] {subprocess.py:93} INFO -  Processing: gold_player_scoring_stats...
[2026-03-25T11:22:24.382+0000] {subprocess.py:93} INFO -  Saved: player_scoring_stats (Delta)
[2026-03-25T11:22:24.382+0000] {subprocess.py:93} INFO -  Exported JSON for API: players.json
[2026-03-25T11:22:24.383+0000] {subprocess.py:93} INFO - 
[2026-03-25T11:22:24.383+0000] {subprocess.py:93} INFO -  Processing: Team Dashboards (Summary, Trends, Tactics)...
[2026-03-25T11:22:24.384+0000] {subprocess.py:93} INFO - 
[2026-03-25T11:22:24.385+0000] {subprocess.py:93} INFO -  Pipeline Failed:
[2026-03-25T11:22:24.385+0000] {subprocess.py:93} INFO - [PARSE_SYNTAX_ERROR] Syntax error at or near '('.(line 4, pos 26)
[2026-03-25T11:22:24.386+0000] {subprocess.py:93} INFO - 
[2026-03-25T11:22:24.386+0000] {subprocess.py:93} INFO - == SQL ==
[2026-03-25T11:22:24.387+0000] {subprocess.py:93} INFO - 
[2026-03-25T11:22:24.388+0000] {subprocess.py:93} INFO -             WITH RankedFixtures AS (
[2026-03-25T11:22:24.388+0000] {subprocess.py:93} INFO -                 SELECT team_name, opponent as next_opponent, home_away as next_home_away,
[2026-03-25T11:22:24.389+0000] {subprocess.py:93} INFO -                 ROW NUMBER() OVER(PARTITION BY team_name ORDER BY fixture_date ASC) as rn
[2026-03-25T11:22:24.389+0000] {subprocess.py:93} INFO - --------------------------^^^
[2026-03-25T11:22:24.390+0000] {subprocess.py:93} INFO -                 FROM fixtures
[2026-03-25T11:22:24.390+0000] {subprocess.py:93} INFO -             )
[2026-03-25T11:22:24.391+0000] {subprocess.py:93} INFO -             SELECT team_name, next_opponent, next_home_away
[2026-03-25T11:22:24.392+0000] {subprocess.py:93} INFO -             FROM RankedFixtures
[2026-03-25T11:22:24.392+0000] {subprocess.py:93} INFO -             WHERE rn<=5
[2026-03-25T11:22:24.393+0000] {subprocess.py:93} INFO - 
[2026-03-25T11:22:24.393+0000] {subprocess.py:93} INFO - 
[2026-03-25T11:22:24.394+0000] {subprocess.py:93} INFO - Spark Session Closed.
[2026-03-25T11:22:24.789+0000] {subprocess.py:97} INFO - Command exited with return code 0
[2026-03-25T11:22:24.864+0000] {taskinstance.py:441} INFO - ::group::Post task execution logs
[2026-03-25T11:22:25.107+0000] {taskinstance.py:1205} INFO - Marking task as SUCCESS. dag_id=football_medallion_pipeline, task_id=run_gold_aggregations, execution_date=20260323T081348, start_date=20260325T112152, end_date=20260325T112225
[2026-03-25T11:22:25.218+0000] {local_task_job_runner.py:240} INFO - Task exited with return code 0
[2026-03-25T11:22:25.231+0000] {taskinstance.py:3482} INFO - 0 downstream tasks scheduled from follow-on schedule check
[2026-03-25T11:22:25.274+0000] {local_task_job_runner.py:222} INFO - ::endgroup::
