[2026-03-25T11:16:52.427+0000] {local_task_job_runner.py:120} INFO - ::group::Pre task execution logs
[2026-03-25T11:16:52.448+0000] {taskinstance.py:2073} INFO - Dependencies all met for dep_context=non-requeueable deps ti=<TaskInstance: football_medallion_pipeline.run_gold_aggregations manual__2026-03-23T08:13:48.463703+00:00 [queued]>
[2026-03-25T11:16:52.456+0000] {taskinstance.py:2073} INFO - Dependencies all met for dep_context=requeueable deps ti=<TaskInstance: football_medallion_pipeline.run_gold_aggregations manual__2026-03-23T08:13:48.463703+00:00 [queued]>
[2026-03-25T11:16:52.457+0000] {taskinstance.py:2303} INFO - Starting attempt 4 of 5
[2026-03-25T11:16:52.500+0000] {taskinstance.py:2327} INFO - Executing <Task(BashOperator): run_gold_aggregations> on 2026-03-23 08:13:48.463703+00:00
[2026-03-25T11:16:52.506+0000] {warnings.py:110} WARNING - /home/***/.local/lib/python3.12/site-packages/***/task/task_runner/standard_task_runner.py:61: DeprecationWarning: This process (pid=83) is multi-threaded, use of fork() may lead to deadlocks in the child.
  pid = os.fork()

[2026-03-25T11:16:52.509+0000] {standard_task_runner.py:63} INFO - Started process 85 to run task
[2026-03-25T11:16:52.507+0000] {standard_task_runner.py:90} INFO - Running: ['***', 'tasks', 'run', 'football_medallion_pipeline', 'run_gold_aggregations', 'manual__2026-03-23T08:13:48.463703+00:00', '--job-id', '61', '--raw', '--subdir', 'DAGS_FOLDER/football_master_dag.py', '--cfg-path', '/tmp/tmpu75rtqsz']
[2026-03-25T11:16:52.511+0000] {standard_task_runner.py:91} INFO - Job 61: Subtask run_gold_aggregations
[2026-03-25T11:16:52.590+0000] {task_command.py:426} INFO - Running <TaskInstance: football_medallion_pipeline.run_gold_aggregations manual__2026-03-23T08:13:48.463703+00:00 [running]> on host 90497c2a9dff
[2026-03-25T11:16:52.748+0000] {taskinstance.py:2644} INFO - Exporting env vars: AIRFLOW_CTX_DAG_OWNER='data_engineer' AIRFLOW_CTX_DAG_ID='football_medallion_pipeline' AIRFLOW_CTX_TASK_ID='run_gold_aggregations' AIRFLOW_CTX_EXECUTION_DATE='2026-03-23T08:13:48.463703+00:00' AIRFLOW_CTX_TRY_NUMBER='4' AIRFLOW_CTX_DAG_RUN_ID='manual__2026-03-23T08:13:48.463703+00:00'
[2026-03-25T11:16:52.750+0000] {taskinstance.py:430} INFO - ::endgroup::
[2026-03-25T11:16:52.752+0000] {subprocess.py:63} INFO - Tmp dir root location: /tmp
[2026-03-25T11:16:52.753+0000] {subprocess.py:75} INFO - Running command: ['/usr/bin/bash', '-c', 'python /opt/***/dags/gold_pipeline.py ']
[2026-03-25T11:16:52.762+0000] {subprocess.py:86} INFO - Output:
[2026-03-25T11:17:13.160+0000] {subprocess.py:93} INFO - :: loading settings :: url = jar:file:/home/***/.local/lib/python3.12/site-packages/pyspark/jars/ivy-2.5.1.jar!/org/apache/ivy/core/settings/ivysettings.xml
[2026-03-25T11:17:13.761+0000] {subprocess.py:93} INFO - Ivy Default Cache set to: /root/.ivy2/cache
[2026-03-25T11:17:13.763+0000] {subprocess.py:93} INFO - The jars for the packages stored in: /root/.ivy2/jars
[2026-03-25T11:17:13.783+0000] {subprocess.py:93} INFO - io.delta#delta-spark_2.12 added as a dependency
[2026-03-25T11:17:13.786+0000] {subprocess.py:93} INFO - :: resolving dependencies :: org.apache.spark#spark-submit-parent-93e972be-8a67-418b-895f-a04565c24e5c;1.0
[2026-03-25T11:17:13.788+0000] {subprocess.py:93} INFO - 	confs: [default]
[2026-03-25T11:17:16.355+0000] {subprocess.py:93} INFO - 	found io.delta#delta-spark_2.12;3.1.0 in central
[2026-03-25T11:17:16.486+0000] {subprocess.py:93} INFO - 	found io.delta#delta-storage;3.1.0 in central
[2026-03-25T11:17:17.281+0000] {subprocess.py:93} INFO - 	found org.antlr#antlr4-runtime;4.9.3 in central
[2026-03-25T11:17:17.331+0000] {subprocess.py:93} INFO - downloading https://repo1.maven.org/maven2/io/delta/delta-spark_2.12/3.1.0/delta-spark_2.12-3.1.0.jar ...
[2026-03-25T11:17:17.649+0000] {subprocess.py:93} INFO - 	[SUCCESSFUL ] io.delta#delta-spark_2.12;3.1.0!delta-spark_2.12.jar (358ms)
[2026-03-25T11:17:17.679+0000] {subprocess.py:93} INFO - downloading https://repo1.maven.org/maven2/io/delta/delta-storage/3.1.0/delta-storage-3.1.0.jar ...
[2026-03-25T11:17:17.714+0000] {subprocess.py:93} INFO - 	[SUCCESSFUL ] io.delta#delta-storage;3.1.0!delta-storage.jar (62ms)
[2026-03-25T11:17:17.748+0000] {subprocess.py:93} INFO - downloading https://repo1.maven.org/maven2/org/antlr/antlr4-runtime/4.9.3/antlr4-runtime-4.9.3.jar ...
[2026-03-25T11:17:17.828+0000] {subprocess.py:93} INFO - 	[SUCCESSFUL ] org.antlr#antlr4-runtime;4.9.3!antlr4-runtime.jar (110ms)
[2026-03-25T11:17:17.829+0000] {subprocess.py:93} INFO - :: resolution report :: resolve 3504ms :: artifacts dl 539ms
[2026-03-25T11:17:17.830+0000] {subprocess.py:93} INFO - 	:: modules in use:
[2026-03-25T11:17:17.831+0000] {subprocess.py:93} INFO - 	io.delta#delta-spark_2.12;3.1.0 from central in [default]
[2026-03-25T11:17:17.832+0000] {subprocess.py:93} INFO - 	io.delta#delta-storage;3.1.0 from central in [default]
[2026-03-25T11:17:17.833+0000] {subprocess.py:93} INFO - 	org.antlr#antlr4-runtime;4.9.3 from central in [default]
[2026-03-25T11:17:17.833+0000] {subprocess.py:93} INFO - 	---------------------------------------------------------------------
[2026-03-25T11:17:17.834+0000] {subprocess.py:93} INFO - 	|                  |            modules            ||   artifacts   |
[2026-03-25T11:17:17.835+0000] {subprocess.py:93} INFO - 	|       conf       | number| search|dwnlded|evicted|| number|dwnlded|
[2026-03-25T11:17:17.836+0000] {subprocess.py:93} INFO - 	---------------------------------------------------------------------
[2026-03-25T11:17:17.836+0000] {subprocess.py:93} INFO - 	|      default     |   3   |   3   |   3   |   0   ||   3   |   3   |
[2026-03-25T11:17:17.837+0000] {subprocess.py:93} INFO - 	---------------------------------------------------------------------
[2026-03-25T11:17:17.838+0000] {subprocess.py:93} INFO - :: retrieving :: org.apache.spark#spark-submit-parent-93e972be-8a67-418b-895f-a04565c24e5c
[2026-03-25T11:17:17.838+0000] {subprocess.py:93} INFO - 	confs: [default]
[2026-03-25T11:17:17.864+0000] {subprocess.py:93} INFO - 	3 artifacts copied, 0 already retrieved (5727kB/29ms)
[2026-03-25T11:17:18.739+0000] {subprocess.py:93} INFO - 26/03/25 11:17:18 WARN NativeCodeLoader: Unable to load native-hadoop library for your platform... using builtin-java classes where applicable
[2026-03-25T11:17:19.338+0000] {subprocess.py:93} INFO - Setting default log level to "WARN".
[2026-03-25T11:17:19.339+0000] {subprocess.py:93} INFO - To adjust logging level use sc.setLogLevel(newLevel). For SparkR, use setLogLevel(newLevel).
[2026-03-25T11:17:33.150+0000] {subprocess.py:93} INFO - [Stage 0:>                                                          (0 + 2) / 2]                                                                                Starting Phase 3: Gold Layer Pipeline...
[2026-03-25T11:17:33.151+0000] {subprocess.py:93} INFO - Spark Session Started.
[2026-03-25T11:17:33.152+0000] {subprocess.py:93} INFO - 
[2026-03-25T11:17:33.153+0000] {subprocess.py:93} INFO -  Processing: gold_player_scoring_stats...
[2026-03-25T11:17:33.154+0000] {subprocess.py:93} INFO - 
[2026-03-25T11:17:33.155+0000] {subprocess.py:93} INFO -  Pipeline Failed: [PATH_NOT_FOUND] Path does not exist: /opt/***/data_lake/silver/team_rosters.
[2026-03-25T11:17:33.156+0000] {subprocess.py:93} INFO - Spark Session Closed.
[2026-03-25T11:17:33.633+0000] {subprocess.py:97} INFO - Command exited with return code 0
[2026-03-25T11:17:33.635+0000] {taskinstance.py:441} INFO - ::group::Post task execution logs
[2026-03-25T11:17:33.681+0000] {taskinstance.py:1205} INFO - Marking task as SUCCESS. dag_id=football_medallion_pipeline, task_id=run_gold_aggregations, execution_date=20260323T081348, start_date=20260325T111652, end_date=20260325T111733
[2026-03-25T11:17:35.960+0000] {local_task_job_runner.py:240} INFO - Task exited with return code 0
[2026-03-25T11:17:35.972+0000] {taskinstance.py:3482} INFO - 0 downstream tasks scheduled from follow-on schedule check
[2026-03-25T11:17:36.004+0000] {local_task_job_runner.py:222} INFO - ::endgroup::
