[2026-03-23T08:27:40.970+0000] {local_task_job_runner.py:120} INFO - ::group::Pre task execution logs
[2026-03-23T08:27:40.989+0000] {taskinstance.py:2073} INFO - Dependencies all met for dep_context=non-requeueable deps ti=<TaskInstance: football_medallion_pipeline.run_gold_aggregations manual__2026-03-23T08:13:48.463703+00:00 [queued]>
[2026-03-23T08:27:40.996+0000] {taskinstance.py:2073} INFO - Dependencies all met for dep_context=requeueable deps ti=<TaskInstance: football_medallion_pipeline.run_gold_aggregations manual__2026-03-23T08:13:48.463703+00:00 [queued]>
[2026-03-23T08:27:40.997+0000] {taskinstance.py:2303} INFO - Starting attempt 1 of 2
[2026-03-23T08:27:41.042+0000] {taskinstance.py:2327} INFO - Executing <Task(BashOperator): run_gold_aggregations> on 2026-03-23 08:13:48.463703+00:00
[2026-03-23T08:27:41.048+0000] {warnings.py:110} WARNING - /home/***/.local/lib/python3.12/site-packages/***/task/task_runner/standard_task_runner.py:61: DeprecationWarning: This process (pid=1291) is multi-threaded, use of fork() may lead to deadlocks in the child.
  pid = os.fork()

[2026-03-23T08:27:41.050+0000] {standard_task_runner.py:63} INFO - Started process 1293 to run task
[2026-03-23T08:27:41.050+0000] {standard_task_runner.py:90} INFO - Running: ['***', 'tasks', 'run', 'football_medallion_pipeline', 'run_gold_aggregations', 'manual__2026-03-23T08:13:48.463703+00:00', '--job-id', '16', '--raw', '--subdir', 'DAGS_FOLDER/football_master_dag.py', '--cfg-path', '/tmp/tmpoojm4mkw']
[2026-03-23T08:27:41.052+0000] {standard_task_runner.py:91} INFO - Job 16: Subtask run_gold_aggregations
[2026-03-23T08:27:41.116+0000] {task_command.py:426} INFO - Running <TaskInstance: football_medallion_pipeline.run_gold_aggregations manual__2026-03-23T08:13:48.463703+00:00 [running]> on host 96c1c57b3a15
[2026-03-23T08:27:41.240+0000] {taskinstance.py:2644} INFO - Exporting env vars: AIRFLOW_CTX_DAG_OWNER='data_engineer' AIRFLOW_CTX_DAG_ID='football_medallion_pipeline' AIRFLOW_CTX_TASK_ID='run_gold_aggregations' AIRFLOW_CTX_EXECUTION_DATE='2026-03-23T08:13:48.463703+00:00' AIRFLOW_CTX_TRY_NUMBER='1' AIRFLOW_CTX_DAG_RUN_ID='manual__2026-03-23T08:13:48.463703+00:00'
[2026-03-23T08:27:41.242+0000] {taskinstance.py:430} INFO - ::endgroup::
[2026-03-23T08:27:41.243+0000] {subprocess.py:63} INFO - Tmp dir root location: /tmp
[2026-03-23T08:27:41.244+0000] {subprocess.py:75} INFO - Running command: ['/usr/bin/bash', '-c', 'python /opt/***/dags/gold_pipeline.py ']
[2026-03-23T08:27:41.254+0000] {subprocess.py:86} INFO - Output:
[2026-03-23T08:27:43.010+0000] {subprocess.py:93} INFO - :: loading settings :: url = jar:file:/home/***/.local/lib/python3.12/site-packages/pyspark/jars/ivy-2.5.1.jar!/org/apache/ivy/core/settings/ivysettings.xml
[2026-03-23T08:27:43.106+0000] {subprocess.py:93} INFO - Ivy Default Cache set to: /root/.ivy2/cache
[2026-03-23T08:27:43.107+0000] {subprocess.py:93} INFO - The jars for the packages stored in: /root/.ivy2/jars
[2026-03-23T08:27:43.112+0000] {subprocess.py:93} INFO - io.delta#delta-spark_2.12 added as a dependency
[2026-03-23T08:27:43.113+0000] {subprocess.py:93} INFO - :: resolving dependencies :: org.apache.spark#spark-submit-parent-e318d084-6704-4f72-9426-cbe63e1db96e;1.0
[2026-03-23T08:27:43.113+0000] {subprocess.py:93} INFO - 	confs: [default]
[2026-03-23T08:27:43.217+0000] {subprocess.py:93} INFO - 	found io.delta#delta-spark_2.12;3.1.0 in central
[2026-03-23T08:27:43.250+0000] {subprocess.py:93} INFO - 	found io.delta#delta-storage;3.1.0 in central
[2026-03-23T08:27:43.274+0000] {subprocess.py:93} INFO - 	found org.antlr#antlr4-runtime;4.9.3 in central
[2026-03-23T08:27:43.293+0000] {subprocess.py:93} INFO - :: resolution report :: resolve 172ms :: artifacts dl 9ms
[2026-03-23T08:27:43.294+0000] {subprocess.py:93} INFO - 	:: modules in use:
[2026-03-23T08:27:43.294+0000] {subprocess.py:93} INFO - 	io.delta#delta-spark_2.12;3.1.0 from central in [default]
[2026-03-23T08:27:43.295+0000] {subprocess.py:93} INFO - 	io.delta#delta-storage;3.1.0 from central in [default]
[2026-03-23T08:27:43.295+0000] {subprocess.py:93} INFO - 	org.antlr#antlr4-runtime;4.9.3 from central in [default]
[2026-03-23T08:27:43.296+0000] {subprocess.py:93} INFO - 	---------------------------------------------------------------------
[2026-03-23T08:27:43.296+0000] {subprocess.py:93} INFO - 	|                  |            modules            ||   artifacts   |
[2026-03-23T08:27:43.297+0000] {subprocess.py:93} INFO - 	|       conf       | number| search|dwnlded|evicted|| number|dwnlded|
[2026-03-23T08:27:43.297+0000] {subprocess.py:93} INFO - 	---------------------------------------------------------------------
[2026-03-23T08:27:43.298+0000] {subprocess.py:93} INFO - 	|      default     |   3   |   0   |   0   |   0   ||   3   |   0   |
[2026-03-23T08:27:43.298+0000] {subprocess.py:93} INFO - 	---------------------------------------------------------------------
[2026-03-23T08:27:43.299+0000] {subprocess.py:93} INFO - :: retrieving :: org.apache.spark#spark-submit-parent-e318d084-6704-4f72-9426-cbe63e1db96e
[2026-03-23T08:27:43.299+0000] {subprocess.py:93} INFO - 	confs: [default]
[2026-03-23T08:27:43.301+0000] {subprocess.py:93} INFO - 	0 artifacts copied, 3 already retrieved (0kB/4ms)
[2026-03-23T08:27:43.461+0000] {subprocess.py:93} INFO - 26/03/23 08:27:43 WARN NativeCodeLoader: Unable to load native-hadoop library for your platform... using builtin-java classes where applicable
[2026-03-23T08:27:43.643+0000] {subprocess.py:93} INFO - Setting default log level to "WARN".
[2026-03-23T08:27:43.644+0000] {subprocess.py:93} INFO - To adjust logging level use sc.setLogLevel(newLevel). For SparkR, use setLogLevel(newLevel).
[2026-03-23T08:27:52.729+0000] {subprocess.py:93} INFO - Starting Phase 3: Gold Layer Pipeline...
[2026-03-23T08:27:52.730+0000] {subprocess.py:93} INFO - 
[2026-03-23T08:27:52.730+0000] {subprocess.py:93} INFO -  Processing: gold_player_scoring_stats...
[2026-03-23T08:27:52.731+0000] {subprocess.py:93} INFO - 
[2026-03-23T08:27:52.732+0000] {subprocess.py:93} INFO -  Pipeline Failed: [PATH_NOT_FOUND] Path does not exist: data_lake/silver/player_matches.
[2026-03-23T08:27:52.732+0000] {subprocess.py:93} INFO - Spark Session Closed.
[2026-03-23T08:27:53.158+0000] {subprocess.py:97} INFO - Command exited with return code 0
[2026-03-23T08:27:53.159+0000] {taskinstance.py:441} INFO - ::group::Post task execution logs
[2026-03-23T08:27:53.230+0000] {taskinstance.py:1205} INFO - Marking task as SUCCESS. dag_id=football_medallion_pipeline, task_id=run_gold_aggregations, execution_date=20260323T081348, start_date=20260323T082740, end_date=20260323T082753
[2026-03-23T08:27:53.275+0000] {local_task_job_runner.py:240} INFO - Task exited with return code 0
[2026-03-23T08:27:53.290+0000] {taskinstance.py:3482} INFO - 0 downstream tasks scheduled from follow-on schedule check
[2026-03-23T08:27:53.324+0000] {local_task_job_runner.py:222} INFO - ::endgroup::
