[2026-03-23T08:43:06.262+0000] {local_task_job_runner.py:120} INFO - ::group::Pre task execution logs
[2026-03-23T08:43:06.281+0000] {taskinstance.py:2073} INFO - Dependencies all met for dep_context=non-requeueable deps ti=<TaskInstance: football_medallion_pipeline.run_bronze_scraper manual__2026-03-23T08:13:48.463703+00:00 [queued]>
[2026-03-23T08:43:06.287+0000] {taskinstance.py:2073} INFO - Dependencies all met for dep_context=requeueable deps ti=<TaskInstance: football_medallion_pipeline.run_bronze_scraper manual__2026-03-23T08:13:48.463703+00:00 [queued]>
[2026-03-23T08:43:06.288+0000] {taskinstance.py:2303} INFO - Starting attempt 4 of 5
[2026-03-23T08:43:06.335+0000] {taskinstance.py:2327} INFO - Executing <Task(BashOperator): run_bronze_scraper> on 2026-03-23 08:13:48.463703+00:00
[2026-03-23T08:43:06.341+0000] {warnings.py:110} WARNING - /home/***/.local/lib/python3.12/site-packages/***/task/task_runner/standard_task_runner.py:61: DeprecationWarning: This process (pid=1665) is multi-threaded, use of fork() may lead to deadlocks in the child.
  pid = os.fork()

[2026-03-23T08:43:06.342+0000] {standard_task_runner.py:63} INFO - Started process 1667 to run task
[2026-03-23T08:43:06.342+0000] {standard_task_runner.py:90} INFO - Running: ['***', 'tasks', 'run', 'football_medallion_pipeline', 'run_bronze_scraper', 'manual__2026-03-23T08:13:48.463703+00:00', '--job-id', '17', '--raw', '--subdir', 'DAGS_FOLDER/football_master_dag.py', '--cfg-path', '/tmp/tmpkmhlucf6']
[2026-03-23T08:43:06.345+0000] {standard_task_runner.py:91} INFO - Job 17: Subtask run_bronze_scraper
[2026-03-23T08:43:06.421+0000] {task_command.py:426} INFO - Running <TaskInstance: football_medallion_pipeline.run_bronze_scraper manual__2026-03-23T08:13:48.463703+00:00 [running]> on host 96c1c57b3a15
[2026-03-23T08:43:06.540+0000] {taskinstance.py:2644} INFO - Exporting env vars: AIRFLOW_CTX_DAG_OWNER='data_engineer' AIRFLOW_CTX_DAG_ID='football_medallion_pipeline' AIRFLOW_CTX_TASK_ID='run_bronze_scraper' AIRFLOW_CTX_EXECUTION_DATE='2026-03-23T08:13:48.463703+00:00' AIRFLOW_CTX_TRY_NUMBER='4' AIRFLOW_CTX_DAG_RUN_ID='manual__2026-03-23T08:13:48.463703+00:00'
[2026-03-23T08:43:06.542+0000] {taskinstance.py:430} INFO - ::endgroup::
[2026-03-23T08:43:06.543+0000] {subprocess.py:63} INFO - Tmp dir root location: /tmp
[2026-03-23T08:43:06.544+0000] {subprocess.py:75} INFO - Running command: ['/usr/bin/bash', '-c', 'python /opt/***/dags/bronze_scraper.py ']
[2026-03-23T08:43:06.554+0000] {subprocess.py:86} INFO - Output:
[2026-03-23T08:44:45.456+0000] {subprocess.py:93} INFO - 
[2026-03-23T08:44:45.460+0000] {subprocess.py:93} INFO - === PHASE 1: LEAGUE STANDINGS ===
[2026-03-23T08:44:45.463+0000] {subprocess.py:93} INFO - Bronze Saved: /opt/***/data_lake/bronze/league/load_date=2026-03-23/standings.json
[2026-03-23T08:44:45.466+0000] {subprocess.py:93} INFO - 
[2026-03-23T08:44:45.469+0000] {subprocess.py:93} INFO - === PHASE 2: TEAM DATA ===
[2026-03-23T08:44:45.472+0000] {subprocess.py:93} INFO - 
[2026-03-23T08:44:45.475+0000] {subprocess.py:93} INFO - Scraping Team: Arsenal...
[2026-03-23T08:44:45.478+0000] {subprocess.py:93} INFO - Bronze Saved: /opt/***/data_lake/bronze/teams/load_date=2026-03-23/arsenal.json
[2026-03-23T08:44:45.481+0000] {subprocess.py:93} INFO - 
[2026-03-23T08:44:45.484+0000] {subprocess.py:93} INFO - Scraping Team: Manchester City...
[2026-03-23T08:44:45.490+0000] {subprocess.py:93} INFO - Bronze Saved: /opt/***/data_lake/bronze/teams/load_date=2026-03-23/manchester_city.json
[2026-03-23T08:44:45.507+0000] {subprocess.py:93} INFO - 
[2026-03-23T08:44:45.536+0000] {subprocess.py:93} INFO - === PHASE 3: INDIVIDUAL PLAYERS ===
[2026-03-23T08:44:45.550+0000] {subprocess.py:93} INFO - Total players found: 51
[2026-03-23T08:44:45.565+0000] {subprocess.py:93} INFO -  Launching Thread Pool with 5 workers...
[2026-03-23T08:44:45.568+0000] {subprocess.py:93} INFO - [Thread Started] Scraping: Viktor Gyokeres
[2026-03-23T08:44:45.579+0000] {subprocess.py:93} INFO - [Thread Started] Scraping: Bukayo Saka
[2026-03-23T08:44:45.582+0000] {subprocess.py:93} INFO - [Thread Started] Scraping: Eberechi Eze
[2026-03-23T08:44:45.595+0000] {subprocess.py:93} INFO - A worker thread crashed completely: Message: session not created
[2026-03-23T08:44:45.609+0000] {subprocess.py:93} INFO - from disconnected: unable to connect to renderer; For documentation on this error, please visit: https://www.selenium.dev/documentation/webdriver/troubleshooting/errors#sessionnotcreatedexception
[2026-03-23T08:44:45.623+0000] {subprocess.py:93} INFO - Stacktrace:
[2026-03-23T08:44:45.626+0000] {subprocess.py:93} INFO - #0 0x55a6e32a28ce <unknown>
[2026-03-23T08:44:45.628+0000] {subprocess.py:93} INFO - #1 0x55a6e2c601d2 <unknown>
[2026-03-23T08:44:45.631+0000] {subprocess.py:93} INFO - #2 0x55a6e2c9d0c8 <unknown>
[2026-03-23T08:44:45.633+0000] {subprocess.py:93} INFO - #3 0x55a6e2c98dca <unknown>
[2026-03-23T08:44:45.637+0000] {subprocess.py:93} INFO - #4 0x55a6e2c93f9a <unknown>
[2026-03-23T08:44:45.638+0000] {subprocess.py:93} INFO - #5 0x55a6e2cde7c5 <unknown>
[2026-03-23T08:44:45.641+0000] {subprocess.py:93} INFO - #6 0x55a6e2cde069 <unknown>
[2026-03-23T08:44:45.643+0000] {subprocess.py:93} INFO - #7 0x55a6e2ccfa03 <unknown>
[2026-03-23T08:44:45.647+0000] {subprocess.py:93} INFO - #8 0x55a6e2ca05d5 <unknown>
[2026-03-23T08:44:45.648+0000] {subprocess.py:93} INFO - #9 0x55a6e2ca11c1 <unknown>
[2026-03-23T08:44:45.650+0000] {subprocess.py:93} INFO - #10 0x55a6e3266f10 <unknown>
[2026-03-23T08:44:45.651+0000] {subprocess.py:93} INFO - #11 0x55a6e326a1d8 <unknown>
[2026-03-23T08:44:45.652+0000] {subprocess.py:93} INFO - #12 0x55a6e3269c8a <unknown>
[2026-03-23T08:44:45.653+0000] {subprocess.py:93} INFO - #13 0x55a6e326a645 <unknown>
[2026-03-23T08:44:45.654+0000] {subprocess.py:93} INFO - #14 0x55a6e32568fb <unknown>
[2026-03-23T08:44:45.654+0000] {subprocess.py:93} INFO - #15 0x55a6e326a9a7 <unknown>
[2026-03-23T08:44:45.656+0000] {subprocess.py:93} INFO - #16 0x55a6e323e836 <unknown>
[2026-03-23T08:44:45.657+0000] {subprocess.py:93} INFO - #17 0x55a6e328f8a5 <unknown>
[2026-03-23T08:44:45.658+0000] {subprocess.py:93} INFO - #18 0x55a6e328fa9c <unknown>
[2026-03-23T08:44:45.661+0000] {subprocess.py:93} INFO - #19 0x55a6e32a138a <unknown>
[2026-03-23T08:44:45.662+0000] {subprocess.py:93} INFO - #20 0x7f27f30a8134 <unknown>
[2026-03-23T08:44:45.663+0000] {subprocess.py:93} INFO - 
[2026-03-23T08:44:45.664+0000] {subprocess.py:93} INFO - A worker thread crashed completely: Message: session not created
[2026-03-23T08:44:45.665+0000] {subprocess.py:93} INFO - from disconnected: unable to connect to renderer; For documentation on this error, please visit: https://www.selenium.dev/documentation/webdriver/troubleshooting/errors#sessionnotcreatedexception
[2026-03-23T08:44:45.666+0000] {subprocess.py:93} INFO - Stacktrace:
[2026-03-23T08:44:45.667+0000] {subprocess.py:93} INFO - #0 0x55c4659bb8ce <unknown>
[2026-03-23T08:44:45.668+0000] {subprocess.py:93} INFO - #1 0x55c4653791d2 <unknown>
[2026-03-23T08:44:45.669+0000] {subprocess.py:93} INFO - #2 0x55c4653b60c8 <unknown>
[2026-03-23T08:44:45.674+0000] {subprocess.py:93} INFO - #3 0x55c4653b1dca <unknown>
[2026-03-23T08:44:45.676+0000] {subprocess.py:93} INFO - #4 0x55c4653acf9a <unknown>
[2026-03-23T08:44:45.677+0000] {subprocess.py:93} INFO - #5 0x55c4653f77c5 <unknown>
[2026-03-23T08:44:45.677+0000] {subprocess.py:93} INFO - #6 0x55c4653f7069 <unknown>
[2026-03-23T08:44:45.678+0000] {subprocess.py:93} INFO - #7 0x55c4653e8a03 <unknown>
[2026-03-23T08:44:45.679+0000] {subprocess.py:93} INFO - #8 0x55c4653b95d5 <unknown>
[2026-03-23T08:44:45.680+0000] {subprocess.py:93} INFO - #9 0x55c4653ba1c1 <unknown>
[2026-03-23T08:44:45.681+0000] {subprocess.py:93} INFO - #10 0x55c46597ff10 <unknown>
[2026-03-23T08:44:45.681+0000] {subprocess.py:93} INFO - #11 0x55c4659831d8 <unknown>
[2026-03-23T08:44:45.682+0000] {subprocess.py:93} INFO - #12 0x55c465982c8a <unknown>
[2026-03-23T08:44:45.682+0000] {subprocess.py:93} INFO - #13 0x55c465983645 <unknown>
[2026-03-23T08:44:45.683+0000] {subprocess.py:93} INFO - #14 0x55c46596f8fb <unknown>
[2026-03-23T08:44:45.683+0000] {subprocess.py:93} INFO - #15 0x55c4659839a7 <unknown>
[2026-03-23T08:44:45.684+0000] {subprocess.py:93} INFO - #16 0x55c465957836 <unknown>
[2026-03-23T08:44:45.684+0000] {subprocess.py:93} INFO - #17 0x55c4659a88a5 <unknown>
[2026-03-23T08:44:45.684+0000] {subprocess.py:93} INFO - #18 0x55c4659a8a9c <unknown>
[2026-03-23T08:44:45.685+0000] {subprocess.py:93} INFO - #19 0x55c4659ba38a <unknown>
[2026-03-23T08:44:45.686+0000] {subprocess.py:93} INFO - #20 0x7f294cc1a134 <unknown>
[2026-03-23T08:44:45.686+0000] {subprocess.py:93} INFO - 
[2026-03-23T08:44:45.686+0000] {subprocess.py:93} INFO -     -> Scraping deep profile for: Bukayo Saka
[2026-03-23T08:44:45.687+0000] {subprocess.py:93} INFO - Bronze Saved: /opt/***/data_lake/bronze/players/load_date=2026-03-23/bukayo_saka.json
[2026-03-23T08:44:45.687+0000] {subprocess.py:93} INFO - [Thread Finished] Saved: Bukayo Saka
[2026-03-23T08:44:45.688+0000] {subprocess.py:93} INFO - 
[2026-03-23T08:44:45.689+0000] {subprocess.py:93} INFO -  ALL PHASES COMPLETE!
[2026-03-23T08:44:45.690+0000] {subprocess.py:97} INFO - Command exited with return code 0
[2026-03-23T08:44:45.691+0000] {taskinstance.py:441} INFO - ::group::Post task execution logs
[2026-03-23T08:44:45.737+0000] {taskinstance.py:1205} INFO - Marking task as SUCCESS. dag_id=football_medallion_pipeline, task_id=run_bronze_scraper, execution_date=20260323T081348, start_date=20260323T084306, end_date=20260323T084445
[2026-03-23T08:44:45.793+0000] {local_task_job_runner.py:240} INFO - Task exited with return code 0
[2026-03-23T08:44:45.816+0000] {taskinstance.py:3482} INFO - 1 downstream tasks scheduled from follow-on schedule check
[2026-03-23T08:44:45.837+0000] {local_task_job_runner.py:222} INFO - ::endgroup::
