[2026-03-23T08:26:18.603+0000] {local_task_job_runner.py:120} INFO - ::group::Pre task execution logs
[2026-03-23T08:26:18.622+0000] {taskinstance.py:2073} INFO - Dependencies all met for dep_context=non-requeueable deps ti=<TaskInstance: football_medallion_pipeline.run_bronze_scraper manual__2026-03-23T08:13:48.463703+00:00 [queued]>
[2026-03-23T08:26:18.628+0000] {taskinstance.py:2073} INFO - Dependencies all met for dep_context=requeueable deps ti=<TaskInstance: football_medallion_pipeline.run_bronze_scraper manual__2026-03-23T08:13:48.463703+00:00 [queued]>
[2026-03-23T08:26:18.629+0000] {taskinstance.py:2303} INFO - Starting attempt 3 of 4
[2026-03-23T08:26:18.675+0000] {taskinstance.py:2327} INFO - Executing <Task(BashOperator): run_bronze_scraper> on 2026-03-23 08:13:48.463703+00:00
[2026-03-23T08:26:18.680+0000] {warnings.py:110} WARNING - /home/***/.local/lib/python3.12/site-packages/***/task/task_runner/standard_task_runner.py:61: DeprecationWarning: This process (pid=416) is multi-threaded, use of fork() may lead to deadlocks in the child.
  pid = os.fork()

[2026-03-23T08:26:18.682+0000] {standard_task_runner.py:63} INFO - Started process 418 to run task
[2026-03-23T08:26:18.682+0000] {standard_task_runner.py:90} INFO - Running: ['***', 'tasks', 'run', 'football_medallion_pipeline', 'run_bronze_scraper', 'manual__2026-03-23T08:13:48.463703+00:00', '--job-id', '14', '--raw', '--subdir', 'DAGS_FOLDER/football_master_dag.py', '--cfg-path', '/tmp/tmp_jbc1pkr']
[2026-03-23T08:26:18.684+0000] {standard_task_runner.py:91} INFO - Job 14: Subtask run_bronze_scraper
[2026-03-23T08:26:18.777+0000] {task_command.py:426} INFO - Running <TaskInstance: football_medallion_pipeline.run_bronze_scraper manual__2026-03-23T08:13:48.463703+00:00 [running]> on host 96c1c57b3a15
[2026-03-23T08:26:18.870+0000] {taskinstance.py:2644} INFO - Exporting env vars: AIRFLOW_CTX_DAG_OWNER='data_engineer' AIRFLOW_CTX_DAG_ID='football_medallion_pipeline' AIRFLOW_CTX_TASK_ID='run_bronze_scraper' AIRFLOW_CTX_EXECUTION_DATE='2026-03-23T08:13:48.463703+00:00' AIRFLOW_CTX_TRY_NUMBER='3' AIRFLOW_CTX_DAG_RUN_ID='manual__2026-03-23T08:13:48.463703+00:00'
[2026-03-23T08:26:18.872+0000] {taskinstance.py:430} INFO - ::endgroup::
[2026-03-23T08:26:18.873+0000] {subprocess.py:63} INFO - Tmp dir root location: /tmp
[2026-03-23T08:26:18.874+0000] {subprocess.py:75} INFO - Running command: ['/usr/bin/bash', '-c', 'python /opt/***/dags/bronze_scraper.py ']
[2026-03-23T08:26:18.883+0000] {subprocess.py:86} INFO - Output:
[2026-03-23T08:27:28.283+0000] {subprocess.py:93} INFO - 
[2026-03-23T08:27:28.284+0000] {subprocess.py:93} INFO - === PHASE 1: LEAGUE STANDINGS ===
[2026-03-23T08:27:28.284+0000] {subprocess.py:93} INFO - Bronze Saved: data_lake/bronze/league/load_date=2026-03-23/standings.json
[2026-03-23T08:27:28.285+0000] {subprocess.py:93} INFO - 
[2026-03-23T08:27:28.285+0000] {subprocess.py:93} INFO - === PHASE 2: TEAM DATA ===
[2026-03-23T08:27:28.286+0000] {subprocess.py:93} INFO - 
[2026-03-23T08:27:28.286+0000] {subprocess.py:93} INFO - Scraping Team: Arsenal...
[2026-03-23T08:27:28.287+0000] {subprocess.py:93} INFO - Bronze Saved: data_lake/bronze/teams/load_date=2026-03-23/arsenal.json
[2026-03-23T08:27:28.287+0000] {subprocess.py:93} INFO - 
[2026-03-23T08:27:28.287+0000] {subprocess.py:93} INFO - Scraping Team: Manchester City...
[2026-03-23T08:27:28.288+0000] {subprocess.py:93} INFO - Bronze Saved: data_lake/bronze/teams/load_date=2026-03-23/manchester_city.json
[2026-03-23T08:27:28.288+0000] {subprocess.py:93} INFO - 
[2026-03-23T08:27:28.289+0000] {subprocess.py:93} INFO - === PHASE 3: INDIVIDUAL PLAYERS ===
[2026-03-23T08:27:28.289+0000] {subprocess.py:93} INFO - Total players found: 51
[2026-03-23T08:27:28.290+0000] {subprocess.py:93} INFO -  Launching Thread Pool with 5 workers...
[2026-03-23T08:27:28.290+0000] {subprocess.py:93} INFO - [Thread Started] Scraping: Viktor Gyokeres
[2026-03-23T08:27:28.291+0000] {subprocess.py:93} INFO - [Thread Started] Scraping: Bukayo Saka
[2026-03-23T08:27:28.291+0000] {subprocess.py:93} INFO - [Thread Started] Scraping: Eberechi Eze
[2026-03-23T08:27:28.292+0000] {subprocess.py:93} INFO - A worker thread crashed completely: Message: session not created
[2026-03-23T08:27:28.292+0000] {subprocess.py:93} INFO - from disconnected: unable to connect to renderer; For documentation on this error, please visit: https://www.selenium.dev/documentation/webdriver/troubleshooting/errors#sessionnotcreatedexception
[2026-03-23T08:27:28.292+0000] {subprocess.py:93} INFO - Stacktrace:
[2026-03-23T08:27:28.293+0000] {subprocess.py:93} INFO - #0 0x55a1ed60d8ce <unknown>
[2026-03-23T08:27:28.293+0000] {subprocess.py:93} INFO - #1 0x55a1ecfcb1d2 <unknown>
[2026-03-23T08:27:28.294+0000] {subprocess.py:93} INFO - #2 0x55a1ed0080c8 <unknown>
[2026-03-23T08:27:28.294+0000] {subprocess.py:93} INFO - #3 0x55a1ed003dca <unknown>
[2026-03-23T08:27:28.295+0000] {subprocess.py:93} INFO - #4 0x55a1ecffef9a <unknown>
[2026-03-23T08:27:28.295+0000] {subprocess.py:93} INFO - #5 0x55a1ed0497c5 <unknown>
[2026-03-23T08:27:28.296+0000] {subprocess.py:93} INFO - #6 0x55a1ed049069 <unknown>
[2026-03-23T08:27:28.296+0000] {subprocess.py:93} INFO - #7 0x55a1ed03aa03 <unknown>
[2026-03-23T08:27:28.297+0000] {subprocess.py:93} INFO - #8 0x55a1ed00b5d5 <unknown>
[2026-03-23T08:27:28.297+0000] {subprocess.py:93} INFO - #9 0x55a1ed00c1c1 <unknown>
[2026-03-23T08:27:28.297+0000] {subprocess.py:93} INFO - #10 0x55a1ed5d1f10 <unknown>
[2026-03-23T08:27:28.298+0000] {subprocess.py:93} INFO - #11 0x55a1ed5d51d8 <unknown>
[2026-03-23T08:27:28.298+0000] {subprocess.py:93} INFO - #12 0x55a1ed5d4c8a <unknown>
[2026-03-23T08:27:28.299+0000] {subprocess.py:93} INFO - #13 0x55a1ed5d5645 <unknown>
[2026-03-23T08:27:28.299+0000] {subprocess.py:93} INFO - #14 0x55a1ed5c18fb <unknown>
[2026-03-23T08:27:28.300+0000] {subprocess.py:93} INFO - #15 0x55a1ed5d59a7 <unknown>
[2026-03-23T08:27:28.300+0000] {subprocess.py:93} INFO - #16 0x55a1ed5a9836 <unknown>
[2026-03-23T08:27:28.301+0000] {subprocess.py:93} INFO - #17 0x55a1ed5fa8a5 <unknown>
[2026-03-23T08:27:28.301+0000] {subprocess.py:93} INFO - #18 0x55a1ed5faa9c <unknown>
[2026-03-23T08:27:28.302+0000] {subprocess.py:93} INFO - #19 0x55a1ed60c38a <unknown>
[2026-03-23T08:27:28.302+0000] {subprocess.py:93} INFO - #20 0x7f1d8b9f0134 <unknown>
[2026-03-23T08:27:28.302+0000] {subprocess.py:93} INFO - 
[2026-03-23T08:27:28.303+0000] {subprocess.py:93} INFO - A worker thread crashed completely: Message: session not created
[2026-03-23T08:27:28.303+0000] {subprocess.py:93} INFO - from disconnected: unable to connect to renderer; For documentation on this error, please visit: https://www.selenium.dev/documentation/webdriver/troubleshooting/errors#sessionnotcreatedexception
[2026-03-23T08:27:28.304+0000] {subprocess.py:93} INFO - Stacktrace:
[2026-03-23T08:27:28.304+0000] {subprocess.py:93} INFO - #0 0x55e3fce138ce <unknown>
[2026-03-23T08:27:28.305+0000] {subprocess.py:93} INFO - #1 0x55e3fc7d11d2 <unknown>
[2026-03-23T08:27:28.305+0000] {subprocess.py:93} INFO - #2 0x55e3fc80e0c8 <unknown>
[2026-03-23T08:27:28.306+0000] {subprocess.py:93} INFO - #3 0x55e3fc809dca <unknown>
[2026-03-23T08:27:28.306+0000] {subprocess.py:93} INFO - #4 0x55e3fc804f9a <unknown>
[2026-03-23T08:27:28.307+0000] {subprocess.py:93} INFO - #5 0x55e3fc84f7c5 <unknown>
[2026-03-23T08:27:28.307+0000] {subprocess.py:93} INFO - #6 0x55e3fc84f069 <unknown>
[2026-03-23T08:27:28.307+0000] {subprocess.py:93} INFO - #7 0x55e3fc840a03 <unknown>
[2026-03-23T08:27:28.308+0000] {subprocess.py:93} INFO - #8 0x55e3fc8115d5 <unknown>
[2026-03-23T08:27:28.308+0000] {subprocess.py:93} INFO - #9 0x55e3fc8121c1 <unknown>
[2026-03-23T08:27:28.309+0000] {subprocess.py:93} INFO - #10 0x55e3fcdd7f10 <unknown>
[2026-03-23T08:27:28.309+0000] {subprocess.py:93} INFO - #11 0x55e3fcddb1d8 <unknown>
[2026-03-23T08:27:28.310+0000] {subprocess.py:93} INFO - #12 0x55e3fcddac8a <unknown>
[2026-03-23T08:27:28.310+0000] {subprocess.py:93} INFO - #13 0x55e3fcddb645 <unknown>
[2026-03-23T08:27:28.310+0000] {subprocess.py:93} INFO - #14 0x55e3fcdc78fb <unknown>
[2026-03-23T08:27:28.311+0000] {subprocess.py:93} INFO - #15 0x55e3fcddb9a7 <unknown>
[2026-03-23T08:27:28.312+0000] {subprocess.py:93} INFO - #16 0x55e3fcdaf836 <unknown>
[2026-03-23T08:27:28.313+0000] {subprocess.py:93} INFO - #17 0x55e3fce008a5 <unknown>
[2026-03-23T08:27:28.313+0000] {subprocess.py:93} INFO - #18 0x55e3fce00a9c <unknown>
[2026-03-23T08:27:28.314+0000] {subprocess.py:93} INFO - #19 0x55e3fce1238a <unknown>
[2026-03-23T08:27:28.314+0000] {subprocess.py:93} INFO - #20 0x7f43467b3134 <unknown>
[2026-03-23T08:27:28.315+0000] {subprocess.py:93} INFO - 
[2026-03-23T08:27:28.315+0000] {subprocess.py:93} INFO - A worker thread crashed completely: Message: session not created
[2026-03-23T08:27:28.316+0000] {subprocess.py:93} INFO - from disconnected: unable to connect to renderer; For documentation on this error, please visit: https://www.selenium.dev/documentation/webdriver/troubleshooting/errors#sessionnotcreatedexception
[2026-03-23T08:27:28.316+0000] {subprocess.py:93} INFO - Stacktrace:
[2026-03-23T08:27:28.317+0000] {subprocess.py:93} INFO - #0 0x5605758d88ce <unknown>
[2026-03-23T08:27:28.317+0000] {subprocess.py:93} INFO - #1 0x5605752961d2 <unknown>
[2026-03-23T08:27:28.318+0000] {subprocess.py:93} INFO - #2 0x5605752d30c8 <unknown>
[2026-03-23T08:27:28.318+0000] {subprocess.py:93} INFO - #3 0x5605752cedca <unknown>
[2026-03-23T08:27:28.319+0000] {subprocess.py:93} INFO - #4 0x5605752c9f9a <unknown>
[2026-03-23T08:27:28.319+0000] {subprocess.py:93} INFO - #5 0x5605753147c5 <unknown>
[2026-03-23T08:27:28.320+0000] {subprocess.py:93} INFO - #6 0x560575314069 <unknown>
[2026-03-23T08:27:28.320+0000] {subprocess.py:93} INFO - #7 0x560575305a03 <unknown>
[2026-03-23T08:27:28.321+0000] {subprocess.py:93} INFO - #8 0x5605752d65d5 <unknown>
[2026-03-23T08:27:28.321+0000] {subprocess.py:93} INFO - #9 0x5605752d71c1 <unknown>
[2026-03-23T08:27:28.322+0000] {subprocess.py:93} INFO - #10 0x56057589cf10 <unknown>
[2026-03-23T08:27:28.322+0000] {subprocess.py:93} INFO - #11 0x5605758a01d8 <unknown>
[2026-03-23T08:27:28.322+0000] {subprocess.py:93} INFO - #12 0x56057589fc8a <unknown>
[2026-03-23T08:27:28.323+0000] {subprocess.py:93} INFO - #13 0x5605758a0645 <unknown>
[2026-03-23T08:27:28.323+0000] {subprocess.py:93} INFO - #14 0x56057588c8fb <unknown>
[2026-03-23T08:27:28.324+0000] {subprocess.py:93} INFO - #15 0x5605758a09a7 <unknown>
[2026-03-23T08:27:28.324+0000] {subprocess.py:93} INFO - #16 0x560575874836 <unknown>
[2026-03-23T08:27:28.325+0000] {subprocess.py:93} INFO - #17 0x5605758c58a5 <unknown>
[2026-03-23T08:27:28.325+0000] {subprocess.py:93} INFO - #18 0x5605758c5a9c <unknown>
[2026-03-23T08:27:28.325+0000] {subprocess.py:93} INFO - #19 0x5605758d738a <unknown>
[2026-03-23T08:27:28.326+0000] {subprocess.py:93} INFO - #20 0x7fd3508dd134 <unknown>
[2026-03-23T08:27:28.326+0000] {subprocess.py:93} INFO - 
[2026-03-23T08:27:28.327+0000] {subprocess.py:93} INFO - 
[2026-03-23T08:27:28.327+0000] {subprocess.py:93} INFO -  ALL PHASES COMPLETE!
[2026-03-23T08:27:28.328+0000] {subprocess.py:97} INFO - Command exited with return code 0
[2026-03-23T08:27:28.329+0000] {taskinstance.py:441} INFO - ::group::Post task execution logs
[2026-03-23T08:27:28.376+0000] {taskinstance.py:1205} INFO - Marking task as SUCCESS. dag_id=football_medallion_pipeline, task_id=run_bronze_scraper, execution_date=20260323T081348, start_date=20260323T082618, end_date=20260323T082728
[2026-03-23T08:27:28.412+0000] {local_task_job_runner.py:240} INFO - Task exited with return code 0
[2026-03-23T08:27:28.433+0000] {taskinstance.py:3482} INFO - 1 downstream tasks scheduled from follow-on schedule check
[2026-03-23T08:27:28.459+0000] {local_task_job_runner.py:222} INFO - ::endgroup::
