[2026-03-26T21:13:43.032+0000] {processor.py:161} INFO - Started process (PID=111) to work on /home/airflow/.local/lib/python3.12/site-packages/airflow/example_dags/example_skip_dag.py
[2026-03-26T21:13:43.034+0000] {processor.py:830} INFO - Processing file /home/airflow/.local/lib/python3.12/site-packages/airflow/example_dags/example_skip_dag.py for tasks to queue
[2026-03-26T21:13:43.037+0000] {logging_mixin.py:188} INFO - [2026-03-26T21:13:43.037+0000] {dagbag.py:540} INFO - Filling up the DagBag from /home/airflow/.local/lib/python3.12/site-packages/airflow/example_dags/example_skip_dag.py
[2026-03-26T21:13:43.083+0000] {processor.py:840} INFO - DAG(s) 'example_skip_dag' retrieved from /home/airflow/.local/lib/python3.12/site-packages/airflow/example_dags/example_skip_dag.py
[2026-03-26T21:13:43.354+0000] {logging_mixin.py:188} INFO - [2026-03-26T21:13:43.353+0000] {dag.py:3096} INFO - Sync 1 DAGs
[2026-03-26T21:13:43.404+0000] {logging_mixin.py:188} INFO - [2026-03-26T21:13:43.403+0000] {dag.py:3954} INFO - Setting next_dagrun for example_skip_dag to 2026-03-25 00:00:00+00:00, run_after=2026-03-26 00:00:00+00:00
[2026-03-26T21:13:43.460+0000] {processor.py:183} INFO - Processing /home/airflow/.local/lib/python3.12/site-packages/airflow/example_dags/example_skip_dag.py took 0.437 seconds
[2026-03-26T21:14:24.501+0000] {processor.py:161} INFO - Started process (PID=92) to work on /home/airflow/.local/lib/python3.12/site-packages/airflow/example_dags/example_skip_dag.py
[2026-03-26T21:14:24.502+0000] {processor.py:830} INFO - Processing file /home/airflow/.local/lib/python3.12/site-packages/airflow/example_dags/example_skip_dag.py for tasks to queue
[2026-03-26T21:14:24.505+0000] {logging_mixin.py:188} INFO - [2026-03-26T21:14:24.504+0000] {dagbag.py:540} INFO - Filling up the DagBag from /home/airflow/.local/lib/python3.12/site-packages/airflow/example_dags/example_skip_dag.py
[2026-03-26T21:14:24.513+0000] {processor.py:840} INFO - DAG(s) 'example_skip_dag' retrieved from /home/airflow/.local/lib/python3.12/site-packages/airflow/example_dags/example_skip_dag.py
[2026-03-26T21:14:24.542+0000] {logging_mixin.py:188} INFO - [2026-03-26T21:14:24.541+0000] {dag.py:3096} INFO - Sync 1 DAGs
[2026-03-26T21:14:24.578+0000] {logging_mixin.py:188} INFO - [2026-03-26T21:14:24.578+0000] {dag.py:3954} INFO - Setting next_dagrun for example_skip_dag to 2026-03-25 00:00:00+00:00, run_after=2026-03-26 00:00:00+00:00
[2026-03-26T21:14:24.701+0000] {processor.py:183} INFO - Processing /home/airflow/.local/lib/python3.12/site-packages/airflow/example_dags/example_skip_dag.py took 0.207 seconds
[2026-03-26T21:14:55.357+0000] {processor.py:161} INFO - Started process (PID=151) to work on /home/airflow/.local/lib/python3.12/site-packages/airflow/example_dags/example_skip_dag.py
[2026-03-26T21:14:55.359+0000] {processor.py:830} INFO - Processing file /home/airflow/.local/lib/python3.12/site-packages/airflow/example_dags/example_skip_dag.py for tasks to queue
[2026-03-26T21:14:55.361+0000] {logging_mixin.py:188} INFO - [2026-03-26T21:14:55.361+0000] {dagbag.py:540} INFO - Filling up the DagBag from /home/airflow/.local/lib/python3.12/site-packages/airflow/example_dags/example_skip_dag.py
[2026-03-26T21:14:55.371+0000] {processor.py:840} INFO - DAG(s) 'example_skip_dag' retrieved from /home/airflow/.local/lib/python3.12/site-packages/airflow/example_dags/example_skip_dag.py
[2026-03-26T21:14:55.401+0000] {logging_mixin.py:188} INFO - [2026-03-26T21:14:55.401+0000] {dag.py:3096} INFO - Sync 1 DAGs
[2026-03-26T21:14:55.629+0000] {logging_mixin.py:188} INFO - [2026-03-26T21:14:55.629+0000] {dag.py:3954} INFO - Setting next_dagrun for example_skip_dag to 2026-03-25 00:00:00+00:00, run_after=2026-03-26 00:00:00+00:00
[2026-03-26T21:14:55.713+0000] {processor.py:183} INFO - Processing /home/airflow/.local/lib/python3.12/site-packages/airflow/example_dags/example_skip_dag.py took 0.363 seconds
[2026-03-26T21:15:25.804+0000] {processor.py:161} INFO - Started process (PID=210) to work on /home/airflow/.local/lib/python3.12/site-packages/airflow/example_dags/example_skip_dag.py
[2026-03-26T21:15:25.806+0000] {processor.py:830} INFO - Processing file /home/airflow/.local/lib/python3.12/site-packages/airflow/example_dags/example_skip_dag.py for tasks to queue
[2026-03-26T21:15:25.808+0000] {logging_mixin.py:188} INFO - [2026-03-26T21:15:25.807+0000] {dagbag.py:540} INFO - Filling up the DagBag from /home/airflow/.local/lib/python3.12/site-packages/airflow/example_dags/example_skip_dag.py
[2026-03-26T21:15:25.815+0000] {processor.py:840} INFO - DAG(s) 'example_skip_dag' retrieved from /home/airflow/.local/lib/python3.12/site-packages/airflow/example_dags/example_skip_dag.py
[2026-03-26T21:15:25.837+0000] {logging_mixin.py:188} INFO - [2026-03-26T21:15:25.837+0000] {dag.py:3096} INFO - Sync 1 DAGs
[2026-03-26T21:15:25.860+0000] {logging_mixin.py:188} INFO - [2026-03-26T21:15:25.860+0000] {dag.py:3954} INFO - Setting next_dagrun for example_skip_dag to 2026-03-25 00:00:00+00:00, run_after=2026-03-26 00:00:00+00:00
[2026-03-26T21:15:25.895+0000] {processor.py:183} INFO - Processing /home/airflow/.local/lib/python3.12/site-packages/airflow/example_dags/example_skip_dag.py took 0.097 seconds
[2026-03-26T21:15:56.742+0000] {processor.py:161} INFO - Started process (PID=269) to work on /home/airflow/.local/lib/python3.12/site-packages/airflow/example_dags/example_skip_dag.py
[2026-03-26T21:15:56.744+0000] {processor.py:830} INFO - Processing file /home/airflow/.local/lib/python3.12/site-packages/airflow/example_dags/example_skip_dag.py for tasks to queue
[2026-03-26T21:15:56.747+0000] {logging_mixin.py:188} INFO - [2026-03-26T21:15:56.746+0000] {dagbag.py:540} INFO - Filling up the DagBag from /home/airflow/.local/lib/python3.12/site-packages/airflow/example_dags/example_skip_dag.py
[2026-03-26T21:15:56.756+0000] {processor.py:840} INFO - DAG(s) 'example_skip_dag' retrieved from /home/airflow/.local/lib/python3.12/site-packages/airflow/example_dags/example_skip_dag.py
[2026-03-26T21:15:56.782+0000] {logging_mixin.py:188} INFO - [2026-03-26T21:15:56.782+0000] {dag.py:3096} INFO - Sync 1 DAGs
[2026-03-26T21:15:56.819+0000] {logging_mixin.py:188} INFO - [2026-03-26T21:15:56.819+0000] {dag.py:3954} INFO - Setting next_dagrun for example_skip_dag to 2026-03-25 00:00:00+00:00, run_after=2026-03-26 00:00:00+00:00
[2026-03-26T21:15:56.874+0000] {processor.py:183} INFO - Processing /home/airflow/.local/lib/python3.12/site-packages/airflow/example_dags/example_skip_dag.py took 0.139 seconds
[2026-03-26T21:16:26.926+0000] {processor.py:161} INFO - Started process (PID=328) to work on /home/airflow/.local/lib/python3.12/site-packages/airflow/example_dags/example_skip_dag.py
[2026-03-26T21:16:26.927+0000] {processor.py:830} INFO - Processing file /home/airflow/.local/lib/python3.12/site-packages/airflow/example_dags/example_skip_dag.py for tasks to queue
[2026-03-26T21:16:26.929+0000] {logging_mixin.py:188} INFO - [2026-03-26T21:16:26.929+0000] {dagbag.py:540} INFO - Filling up the DagBag from /home/airflow/.local/lib/python3.12/site-packages/airflow/example_dags/example_skip_dag.py
[2026-03-26T21:16:26.937+0000] {processor.py:840} INFO - DAG(s) 'example_skip_dag' retrieved from /home/airflow/.local/lib/python3.12/site-packages/airflow/example_dags/example_skip_dag.py
[2026-03-26T21:16:26.959+0000] {logging_mixin.py:188} INFO - [2026-03-26T21:16:26.959+0000] {dag.py:3096} INFO - Sync 1 DAGs
[2026-03-26T21:16:26.983+0000] {logging_mixin.py:188} INFO - [2026-03-26T21:16:26.982+0000] {dag.py:3954} INFO - Setting next_dagrun for example_skip_dag to 2026-03-25 00:00:00+00:00, run_after=2026-03-26 00:00:00+00:00
[2026-03-26T21:16:27.032+0000] {processor.py:183} INFO - Processing /home/airflow/.local/lib/python3.12/site-packages/airflow/example_dags/example_skip_dag.py took 0.113 seconds
