[2026-03-26T21:13:43.140+0000] {processor.py:161} INFO - Started process (PID=112) to work on /home/airflow/.local/lib/python3.12/site-packages/airflow/example_dags/example_latest_only.py
[2026-03-26T21:13:43.142+0000] {processor.py:830} INFO - Processing file /home/airflow/.local/lib/python3.12/site-packages/airflow/example_dags/example_latest_only.py for tasks to queue
[2026-03-26T21:13:43.146+0000] {logging_mixin.py:188} INFO - [2026-03-26T21:13:43.146+0000] {dagbag.py:540} INFO - Filling up the DagBag from /home/airflow/.local/lib/python3.12/site-packages/airflow/example_dags/example_latest_only.py
[2026-03-26T21:13:43.159+0000] {processor.py:840} INFO - DAG(s) 'latest_only' retrieved from /home/airflow/.local/lib/python3.12/site-packages/airflow/example_dags/example_latest_only.py
[2026-03-26T21:13:43.433+0000] {logging_mixin.py:188} INFO - [2026-03-26T21:13:43.432+0000] {dag.py:3096} INFO - Sync 1 DAGs
[2026-03-26T21:13:43.477+0000] {logging_mixin.py:188} INFO - [2026-03-26T21:13:43.477+0000] {dag.py:3954} INFO - Setting next_dagrun for latest_only to 2026-03-26 16:00:00+00:00, run_after=2026-03-26 20:00:00+00:00
[2026-03-26T21:13:43.541+0000] {processor.py:183} INFO - Processing /home/airflow/.local/lib/python3.12/site-packages/airflow/example_dags/example_latest_only.py took 0.413 seconds
[2026-03-26T21:14:24.501+0000] {processor.py:161} INFO - Started process (PID=93) to work on /home/airflow/.local/lib/python3.12/site-packages/airflow/example_dags/example_latest_only.py
[2026-03-26T21:14:24.502+0000] {processor.py:830} INFO - Processing file /home/airflow/.local/lib/python3.12/site-packages/airflow/example_dags/example_latest_only.py for tasks to queue
[2026-03-26T21:14:24.505+0000] {logging_mixin.py:188} INFO - [2026-03-26T21:14:24.504+0000] {dagbag.py:540} INFO - Filling up the DagBag from /home/airflow/.local/lib/python3.12/site-packages/airflow/example_dags/example_latest_only.py
[2026-03-26T21:14:24.510+0000] {processor.py:840} INFO - DAG(s) 'latest_only' retrieved from /home/airflow/.local/lib/python3.12/site-packages/airflow/example_dags/example_latest_only.py
[2026-03-26T21:14:24.538+0000] {logging_mixin.py:188} INFO - [2026-03-26T21:14:24.537+0000] {dag.py:3096} INFO - Sync 1 DAGs
[2026-03-26T21:14:24.576+0000] {logging_mixin.py:188} INFO - [2026-03-26T21:14:24.576+0000] {dag.py:3954} INFO - Setting next_dagrun for latest_only to 2026-03-26 16:00:00+00:00, run_after=2026-03-26 20:00:00+00:00
[2026-03-26T21:14:24.652+0000] {processor.py:183} INFO - Processing /home/airflow/.local/lib/python3.12/site-packages/airflow/example_dags/example_latest_only.py took 0.157 seconds
[2026-03-26T21:14:55.537+0000] {processor.py:161} INFO - Started process (PID=152) to work on /home/airflow/.local/lib/python3.12/site-packages/airflow/example_dags/example_latest_only.py
[2026-03-26T21:14:55.538+0000] {processor.py:830} INFO - Processing file /home/airflow/.local/lib/python3.12/site-packages/airflow/example_dags/example_latest_only.py for tasks to queue
[2026-03-26T21:14:55.541+0000] {logging_mixin.py:188} INFO - [2026-03-26T21:14:55.541+0000] {dagbag.py:540} INFO - Filling up the DagBag from /home/airflow/.local/lib/python3.12/site-packages/airflow/example_dags/example_latest_only.py
[2026-03-26T21:14:55.548+0000] {processor.py:840} INFO - DAG(s) 'latest_only' retrieved from /home/airflow/.local/lib/python3.12/site-packages/airflow/example_dags/example_latest_only.py
[2026-03-26T21:14:55.590+0000] {logging_mixin.py:188} INFO - [2026-03-26T21:14:55.590+0000] {dag.py:3096} INFO - Sync 1 DAGs
[2026-03-26T21:14:55.882+0000] {logging_mixin.py:188} INFO - [2026-03-26T21:14:55.881+0000] {dag.py:3954} INFO - Setting next_dagrun for latest_only to 2026-03-26 16:00:00+00:00, run_after=2026-03-26 20:00:00+00:00
[2026-03-26T21:14:55.981+0000] {processor.py:183} INFO - Processing /home/airflow/.local/lib/python3.12/site-packages/airflow/example_dags/example_latest_only.py took 0.456 seconds
[2026-03-26T21:15:26.828+0000] {processor.py:161} INFO - Started process (PID=211) to work on /home/airflow/.local/lib/python3.12/site-packages/airflow/example_dags/example_latest_only.py
[2026-03-26T21:15:26.829+0000] {processor.py:830} INFO - Processing file /home/airflow/.local/lib/python3.12/site-packages/airflow/example_dags/example_latest_only.py for tasks to queue
[2026-03-26T21:15:26.832+0000] {logging_mixin.py:188} INFO - [2026-03-26T21:15:26.831+0000] {dagbag.py:540} INFO - Filling up the DagBag from /home/airflow/.local/lib/python3.12/site-packages/airflow/example_dags/example_latest_only.py
[2026-03-26T21:15:26.837+0000] {processor.py:840} INFO - DAG(s) 'latest_only' retrieved from /home/airflow/.local/lib/python3.12/site-packages/airflow/example_dags/example_latest_only.py
[2026-03-26T21:15:26.858+0000] {logging_mixin.py:188} INFO - [2026-03-26T21:15:26.858+0000] {dag.py:3096} INFO - Sync 1 DAGs
[2026-03-26T21:15:26.881+0000] {logging_mixin.py:188} INFO - [2026-03-26T21:15:26.881+0000] {dag.py:3954} INFO - Setting next_dagrun for latest_only to 2026-03-26 16:00:00+00:00, run_after=2026-03-26 20:00:00+00:00
[2026-03-26T21:15:26.956+0000] {processor.py:183} INFO - Processing /home/airflow/.local/lib/python3.12/site-packages/airflow/example_dags/example_latest_only.py took 0.134 seconds
[2026-03-26T21:15:57.793+0000] {processor.py:161} INFO - Started process (PID=270) to work on /home/airflow/.local/lib/python3.12/site-packages/airflow/example_dags/example_latest_only.py
[2026-03-26T21:15:57.794+0000] {processor.py:830} INFO - Processing file /home/airflow/.local/lib/python3.12/site-packages/airflow/example_dags/example_latest_only.py for tasks to queue
[2026-03-26T21:15:57.797+0000] {logging_mixin.py:188} INFO - [2026-03-26T21:15:57.796+0000] {dagbag.py:540} INFO - Filling up the DagBag from /home/airflow/.local/lib/python3.12/site-packages/airflow/example_dags/example_latest_only.py
[2026-03-26T21:15:57.802+0000] {processor.py:840} INFO - DAG(s) 'latest_only' retrieved from /home/airflow/.local/lib/python3.12/site-packages/airflow/example_dags/example_latest_only.py
[2026-03-26T21:15:57.826+0000] {logging_mixin.py:188} INFO - [2026-03-26T21:15:57.826+0000] {dag.py:3096} INFO - Sync 1 DAGs
[2026-03-26T21:15:57.851+0000] {logging_mixin.py:188} INFO - [2026-03-26T21:15:57.850+0000] {dag.py:3954} INFO - Setting next_dagrun for latest_only to 2026-03-26 16:00:00+00:00, run_after=2026-03-26 20:00:00+00:00
[2026-03-26T21:15:57.944+0000] {processor.py:183} INFO - Processing /home/airflow/.local/lib/python3.12/site-packages/airflow/example_dags/example_latest_only.py took 0.159 seconds
[2026-03-26T21:16:28.039+0000] {processor.py:161} INFO - Started process (PID=329) to work on /home/airflow/.local/lib/python3.12/site-packages/airflow/example_dags/example_latest_only.py
[2026-03-26T21:16:28.040+0000] {processor.py:830} INFO - Processing file /home/airflow/.local/lib/python3.12/site-packages/airflow/example_dags/example_latest_only.py for tasks to queue
[2026-03-26T21:16:28.042+0000] {logging_mixin.py:188} INFO - [2026-03-26T21:16:28.042+0000] {dagbag.py:540} INFO - Filling up the DagBag from /home/airflow/.local/lib/python3.12/site-packages/airflow/example_dags/example_latest_only.py
[2026-03-26T21:16:28.047+0000] {processor.py:840} INFO - DAG(s) 'latest_only' retrieved from /home/airflow/.local/lib/python3.12/site-packages/airflow/example_dags/example_latest_only.py
[2026-03-26T21:16:28.070+0000] {logging_mixin.py:188} INFO - [2026-03-26T21:16:28.069+0000] {dag.py:3096} INFO - Sync 1 DAGs
[2026-03-26T21:16:28.093+0000] {logging_mixin.py:188} INFO - [2026-03-26T21:16:28.093+0000] {dag.py:3954} INFO - Setting next_dagrun for latest_only to 2026-03-26 16:00:00+00:00, run_after=2026-03-26 20:00:00+00:00
[2026-03-26T21:16:28.187+0000] {processor.py:183} INFO - Processing /home/airflow/.local/lib/python3.12/site-packages/airflow/example_dags/example_latest_only.py took 0.154 seconds
