[2026-03-26T21:13:38.576+0000] {processor.py:161} INFO - Started process (PID=95) to work on /home/airflow/.local/lib/python3.12/site-packages/airflow/example_dags/example_task_group.py
[2026-03-26T21:13:38.578+0000] {processor.py:830} INFO - Processing file /home/airflow/.local/lib/python3.12/site-packages/airflow/example_dags/example_task_group.py for tasks to queue
[2026-03-26T21:13:38.584+0000] {logging_mixin.py:188} INFO - [2026-03-26T21:13:38.583+0000] {dagbag.py:540} INFO - Filling up the DagBag from /home/airflow/.local/lib/python3.12/site-packages/airflow/example_dags/example_task_group.py
[2026-03-26T21:13:38.614+0000] {processor.py:840} INFO - DAG(s) 'example_task_group' retrieved from /home/airflow/.local/lib/python3.12/site-packages/airflow/example_dags/example_task_group.py
[2026-03-26T21:13:38.896+0000] {logging_mixin.py:188} INFO - [2026-03-26T21:13:38.896+0000] {dag.py:3096} INFO - Sync 1 DAGs
[2026-03-26T21:13:38.942+0000] {logging_mixin.py:188} INFO - [2026-03-26T21:13:38.941+0000] {dag.py:3954} INFO - Setting next_dagrun for example_task_group to 2026-03-25 00:00:00+00:00, run_after=2026-03-26 00:00:00+00:00
[2026-03-26T21:13:39.011+0000] {processor.py:183} INFO - Processing /home/airflow/.local/lib/python3.12/site-packages/airflow/example_dags/example_task_group.py took 0.455 seconds
[2026-03-26T21:14:21.194+0000] {processor.py:161} INFO - Started process (PID=76) to work on /home/airflow/.local/lib/python3.12/site-packages/airflow/example_dags/example_task_group.py
[2026-03-26T21:14:21.195+0000] {processor.py:830} INFO - Processing file /home/airflow/.local/lib/python3.12/site-packages/airflow/example_dags/example_task_group.py for tasks to queue
[2026-03-26T21:14:21.199+0000] {logging_mixin.py:188} INFO - [2026-03-26T21:14:21.198+0000] {dagbag.py:540} INFO - Filling up the DagBag from /home/airflow/.local/lib/python3.12/site-packages/airflow/example_dags/example_task_group.py
[2026-03-26T21:14:21.214+0000] {processor.py:840} INFO - DAG(s) 'example_task_group' retrieved from /home/airflow/.local/lib/python3.12/site-packages/airflow/example_dags/example_task_group.py
[2026-03-26T21:14:21.262+0000] {logging_mixin.py:188} INFO - [2026-03-26T21:14:21.262+0000] {dag.py:3096} INFO - Sync 1 DAGs
[2026-03-26T21:14:21.315+0000] {logging_mixin.py:188} INFO - [2026-03-26T21:14:21.314+0000] {dag.py:3954} INFO - Setting next_dagrun for example_task_group to 2026-03-25 00:00:00+00:00, run_after=2026-03-26 00:00:00+00:00
[2026-03-26T21:14:21.381+0000] {processor.py:183} INFO - Processing /home/airflow/.local/lib/python3.12/site-packages/airflow/example_dags/example_task_group.py took 0.201 seconds
[2026-03-26T21:14:52.563+0000] {processor.py:161} INFO - Started process (PID=135) to work on /home/airflow/.local/lib/python3.12/site-packages/airflow/example_dags/example_task_group.py
[2026-03-26T21:14:52.565+0000] {processor.py:830} INFO - Processing file /home/airflow/.local/lib/python3.12/site-packages/airflow/example_dags/example_task_group.py for tasks to queue
[2026-03-26T21:14:52.567+0000] {logging_mixin.py:188} INFO - [2026-03-26T21:14:52.567+0000] {dagbag.py:540} INFO - Filling up the DagBag from /home/airflow/.local/lib/python3.12/site-packages/airflow/example_dags/example_task_group.py
[2026-03-26T21:14:52.577+0000] {processor.py:840} INFO - DAG(s) 'example_task_group' retrieved from /home/airflow/.local/lib/python3.12/site-packages/airflow/example_dags/example_task_group.py
[2026-03-26T21:14:52.618+0000] {logging_mixin.py:188} INFO - [2026-03-26T21:14:52.618+0000] {dag.py:3096} INFO - Sync 1 DAGs
[2026-03-26T21:14:52.659+0000] {logging_mixin.py:188} INFO - [2026-03-26T21:14:52.659+0000] {dag.py:3954} INFO - Setting next_dagrun for example_task_group to 2026-03-25 00:00:00+00:00, run_after=2026-03-26 00:00:00+00:00
[2026-03-26T21:14:52.726+0000] {processor.py:183} INFO - Processing /home/airflow/.local/lib/python3.12/site-packages/airflow/example_dags/example_task_group.py took 0.171 seconds
[2026-03-26T21:15:23.067+0000] {processor.py:161} INFO - Started process (PID=194) to work on /home/airflow/.local/lib/python3.12/site-packages/airflow/example_dags/example_task_group.py
[2026-03-26T21:15:23.068+0000] {processor.py:830} INFO - Processing file /home/airflow/.local/lib/python3.12/site-packages/airflow/example_dags/example_task_group.py for tasks to queue
[2026-03-26T21:15:23.071+0000] {logging_mixin.py:188} INFO - [2026-03-26T21:15:23.070+0000] {dagbag.py:540} INFO - Filling up the DagBag from /home/airflow/.local/lib/python3.12/site-packages/airflow/example_dags/example_task_group.py
[2026-03-26T21:15:23.082+0000] {processor.py:840} INFO - DAG(s) 'example_task_group' retrieved from /home/airflow/.local/lib/python3.12/site-packages/airflow/example_dags/example_task_group.py
[2026-03-26T21:15:23.108+0000] {logging_mixin.py:188} INFO - [2026-03-26T21:15:23.108+0000] {dag.py:3096} INFO - Sync 1 DAGs
[2026-03-26T21:15:23.136+0000] {logging_mixin.py:188} INFO - [2026-03-26T21:15:23.136+0000] {dag.py:3954} INFO - Setting next_dagrun for example_task_group to 2026-03-25 00:00:00+00:00, run_after=2026-03-26 00:00:00+00:00
[2026-03-26T21:15:23.184+0000] {processor.py:183} INFO - Processing /home/airflow/.local/lib/python3.12/site-packages/airflow/example_dags/example_task_group.py took 0.124 seconds
[2026-03-26T21:15:53.328+0000] {processor.py:161} INFO - Started process (PID=253) to work on /home/airflow/.local/lib/python3.12/site-packages/airflow/example_dags/example_task_group.py
[2026-03-26T21:15:53.329+0000] {processor.py:830} INFO - Processing file /home/airflow/.local/lib/python3.12/site-packages/airflow/example_dags/example_task_group.py for tasks to queue
[2026-03-26T21:15:53.332+0000] {logging_mixin.py:188} INFO - [2026-03-26T21:15:53.331+0000] {dagbag.py:540} INFO - Filling up the DagBag from /home/airflow/.local/lib/python3.12/site-packages/airflow/example_dags/example_task_group.py
[2026-03-26T21:15:53.340+0000] {processor.py:840} INFO - DAG(s) 'example_task_group' retrieved from /home/airflow/.local/lib/python3.12/site-packages/airflow/example_dags/example_task_group.py
[2026-03-26T21:15:53.364+0000] {logging_mixin.py:188} INFO - [2026-03-26T21:15:53.363+0000] {dag.py:3096} INFO - Sync 1 DAGs
[2026-03-26T21:15:53.387+0000] {logging_mixin.py:188} INFO - [2026-03-26T21:15:53.387+0000] {dag.py:3954} INFO - Setting next_dagrun for example_task_group to 2026-03-25 00:00:00+00:00, run_after=2026-03-26 00:00:00+00:00
[2026-03-26T21:15:53.446+0000] {processor.py:183} INFO - Processing /home/airflow/.local/lib/python3.12/site-packages/airflow/example_dags/example_task_group.py took 0.124 seconds
[2026-03-26T21:16:23.549+0000] {processor.py:161} INFO - Started process (PID=312) to work on /home/airflow/.local/lib/python3.12/site-packages/airflow/example_dags/example_task_group.py
[2026-03-26T21:16:23.551+0000] {processor.py:830} INFO - Processing file /home/airflow/.local/lib/python3.12/site-packages/airflow/example_dags/example_task_group.py for tasks to queue
[2026-03-26T21:16:23.553+0000] {logging_mixin.py:188} INFO - [2026-03-26T21:16:23.553+0000] {dagbag.py:540} INFO - Filling up the DagBag from /home/airflow/.local/lib/python3.12/site-packages/airflow/example_dags/example_task_group.py
[2026-03-26T21:16:23.561+0000] {processor.py:840} INFO - DAG(s) 'example_task_group' retrieved from /home/airflow/.local/lib/python3.12/site-packages/airflow/example_dags/example_task_group.py
[2026-03-26T21:16:23.584+0000] {logging_mixin.py:188} INFO - [2026-03-26T21:16:23.584+0000] {dag.py:3096} INFO - Sync 1 DAGs
[2026-03-26T21:16:23.610+0000] {logging_mixin.py:188} INFO - [2026-03-26T21:16:23.609+0000] {dag.py:3954} INFO - Setting next_dagrun for example_task_group to 2026-03-25 00:00:00+00:00, run_after=2026-03-26 00:00:00+00:00
[2026-03-26T21:16:23.675+0000] {processor.py:183} INFO - Processing /home/airflow/.local/lib/python3.12/site-packages/airflow/example_dags/example_task_group.py took 0.131 seconds
