[2026-03-26T21:13:41.252+0000] {processor.py:161} INFO - Started process (PID=106) to work on /home/airflow/.local/lib/python3.12/site-packages/airflow/example_dags/example_sensors.py
[2026-03-26T21:13:41.255+0000] {processor.py:830} INFO - Processing file /home/airflow/.local/lib/python3.12/site-packages/airflow/example_dags/example_sensors.py for tasks to queue
[2026-03-26T21:13:41.259+0000] {logging_mixin.py:188} INFO - [2026-03-26T21:13:41.259+0000] {dagbag.py:540} INFO - Filling up the DagBag from /home/airflow/.local/lib/python3.12/site-packages/airflow/example_dags/example_sensors.py
[2026-03-26T21:13:41.280+0000] {processor.py:840} INFO - DAG(s) 'example_sensors' retrieved from /home/airflow/.local/lib/python3.12/site-packages/airflow/example_dags/example_sensors.py
[2026-03-26T21:13:41.492+0000] {logging_mixin.py:188} INFO - [2026-03-26T21:13:41.491+0000] {dag.py:3096} INFO - Sync 1 DAGs
[2026-03-26T21:13:41.509+0000] {logging_mixin.py:188} INFO - [2026-03-26T21:13:41.509+0000] {dag.py:3954} INFO - Setting next_dagrun for example_sensors to None, run_after=None
[2026-03-26T21:13:41.587+0000] {processor.py:183} INFO - Processing /home/airflow/.local/lib/python3.12/site-packages/airflow/example_dags/example_sensors.py took 0.347 seconds
[2026-03-26T21:14:23.366+0000] {processor.py:161} INFO - Started process (PID=87) to work on /home/airflow/.local/lib/python3.12/site-packages/airflow/example_dags/example_sensors.py
[2026-03-26T21:14:23.368+0000] {processor.py:830} INFO - Processing file /home/airflow/.local/lib/python3.12/site-packages/airflow/example_dags/example_sensors.py for tasks to queue
[2026-03-26T21:14:23.373+0000] {logging_mixin.py:188} INFO - [2026-03-26T21:14:23.372+0000] {dagbag.py:540} INFO - Filling up the DagBag from /home/airflow/.local/lib/python3.12/site-packages/airflow/example_dags/example_sensors.py
[2026-03-26T21:14:23.397+0000] {processor.py:840} INFO - DAG(s) 'example_sensors' retrieved from /home/airflow/.local/lib/python3.12/site-packages/airflow/example_dags/example_sensors.py
[2026-03-26T21:14:23.464+0000] {logging_mixin.py:188} INFO - [2026-03-26T21:14:23.463+0000] {dag.py:3096} INFO - Sync 1 DAGs
[2026-03-26T21:14:23.487+0000] {logging_mixin.py:188} INFO - [2026-03-26T21:14:23.487+0000] {dag.py:3954} INFO - Setting next_dagrun for example_sensors to None, run_after=None
[2026-03-26T21:14:23.555+0000] {processor.py:183} INFO - Processing /home/airflow/.local/lib/python3.12/site-packages/airflow/example_dags/example_sensors.py took 0.202 seconds
[2026-03-26T21:14:54.369+0000] {processor.py:161} INFO - Started process (PID=146) to work on /home/airflow/.local/lib/python3.12/site-packages/airflow/example_dags/example_sensors.py
[2026-03-26T21:14:54.370+0000] {processor.py:830} INFO - Processing file /home/airflow/.local/lib/python3.12/site-packages/airflow/example_dags/example_sensors.py for tasks to queue
[2026-03-26T21:14:54.373+0000] {logging_mixin.py:188} INFO - [2026-03-26T21:14:54.372+0000] {dagbag.py:540} INFO - Filling up the DagBag from /home/airflow/.local/lib/python3.12/site-packages/airflow/example_dags/example_sensors.py
[2026-03-26T21:14:54.383+0000] {processor.py:840} INFO - DAG(s) 'example_sensors' retrieved from /home/airflow/.local/lib/python3.12/site-packages/airflow/example_dags/example_sensors.py
[2026-03-26T21:14:54.417+0000] {logging_mixin.py:188} INFO - [2026-03-26T21:14:54.417+0000] {dag.py:3096} INFO - Sync 1 DAGs
[2026-03-26T21:14:54.435+0000] {logging_mixin.py:188} INFO - [2026-03-26T21:14:54.435+0000] {dag.py:3954} INFO - Setting next_dagrun for example_sensors to None, run_after=None
[2026-03-26T21:14:54.658+0000] {processor.py:183} INFO - Processing /home/airflow/.local/lib/python3.12/site-packages/airflow/example_dags/example_sensors.py took 0.294 seconds
[2026-03-26T21:15:24.963+0000] {processor.py:161} INFO - Started process (PID=205) to work on /home/airflow/.local/lib/python3.12/site-packages/airflow/example_dags/example_sensors.py
[2026-03-26T21:15:24.965+0000] {processor.py:830} INFO - Processing file /home/airflow/.local/lib/python3.12/site-packages/airflow/example_dags/example_sensors.py for tasks to queue
[2026-03-26T21:15:24.967+0000] {logging_mixin.py:188} INFO - [2026-03-26T21:15:24.966+0000] {dagbag.py:540} INFO - Filling up the DagBag from /home/airflow/.local/lib/python3.12/site-packages/airflow/example_dags/example_sensors.py
[2026-03-26T21:15:24.977+0000] {processor.py:840} INFO - DAG(s) 'example_sensors' retrieved from /home/airflow/.local/lib/python3.12/site-packages/airflow/example_dags/example_sensors.py
[2026-03-26T21:15:25.007+0000] {logging_mixin.py:188} INFO - [2026-03-26T21:15:25.007+0000] {dag.py:3096} INFO - Sync 1 DAGs
[2026-03-26T21:15:25.023+0000] {logging_mixin.py:188} INFO - [2026-03-26T21:15:25.023+0000] {dag.py:3954} INFO - Setting next_dagrun for example_sensors to None, run_after=None
[2026-03-26T21:15:25.068+0000] {processor.py:183} INFO - Processing /home/airflow/.local/lib/python3.12/site-packages/airflow/example_dags/example_sensors.py took 0.111 seconds
[2026-03-26T21:15:55.259+0000] {processor.py:161} INFO - Started process (PID=264) to work on /home/airflow/.local/lib/python3.12/site-packages/airflow/example_dags/example_sensors.py
[2026-03-26T21:15:55.260+0000] {processor.py:830} INFO - Processing file /home/airflow/.local/lib/python3.12/site-packages/airflow/example_dags/example_sensors.py for tasks to queue
[2026-03-26T21:15:55.262+0000] {logging_mixin.py:188} INFO - [2026-03-26T21:15:55.262+0000] {dagbag.py:540} INFO - Filling up the DagBag from /home/airflow/.local/lib/python3.12/site-packages/airflow/example_dags/example_sensors.py
[2026-03-26T21:15:55.272+0000] {processor.py:840} INFO - DAG(s) 'example_sensors' retrieved from /home/airflow/.local/lib/python3.12/site-packages/airflow/example_dags/example_sensors.py
[2026-03-26T21:15:55.302+0000] {logging_mixin.py:188} INFO - [2026-03-26T21:15:55.301+0000] {dag.py:3096} INFO - Sync 1 DAGs
[2026-03-26T21:15:55.317+0000] {logging_mixin.py:188} INFO - [2026-03-26T21:15:55.317+0000] {dag.py:3954} INFO - Setting next_dagrun for example_sensors to None, run_after=None
[2026-03-26T21:15:55.371+0000] {processor.py:183} INFO - Processing /home/airflow/.local/lib/python3.12/site-packages/airflow/example_dags/example_sensors.py took 0.118 seconds
[2026-03-26T21:16:25.569+0000] {processor.py:161} INFO - Started process (PID=323) to work on /home/airflow/.local/lib/python3.12/site-packages/airflow/example_dags/example_sensors.py
[2026-03-26T21:16:25.571+0000] {processor.py:830} INFO - Processing file /home/airflow/.local/lib/python3.12/site-packages/airflow/example_dags/example_sensors.py for tasks to queue
[2026-03-26T21:16:25.573+0000] {logging_mixin.py:188} INFO - [2026-03-26T21:16:25.573+0000] {dagbag.py:540} INFO - Filling up the DagBag from /home/airflow/.local/lib/python3.12/site-packages/airflow/example_dags/example_sensors.py
[2026-03-26T21:16:25.584+0000] {processor.py:840} INFO - DAG(s) 'example_sensors' retrieved from /home/airflow/.local/lib/python3.12/site-packages/airflow/example_dags/example_sensors.py
[2026-03-26T21:16:25.617+0000] {logging_mixin.py:188} INFO - [2026-03-26T21:16:25.616+0000] {dag.py:3096} INFO - Sync 1 DAGs
[2026-03-26T21:16:25.633+0000] {logging_mixin.py:188} INFO - [2026-03-26T21:16:25.633+0000] {dag.py:3954} INFO - Setting next_dagrun for example_sensors to None, run_after=None
[2026-03-26T21:16:25.687+0000] {processor.py:183} INFO - Processing /home/airflow/.local/lib/python3.12/site-packages/airflow/example_dags/example_sensors.py took 0.125 seconds
