[2026-03-26T21:13:43.523+0000] {processor.py:161} INFO - Started process (PID=113) to work on /home/airflow/.local/lib/python3.12/site-packages/airflow/example_dags/example_complex.py
[2026-03-26T21:13:43.525+0000] {processor.py:830} INFO - Processing file /home/airflow/.local/lib/python3.12/site-packages/airflow/example_dags/example_complex.py for tasks to queue
[2026-03-26T21:13:43.530+0000] {logging_mixin.py:188} INFO - [2026-03-26T21:13:43.529+0000] {dagbag.py:540} INFO - Filling up the DagBag from /home/airflow/.local/lib/python3.12/site-packages/airflow/example_dags/example_complex.py
[2026-03-26T21:13:43.562+0000] {processor.py:840} INFO - DAG(s) 'example_complex' retrieved from /home/airflow/.local/lib/python3.12/site-packages/airflow/example_dags/example_complex.py
[2026-03-26T21:13:43.847+0000] {logging_mixin.py:188} INFO - [2026-03-26T21:13:43.847+0000] {dag.py:3096} INFO - Sync 1 DAGs
[2026-03-26T21:13:43.873+0000] {logging_mixin.py:188} INFO - [2026-03-26T21:13:43.873+0000] {dag.py:3954} INFO - Setting next_dagrun for example_complex to None, run_after=None
[2026-03-26T21:13:43.937+0000] {processor.py:183} INFO - Processing /home/airflow/.local/lib/python3.12/site-packages/airflow/example_dags/example_complex.py took 0.425 seconds
[2026-03-26T21:14:24.691+0000] {processor.py:161} INFO - Started process (PID=94) to work on /home/airflow/.local/lib/python3.12/site-packages/airflow/example_dags/example_complex.py
[2026-03-26T21:14:24.693+0000] {processor.py:830} INFO - Processing file /home/airflow/.local/lib/python3.12/site-packages/airflow/example_dags/example_complex.py for tasks to queue
[2026-03-26T21:14:24.696+0000] {logging_mixin.py:188} INFO - [2026-03-26T21:14:24.695+0000] {dagbag.py:540} INFO - Filling up the DagBag from /home/airflow/.local/lib/python3.12/site-packages/airflow/example_dags/example_complex.py
[2026-03-26T21:14:24.719+0000] {processor.py:840} INFO - DAG(s) 'example_complex' retrieved from /home/airflow/.local/lib/python3.12/site-packages/airflow/example_dags/example_complex.py
[2026-03-26T21:14:24.814+0000] {logging_mixin.py:188} INFO - [2026-03-26T21:14:24.813+0000] {dag.py:3096} INFO - Sync 1 DAGs
[2026-03-26T21:14:24.836+0000] {logging_mixin.py:188} INFO - [2026-03-26T21:14:24.836+0000] {dag.py:3954} INFO - Setting next_dagrun for example_complex to None, run_after=None
[2026-03-26T21:14:24.933+0000] {processor.py:183} INFO - Processing /home/airflow/.local/lib/python3.12/site-packages/airflow/example_dags/example_complex.py took 0.250 seconds
[2026-03-26T21:14:55.767+0000] {processor.py:161} INFO - Started process (PID=153) to work on /home/airflow/.local/lib/python3.12/site-packages/airflow/example_dags/example_complex.py
[2026-03-26T21:14:55.769+0000] {processor.py:830} INFO - Processing file /home/airflow/.local/lib/python3.12/site-packages/airflow/example_dags/example_complex.py for tasks to queue
[2026-03-26T21:14:55.774+0000] {logging_mixin.py:188} INFO - [2026-03-26T21:14:55.773+0000] {dagbag.py:540} INFO - Filling up the DagBag from /home/airflow/.local/lib/python3.12/site-packages/airflow/example_dags/example_complex.py
[2026-03-26T21:14:55.805+0000] {processor.py:840} INFO - DAG(s) 'example_complex' retrieved from /home/airflow/.local/lib/python3.12/site-packages/airflow/example_dags/example_complex.py
[2026-03-26T21:14:55.897+0000] {logging_mixin.py:188} INFO - [2026-03-26T21:14:55.897+0000] {dag.py:3096} INFO - Sync 1 DAGs
[2026-03-26T21:14:56.168+0000] {logging_mixin.py:188} INFO - [2026-03-26T21:14:56.168+0000] {dag.py:3954} INFO - Setting next_dagrun for example_complex to None, run_after=None
[2026-03-26T21:14:56.297+0000] {processor.py:183} INFO - Processing /home/airflow/.local/lib/python3.12/site-packages/airflow/example_dags/example_complex.py took 0.544 seconds
[2026-03-26T21:15:26.828+0000] {processor.py:161} INFO - Started process (PID=212) to work on /home/airflow/.local/lib/python3.12/site-packages/airflow/example_dags/example_complex.py
[2026-03-26T21:15:26.830+0000] {processor.py:830} INFO - Processing file /home/airflow/.local/lib/python3.12/site-packages/airflow/example_dags/example_complex.py for tasks to queue
[2026-03-26T21:15:26.832+0000] {logging_mixin.py:188} INFO - [2026-03-26T21:15:26.831+0000] {dagbag.py:540} INFO - Filling up the DagBag from /home/airflow/.local/lib/python3.12/site-packages/airflow/example_dags/example_complex.py
[2026-03-26T21:15:26.843+0000] {processor.py:840} INFO - DAG(s) 'example_complex' retrieved from /home/airflow/.local/lib/python3.12/site-packages/airflow/example_dags/example_complex.py
[2026-03-26T21:15:26.880+0000] {logging_mixin.py:188} INFO - [2026-03-26T21:15:26.880+0000] {dag.py:3096} INFO - Sync 1 DAGs
[2026-03-26T21:15:26.894+0000] {logging_mixin.py:188} INFO - [2026-03-26T21:15:26.894+0000] {dag.py:3954} INFO - Setting next_dagrun for example_complex to None, run_after=None
[2026-03-26T21:15:26.988+0000] {processor.py:183} INFO - Processing /home/airflow/.local/lib/python3.12/site-packages/airflow/example_dags/example_complex.py took 0.166 seconds
[2026-03-26T21:15:57.793+0000] {processor.py:161} INFO - Started process (PID=271) to work on /home/airflow/.local/lib/python3.12/site-packages/airflow/example_dags/example_complex.py
[2026-03-26T21:15:57.794+0000] {processor.py:830} INFO - Processing file /home/airflow/.local/lib/python3.12/site-packages/airflow/example_dags/example_complex.py for tasks to queue
[2026-03-26T21:15:57.797+0000] {logging_mixin.py:188} INFO - [2026-03-26T21:15:57.796+0000] {dagbag.py:540} INFO - Filling up the DagBag from /home/airflow/.local/lib/python3.12/site-packages/airflow/example_dags/example_complex.py
[2026-03-26T21:15:57.810+0000] {processor.py:840} INFO - DAG(s) 'example_complex' retrieved from /home/airflow/.local/lib/python3.12/site-packages/airflow/example_dags/example_complex.py
[2026-03-26T21:15:57.851+0000] {logging_mixin.py:188} INFO - [2026-03-26T21:15:57.850+0000] {dag.py:3096} INFO - Sync 1 DAGs
[2026-03-26T21:15:57.866+0000] {logging_mixin.py:188} INFO - [2026-03-26T21:15:57.866+0000] {dag.py:3954} INFO - Setting next_dagrun for example_complex to None, run_after=None
[2026-03-26T21:15:57.957+0000] {processor.py:183} INFO - Processing /home/airflow/.local/lib/python3.12/site-packages/airflow/example_dags/example_complex.py took 0.171 seconds
[2026-03-26T21:16:28.039+0000] {processor.py:161} INFO - Started process (PID=330) to work on /home/airflow/.local/lib/python3.12/site-packages/airflow/example_dags/example_complex.py
[2026-03-26T21:16:28.040+0000] {processor.py:830} INFO - Processing file /home/airflow/.local/lib/python3.12/site-packages/airflow/example_dags/example_complex.py for tasks to queue
[2026-03-26T21:16:28.042+0000] {logging_mixin.py:188} INFO - [2026-03-26T21:16:28.042+0000] {dagbag.py:540} INFO - Filling up the DagBag from /home/airflow/.local/lib/python3.12/site-packages/airflow/example_dags/example_complex.py
[2026-03-26T21:16:28.055+0000] {processor.py:840} INFO - DAG(s) 'example_complex' retrieved from /home/airflow/.local/lib/python3.12/site-packages/airflow/example_dags/example_complex.py
[2026-03-26T21:16:28.092+0000] {logging_mixin.py:188} INFO - [2026-03-26T21:16:28.092+0000] {dag.py:3096} INFO - Sync 1 DAGs
[2026-03-26T21:16:28.106+0000] {logging_mixin.py:188} INFO - [2026-03-26T21:16:28.106+0000] {dag.py:3954} INFO - Setting next_dagrun for example_complex to None, run_after=None
[2026-03-26T21:16:28.197+0000] {processor.py:183} INFO - Processing /home/airflow/.local/lib/python3.12/site-packages/airflow/example_dags/example_complex.py took 0.164 seconds
