[2026-03-26T21:13:38.924+0000] {processor.py:161} INFO - Started process (PID=96) to work on /home/airflow/.local/lib/python3.12/site-packages/airflow/example_dags/example_nested_branch_dag.py
[2026-03-26T21:13:38.926+0000] {processor.py:830} INFO - Processing file /home/airflow/.local/lib/python3.12/site-packages/airflow/example_dags/example_nested_branch_dag.py for tasks to queue
[2026-03-26T21:13:38.930+0000] {logging_mixin.py:188} INFO - [2026-03-26T21:13:38.929+0000] {dagbag.py:540} INFO - Filling up the DagBag from /home/airflow/.local/lib/python3.12/site-packages/airflow/example_dags/example_nested_branch_dag.py
[2026-03-26T21:13:38.953+0000] {processor.py:840} INFO - DAG(s) 'example_nested_branch_dag' retrieved from /home/airflow/.local/lib/python3.12/site-packages/airflow/example_dags/example_nested_branch_dag.py
[2026-03-26T21:13:39.215+0000] {logging_mixin.py:188} INFO - [2026-03-26T21:13:39.214+0000] {dag.py:3096} INFO - Sync 1 DAGs
[2026-03-26T21:13:39.273+0000] {logging_mixin.py:188} INFO - [2026-03-26T21:13:39.272+0000] {dag.py:3954} INFO - Setting next_dagrun for example_nested_branch_dag to 2026-03-25 00:00:00+00:00, run_after=2026-03-26 00:00:00+00:00
[2026-03-26T21:13:39.352+0000] {processor.py:183} INFO - Processing /home/airflow/.local/lib/python3.12/site-packages/airflow/example_dags/example_nested_branch_dag.py took 0.440 seconds
[2026-03-26T21:14:21.249+0000] {processor.py:161} INFO - Started process (PID=77) to work on /home/airflow/.local/lib/python3.12/site-packages/airflow/example_dags/example_nested_branch_dag.py
[2026-03-26T21:14:21.251+0000] {processor.py:830} INFO - Processing file /home/airflow/.local/lib/python3.12/site-packages/airflow/example_dags/example_nested_branch_dag.py for tasks to queue
[2026-03-26T21:14:21.255+0000] {logging_mixin.py:188} INFO - [2026-03-26T21:14:21.254+0000] {dagbag.py:540} INFO - Filling up the DagBag from /home/airflow/.local/lib/python3.12/site-packages/airflow/example_dags/example_nested_branch_dag.py
[2026-03-26T21:14:21.277+0000] {processor.py:840} INFO - DAG(s) 'example_nested_branch_dag' retrieved from /home/airflow/.local/lib/python3.12/site-packages/airflow/example_dags/example_nested_branch_dag.py
[2026-03-26T21:14:21.323+0000] {logging_mixin.py:188} INFO - [2026-03-26T21:14:21.323+0000] {dag.py:3096} INFO - Sync 1 DAGs
[2026-03-26T21:14:21.376+0000] {logging_mixin.py:188} INFO - [2026-03-26T21:14:21.376+0000] {dag.py:3954} INFO - Setting next_dagrun for example_nested_branch_dag to 2026-03-25 00:00:00+00:00, run_after=2026-03-26 00:00:00+00:00
[2026-03-26T21:14:21.467+0000] {processor.py:183} INFO - Processing /home/airflow/.local/lib/python3.12/site-packages/airflow/example_dags/example_nested_branch_dag.py took 0.230 seconds
[2026-03-26T21:14:52.774+0000] {processor.py:161} INFO - Started process (PID=136) to work on /home/airflow/.local/lib/python3.12/site-packages/airflow/example_dags/example_nested_branch_dag.py
[2026-03-26T21:14:52.776+0000] {processor.py:830} INFO - Processing file /home/airflow/.local/lib/python3.12/site-packages/airflow/example_dags/example_nested_branch_dag.py for tasks to queue
[2026-03-26T21:14:52.779+0000] {logging_mixin.py:188} INFO - [2026-03-26T21:14:52.778+0000] {dagbag.py:540} INFO - Filling up the DagBag from /home/airflow/.local/lib/python3.12/site-packages/airflow/example_dags/example_nested_branch_dag.py
[2026-03-26T21:14:52.793+0000] {processor.py:840} INFO - DAG(s) 'example_nested_branch_dag' retrieved from /home/airflow/.local/lib/python3.12/site-packages/airflow/example_dags/example_nested_branch_dag.py
[2026-03-26T21:14:52.829+0000] {logging_mixin.py:188} INFO - [2026-03-26T21:14:52.829+0000] {dag.py:3096} INFO - Sync 1 DAGs
[2026-03-26T21:14:52.863+0000] {logging_mixin.py:188} INFO - [2026-03-26T21:14:52.862+0000] {dag.py:3954} INFO - Setting next_dagrun for example_nested_branch_dag to 2026-03-25 00:00:00+00:00, run_after=2026-03-26 00:00:00+00:00
[2026-03-26T21:14:52.950+0000] {processor.py:183} INFO - Processing /home/airflow/.local/lib/python3.12/site-packages/airflow/example_dags/example_nested_branch_dag.py took 0.184 seconds
[2026-03-26T21:15:23.116+0000] {processor.py:161} INFO - Started process (PID=195) to work on /home/airflow/.local/lib/python3.12/site-packages/airflow/example_dags/example_nested_branch_dag.py
[2026-03-26T21:15:23.118+0000] {processor.py:830} INFO - Processing file /home/airflow/.local/lib/python3.12/site-packages/airflow/example_dags/example_nested_branch_dag.py for tasks to queue
[2026-03-26T21:15:23.120+0000] {logging_mixin.py:188} INFO - [2026-03-26T21:15:23.120+0000] {dagbag.py:540} INFO - Filling up the DagBag from /home/airflow/.local/lib/python3.12/site-packages/airflow/example_dags/example_nested_branch_dag.py
[2026-03-26T21:15:23.133+0000] {processor.py:840} INFO - DAG(s) 'example_nested_branch_dag' retrieved from /home/airflow/.local/lib/python3.12/site-packages/airflow/example_dags/example_nested_branch_dag.py
[2026-03-26T21:15:23.163+0000] {logging_mixin.py:188} INFO - [2026-03-26T21:15:23.162+0000] {dag.py:3096} INFO - Sync 1 DAGs
[2026-03-26T21:15:23.191+0000] {logging_mixin.py:188} INFO - [2026-03-26T21:15:23.190+0000] {dag.py:3954} INFO - Setting next_dagrun for example_nested_branch_dag to 2026-03-25 00:00:00+00:00, run_after=2026-03-26 00:00:00+00:00
[2026-03-26T21:15:23.250+0000] {processor.py:183} INFO - Processing /home/airflow/.local/lib/python3.12/site-packages/airflow/example_dags/example_nested_branch_dag.py took 0.142 seconds
[2026-03-26T21:15:53.360+0000] {processor.py:161} INFO - Started process (PID=254) to work on /home/airflow/.local/lib/python3.12/site-packages/airflow/example_dags/example_nested_branch_dag.py
[2026-03-26T21:15:53.361+0000] {processor.py:830} INFO - Processing file /home/airflow/.local/lib/python3.12/site-packages/airflow/example_dags/example_nested_branch_dag.py for tasks to queue
[2026-03-26T21:15:53.363+0000] {logging_mixin.py:188} INFO - [2026-03-26T21:15:53.363+0000] {dagbag.py:540} INFO - Filling up the DagBag from /home/airflow/.local/lib/python3.12/site-packages/airflow/example_dags/example_nested_branch_dag.py
[2026-03-26T21:15:53.374+0000] {processor.py:840} INFO - DAG(s) 'example_nested_branch_dag' retrieved from /home/airflow/.local/lib/python3.12/site-packages/airflow/example_dags/example_nested_branch_dag.py
[2026-03-26T21:15:53.398+0000] {logging_mixin.py:188} INFO - [2026-03-26T21:15:53.398+0000] {dag.py:3096} INFO - Sync 1 DAGs
[2026-03-26T21:15:53.421+0000] {logging_mixin.py:188} INFO - [2026-03-26T21:15:53.421+0000] {dag.py:3954} INFO - Setting next_dagrun for example_nested_branch_dag to 2026-03-25 00:00:00+00:00, run_after=2026-03-26 00:00:00+00:00
[2026-03-26T21:15:53.469+0000] {processor.py:183} INFO - Processing /home/airflow/.local/lib/python3.12/site-packages/airflow/example_dags/example_nested_branch_dag.py took 0.115 seconds
[2026-03-26T21:16:23.552+0000] {processor.py:161} INFO - Started process (PID=313) to work on /home/airflow/.local/lib/python3.12/site-packages/airflow/example_dags/example_nested_branch_dag.py
[2026-03-26T21:16:23.553+0000] {processor.py:830} INFO - Processing file /home/airflow/.local/lib/python3.12/site-packages/airflow/example_dags/example_nested_branch_dag.py for tasks to queue
[2026-03-26T21:16:23.555+0000] {logging_mixin.py:188} INFO - [2026-03-26T21:16:23.554+0000] {dagbag.py:540} INFO - Filling up the DagBag from /home/airflow/.local/lib/python3.12/site-packages/airflow/example_dags/example_nested_branch_dag.py
[2026-03-26T21:16:23.566+0000] {processor.py:840} INFO - DAG(s) 'example_nested_branch_dag' retrieved from /home/airflow/.local/lib/python3.12/site-packages/airflow/example_dags/example_nested_branch_dag.py
[2026-03-26T21:16:23.589+0000] {logging_mixin.py:188} INFO - [2026-03-26T21:16:23.589+0000] {dag.py:3096} INFO - Sync 1 DAGs
[2026-03-26T21:16:23.615+0000] {logging_mixin.py:188} INFO - [2026-03-26T21:16:23.615+0000] {dag.py:3954} INFO - Setting next_dagrun for example_nested_branch_dag to 2026-03-25 00:00:00+00:00, run_after=2026-03-26 00:00:00+00:00
[2026-03-26T21:16:23.687+0000] {processor.py:183} INFO - Processing /home/airflow/.local/lib/python3.12/site-packages/airflow/example_dags/example_nested_branch_dag.py took 0.141 seconds
