[2026-03-26T21:13:38.427+0000] {processor.py:161} INFO - Started process (PID=94) to work on /home/airflow/.local/lib/python3.12/site-packages/airflow/example_dags/example_external_task_marker_dag.py
[2026-03-26T21:13:38.429+0000] {processor.py:830} INFO - Processing file /home/airflow/.local/lib/python3.12/site-packages/airflow/example_dags/example_external_task_marker_dag.py for tasks to queue
[2026-03-26T21:13:38.433+0000] {logging_mixin.py:188} INFO - [2026-03-26T21:13:38.432+0000] {dagbag.py:540} INFO - Filling up the DagBag from /home/airflow/.local/lib/python3.12/site-packages/airflow/example_dags/example_external_task_marker_dag.py
[2026-03-26T21:13:38.446+0000] {processor.py:840} INFO - DAG(s) 'example_external_task_marker_child', 'example_external_task_marker_parent' retrieved from /home/airflow/.local/lib/python3.12/site-packages/airflow/example_dags/example_external_task_marker_dag.py
[2026-03-26T21:13:38.767+0000] {logging_mixin.py:188} INFO - [2026-03-26T21:13:38.766+0000] {dag.py:3096} INFO - Sync 2 DAGs
[2026-03-26T21:13:38.792+0000] {logging_mixin.py:188} INFO - [2026-03-26T21:13:38.792+0000] {dag.py:3954} INFO - Setting next_dagrun for example_external_task_marker_child to None, run_after=None
[2026-03-26T21:13:38.798+0000] {logging_mixin.py:188} INFO - [2026-03-26T21:13:38.797+0000] {dag.py:3954} INFO - Setting next_dagrun for example_external_task_marker_parent to None, run_after=None
[2026-03-26T21:13:38.864+0000] {processor.py:183} INFO - Processing /home/airflow/.local/lib/python3.12/site-packages/airflow/example_dags/example_external_task_marker_dag.py took 0.448 seconds
[2026-03-26T21:14:21.039+0000] {processor.py:161} INFO - Started process (PID=75) to work on /home/airflow/.local/lib/python3.12/site-packages/airflow/example_dags/example_external_task_marker_dag.py
[2026-03-26T21:14:21.040+0000] {processor.py:830} INFO - Processing file /home/airflow/.local/lib/python3.12/site-packages/airflow/example_dags/example_external_task_marker_dag.py for tasks to queue
[2026-03-26T21:14:21.043+0000] {logging_mixin.py:188} INFO - [2026-03-26T21:14:21.043+0000] {dagbag.py:540} INFO - Filling up the DagBag from /home/airflow/.local/lib/python3.12/site-packages/airflow/example_dags/example_external_task_marker_dag.py
[2026-03-26T21:14:21.051+0000] {processor.py:840} INFO - DAG(s) 'example_external_task_marker_child', 'example_external_task_marker_parent' retrieved from /home/airflow/.local/lib/python3.12/site-packages/airflow/example_dags/example_external_task_marker_dag.py
[2026-03-26T21:14:21.083+0000] {logging_mixin.py:188} INFO - [2026-03-26T21:14:21.083+0000] {dag.py:3096} INFO - Sync 2 DAGs
[2026-03-26T21:14:21.109+0000] {logging_mixin.py:188} INFO - [2026-03-26T21:14:21.109+0000] {dag.py:3954} INFO - Setting next_dagrun for example_external_task_marker_child to None, run_after=None
[2026-03-26T21:14:21.119+0000] {logging_mixin.py:188} INFO - [2026-03-26T21:14:21.119+0000] {dag.py:3954} INFO - Setting next_dagrun for example_external_task_marker_parent to None, run_after=None
[2026-03-26T21:14:21.194+0000] {processor.py:183} INFO - Processing /home/airflow/.local/lib/python3.12/site-packages/airflow/example_dags/example_external_task_marker_dag.py took 0.164 seconds
[2026-03-26T21:14:52.302+0000] {processor.py:161} INFO - Started process (PID=134) to work on /home/airflow/.local/lib/python3.12/site-packages/airflow/example_dags/example_external_task_marker_dag.py
[2026-03-26T21:14:52.304+0000] {processor.py:830} INFO - Processing file /home/airflow/.local/lib/python3.12/site-packages/airflow/example_dags/example_external_task_marker_dag.py for tasks to queue
[2026-03-26T21:14:52.307+0000] {logging_mixin.py:188} INFO - [2026-03-26T21:14:52.306+0000] {dagbag.py:540} INFO - Filling up the DagBag from /home/airflow/.local/lib/python3.12/site-packages/airflow/example_dags/example_external_task_marker_dag.py
[2026-03-26T21:14:52.329+0000] {processor.py:840} INFO - DAG(s) 'example_external_task_marker_parent', 'example_external_task_marker_child' retrieved from /home/airflow/.local/lib/python3.12/site-packages/airflow/example_dags/example_external_task_marker_dag.py
[2026-03-26T21:14:52.395+0000] {logging_mixin.py:188} INFO - [2026-03-26T21:14:52.394+0000] {dag.py:3096} INFO - Sync 2 DAGs
[2026-03-26T21:14:52.434+0000] {logging_mixin.py:188} INFO - [2026-03-26T21:14:52.433+0000] {dag.py:3954} INFO - Setting next_dagrun for example_external_task_marker_child to None, run_after=None
[2026-03-26T21:14:52.446+0000] {logging_mixin.py:188} INFO - [2026-03-26T21:14:52.446+0000] {dag.py:3954} INFO - Setting next_dagrun for example_external_task_marker_parent to None, run_after=None
[2026-03-26T21:14:52.503+0000] {processor.py:183} INFO - Processing /home/airflow/.local/lib/python3.12/site-packages/airflow/example_dags/example_external_task_marker_dag.py took 0.215 seconds
[2026-03-26T21:15:22.927+0000] {processor.py:161} INFO - Started process (PID=192) to work on /home/airflow/.local/lib/python3.12/site-packages/airflow/example_dags/example_external_task_marker_dag.py
[2026-03-26T21:15:22.928+0000] {processor.py:830} INFO - Processing file /home/airflow/.local/lib/python3.12/site-packages/airflow/example_dags/example_external_task_marker_dag.py for tasks to queue
[2026-03-26T21:15:22.930+0000] {logging_mixin.py:188} INFO - [2026-03-26T21:15:22.930+0000] {dagbag.py:540} INFO - Filling up the DagBag from /home/airflow/.local/lib/python3.12/site-packages/airflow/example_dags/example_external_task_marker_dag.py
[2026-03-26T21:15:22.936+0000] {processor.py:840} INFO - DAG(s) 'example_external_task_marker_child', 'example_external_task_marker_parent' retrieved from /home/airflow/.local/lib/python3.12/site-packages/airflow/example_dags/example_external_task_marker_dag.py
[2026-03-26T21:15:22.965+0000] {logging_mixin.py:188} INFO - [2026-03-26T21:15:22.964+0000] {dag.py:3096} INFO - Sync 2 DAGs
[2026-03-26T21:15:22.983+0000] {logging_mixin.py:188} INFO - [2026-03-26T21:15:22.983+0000] {dag.py:3954} INFO - Setting next_dagrun for example_external_task_marker_child to None, run_after=None
[2026-03-26T21:15:22.989+0000] {logging_mixin.py:188} INFO - [2026-03-26T21:15:22.988+0000] {dag.py:3954} INFO - Setting next_dagrun for example_external_task_marker_parent to None, run_after=None
[2026-03-26T21:15:23.031+0000] {processor.py:183} INFO - Processing /home/airflow/.local/lib/python3.12/site-packages/airflow/example_dags/example_external_task_marker_dag.py took 0.112 seconds
[2026-03-26T21:15:53.201+0000] {processor.py:161} INFO - Started process (PID=252) to work on /home/airflow/.local/lib/python3.12/site-packages/airflow/example_dags/example_external_task_marker_dag.py
[2026-03-26T21:15:53.202+0000] {processor.py:830} INFO - Processing file /home/airflow/.local/lib/python3.12/site-packages/airflow/example_dags/example_external_task_marker_dag.py for tasks to queue
[2026-03-26T21:15:53.205+0000] {logging_mixin.py:188} INFO - [2026-03-26T21:15:53.204+0000] {dagbag.py:540} INFO - Filling up the DagBag from /home/airflow/.local/lib/python3.12/site-packages/airflow/example_dags/example_external_task_marker_dag.py
[2026-03-26T21:15:53.212+0000] {processor.py:840} INFO - DAG(s) 'example_external_task_marker_child', 'example_external_task_marker_parent' retrieved from /home/airflow/.local/lib/python3.12/site-packages/airflow/example_dags/example_external_task_marker_dag.py
[2026-03-26T21:15:53.240+0000] {logging_mixin.py:188} INFO - [2026-03-26T21:15:53.240+0000] {dag.py:3096} INFO - Sync 2 DAGs
[2026-03-26T21:15:53.257+0000] {logging_mixin.py:188} INFO - [2026-03-26T21:15:53.257+0000] {dag.py:3954} INFO - Setting next_dagrun for example_external_task_marker_child to None, run_after=None
[2026-03-26T21:15:53.262+0000] {logging_mixin.py:188} INFO - [2026-03-26T21:15:53.262+0000] {dag.py:3954} INFO - Setting next_dagrun for example_external_task_marker_parent to None, run_after=None
[2026-03-26T21:15:53.325+0000] {processor.py:183} INFO - Processing /home/airflow/.local/lib/python3.12/site-packages/airflow/example_dags/example_external_task_marker_dag.py took 0.131 seconds
[2026-03-26T21:16:23.408+0000] {processor.py:161} INFO - Started process (PID=311) to work on /home/airflow/.local/lib/python3.12/site-packages/airflow/example_dags/example_external_task_marker_dag.py
[2026-03-26T21:16:23.409+0000] {processor.py:830} INFO - Processing file /home/airflow/.local/lib/python3.12/site-packages/airflow/example_dags/example_external_task_marker_dag.py for tasks to queue
[2026-03-26T21:16:23.412+0000] {logging_mixin.py:188} INFO - [2026-03-26T21:16:23.411+0000] {dagbag.py:540} INFO - Filling up the DagBag from /home/airflow/.local/lib/python3.12/site-packages/airflow/example_dags/example_external_task_marker_dag.py
[2026-03-26T21:16:23.418+0000] {processor.py:840} INFO - DAG(s) 'example_external_task_marker_child', 'example_external_task_marker_parent' retrieved from /home/airflow/.local/lib/python3.12/site-packages/airflow/example_dags/example_external_task_marker_dag.py
[2026-03-26T21:16:23.444+0000] {logging_mixin.py:188} INFO - [2026-03-26T21:16:23.443+0000] {dag.py:3096} INFO - Sync 2 DAGs
[2026-03-26T21:16:23.459+0000] {logging_mixin.py:188} INFO - [2026-03-26T21:16:23.459+0000] {dag.py:3954} INFO - Setting next_dagrun for example_external_task_marker_child to None, run_after=None
[2026-03-26T21:16:23.463+0000] {logging_mixin.py:188} INFO - [2026-03-26T21:16:23.463+0000] {dag.py:3954} INFO - Setting next_dagrun for example_external_task_marker_parent to None, run_after=None
[2026-03-26T21:16:23.519+0000] {processor.py:183} INFO - Processing /home/airflow/.local/lib/python3.12/site-packages/airflow/example_dags/example_external_task_marker_dag.py took 0.117 seconds
