[2026-03-26T21:13:34.527+0000] {processor.py:161} INFO - Started process (PID=79) to work on /home/airflow/.local/lib/python3.12/site-packages/airflow/example_dags/example_display_name.py
[2026-03-26T21:13:34.530+0000] {processor.py:830} INFO - Processing file /home/airflow/.local/lib/python3.12/site-packages/airflow/example_dags/example_display_name.py for tasks to queue
[2026-03-26T21:13:34.535+0000] {logging_mixin.py:188} INFO - [2026-03-26T21:13:34.534+0000] {dagbag.py:540} INFO - Filling up the DagBag from /home/airflow/.local/lib/python3.12/site-packages/airflow/example_dags/example_display_name.py
[2026-03-26T21:13:34.623+0000] {processor.py:840} INFO - DAG(s) 'example_display_name' retrieved from /home/airflow/.local/lib/python3.12/site-packages/airflow/example_dags/example_display_name.py
[2026-03-26T21:13:35.015+0000] {logging_mixin.py:188} INFO - [2026-03-26T21:13:35.014+0000] {dag.py:3096} INFO - Sync 1 DAGs
[2026-03-26T21:13:35.042+0000] {logging_mixin.py:188} INFO - [2026-03-26T21:13:35.042+0000] {dag.py:3954} INFO - Setting next_dagrun for example_display_name to None, run_after=None
[2026-03-26T21:13:35.110+0000] {processor.py:183} INFO - Processing /home/airflow/.local/lib/python3.12/site-packages/airflow/example_dags/example_display_name.py took 0.567 seconds
[2026-03-26T21:14:17.832+0000] {processor.py:161} INFO - Started process (PID=54) to work on /home/airflow/.local/lib/python3.12/site-packages/airflow/example_dags/example_display_name.py
[2026-03-26T21:14:17.834+0000] {processor.py:830} INFO - Processing file /home/airflow/.local/lib/python3.12/site-packages/airflow/example_dags/example_display_name.py for tasks to queue
[2026-03-26T21:14:17.837+0000] {logging_mixin.py:188} INFO - [2026-03-26T21:14:17.836+0000] {dagbag.py:540} INFO - Filling up the DagBag from /home/airflow/.local/lib/python3.12/site-packages/airflow/example_dags/example_display_name.py
[2026-03-26T21:14:17.846+0000] {processor.py:840} INFO - DAG(s) 'example_display_name' retrieved from /home/airflow/.local/lib/python3.12/site-packages/airflow/example_dags/example_display_name.py
[2026-03-26T21:14:17.889+0000] {logging_mixin.py:188} INFO - [2026-03-26T21:14:17.888+0000] {dag.py:3096} INFO - Sync 1 DAGs
[2026-03-26T21:14:17.939+0000] {logging_mixin.py:188} INFO - [2026-03-26T21:14:17.939+0000] {dag.py:3954} INFO - Setting next_dagrun for example_display_name to None, run_after=None
[2026-03-26T21:14:18.080+0000] {processor.py:183} INFO - Processing /home/airflow/.local/lib/python3.12/site-packages/airflow/example_dags/example_display_name.py took 0.257 seconds
[2026-03-26T21:14:48.886+0000] {processor.py:161} INFO - Started process (PID=113) to work on /home/airflow/.local/lib/python3.12/site-packages/airflow/example_dags/example_display_name.py
[2026-03-26T21:14:48.887+0000] {processor.py:830} INFO - Processing file /home/airflow/.local/lib/python3.12/site-packages/airflow/example_dags/example_display_name.py for tasks to queue
[2026-03-26T21:14:48.890+0000] {logging_mixin.py:188} INFO - [2026-03-26T21:14:48.890+0000] {dagbag.py:540} INFO - Filling up the DagBag from /home/airflow/.local/lib/python3.12/site-packages/airflow/example_dags/example_display_name.py
[2026-03-26T21:14:48.897+0000] {processor.py:840} INFO - DAG(s) 'example_display_name' retrieved from /home/airflow/.local/lib/python3.12/site-packages/airflow/example_dags/example_display_name.py
[2026-03-26T21:14:48.920+0000] {logging_mixin.py:188} INFO - [2026-03-26T21:14:48.919+0000] {dag.py:3096} INFO - Sync 1 DAGs
[2026-03-26T21:14:48.936+0000] {logging_mixin.py:188} INFO - [2026-03-26T21:14:48.936+0000] {dag.py:3954} INFO - Setting next_dagrun for example_display_name to None, run_after=None
[2026-03-26T21:14:48.980+0000] {processor.py:183} INFO - Processing /home/airflow/.local/lib/python3.12/site-packages/airflow/example_dags/example_display_name.py took 0.101 seconds
[2026-03-26T21:15:19.328+0000] {processor.py:161} INFO - Started process (PID=172) to work on /home/airflow/.local/lib/python3.12/site-packages/airflow/example_dags/example_display_name.py
[2026-03-26T21:15:19.329+0000] {processor.py:830} INFO - Processing file /home/airflow/.local/lib/python3.12/site-packages/airflow/example_dags/example_display_name.py for tasks to queue
[2026-03-26T21:15:19.332+0000] {logging_mixin.py:188} INFO - [2026-03-26T21:15:19.331+0000] {dagbag.py:540} INFO - Filling up the DagBag from /home/airflow/.local/lib/python3.12/site-packages/airflow/example_dags/example_display_name.py
[2026-03-26T21:15:19.338+0000] {processor.py:840} INFO - DAG(s) 'example_display_name' retrieved from /home/airflow/.local/lib/python3.12/site-packages/airflow/example_dags/example_display_name.py
[2026-03-26T21:15:19.492+0000] {logging_mixin.py:188} INFO - [2026-03-26T21:15:19.492+0000] {dag.py:3096} INFO - Sync 1 DAGs
[2026-03-26T21:15:19.507+0000] {logging_mixin.py:188} INFO - [2026-03-26T21:15:19.507+0000] {dag.py:3954} INFO - Setting next_dagrun for example_display_name to None, run_after=None
[2026-03-26T21:15:19.578+0000] {processor.py:183} INFO - Processing /home/airflow/.local/lib/python3.12/site-packages/airflow/example_dags/example_display_name.py took 0.256 seconds
[2026-03-26T21:15:49.730+0000] {processor.py:161} INFO - Started process (PID=237) to work on /home/airflow/.local/lib/python3.12/site-packages/airflow/example_dags/example_display_name.py
[2026-03-26T21:15:49.735+0000] {processor.py:830} INFO - Processing file /home/airflow/.local/lib/python3.12/site-packages/airflow/example_dags/example_display_name.py for tasks to queue
[2026-03-26T21:15:49.770+0000] {logging_mixin.py:188} INFO - [2026-03-26T21:15:49.769+0000] {dagbag.py:540} INFO - Filling up the DagBag from /home/airflow/.local/lib/python3.12/site-packages/airflow/example_dags/example_display_name.py
[2026-03-26T21:15:49.796+0000] {processor.py:840} INFO - DAG(s) 'example_display_name' retrieved from /home/airflow/.local/lib/python3.12/site-packages/airflow/example_dags/example_display_name.py
[2026-03-26T21:15:49.880+0000] {logging_mixin.py:188} INFO - [2026-03-26T21:15:49.879+0000] {dag.py:3096} INFO - Sync 1 DAGs
[2026-03-26T21:15:49.947+0000] {logging_mixin.py:188} INFO - [2026-03-26T21:15:49.945+0000] {dag.py:3954} INFO - Setting next_dagrun for example_display_name to None, run_after=None
[2026-03-26T21:15:50.054+0000] {processor.py:183} INFO - Processing /home/airflow/.local/lib/python3.12/site-packages/airflow/example_dags/example_display_name.py took 0.360 seconds
[2026-03-26T21:16:20.115+0000] {processor.py:161} INFO - Started process (PID=295) to work on /home/airflow/.local/lib/python3.12/site-packages/airflow/example_dags/example_display_name.py
[2026-03-26T21:16:20.117+0000] {processor.py:830} INFO - Processing file /home/airflow/.local/lib/python3.12/site-packages/airflow/example_dags/example_display_name.py for tasks to queue
[2026-03-26T21:16:20.119+0000] {logging_mixin.py:188} INFO - [2026-03-26T21:16:20.119+0000] {dagbag.py:540} INFO - Filling up the DagBag from /home/airflow/.local/lib/python3.12/site-packages/airflow/example_dags/example_display_name.py
[2026-03-26T21:16:20.125+0000] {processor.py:840} INFO - DAG(s) 'example_display_name' retrieved from /home/airflow/.local/lib/python3.12/site-packages/airflow/example_dags/example_display_name.py
[2026-03-26T21:16:20.146+0000] {logging_mixin.py:188} INFO - [2026-03-26T21:16:20.146+0000] {dag.py:3096} INFO - Sync 1 DAGs
[2026-03-26T21:16:20.160+0000] {logging_mixin.py:188} INFO - [2026-03-26T21:16:20.159+0000] {dag.py:3954} INFO - Setting next_dagrun for example_display_name to None, run_after=None
[2026-03-26T21:16:20.206+0000] {processor.py:183} INFO - Processing /home/airflow/.local/lib/python3.12/site-packages/airflow/example_dags/example_display_name.py took 0.097 seconds
