[2026-03-26T21:13:39.991+0000] {processor.py:161} INFO - Started process (PID=101) to work on /home/airflow/.local/lib/python3.12/site-packages/airflow/example_dags/example_datasets.py
[2026-03-26T21:13:39.993+0000] {processor.py:830} INFO - Processing file /home/airflow/.local/lib/python3.12/site-packages/airflow/example_dags/example_datasets.py for tasks to queue
[2026-03-26T21:13:39.997+0000] {logging_mixin.py:188} INFO - [2026-03-26T21:13:39.997+0000] {dagbag.py:540} INFO - Filling up the DagBag from /home/airflow/.local/lib/python3.12/site-packages/airflow/example_dags/example_datasets.py
[2026-03-26T21:13:40.032+0000] {processor.py:840} INFO - DAG(s) 'dataset_produces_2', 'consume_1_or_both_2_and_3_with_dataset_expressions', 'dataset_consumes_1_and_2', 'dataset_consumes_unknown_never_scheduled', 'dataset_consumes_1', 'consume_1_and_2_with_dataset_expressions', 'dataset_produces_1', 'conditional_dataset_and_time_based_timetable', 'dataset_consumes_1_never_scheduled', 'consume_1_or_2_with_dataset_expressions' retrieved from /home/airflow/.local/lib/python3.12/site-packages/airflow/example_dags/example_datasets.py
[2026-03-26T21:13:40.515+0000] {logging_mixin.py:188} INFO - [2026-03-26T21:13:40.514+0000] {dag.py:3096} INFO - Sync 10 DAGs
[2026-03-26T21:13:40.567+0000] {logging_mixin.py:188} INFO - [2026-03-26T21:13:40.567+0000] {dag.py:3954} INFO - Setting next_dagrun for conditional_dataset_and_time_based_timetable to 2026-03-25 01:00:00+00:00, run_after=2026-03-25 01:00:00+00:00
[2026-03-26T21:13:40.574+0000] {logging_mixin.py:188} INFO - [2026-03-26T21:13:40.574+0000] {dag.py:3954} INFO - Setting next_dagrun for consume_1_and_2_with_dataset_expressions to None, run_after=None
[2026-03-26T21:13:40.577+0000] {logging_mixin.py:188} INFO - [2026-03-26T21:13:40.577+0000] {dag.py:3954} INFO - Setting next_dagrun for consume_1_or_2_with_dataset_expressions to None, run_after=None
[2026-03-26T21:13:40.580+0000] {logging_mixin.py:188} INFO - [2026-03-26T21:13:40.580+0000] {dag.py:3954} INFO - Setting next_dagrun for consume_1_or_both_2_and_3_with_dataset_expressions to None, run_after=None
[2026-03-26T21:13:40.583+0000] {logging_mixin.py:188} INFO - [2026-03-26T21:13:40.583+0000] {dag.py:3954} INFO - Setting next_dagrun for dataset_consumes_1 to None, run_after=None
[2026-03-26T21:13:40.586+0000] {logging_mixin.py:188} INFO - [2026-03-26T21:13:40.586+0000] {dag.py:3954} INFO - Setting next_dagrun for dataset_consumes_1_and_2 to None, run_after=None
[2026-03-26T21:13:40.589+0000] {logging_mixin.py:188} INFO - [2026-03-26T21:13:40.589+0000] {dag.py:3954} INFO - Setting next_dagrun for dataset_consumes_1_never_scheduled to None, run_after=None
[2026-03-26T21:13:40.593+0000] {logging_mixin.py:188} INFO - [2026-03-26T21:13:40.592+0000] {dag.py:3954} INFO - Setting next_dagrun for dataset_consumes_unknown_never_scheduled to None, run_after=None
[2026-03-26T21:13:40.598+0000] {logging_mixin.py:188} INFO - [2026-03-26T21:13:40.598+0000] {dag.py:3954} INFO - Setting next_dagrun for dataset_produces_1 to 2026-03-25 00:00:00+00:00, run_after=2026-03-26 00:00:00+00:00
[2026-03-26T21:13:40.601+0000] {logging_mixin.py:188} INFO - [2026-03-26T21:13:40.601+0000] {dag.py:3954} INFO - Setting next_dagrun for dataset_produces_2 to None, run_after=None
[2026-03-26T21:13:40.717+0000] {processor.py:183} INFO - Processing /home/airflow/.local/lib/python3.12/site-packages/airflow/example_dags/example_datasets.py took 0.735 seconds
[2026-03-26T21:14:22.491+0000] {processor.py:161} INFO - Started process (PID=82) to work on /home/airflow/.local/lib/python3.12/site-packages/airflow/example_dags/example_datasets.py
[2026-03-26T21:14:22.493+0000] {processor.py:830} INFO - Processing file /home/airflow/.local/lib/python3.12/site-packages/airflow/example_dags/example_datasets.py for tasks to queue
[2026-03-26T21:14:22.496+0000] {logging_mixin.py:188} INFO - [2026-03-26T21:14:22.495+0000] {dagbag.py:540} INFO - Filling up the DagBag from /home/airflow/.local/lib/python3.12/site-packages/airflow/example_dags/example_datasets.py
[2026-03-26T21:14:22.522+0000] {processor.py:840} INFO - DAG(s) 'dataset_consumes_unknown_never_scheduled', 'dataset_consumes_1_never_scheduled', 'dataset_consumes_1', 'consume_1_or_2_with_dataset_expressions', 'consume_1_and_2_with_dataset_expressions', 'conditional_dataset_and_time_based_timetable', 'consume_1_or_both_2_and_3_with_dataset_expressions', 'dataset_produces_1', 'dataset_consumes_1_and_2', 'dataset_produces_2' retrieved from /home/airflow/.local/lib/python3.12/site-packages/airflow/example_dags/example_datasets.py
[2026-03-26T21:14:22.633+0000] {logging_mixin.py:188} INFO - [2026-03-26T21:14:22.632+0000] {dag.py:3096} INFO - Sync 10 DAGs
[2026-03-26T21:14:22.697+0000] {logging_mixin.py:188} INFO - [2026-03-26T21:14:22.697+0000] {dag.py:3954} INFO - Setting next_dagrun for conditional_dataset_and_time_based_timetable to 2026-03-25 01:00:00+00:00, run_after=2026-03-25 01:00:00+00:00
[2026-03-26T21:14:22.705+0000] {logging_mixin.py:188} INFO - [2026-03-26T21:14:22.704+0000] {dag.py:3954} INFO - Setting next_dagrun for consume_1_and_2_with_dataset_expressions to None, run_after=None
[2026-03-26T21:14:22.708+0000] {logging_mixin.py:188} INFO - [2026-03-26T21:14:22.707+0000] {dag.py:3954} INFO - Setting next_dagrun for consume_1_or_2_with_dataset_expressions to None, run_after=None
[2026-03-26T21:14:22.710+0000] {logging_mixin.py:188} INFO - [2026-03-26T21:14:22.710+0000] {dag.py:3954} INFO - Setting next_dagrun for consume_1_or_both_2_and_3_with_dataset_expressions to None, run_after=None
[2026-03-26T21:14:22.714+0000] {logging_mixin.py:188} INFO - [2026-03-26T21:14:22.714+0000] {dag.py:3954} INFO - Setting next_dagrun for dataset_consumes_1 to None, run_after=None
[2026-03-26T21:14:22.717+0000] {logging_mixin.py:188} INFO - [2026-03-26T21:14:22.717+0000] {dag.py:3954} INFO - Setting next_dagrun for dataset_consumes_1_and_2 to None, run_after=None
[2026-03-26T21:14:22.720+0000] {logging_mixin.py:188} INFO - [2026-03-26T21:14:22.720+0000] {dag.py:3954} INFO - Setting next_dagrun for dataset_consumes_1_never_scheduled to None, run_after=None
[2026-03-26T21:14:22.723+0000] {logging_mixin.py:188} INFO - [2026-03-26T21:14:22.722+0000] {dag.py:3954} INFO - Setting next_dagrun for dataset_consumes_unknown_never_scheduled to None, run_after=None
[2026-03-26T21:14:22.727+0000] {logging_mixin.py:188} INFO - [2026-03-26T21:14:22.726+0000] {dag.py:3954} INFO - Setting next_dagrun for dataset_produces_1 to 2026-03-25 00:00:00+00:00, run_after=2026-03-26 00:00:00+00:00
[2026-03-26T21:14:22.731+0000] {logging_mixin.py:188} INFO - [2026-03-26T21:14:22.730+0000] {dag.py:3954} INFO - Setting next_dagrun for dataset_produces_2 to None, run_after=None
[2026-03-26T21:14:22.835+0000] {processor.py:183} INFO - Processing /home/airflow/.local/lib/python3.12/site-packages/airflow/example_dags/example_datasets.py took 0.354 seconds
[2026-03-26T21:14:53.256+0000] {processor.py:161} INFO - Started process (PID=141) to work on /home/airflow/.local/lib/python3.12/site-packages/airflow/example_dags/example_datasets.py
[2026-03-26T21:14:53.257+0000] {processor.py:830} INFO - Processing file /home/airflow/.local/lib/python3.12/site-packages/airflow/example_dags/example_datasets.py for tasks to queue
[2026-03-26T21:14:53.260+0000] {logging_mixin.py:188} INFO - [2026-03-26T21:14:53.260+0000] {dagbag.py:540} INFO - Filling up the DagBag from /home/airflow/.local/lib/python3.12/site-packages/airflow/example_dags/example_datasets.py
[2026-03-26T21:14:53.286+0000] {processor.py:840} INFO - DAG(s) 'dataset_consumes_1_and_2', 'dataset_consumes_1', 'dataset_produces_2', 'consume_1_and_2_with_dataset_expressions', 'consume_1_or_2_with_dataset_expressions', 'dataset_consumes_1_never_scheduled', 'consume_1_or_both_2_and_3_with_dataset_expressions', 'dataset_produces_1', 'dataset_consumes_unknown_never_scheduled', 'conditional_dataset_and_time_based_timetable' retrieved from /home/airflow/.local/lib/python3.12/site-packages/airflow/example_dags/example_datasets.py
[2026-03-26T21:14:53.362+0000] {logging_mixin.py:188} INFO - [2026-03-26T21:14:53.362+0000] {dag.py:3096} INFO - Sync 10 DAGs
[2026-03-26T21:14:53.637+0000] {logging_mixin.py:188} INFO - [2026-03-26T21:14:53.636+0000] {dag.py:3954} INFO - Setting next_dagrun for conditional_dataset_and_time_based_timetable to 2026-03-25 01:00:00+00:00, run_after=2026-03-25 01:00:00+00:00
[2026-03-26T21:14:53.649+0000] {logging_mixin.py:188} INFO - [2026-03-26T21:14:53.648+0000] {dag.py:3954} INFO - Setting next_dagrun for consume_1_and_2_with_dataset_expressions to None, run_after=None
[2026-03-26T21:14:53.654+0000] {logging_mixin.py:188} INFO - [2026-03-26T21:14:53.654+0000] {dag.py:3954} INFO - Setting next_dagrun for consume_1_or_2_with_dataset_expressions to None, run_after=None
[2026-03-26T21:14:53.659+0000] {logging_mixin.py:188} INFO - [2026-03-26T21:14:53.659+0000] {dag.py:3954} INFO - Setting next_dagrun for consume_1_or_both_2_and_3_with_dataset_expressions to None, run_after=None
[2026-03-26T21:14:53.665+0000] {logging_mixin.py:188} INFO - [2026-03-26T21:14:53.664+0000] {dag.py:3954} INFO - Setting next_dagrun for dataset_consumes_1 to None, run_after=None
[2026-03-26T21:14:53.669+0000] {logging_mixin.py:188} INFO - [2026-03-26T21:14:53.668+0000] {dag.py:3954} INFO - Setting next_dagrun for dataset_consumes_1_and_2 to None, run_after=None
[2026-03-26T21:14:53.673+0000] {logging_mixin.py:188} INFO - [2026-03-26T21:14:53.672+0000] {dag.py:3954} INFO - Setting next_dagrun for dataset_consumes_1_never_scheduled to None, run_after=None
[2026-03-26T21:14:53.676+0000] {logging_mixin.py:188} INFO - [2026-03-26T21:14:53.675+0000] {dag.py:3954} INFO - Setting next_dagrun for dataset_consumes_unknown_never_scheduled to None, run_after=None
[2026-03-26T21:14:53.681+0000] {logging_mixin.py:188} INFO - [2026-03-26T21:14:53.680+0000] {dag.py:3954} INFO - Setting next_dagrun for dataset_produces_1 to 2026-03-25 00:00:00+00:00, run_after=2026-03-26 00:00:00+00:00
[2026-03-26T21:14:53.685+0000] {logging_mixin.py:188} INFO - [2026-03-26T21:14:53.684+0000] {dag.py:3954} INFO - Setting next_dagrun for dataset_produces_2 to None, run_after=None
[2026-03-26T21:14:53.843+0000] {processor.py:183} INFO - Processing /home/airflow/.local/lib/python3.12/site-packages/airflow/example_dags/example_datasets.py took 0.597 seconds
[2026-03-26T21:15:24.563+0000] {processor.py:161} INFO - Started process (PID=200) to work on /home/airflow/.local/lib/python3.12/site-packages/airflow/example_dags/example_datasets.py
[2026-03-26T21:15:24.565+0000] {processor.py:830} INFO - Processing file /home/airflow/.local/lib/python3.12/site-packages/airflow/example_dags/example_datasets.py for tasks to queue
[2026-03-26T21:15:24.567+0000] {logging_mixin.py:188} INFO - [2026-03-26T21:15:24.567+0000] {dagbag.py:540} INFO - Filling up the DagBag from /home/airflow/.local/lib/python3.12/site-packages/airflow/example_dags/example_datasets.py
[2026-03-26T21:15:24.583+0000] {processor.py:840} INFO - DAG(s) 'consume_1_or_both_2_and_3_with_dataset_expressions', 'dataset_produces_2', 'consume_1_and_2_with_dataset_expressions', 'dataset_consumes_unknown_never_scheduled', 'dataset_consumes_1_and_2', 'conditional_dataset_and_time_based_timetable', 'dataset_produces_1', 'consume_1_or_2_with_dataset_expressions', 'dataset_consumes_1', 'dataset_consumes_1_never_scheduled' retrieved from /home/airflow/.local/lib/python3.12/site-packages/airflow/example_dags/example_datasets.py
[2026-03-26T21:15:24.639+0000] {logging_mixin.py:188} INFO - [2026-03-26T21:15:24.639+0000] {dag.py:3096} INFO - Sync 10 DAGs
[2026-03-26T21:15:24.668+0000] {logging_mixin.py:188} INFO - [2026-03-26T21:15:24.668+0000] {dag.py:3954} INFO - Setting next_dagrun for conditional_dataset_and_time_based_timetable to 2026-03-25 01:00:00+00:00, run_after=2026-03-25 01:00:00+00:00
[2026-03-26T21:15:24.674+0000] {logging_mixin.py:188} INFO - [2026-03-26T21:15:24.674+0000] {dag.py:3954} INFO - Setting next_dagrun for consume_1_and_2_with_dataset_expressions to None, run_after=None
[2026-03-26T21:15:24.676+0000] {logging_mixin.py:188} INFO - [2026-03-26T21:15:24.676+0000] {dag.py:3954} INFO - Setting next_dagrun for consume_1_or_2_with_dataset_expressions to None, run_after=None
[2026-03-26T21:15:24.677+0000] {logging_mixin.py:188} INFO - [2026-03-26T21:15:24.677+0000] {dag.py:3954} INFO - Setting next_dagrun for consume_1_or_both_2_and_3_with_dataset_expressions to None, run_after=None
[2026-03-26T21:15:24.679+0000] {logging_mixin.py:188} INFO - [2026-03-26T21:15:24.679+0000] {dag.py:3954} INFO - Setting next_dagrun for dataset_consumes_1 to None, run_after=None
[2026-03-26T21:15:24.681+0000] {logging_mixin.py:188} INFO - [2026-03-26T21:15:24.680+0000] {dag.py:3954} INFO - Setting next_dagrun for dataset_consumes_1_and_2 to None, run_after=None
[2026-03-26T21:15:24.682+0000] {logging_mixin.py:188} INFO - [2026-03-26T21:15:24.682+0000] {dag.py:3954} INFO - Setting next_dagrun for dataset_consumes_1_never_scheduled to None, run_after=None
[2026-03-26T21:15:24.684+0000] {logging_mixin.py:188} INFO - [2026-03-26T21:15:24.683+0000] {dag.py:3954} INFO - Setting next_dagrun for dataset_consumes_unknown_never_scheduled to None, run_after=None
[2026-03-26T21:15:24.686+0000] {logging_mixin.py:188} INFO - [2026-03-26T21:15:24.686+0000] {dag.py:3954} INFO - Setting next_dagrun for dataset_produces_1 to 2026-03-25 00:00:00+00:00, run_after=2026-03-26 00:00:00+00:00
[2026-03-26T21:15:24.688+0000] {logging_mixin.py:188} INFO - [2026-03-26T21:15:24.688+0000] {dag.py:3954} INFO - Setting next_dagrun for dataset_produces_2 to None, run_after=None
[2026-03-26T21:15:24.766+0000] {processor.py:183} INFO - Processing /home/airflow/.local/lib/python3.12/site-packages/airflow/example_dags/example_datasets.py took 0.208 seconds
[2026-03-26T21:15:54.833+0000] {processor.py:161} INFO - Started process (PID=259) to work on /home/airflow/.local/lib/python3.12/site-packages/airflow/example_dags/example_datasets.py
[2026-03-26T21:15:54.834+0000] {processor.py:830} INFO - Processing file /home/airflow/.local/lib/python3.12/site-packages/airflow/example_dags/example_datasets.py for tasks to queue
[2026-03-26T21:15:54.837+0000] {logging_mixin.py:188} INFO - [2026-03-26T21:15:54.837+0000] {dagbag.py:540} INFO - Filling up the DagBag from /home/airflow/.local/lib/python3.12/site-packages/airflow/example_dags/example_datasets.py
[2026-03-26T21:15:54.859+0000] {processor.py:840} INFO - DAG(s) 'dataset_produces_1', 'dataset_consumes_1', 'dataset_produces_2', 'conditional_dataset_and_time_based_timetable', 'dataset_consumes_1_and_2', 'dataset_consumes_unknown_never_scheduled', 'consume_1_or_both_2_and_3_with_dataset_expressions', 'dataset_consumes_1_never_scheduled', 'consume_1_and_2_with_dataset_expressions', 'consume_1_or_2_with_dataset_expressions' retrieved from /home/airflow/.local/lib/python3.12/site-packages/airflow/example_dags/example_datasets.py
[2026-03-26T21:15:54.942+0000] {logging_mixin.py:188} INFO - [2026-03-26T21:15:54.941+0000] {dag.py:3096} INFO - Sync 10 DAGs
[2026-03-26T21:15:54.969+0000] {logging_mixin.py:188} INFO - [2026-03-26T21:15:54.969+0000] {dag.py:3954} INFO - Setting next_dagrun for conditional_dataset_and_time_based_timetable to 2026-03-25 01:00:00+00:00, run_after=2026-03-25 01:00:00+00:00
[2026-03-26T21:15:54.974+0000] {logging_mixin.py:188} INFO - [2026-03-26T21:15:54.973+0000] {dag.py:3954} INFO - Setting next_dagrun for consume_1_and_2_with_dataset_expressions to None, run_after=None
[2026-03-26T21:15:54.975+0000] {logging_mixin.py:188} INFO - [2026-03-26T21:15:54.975+0000] {dag.py:3954} INFO - Setting next_dagrun for consume_1_or_2_with_dataset_expressions to None, run_after=None
[2026-03-26T21:15:54.977+0000] {logging_mixin.py:188} INFO - [2026-03-26T21:15:54.977+0000] {dag.py:3954} INFO - Setting next_dagrun for consume_1_or_both_2_and_3_with_dataset_expressions to None, run_after=None
[2026-03-26T21:15:54.978+0000] {logging_mixin.py:188} INFO - [2026-03-26T21:15:54.978+0000] {dag.py:3954} INFO - Setting next_dagrun for dataset_consumes_1 to None, run_after=None
[2026-03-26T21:15:54.980+0000] {logging_mixin.py:188} INFO - [2026-03-26T21:15:54.979+0000] {dag.py:3954} INFO - Setting next_dagrun for dataset_consumes_1_and_2 to None, run_after=None
[2026-03-26T21:15:54.981+0000] {logging_mixin.py:188} INFO - [2026-03-26T21:15:54.981+0000] {dag.py:3954} INFO - Setting next_dagrun for dataset_consumes_1_never_scheduled to None, run_after=None
[2026-03-26T21:15:54.982+0000] {logging_mixin.py:188} INFO - [2026-03-26T21:15:54.982+0000] {dag.py:3954} INFO - Setting next_dagrun for dataset_consumes_unknown_never_scheduled to None, run_after=None
[2026-03-26T21:15:54.985+0000] {logging_mixin.py:188} INFO - [2026-03-26T21:15:54.985+0000] {dag.py:3954} INFO - Setting next_dagrun for dataset_produces_1 to 2026-03-25 00:00:00+00:00, run_after=2026-03-26 00:00:00+00:00
[2026-03-26T21:15:54.987+0000] {logging_mixin.py:188} INFO - [2026-03-26T21:15:54.987+0000] {dag.py:3954} INFO - Setting next_dagrun for dataset_produces_2 to None, run_after=None
[2026-03-26T21:15:55.050+0000] {processor.py:183} INFO - Processing /home/airflow/.local/lib/python3.12/site-packages/airflow/example_dags/example_datasets.py took 0.226 seconds
[2026-03-26T21:16:25.214+0000] {processor.py:161} INFO - Started process (PID=318) to work on /home/airflow/.local/lib/python3.12/site-packages/airflow/example_dags/example_datasets.py
[2026-03-26T21:16:25.215+0000] {processor.py:830} INFO - Processing file /home/airflow/.local/lib/python3.12/site-packages/airflow/example_dags/example_datasets.py for tasks to queue
[2026-03-26T21:16:25.217+0000] {logging_mixin.py:188} INFO - [2026-03-26T21:16:25.217+0000] {dagbag.py:540} INFO - Filling up the DagBag from /home/airflow/.local/lib/python3.12/site-packages/airflow/example_dags/example_datasets.py
[2026-03-26T21:16:25.232+0000] {processor.py:840} INFO - DAG(s) 'dataset_consumes_unknown_never_scheduled', 'consume_1_or_both_2_and_3_with_dataset_expressions', 'dataset_consumes_1_and_2', 'consume_1_or_2_with_dataset_expressions', 'dataset_produces_2', 'dataset_produces_1', 'conditional_dataset_and_time_based_timetable', 'consume_1_and_2_with_dataset_expressions', 'dataset_consumes_1', 'dataset_consumes_1_never_scheduled' retrieved from /home/airflow/.local/lib/python3.12/site-packages/airflow/example_dags/example_datasets.py
[2026-03-26T21:16:25.283+0000] {logging_mixin.py:188} INFO - [2026-03-26T21:16:25.283+0000] {dag.py:3096} INFO - Sync 10 DAGs
[2026-03-26T21:16:25.309+0000] {logging_mixin.py:188} INFO - [2026-03-26T21:16:25.308+0000] {dag.py:3954} INFO - Setting next_dagrun for conditional_dataset_and_time_based_timetable to 2026-03-25 01:00:00+00:00, run_after=2026-03-25 01:00:00+00:00
[2026-03-26T21:16:25.313+0000] {logging_mixin.py:188} INFO - [2026-03-26T21:16:25.313+0000] {dag.py:3954} INFO - Setting next_dagrun for consume_1_and_2_with_dataset_expressions to None, run_after=None
[2026-03-26T21:16:25.314+0000] {logging_mixin.py:188} INFO - [2026-03-26T21:16:25.314+0000] {dag.py:3954} INFO - Setting next_dagrun for consume_1_or_2_with_dataset_expressions to None, run_after=None
[2026-03-26T21:16:25.316+0000] {logging_mixin.py:188} INFO - [2026-03-26T21:16:25.316+0000] {dag.py:3954} INFO - Setting next_dagrun for consume_1_or_both_2_and_3_with_dataset_expressions to None, run_after=None
[2026-03-26T21:16:25.318+0000] {logging_mixin.py:188} INFO - [2026-03-26T21:16:25.317+0000] {dag.py:3954} INFO - Setting next_dagrun for dataset_consumes_1 to None, run_after=None
[2026-03-26T21:16:25.319+0000] {logging_mixin.py:188} INFO - [2026-03-26T21:16:25.319+0000] {dag.py:3954} INFO - Setting next_dagrun for dataset_consumes_1_and_2 to None, run_after=None
[2026-03-26T21:16:25.321+0000] {logging_mixin.py:188} INFO - [2026-03-26T21:16:25.321+0000] {dag.py:3954} INFO - Setting next_dagrun for dataset_consumes_1_never_scheduled to None, run_after=None
[2026-03-26T21:16:25.323+0000] {logging_mixin.py:188} INFO - [2026-03-26T21:16:25.322+0000] {dag.py:3954} INFO - Setting next_dagrun for dataset_consumes_unknown_never_scheduled to None, run_after=None
[2026-03-26T21:16:25.325+0000] {logging_mixin.py:188} INFO - [2026-03-26T21:16:25.325+0000] {dag.py:3954} INFO - Setting next_dagrun for dataset_produces_1 to 2026-03-25 00:00:00+00:00, run_after=2026-03-26 00:00:00+00:00
[2026-03-26T21:16:25.327+0000] {logging_mixin.py:188} INFO - [2026-03-26T21:16:25.327+0000] {dag.py:3954} INFO - Setting next_dagrun for dataset_produces_2 to None, run_after=None
[2026-03-26T21:16:25.389+0000] {processor.py:183} INFO - Processing /home/airflow/.local/lib/python3.12/site-packages/airflow/example_dags/example_datasets.py took 0.181 seconds
