[2026-03-26T21:13:37.931+0000] {processor.py:161} INFO - Started process (PID=92) to work on /home/airflow/.local/lib/python3.12/site-packages/airflow/example_dags/example_latest_only_with_trigger.py
[2026-03-26T21:13:37.932+0000] {processor.py:830} INFO - Processing file /home/airflow/.local/lib/python3.12/site-packages/airflow/example_dags/example_latest_only_with_trigger.py for tasks to queue
[2026-03-26T21:13:37.936+0000] {logging_mixin.py:188} INFO - [2026-03-26T21:13:37.935+0000] {dagbag.py:540} INFO - Filling up the DagBag from /home/airflow/.local/lib/python3.12/site-packages/airflow/example_dags/example_latest_only_with_trigger.py
[2026-03-26T21:13:37.948+0000] {processor.py:840} INFO - DAG(s) 'latest_only_with_trigger' retrieved from /home/airflow/.local/lib/python3.12/site-packages/airflow/example_dags/example_latest_only_with_trigger.py
[2026-03-26T21:13:38.250+0000] {logging_mixin.py:188} INFO - [2026-03-26T21:13:38.249+0000] {dag.py:3096} INFO - Sync 1 DAGs
[2026-03-26T21:13:38.288+0000] {logging_mixin.py:188} INFO - [2026-03-26T21:13:38.288+0000] {dag.py:3954} INFO - Setting next_dagrun for latest_only_with_trigger to 2026-03-26 16:00:00+00:00, run_after=2026-03-26 20:00:00+00:00
[2026-03-26T21:13:38.359+0000] {processor.py:183} INFO - Processing /home/airflow/.local/lib/python3.12/site-packages/airflow/example_dags/example_latest_only_with_trigger.py took 0.443 seconds
[2026-03-26T21:14:20.833+0000] {processor.py:161} INFO - Started process (PID=73) to work on /home/airflow/.local/lib/python3.12/site-packages/airflow/example_dags/example_latest_only_with_trigger.py
[2026-03-26T21:14:20.834+0000] {processor.py:830} INFO - Processing file /home/airflow/.local/lib/python3.12/site-packages/airflow/example_dags/example_latest_only_with_trigger.py for tasks to queue
[2026-03-26T21:14:20.836+0000] {logging_mixin.py:188} INFO - [2026-03-26T21:14:20.836+0000] {dagbag.py:540} INFO - Filling up the DagBag from /home/airflow/.local/lib/python3.12/site-packages/airflow/example_dags/example_latest_only_with_trigger.py
[2026-03-26T21:14:20.843+0000] {processor.py:840} INFO - DAG(s) 'latest_only_with_trigger' retrieved from /home/airflow/.local/lib/python3.12/site-packages/airflow/example_dags/example_latest_only_with_trigger.py
[2026-03-26T21:14:20.881+0000] {logging_mixin.py:188} INFO - [2026-03-26T21:14:20.881+0000] {dag.py:3096} INFO - Sync 1 DAGs
[2026-03-26T21:14:20.912+0000] {logging_mixin.py:188} INFO - [2026-03-26T21:14:20.912+0000] {dag.py:3954} INFO - Setting next_dagrun for latest_only_with_trigger to 2026-03-26 16:00:00+00:00, run_after=2026-03-26 20:00:00+00:00
[2026-03-26T21:14:20.990+0000] {processor.py:183} INFO - Processing /home/airflow/.local/lib/python3.12/site-packages/airflow/example_dags/example_latest_only_with_trigger.py took 0.165 seconds
[2026-03-26T21:14:52.000+0000] {processor.py:161} INFO - Started process (PID=132) to work on /home/airflow/.local/lib/python3.12/site-packages/airflow/example_dags/example_latest_only_with_trigger.py
[2026-03-26T21:14:52.001+0000] {processor.py:830} INFO - Processing file /home/airflow/.local/lib/python3.12/site-packages/airflow/example_dags/example_latest_only_with_trigger.py for tasks to queue
[2026-03-26T21:14:52.006+0000] {logging_mixin.py:188} INFO - [2026-03-26T21:14:52.005+0000] {dagbag.py:540} INFO - Filling up the DagBag from /home/airflow/.local/lib/python3.12/site-packages/airflow/example_dags/example_latest_only_with_trigger.py
[2026-03-26T21:14:52.016+0000] {processor.py:840} INFO - DAG(s) 'latest_only_with_trigger' retrieved from /home/airflow/.local/lib/python3.12/site-packages/airflow/example_dags/example_latest_only_with_trigger.py
[2026-03-26T21:14:52.073+0000] {logging_mixin.py:188} INFO - [2026-03-26T21:14:52.072+0000] {dag.py:3096} INFO - Sync 1 DAGs
[2026-03-26T21:14:52.129+0000] {logging_mixin.py:188} INFO - [2026-03-26T21:14:52.129+0000] {dag.py:3954} INFO - Setting next_dagrun for latest_only_with_trigger to 2026-03-26 16:00:00+00:00, run_after=2026-03-26 20:00:00+00:00
[2026-03-26T21:14:52.236+0000] {processor.py:183} INFO - Processing /home/airflow/.local/lib/python3.12/site-packages/airflow/example_dags/example_latest_only_with_trigger.py took 0.245 seconds
[2026-03-26T21:15:22.763+0000] {processor.py:161} INFO - Started process (PID=191) to work on /home/airflow/.local/lib/python3.12/site-packages/airflow/example_dags/example_latest_only_with_trigger.py
[2026-03-26T21:15:22.766+0000] {processor.py:830} INFO - Processing file /home/airflow/.local/lib/python3.12/site-packages/airflow/example_dags/example_latest_only_with_trigger.py for tasks to queue
[2026-03-26T21:15:22.768+0000] {logging_mixin.py:188} INFO - [2026-03-26T21:15:22.768+0000] {dagbag.py:540} INFO - Filling up the DagBag from /home/airflow/.local/lib/python3.12/site-packages/airflow/example_dags/example_latest_only_with_trigger.py
[2026-03-26T21:15:22.775+0000] {processor.py:840} INFO - DAG(s) 'latest_only_with_trigger' retrieved from /home/airflow/.local/lib/python3.12/site-packages/airflow/example_dags/example_latest_only_with_trigger.py
[2026-03-26T21:15:22.801+0000] {logging_mixin.py:188} INFO - [2026-03-26T21:15:22.801+0000] {dag.py:3096} INFO - Sync 1 DAGs
[2026-03-26T21:15:22.828+0000] {logging_mixin.py:188} INFO - [2026-03-26T21:15:22.828+0000] {dag.py:3954} INFO - Setting next_dagrun for latest_only_with_trigger to 2026-03-26 16:00:00+00:00, run_after=2026-03-26 20:00:00+00:00
[2026-03-26T21:15:22.887+0000] {processor.py:183} INFO - Processing /home/airflow/.local/lib/python3.12/site-packages/airflow/example_dags/example_latest_only_with_trigger.py took 0.132 seconds
[2026-03-26T21:15:53.039+0000] {processor.py:161} INFO - Started process (PID=250) to work on /home/airflow/.local/lib/python3.12/site-packages/airflow/example_dags/example_latest_only_with_trigger.py
[2026-03-26T21:15:53.040+0000] {processor.py:830} INFO - Processing file /home/airflow/.local/lib/python3.12/site-packages/airflow/example_dags/example_latest_only_with_trigger.py for tasks to queue
[2026-03-26T21:15:53.042+0000] {logging_mixin.py:188} INFO - [2026-03-26T21:15:53.042+0000] {dagbag.py:540} INFO - Filling up the DagBag from /home/airflow/.local/lib/python3.12/site-packages/airflow/example_dags/example_latest_only_with_trigger.py
[2026-03-26T21:15:53.048+0000] {processor.py:840} INFO - DAG(s) 'latest_only_with_trigger' retrieved from /home/airflow/.local/lib/python3.12/site-packages/airflow/example_dags/example_latest_only_with_trigger.py
[2026-03-26T21:15:53.070+0000] {logging_mixin.py:188} INFO - [2026-03-26T21:15:53.070+0000] {dag.py:3096} INFO - Sync 1 DAGs
[2026-03-26T21:15:53.094+0000] {logging_mixin.py:188} INFO - [2026-03-26T21:15:53.093+0000] {dag.py:3954} INFO - Setting next_dagrun for latest_only_with_trigger to 2026-03-26 16:00:00+00:00, run_after=2026-03-26 20:00:00+00:00
[2026-03-26T21:15:53.140+0000] {processor.py:183} INFO - Processing /home/airflow/.local/lib/python3.12/site-packages/airflow/example_dags/example_latest_only_with_trigger.py took 0.107 seconds
[2026-03-26T21:16:23.250+0000] {processor.py:161} INFO - Started process (PID=309) to work on /home/airflow/.local/lib/python3.12/site-packages/airflow/example_dags/example_latest_only_with_trigger.py
[2026-03-26T21:16:23.251+0000] {processor.py:830} INFO - Processing file /home/airflow/.local/lib/python3.12/site-packages/airflow/example_dags/example_latest_only_with_trigger.py for tasks to queue
[2026-03-26T21:16:23.254+0000] {logging_mixin.py:188} INFO - [2026-03-26T21:16:23.253+0000] {dagbag.py:540} INFO - Filling up the DagBag from /home/airflow/.local/lib/python3.12/site-packages/airflow/example_dags/example_latest_only_with_trigger.py
[2026-03-26T21:16:23.260+0000] {processor.py:840} INFO - DAG(s) 'latest_only_with_trigger' retrieved from /home/airflow/.local/lib/python3.12/site-packages/airflow/example_dags/example_latest_only_with_trigger.py
[2026-03-26T21:16:23.284+0000] {logging_mixin.py:188} INFO - [2026-03-26T21:16:23.284+0000] {dag.py:3096} INFO - Sync 1 DAGs
[2026-03-26T21:16:23.309+0000] {logging_mixin.py:188} INFO - [2026-03-26T21:16:23.309+0000] {dag.py:3954} INFO - Setting next_dagrun for latest_only_with_trigger to 2026-03-26 16:00:00+00:00, run_after=2026-03-26 20:00:00+00:00
[2026-03-26T21:16:23.372+0000] {processor.py:183} INFO - Processing /home/airflow/.local/lib/python3.12/site-packages/airflow/example_dags/example_latest_only_with_trigger.py took 0.128 seconds
