[2026-03-26T21:13:35.162+0000] {processor.py:161} INFO - Started process (PID=80) to work on /home/airflow/.local/lib/python3.12/site-packages/airflow/example_dags/example_xcomargs.py
[2026-03-26T21:13:35.164+0000] {processor.py:830} INFO - Processing file /home/airflow/.local/lib/python3.12/site-packages/airflow/example_dags/example_xcomargs.py for tasks to queue
[2026-03-26T21:13:35.168+0000] {logging_mixin.py:188} INFO - [2026-03-26T21:13:35.168+0000] {dagbag.py:540} INFO - Filling up the DagBag from /home/airflow/.local/lib/python3.12/site-packages/airflow/example_dags/example_xcomargs.py
[2026-03-26T21:13:35.189+0000] {processor.py:840} INFO - DAG(s) 'example_xcom_args_with_operators', 'example_xcom_args' retrieved from /home/airflow/.local/lib/python3.12/site-packages/airflow/example_dags/example_xcomargs.py
[2026-03-26T21:13:35.450+0000] {logging_mixin.py:188} INFO - [2026-03-26T21:13:35.449+0000] {dag.py:3096} INFO - Sync 2 DAGs
[2026-03-26T21:13:35.479+0000] {logging_mixin.py:188} INFO - [2026-03-26T21:13:35.478+0000] {dag.py:3954} INFO - Setting next_dagrun for example_xcom_args to None, run_after=None
[2026-03-26T21:13:35.485+0000] {logging_mixin.py:188} INFO - [2026-03-26T21:13:35.485+0000] {dag.py:3954} INFO - Setting next_dagrun for example_xcom_args_with_operators to None, run_after=None
[2026-03-26T21:13:35.547+0000] {processor.py:183} INFO - Processing /home/airflow/.local/lib/python3.12/site-packages/airflow/example_dags/example_xcomargs.py took 0.396 seconds
[2026-03-26T21:14:18.169+0000] {processor.py:161} INFO - Started process (PID=55) to work on /home/airflow/.local/lib/python3.12/site-packages/airflow/example_dags/example_xcomargs.py
[2026-03-26T21:14:18.174+0000] {processor.py:830} INFO - Processing file /home/airflow/.local/lib/python3.12/site-packages/airflow/example_dags/example_xcomargs.py for tasks to queue
[2026-03-26T21:14:18.183+0000] {logging_mixin.py:188} INFO - [2026-03-26T21:14:18.181+0000] {dagbag.py:540} INFO - Filling up the DagBag from /home/airflow/.local/lib/python3.12/site-packages/airflow/example_dags/example_xcomargs.py
[2026-03-26T21:14:18.260+0000] {processor.py:840} INFO - DAG(s) 'example_xcom_args', 'example_xcom_args_with_operators' retrieved from /home/airflow/.local/lib/python3.12/site-packages/airflow/example_dags/example_xcomargs.py
[2026-03-26T21:14:18.461+0000] {logging_mixin.py:188} INFO - [2026-03-26T21:14:18.459+0000] {dag.py:3096} INFO - Sync 2 DAGs
[2026-03-26T21:14:18.533+0000] {logging_mixin.py:188} INFO - [2026-03-26T21:14:18.531+0000] {dag.py:3954} INFO - Setting next_dagrun for example_xcom_args to None, run_after=None
[2026-03-26T21:14:18.554+0000] {logging_mixin.py:188} INFO - [2026-03-26T21:14:18.553+0000] {dag.py:3954} INFO - Setting next_dagrun for example_xcom_args_with_operators to None, run_after=None
[2026-03-26T21:14:18.665+0000] {processor.py:183} INFO - Processing /home/airflow/.local/lib/python3.12/site-packages/airflow/example_dags/example_xcomargs.py took 0.538 seconds
[2026-03-26T21:14:48.909+0000] {processor.py:161} INFO - Started process (PID=114) to work on /home/airflow/.local/lib/python3.12/site-packages/airflow/example_dags/example_xcomargs.py
[2026-03-26T21:14:48.910+0000] {processor.py:830} INFO - Processing file /home/airflow/.local/lib/python3.12/site-packages/airflow/example_dags/example_xcomargs.py for tasks to queue
[2026-03-26T21:14:48.913+0000] {logging_mixin.py:188} INFO - [2026-03-26T21:14:48.912+0000] {dagbag.py:540} INFO - Filling up the DagBag from /home/airflow/.local/lib/python3.12/site-packages/airflow/example_dags/example_xcomargs.py
[2026-03-26T21:14:48.923+0000] {processor.py:840} INFO - DAG(s) 'example_xcom_args', 'example_xcom_args_with_operators' retrieved from /home/airflow/.local/lib/python3.12/site-packages/airflow/example_dags/example_xcomargs.py
[2026-03-26T21:14:48.954+0000] {logging_mixin.py:188} INFO - [2026-03-26T21:14:48.954+0000] {dag.py:3096} INFO - Sync 2 DAGs
[2026-03-26T21:14:48.971+0000] {logging_mixin.py:188} INFO - [2026-03-26T21:14:48.970+0000] {dag.py:3954} INFO - Setting next_dagrun for example_xcom_args to None, run_after=None
[2026-03-26T21:14:48.975+0000] {logging_mixin.py:188} INFO - [2026-03-26T21:14:48.975+0000] {dag.py:3954} INFO - Setting next_dagrun for example_xcom_args_with_operators to None, run_after=None
[2026-03-26T21:14:49.024+0000] {processor.py:183} INFO - Processing /home/airflow/.local/lib/python3.12/site-packages/airflow/example_dags/example_xcomargs.py took 0.122 seconds
[2026-03-26T21:15:19.589+0000] {processor.py:161} INFO - Started process (PID=179) to work on /home/airflow/.local/lib/python3.12/site-packages/airflow/example_dags/example_xcomargs.py
[2026-03-26T21:15:19.590+0000] {processor.py:830} INFO - Processing file /home/airflow/.local/lib/python3.12/site-packages/airflow/example_dags/example_xcomargs.py for tasks to queue
[2026-03-26T21:15:19.593+0000] {logging_mixin.py:188} INFO - [2026-03-26T21:15:19.593+0000] {dagbag.py:540} INFO - Filling up the DagBag from /home/airflow/.local/lib/python3.12/site-packages/airflow/example_dags/example_xcomargs.py
[2026-03-26T21:15:19.614+0000] {processor.py:840} INFO - DAG(s) 'example_xcom_args', 'example_xcom_args_with_operators' retrieved from /home/airflow/.local/lib/python3.12/site-packages/airflow/example_dags/example_xcomargs.py
[2026-03-26T21:15:19.848+0000] {logging_mixin.py:188} INFO - [2026-03-26T21:15:19.848+0000] {dag.py:3096} INFO - Sync 2 DAGs
[2026-03-26T21:15:19.860+0000] {logging_mixin.py:188} INFO - [2026-03-26T21:15:19.860+0000] {dag.py:3954} INFO - Setting next_dagrun for example_xcom_args to None, run_after=None
[2026-03-26T21:15:19.864+0000] {logging_mixin.py:188} INFO - [2026-03-26T21:15:19.864+0000] {dag.py:3954} INFO - Setting next_dagrun for example_xcom_args_with_operators to None, run_after=None
[2026-03-26T21:15:19.968+0000] {processor.py:183} INFO - Processing /home/airflow/.local/lib/python3.12/site-packages/airflow/example_dags/example_xcomargs.py took 0.389 seconds
[2026-03-26T21:15:50.103+0000] {processor.py:161} INFO - Started process (PID=238) to work on /home/airflow/.local/lib/python3.12/site-packages/airflow/example_dags/example_xcomargs.py
[2026-03-26T21:15:50.104+0000] {processor.py:830} INFO - Processing file /home/airflow/.local/lib/python3.12/site-packages/airflow/example_dags/example_xcomargs.py for tasks to queue
[2026-03-26T21:15:50.108+0000] {logging_mixin.py:188} INFO - [2026-03-26T21:15:50.107+0000] {dagbag.py:540} INFO - Filling up the DagBag from /home/airflow/.local/lib/python3.12/site-packages/airflow/example_dags/example_xcomargs.py
[2026-03-26T21:15:50.126+0000] {processor.py:840} INFO - DAG(s) 'example_xcom_args_with_operators', 'example_xcom_args' retrieved from /home/airflow/.local/lib/python3.12/site-packages/airflow/example_dags/example_xcomargs.py
[2026-03-26T21:15:50.162+0000] {logging_mixin.py:188} INFO - [2026-03-26T21:15:50.161+0000] {dag.py:3096} INFO - Sync 2 DAGs
[2026-03-26T21:15:50.182+0000] {logging_mixin.py:188} INFO - [2026-03-26T21:15:50.182+0000] {dag.py:3954} INFO - Setting next_dagrun for example_xcom_args to None, run_after=None
[2026-03-26T21:15:50.190+0000] {logging_mixin.py:188} INFO - [2026-03-26T21:15:50.190+0000] {dag.py:3954} INFO - Setting next_dagrun for example_xcom_args_with_operators to None, run_after=None
[2026-03-26T21:15:50.239+0000] {processor.py:183} INFO - Processing /home/airflow/.local/lib/python3.12/site-packages/airflow/example_dags/example_xcomargs.py took 0.148 seconds
[2026-03-26T21:16:20.402+0000] {processor.py:161} INFO - Started process (PID=297) to work on /home/airflow/.local/lib/python3.12/site-packages/airflow/example_dags/example_xcomargs.py
[2026-03-26T21:16:20.403+0000] {processor.py:830} INFO - Processing file /home/airflow/.local/lib/python3.12/site-packages/airflow/example_dags/example_xcomargs.py for tasks to queue
[2026-03-26T21:16:20.405+0000] {logging_mixin.py:188} INFO - [2026-03-26T21:16:20.405+0000] {dagbag.py:540} INFO - Filling up the DagBag from /home/airflow/.local/lib/python3.12/site-packages/airflow/example_dags/example_xcomargs.py
[2026-03-26T21:16:20.414+0000] {processor.py:840} INFO - DAG(s) 'example_xcom_args', 'example_xcom_args_with_operators' retrieved from /home/airflow/.local/lib/python3.12/site-packages/airflow/example_dags/example_xcomargs.py
[2026-03-26T21:16:20.439+0000] {logging_mixin.py:188} INFO - [2026-03-26T21:16:20.439+0000] {dag.py:3096} INFO - Sync 2 DAGs
[2026-03-26T21:16:20.454+0000] {logging_mixin.py:188} INFO - [2026-03-26T21:16:20.454+0000] {dag.py:3954} INFO - Setting next_dagrun for example_xcom_args to None, run_after=None
[2026-03-26T21:16:20.458+0000] {logging_mixin.py:188} INFO - [2026-03-26T21:16:20.458+0000] {dag.py:3954} INFO - Setting next_dagrun for example_xcom_args_with_operators to None, run_after=None
[2026-03-26T21:16:20.503+0000] {processor.py:183} INFO - Processing /home/airflow/.local/lib/python3.12/site-packages/airflow/example_dags/example_xcomargs.py took 0.108 seconds
