[2026-03-26T21:13:36.027+0000] {processor.py:161} INFO - Started process (PID=84) to work on /home/airflow/.local/lib/python3.12/site-packages/airflow/example_dags/example_kubernetes_executor.py
[2026-03-26T21:13:36.029+0000] {processor.py:830} INFO - Processing file /home/airflow/.local/lib/python3.12/site-packages/airflow/example_dags/example_kubernetes_executor.py for tasks to queue
[2026-03-26T21:13:36.032+0000] {logging_mixin.py:188} INFO - [2026-03-26T21:13:36.032+0000] {dagbag.py:540} INFO - Filling up the DagBag from /home/airflow/.local/lib/python3.12/site-packages/airflow/example_dags/example_kubernetes_executor.py
[2026-03-26T21:13:36.066+0000] {processor.py:840} INFO - DAG(s) 'example_kubernetes_executor' retrieved from /home/airflow/.local/lib/python3.12/site-packages/airflow/example_dags/example_kubernetes_executor.py
[2026-03-26T21:13:36.339+0000] {logging_mixin.py:188} INFO - [2026-03-26T21:13:36.338+0000] {dag.py:3096} INFO - Sync 1 DAGs
[2026-03-26T21:13:36.364+0000] {logging_mixin.py:188} INFO - [2026-03-26T21:13:36.363+0000] {dag.py:3954} INFO - Setting next_dagrun for example_kubernetes_executor to None, run_after=None
[2026-03-26T21:13:36.432+0000] {processor.py:183} INFO - Processing /home/airflow/.local/lib/python3.12/site-packages/airflow/example_dags/example_kubernetes_executor.py took 0.414 seconds
[2026-03-26T21:14:19.914+0000] {processor.py:161} INFO - Started process (PID=65) to work on /home/airflow/.local/lib/python3.12/site-packages/airflow/example_dags/example_kubernetes_executor.py
[2026-03-26T21:14:19.925+0000] {processor.py:830} INFO - Processing file /home/airflow/.local/lib/python3.12/site-packages/airflow/example_dags/example_kubernetes_executor.py for tasks to queue
[2026-03-26T21:14:19.946+0000] {logging_mixin.py:188} INFO - [2026-03-26T21:14:19.942+0000] {dagbag.py:540} INFO - Filling up the DagBag from /home/airflow/.local/lib/python3.12/site-packages/airflow/example_dags/example_kubernetes_executor.py
[2026-03-26T21:14:20.061+0000] {processor.py:840} INFO - DAG(s) 'example_kubernetes_executor' retrieved from /home/airflow/.local/lib/python3.12/site-packages/airflow/example_dags/example_kubernetes_executor.py
[2026-03-26T21:14:20.168+0000] {logging_mixin.py:188} INFO - [2026-03-26T21:14:20.168+0000] {dag.py:3096} INFO - Sync 1 DAGs
[2026-03-26T21:14:20.212+0000] {logging_mixin.py:188} INFO - [2026-03-26T21:14:20.211+0000] {dag.py:3954} INFO - Setting next_dagrun for example_kubernetes_executor to None, run_after=None
[2026-03-26T21:14:20.295+0000] {processor.py:183} INFO - Processing /home/airflow/.local/lib/python3.12/site-packages/airflow/example_dags/example_kubernetes_executor.py took 0.429 seconds
[2026-03-26T21:14:51.094+0000] {processor.py:161} INFO - Started process (PID=124) to work on /home/airflow/.local/lib/python3.12/site-packages/airflow/example_dags/example_kubernetes_executor.py
[2026-03-26T21:14:51.096+0000] {processor.py:830} INFO - Processing file /home/airflow/.local/lib/python3.12/site-packages/airflow/example_dags/example_kubernetes_executor.py for tasks to queue
[2026-03-26T21:14:51.099+0000] {logging_mixin.py:188} INFO - [2026-03-26T21:14:51.099+0000] {dagbag.py:540} INFO - Filling up the DagBag from /home/airflow/.local/lib/python3.12/site-packages/airflow/example_dags/example_kubernetes_executor.py
[2026-03-26T21:14:51.119+0000] {processor.py:840} INFO - DAG(s) 'example_kubernetes_executor' retrieved from /home/airflow/.local/lib/python3.12/site-packages/airflow/example_dags/example_kubernetes_executor.py
[2026-03-26T21:14:51.182+0000] {logging_mixin.py:188} INFO - [2026-03-26T21:14:51.181+0000] {dag.py:3096} INFO - Sync 1 DAGs
[2026-03-26T21:14:51.207+0000] {logging_mixin.py:188} INFO - [2026-03-26T21:14:51.206+0000] {dag.py:3954} INFO - Setting next_dagrun for example_kubernetes_executor to None, run_after=None
[2026-03-26T21:14:51.262+0000] {processor.py:183} INFO - Processing /home/airflow/.local/lib/python3.12/site-packages/airflow/example_dags/example_kubernetes_executor.py took 0.176 seconds
[2026-03-26T21:15:22.063+0000] {processor.py:161} INFO - Started process (PID=183) to work on /home/airflow/.local/lib/python3.12/site-packages/airflow/example_dags/example_kubernetes_executor.py
[2026-03-26T21:15:22.065+0000] {processor.py:830} INFO - Processing file /home/airflow/.local/lib/python3.12/site-packages/airflow/example_dags/example_kubernetes_executor.py for tasks to queue
[2026-03-26T21:15:22.068+0000] {logging_mixin.py:188} INFO - [2026-03-26T21:15:22.067+0000] {dagbag.py:540} INFO - Filling up the DagBag from /home/airflow/.local/lib/python3.12/site-packages/airflow/example_dags/example_kubernetes_executor.py
[2026-03-26T21:15:22.088+0000] {processor.py:840} INFO - DAG(s) 'example_kubernetes_executor' retrieved from /home/airflow/.local/lib/python3.12/site-packages/airflow/example_dags/example_kubernetes_executor.py
[2026-03-26T21:15:22.156+0000] {logging_mixin.py:188} INFO - [2026-03-26T21:15:22.156+0000] {dag.py:3096} INFO - Sync 1 DAGs
[2026-03-26T21:15:22.176+0000] {logging_mixin.py:188} INFO - [2026-03-26T21:15:22.176+0000] {dag.py:3954} INFO - Setting next_dagrun for example_kubernetes_executor to None, run_after=None
[2026-03-26T21:15:22.236+0000] {processor.py:183} INFO - Processing /home/airflow/.local/lib/python3.12/site-packages/airflow/example_dags/example_kubernetes_executor.py took 0.181 seconds
[2026-03-26T21:15:52.294+0000] {processor.py:161} INFO - Started process (PID=242) to work on /home/airflow/.local/lib/python3.12/site-packages/airflow/example_dags/example_kubernetes_executor.py
[2026-03-26T21:15:52.295+0000] {processor.py:830} INFO - Processing file /home/airflow/.local/lib/python3.12/site-packages/airflow/example_dags/example_kubernetes_executor.py for tasks to queue
[2026-03-26T21:15:52.297+0000] {logging_mixin.py:188} INFO - [2026-03-26T21:15:52.297+0000] {dagbag.py:540} INFO - Filling up the DagBag from /home/airflow/.local/lib/python3.12/site-packages/airflow/example_dags/example_kubernetes_executor.py
[2026-03-26T21:15:52.311+0000] {processor.py:840} INFO - DAG(s) 'example_kubernetes_executor' retrieved from /home/airflow/.local/lib/python3.12/site-packages/airflow/example_dags/example_kubernetes_executor.py
[2026-03-26T21:15:52.351+0000] {logging_mixin.py:188} INFO - [2026-03-26T21:15:52.351+0000] {dag.py:3096} INFO - Sync 1 DAGs
[2026-03-26T21:15:52.364+0000] {logging_mixin.py:188} INFO - [2026-03-26T21:15:52.364+0000] {dag.py:3954} INFO - Setting next_dagrun for example_kubernetes_executor to None, run_after=None
[2026-03-26T21:15:52.427+0000] {processor.py:183} INFO - Processing /home/airflow/.local/lib/python3.12/site-packages/airflow/example_dags/example_kubernetes_executor.py took 0.138 seconds
[2026-03-26T21:16:22.608+0000] {processor.py:161} INFO - Started process (PID=301) to work on /home/airflow/.local/lib/python3.12/site-packages/airflow/example_dags/example_kubernetes_executor.py
[2026-03-26T21:16:22.609+0000] {processor.py:830} INFO - Processing file /home/airflow/.local/lib/python3.12/site-packages/airflow/example_dags/example_kubernetes_executor.py for tasks to queue
[2026-03-26T21:16:22.611+0000] {logging_mixin.py:188} INFO - [2026-03-26T21:16:22.611+0000] {dagbag.py:540} INFO - Filling up the DagBag from /home/airflow/.local/lib/python3.12/site-packages/airflow/example_dags/example_kubernetes_executor.py
[2026-03-26T21:16:22.625+0000] {processor.py:840} INFO - DAG(s) 'example_kubernetes_executor' retrieved from /home/airflow/.local/lib/python3.12/site-packages/airflow/example_dags/example_kubernetes_executor.py
[2026-03-26T21:16:22.665+0000] {logging_mixin.py:188} INFO - [2026-03-26T21:16:22.665+0000] {dag.py:3096} INFO - Sync 1 DAGs
[2026-03-26T21:16:22.678+0000] {logging_mixin.py:188} INFO - [2026-03-26T21:16:22.678+0000] {dag.py:3954} INFO - Setting next_dagrun for example_kubernetes_executor to None, run_after=None
[2026-03-26T21:16:22.767+0000] {processor.py:183} INFO - Processing /home/airflow/.local/lib/python3.12/site-packages/airflow/example_dags/example_kubernetes_executor.py took 0.165 seconds
