[2026-03-26T21:13:44.725+0000] {processor.py:161} INFO - Started process (PID=117) to work on /home/airflow/.local/lib/python3.12/site-packages/airflow/example_dags/example_branch_day_of_week_operator.py
[2026-03-26T21:13:44.727+0000] {processor.py:830} INFO - Processing file /home/airflow/.local/lib/python3.12/site-packages/airflow/example_dags/example_branch_day_of_week_operator.py for tasks to queue
[2026-03-26T21:13:44.740+0000] {logging_mixin.py:188} INFO - [2026-03-26T21:13:44.739+0000] {dagbag.py:540} INFO - Filling up the DagBag from /home/airflow/.local/lib/python3.12/site-packages/airflow/example_dags/example_branch_day_of_week_operator.py
[2026-03-26T21:13:44.784+0000] {processor.py:840} INFO - DAG(s) 'example_weekday_branch_operator' retrieved from /home/airflow/.local/lib/python3.12/site-packages/airflow/example_dags/example_branch_day_of_week_operator.py
[2026-03-26T21:13:45.187+0000] {logging_mixin.py:188} INFO - [2026-03-26T21:13:45.186+0000] {dag.py:3096} INFO - Sync 1 DAGs
[2026-03-26T21:13:45.253+0000] {logging_mixin.py:188} INFO - [2026-03-26T21:13:45.252+0000] {dag.py:3954} INFO - Setting next_dagrun for example_weekday_branch_operator to 2026-03-25 00:00:00+00:00, run_after=2026-03-26 00:00:00+00:00
[2026-03-26T21:13:45.400+0000] {processor.py:183} INFO - Processing /home/airflow/.local/lib/python3.12/site-packages/airflow/example_dags/example_branch_day_of_week_operator.py took 0.698 seconds
[2026-03-26T21:14:25.382+0000] {processor.py:161} INFO - Started process (PID=98) to work on /home/airflow/.local/lib/python3.12/site-packages/airflow/example_dags/example_branch_day_of_week_operator.py
[2026-03-26T21:14:25.383+0000] {processor.py:830} INFO - Processing file /home/airflow/.local/lib/python3.12/site-packages/airflow/example_dags/example_branch_day_of_week_operator.py for tasks to queue
[2026-03-26T21:14:25.387+0000] {logging_mixin.py:188} INFO - [2026-03-26T21:14:25.386+0000] {dagbag.py:540} INFO - Filling up the DagBag from /home/airflow/.local/lib/python3.12/site-packages/airflow/example_dags/example_branch_day_of_week_operator.py
[2026-03-26T21:14:25.400+0000] {processor.py:840} INFO - DAG(s) 'example_weekday_branch_operator' retrieved from /home/airflow/.local/lib/python3.12/site-packages/airflow/example_dags/example_branch_day_of_week_operator.py
[2026-03-26T21:14:25.441+0000] {logging_mixin.py:188} INFO - [2026-03-26T21:14:25.440+0000] {dag.py:3096} INFO - Sync 1 DAGs
[2026-03-26T21:14:25.475+0000] {logging_mixin.py:188} INFO - [2026-03-26T21:14:25.475+0000] {dag.py:3954} INFO - Setting next_dagrun for example_weekday_branch_operator to 2026-03-25 00:00:00+00:00, run_after=2026-03-26 00:00:00+00:00
[2026-03-26T21:14:25.525+0000] {processor.py:183} INFO - Processing /home/airflow/.local/lib/python3.12/site-packages/airflow/example_dags/example_branch_day_of_week_operator.py took 0.155 seconds
[2026-03-26T21:14:56.823+0000] {processor.py:161} INFO - Started process (PID=157) to work on /home/airflow/.local/lib/python3.12/site-packages/airflow/example_dags/example_branch_day_of_week_operator.py
[2026-03-26T21:14:56.824+0000] {processor.py:830} INFO - Processing file /home/airflow/.local/lib/python3.12/site-packages/airflow/example_dags/example_branch_day_of_week_operator.py for tasks to queue
[2026-03-26T21:14:56.827+0000] {logging_mixin.py:188} INFO - [2026-03-26T21:14:56.827+0000] {dagbag.py:540} INFO - Filling up the DagBag from /home/airflow/.local/lib/python3.12/site-packages/airflow/example_dags/example_branch_day_of_week_operator.py
[2026-03-26T21:14:56.840+0000] {processor.py:840} INFO - DAG(s) 'example_weekday_branch_operator' retrieved from /home/airflow/.local/lib/python3.12/site-packages/airflow/example_dags/example_branch_day_of_week_operator.py
[2026-03-26T21:14:56.875+0000] {logging_mixin.py:188} INFO - [2026-03-26T21:14:56.874+0000] {dag.py:3096} INFO - Sync 1 DAGs
[2026-03-26T21:14:57.179+0000] {logging_mixin.py:188} INFO - [2026-03-26T21:14:57.179+0000] {dag.py:3954} INFO - Setting next_dagrun for example_weekday_branch_operator to 2026-03-25 00:00:00+00:00, run_after=2026-03-26 00:00:00+00:00
[2026-03-26T21:14:57.247+0000] {processor.py:183} INFO - Processing /home/airflow/.local/lib/python3.12/site-packages/airflow/example_dags/example_branch_day_of_week_operator.py took 0.435 seconds
[2026-03-26T21:15:27.316+0000] {processor.py:161} INFO - Started process (PID=216) to work on /home/airflow/.local/lib/python3.12/site-packages/airflow/example_dags/example_branch_day_of_week_operator.py
[2026-03-26T21:15:27.317+0000] {processor.py:830} INFO - Processing file /home/airflow/.local/lib/python3.12/site-packages/airflow/example_dags/example_branch_day_of_week_operator.py for tasks to queue
[2026-03-26T21:15:27.320+0000] {logging_mixin.py:188} INFO - [2026-03-26T21:15:27.319+0000] {dagbag.py:540} INFO - Filling up the DagBag from /home/airflow/.local/lib/python3.12/site-packages/airflow/example_dags/example_branch_day_of_week_operator.py
[2026-03-26T21:15:27.328+0000] {processor.py:840} INFO - DAG(s) 'example_weekday_branch_operator' retrieved from /home/airflow/.local/lib/python3.12/site-packages/airflow/example_dags/example_branch_day_of_week_operator.py
[2026-03-26T21:15:27.351+0000] {logging_mixin.py:188} INFO - [2026-03-26T21:15:27.351+0000] {dag.py:3096} INFO - Sync 1 DAGs
[2026-03-26T21:15:27.374+0000] {logging_mixin.py:188} INFO - [2026-03-26T21:15:27.374+0000] {dag.py:3954} INFO - Setting next_dagrun for example_weekday_branch_operator to 2026-03-25 00:00:00+00:00, run_after=2026-03-26 00:00:00+00:00
[2026-03-26T21:15:27.426+0000] {processor.py:183} INFO - Processing /home/airflow/.local/lib/python3.12/site-packages/airflow/example_dags/example_branch_day_of_week_operator.py took 0.116 seconds
[2026-03-26T21:15:58.216+0000] {processor.py:161} INFO - Started process (PID=275) to work on /home/airflow/.local/lib/python3.12/site-packages/airflow/example_dags/example_branch_day_of_week_operator.py
[2026-03-26T21:15:58.218+0000] {processor.py:830} INFO - Processing file /home/airflow/.local/lib/python3.12/site-packages/airflow/example_dags/example_branch_day_of_week_operator.py for tasks to queue
[2026-03-26T21:15:58.221+0000] {logging_mixin.py:188} INFO - [2026-03-26T21:15:58.220+0000] {dagbag.py:540} INFO - Filling up the DagBag from /home/airflow/.local/lib/python3.12/site-packages/airflow/example_dags/example_branch_day_of_week_operator.py
[2026-03-26T21:15:58.233+0000] {processor.py:840} INFO - DAG(s) 'example_weekday_branch_operator' retrieved from /home/airflow/.local/lib/python3.12/site-packages/airflow/example_dags/example_branch_day_of_week_operator.py
[2026-03-26T21:15:58.269+0000] {logging_mixin.py:188} INFO - [2026-03-26T21:15:58.268+0000] {dag.py:3096} INFO - Sync 1 DAGs
[2026-03-26T21:15:58.318+0000] {logging_mixin.py:188} INFO - [2026-03-26T21:15:58.317+0000] {dag.py:3954} INFO - Setting next_dagrun for example_weekday_branch_operator to 2026-03-25 00:00:00+00:00, run_after=2026-03-26 00:00:00+00:00
[2026-03-26T21:15:58.377+0000] {processor.py:183} INFO - Processing /home/airflow/.local/lib/python3.12/site-packages/airflow/example_dags/example_branch_day_of_week_operator.py took 0.171 seconds
[2026-03-26T21:16:28.575+0000] {processor.py:161} INFO - Started process (PID=334) to work on /home/airflow/.local/lib/python3.12/site-packages/airflow/example_dags/example_branch_day_of_week_operator.py
[2026-03-26T21:16:28.576+0000] {processor.py:830} INFO - Processing file /home/airflow/.local/lib/python3.12/site-packages/airflow/example_dags/example_branch_day_of_week_operator.py for tasks to queue
[2026-03-26T21:16:28.579+0000] {logging_mixin.py:188} INFO - [2026-03-26T21:16:28.578+0000] {dagbag.py:540} INFO - Filling up the DagBag from /home/airflow/.local/lib/python3.12/site-packages/airflow/example_dags/example_branch_day_of_week_operator.py
[2026-03-26T21:16:28.589+0000] {processor.py:840} INFO - DAG(s) 'example_weekday_branch_operator' retrieved from /home/airflow/.local/lib/python3.12/site-packages/airflow/example_dags/example_branch_day_of_week_operator.py
[2026-03-26T21:16:28.612+0000] {logging_mixin.py:188} INFO - [2026-03-26T21:16:28.611+0000] {dag.py:3096} INFO - Sync 1 DAGs
[2026-03-26T21:16:28.635+0000] {logging_mixin.py:188} INFO - [2026-03-26T21:16:28.635+0000] {dag.py:3954} INFO - Setting next_dagrun for example_weekday_branch_operator to 2026-03-25 00:00:00+00:00, run_after=2026-03-26 00:00:00+00:00
[2026-03-26T21:16:28.707+0000] {processor.py:183} INFO - Processing /home/airflow/.local/lib/python3.12/site-packages/airflow/example_dags/example_branch_day_of_week_operator.py took 0.140 seconds
