[2026-03-26T21:13:40.812+0000] {processor.py:161} INFO - Started process (PID=104) to work on /home/airflow/.local/lib/python3.12/site-packages/airflow/example_dags/example_python_decorator.py
[2026-03-26T21:13:40.814+0000] {processor.py:830} INFO - Processing file /home/airflow/.local/lib/python3.12/site-packages/airflow/example_dags/example_python_decorator.py for tasks to queue
[2026-03-26T21:13:40.817+0000] {logging_mixin.py:188} INFO - [2026-03-26T21:13:40.816+0000] {dagbag.py:540} INFO - Filling up the DagBag from /home/airflow/.local/lib/python3.12/site-packages/airflow/example_dags/example_python_decorator.py
[2026-03-26T21:13:40.842+0000] {processor.py:840} INFO - DAG(s) 'example_python_decorator' retrieved from /home/airflow/.local/lib/python3.12/site-packages/airflow/example_dags/example_python_decorator.py
[2026-03-26T21:13:41.086+0000] {logging_mixin.py:188} INFO - [2026-03-26T21:13:41.085+0000] {dag.py:3096} INFO - Sync 1 DAGs
[2026-03-26T21:13:41.103+0000] {logging_mixin.py:188} INFO - [2026-03-26T21:13:41.103+0000] {dag.py:3954} INFO - Setting next_dagrun for example_python_decorator to None, run_after=None
[2026-03-26T21:13:41.187+0000] {processor.py:183} INFO - Processing /home/airflow/.local/lib/python3.12/site-packages/airflow/example_dags/example_python_decorator.py took 0.384 seconds
[2026-03-26T21:14:22.885+0000] {processor.py:161} INFO - Started process (PID=85) to work on /home/airflow/.local/lib/python3.12/site-packages/airflow/example_dags/example_python_decorator.py
[2026-03-26T21:14:22.886+0000] {processor.py:830} INFO - Processing file /home/airflow/.local/lib/python3.12/site-packages/airflow/example_dags/example_python_decorator.py for tasks to queue
[2026-03-26T21:14:22.890+0000] {logging_mixin.py:188} INFO - [2026-03-26T21:14:22.889+0000] {dagbag.py:540} INFO - Filling up the DagBag from /home/airflow/.local/lib/python3.12/site-packages/airflow/example_dags/example_python_decorator.py
[2026-03-26T21:14:22.919+0000] {processor.py:840} INFO - DAG(s) 'example_python_decorator' retrieved from /home/airflow/.local/lib/python3.12/site-packages/airflow/example_dags/example_python_decorator.py
[2026-03-26T21:14:23.158+0000] {logging_mixin.py:188} INFO - [2026-03-26T21:14:23.158+0000] {dag.py:3096} INFO - Sync 1 DAGs
[2026-03-26T21:14:23.198+0000] {logging_mixin.py:188} INFO - [2026-03-26T21:14:23.197+0000] {dag.py:3954} INFO - Setting next_dagrun for example_python_decorator to None, run_after=None
[2026-03-26T21:14:23.277+0000] {processor.py:183} INFO - Processing /home/airflow/.local/lib/python3.12/site-packages/airflow/example_dags/example_python_decorator.py took 0.403 seconds
[2026-03-26T21:14:54.214+0000] {processor.py:161} INFO - Started process (PID=144) to work on /home/airflow/.local/lib/python3.12/site-packages/airflow/example_dags/example_python_decorator.py
[2026-03-26T21:14:54.216+0000] {processor.py:830} INFO - Processing file /home/airflow/.local/lib/python3.12/site-packages/airflow/example_dags/example_python_decorator.py for tasks to queue
[2026-03-26T21:14:54.218+0000] {logging_mixin.py:188} INFO - [2026-03-26T21:14:54.218+0000] {dagbag.py:540} INFO - Filling up the DagBag from /home/airflow/.local/lib/python3.12/site-packages/airflow/example_dags/example_python_decorator.py
[2026-03-26T21:14:54.234+0000] {processor.py:840} INFO - DAG(s) 'example_python_decorator' retrieved from /home/airflow/.local/lib/python3.12/site-packages/airflow/example_dags/example_python_decorator.py
[2026-03-26T21:14:54.262+0000] {logging_mixin.py:188} INFO - [2026-03-26T21:14:54.261+0000] {dag.py:3096} INFO - Sync 1 DAGs
[2026-03-26T21:14:54.277+0000] {logging_mixin.py:188} INFO - [2026-03-26T21:14:54.277+0000] {dag.py:3954} INFO - Setting next_dagrun for example_python_decorator to None, run_after=None
[2026-03-26T21:14:54.354+0000] {processor.py:183} INFO - Processing /home/airflow/.local/lib/python3.12/site-packages/airflow/example_dags/example_python_decorator.py took 0.147 seconds
[2026-03-26T21:15:24.807+0000] {processor.py:161} INFO - Started process (PID=203) to work on /home/airflow/.local/lib/python3.12/site-packages/airflow/example_dags/example_python_decorator.py
[2026-03-26T21:15:24.808+0000] {processor.py:830} INFO - Processing file /home/airflow/.local/lib/python3.12/site-packages/airflow/example_dags/example_python_decorator.py for tasks to queue
[2026-03-26T21:15:24.810+0000] {logging_mixin.py:188} INFO - [2026-03-26T21:15:24.810+0000] {dagbag.py:540} INFO - Filling up the DagBag from /home/airflow/.local/lib/python3.12/site-packages/airflow/example_dags/example_python_decorator.py
[2026-03-26T21:15:24.824+0000] {processor.py:840} INFO - DAG(s) 'example_python_decorator' retrieved from /home/airflow/.local/lib/python3.12/site-packages/airflow/example_dags/example_python_decorator.py
[2026-03-26T21:15:24.849+0000] {logging_mixin.py:188} INFO - [2026-03-26T21:15:24.849+0000] {dag.py:3096} INFO - Sync 1 DAGs
[2026-03-26T21:15:24.862+0000] {logging_mixin.py:188} INFO - [2026-03-26T21:15:24.862+0000] {dag.py:3954} INFO - Setting next_dagrun for example_python_decorator to None, run_after=None
[2026-03-26T21:15:24.925+0000] {processor.py:183} INFO - Processing /home/airflow/.local/lib/python3.12/site-packages/airflow/example_dags/example_python_decorator.py took 0.125 seconds
[2026-03-26T21:15:55.083+0000] {processor.py:161} INFO - Started process (PID=262) to work on /home/airflow/.local/lib/python3.12/site-packages/airflow/example_dags/example_python_decorator.py
[2026-03-26T21:15:55.084+0000] {processor.py:830} INFO - Processing file /home/airflow/.local/lib/python3.12/site-packages/airflow/example_dags/example_python_decorator.py for tasks to queue
[2026-03-26T21:15:55.086+0000] {logging_mixin.py:188} INFO - [2026-03-26T21:15:55.086+0000] {dagbag.py:540} INFO - Filling up the DagBag from /home/airflow/.local/lib/python3.12/site-packages/airflow/example_dags/example_python_decorator.py
[2026-03-26T21:15:55.101+0000] {processor.py:840} INFO - DAG(s) 'example_python_decorator' retrieved from /home/airflow/.local/lib/python3.12/site-packages/airflow/example_dags/example_python_decorator.py
[2026-03-26T21:15:55.125+0000] {logging_mixin.py:188} INFO - [2026-03-26T21:15:55.125+0000] {dag.py:3096} INFO - Sync 1 DAGs
[2026-03-26T21:15:55.141+0000] {logging_mixin.py:188} INFO - [2026-03-26T21:15:55.141+0000] {dag.py:3954} INFO - Setting next_dagrun for example_python_decorator to None, run_after=None
[2026-03-26T21:15:55.226+0000] {processor.py:183} INFO - Processing /home/airflow/.local/lib/python3.12/site-packages/airflow/example_dags/example_python_decorator.py took 0.149 seconds
[2026-03-26T21:16:25.424+0000] {processor.py:161} INFO - Started process (PID=321) to work on /home/airflow/.local/lib/python3.12/site-packages/airflow/example_dags/example_python_decorator.py
[2026-03-26T21:16:25.425+0000] {processor.py:830} INFO - Processing file /home/airflow/.local/lib/python3.12/site-packages/airflow/example_dags/example_python_decorator.py for tasks to queue
[2026-03-26T21:16:25.428+0000] {logging_mixin.py:188} INFO - [2026-03-26T21:16:25.428+0000] {dagbag.py:540} INFO - Filling up the DagBag from /home/airflow/.local/lib/python3.12/site-packages/airflow/example_dags/example_python_decorator.py
[2026-03-26T21:16:25.442+0000] {processor.py:840} INFO - DAG(s) 'example_python_decorator' retrieved from /home/airflow/.local/lib/python3.12/site-packages/airflow/example_dags/example_python_decorator.py
[2026-03-26T21:16:25.467+0000] {logging_mixin.py:188} INFO - [2026-03-26T21:16:25.467+0000] {dag.py:3096} INFO - Sync 1 DAGs
[2026-03-26T21:16:25.482+0000] {logging_mixin.py:188} INFO - [2026-03-26T21:16:25.481+0000] {dag.py:3954} INFO - Setting next_dagrun for example_python_decorator to None, run_after=None
[2026-03-26T21:16:25.534+0000] {processor.py:183} INFO - Processing /home/airflow/.local/lib/python3.12/site-packages/airflow/example_dags/example_python_decorator.py took 0.116 seconds
