[2026-03-26T21:13:29.231+0000] {processor.py:161} INFO - Started process (PID=73) to work on /home/airflow/.local/lib/python3.12/site-packages/airflow/example_dags/example_sensor_decorator.py
[2026-03-26T21:13:29.235+0000] {processor.py:830} INFO - Processing file /home/airflow/.local/lib/python3.12/site-packages/airflow/example_dags/example_sensor_decorator.py for tasks to queue
[2026-03-26T21:13:29.241+0000] {logging_mixin.py:188} INFO - [2026-03-26T21:13:29.240+0000] {dagbag.py:540} INFO - Filling up the DagBag from /home/airflow/.local/lib/python3.12/site-packages/airflow/example_dags/example_sensor_decorator.py
[2026-03-26T21:13:29.276+0000] {processor.py:840} INFO - DAG(s) 'example_sensor_decorator' retrieved from /home/airflow/.local/lib/python3.12/site-packages/airflow/example_dags/example_sensor_decorator.py
[2026-03-26T21:13:29.895+0000] {logging_mixin.py:188} INFO - [2026-03-26T21:13:29.895+0000] {dag.py:3096} INFO - Sync 1 DAGs
[2026-03-26T21:13:29.925+0000] {logging_mixin.py:188} INFO - [2026-03-26T21:13:29.925+0000] {dag.py:3954} INFO - Setting next_dagrun for example_sensor_decorator to None, run_after=None
[2026-03-26T21:13:31.911+0000] {processor.py:183} INFO - Processing /home/airflow/.local/lib/python3.12/site-packages/airflow/example_dags/example_sensor_decorator.py took 2.702 seconds
[2026-03-26T21:14:17.114+0000] {processor.py:161} INFO - Started process (PID=48) to work on /home/airflow/.local/lib/python3.12/site-packages/airflow/example_dags/example_sensor_decorator.py
[2026-03-26T21:14:17.116+0000] {processor.py:830} INFO - Processing file /home/airflow/.local/lib/python3.12/site-packages/airflow/example_dags/example_sensor_decorator.py for tasks to queue
[2026-03-26T21:14:17.121+0000] {logging_mixin.py:188} INFO - [2026-03-26T21:14:17.120+0000] {dagbag.py:540} INFO - Filling up the DagBag from /home/airflow/.local/lib/python3.12/site-packages/airflow/example_dags/example_sensor_decorator.py
[2026-03-26T21:14:17.156+0000] {processor.py:840} INFO - DAG(s) 'example_sensor_decorator' retrieved from /home/airflow/.local/lib/python3.12/site-packages/airflow/example_dags/example_sensor_decorator.py
[2026-03-26T21:14:17.254+0000] {logging_mixin.py:188} INFO - [2026-03-26T21:14:17.254+0000] {dag.py:3096} INFO - Sync 1 DAGs
[2026-03-26T21:14:17.279+0000] {logging_mixin.py:188} INFO - [2026-03-26T21:14:17.279+0000] {dag.py:3954} INFO - Setting next_dagrun for example_sensor_decorator to None, run_after=None
[2026-03-26T21:14:17.368+0000] {processor.py:183} INFO - Processing /home/airflow/.local/lib/python3.12/site-packages/airflow/example_dags/example_sensor_decorator.py took 0.268 seconds
[2026-03-26T21:14:47.529+0000] {processor.py:161} INFO - Started process (PID=107) to work on /home/airflow/.local/lib/python3.12/site-packages/airflow/example_dags/example_sensor_decorator.py
[2026-03-26T21:14:47.530+0000] {processor.py:830} INFO - Processing file /home/airflow/.local/lib/python3.12/site-packages/airflow/example_dags/example_sensor_decorator.py for tasks to queue
[2026-03-26T21:14:47.534+0000] {logging_mixin.py:188} INFO - [2026-03-26T21:14:47.534+0000] {dagbag.py:540} INFO - Filling up the DagBag from /home/airflow/.local/lib/python3.12/site-packages/airflow/example_dags/example_sensor_decorator.py
[2026-03-26T21:14:47.542+0000] {processor.py:840} INFO - DAG(s) 'example_sensor_decorator' retrieved from /home/airflow/.local/lib/python3.12/site-packages/airflow/example_dags/example_sensor_decorator.py
[2026-03-26T21:14:47.565+0000] {logging_mixin.py:188} INFO - [2026-03-26T21:14:47.564+0000] {dag.py:3096} INFO - Sync 1 DAGs
[2026-03-26T21:14:47.581+0000] {logging_mixin.py:188} INFO - [2026-03-26T21:14:47.580+0000] {dag.py:3954} INFO - Setting next_dagrun for example_sensor_decorator to None, run_after=None
[2026-03-26T21:14:48.338+0000] {processor.py:183} INFO - Processing /home/airflow/.local/lib/python3.12/site-packages/airflow/example_dags/example_sensor_decorator.py took 0.814 seconds
[2026-03-26T21:15:18.456+0000] {processor.py:161} INFO - Started process (PID=166) to work on /home/airflow/.local/lib/python3.12/site-packages/airflow/example_dags/example_sensor_decorator.py
[2026-03-26T21:15:18.457+0000] {processor.py:830} INFO - Processing file /home/airflow/.local/lib/python3.12/site-packages/airflow/example_dags/example_sensor_decorator.py for tasks to queue
[2026-03-26T21:15:18.460+0000] {logging_mixin.py:188} INFO - [2026-03-26T21:15:18.459+0000] {dagbag.py:540} INFO - Filling up the DagBag from /home/airflow/.local/lib/python3.12/site-packages/airflow/example_dags/example_sensor_decorator.py
[2026-03-26T21:15:18.467+0000] {processor.py:840} INFO - DAG(s) 'example_sensor_decorator' retrieved from /home/airflow/.local/lib/python3.12/site-packages/airflow/example_dags/example_sensor_decorator.py
[2026-03-26T21:15:18.643+0000] {logging_mixin.py:188} INFO - [2026-03-26T21:15:18.643+0000] {dag.py:3096} INFO - Sync 1 DAGs
[2026-03-26T21:15:18.656+0000] {logging_mixin.py:188} INFO - [2026-03-26T21:15:18.656+0000] {dag.py:3954} INFO - Setting next_dagrun for example_sensor_decorator to None, run_after=None
[2026-03-26T21:15:18.693+0000] {processor.py:183} INFO - Processing /home/airflow/.local/lib/python3.12/site-packages/airflow/example_dags/example_sensor_decorator.py took 0.243 seconds
[2026-03-26T21:15:49.002+0000] {processor.py:161} INFO - Started process (PID=225) to work on /home/airflow/.local/lib/python3.12/site-packages/airflow/example_dags/example_sensor_decorator.py
[2026-03-26T21:15:49.003+0000] {processor.py:830} INFO - Processing file /home/airflow/.local/lib/python3.12/site-packages/airflow/example_dags/example_sensor_decorator.py for tasks to queue
[2026-03-26T21:15:49.006+0000] {logging_mixin.py:188} INFO - [2026-03-26T21:15:49.005+0000] {dagbag.py:540} INFO - Filling up the DagBag from /home/airflow/.local/lib/python3.12/site-packages/airflow/example_dags/example_sensor_decorator.py
[2026-03-26T21:15:49.014+0000] {processor.py:840} INFO - DAG(s) 'example_sensor_decorator' retrieved from /home/airflow/.local/lib/python3.12/site-packages/airflow/example_dags/example_sensor_decorator.py
[2026-03-26T21:15:49.038+0000] {logging_mixin.py:188} INFO - [2026-03-26T21:15:49.038+0000] {dag.py:3096} INFO - Sync 1 DAGs
[2026-03-26T21:15:49.055+0000] {logging_mixin.py:188} INFO - [2026-03-26T21:15:49.055+0000] {dag.py:3954} INFO - Setting next_dagrun for example_sensor_decorator to None, run_after=None
[2026-03-26T21:15:49.091+0000] {processor.py:183} INFO - Processing /home/airflow/.local/lib/python3.12/site-packages/airflow/example_dags/example_sensor_decorator.py took 0.097 seconds
[2026-03-26T21:16:19.472+0000] {processor.py:161} INFO - Started process (PID=284) to work on /home/airflow/.local/lib/python3.12/site-packages/airflow/example_dags/example_sensor_decorator.py
[2026-03-26T21:16:19.474+0000] {processor.py:830} INFO - Processing file /home/airflow/.local/lib/python3.12/site-packages/airflow/example_dags/example_sensor_decorator.py for tasks to queue
[2026-03-26T21:16:19.477+0000] {logging_mixin.py:188} INFO - [2026-03-26T21:16:19.477+0000] {dagbag.py:540} INFO - Filling up the DagBag from /home/airflow/.local/lib/python3.12/site-packages/airflow/example_dags/example_sensor_decorator.py
[2026-03-26T21:16:19.484+0000] {processor.py:840} INFO - DAG(s) 'example_sensor_decorator' retrieved from /home/airflow/.local/lib/python3.12/site-packages/airflow/example_dags/example_sensor_decorator.py
[2026-03-26T21:16:19.507+0000] {logging_mixin.py:188} INFO - [2026-03-26T21:16:19.507+0000] {dag.py:3096} INFO - Sync 1 DAGs
[2026-03-26T21:16:19.522+0000] {logging_mixin.py:188} INFO - [2026-03-26T21:16:19.522+0000] {dag.py:3954} INFO - Setting next_dagrun for example_sensor_decorator to None, run_after=None
[2026-03-26T21:16:19.567+0000] {processor.py:183} INFO - Processing /home/airflow/.local/lib/python3.12/site-packages/airflow/example_dags/example_sensor_decorator.py took 0.101 seconds
