[2026-03-26T21:13:37.643+0000] {processor.py:161} INFO - Started process (PID=91) to work on /home/airflow/.local/lib/python3.12/site-packages/airflow/example_dags/example_bash_operator.py
[2026-03-26T21:13:37.646+0000] {processor.py:830} INFO - Processing file /home/airflow/.local/lib/python3.12/site-packages/airflow/example_dags/example_bash_operator.py for tasks to queue
[2026-03-26T21:13:37.651+0000] {logging_mixin.py:188} INFO - [2026-03-26T21:13:37.650+0000] {dagbag.py:540} INFO - Filling up the DagBag from /home/airflow/.local/lib/python3.12/site-packages/airflow/example_dags/example_bash_operator.py
[2026-03-26T21:13:37.675+0000] {processor.py:840} INFO - DAG(s) 'example_bash_operator' retrieved from /home/airflow/.local/lib/python3.12/site-packages/airflow/example_dags/example_bash_operator.py
[2026-03-26T21:13:37.904+0000] {logging_mixin.py:188} INFO - [2026-03-26T21:13:37.904+0000] {dag.py:3096} INFO - Sync 1 DAGs
[2026-03-26T21:13:37.948+0000] {logging_mixin.py:188} INFO - [2026-03-26T21:13:37.947+0000] {dag.py:3954} INFO - Setting next_dagrun for example_bash_operator to 2026-03-25 00:00:00+00:00, run_after=2026-03-26 00:00:00+00:00
[2026-03-26T21:13:38.023+0000] {processor.py:183} INFO - Processing /home/airflow/.local/lib/python3.12/site-packages/airflow/example_dags/example_bash_operator.py took 0.392 seconds
[2026-03-26T21:14:20.803+0000] {processor.py:161} INFO - Started process (PID=72) to work on /home/airflow/.local/lib/python3.12/site-packages/airflow/example_dags/example_bash_operator.py
[2026-03-26T21:14:20.805+0000] {processor.py:830} INFO - Processing file /home/airflow/.local/lib/python3.12/site-packages/airflow/example_dags/example_bash_operator.py for tasks to queue
[2026-03-26T21:14:20.808+0000] {logging_mixin.py:188} INFO - [2026-03-26T21:14:20.808+0000] {dagbag.py:540} INFO - Filling up the DagBag from /home/airflow/.local/lib/python3.12/site-packages/airflow/example_dags/example_bash_operator.py
[2026-03-26T21:14:20.825+0000] {processor.py:840} INFO - DAG(s) 'example_bash_operator' retrieved from /home/airflow/.local/lib/python3.12/site-packages/airflow/example_dags/example_bash_operator.py
[2026-03-26T21:14:20.874+0000] {logging_mixin.py:188} INFO - [2026-03-26T21:14:20.873+0000] {dag.py:3096} INFO - Sync 1 DAGs
[2026-03-26T21:14:20.907+0000] {logging_mixin.py:188} INFO - [2026-03-26T21:14:20.907+0000] {dag.py:3954} INFO - Setting next_dagrun for example_bash_operator to 2026-03-25 00:00:00+00:00, run_after=2026-03-26 00:00:00+00:00
[2026-03-26T21:14:20.955+0000] {processor.py:183} INFO - Processing /home/airflow/.local/lib/python3.12/site-packages/airflow/example_dags/example_bash_operator.py took 0.160 seconds
[2026-03-26T21:14:51.977+0000] {processor.py:161} INFO - Started process (PID=131) to work on /home/airflow/.local/lib/python3.12/site-packages/airflow/example_dags/example_bash_operator.py
[2026-03-26T21:14:51.979+0000] {processor.py:830} INFO - Processing file /home/airflow/.local/lib/python3.12/site-packages/airflow/example_dags/example_bash_operator.py for tasks to queue
[2026-03-26T21:14:51.981+0000] {logging_mixin.py:188} INFO - [2026-03-26T21:14:51.981+0000] {dagbag.py:540} INFO - Filling up the DagBag from /home/airflow/.local/lib/python3.12/site-packages/airflow/example_dags/example_bash_operator.py
[2026-03-26T21:14:51.999+0000] {processor.py:840} INFO - DAG(s) 'example_bash_operator' retrieved from /home/airflow/.local/lib/python3.12/site-packages/airflow/example_dags/example_bash_operator.py
[2026-03-26T21:14:52.066+0000] {logging_mixin.py:188} INFO - [2026-03-26T21:14:52.065+0000] {dag.py:3096} INFO - Sync 1 DAGs
[2026-03-26T21:14:52.122+0000] {logging_mixin.py:188} INFO - [2026-03-26T21:14:52.121+0000] {dag.py:3954} INFO - Setting next_dagrun for example_bash_operator to 2026-03-25 00:00:00+00:00, run_after=2026-03-26 00:00:00+00:00
[2026-03-26T21:14:52.198+0000] {processor.py:183} INFO - Processing /home/airflow/.local/lib/python3.12/site-packages/airflow/example_dags/example_bash_operator.py took 0.231 seconds
[2026-03-26T21:15:22.739+0000] {processor.py:161} INFO - Started process (PID=190) to work on /home/airflow/.local/lib/python3.12/site-packages/airflow/example_dags/example_bash_operator.py
[2026-03-26T21:15:22.742+0000] {processor.py:830} INFO - Processing file /home/airflow/.local/lib/python3.12/site-packages/airflow/example_dags/example_bash_operator.py for tasks to queue
[2026-03-26T21:15:22.748+0000] {logging_mixin.py:188} INFO - [2026-03-26T21:15:22.747+0000] {dagbag.py:540} INFO - Filling up the DagBag from /home/airflow/.local/lib/python3.12/site-packages/airflow/example_dags/example_bash_operator.py
[2026-03-26T21:15:22.765+0000] {processor.py:840} INFO - DAG(s) 'example_bash_operator' retrieved from /home/airflow/.local/lib/python3.12/site-packages/airflow/example_dags/example_bash_operator.py
[2026-03-26T21:15:22.801+0000] {logging_mixin.py:188} INFO - [2026-03-26T21:15:22.800+0000] {dag.py:3096} INFO - Sync 1 DAGs
[2026-03-26T21:15:22.829+0000] {logging_mixin.py:188} INFO - [2026-03-26T21:15:22.829+0000] {dag.py:3954} INFO - Setting next_dagrun for example_bash_operator to 2026-03-25 00:00:00+00:00, run_after=2026-03-26 00:00:00+00:00
[2026-03-26T21:15:22.909+0000] {processor.py:183} INFO - Processing /home/airflow/.local/lib/python3.12/site-packages/airflow/example_dags/example_bash_operator.py took 0.179 seconds
[2026-03-26T21:15:53.039+0000] {processor.py:161} INFO - Started process (PID=249) to work on /home/airflow/.local/lib/python3.12/site-packages/airflow/example_dags/example_bash_operator.py
[2026-03-26T21:15:53.040+0000] {processor.py:830} INFO - Processing file /home/airflow/.local/lib/python3.12/site-packages/airflow/example_dags/example_bash_operator.py for tasks to queue
[2026-03-26T21:15:53.042+0000] {logging_mixin.py:188} INFO - [2026-03-26T21:15:53.042+0000] {dagbag.py:540} INFO - Filling up the DagBag from /home/airflow/.local/lib/python3.12/site-packages/airflow/example_dags/example_bash_operator.py
[2026-03-26T21:15:53.054+0000] {processor.py:840} INFO - DAG(s) 'example_bash_operator' retrieved from /home/airflow/.local/lib/python3.12/site-packages/airflow/example_dags/example_bash_operator.py
[2026-03-26T21:15:53.085+0000] {logging_mixin.py:188} INFO - [2026-03-26T21:15:53.084+0000] {dag.py:3096} INFO - Sync 1 DAGs
[2026-03-26T21:15:53.110+0000] {logging_mixin.py:188} INFO - [2026-03-26T21:15:53.110+0000] {dag.py:3954} INFO - Setting next_dagrun for example_bash_operator to 2026-03-25 00:00:00+00:00, run_after=2026-03-26 00:00:00+00:00
[2026-03-26T21:15:53.163+0000] {processor.py:183} INFO - Processing /home/airflow/.local/lib/python3.12/site-packages/airflow/example_dags/example_bash_operator.py took 0.131 seconds
[2026-03-26T21:16:23.221+0000] {processor.py:161} INFO - Started process (PID=308) to work on /home/airflow/.local/lib/python3.12/site-packages/airflow/example_dags/example_bash_operator.py
[2026-03-26T21:16:23.222+0000] {processor.py:830} INFO - Processing file /home/airflow/.local/lib/python3.12/site-packages/airflow/example_dags/example_bash_operator.py for tasks to queue
[2026-03-26T21:16:23.225+0000] {logging_mixin.py:188} INFO - [2026-03-26T21:16:23.224+0000] {dagbag.py:540} INFO - Filling up the DagBag from /home/airflow/.local/lib/python3.12/site-packages/airflow/example_dags/example_bash_operator.py
[2026-03-26T21:16:23.238+0000] {processor.py:840} INFO - DAG(s) 'example_bash_operator' retrieved from /home/airflow/.local/lib/python3.12/site-packages/airflow/example_dags/example_bash_operator.py
[2026-03-26T21:16:23.269+0000] {logging_mixin.py:188} INFO - [2026-03-26T21:16:23.269+0000] {dag.py:3096} INFO - Sync 1 DAGs
[2026-03-26T21:16:23.294+0000] {logging_mixin.py:188} INFO - [2026-03-26T21:16:23.293+0000] {dag.py:3954} INFO - Setting next_dagrun for example_bash_operator to 2026-03-25 00:00:00+00:00, run_after=2026-03-26 00:00:00+00:00
[2026-03-26T21:16:23.339+0000] {processor.py:183} INFO - Processing /home/airflow/.local/lib/python3.12/site-packages/airflow/example_dags/example_bash_operator.py took 0.125 seconds
