[2026-03-26T21:13:34.521+0000] {processor.py:161} INFO - Started process (PID=78) to work on /home/airflow/.local/lib/python3.12/site-packages/airflow/example_dags/example_branch_python_dop_operator_3.py
[2026-03-26T21:13:34.523+0000] {processor.py:830} INFO - Processing file /home/airflow/.local/lib/python3.12/site-packages/airflow/example_dags/example_branch_python_dop_operator_3.py for tasks to queue
[2026-03-26T21:13:34.527+0000] {logging_mixin.py:188} INFO - [2026-03-26T21:13:34.526+0000] {dagbag.py:540} INFO - Filling up the DagBag from /home/airflow/.local/lib/python3.12/site-packages/airflow/example_dags/example_branch_python_dop_operator_3.py
[2026-03-26T21:13:34.631+0000] {processor.py:840} INFO - DAG(s) 'example_branch_dop_operator_v3' retrieved from /home/airflow/.local/lib/python3.12/site-packages/airflow/example_dags/example_branch_python_dop_operator_3.py
[2026-03-26T21:13:35.033+0000] {logging_mixin.py:188} INFO - [2026-03-26T21:13:35.033+0000] {dag.py:3096} INFO - Sync 1 DAGs
[2026-03-26T21:13:35.082+0000] {logging_mixin.py:188} INFO - [2026-03-26T21:13:35.081+0000] {dag.py:3954} INFO - Setting next_dagrun for example_branch_dop_operator_v3 to 2026-03-26 21:12:00+00:00, run_after=2026-03-26 21:13:00+00:00
[2026-03-26T21:13:35.135+0000] {processor.py:183} INFO - Processing /home/airflow/.local/lib/python3.12/site-packages/airflow/example_dags/example_branch_python_dop_operator_3.py took 0.596 seconds
[2026-03-26T21:14:17.790+0000] {processor.py:161} INFO - Started process (PID=53) to work on /home/airflow/.local/lib/python3.12/site-packages/airflow/example_dags/example_branch_python_dop_operator_3.py
[2026-03-26T21:14:17.792+0000] {processor.py:830} INFO - Processing file /home/airflow/.local/lib/python3.12/site-packages/airflow/example_dags/example_branch_python_dop_operator_3.py for tasks to queue
[2026-03-26T21:14:17.795+0000] {logging_mixin.py:188} INFO - [2026-03-26T21:14:17.795+0000] {dagbag.py:540} INFO - Filling up the DagBag from /home/airflow/.local/lib/python3.12/site-packages/airflow/example_dags/example_branch_python_dop_operator_3.py
[2026-03-26T21:14:17.814+0000] {processor.py:840} INFO - DAG(s) 'example_branch_dop_operator_v3' retrieved from /home/airflow/.local/lib/python3.12/site-packages/airflow/example_dags/example_branch_python_dop_operator_3.py
[2026-03-26T21:14:17.858+0000] {logging_mixin.py:188} INFO - [2026-03-26T21:14:17.857+0000] {dag.py:3096} INFO - Sync 1 DAGs
[2026-03-26T21:14:17.901+0000] {logging_mixin.py:188} INFO - [2026-03-26T21:14:17.901+0000] {dag.py:3954} INFO - Setting next_dagrun for example_branch_dop_operator_v3 to 2026-03-26 21:13:00+00:00, run_after=2026-03-26 21:14:00+00:00
[2026-03-26T21:14:18.015+0000] {processor.py:183} INFO - Processing /home/airflow/.local/lib/python3.12/site-packages/airflow/example_dags/example_branch_python_dop_operator_3.py took 0.234 seconds
[2026-03-26T21:14:48.738+0000] {processor.py:161} INFO - Started process (PID=112) to work on /home/airflow/.local/lib/python3.12/site-packages/airflow/example_dags/example_branch_python_dop_operator_3.py
[2026-03-26T21:14:48.739+0000] {processor.py:830} INFO - Processing file /home/airflow/.local/lib/python3.12/site-packages/airflow/example_dags/example_branch_python_dop_operator_3.py for tasks to queue
[2026-03-26T21:14:48.744+0000] {logging_mixin.py:188} INFO - [2026-03-26T21:14:48.743+0000] {dagbag.py:540} INFO - Filling up the DagBag from /home/airflow/.local/lib/python3.12/site-packages/airflow/example_dags/example_branch_python_dop_operator_3.py
[2026-03-26T21:14:48.757+0000] {processor.py:840} INFO - DAG(s) 'example_branch_dop_operator_v3' retrieved from /home/airflow/.local/lib/python3.12/site-packages/airflow/example_dags/example_branch_python_dop_operator_3.py
[2026-03-26T21:14:48.786+0000] {logging_mixin.py:188} INFO - [2026-03-26T21:14:48.786+0000] {dag.py:3096} INFO - Sync 1 DAGs
[2026-03-26T21:14:48.825+0000] {logging_mixin.py:188} INFO - [2026-03-26T21:14:48.824+0000] {dag.py:3954} INFO - Setting next_dagrun for example_branch_dop_operator_v3 to 2026-03-26 21:13:00+00:00, run_after=2026-03-26 21:14:00+00:00
[2026-03-26T21:14:48.870+0000] {processor.py:183} INFO - Processing /home/airflow/.local/lib/python3.12/site-packages/airflow/example_dags/example_branch_python_dop_operator_3.py took 0.141 seconds
[2026-03-26T21:15:19.308+0000] {processor.py:161} INFO - Started process (PID=171) to work on /home/airflow/.local/lib/python3.12/site-packages/airflow/example_dags/example_branch_python_dop_operator_3.py
[2026-03-26T21:15:19.309+0000] {processor.py:830} INFO - Processing file /home/airflow/.local/lib/python3.12/site-packages/airflow/example_dags/example_branch_python_dop_operator_3.py for tasks to queue
[2026-03-26T21:15:19.311+0000] {logging_mixin.py:188} INFO - [2026-03-26T21:15:19.311+0000] {dagbag.py:540} INFO - Filling up the DagBag from /home/airflow/.local/lib/python3.12/site-packages/airflow/example_dags/example_branch_python_dop_operator_3.py
[2026-03-26T21:15:19.320+0000] {processor.py:840} INFO - DAG(s) 'example_branch_dop_operator_v3' retrieved from /home/airflow/.local/lib/python3.12/site-packages/airflow/example_dags/example_branch_python_dop_operator_3.py
[2026-03-26T21:15:19.472+0000] {logging_mixin.py:188} INFO - [2026-03-26T21:15:19.471+0000] {dag.py:3096} INFO - Sync 1 DAGs
[2026-03-26T21:15:19.499+0000] {logging_mixin.py:188} INFO - [2026-03-26T21:15:19.499+0000] {dag.py:3954} INFO - Setting next_dagrun for example_branch_dop_operator_v3 to 2026-03-26 21:14:00+00:00, run_after=2026-03-26 21:15:00+00:00
[2026-03-26T21:15:19.544+0000] {processor.py:183} INFO - Processing /home/airflow/.local/lib/python3.12/site-packages/airflow/example_dags/example_branch_python_dop_operator_3.py took 0.242 seconds
[2026-03-26T21:15:49.720+0000] {processor.py:161} INFO - Started process (PID=236) to work on /home/airflow/.local/lib/python3.12/site-packages/airflow/example_dags/example_branch_python_dop_operator_3.py
[2026-03-26T21:15:49.724+0000] {processor.py:830} INFO - Processing file /home/airflow/.local/lib/python3.12/site-packages/airflow/example_dags/example_branch_python_dop_operator_3.py for tasks to queue
[2026-03-26T21:15:49.731+0000] {logging_mixin.py:188} INFO - [2026-03-26T21:15:49.730+0000] {dagbag.py:540} INFO - Filling up the DagBag from /home/airflow/.local/lib/python3.12/site-packages/airflow/example_dags/example_branch_python_dop_operator_3.py
[2026-03-26T21:15:49.786+0000] {processor.py:840} INFO - DAG(s) 'example_branch_dop_operator_v3' retrieved from /home/airflow/.local/lib/python3.12/site-packages/airflow/example_dags/example_branch_python_dop_operator_3.py
[2026-03-26T21:15:49.884+0000] {logging_mixin.py:188} INFO - [2026-03-26T21:15:49.881+0000] {dag.py:3096} INFO - Sync 1 DAGs
[2026-03-26T21:15:49.988+0000] {logging_mixin.py:188} INFO - [2026-03-26T21:15:49.988+0000] {dag.py:3954} INFO - Setting next_dagrun for example_branch_dop_operator_v3 to 2026-03-26 21:14:00+00:00, run_after=2026-03-26 21:15:00+00:00
[2026-03-26T21:15:50.101+0000] {processor.py:183} INFO - Processing /home/airflow/.local/lib/python3.12/site-packages/airflow/example_dags/example_branch_python_dop_operator_3.py took 0.407 seconds
[2026-03-26T21:16:20.252+0000] {processor.py:161} INFO - Started process (PID=296) to work on /home/airflow/.local/lib/python3.12/site-packages/airflow/example_dags/example_branch_python_dop_operator_3.py
[2026-03-26T21:16:20.254+0000] {processor.py:830} INFO - Processing file /home/airflow/.local/lib/python3.12/site-packages/airflow/example_dags/example_branch_python_dop_operator_3.py for tasks to queue
[2026-03-26T21:16:20.256+0000] {logging_mixin.py:188} INFO - [2026-03-26T21:16:20.255+0000] {dagbag.py:540} INFO - Filling up the DagBag from /home/airflow/.local/lib/python3.12/site-packages/airflow/example_dags/example_branch_python_dop_operator_3.py
[2026-03-26T21:16:20.265+0000] {processor.py:840} INFO - DAG(s) 'example_branch_dop_operator_v3' retrieved from /home/airflow/.local/lib/python3.12/site-packages/airflow/example_dags/example_branch_python_dop_operator_3.py
[2026-03-26T21:16:20.286+0000] {logging_mixin.py:188} INFO - [2026-03-26T21:16:20.286+0000] {dag.py:3096} INFO - Sync 1 DAGs
[2026-03-26T21:16:20.313+0000] {logging_mixin.py:188} INFO - [2026-03-26T21:16:20.313+0000] {dag.py:3954} INFO - Setting next_dagrun for example_branch_dop_operator_v3 to 2026-03-26 21:15:00+00:00, run_after=2026-03-26 21:16:00+00:00
[2026-03-26T21:16:20.360+0000] {processor.py:183} INFO - Processing /home/airflow/.local/lib/python3.12/site-packages/airflow/example_dags/example_branch_python_dop_operator_3.py took 0.113 seconds
